[2024-09-16T16:25:45.669+0000] {processor.py:186} INFO - Started process (PID=105) to work on /home/airflow/.local/lib/python3.12/site-packages/airflow/example_dags/example_nested_branch_dag.py
[2024-09-16T16:25:45.670+0000] {processor.py:914} INFO - Processing file /home/airflow/.local/lib/python3.12/site-packages/airflow/example_dags/example_nested_branch_dag.py for tasks to queue
[2024-09-16T16:25:45.674+0000] {logging_mixin.py:190} INFO - [2024-09-16T16:25:45.673+0000] {dagbag.py:587} INFO - Filling up the DagBag from /home/airflow/.local/lib/python3.12/site-packages/airflow/example_dags/example_nested_branch_dag.py
[2024-09-16T16:25:45.690+0000] {processor.py:925} INFO - DAG(s) 'example_nested_branch_dag' retrieved from /home/airflow/.local/lib/python3.12/site-packages/airflow/example_dags/example_nested_branch_dag.py
[2024-09-16T16:25:45.833+0000] {logging_mixin.py:190} INFO - [2024-09-16T16:25:45.832+0000] {override.py:1900} INFO - Created Permission View: can edit on DAG:example_nested_branch_dag
[2024-09-16T16:25:45.849+0000] {logging_mixin.py:190} INFO - [2024-09-16T16:25:45.848+0000] {override.py:1900} INFO - Created Permission View: can delete on DAG:example_nested_branch_dag
[2024-09-16T16:25:45.862+0000] {logging_mixin.py:190} INFO - [2024-09-16T16:25:45.861+0000] {override.py:1900} INFO - Created Permission View: can read on DAG:example_nested_branch_dag
[2024-09-16T16:25:45.873+0000] {logging_mixin.py:190} INFO - [2024-09-16T16:25:45.872+0000] {override.py:1900} INFO - Created Permission View: can delete on DAG Run:example_nested_branch_dag
[2024-09-16T16:25:45.882+0000] {logging_mixin.py:190} INFO - [2024-09-16T16:25:45.882+0000] {override.py:1900} INFO - Created Permission View: can create on DAG Run:example_nested_branch_dag
[2024-09-16T16:25:45.893+0000] {logging_mixin.py:190} INFO - [2024-09-16T16:25:45.893+0000] {override.py:1900} INFO - Created Permission View: menu access on DAG Run:example_nested_branch_dag
[2024-09-16T16:25:45.906+0000] {logging_mixin.py:190} INFO - [2024-09-16T16:25:45.905+0000] {override.py:1900} INFO - Created Permission View: can read on DAG Run:example_nested_branch_dag
[2024-09-16T16:25:45.907+0000] {logging_mixin.py:190} INFO - [2024-09-16T16:25:45.906+0000] {dag.py:3229} INFO - Sync 1 DAGs
[2024-09-16T16:25:45.928+0000] {logging_mixin.py:190} INFO - [2024-09-16T16:25:45.928+0000] {dag.py:3252} INFO - Creating ORM DAG for example_nested_branch_dag
[2024-09-16T16:25:45.946+0000] {logging_mixin.py:190} INFO - [2024-09-16T16:25:45.946+0000] {dag.py:4156} INFO - Setting next_dagrun for example_nested_branch_dag to 2024-09-15 00:00:00+00:00, run_after=2024-09-16 00:00:00+00:00
[2024-09-16T16:25:45.969+0000] {processor.py:208} INFO - Processing /home/airflow/.local/lib/python3.12/site-packages/airflow/example_dags/example_nested_branch_dag.py took 0.307 seconds
[2024-09-16T16:26:16.778+0000] {processor.py:186} INFO - Started process (PID=167) to work on /home/airflow/.local/lib/python3.12/site-packages/airflow/example_dags/example_nested_branch_dag.py
[2024-09-16T16:26:16.779+0000] {processor.py:914} INFO - Processing file /home/airflow/.local/lib/python3.12/site-packages/airflow/example_dags/example_nested_branch_dag.py for tasks to queue
[2024-09-16T16:26:16.795+0000] {logging_mixin.py:190} INFO - [2024-09-16T16:26:16.794+0000] {dagbag.py:587} INFO - Filling up the DagBag from /home/airflow/.local/lib/python3.12/site-packages/airflow/example_dags/example_nested_branch_dag.py
[2024-09-16T16:26:16.806+0000] {processor.py:925} INFO - DAG(s) 'example_nested_branch_dag' retrieved from /home/airflow/.local/lib/python3.12/site-packages/airflow/example_dags/example_nested_branch_dag.py
[2024-09-16T16:26:16.846+0000] {logging_mixin.py:190} INFO - [2024-09-16T16:26:16.846+0000] {dag.py:3229} INFO - Sync 1 DAGs
[2024-09-16T16:26:16.883+0000] {logging_mixin.py:190} INFO - [2024-09-16T16:26:16.883+0000] {dag.py:4156} INFO - Setting next_dagrun for example_nested_branch_dag to 2024-09-15 00:00:00+00:00, run_after=2024-09-16 00:00:00+00:00
[2024-09-16T16:26:16.902+0000] {processor.py:208} INFO - Processing /home/airflow/.local/lib/python3.12/site-packages/airflow/example_dags/example_nested_branch_dag.py took 0.129 seconds
[2024-09-16T16:26:47.920+0000] {processor.py:186} INFO - Started process (PID=229) to work on /home/airflow/.local/lib/python3.12/site-packages/airflow/example_dags/example_nested_branch_dag.py
[2024-09-16T16:26:47.922+0000] {processor.py:914} INFO - Processing file /home/airflow/.local/lib/python3.12/site-packages/airflow/example_dags/example_nested_branch_dag.py for tasks to queue
[2024-09-16T16:26:47.927+0000] {logging_mixin.py:190} INFO - [2024-09-16T16:26:47.926+0000] {dagbag.py:587} INFO - Filling up the DagBag from /home/airflow/.local/lib/python3.12/site-packages/airflow/example_dags/example_nested_branch_dag.py
[2024-09-16T16:26:47.950+0000] {processor.py:925} INFO - DAG(s) 'example_nested_branch_dag' retrieved from /home/airflow/.local/lib/python3.12/site-packages/airflow/example_dags/example_nested_branch_dag.py
[2024-09-16T16:26:47.988+0000] {logging_mixin.py:190} INFO - [2024-09-16T16:26:47.988+0000] {dag.py:3229} INFO - Sync 1 DAGs
[2024-09-16T16:26:48.037+0000] {logging_mixin.py:190} INFO - [2024-09-16T16:26:48.037+0000] {dag.py:4156} INFO - Setting next_dagrun for example_nested_branch_dag to 2024-09-15 00:00:00+00:00, run_after=2024-09-16 00:00:00+00:00
[2024-09-16T16:26:48.065+0000] {processor.py:208} INFO - Processing /home/airflow/.local/lib/python3.12/site-packages/airflow/example_dags/example_nested_branch_dag.py took 0.156 seconds
[2024-09-16T16:27:18.346+0000] {processor.py:186} INFO - Started process (PID=291) to work on /home/airflow/.local/lib/python3.12/site-packages/airflow/example_dags/example_nested_branch_dag.py
[2024-09-16T16:27:18.348+0000] {processor.py:914} INFO - Processing file /home/airflow/.local/lib/python3.12/site-packages/airflow/example_dags/example_nested_branch_dag.py for tasks to queue
[2024-09-16T16:27:18.351+0000] {logging_mixin.py:190} INFO - [2024-09-16T16:27:18.351+0000] {dagbag.py:587} INFO - Filling up the DagBag from /home/airflow/.local/lib/python3.12/site-packages/airflow/example_dags/example_nested_branch_dag.py
[2024-09-16T16:27:18.368+0000] {processor.py:925} INFO - DAG(s) 'example_nested_branch_dag' retrieved from /home/airflow/.local/lib/python3.12/site-packages/airflow/example_dags/example_nested_branch_dag.py
[2024-09-16T16:27:18.398+0000] {logging_mixin.py:190} INFO - [2024-09-16T16:27:18.398+0000] {dag.py:3229} INFO - Sync 1 DAGs
[2024-09-16T16:27:18.429+0000] {logging_mixin.py:190} INFO - [2024-09-16T16:27:18.429+0000] {dag.py:4156} INFO - Setting next_dagrun for example_nested_branch_dag to 2024-09-15 00:00:00+00:00, run_after=2024-09-16 00:00:00+00:00
[2024-09-16T16:27:18.455+0000] {processor.py:208} INFO - Processing /home/airflow/.local/lib/python3.12/site-packages/airflow/example_dags/example_nested_branch_dag.py took 0.118 seconds
[2024-09-16T16:27:53.686+0000] {processor.py:186} INFO - Started process (PID=359) to work on /home/airflow/.local/lib/python3.12/site-packages/airflow/example_dags/example_nested_branch_dag.py
[2024-09-16T16:27:53.689+0000] {processor.py:914} INFO - Processing file /home/airflow/.local/lib/python3.12/site-packages/airflow/example_dags/example_nested_branch_dag.py for tasks to queue
[2024-09-16T16:27:53.694+0000] {logging_mixin.py:190} INFO - [2024-09-16T16:27:53.694+0000] {dagbag.py:587} INFO - Filling up the DagBag from /home/airflow/.local/lib/python3.12/site-packages/airflow/example_dags/example_nested_branch_dag.py
[2024-09-16T16:27:53.718+0000] {processor.py:925} INFO - DAG(s) 'example_nested_branch_dag' retrieved from /home/airflow/.local/lib/python3.12/site-packages/airflow/example_dags/example_nested_branch_dag.py
[2024-09-16T16:27:53.876+0000] {logging_mixin.py:190} INFO - [2024-09-16T16:27:53.875+0000] {dag.py:3229} INFO - Sync 1 DAGs
[2024-09-16T16:27:53.983+0000] {logging_mixin.py:190} INFO - [2024-09-16T16:27:53.983+0000] {dag.py:4156} INFO - Setting next_dagrun for example_nested_branch_dag to 2024-09-15 00:00:00+00:00, run_after=2024-09-16 00:00:00+00:00
[2024-09-16T16:27:54.096+0000] {processor.py:208} INFO - Processing /home/airflow/.local/lib/python3.12/site-packages/airflow/example_dags/example_nested_branch_dag.py took 0.422 seconds
[2024-09-16T16:28:24.926+0000] {processor.py:186} INFO - Started process (PID=422) to work on /home/airflow/.local/lib/python3.12/site-packages/airflow/example_dags/example_nested_branch_dag.py
[2024-09-16T16:28:24.928+0000] {processor.py:914} INFO - Processing file /home/airflow/.local/lib/python3.12/site-packages/airflow/example_dags/example_nested_branch_dag.py for tasks to queue
[2024-09-16T16:28:24.932+0000] {logging_mixin.py:190} INFO - [2024-09-16T16:28:24.931+0000] {dagbag.py:587} INFO - Filling up the DagBag from /home/airflow/.local/lib/python3.12/site-packages/airflow/example_dags/example_nested_branch_dag.py
[2024-09-16T16:28:24.959+0000] {processor.py:925} INFO - DAG(s) 'example_nested_branch_dag' retrieved from /home/airflow/.local/lib/python3.12/site-packages/airflow/example_dags/example_nested_branch_dag.py
[2024-09-16T16:28:25.006+0000] {logging_mixin.py:190} INFO - [2024-09-16T16:28:25.006+0000] {dag.py:3229} INFO - Sync 1 DAGs
[2024-09-16T16:28:25.057+0000] {logging_mixin.py:190} INFO - [2024-09-16T16:28:25.057+0000] {dag.py:4156} INFO - Setting next_dagrun for example_nested_branch_dag to 2024-09-15 00:00:00+00:00, run_after=2024-09-16 00:00:00+00:00
[2024-09-16T16:28:25.103+0000] {processor.py:208} INFO - Processing /home/airflow/.local/lib/python3.12/site-packages/airflow/example_dags/example_nested_branch_dag.py took 0.189 seconds
[2024-09-16T16:30:17.635+0000] {processor.py:186} INFO - Started process (PID=102) to work on /home/airflow/.local/lib/python3.12/site-packages/airflow/example_dags/example_nested_branch_dag.py
[2024-09-16T16:30:17.637+0000] {processor.py:914} INFO - Processing file /home/airflow/.local/lib/python3.12/site-packages/airflow/example_dags/example_nested_branch_dag.py for tasks to queue
[2024-09-16T16:30:17.640+0000] {logging_mixin.py:190} INFO - [2024-09-16T16:30:17.639+0000] {dagbag.py:587} INFO - Filling up the DagBag from /home/airflow/.local/lib/python3.12/site-packages/airflow/example_dags/example_nested_branch_dag.py
[2024-09-16T16:30:17.653+0000] {processor.py:925} INFO - DAG(s) 'example_nested_branch_dag' retrieved from /home/airflow/.local/lib/python3.12/site-packages/airflow/example_dags/example_nested_branch_dag.py
[2024-09-16T16:30:17.684+0000] {logging_mixin.py:190} INFO - [2024-09-16T16:30:17.683+0000] {dag.py:3229} INFO - Sync 1 DAGs
[2024-09-16T16:30:17.711+0000] {logging_mixin.py:190} INFO - [2024-09-16T16:30:17.711+0000] {dag.py:4156} INFO - Setting next_dagrun for example_nested_branch_dag to 2024-09-15 00:00:00+00:00, run_after=2024-09-16 00:00:00+00:00
[2024-09-16T16:30:17.740+0000] {processor.py:208} INFO - Processing /home/airflow/.local/lib/python3.12/site-packages/airflow/example_dags/example_nested_branch_dag.py took 0.111 seconds
[2024-09-16T16:30:48.648+0000] {processor.py:186} INFO - Started process (PID=164) to work on /home/airflow/.local/lib/python3.12/site-packages/airflow/example_dags/example_nested_branch_dag.py
[2024-09-16T16:30:48.649+0000] {processor.py:914} INFO - Processing file /home/airflow/.local/lib/python3.12/site-packages/airflow/example_dags/example_nested_branch_dag.py for tasks to queue
[2024-09-16T16:30:48.651+0000] {logging_mixin.py:190} INFO - [2024-09-16T16:30:48.651+0000] {dagbag.py:587} INFO - Filling up the DagBag from /home/airflow/.local/lib/python3.12/site-packages/airflow/example_dags/example_nested_branch_dag.py
[2024-09-16T16:30:48.660+0000] {processor.py:925} INFO - DAG(s) 'example_nested_branch_dag' retrieved from /home/airflow/.local/lib/python3.12/site-packages/airflow/example_dags/example_nested_branch_dag.py
[2024-09-16T16:30:48.679+0000] {logging_mixin.py:190} INFO - [2024-09-16T16:30:48.679+0000] {dag.py:3229} INFO - Sync 1 DAGs
[2024-09-16T16:30:48.698+0000] {logging_mixin.py:190} INFO - [2024-09-16T16:30:48.698+0000] {dag.py:4156} INFO - Setting next_dagrun for example_nested_branch_dag to 2024-09-15 00:00:00+00:00, run_after=2024-09-16 00:00:00+00:00
[2024-09-16T16:30:48.716+0000] {processor.py:208} INFO - Processing /home/airflow/.local/lib/python3.12/site-packages/airflow/example_dags/example_nested_branch_dag.py took 0.072 seconds
[2024-09-16T16:31:19.312+0000] {processor.py:186} INFO - Started process (PID=226) to work on /home/airflow/.local/lib/python3.12/site-packages/airflow/example_dags/example_nested_branch_dag.py
[2024-09-16T16:31:19.313+0000] {processor.py:914} INFO - Processing file /home/airflow/.local/lib/python3.12/site-packages/airflow/example_dags/example_nested_branch_dag.py for tasks to queue
[2024-09-16T16:31:19.315+0000] {logging_mixin.py:190} INFO - [2024-09-16T16:31:19.315+0000] {dagbag.py:587} INFO - Filling up the DagBag from /home/airflow/.local/lib/python3.12/site-packages/airflow/example_dags/example_nested_branch_dag.py
[2024-09-16T16:31:19.323+0000] {processor.py:925} INFO - DAG(s) 'example_nested_branch_dag' retrieved from /home/airflow/.local/lib/python3.12/site-packages/airflow/example_dags/example_nested_branch_dag.py
[2024-09-16T16:31:19.344+0000] {logging_mixin.py:190} INFO - [2024-09-16T16:31:19.344+0000] {dag.py:3229} INFO - Sync 1 DAGs
[2024-09-16T16:31:19.365+0000] {logging_mixin.py:190} INFO - [2024-09-16T16:31:19.365+0000] {dag.py:4156} INFO - Setting next_dagrun for example_nested_branch_dag to 2024-09-15 00:00:00+00:00, run_after=2024-09-16 00:00:00+00:00
[2024-09-16T16:31:19.384+0000] {processor.py:208} INFO - Processing /home/airflow/.local/lib/python3.12/site-packages/airflow/example_dags/example_nested_branch_dag.py took 0.076 seconds
[2024-09-16T16:31:49.653+0000] {processor.py:186} INFO - Started process (PID=288) to work on /home/airflow/.local/lib/python3.12/site-packages/airflow/example_dags/example_nested_branch_dag.py
[2024-09-16T16:31:49.654+0000] {processor.py:914} INFO - Processing file /home/airflow/.local/lib/python3.12/site-packages/airflow/example_dags/example_nested_branch_dag.py for tasks to queue
[2024-09-16T16:31:49.656+0000] {logging_mixin.py:190} INFO - [2024-09-16T16:31:49.656+0000] {dagbag.py:587} INFO - Filling up the DagBag from /home/airflow/.local/lib/python3.12/site-packages/airflow/example_dags/example_nested_branch_dag.py
[2024-09-16T16:31:49.665+0000] {processor.py:925} INFO - DAG(s) 'example_nested_branch_dag' retrieved from /home/airflow/.local/lib/python3.12/site-packages/airflow/example_dags/example_nested_branch_dag.py
[2024-09-16T16:31:49.684+0000] {logging_mixin.py:190} INFO - [2024-09-16T16:31:49.684+0000] {dag.py:3229} INFO - Sync 1 DAGs
[2024-09-16T16:31:49.702+0000] {logging_mixin.py:190} INFO - [2024-09-16T16:31:49.701+0000] {dag.py:4156} INFO - Setting next_dagrun for example_nested_branch_dag to 2024-09-15 00:00:00+00:00, run_after=2024-09-16 00:00:00+00:00
[2024-09-16T16:31:49.724+0000] {processor.py:208} INFO - Processing /home/airflow/.local/lib/python3.12/site-packages/airflow/example_dags/example_nested_branch_dag.py took 0.075 seconds
[2024-09-16T16:32:19.820+0000] {processor.py:186} INFO - Started process (PID=350) to work on /home/airflow/.local/lib/python3.12/site-packages/airflow/example_dags/example_nested_branch_dag.py
[2024-09-16T16:32:19.821+0000] {processor.py:914} INFO - Processing file /home/airflow/.local/lib/python3.12/site-packages/airflow/example_dags/example_nested_branch_dag.py for tasks to queue
[2024-09-16T16:32:19.823+0000] {logging_mixin.py:190} INFO - [2024-09-16T16:32:19.823+0000] {dagbag.py:587} INFO - Filling up the DagBag from /home/airflow/.local/lib/python3.12/site-packages/airflow/example_dags/example_nested_branch_dag.py
[2024-09-16T16:32:19.833+0000] {processor.py:925} INFO - DAG(s) 'example_nested_branch_dag' retrieved from /home/airflow/.local/lib/python3.12/site-packages/airflow/example_dags/example_nested_branch_dag.py
[2024-09-16T16:32:19.853+0000] {logging_mixin.py:190} INFO - [2024-09-16T16:32:19.852+0000] {dag.py:3229} INFO - Sync 1 DAGs
[2024-09-16T16:32:19.870+0000] {logging_mixin.py:190} INFO - [2024-09-16T16:32:19.869+0000] {dag.py:4156} INFO - Setting next_dagrun for example_nested_branch_dag to 2024-09-15 00:00:00+00:00, run_after=2024-09-16 00:00:00+00:00
[2024-09-16T16:32:19.887+0000] {processor.py:208} INFO - Processing /home/airflow/.local/lib/python3.12/site-packages/airflow/example_dags/example_nested_branch_dag.py took 0.071 seconds
[2024-09-16T16:32:50.615+0000] {processor.py:186} INFO - Started process (PID=412) to work on /home/airflow/.local/lib/python3.12/site-packages/airflow/example_dags/example_nested_branch_dag.py
[2024-09-16T16:32:50.616+0000] {processor.py:914} INFO - Processing file /home/airflow/.local/lib/python3.12/site-packages/airflow/example_dags/example_nested_branch_dag.py for tasks to queue
[2024-09-16T16:32:50.618+0000] {logging_mixin.py:190} INFO - [2024-09-16T16:32:50.618+0000] {dagbag.py:587} INFO - Filling up the DagBag from /home/airflow/.local/lib/python3.12/site-packages/airflow/example_dags/example_nested_branch_dag.py
[2024-09-16T16:32:50.628+0000] {processor.py:925} INFO - DAG(s) 'example_nested_branch_dag' retrieved from /home/airflow/.local/lib/python3.12/site-packages/airflow/example_dags/example_nested_branch_dag.py
[2024-09-16T16:32:50.648+0000] {logging_mixin.py:190} INFO - [2024-09-16T16:32:50.647+0000] {dag.py:3229} INFO - Sync 1 DAGs
[2024-09-16T16:32:50.668+0000] {logging_mixin.py:190} INFO - [2024-09-16T16:32:50.667+0000] {dag.py:4156} INFO - Setting next_dagrun for example_nested_branch_dag to 2024-09-15 00:00:00+00:00, run_after=2024-09-16 00:00:00+00:00
[2024-09-16T16:32:50.689+0000] {processor.py:208} INFO - Processing /home/airflow/.local/lib/python3.12/site-packages/airflow/example_dags/example_nested_branch_dag.py took 0.079 seconds
[2024-09-16T16:33:20.876+0000] {processor.py:186} INFO - Started process (PID=474) to work on /home/airflow/.local/lib/python3.12/site-packages/airflow/example_dags/example_nested_branch_dag.py
[2024-09-16T16:33:20.877+0000] {processor.py:914} INFO - Processing file /home/airflow/.local/lib/python3.12/site-packages/airflow/example_dags/example_nested_branch_dag.py for tasks to queue
[2024-09-16T16:33:20.879+0000] {logging_mixin.py:190} INFO - [2024-09-16T16:33:20.879+0000] {dagbag.py:587} INFO - Filling up the DagBag from /home/airflow/.local/lib/python3.12/site-packages/airflow/example_dags/example_nested_branch_dag.py
[2024-09-16T16:33:20.889+0000] {processor.py:925} INFO - DAG(s) 'example_nested_branch_dag' retrieved from /home/airflow/.local/lib/python3.12/site-packages/airflow/example_dags/example_nested_branch_dag.py
[2024-09-16T16:33:20.909+0000] {logging_mixin.py:190} INFO - [2024-09-16T16:33:20.909+0000] {dag.py:3229} INFO - Sync 1 DAGs
[2024-09-16T16:33:20.931+0000] {logging_mixin.py:190} INFO - [2024-09-16T16:33:20.930+0000] {dag.py:4156} INFO - Setting next_dagrun for example_nested_branch_dag to 2024-09-15 00:00:00+00:00, run_after=2024-09-16 00:00:00+00:00
[2024-09-16T16:33:20.949+0000] {processor.py:208} INFO - Processing /home/airflow/.local/lib/python3.12/site-packages/airflow/example_dags/example_nested_branch_dag.py took 0.077 seconds
[2024-09-16T16:33:51.469+0000] {processor.py:186} INFO - Started process (PID=536) to work on /home/airflow/.local/lib/python3.12/site-packages/airflow/example_dags/example_nested_branch_dag.py
[2024-09-16T16:33:51.470+0000] {processor.py:914} INFO - Processing file /home/airflow/.local/lib/python3.12/site-packages/airflow/example_dags/example_nested_branch_dag.py for tasks to queue
[2024-09-16T16:33:51.473+0000] {logging_mixin.py:190} INFO - [2024-09-16T16:33:51.472+0000] {dagbag.py:587} INFO - Filling up the DagBag from /home/airflow/.local/lib/python3.12/site-packages/airflow/example_dags/example_nested_branch_dag.py
[2024-09-16T16:33:51.482+0000] {processor.py:925} INFO - DAG(s) 'example_nested_branch_dag' retrieved from /home/airflow/.local/lib/python3.12/site-packages/airflow/example_dags/example_nested_branch_dag.py
[2024-09-16T16:33:51.500+0000] {logging_mixin.py:190} INFO - [2024-09-16T16:33:51.500+0000] {dag.py:3229} INFO - Sync 1 DAGs
[2024-09-16T16:33:51.531+0000] {logging_mixin.py:190} INFO - [2024-09-16T16:33:51.530+0000] {dag.py:4156} INFO - Setting next_dagrun for example_nested_branch_dag to 2024-09-15 00:00:00+00:00, run_after=2024-09-16 00:00:00+00:00
[2024-09-16T16:33:51.554+0000] {processor.py:208} INFO - Processing /home/airflow/.local/lib/python3.12/site-packages/airflow/example_dags/example_nested_branch_dag.py took 0.089 seconds
[2024-09-16T16:34:21.982+0000] {processor.py:186} INFO - Started process (PID=598) to work on /home/airflow/.local/lib/python3.12/site-packages/airflow/example_dags/example_nested_branch_dag.py
[2024-09-16T16:34:21.983+0000] {processor.py:914} INFO - Processing file /home/airflow/.local/lib/python3.12/site-packages/airflow/example_dags/example_nested_branch_dag.py for tasks to queue
[2024-09-16T16:34:21.985+0000] {logging_mixin.py:190} INFO - [2024-09-16T16:34:21.985+0000] {dagbag.py:587} INFO - Filling up the DagBag from /home/airflow/.local/lib/python3.12/site-packages/airflow/example_dags/example_nested_branch_dag.py
[2024-09-16T16:34:21.994+0000] {processor.py:925} INFO - DAG(s) 'example_nested_branch_dag' retrieved from /home/airflow/.local/lib/python3.12/site-packages/airflow/example_dags/example_nested_branch_dag.py
[2024-09-16T16:34:22.013+0000] {logging_mixin.py:190} INFO - [2024-09-16T16:34:22.013+0000] {dag.py:3229} INFO - Sync 1 DAGs
[2024-09-16T16:34:22.035+0000] {logging_mixin.py:190} INFO - [2024-09-16T16:34:22.035+0000] {dag.py:4156} INFO - Setting next_dagrun for example_nested_branch_dag to 2024-09-15 00:00:00+00:00, run_after=2024-09-16 00:00:00+00:00
[2024-09-16T16:34:22.053+0000] {processor.py:208} INFO - Processing /home/airflow/.local/lib/python3.12/site-packages/airflow/example_dags/example_nested_branch_dag.py took 0.075 seconds
[2024-09-16T16:34:52.642+0000] {processor.py:186} INFO - Started process (PID=660) to work on /home/airflow/.local/lib/python3.12/site-packages/airflow/example_dags/example_nested_branch_dag.py
[2024-09-16T16:34:52.643+0000] {processor.py:914} INFO - Processing file /home/airflow/.local/lib/python3.12/site-packages/airflow/example_dags/example_nested_branch_dag.py for tasks to queue
[2024-09-16T16:34:52.645+0000] {logging_mixin.py:190} INFO - [2024-09-16T16:34:52.645+0000] {dagbag.py:587} INFO - Filling up the DagBag from /home/airflow/.local/lib/python3.12/site-packages/airflow/example_dags/example_nested_branch_dag.py
[2024-09-16T16:34:52.653+0000] {processor.py:925} INFO - DAG(s) 'example_nested_branch_dag' retrieved from /home/airflow/.local/lib/python3.12/site-packages/airflow/example_dags/example_nested_branch_dag.py
[2024-09-16T16:34:52.674+0000] {logging_mixin.py:190} INFO - [2024-09-16T16:34:52.674+0000] {dag.py:3229} INFO - Sync 1 DAGs
[2024-09-16T16:34:52.697+0000] {logging_mixin.py:190} INFO - [2024-09-16T16:34:52.697+0000] {dag.py:4156} INFO - Setting next_dagrun for example_nested_branch_dag to 2024-09-15 00:00:00+00:00, run_after=2024-09-16 00:00:00+00:00
[2024-09-16T16:34:52.717+0000] {processor.py:208} INFO - Processing /home/airflow/.local/lib/python3.12/site-packages/airflow/example_dags/example_nested_branch_dag.py took 0.080 seconds
[2024-09-16T16:35:23.136+0000] {processor.py:186} INFO - Started process (PID=723) to work on /home/airflow/.local/lib/python3.12/site-packages/airflow/example_dags/example_nested_branch_dag.py
[2024-09-16T16:35:23.138+0000] {processor.py:914} INFO - Processing file /home/airflow/.local/lib/python3.12/site-packages/airflow/example_dags/example_nested_branch_dag.py for tasks to queue
[2024-09-16T16:35:23.140+0000] {logging_mixin.py:190} INFO - [2024-09-16T16:35:23.140+0000] {dagbag.py:587} INFO - Filling up the DagBag from /home/airflow/.local/lib/python3.12/site-packages/airflow/example_dags/example_nested_branch_dag.py
[2024-09-16T16:35:23.149+0000] {processor.py:925} INFO - DAG(s) 'example_nested_branch_dag' retrieved from /home/airflow/.local/lib/python3.12/site-packages/airflow/example_dags/example_nested_branch_dag.py
[2024-09-16T16:35:23.169+0000] {logging_mixin.py:190} INFO - [2024-09-16T16:35:23.169+0000] {dag.py:3229} INFO - Sync 1 DAGs
[2024-09-16T16:35:23.187+0000] {logging_mixin.py:190} INFO - [2024-09-16T16:35:23.187+0000] {dag.py:4156} INFO - Setting next_dagrun for example_nested_branch_dag to 2024-09-15 00:00:00+00:00, run_after=2024-09-16 00:00:00+00:00
[2024-09-16T16:35:23.206+0000] {processor.py:208} INFO - Processing /home/airflow/.local/lib/python3.12/site-packages/airflow/example_dags/example_nested_branch_dag.py took 0.074 seconds
[2024-09-16T16:35:53.337+0000] {processor.py:186} INFO - Started process (PID=785) to work on /home/airflow/.local/lib/python3.12/site-packages/airflow/example_dags/example_nested_branch_dag.py
[2024-09-16T16:35:53.339+0000] {processor.py:914} INFO - Processing file /home/airflow/.local/lib/python3.12/site-packages/airflow/example_dags/example_nested_branch_dag.py for tasks to queue
[2024-09-16T16:35:53.342+0000] {logging_mixin.py:190} INFO - [2024-09-16T16:35:53.341+0000] {dagbag.py:587} INFO - Filling up the DagBag from /home/airflow/.local/lib/python3.12/site-packages/airflow/example_dags/example_nested_branch_dag.py
[2024-09-16T16:35:53.354+0000] {processor.py:925} INFO - DAG(s) 'example_nested_branch_dag' retrieved from /home/airflow/.local/lib/python3.12/site-packages/airflow/example_dags/example_nested_branch_dag.py
[2024-09-16T16:35:53.379+0000] {logging_mixin.py:190} INFO - [2024-09-16T16:35:53.379+0000] {dag.py:3229} INFO - Sync 1 DAGs
[2024-09-16T16:35:53.423+0000] {logging_mixin.py:190} INFO - [2024-09-16T16:35:53.422+0000] {dag.py:4156} INFO - Setting next_dagrun for example_nested_branch_dag to 2024-09-15 00:00:00+00:00, run_after=2024-09-16 00:00:00+00:00
[2024-09-16T16:35:53.456+0000] {processor.py:208} INFO - Processing /home/airflow/.local/lib/python3.12/site-packages/airflow/example_dags/example_nested_branch_dag.py took 0.125 seconds
[2024-09-16T16:36:23.530+0000] {processor.py:186} INFO - Started process (PID=847) to work on /home/airflow/.local/lib/python3.12/site-packages/airflow/example_dags/example_nested_branch_dag.py
[2024-09-16T16:36:23.531+0000] {processor.py:914} INFO - Processing file /home/airflow/.local/lib/python3.12/site-packages/airflow/example_dags/example_nested_branch_dag.py for tasks to queue
[2024-09-16T16:36:23.535+0000] {logging_mixin.py:190} INFO - [2024-09-16T16:36:23.535+0000] {dagbag.py:587} INFO - Filling up the DagBag from /home/airflow/.local/lib/python3.12/site-packages/airflow/example_dags/example_nested_branch_dag.py
[2024-09-16T16:36:23.552+0000] {processor.py:925} INFO - DAG(s) 'example_nested_branch_dag' retrieved from /home/airflow/.local/lib/python3.12/site-packages/airflow/example_dags/example_nested_branch_dag.py
[2024-09-16T16:36:23.580+0000] {logging_mixin.py:190} INFO - [2024-09-16T16:36:23.580+0000] {dag.py:3229} INFO - Sync 1 DAGs
[2024-09-16T16:36:23.616+0000] {logging_mixin.py:190} INFO - [2024-09-16T16:36:23.616+0000] {dag.py:4156} INFO - Setting next_dagrun for example_nested_branch_dag to 2024-09-15 00:00:00+00:00, run_after=2024-09-16 00:00:00+00:00
[2024-09-16T16:36:23.641+0000] {processor.py:208} INFO - Processing /home/airflow/.local/lib/python3.12/site-packages/airflow/example_dags/example_nested_branch_dag.py took 0.121 seconds
[2024-09-16T16:36:54.161+0000] {processor.py:186} INFO - Started process (PID=909) to work on /home/airflow/.local/lib/python3.12/site-packages/airflow/example_dags/example_nested_branch_dag.py
[2024-09-16T16:36:54.162+0000] {processor.py:914} INFO - Processing file /home/airflow/.local/lib/python3.12/site-packages/airflow/example_dags/example_nested_branch_dag.py for tasks to queue
[2024-09-16T16:36:54.164+0000] {logging_mixin.py:190} INFO - [2024-09-16T16:36:54.163+0000] {dagbag.py:587} INFO - Filling up the DagBag from /home/airflow/.local/lib/python3.12/site-packages/airflow/example_dags/example_nested_branch_dag.py
[2024-09-16T16:36:54.174+0000] {processor.py:925} INFO - DAG(s) 'example_nested_branch_dag' retrieved from /home/airflow/.local/lib/python3.12/site-packages/airflow/example_dags/example_nested_branch_dag.py
[2024-09-16T16:36:54.194+0000] {logging_mixin.py:190} INFO - [2024-09-16T16:36:54.194+0000] {dag.py:3229} INFO - Sync 1 DAGs
[2024-09-16T16:36:54.213+0000] {logging_mixin.py:190} INFO - [2024-09-16T16:36:54.213+0000] {dag.py:4156} INFO - Setting next_dagrun for example_nested_branch_dag to 2024-09-15 00:00:00+00:00, run_after=2024-09-16 00:00:00+00:00
[2024-09-16T16:36:54.230+0000] {processor.py:208} INFO - Processing /home/airflow/.local/lib/python3.12/site-packages/airflow/example_dags/example_nested_branch_dag.py took 0.074 seconds
[2024-09-16T16:37:24.476+0000] {processor.py:186} INFO - Started process (PID=971) to work on /home/airflow/.local/lib/python3.12/site-packages/airflow/example_dags/example_nested_branch_dag.py
[2024-09-16T16:37:24.477+0000] {processor.py:914} INFO - Processing file /home/airflow/.local/lib/python3.12/site-packages/airflow/example_dags/example_nested_branch_dag.py for tasks to queue
[2024-09-16T16:37:24.479+0000] {logging_mixin.py:190} INFO - [2024-09-16T16:37:24.479+0000] {dagbag.py:587} INFO - Filling up the DagBag from /home/airflow/.local/lib/python3.12/site-packages/airflow/example_dags/example_nested_branch_dag.py
[2024-09-16T16:37:24.489+0000] {processor.py:925} INFO - DAG(s) 'example_nested_branch_dag' retrieved from /home/airflow/.local/lib/python3.12/site-packages/airflow/example_dags/example_nested_branch_dag.py
[2024-09-16T16:37:24.510+0000] {logging_mixin.py:190} INFO - [2024-09-16T16:37:24.510+0000] {dag.py:3229} INFO - Sync 1 DAGs
[2024-09-16T16:37:24.529+0000] {logging_mixin.py:190} INFO - [2024-09-16T16:37:24.529+0000] {dag.py:4156} INFO - Setting next_dagrun for example_nested_branch_dag to 2024-09-15 00:00:00+00:00, run_after=2024-09-16 00:00:00+00:00
[2024-09-16T16:37:24.547+0000] {processor.py:208} INFO - Processing /home/airflow/.local/lib/python3.12/site-packages/airflow/example_dags/example_nested_branch_dag.py took 0.077 seconds
