[2024-09-16T16:25:43.229+0000] {processor.py:186} INFO - Started process (PID=91) to work on /home/airflow/.local/lib/python3.12/site-packages/airflow/example_dags/example_sensors.py
[2024-09-16T16:25:43.230+0000] {processor.py:914} INFO - Processing file /home/airflow/.local/lib/python3.12/site-packages/airflow/example_dags/example_sensors.py for tasks to queue
[2024-09-16T16:25:43.233+0000] {logging_mixin.py:190} INFO - [2024-09-16T16:25:43.233+0000] {dagbag.py:587} INFO - Filling up the DagBag from /home/airflow/.local/lib/python3.12/site-packages/airflow/example_dags/example_sensors.py
[2024-09-16T16:25:43.253+0000] {processor.py:925} INFO - DAG(s) 'example_sensors' retrieved from /home/airflow/.local/lib/python3.12/site-packages/airflow/example_dags/example_sensors.py
[2024-09-16T16:25:43.408+0000] {logging_mixin.py:190} INFO - [2024-09-16T16:25:43.407+0000] {override.py:1900} INFO - Created Permission View: can edit on DAG:example_sensors
[2024-09-16T16:25:43.419+0000] {logging_mixin.py:190} INFO - [2024-09-16T16:25:43.419+0000] {override.py:1900} INFO - Created Permission View: can delete on DAG:example_sensors
[2024-09-16T16:25:43.427+0000] {logging_mixin.py:190} INFO - [2024-09-16T16:25:43.427+0000] {override.py:1900} INFO - Created Permission View: can read on DAG:example_sensors
[2024-09-16T16:25:43.437+0000] {logging_mixin.py:190} INFO - [2024-09-16T16:25:43.436+0000] {override.py:1900} INFO - Created Permission View: can delete on DAG Run:example_sensors
[2024-09-16T16:25:43.445+0000] {logging_mixin.py:190} INFO - [2024-09-16T16:25:43.445+0000] {override.py:1900} INFO - Created Permission View: can create on DAG Run:example_sensors
[2024-09-16T16:25:43.454+0000] {logging_mixin.py:190} INFO - [2024-09-16T16:25:43.454+0000] {override.py:1900} INFO - Created Permission View: menu access on DAG Run:example_sensors
[2024-09-16T16:25:43.462+0000] {logging_mixin.py:190} INFO - [2024-09-16T16:25:43.462+0000] {override.py:1900} INFO - Created Permission View: can read on DAG Run:example_sensors
[2024-09-16T16:25:43.463+0000] {logging_mixin.py:190} INFO - [2024-09-16T16:25:43.462+0000] {dag.py:3229} INFO - Sync 1 DAGs
[2024-09-16T16:25:43.481+0000] {logging_mixin.py:190} INFO - [2024-09-16T16:25:43.481+0000] {dag.py:3252} INFO - Creating ORM DAG for example_sensors
[2024-09-16T16:25:43.483+0000] {logging_mixin.py:190} INFO - [2024-09-16T16:25:43.482+0000] {dag.py:4156} INFO - Setting next_dagrun for example_sensors to None, run_after=None
[2024-09-16T16:25:43.503+0000] {processor.py:208} INFO - Processing /home/airflow/.local/lib/python3.12/site-packages/airflow/example_dags/example_sensors.py took 0.282 seconds
[2024-09-16T16:26:13.669+0000] {processor.py:186} INFO - Started process (PID=153) to work on /home/airflow/.local/lib/python3.12/site-packages/airflow/example_dags/example_sensors.py
[2024-09-16T16:26:13.671+0000] {processor.py:914} INFO - Processing file /home/airflow/.local/lib/python3.12/site-packages/airflow/example_dags/example_sensors.py for tasks to queue
[2024-09-16T16:26:13.673+0000] {logging_mixin.py:190} INFO - [2024-09-16T16:26:13.673+0000] {dagbag.py:587} INFO - Filling up the DagBag from /home/airflow/.local/lib/python3.12/site-packages/airflow/example_dags/example_sensors.py
[2024-09-16T16:26:13.684+0000] {processor.py:925} INFO - DAG(s) 'example_sensors' retrieved from /home/airflow/.local/lib/python3.12/site-packages/airflow/example_dags/example_sensors.py
[2024-09-16T16:26:13.711+0000] {logging_mixin.py:190} INFO - [2024-09-16T16:26:13.711+0000] {dag.py:3229} INFO - Sync 1 DAGs
[2024-09-16T16:26:13.726+0000] {logging_mixin.py:190} INFO - [2024-09-16T16:26:13.725+0000] {dag.py:4156} INFO - Setting next_dagrun for example_sensors to None, run_after=None
[2024-09-16T16:26:13.745+0000] {processor.py:208} INFO - Processing /home/airflow/.local/lib/python3.12/site-packages/airflow/example_dags/example_sensors.py took 0.082 seconds
[2024-09-16T16:26:46.047+0000] {processor.py:186} INFO - Started process (PID=215) to work on /home/airflow/.local/lib/python3.12/site-packages/airflow/example_dags/example_sensors.py
[2024-09-16T16:26:46.050+0000] {processor.py:914} INFO - Processing file /home/airflow/.local/lib/python3.12/site-packages/airflow/example_dags/example_sensors.py for tasks to queue
[2024-09-16T16:26:46.057+0000] {logging_mixin.py:190} INFO - [2024-09-16T16:26:46.056+0000] {dagbag.py:587} INFO - Filling up the DagBag from /home/airflow/.local/lib/python3.12/site-packages/airflow/example_dags/example_sensors.py
[2024-09-16T16:26:46.087+0000] {processor.py:925} INFO - DAG(s) 'example_sensors' retrieved from /home/airflow/.local/lib/python3.12/site-packages/airflow/example_dags/example_sensors.py
[2024-09-16T16:26:46.150+0000] {logging_mixin.py:190} INFO - [2024-09-16T16:26:46.150+0000] {dag.py:3229} INFO - Sync 1 DAGs
[2024-09-16T16:26:46.184+0000] {logging_mixin.py:190} INFO - [2024-09-16T16:26:46.183+0000] {dag.py:4156} INFO - Setting next_dagrun for example_sensors to None, run_after=None
[2024-09-16T16:26:46.234+0000] {processor.py:208} INFO - Processing /home/airflow/.local/lib/python3.12/site-packages/airflow/example_dags/example_sensors.py took 0.218 seconds
[2024-09-16T16:27:17.165+0000] {processor.py:186} INFO - Started process (PID=277) to work on /home/airflow/.local/lib/python3.12/site-packages/airflow/example_dags/example_sensors.py
[2024-09-16T16:27:17.166+0000] {processor.py:914} INFO - Processing file /home/airflow/.local/lib/python3.12/site-packages/airflow/example_dags/example_sensors.py for tasks to queue
[2024-09-16T16:27:17.171+0000] {logging_mixin.py:190} INFO - [2024-09-16T16:27:17.170+0000] {dagbag.py:587} INFO - Filling up the DagBag from /home/airflow/.local/lib/python3.12/site-packages/airflow/example_dags/example_sensors.py
[2024-09-16T16:27:17.187+0000] {processor.py:925} INFO - DAG(s) 'example_sensors' retrieved from /home/airflow/.local/lib/python3.12/site-packages/airflow/example_dags/example_sensors.py
[2024-09-16T16:27:17.231+0000] {logging_mixin.py:190} INFO - [2024-09-16T16:27:17.231+0000] {dag.py:3229} INFO - Sync 1 DAGs
[2024-09-16T16:27:17.253+0000] {logging_mixin.py:190} INFO - [2024-09-16T16:27:17.252+0000] {dag.py:4156} INFO - Setting next_dagrun for example_sensors to None, run_after=None
[2024-09-16T16:27:17.287+0000] {processor.py:208} INFO - Processing /home/airflow/.local/lib/python3.12/site-packages/airflow/example_dags/example_sensors.py took 0.132 seconds
[2024-09-16T16:27:51.620+0000] {processor.py:186} INFO - Started process (PID=339) to work on /home/airflow/.local/lib/python3.12/site-packages/airflow/example_dags/example_sensors.py
[2024-09-16T16:27:51.622+0000] {processor.py:914} INFO - Processing file /home/airflow/.local/lib/python3.12/site-packages/airflow/example_dags/example_sensors.py for tasks to queue
[2024-09-16T16:27:51.627+0000] {logging_mixin.py:190} INFO - [2024-09-16T16:27:51.627+0000] {dagbag.py:587} INFO - Filling up the DagBag from /home/airflow/.local/lib/python3.12/site-packages/airflow/example_dags/example_sensors.py
[2024-09-16T16:27:51.649+0000] {processor.py:925} INFO - DAG(s) 'example_sensors' retrieved from /home/airflow/.local/lib/python3.12/site-packages/airflow/example_dags/example_sensors.py
[2024-09-16T16:27:51.715+0000] {logging_mixin.py:190} INFO - [2024-09-16T16:27:51.714+0000] {dag.py:3229} INFO - Sync 1 DAGs
[2024-09-16T16:27:51.740+0000] {logging_mixin.py:190} INFO - [2024-09-16T16:27:51.740+0000] {dag.py:4156} INFO - Setting next_dagrun for example_sensors to None, run_after=None
[2024-09-16T16:27:51.771+0000] {processor.py:208} INFO - Processing /home/airflow/.local/lib/python3.12/site-packages/airflow/example_dags/example_sensors.py took 0.164 seconds
[2024-09-16T16:28:22.347+0000] {processor.py:186} INFO - Started process (PID=401) to work on /home/airflow/.local/lib/python3.12/site-packages/airflow/example_dags/example_sensors.py
[2024-09-16T16:28:22.349+0000] {processor.py:914} INFO - Processing file /home/airflow/.local/lib/python3.12/site-packages/airflow/example_dags/example_sensors.py for tasks to queue
[2024-09-16T16:28:22.355+0000] {logging_mixin.py:190} INFO - [2024-09-16T16:28:22.353+0000] {dagbag.py:587} INFO - Filling up the DagBag from /home/airflow/.local/lib/python3.12/site-packages/airflow/example_dags/example_sensors.py
[2024-09-16T16:28:22.375+0000] {processor.py:925} INFO - DAG(s) 'example_sensors' retrieved from /home/airflow/.local/lib/python3.12/site-packages/airflow/example_dags/example_sensors.py
[2024-09-16T16:28:22.419+0000] {logging_mixin.py:190} INFO - [2024-09-16T16:28:22.418+0000] {dag.py:3229} INFO - Sync 1 DAGs
[2024-09-16T16:28:22.445+0000] {logging_mixin.py:190} INFO - [2024-09-16T16:28:22.445+0000] {dag.py:4156} INFO - Setting next_dagrun for example_sensors to None, run_after=None
[2024-09-16T16:28:22.486+0000] {processor.py:208} INFO - Processing /home/airflow/.local/lib/python3.12/site-packages/airflow/example_dags/example_sensors.py took 0.148 seconds
[2024-09-16T16:30:16.313+0000] {processor.py:186} INFO - Started process (PID=88) to work on /home/airflow/.local/lib/python3.12/site-packages/airflow/example_dags/example_sensors.py
[2024-09-16T16:30:16.314+0000] {processor.py:914} INFO - Processing file /home/airflow/.local/lib/python3.12/site-packages/airflow/example_dags/example_sensors.py for tasks to queue
[2024-09-16T16:30:16.317+0000] {logging_mixin.py:190} INFO - [2024-09-16T16:30:16.317+0000] {dagbag.py:587} INFO - Filling up the DagBag from /home/airflow/.local/lib/python3.12/site-packages/airflow/example_dags/example_sensors.py
[2024-09-16T16:30:16.334+0000] {processor.py:925} INFO - DAG(s) 'example_sensors' retrieved from /home/airflow/.local/lib/python3.12/site-packages/airflow/example_dags/example_sensors.py
[2024-09-16T16:30:16.379+0000] {logging_mixin.py:190} INFO - [2024-09-16T16:30:16.378+0000] {dag.py:3229} INFO - Sync 1 DAGs
[2024-09-16T16:30:16.399+0000] {logging_mixin.py:190} INFO - [2024-09-16T16:30:16.398+0000] {dag.py:4156} INFO - Setting next_dagrun for example_sensors to None, run_after=None
[2024-09-16T16:30:16.426+0000] {processor.py:208} INFO - Processing /home/airflow/.local/lib/python3.12/site-packages/airflow/example_dags/example_sensors.py took 0.121 seconds
[2024-09-16T16:30:46.687+0000] {processor.py:186} INFO - Started process (PID=150) to work on /home/airflow/.local/lib/python3.12/site-packages/airflow/example_dags/example_sensors.py
[2024-09-16T16:30:46.688+0000] {processor.py:914} INFO - Processing file /home/airflow/.local/lib/python3.12/site-packages/airflow/example_dags/example_sensors.py for tasks to queue
[2024-09-16T16:30:46.690+0000] {logging_mixin.py:190} INFO - [2024-09-16T16:30:46.690+0000] {dagbag.py:587} INFO - Filling up the DagBag from /home/airflow/.local/lib/python3.12/site-packages/airflow/example_dags/example_sensors.py
[2024-09-16T16:30:46.699+0000] {processor.py:925} INFO - DAG(s) 'example_sensors' retrieved from /home/airflow/.local/lib/python3.12/site-packages/airflow/example_dags/example_sensors.py
[2024-09-16T16:30:46.723+0000] {logging_mixin.py:190} INFO - [2024-09-16T16:30:46.723+0000] {dag.py:3229} INFO - Sync 1 DAGs
[2024-09-16T16:30:46.734+0000] {logging_mixin.py:190} INFO - [2024-09-16T16:30:46.734+0000] {dag.py:4156} INFO - Setting next_dagrun for example_sensors to None, run_after=None
[2024-09-16T16:30:46.757+0000] {processor.py:208} INFO - Processing /home/airflow/.local/lib/python3.12/site-packages/airflow/example_dags/example_sensors.py took 0.075 seconds
[2024-09-16T16:31:17.284+0000] {processor.py:186} INFO - Started process (PID=212) to work on /home/airflow/.local/lib/python3.12/site-packages/airflow/example_dags/example_sensors.py
[2024-09-16T16:31:17.285+0000] {processor.py:914} INFO - Processing file /home/airflow/.local/lib/python3.12/site-packages/airflow/example_dags/example_sensors.py for tasks to queue
[2024-09-16T16:31:17.288+0000] {logging_mixin.py:190} INFO - [2024-09-16T16:31:17.287+0000] {dagbag.py:587} INFO - Filling up the DagBag from /home/airflow/.local/lib/python3.12/site-packages/airflow/example_dags/example_sensors.py
[2024-09-16T16:31:17.296+0000] {processor.py:925} INFO - DAG(s) 'example_sensors' retrieved from /home/airflow/.local/lib/python3.12/site-packages/airflow/example_dags/example_sensors.py
[2024-09-16T16:31:17.320+0000] {logging_mixin.py:190} INFO - [2024-09-16T16:31:17.320+0000] {dag.py:3229} INFO - Sync 1 DAGs
[2024-09-16T16:31:17.334+0000] {logging_mixin.py:190} INFO - [2024-09-16T16:31:17.334+0000] {dag.py:4156} INFO - Setting next_dagrun for example_sensors to None, run_after=None
[2024-09-16T16:31:17.353+0000] {processor.py:208} INFO - Processing /home/airflow/.local/lib/python3.12/site-packages/airflow/example_dags/example_sensors.py took 0.074 seconds
[2024-09-16T16:31:47.626+0000] {processor.py:186} INFO - Started process (PID=274) to work on /home/airflow/.local/lib/python3.12/site-packages/airflow/example_dags/example_sensors.py
[2024-09-16T16:31:47.627+0000] {processor.py:914} INFO - Processing file /home/airflow/.local/lib/python3.12/site-packages/airflow/example_dags/example_sensors.py for tasks to queue
[2024-09-16T16:31:47.628+0000] {logging_mixin.py:190} INFO - [2024-09-16T16:31:47.628+0000] {dagbag.py:587} INFO - Filling up the DagBag from /home/airflow/.local/lib/python3.12/site-packages/airflow/example_dags/example_sensors.py
[2024-09-16T16:31:47.636+0000] {processor.py:925} INFO - DAG(s) 'example_sensors' retrieved from /home/airflow/.local/lib/python3.12/site-packages/airflow/example_dags/example_sensors.py
[2024-09-16T16:31:47.659+0000] {logging_mixin.py:190} INFO - [2024-09-16T16:31:47.659+0000] {dag.py:3229} INFO - Sync 1 DAGs
[2024-09-16T16:31:47.670+0000] {logging_mixin.py:190} INFO - [2024-09-16T16:31:47.670+0000] {dag.py:4156} INFO - Setting next_dagrun for example_sensors to None, run_after=None
[2024-09-16T16:31:47.687+0000] {processor.py:208} INFO - Processing /home/airflow/.local/lib/python3.12/site-packages/airflow/example_dags/example_sensors.py took 0.066 seconds
[2024-09-16T16:32:18.042+0000] {processor.py:186} INFO - Started process (PID=336) to work on /home/airflow/.local/lib/python3.12/site-packages/airflow/example_dags/example_sensors.py
[2024-09-16T16:32:18.043+0000] {processor.py:914} INFO - Processing file /home/airflow/.local/lib/python3.12/site-packages/airflow/example_dags/example_sensors.py for tasks to queue
[2024-09-16T16:32:18.045+0000] {logging_mixin.py:190} INFO - [2024-09-16T16:32:18.045+0000] {dagbag.py:587} INFO - Filling up the DagBag from /home/airflow/.local/lib/python3.12/site-packages/airflow/example_dags/example_sensors.py
[2024-09-16T16:32:18.053+0000] {processor.py:925} INFO - DAG(s) 'example_sensors' retrieved from /home/airflow/.local/lib/python3.12/site-packages/airflow/example_dags/example_sensors.py
[2024-09-16T16:32:18.077+0000] {logging_mixin.py:190} INFO - [2024-09-16T16:32:18.077+0000] {dag.py:3229} INFO - Sync 1 DAGs
[2024-09-16T16:32:18.089+0000] {logging_mixin.py:190} INFO - [2024-09-16T16:32:18.089+0000] {dag.py:4156} INFO - Setting next_dagrun for example_sensors to None, run_after=None
[2024-09-16T16:32:18.107+0000] {processor.py:208} INFO - Processing /home/airflow/.local/lib/python3.12/site-packages/airflow/example_dags/example_sensors.py took 0.070 seconds
[2024-09-16T16:32:48.765+0000] {processor.py:186} INFO - Started process (PID=398) to work on /home/airflow/.local/lib/python3.12/site-packages/airflow/example_dags/example_sensors.py
[2024-09-16T16:32:48.767+0000] {processor.py:914} INFO - Processing file /home/airflow/.local/lib/python3.12/site-packages/airflow/example_dags/example_sensors.py for tasks to queue
[2024-09-16T16:32:48.769+0000] {logging_mixin.py:190} INFO - [2024-09-16T16:32:48.769+0000] {dagbag.py:587} INFO - Filling up the DagBag from /home/airflow/.local/lib/python3.12/site-packages/airflow/example_dags/example_sensors.py
[2024-09-16T16:32:48.778+0000] {processor.py:925} INFO - DAG(s) 'example_sensors' retrieved from /home/airflow/.local/lib/python3.12/site-packages/airflow/example_dags/example_sensors.py
[2024-09-16T16:32:48.801+0000] {logging_mixin.py:190} INFO - [2024-09-16T16:32:48.801+0000] {dag.py:3229} INFO - Sync 1 DAGs
[2024-09-16T16:32:48.813+0000] {logging_mixin.py:190} INFO - [2024-09-16T16:32:48.813+0000] {dag.py:4156} INFO - Setting next_dagrun for example_sensors to None, run_after=None
[2024-09-16T16:32:48.831+0000] {processor.py:208} INFO - Processing /home/airflow/.local/lib/python3.12/site-packages/airflow/example_dags/example_sensors.py took 0.070 seconds
[2024-09-16T16:33:19.161+0000] {processor.py:186} INFO - Started process (PID=460) to work on /home/airflow/.local/lib/python3.12/site-packages/airflow/example_dags/example_sensors.py
[2024-09-16T16:33:19.162+0000] {processor.py:914} INFO - Processing file /home/airflow/.local/lib/python3.12/site-packages/airflow/example_dags/example_sensors.py for tasks to queue
[2024-09-16T16:33:19.164+0000] {logging_mixin.py:190} INFO - [2024-09-16T16:33:19.164+0000] {dagbag.py:587} INFO - Filling up the DagBag from /home/airflow/.local/lib/python3.12/site-packages/airflow/example_dags/example_sensors.py
[2024-09-16T16:33:19.173+0000] {processor.py:925} INFO - DAG(s) 'example_sensors' retrieved from /home/airflow/.local/lib/python3.12/site-packages/airflow/example_dags/example_sensors.py
[2024-09-16T16:33:19.198+0000] {logging_mixin.py:190} INFO - [2024-09-16T16:33:19.198+0000] {dag.py:3229} INFO - Sync 1 DAGs
[2024-09-16T16:33:19.212+0000] {logging_mixin.py:190} INFO - [2024-09-16T16:33:19.212+0000] {dag.py:4156} INFO - Setting next_dagrun for example_sensors to None, run_after=None
[2024-09-16T16:33:19.230+0000] {processor.py:208} INFO - Processing /home/airflow/.local/lib/python3.12/site-packages/airflow/example_dags/example_sensors.py took 0.074 seconds
[2024-09-16T16:33:49.631+0000] {processor.py:186} INFO - Started process (PID=522) to work on /home/airflow/.local/lib/python3.12/site-packages/airflow/example_dags/example_sensors.py
[2024-09-16T16:33:49.632+0000] {processor.py:914} INFO - Processing file /home/airflow/.local/lib/python3.12/site-packages/airflow/example_dags/example_sensors.py for tasks to queue
[2024-09-16T16:33:49.635+0000] {logging_mixin.py:190} INFO - [2024-09-16T16:33:49.635+0000] {dagbag.py:587} INFO - Filling up the DagBag from /home/airflow/.local/lib/python3.12/site-packages/airflow/example_dags/example_sensors.py
[2024-09-16T16:33:49.644+0000] {processor.py:925} INFO - DAG(s) 'example_sensors' retrieved from /home/airflow/.local/lib/python3.12/site-packages/airflow/example_dags/example_sensors.py
[2024-09-16T16:33:49.671+0000] {logging_mixin.py:190} INFO - [2024-09-16T16:33:49.671+0000] {dag.py:3229} INFO - Sync 1 DAGs
[2024-09-16T16:33:49.689+0000] {logging_mixin.py:190} INFO - [2024-09-16T16:33:49.689+0000] {dag.py:4156} INFO - Setting next_dagrun for example_sensors to None, run_after=None
[2024-09-16T16:33:49.710+0000] {processor.py:208} INFO - Processing /home/airflow/.local/lib/python3.12/site-packages/airflow/example_dags/example_sensors.py took 0.084 seconds
[2024-09-16T16:34:20.099+0000] {processor.py:186} INFO - Started process (PID=584) to work on /home/airflow/.local/lib/python3.12/site-packages/airflow/example_dags/example_sensors.py
[2024-09-16T16:34:20.100+0000] {processor.py:914} INFO - Processing file /home/airflow/.local/lib/python3.12/site-packages/airflow/example_dags/example_sensors.py for tasks to queue
[2024-09-16T16:34:20.102+0000] {logging_mixin.py:190} INFO - [2024-09-16T16:34:20.101+0000] {dagbag.py:587} INFO - Filling up the DagBag from /home/airflow/.local/lib/python3.12/site-packages/airflow/example_dags/example_sensors.py
[2024-09-16T16:34:20.110+0000] {processor.py:925} INFO - DAG(s) 'example_sensors' retrieved from /home/airflow/.local/lib/python3.12/site-packages/airflow/example_dags/example_sensors.py
[2024-09-16T16:34:20.130+0000] {logging_mixin.py:190} INFO - [2024-09-16T16:34:20.130+0000] {dag.py:3229} INFO - Sync 1 DAGs
[2024-09-16T16:34:20.141+0000] {logging_mixin.py:190} INFO - [2024-09-16T16:34:20.141+0000] {dag.py:4156} INFO - Setting next_dagrun for example_sensors to None, run_after=None
[2024-09-16T16:34:20.159+0000] {processor.py:208} INFO - Processing /home/airflow/.local/lib/python3.12/site-packages/airflow/example_dags/example_sensors.py took 0.066 seconds
[2024-09-16T16:34:50.676+0000] {processor.py:186} INFO - Started process (PID=646) to work on /home/airflow/.local/lib/python3.12/site-packages/airflow/example_dags/example_sensors.py
[2024-09-16T16:34:50.677+0000] {processor.py:914} INFO - Processing file /home/airflow/.local/lib/python3.12/site-packages/airflow/example_dags/example_sensors.py for tasks to queue
[2024-09-16T16:34:50.678+0000] {logging_mixin.py:190} INFO - [2024-09-16T16:34:50.678+0000] {dagbag.py:587} INFO - Filling up the DagBag from /home/airflow/.local/lib/python3.12/site-packages/airflow/example_dags/example_sensors.py
[2024-09-16T16:34:50.686+0000] {processor.py:925} INFO - DAG(s) 'example_sensors' retrieved from /home/airflow/.local/lib/python3.12/site-packages/airflow/example_dags/example_sensors.py
[2024-09-16T16:34:50.709+0000] {logging_mixin.py:190} INFO - [2024-09-16T16:34:50.709+0000] {dag.py:3229} INFO - Sync 1 DAGs
[2024-09-16T16:34:50.720+0000] {logging_mixin.py:190} INFO - [2024-09-16T16:34:50.720+0000] {dag.py:4156} INFO - Setting next_dagrun for example_sensors to None, run_after=None
[2024-09-16T16:34:50.737+0000] {processor.py:208} INFO - Processing /home/airflow/.local/lib/python3.12/site-packages/airflow/example_dags/example_sensors.py took 0.068 seconds
[2024-09-16T16:35:21.233+0000] {processor.py:186} INFO - Started process (PID=709) to work on /home/airflow/.local/lib/python3.12/site-packages/airflow/example_dags/example_sensors.py
[2024-09-16T16:35:21.233+0000] {processor.py:914} INFO - Processing file /home/airflow/.local/lib/python3.12/site-packages/airflow/example_dags/example_sensors.py for tasks to queue
[2024-09-16T16:35:21.235+0000] {logging_mixin.py:190} INFO - [2024-09-16T16:35:21.235+0000] {dagbag.py:587} INFO - Filling up the DagBag from /home/airflow/.local/lib/python3.12/site-packages/airflow/example_dags/example_sensors.py
[2024-09-16T16:35:21.244+0000] {processor.py:925} INFO - DAG(s) 'example_sensors' retrieved from /home/airflow/.local/lib/python3.12/site-packages/airflow/example_dags/example_sensors.py
[2024-09-16T16:35:21.264+0000] {logging_mixin.py:190} INFO - [2024-09-16T16:35:21.264+0000] {dag.py:3229} INFO - Sync 1 DAGs
[2024-09-16T16:35:21.277+0000] {logging_mixin.py:190} INFO - [2024-09-16T16:35:21.276+0000] {dag.py:4156} INFO - Setting next_dagrun for example_sensors to None, run_after=None
[2024-09-16T16:35:21.293+0000] {processor.py:208} INFO - Processing /home/airflow/.local/lib/python3.12/site-packages/airflow/example_dags/example_sensors.py took 0.064 seconds
[2024-09-16T16:35:51.803+0000] {processor.py:186} INFO - Started process (PID=771) to work on /home/airflow/.local/lib/python3.12/site-packages/airflow/example_dags/example_sensors.py
[2024-09-16T16:35:51.804+0000] {processor.py:914} INFO - Processing file /home/airflow/.local/lib/python3.12/site-packages/airflow/example_dags/example_sensors.py for tasks to queue
[2024-09-16T16:35:51.807+0000] {logging_mixin.py:190} INFO - [2024-09-16T16:35:51.806+0000] {dagbag.py:587} INFO - Filling up the DagBag from /home/airflow/.local/lib/python3.12/site-packages/airflow/example_dags/example_sensors.py
[2024-09-16T16:35:51.818+0000] {processor.py:925} INFO - DAG(s) 'example_sensors' retrieved from /home/airflow/.local/lib/python3.12/site-packages/airflow/example_dags/example_sensors.py
[2024-09-16T16:35:51.844+0000] {logging_mixin.py:190} INFO - [2024-09-16T16:35:51.844+0000] {dag.py:3229} INFO - Sync 1 DAGs
[2024-09-16T16:35:51.858+0000] {logging_mixin.py:190} INFO - [2024-09-16T16:35:51.858+0000] {dag.py:4156} INFO - Setting next_dagrun for example_sensors to None, run_after=None
[2024-09-16T16:35:51.876+0000] {processor.py:208} INFO - Processing /home/airflow/.local/lib/python3.12/site-packages/airflow/example_dags/example_sensors.py took 0.080 seconds
[2024-09-16T16:36:22.348+0000] {processor.py:186} INFO - Started process (PID=833) to work on /home/airflow/.local/lib/python3.12/site-packages/airflow/example_dags/example_sensors.py
[2024-09-16T16:36:22.349+0000] {processor.py:914} INFO - Processing file /home/airflow/.local/lib/python3.12/site-packages/airflow/example_dags/example_sensors.py for tasks to queue
[2024-09-16T16:36:22.352+0000] {logging_mixin.py:190} INFO - [2024-09-16T16:36:22.351+0000] {dagbag.py:587} INFO - Filling up the DagBag from /home/airflow/.local/lib/python3.12/site-packages/airflow/example_dags/example_sensors.py
[2024-09-16T16:36:22.370+0000] {processor.py:925} INFO - DAG(s) 'example_sensors' retrieved from /home/airflow/.local/lib/python3.12/site-packages/airflow/example_dags/example_sensors.py
[2024-09-16T16:36:22.408+0000] {logging_mixin.py:190} INFO - [2024-09-16T16:36:22.407+0000] {dag.py:3229} INFO - Sync 1 DAGs
[2024-09-16T16:36:22.428+0000] {logging_mixin.py:190} INFO - [2024-09-16T16:36:22.428+0000] {dag.py:4156} INFO - Setting next_dagrun for example_sensors to None, run_after=None
[2024-09-16T16:36:22.451+0000] {processor.py:208} INFO - Processing /home/airflow/.local/lib/python3.12/site-packages/airflow/example_dags/example_sensors.py took 0.112 seconds
[2024-09-16T16:36:53.314+0000] {processor.py:186} INFO - Started process (PID=895) to work on /home/airflow/.local/lib/python3.12/site-packages/airflow/example_dags/example_sensors.py
[2024-09-16T16:36:53.315+0000] {processor.py:914} INFO - Processing file /home/airflow/.local/lib/python3.12/site-packages/airflow/example_dags/example_sensors.py for tasks to queue
[2024-09-16T16:36:53.317+0000] {logging_mixin.py:190} INFO - [2024-09-16T16:36:53.317+0000] {dagbag.py:587} INFO - Filling up the DagBag from /home/airflow/.local/lib/python3.12/site-packages/airflow/example_dags/example_sensors.py
[2024-09-16T16:36:53.327+0000] {processor.py:925} INFO - DAG(s) 'example_sensors' retrieved from /home/airflow/.local/lib/python3.12/site-packages/airflow/example_dags/example_sensors.py
[2024-09-16T16:36:53.347+0000] {logging_mixin.py:190} INFO - [2024-09-16T16:36:53.347+0000] {dag.py:3229} INFO - Sync 1 DAGs
[2024-09-16T16:36:53.358+0000] {logging_mixin.py:190} INFO - [2024-09-16T16:36:53.358+0000] {dag.py:4156} INFO - Setting next_dagrun for example_sensors to None, run_after=None
[2024-09-16T16:36:53.375+0000] {processor.py:208} INFO - Processing /home/airflow/.local/lib/python3.12/site-packages/airflow/example_dags/example_sensors.py took 0.067 seconds
[2024-09-16T16:37:23.722+0000] {processor.py:186} INFO - Started process (PID=957) to work on /home/airflow/.local/lib/python3.12/site-packages/airflow/example_dags/example_sensors.py
[2024-09-16T16:37:23.723+0000] {processor.py:914} INFO - Processing file /home/airflow/.local/lib/python3.12/site-packages/airflow/example_dags/example_sensors.py for tasks to queue
[2024-09-16T16:37:23.725+0000] {logging_mixin.py:190} INFO - [2024-09-16T16:37:23.725+0000] {dagbag.py:587} INFO - Filling up the DagBag from /home/airflow/.local/lib/python3.12/site-packages/airflow/example_dags/example_sensors.py
[2024-09-16T16:37:23.735+0000] {processor.py:925} INFO - DAG(s) 'example_sensors' retrieved from /home/airflow/.local/lib/python3.12/site-packages/airflow/example_dags/example_sensors.py
[2024-09-16T16:37:23.764+0000] {logging_mixin.py:190} INFO - [2024-09-16T16:37:23.763+0000] {dag.py:3229} INFO - Sync 1 DAGs
[2024-09-16T16:37:23.775+0000] {logging_mixin.py:190} INFO - [2024-09-16T16:37:23.775+0000] {dag.py:4156} INFO - Setting next_dagrun for example_sensors to None, run_after=None
[2024-09-16T16:37:23.791+0000] {processor.py:208} INFO - Processing /home/airflow/.local/lib/python3.12/site-packages/airflow/example_dags/example_sensors.py took 0.075 seconds
