[2024-09-16T16:25:46.023+0000] {processor.py:186} INFO - Started process (PID=107) to work on /home/airflow/.local/lib/python3.12/site-packages/airflow/example_dags/example_bash_operator.py
[2024-09-16T16:25:46.025+0000] {processor.py:914} INFO - Processing file /home/airflow/.local/lib/python3.12/site-packages/airflow/example_dags/example_bash_operator.py for tasks to queue
[2024-09-16T16:25:46.030+0000] {logging_mixin.py:190} INFO - [2024-09-16T16:25:46.029+0000] {dagbag.py:587} INFO - Filling up the DagBag from /home/airflow/.local/lib/python3.12/site-packages/airflow/example_dags/example_bash_operator.py
[2024-09-16T16:25:46.051+0000] {processor.py:925} INFO - DAG(s) 'example_bash_operator' retrieved from /home/airflow/.local/lib/python3.12/site-packages/airflow/example_dags/example_bash_operator.py
[2024-09-16T16:25:46.210+0000] {logging_mixin.py:190} INFO - [2024-09-16T16:25:46.209+0000] {override.py:1900} INFO - Created Permission View: can edit on DAG:example_bash_operator
[2024-09-16T16:25:46.223+0000] {logging_mixin.py:190} INFO - [2024-09-16T16:25:46.222+0000] {override.py:1900} INFO - Created Permission View: can delete on DAG:example_bash_operator
[2024-09-16T16:25:46.232+0000] {logging_mixin.py:190} INFO - [2024-09-16T16:25:46.231+0000] {override.py:1900} INFO - Created Permission View: can read on DAG:example_bash_operator
[2024-09-16T16:25:46.242+0000] {logging_mixin.py:190} INFO - [2024-09-16T16:25:46.242+0000] {override.py:1900} INFO - Created Permission View: can delete on DAG Run:example_bash_operator
[2024-09-16T16:25:46.251+0000] {logging_mixin.py:190} INFO - [2024-09-16T16:25:46.251+0000] {override.py:1900} INFO - Created Permission View: can create on DAG Run:example_bash_operator
[2024-09-16T16:25:46.259+0000] {logging_mixin.py:190} INFO - [2024-09-16T16:25:46.259+0000] {override.py:1900} INFO - Created Permission View: menu access on DAG Run:example_bash_operator
[2024-09-16T16:25:46.268+0000] {logging_mixin.py:190} INFO - [2024-09-16T16:25:46.267+0000] {override.py:1900} INFO - Created Permission View: can read on DAG Run:example_bash_operator
[2024-09-16T16:25:46.269+0000] {logging_mixin.py:190} INFO - [2024-09-16T16:25:46.268+0000] {dag.py:3229} INFO - Sync 1 DAGs
[2024-09-16T16:25:46.286+0000] {logging_mixin.py:190} INFO - [2024-09-16T16:25:46.285+0000] {dag.py:3252} INFO - Creating ORM DAG for example_bash_operator
[2024-09-16T16:25:46.299+0000] {logging_mixin.py:190} INFO - [2024-09-16T16:25:46.298+0000] {dag.py:4156} INFO - Setting next_dagrun for example_bash_operator to 2024-09-15 00:00:00+00:00, run_after=2024-09-16 00:00:00+00:00
[2024-09-16T16:25:46.321+0000] {processor.py:208} INFO - Processing /home/airflow/.local/lib/python3.12/site-packages/airflow/example_dags/example_bash_operator.py took 0.308 seconds
[2024-09-16T16:26:17.045+0000] {processor.py:186} INFO - Started process (PID=169) to work on /home/airflow/.local/lib/python3.12/site-packages/airflow/example_dags/example_bash_operator.py
[2024-09-16T16:26:17.046+0000] {processor.py:914} INFO - Processing file /home/airflow/.local/lib/python3.12/site-packages/airflow/example_dags/example_bash_operator.py for tasks to queue
[2024-09-16T16:26:17.048+0000] {logging_mixin.py:190} INFO - [2024-09-16T16:26:17.048+0000] {dagbag.py:587} INFO - Filling up the DagBag from /home/airflow/.local/lib/python3.12/site-packages/airflow/example_dags/example_bash_operator.py
[2024-09-16T16:26:17.065+0000] {processor.py:925} INFO - DAG(s) 'example_bash_operator' retrieved from /home/airflow/.local/lib/python3.12/site-packages/airflow/example_dags/example_bash_operator.py
[2024-09-16T16:26:17.101+0000] {logging_mixin.py:190} INFO - [2024-09-16T16:26:17.101+0000] {dag.py:3229} INFO - Sync 1 DAGs
[2024-09-16T16:26:17.151+0000] {logging_mixin.py:190} INFO - [2024-09-16T16:26:17.150+0000] {dag.py:4156} INFO - Setting next_dagrun for example_bash_operator to 2024-09-15 00:00:00+00:00, run_after=2024-09-16 00:00:00+00:00
[2024-09-16T16:26:17.243+0000] {processor.py:208} INFO - Processing /home/airflow/.local/lib/python3.12/site-packages/airflow/example_dags/example_bash_operator.py took 0.204 seconds
[2024-09-16T16:26:48.104+0000] {processor.py:186} INFO - Started process (PID=231) to work on /home/airflow/.local/lib/python3.12/site-packages/airflow/example_dags/example_bash_operator.py
[2024-09-16T16:26:48.105+0000] {processor.py:914} INFO - Processing file /home/airflow/.local/lib/python3.12/site-packages/airflow/example_dags/example_bash_operator.py for tasks to queue
[2024-09-16T16:26:48.109+0000] {logging_mixin.py:190} INFO - [2024-09-16T16:26:48.108+0000] {dagbag.py:587} INFO - Filling up the DagBag from /home/airflow/.local/lib/python3.12/site-packages/airflow/example_dags/example_bash_operator.py
[2024-09-16T16:26:48.127+0000] {processor.py:925} INFO - DAG(s) 'example_bash_operator' retrieved from /home/airflow/.local/lib/python3.12/site-packages/airflow/example_dags/example_bash_operator.py
[2024-09-16T16:26:48.165+0000] {logging_mixin.py:190} INFO - [2024-09-16T16:26:48.165+0000] {dag.py:3229} INFO - Sync 1 DAGs
[2024-09-16T16:26:48.199+0000] {logging_mixin.py:190} INFO - [2024-09-16T16:26:48.198+0000] {dag.py:4156} INFO - Setting next_dagrun for example_bash_operator to 2024-09-15 00:00:00+00:00, run_after=2024-09-16 00:00:00+00:00
[2024-09-16T16:26:48.228+0000] {processor.py:208} INFO - Processing /home/airflow/.local/lib/python3.12/site-packages/airflow/example_dags/example_bash_operator.py took 0.132 seconds
[2024-09-16T16:27:18.539+0000] {processor.py:186} INFO - Started process (PID=293) to work on /home/airflow/.local/lib/python3.12/site-packages/airflow/example_dags/example_bash_operator.py
[2024-09-16T16:27:18.541+0000] {processor.py:914} INFO - Processing file /home/airflow/.local/lib/python3.12/site-packages/airflow/example_dags/example_bash_operator.py for tasks to queue
[2024-09-16T16:27:18.545+0000] {logging_mixin.py:190} INFO - [2024-09-16T16:27:18.544+0000] {dagbag.py:587} INFO - Filling up the DagBag from /home/airflow/.local/lib/python3.12/site-packages/airflow/example_dags/example_bash_operator.py
[2024-09-16T16:27:18.570+0000] {processor.py:925} INFO - DAG(s) 'example_bash_operator' retrieved from /home/airflow/.local/lib/python3.12/site-packages/airflow/example_dags/example_bash_operator.py
[2024-09-16T16:27:18.614+0000] {logging_mixin.py:190} INFO - [2024-09-16T16:27:18.614+0000] {dag.py:3229} INFO - Sync 1 DAGs
[2024-09-16T16:27:18.657+0000] {logging_mixin.py:190} INFO - [2024-09-16T16:27:18.657+0000] {dag.py:4156} INFO - Setting next_dagrun for example_bash_operator to 2024-09-15 00:00:00+00:00, run_after=2024-09-16 00:00:00+00:00
[2024-09-16T16:27:18.683+0000] {processor.py:208} INFO - Processing /home/airflow/.local/lib/python3.12/site-packages/airflow/example_dags/example_bash_operator.py took 0.154 seconds
[2024-09-16T16:27:54.219+0000] {processor.py:186} INFO - Started process (PID=361) to work on /home/airflow/.local/lib/python3.12/site-packages/airflow/example_dags/example_bash_operator.py
[2024-09-16T16:27:54.221+0000] {processor.py:914} INFO - Processing file /home/airflow/.local/lib/python3.12/site-packages/airflow/example_dags/example_bash_operator.py for tasks to queue
[2024-09-16T16:27:54.226+0000] {logging_mixin.py:190} INFO - [2024-09-16T16:27:54.226+0000] {dagbag.py:587} INFO - Filling up the DagBag from /home/airflow/.local/lib/python3.12/site-packages/airflow/example_dags/example_bash_operator.py
[2024-09-16T16:27:54.280+0000] {processor.py:925} INFO - DAG(s) 'example_bash_operator' retrieved from /home/airflow/.local/lib/python3.12/site-packages/airflow/example_dags/example_bash_operator.py
[2024-09-16T16:27:54.401+0000] {logging_mixin.py:190} INFO - [2024-09-16T16:27:54.401+0000] {dag.py:3229} INFO - Sync 1 DAGs
[2024-09-16T16:27:54.495+0000] {logging_mixin.py:190} INFO - [2024-09-16T16:27:54.494+0000] {dag.py:4156} INFO - Setting next_dagrun for example_bash_operator to 2024-09-15 00:00:00+00:00, run_after=2024-09-16 00:00:00+00:00
[2024-09-16T16:27:54.575+0000] {processor.py:208} INFO - Processing /home/airflow/.local/lib/python3.12/site-packages/airflow/example_dags/example_bash_operator.py took 0.377 seconds
[2024-09-16T16:28:25.143+0000] {processor.py:186} INFO - Started process (PID=424) to work on /home/airflow/.local/lib/python3.12/site-packages/airflow/example_dags/example_bash_operator.py
[2024-09-16T16:28:25.145+0000] {processor.py:914} INFO - Processing file /home/airflow/.local/lib/python3.12/site-packages/airflow/example_dags/example_bash_operator.py for tasks to queue
[2024-09-16T16:28:25.150+0000] {logging_mixin.py:190} INFO - [2024-09-16T16:28:25.149+0000] {dagbag.py:587} INFO - Filling up the DagBag from /home/airflow/.local/lib/python3.12/site-packages/airflow/example_dags/example_bash_operator.py
[2024-09-16T16:28:25.206+0000] {processor.py:925} INFO - DAG(s) 'example_bash_operator' retrieved from /home/airflow/.local/lib/python3.12/site-packages/airflow/example_dags/example_bash_operator.py
[2024-09-16T16:28:25.319+0000] {logging_mixin.py:190} INFO - [2024-09-16T16:28:25.319+0000] {dag.py:3229} INFO - Sync 1 DAGs
[2024-09-16T16:28:25.460+0000] {logging_mixin.py:190} INFO - [2024-09-16T16:28:25.450+0000] {dag.py:4156} INFO - Setting next_dagrun for example_bash_operator to 2024-09-15 00:00:00+00:00, run_after=2024-09-16 00:00:00+00:00
[2024-09-16T16:28:25.547+0000] {processor.py:208} INFO - Processing /home/airflow/.local/lib/python3.12/site-packages/airflow/example_dags/example_bash_operator.py took 0.426 seconds
[2024-09-16T16:30:17.762+0000] {processor.py:186} INFO - Started process (PID=104) to work on /home/airflow/.local/lib/python3.12/site-packages/airflow/example_dags/example_bash_operator.py
[2024-09-16T16:30:17.763+0000] {processor.py:914} INFO - Processing file /home/airflow/.local/lib/python3.12/site-packages/airflow/example_dags/example_bash_operator.py for tasks to queue
[2024-09-16T16:30:17.767+0000] {logging_mixin.py:190} INFO - [2024-09-16T16:30:17.766+0000] {dagbag.py:587} INFO - Filling up the DagBag from /home/airflow/.local/lib/python3.12/site-packages/airflow/example_dags/example_bash_operator.py
[2024-09-16T16:30:17.785+0000] {processor.py:925} INFO - DAG(s) 'example_bash_operator' retrieved from /home/airflow/.local/lib/python3.12/site-packages/airflow/example_dags/example_bash_operator.py
[2024-09-16T16:30:17.826+0000] {logging_mixin.py:190} INFO - [2024-09-16T16:30:17.825+0000] {dag.py:3229} INFO - Sync 1 DAGs
[2024-09-16T16:30:17.871+0000] {logging_mixin.py:190} INFO - [2024-09-16T16:30:17.870+0000] {dag.py:4156} INFO - Setting next_dagrun for example_bash_operator to 2024-09-15 00:00:00+00:00, run_after=2024-09-16 00:00:00+00:00
[2024-09-16T16:30:17.899+0000] {processor.py:208} INFO - Processing /home/airflow/.local/lib/python3.12/site-packages/airflow/example_dags/example_bash_operator.py took 0.145 seconds
[2024-09-16T16:30:48.746+0000] {processor.py:186} INFO - Started process (PID=166) to work on /home/airflow/.local/lib/python3.12/site-packages/airflow/example_dags/example_bash_operator.py
[2024-09-16T16:30:48.746+0000] {processor.py:914} INFO - Processing file /home/airflow/.local/lib/python3.12/site-packages/airflow/example_dags/example_bash_operator.py for tasks to queue
[2024-09-16T16:30:48.748+0000] {logging_mixin.py:190} INFO - [2024-09-16T16:30:48.748+0000] {dagbag.py:587} INFO - Filling up the DagBag from /home/airflow/.local/lib/python3.12/site-packages/airflow/example_dags/example_bash_operator.py
[2024-09-16T16:30:48.757+0000] {processor.py:925} INFO - DAG(s) 'example_bash_operator' retrieved from /home/airflow/.local/lib/python3.12/site-packages/airflow/example_dags/example_bash_operator.py
[2024-09-16T16:30:48.781+0000] {logging_mixin.py:190} INFO - [2024-09-16T16:30:48.780+0000] {dag.py:3229} INFO - Sync 1 DAGs
[2024-09-16T16:30:48.800+0000] {logging_mixin.py:190} INFO - [2024-09-16T16:30:48.799+0000] {dag.py:4156} INFO - Setting next_dagrun for example_bash_operator to 2024-09-15 00:00:00+00:00, run_after=2024-09-16 00:00:00+00:00
[2024-09-16T16:30:48.815+0000] {processor.py:208} INFO - Processing /home/airflow/.local/lib/python3.12/site-packages/airflow/example_dags/example_bash_operator.py took 0.074 seconds
[2024-09-16T16:31:19.404+0000] {processor.py:186} INFO - Started process (PID=228) to work on /home/airflow/.local/lib/python3.12/site-packages/airflow/example_dags/example_bash_operator.py
[2024-09-16T16:31:19.405+0000] {processor.py:914} INFO - Processing file /home/airflow/.local/lib/python3.12/site-packages/airflow/example_dags/example_bash_operator.py for tasks to queue
[2024-09-16T16:31:19.408+0000] {logging_mixin.py:190} INFO - [2024-09-16T16:31:19.408+0000] {dagbag.py:587} INFO - Filling up the DagBag from /home/airflow/.local/lib/python3.12/site-packages/airflow/example_dags/example_bash_operator.py
[2024-09-16T16:31:19.421+0000] {processor.py:925} INFO - DAG(s) 'example_bash_operator' retrieved from /home/airflow/.local/lib/python3.12/site-packages/airflow/example_dags/example_bash_operator.py
[2024-09-16T16:31:19.446+0000] {logging_mixin.py:190} INFO - [2024-09-16T16:31:19.445+0000] {dag.py:3229} INFO - Sync 1 DAGs
[2024-09-16T16:31:19.465+0000] {logging_mixin.py:190} INFO - [2024-09-16T16:31:19.465+0000] {dag.py:4156} INFO - Setting next_dagrun for example_bash_operator to 2024-09-15 00:00:00+00:00, run_after=2024-09-16 00:00:00+00:00
[2024-09-16T16:31:19.482+0000] {processor.py:208} INFO - Processing /home/airflow/.local/lib/python3.12/site-packages/airflow/example_dags/example_bash_operator.py took 0.082 seconds
[2024-09-16T16:31:49.752+0000] {processor.py:186} INFO - Started process (PID=290) to work on /home/airflow/.local/lib/python3.12/site-packages/airflow/example_dags/example_bash_operator.py
[2024-09-16T16:31:49.754+0000] {processor.py:914} INFO - Processing file /home/airflow/.local/lib/python3.12/site-packages/airflow/example_dags/example_bash_operator.py for tasks to queue
[2024-09-16T16:31:49.758+0000] {logging_mixin.py:190} INFO - [2024-09-16T16:31:49.757+0000] {dagbag.py:587} INFO - Filling up the DagBag from /home/airflow/.local/lib/python3.12/site-packages/airflow/example_dags/example_bash_operator.py
[2024-09-16T16:31:49.769+0000] {processor.py:925} INFO - DAG(s) 'example_bash_operator' retrieved from /home/airflow/.local/lib/python3.12/site-packages/airflow/example_dags/example_bash_operator.py
[2024-09-16T16:31:49.793+0000] {logging_mixin.py:190} INFO - [2024-09-16T16:31:49.793+0000] {dag.py:3229} INFO - Sync 1 DAGs
[2024-09-16T16:31:49.817+0000] {logging_mixin.py:190} INFO - [2024-09-16T16:31:49.817+0000] {dag.py:4156} INFO - Setting next_dagrun for example_bash_operator to 2024-09-15 00:00:00+00:00, run_after=2024-09-16 00:00:00+00:00
[2024-09-16T16:31:49.840+0000] {processor.py:208} INFO - Processing /home/airflow/.local/lib/python3.12/site-packages/airflow/example_dags/example_bash_operator.py took 0.093 seconds
[2024-09-16T16:32:19.920+0000] {processor.py:186} INFO - Started process (PID=352) to work on /home/airflow/.local/lib/python3.12/site-packages/airflow/example_dags/example_bash_operator.py
[2024-09-16T16:32:19.921+0000] {processor.py:914} INFO - Processing file /home/airflow/.local/lib/python3.12/site-packages/airflow/example_dags/example_bash_operator.py for tasks to queue
[2024-09-16T16:32:19.923+0000] {logging_mixin.py:190} INFO - [2024-09-16T16:32:19.923+0000] {dagbag.py:587} INFO - Filling up the DagBag from /home/airflow/.local/lib/python3.12/site-packages/airflow/example_dags/example_bash_operator.py
[2024-09-16T16:32:19.932+0000] {processor.py:925} INFO - DAG(s) 'example_bash_operator' retrieved from /home/airflow/.local/lib/python3.12/site-packages/airflow/example_dags/example_bash_operator.py
[2024-09-16T16:32:19.956+0000] {logging_mixin.py:190} INFO - [2024-09-16T16:32:19.955+0000] {dag.py:3229} INFO - Sync 1 DAGs
[2024-09-16T16:32:19.974+0000] {logging_mixin.py:190} INFO - [2024-09-16T16:32:19.974+0000] {dag.py:4156} INFO - Setting next_dagrun for example_bash_operator to 2024-09-15 00:00:00+00:00, run_after=2024-09-16 00:00:00+00:00
[2024-09-16T16:32:19.989+0000] {processor.py:208} INFO - Processing /home/airflow/.local/lib/python3.12/site-packages/airflow/example_dags/example_bash_operator.py took 0.073 seconds
[2024-09-16T16:32:50.735+0000] {processor.py:186} INFO - Started process (PID=414) to work on /home/airflow/.local/lib/python3.12/site-packages/airflow/example_dags/example_bash_operator.py
[2024-09-16T16:32:50.736+0000] {processor.py:914} INFO - Processing file /home/airflow/.local/lib/python3.12/site-packages/airflow/example_dags/example_bash_operator.py for tasks to queue
[2024-09-16T16:32:50.738+0000] {logging_mixin.py:190} INFO - [2024-09-16T16:32:50.738+0000] {dagbag.py:587} INFO - Filling up the DagBag from /home/airflow/.local/lib/python3.12/site-packages/airflow/example_dags/example_bash_operator.py
[2024-09-16T16:32:50.750+0000] {processor.py:925} INFO - DAG(s) 'example_bash_operator' retrieved from /home/airflow/.local/lib/python3.12/site-packages/airflow/example_dags/example_bash_operator.py
[2024-09-16T16:32:50.778+0000] {logging_mixin.py:190} INFO - [2024-09-16T16:32:50.777+0000] {dag.py:3229} INFO - Sync 1 DAGs
[2024-09-16T16:32:50.803+0000] {logging_mixin.py:190} INFO - [2024-09-16T16:32:50.803+0000] {dag.py:4156} INFO - Setting next_dagrun for example_bash_operator to 2024-09-15 00:00:00+00:00, run_after=2024-09-16 00:00:00+00:00
[2024-09-16T16:32:50.824+0000] {processor.py:208} INFO - Processing /home/airflow/.local/lib/python3.12/site-packages/airflow/example_dags/example_bash_operator.py took 0.094 seconds
[2024-09-16T16:33:20.963+0000] {processor.py:186} INFO - Started process (PID=476) to work on /home/airflow/.local/lib/python3.12/site-packages/airflow/example_dags/example_bash_operator.py
[2024-09-16T16:33:20.964+0000] {processor.py:914} INFO - Processing file /home/airflow/.local/lib/python3.12/site-packages/airflow/example_dags/example_bash_operator.py for tasks to queue
[2024-09-16T16:33:20.966+0000] {logging_mixin.py:190} INFO - [2024-09-16T16:33:20.965+0000] {dagbag.py:587} INFO - Filling up the DagBag from /home/airflow/.local/lib/python3.12/site-packages/airflow/example_dags/example_bash_operator.py
[2024-09-16T16:33:20.978+0000] {processor.py:925} INFO - DAG(s) 'example_bash_operator' retrieved from /home/airflow/.local/lib/python3.12/site-packages/airflow/example_dags/example_bash_operator.py
[2024-09-16T16:33:21.001+0000] {logging_mixin.py:190} INFO - [2024-09-16T16:33:21.001+0000] {dag.py:3229} INFO - Sync 1 DAGs
[2024-09-16T16:33:21.024+0000] {logging_mixin.py:190} INFO - [2024-09-16T16:33:21.023+0000] {dag.py:4156} INFO - Setting next_dagrun for example_bash_operator to 2024-09-15 00:00:00+00:00, run_after=2024-09-16 00:00:00+00:00
[2024-09-16T16:33:21.042+0000] {processor.py:208} INFO - Processing /home/airflow/.local/lib/python3.12/site-packages/airflow/example_dags/example_bash_operator.py took 0.084 seconds
[2024-09-16T16:33:51.574+0000] {processor.py:186} INFO - Started process (PID=538) to work on /home/airflow/.local/lib/python3.12/site-packages/airflow/example_dags/example_bash_operator.py
[2024-09-16T16:33:51.575+0000] {processor.py:914} INFO - Processing file /home/airflow/.local/lib/python3.12/site-packages/airflow/example_dags/example_bash_operator.py for tasks to queue
[2024-09-16T16:33:51.579+0000] {logging_mixin.py:190} INFO - [2024-09-16T16:33:51.578+0000] {dagbag.py:587} INFO - Filling up the DagBag from /home/airflow/.local/lib/python3.12/site-packages/airflow/example_dags/example_bash_operator.py
[2024-09-16T16:33:51.594+0000] {processor.py:925} INFO - DAG(s) 'example_bash_operator' retrieved from /home/airflow/.local/lib/python3.12/site-packages/airflow/example_dags/example_bash_operator.py
[2024-09-16T16:33:51.625+0000] {logging_mixin.py:190} INFO - [2024-09-16T16:33:51.625+0000] {dag.py:3229} INFO - Sync 1 DAGs
[2024-09-16T16:33:51.652+0000] {logging_mixin.py:190} INFO - [2024-09-16T16:33:51.651+0000] {dag.py:4156} INFO - Setting next_dagrun for example_bash_operator to 2024-09-15 00:00:00+00:00, run_after=2024-09-16 00:00:00+00:00
[2024-09-16T16:33:51.672+0000] {processor.py:208} INFO - Processing /home/airflow/.local/lib/python3.12/site-packages/airflow/example_dags/example_bash_operator.py took 0.105 seconds
[2024-09-16T16:34:22.086+0000] {processor.py:186} INFO - Started process (PID=600) to work on /home/airflow/.local/lib/python3.12/site-packages/airflow/example_dags/example_bash_operator.py
[2024-09-16T16:34:22.087+0000] {processor.py:914} INFO - Processing file /home/airflow/.local/lib/python3.12/site-packages/airflow/example_dags/example_bash_operator.py for tasks to queue
[2024-09-16T16:34:22.089+0000] {logging_mixin.py:190} INFO - [2024-09-16T16:34:22.088+0000] {dagbag.py:587} INFO - Filling up the DagBag from /home/airflow/.local/lib/python3.12/site-packages/airflow/example_dags/example_bash_operator.py
[2024-09-16T16:34:22.100+0000] {processor.py:925} INFO - DAG(s) 'example_bash_operator' retrieved from /home/airflow/.local/lib/python3.12/site-packages/airflow/example_dags/example_bash_operator.py
[2024-09-16T16:34:22.127+0000] {logging_mixin.py:190} INFO - [2024-09-16T16:34:22.127+0000] {dag.py:3229} INFO - Sync 1 DAGs
[2024-09-16T16:34:22.155+0000] {logging_mixin.py:190} INFO - [2024-09-16T16:34:22.155+0000] {dag.py:4156} INFO - Setting next_dagrun for example_bash_operator to 2024-09-15 00:00:00+00:00, run_after=2024-09-16 00:00:00+00:00
[2024-09-16T16:34:22.174+0000] {processor.py:208} INFO - Processing /home/airflow/.local/lib/python3.12/site-packages/airflow/example_dags/example_bash_operator.py took 0.093 seconds
[2024-09-16T16:34:52.736+0000] {processor.py:186} INFO - Started process (PID=662) to work on /home/airflow/.local/lib/python3.12/site-packages/airflow/example_dags/example_bash_operator.py
[2024-09-16T16:34:52.737+0000] {processor.py:914} INFO - Processing file /home/airflow/.local/lib/python3.12/site-packages/airflow/example_dags/example_bash_operator.py for tasks to queue
[2024-09-16T16:34:52.740+0000] {logging_mixin.py:190} INFO - [2024-09-16T16:34:52.739+0000] {dagbag.py:587} INFO - Filling up the DagBag from /home/airflow/.local/lib/python3.12/site-packages/airflow/example_dags/example_bash_operator.py
[2024-09-16T16:34:52.753+0000] {processor.py:925} INFO - DAG(s) 'example_bash_operator' retrieved from /home/airflow/.local/lib/python3.12/site-packages/airflow/example_dags/example_bash_operator.py
[2024-09-16T16:34:52.777+0000] {logging_mixin.py:190} INFO - [2024-09-16T16:34:52.777+0000] {dag.py:3229} INFO - Sync 1 DAGs
[2024-09-16T16:34:52.797+0000] {logging_mixin.py:190} INFO - [2024-09-16T16:34:52.797+0000] {dag.py:4156} INFO - Setting next_dagrun for example_bash_operator to 2024-09-15 00:00:00+00:00, run_after=2024-09-16 00:00:00+00:00
[2024-09-16T16:34:52.814+0000] {processor.py:208} INFO - Processing /home/airflow/.local/lib/python3.12/site-packages/airflow/example_dags/example_bash_operator.py took 0.083 seconds
[2024-09-16T16:35:23.236+0000] {processor.py:186} INFO - Started process (PID=725) to work on /home/airflow/.local/lib/python3.12/site-packages/airflow/example_dags/example_bash_operator.py
[2024-09-16T16:35:23.237+0000] {processor.py:914} INFO - Processing file /home/airflow/.local/lib/python3.12/site-packages/airflow/example_dags/example_bash_operator.py for tasks to queue
[2024-09-16T16:35:23.238+0000] {logging_mixin.py:190} INFO - [2024-09-16T16:35:23.238+0000] {dagbag.py:587} INFO - Filling up the DagBag from /home/airflow/.local/lib/python3.12/site-packages/airflow/example_dags/example_bash_operator.py
[2024-09-16T16:35:23.248+0000] {processor.py:925} INFO - DAG(s) 'example_bash_operator' retrieved from /home/airflow/.local/lib/python3.12/site-packages/airflow/example_dags/example_bash_operator.py
[2024-09-16T16:35:23.271+0000] {logging_mixin.py:190} INFO - [2024-09-16T16:35:23.270+0000] {dag.py:3229} INFO - Sync 1 DAGs
[2024-09-16T16:35:23.289+0000] {logging_mixin.py:190} INFO - [2024-09-16T16:35:23.289+0000] {dag.py:4156} INFO - Setting next_dagrun for example_bash_operator to 2024-09-15 00:00:00+00:00, run_after=2024-09-16 00:00:00+00:00
[2024-09-16T16:35:23.306+0000] {processor.py:208} INFO - Processing /home/airflow/.local/lib/python3.12/site-packages/airflow/example_dags/example_bash_operator.py took 0.075 seconds
[2024-09-16T16:35:53.521+0000] {processor.py:186} INFO - Started process (PID=787) to work on /home/airflow/.local/lib/python3.12/site-packages/airflow/example_dags/example_bash_operator.py
[2024-09-16T16:35:53.524+0000] {processor.py:914} INFO - Processing file /home/airflow/.local/lib/python3.12/site-packages/airflow/example_dags/example_bash_operator.py for tasks to queue
[2024-09-16T16:35:53.528+0000] {logging_mixin.py:190} INFO - [2024-09-16T16:35:53.528+0000] {dagbag.py:587} INFO - Filling up the DagBag from /home/airflow/.local/lib/python3.12/site-packages/airflow/example_dags/example_bash_operator.py
[2024-09-16T16:35:53.559+0000] {processor.py:925} INFO - DAG(s) 'example_bash_operator' retrieved from /home/airflow/.local/lib/python3.12/site-packages/airflow/example_dags/example_bash_operator.py
[2024-09-16T16:35:53.611+0000] {logging_mixin.py:190} INFO - [2024-09-16T16:35:53.610+0000] {dag.py:3229} INFO - Sync 1 DAGs
[2024-09-16T16:35:53.676+0000] {logging_mixin.py:190} INFO - [2024-09-16T16:35:53.675+0000] {dag.py:4156} INFO - Setting next_dagrun for example_bash_operator to 2024-09-15 00:00:00+00:00, run_after=2024-09-16 00:00:00+00:00
[2024-09-16T16:35:53.733+0000] {processor.py:208} INFO - Processing /home/airflow/.local/lib/python3.12/site-packages/airflow/example_dags/example_bash_operator.py took 0.225 seconds
[2024-09-16T16:36:24.672+0000] {processor.py:186} INFO - Started process (PID=849) to work on /home/airflow/.local/lib/python3.12/site-packages/airflow/example_dags/example_bash_operator.py
[2024-09-16T16:36:24.673+0000] {processor.py:914} INFO - Processing file /home/airflow/.local/lib/python3.12/site-packages/airflow/example_dags/example_bash_operator.py for tasks to queue
[2024-09-16T16:36:24.675+0000] {logging_mixin.py:190} INFO - [2024-09-16T16:36:24.675+0000] {dagbag.py:587} INFO - Filling up the DagBag from /home/airflow/.local/lib/python3.12/site-packages/airflow/example_dags/example_bash_operator.py
[2024-09-16T16:36:24.690+0000] {processor.py:925} INFO - DAG(s) 'example_bash_operator' retrieved from /home/airflow/.local/lib/python3.12/site-packages/airflow/example_dags/example_bash_operator.py
[2024-09-16T16:36:24.715+0000] {logging_mixin.py:190} INFO - [2024-09-16T16:36:24.714+0000] {dag.py:3229} INFO - Sync 1 DAGs
[2024-09-16T16:36:24.737+0000] {logging_mixin.py:190} INFO - [2024-09-16T16:36:24.737+0000] {dag.py:4156} INFO - Setting next_dagrun for example_bash_operator to 2024-09-15 00:00:00+00:00, run_after=2024-09-16 00:00:00+00:00
[2024-09-16T16:36:24.760+0000] {processor.py:208} INFO - Processing /home/airflow/.local/lib/python3.12/site-packages/airflow/example_dags/example_bash_operator.py took 0.093 seconds
[2024-09-16T16:36:55.275+0000] {processor.py:186} INFO - Started process (PID=911) to work on /home/airflow/.local/lib/python3.12/site-packages/airflow/example_dags/example_bash_operator.py
[2024-09-16T16:36:55.277+0000] {processor.py:914} INFO - Processing file /home/airflow/.local/lib/python3.12/site-packages/airflow/example_dags/example_bash_operator.py for tasks to queue
[2024-09-16T16:36:55.280+0000] {logging_mixin.py:190} INFO - [2024-09-16T16:36:55.279+0000] {dagbag.py:587} INFO - Filling up the DagBag from /home/airflow/.local/lib/python3.12/site-packages/airflow/example_dags/example_bash_operator.py
[2024-09-16T16:36:55.289+0000] {processor.py:925} INFO - DAG(s) 'example_bash_operator' retrieved from /home/airflow/.local/lib/python3.12/site-packages/airflow/example_dags/example_bash_operator.py
[2024-09-16T16:36:55.310+0000] {logging_mixin.py:190} INFO - [2024-09-16T16:36:55.310+0000] {dag.py:3229} INFO - Sync 1 DAGs
[2024-09-16T16:36:55.330+0000] {logging_mixin.py:190} INFO - [2024-09-16T16:36:55.330+0000] {dag.py:4156} INFO - Setting next_dagrun for example_bash_operator to 2024-09-15 00:00:00+00:00, run_after=2024-09-16 00:00:00+00:00
[2024-09-16T16:36:55.351+0000] {processor.py:208} INFO - Processing /home/airflow/.local/lib/python3.12/site-packages/airflow/example_dags/example_bash_operator.py took 0.081 seconds
[2024-09-16T16:37:25.598+0000] {processor.py:186} INFO - Started process (PID=973) to work on /home/airflow/.local/lib/python3.12/site-packages/airflow/example_dags/example_bash_operator.py
[2024-09-16T16:37:25.599+0000] {processor.py:914} INFO - Processing file /home/airflow/.local/lib/python3.12/site-packages/airflow/example_dags/example_bash_operator.py for tasks to queue
[2024-09-16T16:37:25.601+0000] {logging_mixin.py:190} INFO - [2024-09-16T16:37:25.601+0000] {dagbag.py:587} INFO - Filling up the DagBag from /home/airflow/.local/lib/python3.12/site-packages/airflow/example_dags/example_bash_operator.py
[2024-09-16T16:37:25.613+0000] {processor.py:925} INFO - DAG(s) 'example_bash_operator' retrieved from /home/airflow/.local/lib/python3.12/site-packages/airflow/example_dags/example_bash_operator.py
[2024-09-16T16:37:25.639+0000] {logging_mixin.py:190} INFO - [2024-09-16T16:37:25.639+0000] {dag.py:3229} INFO - Sync 1 DAGs
[2024-09-16T16:37:25.657+0000] {logging_mixin.py:190} INFO - [2024-09-16T16:37:25.657+0000] {dag.py:4156} INFO - Setting next_dagrun for example_bash_operator to 2024-09-15 00:00:00+00:00, run_after=2024-09-16 00:00:00+00:00
[2024-09-16T16:37:25.675+0000] {processor.py:208} INFO - Processing /home/airflow/.local/lib/python3.12/site-packages/airflow/example_dags/example_bash_operator.py took 0.082 seconds
