[2024-09-16T16:25:47.268+0000] {processor.py:186} INFO - Started process (PID=114) to work on /home/airflow/.local/lib/python3.12/site-packages/airflow/example_dags/example_latest_only_with_trigger.py
[2024-09-16T16:25:47.269+0000] {processor.py:914} INFO - Processing file /home/airflow/.local/lib/python3.12/site-packages/airflow/example_dags/example_latest_only_with_trigger.py for tasks to queue
[2024-09-16T16:25:47.273+0000] {logging_mixin.py:190} INFO - [2024-09-16T16:25:47.272+0000] {dagbag.py:587} INFO - Filling up the DagBag from /home/airflow/.local/lib/python3.12/site-packages/airflow/example_dags/example_latest_only_with_trigger.py
[2024-09-16T16:25:47.285+0000] {processor.py:925} INFO - DAG(s) 'latest_only_with_trigger' retrieved from /home/airflow/.local/lib/python3.12/site-packages/airflow/example_dags/example_latest_only_with_trigger.py
[2024-09-16T16:25:47.419+0000] {logging_mixin.py:190} INFO - [2024-09-16T16:25:47.418+0000] {override.py:1900} INFO - Created Permission View: can edit on DAG:latest_only_with_trigger
[2024-09-16T16:25:47.434+0000] {logging_mixin.py:190} INFO - [2024-09-16T16:25:47.434+0000] {override.py:1900} INFO - Created Permission View: can delete on DAG:latest_only_with_trigger
[2024-09-16T16:25:47.442+0000] {logging_mixin.py:190} INFO - [2024-09-16T16:25:47.442+0000] {override.py:1900} INFO - Created Permission View: can read on DAG:latest_only_with_trigger
[2024-09-16T16:25:47.453+0000] {logging_mixin.py:190} INFO - [2024-09-16T16:25:47.453+0000] {override.py:1900} INFO - Created Permission View: can delete on DAG Run:latest_only_with_trigger
[2024-09-16T16:25:47.462+0000] {logging_mixin.py:190} INFO - [2024-09-16T16:25:47.462+0000] {override.py:1900} INFO - Created Permission View: can create on DAG Run:latest_only_with_trigger
[2024-09-16T16:25:47.471+0000] {logging_mixin.py:190} INFO - [2024-09-16T16:25:47.471+0000] {override.py:1900} INFO - Created Permission View: menu access on DAG Run:latest_only_with_trigger
[2024-09-16T16:25:47.481+0000] {logging_mixin.py:190} INFO - [2024-09-16T16:25:47.481+0000] {override.py:1900} INFO - Created Permission View: can read on DAG Run:latest_only_with_trigger
[2024-09-16T16:25:47.482+0000] {logging_mixin.py:190} INFO - [2024-09-16T16:25:47.482+0000] {dag.py:3229} INFO - Sync 1 DAGs
[2024-09-16T16:25:47.501+0000] {logging_mixin.py:190} INFO - [2024-09-16T16:25:47.500+0000] {dag.py:3252} INFO - Creating ORM DAG for latest_only_with_trigger
[2024-09-16T16:25:47.515+0000] {logging_mixin.py:190} INFO - [2024-09-16T16:25:47.515+0000] {dag.py:4156} INFO - Setting next_dagrun for latest_only_with_trigger to 2024-09-16 12:00:00+00:00, run_after=2024-09-16 16:00:00+00:00
[2024-09-16T16:25:47.539+0000] {processor.py:208} INFO - Processing /home/airflow/.local/lib/python3.12/site-packages/airflow/example_dags/example_latest_only_with_trigger.py took 0.284 seconds
[2024-09-16T16:26:18.612+0000] {processor.py:186} INFO - Started process (PID=177) to work on /home/airflow/.local/lib/python3.12/site-packages/airflow/example_dags/example_latest_only_with_trigger.py
[2024-09-16T16:26:18.620+0000] {processor.py:914} INFO - Processing file /home/airflow/.local/lib/python3.12/site-packages/airflow/example_dags/example_latest_only_with_trigger.py for tasks to queue
[2024-09-16T16:26:18.625+0000] {logging_mixin.py:190} INFO - [2024-09-16T16:26:18.624+0000] {dagbag.py:587} INFO - Filling up the DagBag from /home/airflow/.local/lib/python3.12/site-packages/airflow/example_dags/example_latest_only_with_trigger.py
[2024-09-16T16:26:18.642+0000] {processor.py:925} INFO - DAG(s) 'latest_only_with_trigger' retrieved from /home/airflow/.local/lib/python3.12/site-packages/airflow/example_dags/example_latest_only_with_trigger.py
[2024-09-16T16:26:18.688+0000] {logging_mixin.py:190} INFO - [2024-09-16T16:26:18.687+0000] {dag.py:3229} INFO - Sync 1 DAGs
[2024-09-16T16:26:18.756+0000] {logging_mixin.py:190} INFO - [2024-09-16T16:26:18.756+0000] {dag.py:4156} INFO - Setting next_dagrun for latest_only_with_trigger to 2024-09-16 12:00:00+00:00, run_after=2024-09-16 16:00:00+00:00
[2024-09-16T16:26:18.803+0000] {processor.py:208} INFO - Processing /home/airflow/.local/lib/python3.12/site-packages/airflow/example_dags/example_latest_only_with_trigger.py took 0.206 seconds
[2024-09-16T16:26:49.926+0000] {processor.py:186} INFO - Started process (PID=239) to work on /home/airflow/.local/lib/python3.12/site-packages/airflow/example_dags/example_latest_only_with_trigger.py
[2024-09-16T16:26:49.937+0000] {processor.py:914} INFO - Processing file /home/airflow/.local/lib/python3.12/site-packages/airflow/example_dags/example_latest_only_with_trigger.py for tasks to queue
[2024-09-16T16:26:49.942+0000] {logging_mixin.py:190} INFO - [2024-09-16T16:26:49.941+0000] {dagbag.py:587} INFO - Filling up the DagBag from /home/airflow/.local/lib/python3.12/site-packages/airflow/example_dags/example_latest_only_with_trigger.py
[2024-09-16T16:26:49.960+0000] {processor.py:925} INFO - DAG(s) 'latest_only_with_trigger' retrieved from /home/airflow/.local/lib/python3.12/site-packages/airflow/example_dags/example_latest_only_with_trigger.py
[2024-09-16T16:26:50.014+0000] {logging_mixin.py:190} INFO - [2024-09-16T16:26:50.013+0000] {dag.py:3229} INFO - Sync 1 DAGs
[2024-09-16T16:26:50.107+0000] {logging_mixin.py:190} INFO - [2024-09-16T16:26:50.107+0000] {dag.py:4156} INFO - Setting next_dagrun for latest_only_with_trigger to 2024-09-16 12:00:00+00:00, run_after=2024-09-16 16:00:00+00:00
[2024-09-16T16:26:50.168+0000] {processor.py:208} INFO - Processing /home/airflow/.local/lib/python3.12/site-packages/airflow/example_dags/example_latest_only_with_trigger.py took 0.252 seconds
[2024-09-16T16:27:20.280+0000] {processor.py:186} INFO - Started process (PID=302) to work on /home/airflow/.local/lib/python3.12/site-packages/airflow/example_dags/example_latest_only_with_trigger.py
[2024-09-16T16:27:20.281+0000] {processor.py:914} INFO - Processing file /home/airflow/.local/lib/python3.12/site-packages/airflow/example_dags/example_latest_only_with_trigger.py for tasks to queue
[2024-09-16T16:27:20.285+0000] {logging_mixin.py:190} INFO - [2024-09-16T16:27:20.284+0000] {dagbag.py:587} INFO - Filling up the DagBag from /home/airflow/.local/lib/python3.12/site-packages/airflow/example_dags/example_latest_only_with_trigger.py
[2024-09-16T16:27:20.294+0000] {processor.py:925} INFO - DAG(s) 'latest_only_with_trigger' retrieved from /home/airflow/.local/lib/python3.12/site-packages/airflow/example_dags/example_latest_only_with_trigger.py
[2024-09-16T16:27:20.318+0000] {logging_mixin.py:190} INFO - [2024-09-16T16:27:20.317+0000] {dag.py:3229} INFO - Sync 1 DAGs
[2024-09-16T16:27:20.343+0000] {logging_mixin.py:190} INFO - [2024-09-16T16:27:20.342+0000] {dag.py:4156} INFO - Setting next_dagrun for latest_only_with_trigger to 2024-09-16 12:00:00+00:00, run_after=2024-09-16 16:00:00+00:00
[2024-09-16T16:27:20.363+0000] {processor.py:208} INFO - Processing /home/airflow/.local/lib/python3.12/site-packages/airflow/example_dags/example_latest_only_with_trigger.py took 0.092 seconds
[2024-09-16T16:27:55.476+0000] {processor.py:186} INFO - Started process (PID=368) to work on /home/airflow/.local/lib/python3.12/site-packages/airflow/example_dags/example_latest_only_with_trigger.py
[2024-09-16T16:27:55.478+0000] {processor.py:914} INFO - Processing file /home/airflow/.local/lib/python3.12/site-packages/airflow/example_dags/example_latest_only_with_trigger.py for tasks to queue
[2024-09-16T16:27:55.482+0000] {logging_mixin.py:190} INFO - [2024-09-16T16:27:55.482+0000] {dagbag.py:587} INFO - Filling up the DagBag from /home/airflow/.local/lib/python3.12/site-packages/airflow/example_dags/example_latest_only_with_trigger.py
[2024-09-16T16:27:55.496+0000] {processor.py:925} INFO - DAG(s) 'latest_only_with_trigger' retrieved from /home/airflow/.local/lib/python3.12/site-packages/airflow/example_dags/example_latest_only_with_trigger.py
[2024-09-16T16:27:55.535+0000] {logging_mixin.py:190} INFO - [2024-09-16T16:27:55.535+0000] {dag.py:3229} INFO - Sync 1 DAGs
[2024-09-16T16:27:55.590+0000] {logging_mixin.py:190} INFO - [2024-09-16T16:27:55.589+0000] {dag.py:4156} INFO - Setting next_dagrun for latest_only_with_trigger to 2024-09-16 12:00:00+00:00, run_after=2024-09-16 16:00:00+00:00
[2024-09-16T16:27:55.629+0000] {processor.py:208} INFO - Processing /home/airflow/.local/lib/python3.12/site-packages/airflow/example_dags/example_latest_only_with_trigger.py took 0.162 seconds
[2024-09-16T16:28:26.558+0000] {processor.py:186} INFO - Started process (PID=431) to work on /home/airflow/.local/lib/python3.12/site-packages/airflow/example_dags/example_latest_only_with_trigger.py
[2024-09-16T16:28:26.563+0000] {processor.py:914} INFO - Processing file /home/airflow/.local/lib/python3.12/site-packages/airflow/example_dags/example_latest_only_with_trigger.py for tasks to queue
[2024-09-16T16:28:26.571+0000] {logging_mixin.py:190} INFO - [2024-09-16T16:28:26.570+0000] {dagbag.py:587} INFO - Filling up the DagBag from /home/airflow/.local/lib/python3.12/site-packages/airflow/example_dags/example_latest_only_with_trigger.py
[2024-09-16T16:28:26.624+0000] {processor.py:925} INFO - DAG(s) 'latest_only_with_trigger' retrieved from /home/airflow/.local/lib/python3.12/site-packages/airflow/example_dags/example_latest_only_with_trigger.py
[2024-09-16T16:28:26.725+0000] {logging_mixin.py:190} INFO - [2024-09-16T16:28:26.724+0000] {dag.py:3229} INFO - Sync 1 DAGs
[2024-09-16T16:28:26.841+0000] {logging_mixin.py:190} INFO - [2024-09-16T16:28:26.839+0000] {dag.py:4156} INFO - Setting next_dagrun for latest_only_with_trigger to 2024-09-16 12:00:00+00:00, run_after=2024-09-16 16:00:00+00:00
[2024-09-16T16:28:26.946+0000] {processor.py:208} INFO - Processing /home/airflow/.local/lib/python3.12/site-packages/airflow/example_dags/example_latest_only_with_trigger.py took 0.410 seconds
[2024-09-16T16:30:18.238+0000] {processor.py:186} INFO - Started process (PID=111) to work on /home/airflow/.local/lib/python3.12/site-packages/airflow/example_dags/example_latest_only_with_trigger.py
[2024-09-16T16:30:18.239+0000] {processor.py:914} INFO - Processing file /home/airflow/.local/lib/python3.12/site-packages/airflow/example_dags/example_latest_only_with_trigger.py for tasks to queue
[2024-09-16T16:30:18.243+0000] {logging_mixin.py:190} INFO - [2024-09-16T16:30:18.242+0000] {dagbag.py:587} INFO - Filling up the DagBag from /home/airflow/.local/lib/python3.12/site-packages/airflow/example_dags/example_latest_only_with_trigger.py
[2024-09-16T16:30:18.252+0000] {processor.py:925} INFO - DAG(s) 'latest_only_with_trigger' retrieved from /home/airflow/.local/lib/python3.12/site-packages/airflow/example_dags/example_latest_only_with_trigger.py
[2024-09-16T16:30:18.276+0000] {logging_mixin.py:190} INFO - [2024-09-16T16:30:18.276+0000] {dag.py:3229} INFO - Sync 1 DAGs
[2024-09-16T16:30:18.303+0000] {logging_mixin.py:190} INFO - [2024-09-16T16:30:18.302+0000] {dag.py:4156} INFO - Setting next_dagrun for latest_only_with_trigger to 2024-09-16 12:00:00+00:00, run_after=2024-09-16 16:00:00+00:00
[2024-09-16T16:30:18.323+0000] {processor.py:208} INFO - Processing /home/airflow/.local/lib/python3.12/site-packages/airflow/example_dags/example_latest_only_with_trigger.py took 0.092 seconds
[2024-09-16T16:30:49.178+0000] {processor.py:186} INFO - Started process (PID=173) to work on /home/airflow/.local/lib/python3.12/site-packages/airflow/example_dags/example_latest_only_with_trigger.py
[2024-09-16T16:30:49.179+0000] {processor.py:914} INFO - Processing file /home/airflow/.local/lib/python3.12/site-packages/airflow/example_dags/example_latest_only_with_trigger.py for tasks to queue
[2024-09-16T16:30:49.181+0000] {logging_mixin.py:190} INFO - [2024-09-16T16:30:49.181+0000] {dagbag.py:587} INFO - Filling up the DagBag from /home/airflow/.local/lib/python3.12/site-packages/airflow/example_dags/example_latest_only_with_trigger.py
[2024-09-16T16:30:49.188+0000] {processor.py:925} INFO - DAG(s) 'latest_only_with_trigger' retrieved from /home/airflow/.local/lib/python3.12/site-packages/airflow/example_dags/example_latest_only_with_trigger.py
[2024-09-16T16:30:49.206+0000] {logging_mixin.py:190} INFO - [2024-09-16T16:30:49.206+0000] {dag.py:3229} INFO - Sync 1 DAGs
[2024-09-16T16:30:49.229+0000] {logging_mixin.py:190} INFO - [2024-09-16T16:30:49.229+0000] {dag.py:4156} INFO - Setting next_dagrun for latest_only_with_trigger to 2024-09-16 12:00:00+00:00, run_after=2024-09-16 16:00:00+00:00
[2024-09-16T16:30:49.249+0000] {processor.py:208} INFO - Processing /home/airflow/.local/lib/python3.12/site-packages/airflow/example_dags/example_latest_only_with_trigger.py took 0.076 seconds
[2024-09-16T16:31:19.736+0000] {processor.py:186} INFO - Started process (PID=235) to work on /home/airflow/.local/lib/python3.12/site-packages/airflow/example_dags/example_latest_only_with_trigger.py
[2024-09-16T16:31:19.737+0000] {processor.py:914} INFO - Processing file /home/airflow/.local/lib/python3.12/site-packages/airflow/example_dags/example_latest_only_with_trigger.py for tasks to queue
[2024-09-16T16:31:19.739+0000] {logging_mixin.py:190} INFO - [2024-09-16T16:31:19.739+0000] {dagbag.py:587} INFO - Filling up the DagBag from /home/airflow/.local/lib/python3.12/site-packages/airflow/example_dags/example_latest_only_with_trigger.py
[2024-09-16T16:31:19.745+0000] {processor.py:925} INFO - DAG(s) 'latest_only_with_trigger' retrieved from /home/airflow/.local/lib/python3.12/site-packages/airflow/example_dags/example_latest_only_with_trigger.py
[2024-09-16T16:31:19.761+0000] {logging_mixin.py:190} INFO - [2024-09-16T16:31:19.761+0000] {dag.py:3229} INFO - Sync 1 DAGs
[2024-09-16T16:31:19.780+0000] {logging_mixin.py:190} INFO - [2024-09-16T16:31:19.780+0000] {dag.py:4156} INFO - Setting next_dagrun for latest_only_with_trigger to 2024-09-16 12:00:00+00:00, run_after=2024-09-16 16:00:00+00:00
[2024-09-16T16:31:19.798+0000] {processor.py:208} INFO - Processing /home/airflow/.local/lib/python3.12/site-packages/airflow/example_dags/example_latest_only_with_trigger.py took 0.066 seconds
[2024-09-16T16:31:50.151+0000] {processor.py:186} INFO - Started process (PID=297) to work on /home/airflow/.local/lib/python3.12/site-packages/airflow/example_dags/example_latest_only_with_trigger.py
[2024-09-16T16:31:50.152+0000] {processor.py:914} INFO - Processing file /home/airflow/.local/lib/python3.12/site-packages/airflow/example_dags/example_latest_only_with_trigger.py for tasks to queue
[2024-09-16T16:31:50.155+0000] {logging_mixin.py:190} INFO - [2024-09-16T16:31:50.154+0000] {dagbag.py:587} INFO - Filling up the DagBag from /home/airflow/.local/lib/python3.12/site-packages/airflow/example_dags/example_latest_only_with_trigger.py
[2024-09-16T16:31:50.162+0000] {processor.py:925} INFO - DAG(s) 'latest_only_with_trigger' retrieved from /home/airflow/.local/lib/python3.12/site-packages/airflow/example_dags/example_latest_only_with_trigger.py
[2024-09-16T16:31:50.184+0000] {logging_mixin.py:190} INFO - [2024-09-16T16:31:50.184+0000] {dag.py:3229} INFO - Sync 1 DAGs
[2024-09-16T16:31:50.209+0000] {logging_mixin.py:190} INFO - [2024-09-16T16:31:50.208+0000] {dag.py:4156} INFO - Setting next_dagrun for latest_only_with_trigger to 2024-09-16 12:00:00+00:00, run_after=2024-09-16 16:00:00+00:00
[2024-09-16T16:31:50.230+0000] {processor.py:208} INFO - Processing /home/airflow/.local/lib/python3.12/site-packages/airflow/example_dags/example_latest_only_with_trigger.py took 0.083 seconds
[2024-09-16T16:32:20.545+0000] {processor.py:186} INFO - Started process (PID=359) to work on /home/airflow/.local/lib/python3.12/site-packages/airflow/example_dags/example_latest_only_with_trigger.py
[2024-09-16T16:32:20.545+0000] {processor.py:914} INFO - Processing file /home/airflow/.local/lib/python3.12/site-packages/airflow/example_dags/example_latest_only_with_trigger.py for tasks to queue
[2024-09-16T16:32:20.548+0000] {logging_mixin.py:190} INFO - [2024-09-16T16:32:20.548+0000] {dagbag.py:587} INFO - Filling up the DagBag from /home/airflow/.local/lib/python3.12/site-packages/airflow/example_dags/example_latest_only_with_trigger.py
[2024-09-16T16:32:20.556+0000] {processor.py:925} INFO - DAG(s) 'latest_only_with_trigger' retrieved from /home/airflow/.local/lib/python3.12/site-packages/airflow/example_dags/example_latest_only_with_trigger.py
[2024-09-16T16:32:20.579+0000] {logging_mixin.py:190} INFO - [2024-09-16T16:32:20.579+0000] {dag.py:3229} INFO - Sync 1 DAGs
[2024-09-16T16:32:20.601+0000] {logging_mixin.py:190} INFO - [2024-09-16T16:32:20.600+0000] {dag.py:4156} INFO - Setting next_dagrun for latest_only_with_trigger to 2024-09-16 12:00:00+00:00, run_after=2024-09-16 16:00:00+00:00
[2024-09-16T16:32:20.620+0000] {processor.py:208} INFO - Processing /home/airflow/.local/lib/python3.12/site-packages/airflow/example_dags/example_latest_only_with_trigger.py took 0.081 seconds
[2024-09-16T16:32:51.164+0000] {processor.py:186} INFO - Started process (PID=421) to work on /home/airflow/.local/lib/python3.12/site-packages/airflow/example_dags/example_latest_only_with_trigger.py
[2024-09-16T16:32:51.164+0000] {processor.py:914} INFO - Processing file /home/airflow/.local/lib/python3.12/site-packages/airflow/example_dags/example_latest_only_with_trigger.py for tasks to queue
[2024-09-16T16:32:51.166+0000] {logging_mixin.py:190} INFO - [2024-09-16T16:32:51.166+0000] {dagbag.py:587} INFO - Filling up the DagBag from /home/airflow/.local/lib/python3.12/site-packages/airflow/example_dags/example_latest_only_with_trigger.py
[2024-09-16T16:32:51.171+0000] {processor.py:925} INFO - DAG(s) 'latest_only_with_trigger' retrieved from /home/airflow/.local/lib/python3.12/site-packages/airflow/example_dags/example_latest_only_with_trigger.py
[2024-09-16T16:32:51.189+0000] {logging_mixin.py:190} INFO - [2024-09-16T16:32:51.189+0000] {dag.py:3229} INFO - Sync 1 DAGs
[2024-09-16T16:32:51.206+0000] {logging_mixin.py:190} INFO - [2024-09-16T16:32:51.205+0000] {dag.py:4156} INFO - Setting next_dagrun for latest_only_with_trigger to 2024-09-16 12:00:00+00:00, run_after=2024-09-16 16:00:00+00:00
[2024-09-16T16:32:51.221+0000] {processor.py:208} INFO - Processing /home/airflow/.local/lib/python3.12/site-packages/airflow/example_dags/example_latest_only_with_trigger.py took 0.062 seconds
[2024-09-16T16:33:21.312+0000] {processor.py:186} INFO - Started process (PID=483) to work on /home/airflow/.local/lib/python3.12/site-packages/airflow/example_dags/example_latest_only_with_trigger.py
[2024-09-16T16:33:21.313+0000] {processor.py:914} INFO - Processing file /home/airflow/.local/lib/python3.12/site-packages/airflow/example_dags/example_latest_only_with_trigger.py for tasks to queue
[2024-09-16T16:33:21.315+0000] {logging_mixin.py:190} INFO - [2024-09-16T16:33:21.315+0000] {dagbag.py:587} INFO - Filling up the DagBag from /home/airflow/.local/lib/python3.12/site-packages/airflow/example_dags/example_latest_only_with_trigger.py
[2024-09-16T16:33:21.322+0000] {processor.py:925} INFO - DAG(s) 'latest_only_with_trigger' retrieved from /home/airflow/.local/lib/python3.12/site-packages/airflow/example_dags/example_latest_only_with_trigger.py
[2024-09-16T16:33:21.342+0000] {logging_mixin.py:190} INFO - [2024-09-16T16:33:21.342+0000] {dag.py:3229} INFO - Sync 1 DAGs
[2024-09-16T16:33:21.363+0000] {logging_mixin.py:190} INFO - [2024-09-16T16:33:21.363+0000] {dag.py:4156} INFO - Setting next_dagrun for latest_only_with_trigger to 2024-09-16 12:00:00+00:00, run_after=2024-09-16 16:00:00+00:00
[2024-09-16T16:33:21.381+0000] {processor.py:208} INFO - Processing /home/airflow/.local/lib/python3.12/site-packages/airflow/example_dags/example_latest_only_with_trigger.py took 0.076 seconds
[2024-09-16T16:33:51.948+0000] {processor.py:186} INFO - Started process (PID=545) to work on /home/airflow/.local/lib/python3.12/site-packages/airflow/example_dags/example_latest_only_with_trigger.py
[2024-09-16T16:33:51.949+0000] {processor.py:914} INFO - Processing file /home/airflow/.local/lib/python3.12/site-packages/airflow/example_dags/example_latest_only_with_trigger.py for tasks to queue
[2024-09-16T16:33:51.952+0000] {logging_mixin.py:190} INFO - [2024-09-16T16:33:51.951+0000] {dagbag.py:587} INFO - Filling up the DagBag from /home/airflow/.local/lib/python3.12/site-packages/airflow/example_dags/example_latest_only_with_trigger.py
[2024-09-16T16:33:51.958+0000] {processor.py:925} INFO - DAG(s) 'latest_only_with_trigger' retrieved from /home/airflow/.local/lib/python3.12/site-packages/airflow/example_dags/example_latest_only_with_trigger.py
[2024-09-16T16:33:51.978+0000] {logging_mixin.py:190} INFO - [2024-09-16T16:33:51.978+0000] {dag.py:3229} INFO - Sync 1 DAGs
[2024-09-16T16:33:52.001+0000] {logging_mixin.py:190} INFO - [2024-09-16T16:33:52.001+0000] {dag.py:4156} INFO - Setting next_dagrun for latest_only_with_trigger to 2024-09-16 12:00:00+00:00, run_after=2024-09-16 16:00:00+00:00
[2024-09-16T16:33:52.020+0000] {processor.py:208} INFO - Processing /home/airflow/.local/lib/python3.12/site-packages/airflow/example_dags/example_latest_only_with_trigger.py took 0.079 seconds
[2024-09-16T16:34:22.551+0000] {processor.py:186} INFO - Started process (PID=607) to work on /home/airflow/.local/lib/python3.12/site-packages/airflow/example_dags/example_latest_only_with_trigger.py
[2024-09-16T16:34:22.552+0000] {processor.py:914} INFO - Processing file /home/airflow/.local/lib/python3.12/site-packages/airflow/example_dags/example_latest_only_with_trigger.py for tasks to queue
[2024-09-16T16:34:22.554+0000] {logging_mixin.py:190} INFO - [2024-09-16T16:34:22.554+0000] {dagbag.py:587} INFO - Filling up the DagBag from /home/airflow/.local/lib/python3.12/site-packages/airflow/example_dags/example_latest_only_with_trigger.py
[2024-09-16T16:34:22.560+0000] {processor.py:925} INFO - DAG(s) 'latest_only_with_trigger' retrieved from /home/airflow/.local/lib/python3.12/site-packages/airflow/example_dags/example_latest_only_with_trigger.py
[2024-09-16T16:34:22.577+0000] {logging_mixin.py:190} INFO - [2024-09-16T16:34:22.577+0000] {dag.py:3229} INFO - Sync 1 DAGs
[2024-09-16T16:34:22.596+0000] {logging_mixin.py:190} INFO - [2024-09-16T16:34:22.596+0000] {dag.py:4156} INFO - Setting next_dagrun for latest_only_with_trigger to 2024-09-16 12:00:00+00:00, run_after=2024-09-16 16:00:00+00:00
[2024-09-16T16:34:22.614+0000] {processor.py:208} INFO - Processing /home/airflow/.local/lib/python3.12/site-packages/airflow/example_dags/example_latest_only_with_trigger.py took 0.070 seconds
[2024-09-16T16:34:53.092+0000] {processor.py:186} INFO - Started process (PID=669) to work on /home/airflow/.local/lib/python3.12/site-packages/airflow/example_dags/example_latest_only_with_trigger.py
[2024-09-16T16:34:53.093+0000] {processor.py:914} INFO - Processing file /home/airflow/.local/lib/python3.12/site-packages/airflow/example_dags/example_latest_only_with_trigger.py for tasks to queue
[2024-09-16T16:34:53.095+0000] {logging_mixin.py:190} INFO - [2024-09-16T16:34:53.095+0000] {dagbag.py:587} INFO - Filling up the DagBag from /home/airflow/.local/lib/python3.12/site-packages/airflow/example_dags/example_latest_only_with_trigger.py
[2024-09-16T16:34:53.101+0000] {processor.py:925} INFO - DAG(s) 'latest_only_with_trigger' retrieved from /home/airflow/.local/lib/python3.12/site-packages/airflow/example_dags/example_latest_only_with_trigger.py
[2024-09-16T16:34:53.120+0000] {logging_mixin.py:190} INFO - [2024-09-16T16:34:53.120+0000] {dag.py:3229} INFO - Sync 1 DAGs
[2024-09-16T16:34:53.140+0000] {logging_mixin.py:190} INFO - [2024-09-16T16:34:53.140+0000] {dag.py:4156} INFO - Setting next_dagrun for latest_only_with_trigger to 2024-09-16 12:00:00+00:00, run_after=2024-09-16 16:00:00+00:00
[2024-09-16T16:34:53.159+0000] {processor.py:208} INFO - Processing /home/airflow/.local/lib/python3.12/site-packages/airflow/example_dags/example_latest_only_with_trigger.py took 0.072 seconds
[2024-09-16T16:35:23.667+0000] {processor.py:186} INFO - Started process (PID=732) to work on /home/airflow/.local/lib/python3.12/site-packages/airflow/example_dags/example_latest_only_with_trigger.py
[2024-09-16T16:35:23.668+0000] {processor.py:914} INFO - Processing file /home/airflow/.local/lib/python3.12/site-packages/airflow/example_dags/example_latest_only_with_trigger.py for tasks to queue
[2024-09-16T16:35:23.670+0000] {logging_mixin.py:190} INFO - [2024-09-16T16:35:23.670+0000] {dagbag.py:587} INFO - Filling up the DagBag from /home/airflow/.local/lib/python3.12/site-packages/airflow/example_dags/example_latest_only_with_trigger.py
[2024-09-16T16:35:23.675+0000] {processor.py:925} INFO - DAG(s) 'latest_only_with_trigger' retrieved from /home/airflow/.local/lib/python3.12/site-packages/airflow/example_dags/example_latest_only_with_trigger.py
[2024-09-16T16:35:23.692+0000] {logging_mixin.py:190} INFO - [2024-09-16T16:35:23.692+0000] {dag.py:3229} INFO - Sync 1 DAGs
[2024-09-16T16:35:23.709+0000] {logging_mixin.py:190} INFO - [2024-09-16T16:35:23.709+0000] {dag.py:4156} INFO - Setting next_dagrun for latest_only_with_trigger to 2024-09-16 12:00:00+00:00, run_after=2024-09-16 16:00:00+00:00
[2024-09-16T16:35:23.727+0000] {processor.py:208} INFO - Processing /home/airflow/.local/lib/python3.12/site-packages/airflow/example_dags/example_latest_only_with_trigger.py took 0.065 seconds
[2024-09-16T16:35:54.274+0000] {processor.py:186} INFO - Started process (PID=794) to work on /home/airflow/.local/lib/python3.12/site-packages/airflow/example_dags/example_latest_only_with_trigger.py
[2024-09-16T16:35:54.275+0000] {processor.py:914} INFO - Processing file /home/airflow/.local/lib/python3.12/site-packages/airflow/example_dags/example_latest_only_with_trigger.py for tasks to queue
[2024-09-16T16:35:54.278+0000] {logging_mixin.py:190} INFO - [2024-09-16T16:35:54.278+0000] {dagbag.py:587} INFO - Filling up the DagBag from /home/airflow/.local/lib/python3.12/site-packages/airflow/example_dags/example_latest_only_with_trigger.py
[2024-09-16T16:35:54.287+0000] {processor.py:925} INFO - DAG(s) 'latest_only_with_trigger' retrieved from /home/airflow/.local/lib/python3.12/site-packages/airflow/example_dags/example_latest_only_with_trigger.py
[2024-09-16T16:35:54.313+0000] {logging_mixin.py:190} INFO - [2024-09-16T16:35:54.312+0000] {dag.py:3229} INFO - Sync 1 DAGs
[2024-09-16T16:35:54.341+0000] {logging_mixin.py:190} INFO - [2024-09-16T16:35:54.340+0000] {dag.py:4156} INFO - Setting next_dagrun for latest_only_with_trigger to 2024-09-16 12:00:00+00:00, run_after=2024-09-16 16:00:00+00:00
[2024-09-16T16:35:54.364+0000] {processor.py:208} INFO - Processing /home/airflow/.local/lib/python3.12/site-packages/airflow/example_dags/example_latest_only_with_trigger.py took 0.095 seconds
[2024-09-16T16:36:25.144+0000] {processor.py:186} INFO - Started process (PID=856) to work on /home/airflow/.local/lib/python3.12/site-packages/airflow/example_dags/example_latest_only_with_trigger.py
[2024-09-16T16:36:25.145+0000] {processor.py:914} INFO - Processing file /home/airflow/.local/lib/python3.12/site-packages/airflow/example_dags/example_latest_only_with_trigger.py for tasks to queue
[2024-09-16T16:36:25.147+0000] {logging_mixin.py:190} INFO - [2024-09-16T16:36:25.147+0000] {dagbag.py:587} INFO - Filling up the DagBag from /home/airflow/.local/lib/python3.12/site-packages/airflow/example_dags/example_latest_only_with_trigger.py
[2024-09-16T16:36:25.154+0000] {processor.py:925} INFO - DAG(s) 'latest_only_with_trigger' retrieved from /home/airflow/.local/lib/python3.12/site-packages/airflow/example_dags/example_latest_only_with_trigger.py
[2024-09-16T16:36:25.175+0000] {logging_mixin.py:190} INFO - [2024-09-16T16:36:25.175+0000] {dag.py:3229} INFO - Sync 1 DAGs
[2024-09-16T16:36:25.196+0000] {logging_mixin.py:190} INFO - [2024-09-16T16:36:25.195+0000] {dag.py:4156} INFO - Setting next_dagrun for latest_only_with_trigger to 2024-09-16 12:00:00+00:00, run_after=2024-09-16 16:00:00+00:00
[2024-09-16T16:36:25.214+0000] {processor.py:208} INFO - Processing /home/airflow/.local/lib/python3.12/site-packages/airflow/example_dags/example_latest_only_with_trigger.py took 0.076 seconds
[2024-09-16T16:36:55.706+0000] {processor.py:186} INFO - Started process (PID=918) to work on /home/airflow/.local/lib/python3.12/site-packages/airflow/example_dags/example_latest_only_with_trigger.py
[2024-09-16T16:36:55.706+0000] {processor.py:914} INFO - Processing file /home/airflow/.local/lib/python3.12/site-packages/airflow/example_dags/example_latest_only_with_trigger.py for tasks to queue
[2024-09-16T16:36:55.708+0000] {logging_mixin.py:190} INFO - [2024-09-16T16:36:55.708+0000] {dagbag.py:587} INFO - Filling up the DagBag from /home/airflow/.local/lib/python3.12/site-packages/airflow/example_dags/example_latest_only_with_trigger.py
[2024-09-16T16:36:55.716+0000] {processor.py:925} INFO - DAG(s) 'latest_only_with_trigger' retrieved from /home/airflow/.local/lib/python3.12/site-packages/airflow/example_dags/example_latest_only_with_trigger.py
[2024-09-16T16:36:55.732+0000] {logging_mixin.py:190} INFO - [2024-09-16T16:36:55.732+0000] {dag.py:3229} INFO - Sync 1 DAGs
[2024-09-16T16:36:55.752+0000] {logging_mixin.py:190} INFO - [2024-09-16T16:36:55.752+0000] {dag.py:4156} INFO - Setting next_dagrun for latest_only_with_trigger to 2024-09-16 12:00:00+00:00, run_after=2024-09-16 16:00:00+00:00
[2024-09-16T16:36:55.765+0000] {processor.py:208} INFO - Processing /home/airflow/.local/lib/python3.12/site-packages/airflow/example_dags/example_latest_only_with_trigger.py took 0.064 seconds
[2024-09-16T16:37:26.073+0000] {processor.py:186} INFO - Started process (PID=980) to work on /home/airflow/.local/lib/python3.12/site-packages/airflow/example_dags/example_latest_only_with_trigger.py
[2024-09-16T16:37:26.074+0000] {processor.py:914} INFO - Processing file /home/airflow/.local/lib/python3.12/site-packages/airflow/example_dags/example_latest_only_with_trigger.py for tasks to queue
[2024-09-16T16:37:26.077+0000] {logging_mixin.py:190} INFO - [2024-09-16T16:37:26.076+0000] {dagbag.py:587} INFO - Filling up the DagBag from /home/airflow/.local/lib/python3.12/site-packages/airflow/example_dags/example_latest_only_with_trigger.py
[2024-09-16T16:37:26.084+0000] {processor.py:925} INFO - DAG(s) 'latest_only_with_trigger' retrieved from /home/airflow/.local/lib/python3.12/site-packages/airflow/example_dags/example_latest_only_with_trigger.py
[2024-09-16T16:37:26.103+0000] {logging_mixin.py:190} INFO - [2024-09-16T16:37:26.103+0000] {dag.py:3229} INFO - Sync 1 DAGs
[2024-09-16T16:37:26.131+0000] {logging_mixin.py:190} INFO - [2024-09-16T16:37:26.131+0000] {dag.py:4156} INFO - Setting next_dagrun for latest_only_with_trigger to 2024-09-16 12:00:00+00:00, run_after=2024-09-16 16:00:00+00:00
[2024-09-16T16:37:26.155+0000] {processor.py:208} INFO - Processing /home/airflow/.local/lib/python3.12/site-packages/airflow/example_dags/example_latest_only_with_trigger.py took 0.086 seconds
