[2024-09-16T16:25:47.927+0000] {processor.py:186} INFO - Started process (PID=118) to work on /home/airflow/.local/lib/python3.12/site-packages/airflow/example_dags/example_external_task_marker_dag.py
[2024-09-16T16:25:47.929+0000] {processor.py:914} INFO - Processing file /home/airflow/.local/lib/python3.12/site-packages/airflow/example_dags/example_external_task_marker_dag.py for tasks to queue
[2024-09-16T16:25:47.933+0000] {logging_mixin.py:190} INFO - [2024-09-16T16:25:47.931+0000] {dagbag.py:587} INFO - Filling up the DagBag from /home/airflow/.local/lib/python3.12/site-packages/airflow/example_dags/example_external_task_marker_dag.py
[2024-09-16T16:25:47.943+0000] {processor.py:925} INFO - DAG(s) 'example_external_task_marker_parent', 'example_external_task_marker_child' retrieved from /home/airflow/.local/lib/python3.12/site-packages/airflow/example_dags/example_external_task_marker_dag.py
[2024-09-16T16:25:48.095+0000] {logging_mixin.py:190} INFO - [2024-09-16T16:25:48.094+0000] {override.py:1900} INFO - Created Permission View: can edit on DAG:example_external_task_marker_parent
[2024-09-16T16:25:48.112+0000] {logging_mixin.py:190} INFO - [2024-09-16T16:25:48.110+0000] {override.py:1900} INFO - Created Permission View: can delete on DAG:example_external_task_marker_parent
[2024-09-16T16:25:48.120+0000] {logging_mixin.py:190} INFO - [2024-09-16T16:25:48.119+0000] {override.py:1900} INFO - Created Permission View: can read on DAG:example_external_task_marker_parent
[2024-09-16T16:25:48.130+0000] {logging_mixin.py:190} INFO - [2024-09-16T16:25:48.130+0000] {override.py:1900} INFO - Created Permission View: can delete on DAG Run:example_external_task_marker_parent
[2024-09-16T16:25:48.139+0000] {logging_mixin.py:190} INFO - [2024-09-16T16:25:48.139+0000] {override.py:1900} INFO - Created Permission View: can create on DAG Run:example_external_task_marker_parent
[2024-09-16T16:25:48.149+0000] {logging_mixin.py:190} INFO - [2024-09-16T16:25:48.148+0000] {override.py:1900} INFO - Created Permission View: menu access on DAG Run:example_external_task_marker_parent
[2024-09-16T16:25:48.157+0000] {logging_mixin.py:190} INFO - [2024-09-16T16:25:48.157+0000] {override.py:1900} INFO - Created Permission View: can read on DAG Run:example_external_task_marker_parent
[2024-09-16T16:25:48.176+0000] {logging_mixin.py:190} INFO - [2024-09-16T16:25:48.176+0000] {override.py:1900} INFO - Created Permission View: can edit on DAG:example_external_task_marker_child
[2024-09-16T16:25:48.187+0000] {logging_mixin.py:190} INFO - [2024-09-16T16:25:48.187+0000] {override.py:1900} INFO - Created Permission View: can delete on DAG:example_external_task_marker_child
[2024-09-16T16:25:48.197+0000] {logging_mixin.py:190} INFO - [2024-09-16T16:25:48.196+0000] {override.py:1900} INFO - Created Permission View: can read on DAG:example_external_task_marker_child
[2024-09-16T16:25:48.206+0000] {logging_mixin.py:190} INFO - [2024-09-16T16:25:48.206+0000] {override.py:1900} INFO - Created Permission View: can delete on DAG Run:example_external_task_marker_child
[2024-09-16T16:25:48.217+0000] {logging_mixin.py:190} INFO - [2024-09-16T16:25:48.217+0000] {override.py:1900} INFO - Created Permission View: can create on DAG Run:example_external_task_marker_child
[2024-09-16T16:25:48.229+0000] {logging_mixin.py:190} INFO - [2024-09-16T16:25:48.228+0000] {override.py:1900} INFO - Created Permission View: menu access on DAG Run:example_external_task_marker_child
[2024-09-16T16:25:48.237+0000] {logging_mixin.py:190} INFO - [2024-09-16T16:25:48.237+0000] {override.py:1900} INFO - Created Permission View: can read on DAG Run:example_external_task_marker_child
[2024-09-16T16:25:48.238+0000] {logging_mixin.py:190} INFO - [2024-09-16T16:25:48.238+0000] {dag.py:3229} INFO - Sync 2 DAGs
[2024-09-16T16:25:48.254+0000] {logging_mixin.py:190} INFO - [2024-09-16T16:25:48.253+0000] {dag.py:3252} INFO - Creating ORM DAG for example_external_task_marker_parent
[2024-09-16T16:25:48.255+0000] {logging_mixin.py:190} INFO - [2024-09-16T16:25:48.255+0000] {dag.py:3252} INFO - Creating ORM DAG for example_external_task_marker_child
[2024-09-16T16:25:48.256+0000] {logging_mixin.py:190} INFO - [2024-09-16T16:25:48.256+0000] {dag.py:4156} INFO - Setting next_dagrun for example_external_task_marker_child to None, run_after=None
[2024-09-16T16:25:48.257+0000] {logging_mixin.py:190} INFO - [2024-09-16T16:25:48.257+0000] {dag.py:4156} INFO - Setting next_dagrun for example_external_task_marker_parent to None, run_after=None
[2024-09-16T16:25:48.280+0000] {processor.py:208} INFO - Processing /home/airflow/.local/lib/python3.12/site-packages/airflow/example_dags/example_external_task_marker_dag.py took 0.359 seconds
[2024-09-16T16:26:19.280+0000] {processor.py:186} INFO - Started process (PID=180) to work on /home/airflow/.local/lib/python3.12/site-packages/airflow/example_dags/example_external_task_marker_dag.py
[2024-09-16T16:26:19.282+0000] {processor.py:914} INFO - Processing file /home/airflow/.local/lib/python3.12/site-packages/airflow/example_dags/example_external_task_marker_dag.py for tasks to queue
[2024-09-16T16:26:19.297+0000] {logging_mixin.py:190} INFO - [2024-09-16T16:26:19.296+0000] {dagbag.py:587} INFO - Filling up the DagBag from /home/airflow/.local/lib/python3.12/site-packages/airflow/example_dags/example_external_task_marker_dag.py
[2024-09-16T16:26:19.324+0000] {processor.py:925} INFO - DAG(s) 'example_external_task_marker_child', 'example_external_task_marker_parent' retrieved from /home/airflow/.local/lib/python3.12/site-packages/airflow/example_dags/example_external_task_marker_dag.py
[2024-09-16T16:26:19.373+0000] {logging_mixin.py:190} INFO - [2024-09-16T16:26:19.373+0000] {dag.py:3229} INFO - Sync 2 DAGs
[2024-09-16T16:26:19.423+0000] {logging_mixin.py:190} INFO - [2024-09-16T16:26:19.422+0000] {dag.py:4156} INFO - Setting next_dagrun for example_external_task_marker_child to None, run_after=None
[2024-09-16T16:26:19.431+0000] {logging_mixin.py:190} INFO - [2024-09-16T16:26:19.430+0000] {dag.py:4156} INFO - Setting next_dagrun for example_external_task_marker_parent to None, run_after=None
[2024-09-16T16:26:19.496+0000] {processor.py:208} INFO - Processing /home/airflow/.local/lib/python3.12/site-packages/airflow/example_dags/example_external_task_marker_dag.py took 0.235 seconds
[2024-09-16T16:26:50.807+0000] {processor.py:186} INFO - Started process (PID=242) to work on /home/airflow/.local/lib/python3.12/site-packages/airflow/example_dags/example_external_task_marker_dag.py
[2024-09-16T16:26:50.822+0000] {processor.py:914} INFO - Processing file /home/airflow/.local/lib/python3.12/site-packages/airflow/example_dags/example_external_task_marker_dag.py for tasks to queue
[2024-09-16T16:26:50.837+0000] {logging_mixin.py:190} INFO - [2024-09-16T16:26:50.836+0000] {dagbag.py:587} INFO - Filling up the DagBag from /home/airflow/.local/lib/python3.12/site-packages/airflow/example_dags/example_external_task_marker_dag.py
[2024-09-16T16:26:50.865+0000] {processor.py:925} INFO - DAG(s) 'example_external_task_marker_child', 'example_external_task_marker_parent' retrieved from /home/airflow/.local/lib/python3.12/site-packages/airflow/example_dags/example_external_task_marker_dag.py
[2024-09-16T16:26:50.934+0000] {logging_mixin.py:190} INFO - [2024-09-16T16:26:50.934+0000] {dag.py:3229} INFO - Sync 2 DAGs
[2024-09-16T16:26:50.992+0000] {logging_mixin.py:190} INFO - [2024-09-16T16:26:50.991+0000] {dag.py:4156} INFO - Setting next_dagrun for example_external_task_marker_child to None, run_after=None
[2024-09-16T16:26:51.011+0000] {logging_mixin.py:190} INFO - [2024-09-16T16:26:51.010+0000] {dag.py:4156} INFO - Setting next_dagrun for example_external_task_marker_parent to None, run_after=None
[2024-09-16T16:26:51.064+0000] {processor.py:208} INFO - Processing /home/airflow/.local/lib/python3.12/site-packages/airflow/example_dags/example_external_task_marker_dag.py took 0.277 seconds
[2024-09-16T16:27:21.366+0000] {processor.py:186} INFO - Started process (PID=304) to work on /home/airflow/.local/lib/python3.12/site-packages/airflow/example_dags/example_external_task_marker_dag.py
[2024-09-16T16:27:21.368+0000] {processor.py:914} INFO - Processing file /home/airflow/.local/lib/python3.12/site-packages/airflow/example_dags/example_external_task_marker_dag.py for tasks to queue
[2024-09-16T16:27:21.372+0000] {logging_mixin.py:190} INFO - [2024-09-16T16:27:21.372+0000] {dagbag.py:587} INFO - Filling up the DagBag from /home/airflow/.local/lib/python3.12/site-packages/airflow/example_dags/example_external_task_marker_dag.py
[2024-09-16T16:27:21.389+0000] {processor.py:925} INFO - DAG(s) 'example_external_task_marker_child', 'example_external_task_marker_parent' retrieved from /home/airflow/.local/lib/python3.12/site-packages/airflow/example_dags/example_external_task_marker_dag.py
[2024-09-16T16:27:21.421+0000] {logging_mixin.py:190} INFO - [2024-09-16T16:27:21.421+0000] {dag.py:3229} INFO - Sync 2 DAGs
[2024-09-16T16:27:21.441+0000] {logging_mixin.py:190} INFO - [2024-09-16T16:27:21.441+0000] {dag.py:4156} INFO - Setting next_dagrun for example_external_task_marker_child to None, run_after=None
[2024-09-16T16:27:21.446+0000] {logging_mixin.py:190} INFO - [2024-09-16T16:27:21.445+0000] {dag.py:4156} INFO - Setting next_dagrun for example_external_task_marker_parent to None, run_after=None
[2024-09-16T16:27:21.467+0000] {processor.py:208} INFO - Processing /home/airflow/.local/lib/python3.12/site-packages/airflow/example_dags/example_external_task_marker_dag.py took 0.109 seconds
[2024-09-16T16:27:55.895+0000] {processor.py:186} INFO - Started process (PID=372) to work on /home/airflow/.local/lib/python3.12/site-packages/airflow/example_dags/example_external_task_marker_dag.py
[2024-09-16T16:27:55.897+0000] {processor.py:914} INFO - Processing file /home/airflow/.local/lib/python3.12/site-packages/airflow/example_dags/example_external_task_marker_dag.py for tasks to queue
[2024-09-16T16:27:55.903+0000] {logging_mixin.py:190} INFO - [2024-09-16T16:27:55.901+0000] {dagbag.py:587} INFO - Filling up the DagBag from /home/airflow/.local/lib/python3.12/site-packages/airflow/example_dags/example_external_task_marker_dag.py
[2024-09-16T16:27:55.918+0000] {processor.py:925} INFO - DAG(s) 'example_external_task_marker_parent', 'example_external_task_marker_child' retrieved from /home/airflow/.local/lib/python3.12/site-packages/airflow/example_dags/example_external_task_marker_dag.py
[2024-09-16T16:27:55.960+0000] {logging_mixin.py:190} INFO - [2024-09-16T16:27:55.959+0000] {dag.py:3229} INFO - Sync 2 DAGs
[2024-09-16T16:27:55.988+0000] {logging_mixin.py:190} INFO - [2024-09-16T16:27:55.987+0000] {dag.py:4156} INFO - Setting next_dagrun for example_external_task_marker_child to None, run_after=None
[2024-09-16T16:27:55.996+0000] {logging_mixin.py:190} INFO - [2024-09-16T16:27:55.995+0000] {dag.py:4156} INFO - Setting next_dagrun for example_external_task_marker_parent to None, run_after=None
[2024-09-16T16:27:56.029+0000] {processor.py:208} INFO - Processing /home/airflow/.local/lib/python3.12/site-packages/airflow/example_dags/example_external_task_marker_dag.py took 0.147 seconds
[2024-09-16T16:28:27.460+0000] {processor.py:186} INFO - Started process (PID=435) to work on /home/airflow/.local/lib/python3.12/site-packages/airflow/example_dags/example_external_task_marker_dag.py
[2024-09-16T16:28:27.469+0000] {processor.py:914} INFO - Processing file /home/airflow/.local/lib/python3.12/site-packages/airflow/example_dags/example_external_task_marker_dag.py for tasks to queue
[2024-09-16T16:28:27.478+0000] {logging_mixin.py:190} INFO - [2024-09-16T16:28:27.477+0000] {dagbag.py:587} INFO - Filling up the DagBag from /home/airflow/.local/lib/python3.12/site-packages/airflow/example_dags/example_external_task_marker_dag.py
[2024-09-16T16:28:27.511+0000] {processor.py:925} INFO - DAG(s) 'example_external_task_marker_child', 'example_external_task_marker_parent' retrieved from /home/airflow/.local/lib/python3.12/site-packages/airflow/example_dags/example_external_task_marker_dag.py
[2024-09-16T16:28:27.588+0000] {logging_mixin.py:190} INFO - [2024-09-16T16:28:27.588+0000] {dag.py:3229} INFO - Sync 2 DAGs
[2024-09-16T16:28:27.639+0000] {logging_mixin.py:190} INFO - [2024-09-16T16:28:27.638+0000] {dag.py:4156} INFO - Setting next_dagrun for example_external_task_marker_child to None, run_after=None
[2024-09-16T16:28:27.656+0000] {logging_mixin.py:190} INFO - [2024-09-16T16:28:27.655+0000] {dag.py:4156} INFO - Setting next_dagrun for example_external_task_marker_parent to None, run_after=None
[2024-09-16T16:28:27.730+0000] {processor.py:208} INFO - Processing /home/airflow/.local/lib/python3.12/site-packages/airflow/example_dags/example_external_task_marker_dag.py took 0.291 seconds
[2024-09-16T16:30:18.607+0000] {processor.py:186} INFO - Started process (PID=115) to work on /home/airflow/.local/lib/python3.12/site-packages/airflow/example_dags/example_external_task_marker_dag.py
[2024-09-16T16:30:18.608+0000] {processor.py:914} INFO - Processing file /home/airflow/.local/lib/python3.12/site-packages/airflow/example_dags/example_external_task_marker_dag.py for tasks to queue
[2024-09-16T16:30:18.610+0000] {logging_mixin.py:190} INFO - [2024-09-16T16:30:18.610+0000] {dagbag.py:587} INFO - Filling up the DagBag from /home/airflow/.local/lib/python3.12/site-packages/airflow/example_dags/example_external_task_marker_dag.py
[2024-09-16T16:30:18.620+0000] {processor.py:925} INFO - DAG(s) 'example_external_task_marker_child', 'example_external_task_marker_parent' retrieved from /home/airflow/.local/lib/python3.12/site-packages/airflow/example_dags/example_external_task_marker_dag.py
[2024-09-16T16:30:18.646+0000] {logging_mixin.py:190} INFO - [2024-09-16T16:30:18.646+0000] {dag.py:3229} INFO - Sync 2 DAGs
[2024-09-16T16:30:18.665+0000] {logging_mixin.py:190} INFO - [2024-09-16T16:30:18.664+0000] {dag.py:4156} INFO - Setting next_dagrun for example_external_task_marker_child to None, run_after=None
[2024-09-16T16:30:18.669+0000] {logging_mixin.py:190} INFO - [2024-09-16T16:30:18.668+0000] {dag.py:4156} INFO - Setting next_dagrun for example_external_task_marker_parent to None, run_after=None
[2024-09-16T16:30:18.685+0000] {processor.py:208} INFO - Processing /home/airflow/.local/lib/python3.12/site-packages/airflow/example_dags/example_external_task_marker_dag.py took 0.085 seconds
[2024-09-16T16:30:49.483+0000] {processor.py:186} INFO - Started process (PID=177) to work on /home/airflow/.local/lib/python3.12/site-packages/airflow/example_dags/example_external_task_marker_dag.py
[2024-09-16T16:30:49.484+0000] {processor.py:914} INFO - Processing file /home/airflow/.local/lib/python3.12/site-packages/airflow/example_dags/example_external_task_marker_dag.py for tasks to queue
[2024-09-16T16:30:49.487+0000] {logging_mixin.py:190} INFO - [2024-09-16T16:30:49.486+0000] {dagbag.py:587} INFO - Filling up the DagBag from /home/airflow/.local/lib/python3.12/site-packages/airflow/example_dags/example_external_task_marker_dag.py
[2024-09-16T16:30:49.493+0000] {processor.py:925} INFO - DAG(s) 'example_external_task_marker_child', 'example_external_task_marker_parent' retrieved from /home/airflow/.local/lib/python3.12/site-packages/airflow/example_dags/example_external_task_marker_dag.py
[2024-09-16T16:30:49.515+0000] {logging_mixin.py:190} INFO - [2024-09-16T16:30:49.515+0000] {dag.py:3229} INFO - Sync 2 DAGs
[2024-09-16T16:30:49.527+0000] {logging_mixin.py:190} INFO - [2024-09-16T16:30:49.526+0000] {dag.py:4156} INFO - Setting next_dagrun for example_external_task_marker_child to None, run_after=None
[2024-09-16T16:30:49.530+0000] {logging_mixin.py:190} INFO - [2024-09-16T16:30:49.530+0000] {dag.py:4156} INFO - Setting next_dagrun for example_external_task_marker_parent to None, run_after=None
[2024-09-16T16:30:49.547+0000] {processor.py:208} INFO - Processing /home/airflow/.local/lib/python3.12/site-packages/airflow/example_dags/example_external_task_marker_dag.py took 0.068 seconds
[2024-09-16T16:31:19.936+0000] {processor.py:186} INFO - Started process (PID=239) to work on /home/airflow/.local/lib/python3.12/site-packages/airflow/example_dags/example_external_task_marker_dag.py
[2024-09-16T16:31:19.937+0000] {processor.py:914} INFO - Processing file /home/airflow/.local/lib/python3.12/site-packages/airflow/example_dags/example_external_task_marker_dag.py for tasks to queue
[2024-09-16T16:31:19.939+0000] {logging_mixin.py:190} INFO - [2024-09-16T16:31:19.939+0000] {dagbag.py:587} INFO - Filling up the DagBag from /home/airflow/.local/lib/python3.12/site-packages/airflow/example_dags/example_external_task_marker_dag.py
[2024-09-16T16:31:19.945+0000] {processor.py:925} INFO - DAG(s) 'example_external_task_marker_child', 'example_external_task_marker_parent' retrieved from /home/airflow/.local/lib/python3.12/site-packages/airflow/example_dags/example_external_task_marker_dag.py
[2024-09-16T16:31:19.965+0000] {logging_mixin.py:190} INFO - [2024-09-16T16:31:19.965+0000] {dag.py:3229} INFO - Sync 2 DAGs
[2024-09-16T16:31:19.977+0000] {logging_mixin.py:190} INFO - [2024-09-16T16:31:19.977+0000] {dag.py:4156} INFO - Setting next_dagrun for example_external_task_marker_child to None, run_after=None
[2024-09-16T16:31:19.981+0000] {logging_mixin.py:190} INFO - [2024-09-16T16:31:19.981+0000] {dag.py:4156} INFO - Setting next_dagrun for example_external_task_marker_parent to None, run_after=None
[2024-09-16T16:31:19.995+0000] {processor.py:208} INFO - Processing /home/airflow/.local/lib/python3.12/site-packages/airflow/example_dags/example_external_task_marker_dag.py took 0.064 seconds
[2024-09-16T16:31:50.388+0000] {processor.py:186} INFO - Started process (PID=301) to work on /home/airflow/.local/lib/python3.12/site-packages/airflow/example_dags/example_external_task_marker_dag.py
[2024-09-16T16:31:50.389+0000] {processor.py:914} INFO - Processing file /home/airflow/.local/lib/python3.12/site-packages/airflow/example_dags/example_external_task_marker_dag.py for tasks to queue
[2024-09-16T16:31:50.391+0000] {logging_mixin.py:190} INFO - [2024-09-16T16:31:50.391+0000] {dagbag.py:587} INFO - Filling up the DagBag from /home/airflow/.local/lib/python3.12/site-packages/airflow/example_dags/example_external_task_marker_dag.py
[2024-09-16T16:31:50.397+0000] {processor.py:925} INFO - DAG(s) 'example_external_task_marker_child', 'example_external_task_marker_parent' retrieved from /home/airflow/.local/lib/python3.12/site-packages/airflow/example_dags/example_external_task_marker_dag.py
[2024-09-16T16:31:50.417+0000] {logging_mixin.py:190} INFO - [2024-09-16T16:31:50.417+0000] {dag.py:3229} INFO - Sync 2 DAGs
[2024-09-16T16:31:50.428+0000] {logging_mixin.py:190} INFO - [2024-09-16T16:31:50.428+0000] {dag.py:4156} INFO - Setting next_dagrun for example_external_task_marker_child to None, run_after=None
[2024-09-16T16:31:50.432+0000] {logging_mixin.py:190} INFO - [2024-09-16T16:31:50.431+0000] {dag.py:4156} INFO - Setting next_dagrun for example_external_task_marker_parent to None, run_after=None
[2024-09-16T16:31:50.448+0000] {processor.py:208} INFO - Processing /home/airflow/.local/lib/python3.12/site-packages/airflow/example_dags/example_external_task_marker_dag.py took 0.064 seconds
[2024-09-16T16:32:20.840+0000] {processor.py:186} INFO - Started process (PID=363) to work on /home/airflow/.local/lib/python3.12/site-packages/airflow/example_dags/example_external_task_marker_dag.py
[2024-09-16T16:32:20.841+0000] {processor.py:914} INFO - Processing file /home/airflow/.local/lib/python3.12/site-packages/airflow/example_dags/example_external_task_marker_dag.py for tasks to queue
[2024-09-16T16:32:20.844+0000] {logging_mixin.py:190} INFO - [2024-09-16T16:32:20.843+0000] {dagbag.py:587} INFO - Filling up the DagBag from /home/airflow/.local/lib/python3.12/site-packages/airflow/example_dags/example_external_task_marker_dag.py
[2024-09-16T16:32:20.862+0000] {processor.py:925} INFO - DAG(s) 'example_external_task_marker_parent', 'example_external_task_marker_child' retrieved from /home/airflow/.local/lib/python3.12/site-packages/airflow/example_dags/example_external_task_marker_dag.py
[2024-09-16T16:32:20.894+0000] {logging_mixin.py:190} INFO - [2024-09-16T16:32:20.893+0000] {dag.py:3229} INFO - Sync 2 DAGs
[2024-09-16T16:32:20.909+0000] {logging_mixin.py:190} INFO - [2024-09-16T16:32:20.909+0000] {dag.py:4156} INFO - Setting next_dagrun for example_external_task_marker_child to None, run_after=None
[2024-09-16T16:32:20.913+0000] {logging_mixin.py:190} INFO - [2024-09-16T16:32:20.912+0000] {dag.py:4156} INFO - Setting next_dagrun for example_external_task_marker_parent to None, run_after=None
[2024-09-16T16:32:20.936+0000] {processor.py:208} INFO - Processing /home/airflow/.local/lib/python3.12/site-packages/airflow/example_dags/example_external_task_marker_dag.py took 0.102 seconds
[2024-09-16T16:32:51.420+0000] {processor.py:186} INFO - Started process (PID=425) to work on /home/airflow/.local/lib/python3.12/site-packages/airflow/example_dags/example_external_task_marker_dag.py
[2024-09-16T16:32:51.421+0000] {processor.py:914} INFO - Processing file /home/airflow/.local/lib/python3.12/site-packages/airflow/example_dags/example_external_task_marker_dag.py for tasks to queue
[2024-09-16T16:32:51.424+0000] {logging_mixin.py:190} INFO - [2024-09-16T16:32:51.423+0000] {dagbag.py:587} INFO - Filling up the DagBag from /home/airflow/.local/lib/python3.12/site-packages/airflow/example_dags/example_external_task_marker_dag.py
[2024-09-16T16:32:51.431+0000] {processor.py:925} INFO - DAG(s) 'example_external_task_marker_parent', 'example_external_task_marker_child' retrieved from /home/airflow/.local/lib/python3.12/site-packages/airflow/example_dags/example_external_task_marker_dag.py
[2024-09-16T16:32:51.454+0000] {logging_mixin.py:190} INFO - [2024-09-16T16:32:51.453+0000] {dag.py:3229} INFO - Sync 2 DAGs
[2024-09-16T16:32:51.465+0000] {logging_mixin.py:190} INFO - [2024-09-16T16:32:51.465+0000] {dag.py:4156} INFO - Setting next_dagrun for example_external_task_marker_child to None, run_after=None
[2024-09-16T16:32:51.468+0000] {logging_mixin.py:190} INFO - [2024-09-16T16:32:51.468+0000] {dag.py:4156} INFO - Setting next_dagrun for example_external_task_marker_parent to None, run_after=None
[2024-09-16T16:32:51.482+0000] {processor.py:208} INFO - Processing /home/airflow/.local/lib/python3.12/site-packages/airflow/example_dags/example_external_task_marker_dag.py took 0.067 seconds
[2024-09-16T16:33:21.519+0000] {processor.py:186} INFO - Started process (PID=487) to work on /home/airflow/.local/lib/python3.12/site-packages/airflow/example_dags/example_external_task_marker_dag.py
[2024-09-16T16:33:21.520+0000] {processor.py:914} INFO - Processing file /home/airflow/.local/lib/python3.12/site-packages/airflow/example_dags/example_external_task_marker_dag.py for tasks to queue
[2024-09-16T16:33:21.523+0000] {logging_mixin.py:190} INFO - [2024-09-16T16:33:21.523+0000] {dagbag.py:587} INFO - Filling up the DagBag from /home/airflow/.local/lib/python3.12/site-packages/airflow/example_dags/example_external_task_marker_dag.py
[2024-09-16T16:33:21.531+0000] {processor.py:925} INFO - DAG(s) 'example_external_task_marker_parent', 'example_external_task_marker_child' retrieved from /home/airflow/.local/lib/python3.12/site-packages/airflow/example_dags/example_external_task_marker_dag.py
[2024-09-16T16:33:21.548+0000] {logging_mixin.py:190} INFO - [2024-09-16T16:33:21.548+0000] {dag.py:3229} INFO - Sync 2 DAGs
[2024-09-16T16:33:21.559+0000] {logging_mixin.py:190} INFO - [2024-09-16T16:33:21.559+0000] {dag.py:4156} INFO - Setting next_dagrun for example_external_task_marker_child to None, run_after=None
[2024-09-16T16:33:21.562+0000] {logging_mixin.py:190} INFO - [2024-09-16T16:33:21.561+0000] {dag.py:4156} INFO - Setting next_dagrun for example_external_task_marker_parent to None, run_after=None
[2024-09-16T16:33:21.575+0000] {processor.py:208} INFO - Processing /home/airflow/.local/lib/python3.12/site-packages/airflow/example_dags/example_external_task_marker_dag.py took 0.061 seconds
[2024-09-16T16:33:52.148+0000] {processor.py:186} INFO - Started process (PID=549) to work on /home/airflow/.local/lib/python3.12/site-packages/airflow/example_dags/example_external_task_marker_dag.py
[2024-09-16T16:33:52.149+0000] {processor.py:914} INFO - Processing file /home/airflow/.local/lib/python3.12/site-packages/airflow/example_dags/example_external_task_marker_dag.py for tasks to queue
[2024-09-16T16:33:52.151+0000] {logging_mixin.py:190} INFO - [2024-09-16T16:33:52.151+0000] {dagbag.py:587} INFO - Filling up the DagBag from /home/airflow/.local/lib/python3.12/site-packages/airflow/example_dags/example_external_task_marker_dag.py
[2024-09-16T16:33:52.158+0000] {processor.py:925} INFO - DAG(s) 'example_external_task_marker_parent', 'example_external_task_marker_child' retrieved from /home/airflow/.local/lib/python3.12/site-packages/airflow/example_dags/example_external_task_marker_dag.py
[2024-09-16T16:33:52.179+0000] {logging_mixin.py:190} INFO - [2024-09-16T16:33:52.178+0000] {dag.py:3229} INFO - Sync 2 DAGs
[2024-09-16T16:33:52.189+0000] {logging_mixin.py:190} INFO - [2024-09-16T16:33:52.189+0000] {dag.py:4156} INFO - Setting next_dagrun for example_external_task_marker_child to None, run_after=None
[2024-09-16T16:33:52.193+0000] {logging_mixin.py:190} INFO - [2024-09-16T16:33:52.192+0000] {dag.py:4156} INFO - Setting next_dagrun for example_external_task_marker_parent to None, run_after=None
[2024-09-16T16:33:52.207+0000] {processor.py:208} INFO - Processing /home/airflow/.local/lib/python3.12/site-packages/airflow/example_dags/example_external_task_marker_dag.py took 0.064 seconds
[2024-09-16T16:34:22.736+0000] {processor.py:186} INFO - Started process (PID=611) to work on /home/airflow/.local/lib/python3.12/site-packages/airflow/example_dags/example_external_task_marker_dag.py
[2024-09-16T16:34:22.737+0000] {processor.py:914} INFO - Processing file /home/airflow/.local/lib/python3.12/site-packages/airflow/example_dags/example_external_task_marker_dag.py for tasks to queue
[2024-09-16T16:34:22.739+0000] {logging_mixin.py:190} INFO - [2024-09-16T16:34:22.739+0000] {dagbag.py:587} INFO - Filling up the DagBag from /home/airflow/.local/lib/python3.12/site-packages/airflow/example_dags/example_external_task_marker_dag.py
[2024-09-16T16:34:22.745+0000] {processor.py:925} INFO - DAG(s) 'example_external_task_marker_child', 'example_external_task_marker_parent' retrieved from /home/airflow/.local/lib/python3.12/site-packages/airflow/example_dags/example_external_task_marker_dag.py
[2024-09-16T16:34:22.765+0000] {logging_mixin.py:190} INFO - [2024-09-16T16:34:22.764+0000] {dag.py:3229} INFO - Sync 2 DAGs
[2024-09-16T16:34:22.777+0000] {logging_mixin.py:190} INFO - [2024-09-16T16:34:22.777+0000] {dag.py:4156} INFO - Setting next_dagrun for example_external_task_marker_child to None, run_after=None
[2024-09-16T16:34:22.781+0000] {logging_mixin.py:190} INFO - [2024-09-16T16:34:22.781+0000] {dag.py:4156} INFO - Setting next_dagrun for example_external_task_marker_parent to None, run_after=None
[2024-09-16T16:34:22.796+0000] {processor.py:208} INFO - Processing /home/airflow/.local/lib/python3.12/site-packages/airflow/example_dags/example_external_task_marker_dag.py took 0.065 seconds
[2024-09-16T16:34:53.294+0000] {processor.py:186} INFO - Started process (PID=673) to work on /home/airflow/.local/lib/python3.12/site-packages/airflow/example_dags/example_external_task_marker_dag.py
[2024-09-16T16:34:53.295+0000] {processor.py:914} INFO - Processing file /home/airflow/.local/lib/python3.12/site-packages/airflow/example_dags/example_external_task_marker_dag.py for tasks to queue
[2024-09-16T16:34:53.297+0000] {logging_mixin.py:190} INFO - [2024-09-16T16:34:53.297+0000] {dagbag.py:587} INFO - Filling up the DagBag from /home/airflow/.local/lib/python3.12/site-packages/airflow/example_dags/example_external_task_marker_dag.py
[2024-09-16T16:34:53.305+0000] {processor.py:925} INFO - DAG(s) 'example_external_task_marker_child', 'example_external_task_marker_parent' retrieved from /home/airflow/.local/lib/python3.12/site-packages/airflow/example_dags/example_external_task_marker_dag.py
[2024-09-16T16:34:53.326+0000] {logging_mixin.py:190} INFO - [2024-09-16T16:34:53.326+0000] {dag.py:3229} INFO - Sync 2 DAGs
[2024-09-16T16:34:53.339+0000] {logging_mixin.py:190} INFO - [2024-09-16T16:34:53.339+0000] {dag.py:4156} INFO - Setting next_dagrun for example_external_task_marker_child to None, run_after=None
[2024-09-16T16:34:53.342+0000] {logging_mixin.py:190} INFO - [2024-09-16T16:34:53.342+0000] {dag.py:4156} INFO - Setting next_dagrun for example_external_task_marker_parent to None, run_after=None
[2024-09-16T16:34:53.357+0000] {processor.py:208} INFO - Processing /home/airflow/.local/lib/python3.12/site-packages/airflow/example_dags/example_external_task_marker_dag.py took 0.068 seconds
[2024-09-16T16:35:23.948+0000] {processor.py:186} INFO - Started process (PID=736) to work on /home/airflow/.local/lib/python3.12/site-packages/airflow/example_dags/example_external_task_marker_dag.py
[2024-09-16T16:35:23.949+0000] {processor.py:914} INFO - Processing file /home/airflow/.local/lib/python3.12/site-packages/airflow/example_dags/example_external_task_marker_dag.py for tasks to queue
[2024-09-16T16:35:23.951+0000] {logging_mixin.py:190} INFO - [2024-09-16T16:35:23.951+0000] {dagbag.py:587} INFO - Filling up the DagBag from /home/airflow/.local/lib/python3.12/site-packages/airflow/example_dags/example_external_task_marker_dag.py
[2024-09-16T16:35:23.957+0000] {processor.py:925} INFO - DAG(s) 'example_external_task_marker_child', 'example_external_task_marker_parent' retrieved from /home/airflow/.local/lib/python3.12/site-packages/airflow/example_dags/example_external_task_marker_dag.py
[2024-09-16T16:35:23.979+0000] {logging_mixin.py:190} INFO - [2024-09-16T16:35:23.979+0000] {dag.py:3229} INFO - Sync 2 DAGs
[2024-09-16T16:35:23.991+0000] {logging_mixin.py:190} INFO - [2024-09-16T16:35:23.991+0000] {dag.py:4156} INFO - Setting next_dagrun for example_external_task_marker_child to None, run_after=None
[2024-09-16T16:35:23.995+0000] {logging_mixin.py:190} INFO - [2024-09-16T16:35:23.994+0000] {dag.py:4156} INFO - Setting next_dagrun for example_external_task_marker_parent to None, run_after=None
[2024-09-16T16:35:24.010+0000] {processor.py:208} INFO - Processing /home/airflow/.local/lib/python3.12/site-packages/airflow/example_dags/example_external_task_marker_dag.py took 0.067 seconds
[2024-09-16T16:35:54.659+0000] {processor.py:186} INFO - Started process (PID=798) to work on /home/airflow/.local/lib/python3.12/site-packages/airflow/example_dags/example_external_task_marker_dag.py
[2024-09-16T16:35:54.660+0000] {processor.py:914} INFO - Processing file /home/airflow/.local/lib/python3.12/site-packages/airflow/example_dags/example_external_task_marker_dag.py for tasks to queue
[2024-09-16T16:35:54.663+0000] {logging_mixin.py:190} INFO - [2024-09-16T16:35:54.663+0000] {dagbag.py:587} INFO - Filling up the DagBag from /home/airflow/.local/lib/python3.12/site-packages/airflow/example_dags/example_external_task_marker_dag.py
[2024-09-16T16:35:54.673+0000] {processor.py:925} INFO - DAG(s) 'example_external_task_marker_child', 'example_external_task_marker_parent' retrieved from /home/airflow/.local/lib/python3.12/site-packages/airflow/example_dags/example_external_task_marker_dag.py
[2024-09-16T16:35:54.697+0000] {logging_mixin.py:190} INFO - [2024-09-16T16:35:54.697+0000] {dag.py:3229} INFO - Sync 2 DAGs
[2024-09-16T16:35:54.713+0000] {logging_mixin.py:190} INFO - [2024-09-16T16:35:54.713+0000] {dag.py:4156} INFO - Setting next_dagrun for example_external_task_marker_child to None, run_after=None
[2024-09-16T16:35:54.718+0000] {logging_mixin.py:190} INFO - [2024-09-16T16:35:54.717+0000] {dag.py:4156} INFO - Setting next_dagrun for example_external_task_marker_parent to None, run_after=None
[2024-09-16T16:35:54.737+0000] {processor.py:208} INFO - Processing /home/airflow/.local/lib/python3.12/site-packages/airflow/example_dags/example_external_task_marker_dag.py took 0.084 seconds
[2024-09-16T16:36:25.475+0000] {processor.py:186} INFO - Started process (PID=860) to work on /home/airflow/.local/lib/python3.12/site-packages/airflow/example_dags/example_external_task_marker_dag.py
[2024-09-16T16:36:25.476+0000] {processor.py:914} INFO - Processing file /home/airflow/.local/lib/python3.12/site-packages/airflow/example_dags/example_external_task_marker_dag.py for tasks to queue
[2024-09-16T16:36:25.479+0000] {logging_mixin.py:190} INFO - [2024-09-16T16:36:25.478+0000] {dagbag.py:587} INFO - Filling up the DagBag from /home/airflow/.local/lib/python3.12/site-packages/airflow/example_dags/example_external_task_marker_dag.py
[2024-09-16T16:36:25.486+0000] {processor.py:925} INFO - DAG(s) 'example_external_task_marker_parent', 'example_external_task_marker_child' retrieved from /home/airflow/.local/lib/python3.12/site-packages/airflow/example_dags/example_external_task_marker_dag.py
[2024-09-16T16:36:25.507+0000] {logging_mixin.py:190} INFO - [2024-09-16T16:36:25.507+0000] {dag.py:3229} INFO - Sync 2 DAGs
[2024-09-16T16:36:25.520+0000] {logging_mixin.py:190} INFO - [2024-09-16T16:36:25.520+0000] {dag.py:4156} INFO - Setting next_dagrun for example_external_task_marker_child to None, run_after=None
[2024-09-16T16:36:25.523+0000] {logging_mixin.py:190} INFO - [2024-09-16T16:36:25.523+0000] {dag.py:4156} INFO - Setting next_dagrun for example_external_task_marker_parent to None, run_after=None
[2024-09-16T16:36:25.540+0000] {processor.py:208} INFO - Processing /home/airflow/.local/lib/python3.12/site-packages/airflow/example_dags/example_external_task_marker_dag.py took 0.070 seconds
[2024-09-16T16:36:55.888+0000] {processor.py:186} INFO - Started process (PID=922) to work on /home/airflow/.local/lib/python3.12/site-packages/airflow/example_dags/example_external_task_marker_dag.py
[2024-09-16T16:36:55.889+0000] {processor.py:914} INFO - Processing file /home/airflow/.local/lib/python3.12/site-packages/airflow/example_dags/example_external_task_marker_dag.py for tasks to queue
[2024-09-16T16:36:55.891+0000] {logging_mixin.py:190} INFO - [2024-09-16T16:36:55.891+0000] {dagbag.py:587} INFO - Filling up the DagBag from /home/airflow/.local/lib/python3.12/site-packages/airflow/example_dags/example_external_task_marker_dag.py
[2024-09-16T16:36:55.897+0000] {processor.py:925} INFO - DAG(s) 'example_external_task_marker_parent', 'example_external_task_marker_child' retrieved from /home/airflow/.local/lib/python3.12/site-packages/airflow/example_dags/example_external_task_marker_dag.py
[2024-09-16T16:36:55.917+0000] {logging_mixin.py:190} INFO - [2024-09-16T16:36:55.916+0000] {dag.py:3229} INFO - Sync 2 DAGs
[2024-09-16T16:36:55.928+0000] {logging_mixin.py:190} INFO - [2024-09-16T16:36:55.928+0000] {dag.py:4156} INFO - Setting next_dagrun for example_external_task_marker_child to None, run_after=None
[2024-09-16T16:36:55.932+0000] {logging_mixin.py:190} INFO - [2024-09-16T16:36:55.932+0000] {dag.py:4156} INFO - Setting next_dagrun for example_external_task_marker_parent to None, run_after=None
[2024-09-16T16:36:55.950+0000] {processor.py:208} INFO - Processing /home/airflow/.local/lib/python3.12/site-packages/airflow/example_dags/example_external_task_marker_dag.py took 0.066 seconds
[2024-09-16T16:37:26.363+0000] {processor.py:186} INFO - Started process (PID=984) to work on /home/airflow/.local/lib/python3.12/site-packages/airflow/example_dags/example_external_task_marker_dag.py
[2024-09-16T16:37:26.364+0000] {processor.py:914} INFO - Processing file /home/airflow/.local/lib/python3.12/site-packages/airflow/example_dags/example_external_task_marker_dag.py for tasks to queue
[2024-09-16T16:37:26.366+0000] {logging_mixin.py:190} INFO - [2024-09-16T16:37:26.366+0000] {dagbag.py:587} INFO - Filling up the DagBag from /home/airflow/.local/lib/python3.12/site-packages/airflow/example_dags/example_external_task_marker_dag.py
[2024-09-16T16:37:26.372+0000] {processor.py:925} INFO - DAG(s) 'example_external_task_marker_child', 'example_external_task_marker_parent' retrieved from /home/airflow/.local/lib/python3.12/site-packages/airflow/example_dags/example_external_task_marker_dag.py
[2024-09-16T16:37:26.391+0000] {logging_mixin.py:190} INFO - [2024-09-16T16:37:26.390+0000] {dag.py:3229} INFO - Sync 2 DAGs
[2024-09-16T16:37:26.402+0000] {logging_mixin.py:190} INFO - [2024-09-16T16:37:26.401+0000] {dag.py:4156} INFO - Setting next_dagrun for example_external_task_marker_child to None, run_after=None
[2024-09-16T16:37:26.405+0000] {logging_mixin.py:190} INFO - [2024-09-16T16:37:26.404+0000] {dag.py:4156} INFO - Setting next_dagrun for example_external_task_marker_parent to None, run_after=None
[2024-09-16T16:37:26.418+0000] {processor.py:208} INFO - Processing /home/airflow/.local/lib/python3.12/site-packages/airflow/example_dags/example_external_task_marker_dag.py took 0.060 seconds
