[2024-09-16T16:25:45.948+0000] {processor.py:186} INFO - Started process (PID=106) to work on /home/airflow/.local/lib/python3.12/site-packages/airflow/example_dags/example_time_delta_sensor_async.py
[2024-09-16T16:25:45.950+0000] {processor.py:914} INFO - Processing file /home/airflow/.local/lib/python3.12/site-packages/airflow/example_dags/example_time_delta_sensor_async.py for tasks to queue
[2024-09-16T16:25:45.954+0000] {logging_mixin.py:190} INFO - [2024-09-16T16:25:45.954+0000] {dagbag.py:587} INFO - Filling up the DagBag from /home/airflow/.local/lib/python3.12/site-packages/airflow/example_dags/example_time_delta_sensor_async.py
[2024-09-16T16:25:45.967+0000] {processor.py:925} INFO - DAG(s) 'example_time_delta_sensor_async' retrieved from /home/airflow/.local/lib/python3.12/site-packages/airflow/example_dags/example_time_delta_sensor_async.py
[2024-09-16T16:25:46.128+0000] {logging_mixin.py:190} INFO - [2024-09-16T16:25:46.127+0000] {override.py:1900} INFO - Created Permission View: can edit on DAG:example_time_delta_sensor_async
[2024-09-16T16:25:46.146+0000] {logging_mixin.py:190} INFO - [2024-09-16T16:25:46.146+0000] {override.py:1900} INFO - Created Permission View: can delete on DAG:example_time_delta_sensor_async
[2024-09-16T16:25:46.157+0000] {logging_mixin.py:190} INFO - [2024-09-16T16:25:46.157+0000] {override.py:1900} INFO - Created Permission View: can read on DAG:example_time_delta_sensor_async
[2024-09-16T16:25:46.167+0000] {logging_mixin.py:190} INFO - [2024-09-16T16:25:46.167+0000] {override.py:1900} INFO - Created Permission View: can delete on DAG Run:example_time_delta_sensor_async
[2024-09-16T16:25:46.177+0000] {logging_mixin.py:190} INFO - [2024-09-16T16:25:46.176+0000] {override.py:1900} INFO - Created Permission View: can create on DAG Run:example_time_delta_sensor_async
[2024-09-16T16:25:46.186+0000] {logging_mixin.py:190} INFO - [2024-09-16T16:25:46.186+0000] {override.py:1900} INFO - Created Permission View: menu access on DAG Run:example_time_delta_sensor_async
[2024-09-16T16:25:46.194+0000] {logging_mixin.py:190} INFO - [2024-09-16T16:25:46.194+0000] {override.py:1900} INFO - Created Permission View: can read on DAG Run:example_time_delta_sensor_async
[2024-09-16T16:25:46.195+0000] {logging_mixin.py:190} INFO - [2024-09-16T16:25:46.195+0000] {dag.py:3229} INFO - Sync 1 DAGs
[2024-09-16T16:25:46.213+0000] {logging_mixin.py:190} INFO - [2024-09-16T16:25:46.212+0000] {dag.py:3252} INFO - Creating ORM DAG for example_time_delta_sensor_async
[2024-09-16T16:25:46.214+0000] {logging_mixin.py:190} INFO - [2024-09-16T16:25:46.214+0000] {dag.py:4156} INFO - Setting next_dagrun for example_time_delta_sensor_async to None, run_after=None
[2024-09-16T16:25:46.234+0000] {processor.py:208} INFO - Processing /home/airflow/.local/lib/python3.12/site-packages/airflow/example_dags/example_time_delta_sensor_async.py took 0.294 seconds
[2024-09-16T16:26:16.944+0000] {processor.py:186} INFO - Started process (PID=168) to work on /home/airflow/.local/lib/python3.12/site-packages/airflow/example_dags/example_time_delta_sensor_async.py
[2024-09-16T16:26:16.945+0000] {processor.py:914} INFO - Processing file /home/airflow/.local/lib/python3.12/site-packages/airflow/example_dags/example_time_delta_sensor_async.py for tasks to queue
[2024-09-16T16:26:16.948+0000] {logging_mixin.py:190} INFO - [2024-09-16T16:26:16.947+0000] {dagbag.py:587} INFO - Filling up the DagBag from /home/airflow/.local/lib/python3.12/site-packages/airflow/example_dags/example_time_delta_sensor_async.py
[2024-09-16T16:26:16.959+0000] {processor.py:925} INFO - DAG(s) 'example_time_delta_sensor_async' retrieved from /home/airflow/.local/lib/python3.12/site-packages/airflow/example_dags/example_time_delta_sensor_async.py
[2024-09-16T16:26:16.977+0000] {logging_mixin.py:190} INFO - [2024-09-16T16:26:16.977+0000] {dag.py:3229} INFO - Sync 1 DAGs
[2024-09-16T16:26:16.991+0000] {logging_mixin.py:190} INFO - [2024-09-16T16:26:16.991+0000] {dag.py:4156} INFO - Setting next_dagrun for example_time_delta_sensor_async to None, run_after=None
[2024-09-16T16:26:17.010+0000] {processor.py:208} INFO - Processing /home/airflow/.local/lib/python3.12/site-packages/airflow/example_dags/example_time_delta_sensor_async.py took 0.071 seconds
[2024-09-16T16:26:48.045+0000] {processor.py:186} INFO - Started process (PID=230) to work on /home/airflow/.local/lib/python3.12/site-packages/airflow/example_dags/example_time_delta_sensor_async.py
[2024-09-16T16:26:48.047+0000] {processor.py:914} INFO - Processing file /home/airflow/.local/lib/python3.12/site-packages/airflow/example_dags/example_time_delta_sensor_async.py for tasks to queue
[2024-09-16T16:26:48.050+0000] {logging_mixin.py:190} INFO - [2024-09-16T16:26:48.050+0000] {dagbag.py:587} INFO - Filling up the DagBag from /home/airflow/.local/lib/python3.12/site-packages/airflow/example_dags/example_time_delta_sensor_async.py
[2024-09-16T16:26:48.061+0000] {processor.py:925} INFO - DAG(s) 'example_time_delta_sensor_async' retrieved from /home/airflow/.local/lib/python3.12/site-packages/airflow/example_dags/example_time_delta_sensor_async.py
[2024-09-16T16:26:48.087+0000] {logging_mixin.py:190} INFO - [2024-09-16T16:26:48.087+0000] {dag.py:3229} INFO - Sync 1 DAGs
[2024-09-16T16:26:48.107+0000] {logging_mixin.py:190} INFO - [2024-09-16T16:26:48.106+0000] {dag.py:4156} INFO - Setting next_dagrun for example_time_delta_sensor_async to None, run_after=None
[2024-09-16T16:26:48.131+0000] {processor.py:208} INFO - Processing /home/airflow/.local/lib/python3.12/site-packages/airflow/example_dags/example_time_delta_sensor_async.py took 0.094 seconds
[2024-09-16T16:27:18.497+0000] {processor.py:186} INFO - Started process (PID=292) to work on /home/airflow/.local/lib/python3.12/site-packages/airflow/example_dags/example_time_delta_sensor_async.py
[2024-09-16T16:27:18.499+0000] {processor.py:914} INFO - Processing file /home/airflow/.local/lib/python3.12/site-packages/airflow/example_dags/example_time_delta_sensor_async.py for tasks to queue
[2024-09-16T16:27:18.502+0000] {logging_mixin.py:190} INFO - [2024-09-16T16:27:18.502+0000] {dagbag.py:587} INFO - Filling up the DagBag from /home/airflow/.local/lib/python3.12/site-packages/airflow/example_dags/example_time_delta_sensor_async.py
[2024-09-16T16:27:18.513+0000] {processor.py:925} INFO - DAG(s) 'example_time_delta_sensor_async' retrieved from /home/airflow/.local/lib/python3.12/site-packages/airflow/example_dags/example_time_delta_sensor_async.py
[2024-09-16T16:27:18.541+0000] {logging_mixin.py:190} INFO - [2024-09-16T16:27:18.541+0000] {dag.py:3229} INFO - Sync 1 DAGs
[2024-09-16T16:27:18.565+0000] {logging_mixin.py:190} INFO - [2024-09-16T16:27:18.565+0000] {dag.py:4156} INFO - Setting next_dagrun for example_time_delta_sensor_async to None, run_after=None
[2024-09-16T16:27:18.594+0000] {processor.py:208} INFO - Processing /home/airflow/.local/lib/python3.12/site-packages/airflow/example_dags/example_time_delta_sensor_async.py took 0.107 seconds
[2024-09-16T16:27:53.989+0000] {processor.py:186} INFO - Started process (PID=360) to work on /home/airflow/.local/lib/python3.12/site-packages/airflow/example_dags/example_time_delta_sensor_async.py
[2024-09-16T16:27:53.999+0000] {processor.py:914} INFO - Processing file /home/airflow/.local/lib/python3.12/site-packages/airflow/example_dags/example_time_delta_sensor_async.py for tasks to queue
[2024-09-16T16:27:54.016+0000] {logging_mixin.py:190} INFO - [2024-09-16T16:27:54.014+0000] {dagbag.py:587} INFO - Filling up the DagBag from /home/airflow/.local/lib/python3.12/site-packages/airflow/example_dags/example_time_delta_sensor_async.py
[2024-09-16T16:27:54.088+0000] {processor.py:925} INFO - DAG(s) 'example_time_delta_sensor_async' retrieved from /home/airflow/.local/lib/python3.12/site-packages/airflow/example_dags/example_time_delta_sensor_async.py
[2024-09-16T16:27:54.180+0000] {logging_mixin.py:190} INFO - [2024-09-16T16:27:54.179+0000] {dag.py:3229} INFO - Sync 1 DAGs
[2024-09-16T16:27:54.253+0000] {logging_mixin.py:190} INFO - [2024-09-16T16:27:54.253+0000] {dag.py:4156} INFO - Setting next_dagrun for example_time_delta_sensor_async to None, run_after=None
[2024-09-16T16:27:54.311+0000] {processor.py:208} INFO - Processing /home/airflow/.local/lib/python3.12/site-packages/airflow/example_dags/example_time_delta_sensor_async.py took 0.378 seconds
[2024-09-16T16:28:24.925+0000] {processor.py:186} INFO - Started process (PID=423) to work on /home/airflow/.local/lib/python3.12/site-packages/airflow/example_dags/example_time_delta_sensor_async.py
[2024-09-16T16:28:24.927+0000] {processor.py:914} INFO - Processing file /home/airflow/.local/lib/python3.12/site-packages/airflow/example_dags/example_time_delta_sensor_async.py for tasks to queue
[2024-09-16T16:28:24.932+0000] {logging_mixin.py:190} INFO - [2024-09-16T16:28:24.931+0000] {dagbag.py:587} INFO - Filling up the DagBag from /home/airflow/.local/lib/python3.12/site-packages/airflow/example_dags/example_time_delta_sensor_async.py
[2024-09-16T16:28:24.944+0000] {processor.py:925} INFO - DAG(s) 'example_time_delta_sensor_async' retrieved from /home/airflow/.local/lib/python3.12/site-packages/airflow/example_dags/example_time_delta_sensor_async.py
[2024-09-16T16:28:24.984+0000] {logging_mixin.py:190} INFO - [2024-09-16T16:28:24.982+0000] {dag.py:3229} INFO - Sync 1 DAGs
[2024-09-16T16:28:25.015+0000] {logging_mixin.py:190} INFO - [2024-09-16T16:28:25.015+0000] {dag.py:4156} INFO - Setting next_dagrun for example_time_delta_sensor_async to None, run_after=None
[2024-09-16T16:28:25.053+0000] {processor.py:208} INFO - Processing /home/airflow/.local/lib/python3.12/site-packages/airflow/example_dags/example_time_delta_sensor_async.py took 0.138 seconds
[2024-09-16T16:30:17.636+0000] {processor.py:186} INFO - Started process (PID=103) to work on /home/airflow/.local/lib/python3.12/site-packages/airflow/example_dags/example_time_delta_sensor_async.py
[2024-09-16T16:30:17.638+0000] {processor.py:914} INFO - Processing file /home/airflow/.local/lib/python3.12/site-packages/airflow/example_dags/example_time_delta_sensor_async.py for tasks to queue
[2024-09-16T16:30:17.641+0000] {logging_mixin.py:190} INFO - [2024-09-16T16:30:17.640+0000] {dagbag.py:587} INFO - Filling up the DagBag from /home/airflow/.local/lib/python3.12/site-packages/airflow/example_dags/example_time_delta_sensor_async.py
[2024-09-16T16:30:17.649+0000] {processor.py:925} INFO - DAG(s) 'example_time_delta_sensor_async' retrieved from /home/airflow/.local/lib/python3.12/site-packages/airflow/example_dags/example_time_delta_sensor_async.py
[2024-09-16T16:30:17.680+0000] {logging_mixin.py:190} INFO - [2024-09-16T16:30:17.679+0000] {dag.py:3229} INFO - Sync 1 DAGs
[2024-09-16T16:30:17.698+0000] {logging_mixin.py:190} INFO - [2024-09-16T16:30:17.698+0000] {dag.py:4156} INFO - Setting next_dagrun for example_time_delta_sensor_async to None, run_after=None
[2024-09-16T16:30:17.722+0000] {processor.py:208} INFO - Processing /home/airflow/.local/lib/python3.12/site-packages/airflow/example_dags/example_time_delta_sensor_async.py took 0.092 seconds
[2024-09-16T16:30:48.649+0000] {processor.py:186} INFO - Started process (PID=165) to work on /home/airflow/.local/lib/python3.12/site-packages/airflow/example_dags/example_time_delta_sensor_async.py
[2024-09-16T16:30:48.650+0000] {processor.py:914} INFO - Processing file /home/airflow/.local/lib/python3.12/site-packages/airflow/example_dags/example_time_delta_sensor_async.py for tasks to queue
[2024-09-16T16:30:48.652+0000] {logging_mixin.py:190} INFO - [2024-09-16T16:30:48.652+0000] {dagbag.py:587} INFO - Filling up the DagBag from /home/airflow/.local/lib/python3.12/site-packages/airflow/example_dags/example_time_delta_sensor_async.py
[2024-09-16T16:30:48.657+0000] {processor.py:925} INFO - DAG(s) 'example_time_delta_sensor_async' retrieved from /home/airflow/.local/lib/python3.12/site-packages/airflow/example_dags/example_time_delta_sensor_async.py
[2024-09-16T16:30:48.675+0000] {logging_mixin.py:190} INFO - [2024-09-16T16:30:48.674+0000] {dag.py:3229} INFO - Sync 1 DAGs
[2024-09-16T16:30:48.685+0000] {logging_mixin.py:190} INFO - [2024-09-16T16:30:48.685+0000] {dag.py:4156} INFO - Setting next_dagrun for example_time_delta_sensor_async to None, run_after=None
[2024-09-16T16:30:48.707+0000] {processor.py:208} INFO - Processing /home/airflow/.local/lib/python3.12/site-packages/airflow/example_dags/example_time_delta_sensor_async.py took 0.062 seconds
[2024-09-16T16:31:19.312+0000] {processor.py:186} INFO - Started process (PID=227) to work on /home/airflow/.local/lib/python3.12/site-packages/airflow/example_dags/example_time_delta_sensor_async.py
[2024-09-16T16:31:19.313+0000] {processor.py:914} INFO - Processing file /home/airflow/.local/lib/python3.12/site-packages/airflow/example_dags/example_time_delta_sensor_async.py for tasks to queue
[2024-09-16T16:31:19.315+0000] {logging_mixin.py:190} INFO - [2024-09-16T16:31:19.315+0000] {dagbag.py:587} INFO - Filling up the DagBag from /home/airflow/.local/lib/python3.12/site-packages/airflow/example_dags/example_time_delta_sensor_async.py
[2024-09-16T16:31:19.320+0000] {processor.py:925} INFO - DAG(s) 'example_time_delta_sensor_async' retrieved from /home/airflow/.local/lib/python3.12/site-packages/airflow/example_dags/example_time_delta_sensor_async.py
[2024-09-16T16:31:19.340+0000] {logging_mixin.py:190} INFO - [2024-09-16T16:31:19.340+0000] {dag.py:3229} INFO - Sync 1 DAGs
[2024-09-16T16:31:19.352+0000] {logging_mixin.py:190} INFO - [2024-09-16T16:31:19.351+0000] {dag.py:4156} INFO - Setting next_dagrun for example_time_delta_sensor_async to None, run_after=None
[2024-09-16T16:31:19.370+0000] {processor.py:208} INFO - Processing /home/airflow/.local/lib/python3.12/site-packages/airflow/example_dags/example_time_delta_sensor_async.py took 0.062 seconds
[2024-09-16T16:31:49.653+0000] {processor.py:186} INFO - Started process (PID=289) to work on /home/airflow/.local/lib/python3.12/site-packages/airflow/example_dags/example_time_delta_sensor_async.py
[2024-09-16T16:31:49.654+0000] {processor.py:914} INFO - Processing file /home/airflow/.local/lib/python3.12/site-packages/airflow/example_dags/example_time_delta_sensor_async.py for tasks to queue
[2024-09-16T16:31:49.656+0000] {logging_mixin.py:190} INFO - [2024-09-16T16:31:49.656+0000] {dagbag.py:587} INFO - Filling up the DagBag from /home/airflow/.local/lib/python3.12/site-packages/airflow/example_dags/example_time_delta_sensor_async.py
[2024-09-16T16:31:49.662+0000] {processor.py:925} INFO - DAG(s) 'example_time_delta_sensor_async' retrieved from /home/airflow/.local/lib/python3.12/site-packages/airflow/example_dags/example_time_delta_sensor_async.py
[2024-09-16T16:31:49.680+0000] {logging_mixin.py:190} INFO - [2024-09-16T16:31:49.680+0000] {dag.py:3229} INFO - Sync 1 DAGs
[2024-09-16T16:31:49.690+0000] {logging_mixin.py:190} INFO - [2024-09-16T16:31:49.690+0000] {dag.py:4156} INFO - Setting next_dagrun for example_time_delta_sensor_async to None, run_after=None
[2024-09-16T16:31:49.709+0000] {processor.py:208} INFO - Processing /home/airflow/.local/lib/python3.12/site-packages/airflow/example_dags/example_time_delta_sensor_async.py took 0.060 seconds
[2024-09-16T16:32:19.821+0000] {processor.py:186} INFO - Started process (PID=351) to work on /home/airflow/.local/lib/python3.12/site-packages/airflow/example_dags/example_time_delta_sensor_async.py
[2024-09-16T16:32:19.823+0000] {processor.py:914} INFO - Processing file /home/airflow/.local/lib/python3.12/site-packages/airflow/example_dags/example_time_delta_sensor_async.py for tasks to queue
[2024-09-16T16:32:19.825+0000] {logging_mixin.py:190} INFO - [2024-09-16T16:32:19.824+0000] {dagbag.py:587} INFO - Filling up the DagBag from /home/airflow/.local/lib/python3.12/site-packages/airflow/example_dags/example_time_delta_sensor_async.py
[2024-09-16T16:32:19.830+0000] {processor.py:925} INFO - DAG(s) 'example_time_delta_sensor_async' retrieved from /home/airflow/.local/lib/python3.12/site-packages/airflow/example_dags/example_time_delta_sensor_async.py
[2024-09-16T16:32:19.847+0000] {logging_mixin.py:190} INFO - [2024-09-16T16:32:19.847+0000] {dag.py:3229} INFO - Sync 1 DAGs
[2024-09-16T16:32:19.858+0000] {logging_mixin.py:190} INFO - [2024-09-16T16:32:19.858+0000] {dag.py:4156} INFO - Setting next_dagrun for example_time_delta_sensor_async to None, run_after=None
[2024-09-16T16:32:19.880+0000] {processor.py:208} INFO - Processing /home/airflow/.local/lib/python3.12/site-packages/airflow/example_dags/example_time_delta_sensor_async.py took 0.063 seconds
[2024-09-16T16:32:50.618+0000] {processor.py:186} INFO - Started process (PID=413) to work on /home/airflow/.local/lib/python3.12/site-packages/airflow/example_dags/example_time_delta_sensor_async.py
[2024-09-16T16:32:50.619+0000] {processor.py:914} INFO - Processing file /home/airflow/.local/lib/python3.12/site-packages/airflow/example_dags/example_time_delta_sensor_async.py for tasks to queue
[2024-09-16T16:32:50.622+0000] {logging_mixin.py:190} INFO - [2024-09-16T16:32:50.621+0000] {dagbag.py:587} INFO - Filling up the DagBag from /home/airflow/.local/lib/python3.12/site-packages/airflow/example_dags/example_time_delta_sensor_async.py
[2024-09-16T16:32:50.627+0000] {processor.py:925} INFO - DAG(s) 'example_time_delta_sensor_async' retrieved from /home/airflow/.local/lib/python3.12/site-packages/airflow/example_dags/example_time_delta_sensor_async.py
[2024-09-16T16:32:50.647+0000] {logging_mixin.py:190} INFO - [2024-09-16T16:32:50.647+0000] {dag.py:3229} INFO - Sync 1 DAGs
[2024-09-16T16:32:50.659+0000] {logging_mixin.py:190} INFO - [2024-09-16T16:32:50.659+0000] {dag.py:4156} INFO - Setting next_dagrun for example_time_delta_sensor_async to None, run_after=None
[2024-09-16T16:32:50.683+0000] {processor.py:208} INFO - Processing /home/airflow/.local/lib/python3.12/site-packages/airflow/example_dags/example_time_delta_sensor_async.py took 0.069 seconds
[2024-09-16T16:33:20.876+0000] {processor.py:186} INFO - Started process (PID=475) to work on /home/airflow/.local/lib/python3.12/site-packages/airflow/example_dags/example_time_delta_sensor_async.py
[2024-09-16T16:33:20.877+0000] {processor.py:914} INFO - Processing file /home/airflow/.local/lib/python3.12/site-packages/airflow/example_dags/example_time_delta_sensor_async.py for tasks to queue
[2024-09-16T16:33:20.880+0000] {logging_mixin.py:190} INFO - [2024-09-16T16:33:20.879+0000] {dagbag.py:587} INFO - Filling up the DagBag from /home/airflow/.local/lib/python3.12/site-packages/airflow/example_dags/example_time_delta_sensor_async.py
[2024-09-16T16:33:20.884+0000] {processor.py:925} INFO - DAG(s) 'example_time_delta_sensor_async' retrieved from /home/airflow/.local/lib/python3.12/site-packages/airflow/example_dags/example_time_delta_sensor_async.py
[2024-09-16T16:33:20.903+0000] {logging_mixin.py:190} INFO - [2024-09-16T16:33:20.903+0000] {dag.py:3229} INFO - Sync 1 DAGs
[2024-09-16T16:33:20.915+0000] {logging_mixin.py:190} INFO - [2024-09-16T16:33:20.915+0000] {dag.py:4156} INFO - Setting next_dagrun for example_time_delta_sensor_async to None, run_after=None
[2024-09-16T16:33:20.933+0000] {processor.py:208} INFO - Processing /home/airflow/.local/lib/python3.12/site-packages/airflow/example_dags/example_time_delta_sensor_async.py took 0.061 seconds
[2024-09-16T16:33:51.469+0000] {processor.py:186} INFO - Started process (PID=537) to work on /home/airflow/.local/lib/python3.12/site-packages/airflow/example_dags/example_time_delta_sensor_async.py
[2024-09-16T16:33:51.470+0000] {processor.py:914} INFO - Processing file /home/airflow/.local/lib/python3.12/site-packages/airflow/example_dags/example_time_delta_sensor_async.py for tasks to queue
[2024-09-16T16:33:51.473+0000] {logging_mixin.py:190} INFO - [2024-09-16T16:33:51.472+0000] {dagbag.py:587} INFO - Filling up the DagBag from /home/airflow/.local/lib/python3.12/site-packages/airflow/example_dags/example_time_delta_sensor_async.py
[2024-09-16T16:33:51.479+0000] {processor.py:925} INFO - DAG(s) 'example_time_delta_sensor_async' retrieved from /home/airflow/.local/lib/python3.12/site-packages/airflow/example_dags/example_time_delta_sensor_async.py
[2024-09-16T16:33:51.498+0000] {logging_mixin.py:190} INFO - [2024-09-16T16:33:51.498+0000] {dag.py:3229} INFO - Sync 1 DAGs
[2024-09-16T16:33:51.514+0000] {logging_mixin.py:190} INFO - [2024-09-16T16:33:51.514+0000] {dag.py:4156} INFO - Setting next_dagrun for example_time_delta_sensor_async to None, run_after=None
[2024-09-16T16:33:51.536+0000] {processor.py:208} INFO - Processing /home/airflow/.local/lib/python3.12/site-packages/airflow/example_dags/example_time_delta_sensor_async.py took 0.071 seconds
[2024-09-16T16:34:21.982+0000] {processor.py:186} INFO - Started process (PID=599) to work on /home/airflow/.local/lib/python3.12/site-packages/airflow/example_dags/example_time_delta_sensor_async.py
[2024-09-16T16:34:21.983+0000] {processor.py:914} INFO - Processing file /home/airflow/.local/lib/python3.12/site-packages/airflow/example_dags/example_time_delta_sensor_async.py for tasks to queue
[2024-09-16T16:34:21.985+0000] {logging_mixin.py:190} INFO - [2024-09-16T16:34:21.985+0000] {dagbag.py:587} INFO - Filling up the DagBag from /home/airflow/.local/lib/python3.12/site-packages/airflow/example_dags/example_time_delta_sensor_async.py
[2024-09-16T16:34:21.990+0000] {processor.py:925} INFO - DAG(s) 'example_time_delta_sensor_async' retrieved from /home/airflow/.local/lib/python3.12/site-packages/airflow/example_dags/example_time_delta_sensor_async.py
[2024-09-16T16:34:22.010+0000] {logging_mixin.py:190} INFO - [2024-09-16T16:34:22.010+0000] {dag.py:3229} INFO - Sync 1 DAGs
[2024-09-16T16:34:22.024+0000] {logging_mixin.py:190} INFO - [2024-09-16T16:34:22.023+0000] {dag.py:4156} INFO - Setting next_dagrun for example_time_delta_sensor_async to None, run_after=None
[2024-09-16T16:34:22.041+0000] {processor.py:208} INFO - Processing /home/airflow/.local/lib/python3.12/site-packages/airflow/example_dags/example_time_delta_sensor_async.py took 0.063 seconds
[2024-09-16T16:34:52.641+0000] {processor.py:186} INFO - Started process (PID=661) to work on /home/airflow/.local/lib/python3.12/site-packages/airflow/example_dags/example_time_delta_sensor_async.py
[2024-09-16T16:34:52.642+0000] {processor.py:914} INFO - Processing file /home/airflow/.local/lib/python3.12/site-packages/airflow/example_dags/example_time_delta_sensor_async.py for tasks to queue
[2024-09-16T16:34:52.645+0000] {logging_mixin.py:190} INFO - [2024-09-16T16:34:52.644+0000] {dagbag.py:587} INFO - Filling up the DagBag from /home/airflow/.local/lib/python3.12/site-packages/airflow/example_dags/example_time_delta_sensor_async.py
[2024-09-16T16:34:52.650+0000] {processor.py:925} INFO - DAG(s) 'example_time_delta_sensor_async' retrieved from /home/airflow/.local/lib/python3.12/site-packages/airflow/example_dags/example_time_delta_sensor_async.py
[2024-09-16T16:34:52.670+0000] {logging_mixin.py:190} INFO - [2024-09-16T16:34:52.669+0000] {dag.py:3229} INFO - Sync 1 DAGs
[2024-09-16T16:34:52.682+0000] {logging_mixin.py:190} INFO - [2024-09-16T16:34:52.682+0000] {dag.py:4156} INFO - Setting next_dagrun for example_time_delta_sensor_async to None, run_after=None
[2024-09-16T16:34:52.701+0000] {processor.py:208} INFO - Processing /home/airflow/.local/lib/python3.12/site-packages/airflow/example_dags/example_time_delta_sensor_async.py took 0.065 seconds
[2024-09-16T16:35:23.137+0000] {processor.py:186} INFO - Started process (PID=724) to work on /home/airflow/.local/lib/python3.12/site-packages/airflow/example_dags/example_time_delta_sensor_async.py
[2024-09-16T16:35:23.138+0000] {processor.py:914} INFO - Processing file /home/airflow/.local/lib/python3.12/site-packages/airflow/example_dags/example_time_delta_sensor_async.py for tasks to queue
[2024-09-16T16:35:23.141+0000] {logging_mixin.py:190} INFO - [2024-09-16T16:35:23.141+0000] {dagbag.py:587} INFO - Filling up the DagBag from /home/airflow/.local/lib/python3.12/site-packages/airflow/example_dags/example_time_delta_sensor_async.py
[2024-09-16T16:35:23.148+0000] {processor.py:925} INFO - DAG(s) 'example_time_delta_sensor_async' retrieved from /home/airflow/.local/lib/python3.12/site-packages/airflow/example_dags/example_time_delta_sensor_async.py
[2024-09-16T16:35:23.168+0000] {logging_mixin.py:190} INFO - [2024-09-16T16:35:23.168+0000] {dag.py:3229} INFO - Sync 1 DAGs
[2024-09-16T16:35:23.180+0000] {logging_mixin.py:190} INFO - [2024-09-16T16:35:23.180+0000] {dag.py:4156} INFO - Setting next_dagrun for example_time_delta_sensor_async to None, run_after=None
[2024-09-16T16:35:23.199+0000] {processor.py:208} INFO - Processing /home/airflow/.local/lib/python3.12/site-packages/airflow/example_dags/example_time_delta_sensor_async.py took 0.067 seconds
[2024-09-16T16:35:53.342+0000] {processor.py:186} INFO - Started process (PID=786) to work on /home/airflow/.local/lib/python3.12/site-packages/airflow/example_dags/example_time_delta_sensor_async.py
[2024-09-16T16:35:53.343+0000] {processor.py:914} INFO - Processing file /home/airflow/.local/lib/python3.12/site-packages/airflow/example_dags/example_time_delta_sensor_async.py for tasks to queue
[2024-09-16T16:35:53.346+0000] {logging_mixin.py:190} INFO - [2024-09-16T16:35:53.345+0000] {dagbag.py:587} INFO - Filling up the DagBag from /home/airflow/.local/lib/python3.12/site-packages/airflow/example_dags/example_time_delta_sensor_async.py
[2024-09-16T16:35:53.353+0000] {processor.py:925} INFO - DAG(s) 'example_time_delta_sensor_async' retrieved from /home/airflow/.local/lib/python3.12/site-packages/airflow/example_dags/example_time_delta_sensor_async.py
[2024-09-16T16:35:53.376+0000] {logging_mixin.py:190} INFO - [2024-09-16T16:35:53.375+0000] {dag.py:3229} INFO - Sync 1 DAGs
[2024-09-16T16:35:53.393+0000] {logging_mixin.py:190} INFO - [2024-09-16T16:35:53.393+0000] {dag.py:4156} INFO - Setting next_dagrun for example_time_delta_sensor_async to None, run_after=None
[2024-09-16T16:35:53.434+0000] {processor.py:208} INFO - Processing /home/airflow/.local/lib/python3.12/site-packages/airflow/example_dags/example_time_delta_sensor_async.py took 0.102 seconds
[2024-09-16T16:36:23.532+0000] {processor.py:186} INFO - Started process (PID=848) to work on /home/airflow/.local/lib/python3.12/site-packages/airflow/example_dags/example_time_delta_sensor_async.py
[2024-09-16T16:36:23.533+0000] {processor.py:914} INFO - Processing file /home/airflow/.local/lib/python3.12/site-packages/airflow/example_dags/example_time_delta_sensor_async.py for tasks to queue
[2024-09-16T16:36:23.537+0000] {logging_mixin.py:190} INFO - [2024-09-16T16:36:23.536+0000] {dagbag.py:587} INFO - Filling up the DagBag from /home/airflow/.local/lib/python3.12/site-packages/airflow/example_dags/example_time_delta_sensor_async.py
[2024-09-16T16:36:23.547+0000] {processor.py:925} INFO - DAG(s) 'example_time_delta_sensor_async' retrieved from /home/airflow/.local/lib/python3.12/site-packages/airflow/example_dags/example_time_delta_sensor_async.py
[2024-09-16T16:36:23.574+0000] {logging_mixin.py:190} INFO - [2024-09-16T16:36:23.573+0000] {dag.py:3229} INFO - Sync 1 DAGs
[2024-09-16T16:36:23.594+0000] {logging_mixin.py:190} INFO - [2024-09-16T16:36:23.593+0000] {dag.py:4156} INFO - Setting next_dagrun for example_time_delta_sensor_async to None, run_after=None
[2024-09-16T16:36:23.619+0000] {processor.py:208} INFO - Processing /home/airflow/.local/lib/python3.12/site-packages/airflow/example_dags/example_time_delta_sensor_async.py took 0.096 seconds
[2024-09-16T16:36:54.180+0000] {processor.py:186} INFO - Started process (PID=910) to work on /home/airflow/.local/lib/python3.12/site-packages/airflow/example_dags/example_time_delta_sensor_async.py
[2024-09-16T16:36:54.181+0000] {processor.py:914} INFO - Processing file /home/airflow/.local/lib/python3.12/site-packages/airflow/example_dags/example_time_delta_sensor_async.py for tasks to queue
[2024-09-16T16:36:54.183+0000] {logging_mixin.py:190} INFO - [2024-09-16T16:36:54.183+0000] {dagbag.py:587} INFO - Filling up the DagBag from /home/airflow/.local/lib/python3.12/site-packages/airflow/example_dags/example_time_delta_sensor_async.py
[2024-09-16T16:36:54.188+0000] {processor.py:925} INFO - DAG(s) 'example_time_delta_sensor_async' retrieved from /home/airflow/.local/lib/python3.12/site-packages/airflow/example_dags/example_time_delta_sensor_async.py
[2024-09-16T16:36:54.207+0000] {logging_mixin.py:190} INFO - [2024-09-16T16:36:54.206+0000] {dag.py:3229} INFO - Sync 1 DAGs
[2024-09-16T16:36:54.218+0000] {logging_mixin.py:190} INFO - [2024-09-16T16:36:54.218+0000] {dag.py:4156} INFO - Setting next_dagrun for example_time_delta_sensor_async to None, run_after=None
[2024-09-16T16:36:54.236+0000] {processor.py:208} INFO - Processing /home/airflow/.local/lib/python3.12/site-packages/airflow/example_dags/example_time_delta_sensor_async.py took 0.062 seconds
[2024-09-16T16:37:24.540+0000] {processor.py:186} INFO - Started process (PID=972) to work on /home/airflow/.local/lib/python3.12/site-packages/airflow/example_dags/example_time_delta_sensor_async.py
[2024-09-16T16:37:24.541+0000] {processor.py:914} INFO - Processing file /home/airflow/.local/lib/python3.12/site-packages/airflow/example_dags/example_time_delta_sensor_async.py for tasks to queue
[2024-09-16T16:37:24.544+0000] {logging_mixin.py:190} INFO - [2024-09-16T16:37:24.544+0000] {dagbag.py:587} INFO - Filling up the DagBag from /home/airflow/.local/lib/python3.12/site-packages/airflow/example_dags/example_time_delta_sensor_async.py
[2024-09-16T16:37:24.550+0000] {processor.py:925} INFO - DAG(s) 'example_time_delta_sensor_async' retrieved from /home/airflow/.local/lib/python3.12/site-packages/airflow/example_dags/example_time_delta_sensor_async.py
[2024-09-16T16:37:24.567+0000] {logging_mixin.py:190} INFO - [2024-09-16T16:37:24.567+0000] {dag.py:3229} INFO - Sync 1 DAGs
[2024-09-16T16:37:24.577+0000] {logging_mixin.py:190} INFO - [2024-09-16T16:37:24.577+0000] {dag.py:4156} INFO - Setting next_dagrun for example_time_delta_sensor_async to None, run_after=None
[2024-09-16T16:37:24.592+0000] {processor.py:208} INFO - Processing /home/airflow/.local/lib/python3.12/site-packages/airflow/example_dags/example_time_delta_sensor_async.py took 0.057 seconds
