[2024-09-16T16:25:38.020+0000] {processor.py:186} INFO - Started process (PID=72) to work on /home/airflow/.local/lib/python3.12/site-packages/airflow/example_dags/example_short_circuit_operator.py
[2024-09-16T16:25:38.022+0000] {processor.py:914} INFO - Processing file /home/airflow/.local/lib/python3.12/site-packages/airflow/example_dags/example_short_circuit_operator.py for tasks to queue
[2024-09-16T16:25:38.030+0000] {logging_mixin.py:190} INFO - [2024-09-16T16:25:38.029+0000] {dagbag.py:587} INFO - Filling up the DagBag from /home/airflow/.local/lib/python3.12/site-packages/airflow/example_dags/example_short_circuit_operator.py
[2024-09-16T16:25:38.047+0000] {processor.py:925} INFO - DAG(s) 'example_short_circuit_operator' retrieved from /home/airflow/.local/lib/python3.12/site-packages/airflow/example_dags/example_short_circuit_operator.py
[2024-09-16T16:25:38.220+0000] {logging_mixin.py:190} INFO - [2024-09-16T16:25:38.218+0000] {override.py:1900} INFO - Created Permission View: can edit on DAG:example_short_circuit_operator
[2024-09-16T16:25:38.235+0000] {logging_mixin.py:190} INFO - [2024-09-16T16:25:38.235+0000] {override.py:1900} INFO - Created Permission View: can delete on DAG:example_short_circuit_operator
[2024-09-16T16:25:38.244+0000] {logging_mixin.py:190} INFO - [2024-09-16T16:25:38.243+0000] {override.py:1900} INFO - Created Permission View: can read on DAG:example_short_circuit_operator
[2024-09-16T16:25:38.253+0000] {logging_mixin.py:190} INFO - [2024-09-16T16:25:38.252+0000] {override.py:1900} INFO - Created Permission View: can delete on DAG Run:example_short_circuit_operator
[2024-09-16T16:25:38.260+0000] {logging_mixin.py:190} INFO - [2024-09-16T16:25:38.260+0000] {override.py:1900} INFO - Created Permission View: can create on DAG Run:example_short_circuit_operator
[2024-09-16T16:25:38.268+0000] {logging_mixin.py:190} INFO - [2024-09-16T16:25:38.268+0000] {override.py:1900} INFO - Created Permission View: menu access on DAG Run:example_short_circuit_operator
[2024-09-16T16:25:38.276+0000] {logging_mixin.py:190} INFO - [2024-09-16T16:25:38.276+0000] {override.py:1900} INFO - Created Permission View: can read on DAG Run:example_short_circuit_operator
[2024-09-16T16:25:38.277+0000] {logging_mixin.py:190} INFO - [2024-09-16T16:25:38.277+0000] {dag.py:3229} INFO - Sync 1 DAGs
[2024-09-16T16:25:38.294+0000] {logging_mixin.py:190} INFO - [2024-09-16T16:25:38.294+0000] {dag.py:3252} INFO - Creating ORM DAG for example_short_circuit_operator
[2024-09-16T16:25:38.295+0000] {logging_mixin.py:190} INFO - [2024-09-16T16:25:38.295+0000] {dag.py:4156} INFO - Setting next_dagrun for example_short_circuit_operator to None, run_after=None
[2024-09-16T16:25:38.323+0000] {processor.py:208} INFO - Processing /home/airflow/.local/lib/python3.12/site-packages/airflow/example_dags/example_short_circuit_operator.py took 0.313 seconds
[2024-09-16T16:26:09.095+0000] {processor.py:186} INFO - Started process (PID=134) to work on /home/airflow/.local/lib/python3.12/site-packages/airflow/example_dags/example_short_circuit_operator.py
[2024-09-16T16:26:09.098+0000] {processor.py:914} INFO - Processing file /home/airflow/.local/lib/python3.12/site-packages/airflow/example_dags/example_short_circuit_operator.py for tasks to queue
[2024-09-16T16:26:09.102+0000] {logging_mixin.py:190} INFO - [2024-09-16T16:26:09.102+0000] {dagbag.py:587} INFO - Filling up the DagBag from /home/airflow/.local/lib/python3.12/site-packages/airflow/example_dags/example_short_circuit_operator.py
[2024-09-16T16:26:09.121+0000] {processor.py:925} INFO - DAG(s) 'example_short_circuit_operator' retrieved from /home/airflow/.local/lib/python3.12/site-packages/airflow/example_dags/example_short_circuit_operator.py
[2024-09-16T16:26:09.168+0000] {logging_mixin.py:190} INFO - [2024-09-16T16:26:09.168+0000] {dag.py:3229} INFO - Sync 1 DAGs
[2024-09-16T16:26:09.196+0000] {logging_mixin.py:190} INFO - [2024-09-16T16:26:09.195+0000] {dag.py:4156} INFO - Setting next_dagrun for example_short_circuit_operator to None, run_after=None
[2024-09-16T16:26:09.223+0000] {processor.py:208} INFO - Processing /home/airflow/.local/lib/python3.12/site-packages/airflow/example_dags/example_short_circuit_operator.py took 0.143 seconds
[2024-09-16T16:26:39.588+0000] {processor.py:186} INFO - Started process (PID=196) to work on /home/airflow/.local/lib/python3.12/site-packages/airflow/example_dags/example_short_circuit_operator.py
[2024-09-16T16:26:39.590+0000] {processor.py:914} INFO - Processing file /home/airflow/.local/lib/python3.12/site-packages/airflow/example_dags/example_short_circuit_operator.py for tasks to queue
[2024-09-16T16:26:39.593+0000] {logging_mixin.py:190} INFO - [2024-09-16T16:26:39.593+0000] {dagbag.py:587} INFO - Filling up the DagBag from /home/airflow/.local/lib/python3.12/site-packages/airflow/example_dags/example_short_circuit_operator.py
[2024-09-16T16:26:39.603+0000] {processor.py:925} INFO - DAG(s) 'example_short_circuit_operator' retrieved from /home/airflow/.local/lib/python3.12/site-packages/airflow/example_dags/example_short_circuit_operator.py
[2024-09-16T16:26:39.633+0000] {logging_mixin.py:190} INFO - [2024-09-16T16:26:39.633+0000] {dag.py:3229} INFO - Sync 1 DAGs
[2024-09-16T16:26:39.653+0000] {logging_mixin.py:190} INFO - [2024-09-16T16:26:39.653+0000] {dag.py:4156} INFO - Setting next_dagrun for example_short_circuit_operator to None, run_after=None
[2024-09-16T16:26:39.683+0000] {processor.py:208} INFO - Processing /home/airflow/.local/lib/python3.12/site-packages/airflow/example_dags/example_short_circuit_operator.py took 0.103 seconds
[2024-09-16T16:27:10.513+0000] {processor.py:186} INFO - Started process (PID=258) to work on /home/airflow/.local/lib/python3.12/site-packages/airflow/example_dags/example_short_circuit_operator.py
[2024-09-16T16:27:10.584+0000] {processor.py:914} INFO - Processing file /home/airflow/.local/lib/python3.12/site-packages/airflow/example_dags/example_short_circuit_operator.py for tasks to queue
[2024-09-16T16:27:10.745+0000] {logging_mixin.py:190} INFO - [2024-09-16T16:27:10.744+0000] {dagbag.py:587} INFO - Filling up the DagBag from /home/airflow/.local/lib/python3.12/site-packages/airflow/example_dags/example_short_circuit_operator.py
[2024-09-16T16:27:11.287+0000] {processor.py:925} INFO - DAG(s) 'example_short_circuit_operator' retrieved from /home/airflow/.local/lib/python3.12/site-packages/airflow/example_dags/example_short_circuit_operator.py
[2024-09-16T16:27:11.733+0000] {logging_mixin.py:190} INFO - [2024-09-16T16:27:11.732+0000] {dag.py:3229} INFO - Sync 1 DAGs
[2024-09-16T16:27:11.940+0000] {logging_mixin.py:190} INFO - [2024-09-16T16:27:11.940+0000] {dag.py:4156} INFO - Setting next_dagrun for example_short_circuit_operator to None, run_after=None
[2024-09-16T16:27:12.462+0000] {processor.py:208} INFO - Processing /home/airflow/.local/lib/python3.12/site-packages/airflow/example_dags/example_short_circuit_operator.py took 2.138 seconds
[2024-09-16T16:27:43.384+0000] {processor.py:186} INFO - Started process (PID=320) to work on /home/airflow/.local/lib/python3.12/site-packages/airflow/example_dags/example_short_circuit_operator.py
[2024-09-16T16:27:43.398+0000] {processor.py:914} INFO - Processing file /home/airflow/.local/lib/python3.12/site-packages/airflow/example_dags/example_short_circuit_operator.py for tasks to queue
[2024-09-16T16:27:43.414+0000] {logging_mixin.py:190} INFO - [2024-09-16T16:27:43.413+0000] {dagbag.py:587} INFO - Filling up the DagBag from /home/airflow/.local/lib/python3.12/site-packages/airflow/example_dags/example_short_circuit_operator.py
[2024-09-16T16:27:43.460+0000] {processor.py:925} INFO - DAG(s) 'example_short_circuit_operator' retrieved from /home/airflow/.local/lib/python3.12/site-packages/airflow/example_dags/example_short_circuit_operator.py
[2024-09-16T16:27:43.555+0000] {logging_mixin.py:190} INFO - [2024-09-16T16:27:43.554+0000] {dag.py:3229} INFO - Sync 1 DAGs
[2024-09-16T16:27:43.664+0000] {logging_mixin.py:190} INFO - [2024-09-16T16:27:43.664+0000] {dag.py:4156} INFO - Setting next_dagrun for example_short_circuit_operator to None, run_after=None
[2024-09-16T16:27:43.810+0000] {processor.py:208} INFO - Processing /home/airflow/.local/lib/python3.12/site-packages/airflow/example_dags/example_short_circuit_operator.py took 0.462 seconds
[2024-09-16T16:28:13.976+0000] {processor.py:186} INFO - Started process (PID=382) to work on /home/airflow/.local/lib/python3.12/site-packages/airflow/example_dags/example_short_circuit_operator.py
[2024-09-16T16:28:13.978+0000] {processor.py:914} INFO - Processing file /home/airflow/.local/lib/python3.12/site-packages/airflow/example_dags/example_short_circuit_operator.py for tasks to queue
[2024-09-16T16:28:13.982+0000] {logging_mixin.py:190} INFO - [2024-09-16T16:28:13.982+0000] {dagbag.py:587} INFO - Filling up the DagBag from /home/airflow/.local/lib/python3.12/site-packages/airflow/example_dags/example_short_circuit_operator.py
[2024-09-16T16:28:13.997+0000] {processor.py:925} INFO - DAG(s) 'example_short_circuit_operator' retrieved from /home/airflow/.local/lib/python3.12/site-packages/airflow/example_dags/example_short_circuit_operator.py
[2024-09-16T16:28:14.038+0000] {logging_mixin.py:190} INFO - [2024-09-16T16:28:14.038+0000] {dag.py:3229} INFO - Sync 1 DAGs
[2024-09-16T16:28:14.065+0000] {logging_mixin.py:190} INFO - [2024-09-16T16:28:14.065+0000] {dag.py:4156} INFO - Setting next_dagrun for example_short_circuit_operator to None, run_after=None
[2024-09-16T16:28:14.108+0000] {processor.py:208} INFO - Processing /home/airflow/.local/lib/python3.12/site-packages/airflow/example_dags/example_short_circuit_operator.py took 0.140 seconds
[2024-09-16T16:30:11.058+0000] {processor.py:186} INFO - Started process (PID=69) to work on /home/airflow/.local/lib/python3.12/site-packages/airflow/example_dags/example_short_circuit_operator.py
[2024-09-16T16:30:11.063+0000] {processor.py:914} INFO - Processing file /home/airflow/.local/lib/python3.12/site-packages/airflow/example_dags/example_short_circuit_operator.py for tasks to queue
[2024-09-16T16:30:11.076+0000] {logging_mixin.py:190} INFO - [2024-09-16T16:30:11.075+0000] {dagbag.py:587} INFO - Filling up the DagBag from /home/airflow/.local/lib/python3.12/site-packages/airflow/example_dags/example_short_circuit_operator.py
[2024-09-16T16:30:11.139+0000] {processor.py:925} INFO - DAG(s) 'example_short_circuit_operator' retrieved from /home/airflow/.local/lib/python3.12/site-packages/airflow/example_dags/example_short_circuit_operator.py
[2024-09-16T16:30:11.259+0000] {logging_mixin.py:190} INFO - [2024-09-16T16:30:11.258+0000] {dag.py:3229} INFO - Sync 1 DAGs
[2024-09-16T16:30:11.308+0000] {logging_mixin.py:190} INFO - [2024-09-16T16:30:11.308+0000] {dag.py:4156} INFO - Setting next_dagrun for example_short_circuit_operator to None, run_after=None
[2024-09-16T16:30:11.386+0000] {processor.py:208} INFO - Processing /home/airflow/.local/lib/python3.12/site-packages/airflow/example_dags/example_short_circuit_operator.py took 0.368 seconds
[2024-09-16T16:30:42.188+0000] {processor.py:186} INFO - Started process (PID=131) to work on /home/airflow/.local/lib/python3.12/site-packages/airflow/example_dags/example_short_circuit_operator.py
[2024-09-16T16:30:42.190+0000] {processor.py:914} INFO - Processing file /home/airflow/.local/lib/python3.12/site-packages/airflow/example_dags/example_short_circuit_operator.py for tasks to queue
[2024-09-16T16:30:42.192+0000] {logging_mixin.py:190} INFO - [2024-09-16T16:30:42.191+0000] {dagbag.py:587} INFO - Filling up the DagBag from /home/airflow/.local/lib/python3.12/site-packages/airflow/example_dags/example_short_circuit_operator.py
[2024-09-16T16:30:42.198+0000] {processor.py:925} INFO - DAG(s) 'example_short_circuit_operator' retrieved from /home/airflow/.local/lib/python3.12/site-packages/airflow/example_dags/example_short_circuit_operator.py
[2024-09-16T16:30:42.221+0000] {logging_mixin.py:190} INFO - [2024-09-16T16:30:42.220+0000] {dag.py:3229} INFO - Sync 1 DAGs
[2024-09-16T16:30:42.231+0000] {logging_mixin.py:190} INFO - [2024-09-16T16:30:42.231+0000] {dag.py:4156} INFO - Setting next_dagrun for example_short_circuit_operator to None, run_after=None
[2024-09-16T16:30:42.250+0000] {processor.py:208} INFO - Processing /home/airflow/.local/lib/python3.12/site-packages/airflow/example_dags/example_short_circuit_operator.py took 0.068 seconds
[2024-09-16T16:31:13.044+0000] {processor.py:186} INFO - Started process (PID=193) to work on /home/airflow/.local/lib/python3.12/site-packages/airflow/example_dags/example_short_circuit_operator.py
[2024-09-16T16:31:13.045+0000] {processor.py:914} INFO - Processing file /home/airflow/.local/lib/python3.12/site-packages/airflow/example_dags/example_short_circuit_operator.py for tasks to queue
[2024-09-16T16:31:13.048+0000] {logging_mixin.py:190} INFO - [2024-09-16T16:31:13.047+0000] {dagbag.py:587} INFO - Filling up the DagBag from /home/airflow/.local/lib/python3.12/site-packages/airflow/example_dags/example_short_circuit_operator.py
[2024-09-16T16:31:13.054+0000] {processor.py:925} INFO - DAG(s) 'example_short_circuit_operator' retrieved from /home/airflow/.local/lib/python3.12/site-packages/airflow/example_dags/example_short_circuit_operator.py
[2024-09-16T16:31:13.075+0000] {logging_mixin.py:190} INFO - [2024-09-16T16:31:13.074+0000] {dag.py:3229} INFO - Sync 1 DAGs
[2024-09-16T16:31:13.085+0000] {logging_mixin.py:190} INFO - [2024-09-16T16:31:13.085+0000] {dag.py:4156} INFO - Setting next_dagrun for example_short_circuit_operator to None, run_after=None
[2024-09-16T16:31:13.107+0000] {processor.py:208} INFO - Processing /home/airflow/.local/lib/python3.12/site-packages/airflow/example_dags/example_short_circuit_operator.py took 0.067 seconds
[2024-09-16T16:31:43.524+0000] {processor.py:186} INFO - Started process (PID=255) to work on /home/airflow/.local/lib/python3.12/site-packages/airflow/example_dags/example_short_circuit_operator.py
[2024-09-16T16:31:43.525+0000] {processor.py:914} INFO - Processing file /home/airflow/.local/lib/python3.12/site-packages/airflow/example_dags/example_short_circuit_operator.py for tasks to queue
[2024-09-16T16:31:43.527+0000] {logging_mixin.py:190} INFO - [2024-09-16T16:31:43.527+0000] {dagbag.py:587} INFO - Filling up the DagBag from /home/airflow/.local/lib/python3.12/site-packages/airflow/example_dags/example_short_circuit_operator.py
[2024-09-16T16:31:43.533+0000] {processor.py:925} INFO - DAG(s) 'example_short_circuit_operator' retrieved from /home/airflow/.local/lib/python3.12/site-packages/airflow/example_dags/example_short_circuit_operator.py
[2024-09-16T16:31:43.554+0000] {logging_mixin.py:190} INFO - [2024-09-16T16:31:43.554+0000] {dag.py:3229} INFO - Sync 1 DAGs
[2024-09-16T16:31:43.565+0000] {logging_mixin.py:190} INFO - [2024-09-16T16:31:43.564+0000] {dag.py:4156} INFO - Setting next_dagrun for example_short_circuit_operator to None, run_after=None
[2024-09-16T16:31:43.587+0000] {processor.py:208} INFO - Processing /home/airflow/.local/lib/python3.12/site-packages/airflow/example_dags/example_short_circuit_operator.py took 0.068 seconds
[2024-09-16T16:32:13.934+0000] {processor.py:186} INFO - Started process (PID=317) to work on /home/airflow/.local/lib/python3.12/site-packages/airflow/example_dags/example_short_circuit_operator.py
[2024-09-16T16:32:13.935+0000] {processor.py:914} INFO - Processing file /home/airflow/.local/lib/python3.12/site-packages/airflow/example_dags/example_short_circuit_operator.py for tasks to queue
[2024-09-16T16:32:13.937+0000] {logging_mixin.py:190} INFO - [2024-09-16T16:32:13.937+0000] {dagbag.py:587} INFO - Filling up the DagBag from /home/airflow/.local/lib/python3.12/site-packages/airflow/example_dags/example_short_circuit_operator.py
[2024-09-16T16:32:13.943+0000] {processor.py:925} INFO - DAG(s) 'example_short_circuit_operator' retrieved from /home/airflow/.local/lib/python3.12/site-packages/airflow/example_dags/example_short_circuit_operator.py
[2024-09-16T16:32:13.964+0000] {logging_mixin.py:190} INFO - [2024-09-16T16:32:13.964+0000] {dag.py:3229} INFO - Sync 1 DAGs
[2024-09-16T16:32:13.974+0000] {logging_mixin.py:190} INFO - [2024-09-16T16:32:13.974+0000] {dag.py:4156} INFO - Setting next_dagrun for example_short_circuit_operator to None, run_after=None
[2024-09-16T16:32:13.996+0000] {processor.py:208} INFO - Processing /home/airflow/.local/lib/python3.12/site-packages/airflow/example_dags/example_short_circuit_operator.py took 0.068 seconds
[2024-09-16T16:32:44.433+0000] {processor.py:186} INFO - Started process (PID=379) to work on /home/airflow/.local/lib/python3.12/site-packages/airflow/example_dags/example_short_circuit_operator.py
[2024-09-16T16:32:44.434+0000] {processor.py:914} INFO - Processing file /home/airflow/.local/lib/python3.12/site-packages/airflow/example_dags/example_short_circuit_operator.py for tasks to queue
[2024-09-16T16:32:44.436+0000] {logging_mixin.py:190} INFO - [2024-09-16T16:32:44.436+0000] {dagbag.py:587} INFO - Filling up the DagBag from /home/airflow/.local/lib/python3.12/site-packages/airflow/example_dags/example_short_circuit_operator.py
[2024-09-16T16:32:44.443+0000] {processor.py:925} INFO - DAG(s) 'example_short_circuit_operator' retrieved from /home/airflow/.local/lib/python3.12/site-packages/airflow/example_dags/example_short_circuit_operator.py
[2024-09-16T16:32:44.466+0000] {logging_mixin.py:190} INFO - [2024-09-16T16:32:44.466+0000] {dag.py:3229} INFO - Sync 1 DAGs
[2024-09-16T16:32:44.477+0000] {logging_mixin.py:190} INFO - [2024-09-16T16:32:44.477+0000] {dag.py:4156} INFO - Setting next_dagrun for example_short_circuit_operator to None, run_after=None
[2024-09-16T16:32:44.497+0000] {processor.py:208} INFO - Processing /home/airflow/.local/lib/python3.12/site-packages/airflow/example_dags/example_short_circuit_operator.py took 0.068 seconds
[2024-09-16T16:33:14.977+0000] {processor.py:186} INFO - Started process (PID=441) to work on /home/airflow/.local/lib/python3.12/site-packages/airflow/example_dags/example_short_circuit_operator.py
[2024-09-16T16:33:14.978+0000] {processor.py:914} INFO - Processing file /home/airflow/.local/lib/python3.12/site-packages/airflow/example_dags/example_short_circuit_operator.py for tasks to queue
[2024-09-16T16:33:14.980+0000] {logging_mixin.py:190} INFO - [2024-09-16T16:33:14.980+0000] {dagbag.py:587} INFO - Filling up the DagBag from /home/airflow/.local/lib/python3.12/site-packages/airflow/example_dags/example_short_circuit_operator.py
[2024-09-16T16:33:14.986+0000] {processor.py:925} INFO - DAG(s) 'example_short_circuit_operator' retrieved from /home/airflow/.local/lib/python3.12/site-packages/airflow/example_dags/example_short_circuit_operator.py
[2024-09-16T16:33:15.009+0000] {logging_mixin.py:190} INFO - [2024-09-16T16:33:15.008+0000] {dag.py:3229} INFO - Sync 1 DAGs
[2024-09-16T16:33:15.020+0000] {logging_mixin.py:190} INFO - [2024-09-16T16:33:15.020+0000] {dag.py:4156} INFO - Setting next_dagrun for example_short_circuit_operator to None, run_after=None
[2024-09-16T16:33:15.044+0000] {processor.py:208} INFO - Processing /home/airflow/.local/lib/python3.12/site-packages/airflow/example_dags/example_short_circuit_operator.py took 0.072 seconds
[2024-09-16T16:33:45.180+0000] {processor.py:186} INFO - Started process (PID=503) to work on /home/airflow/.local/lib/python3.12/site-packages/airflow/example_dags/example_short_circuit_operator.py
[2024-09-16T16:33:45.182+0000] {processor.py:914} INFO - Processing file /home/airflow/.local/lib/python3.12/site-packages/airflow/example_dags/example_short_circuit_operator.py for tasks to queue
[2024-09-16T16:33:45.184+0000] {logging_mixin.py:190} INFO - [2024-09-16T16:33:45.184+0000] {dagbag.py:587} INFO - Filling up the DagBag from /home/airflow/.local/lib/python3.12/site-packages/airflow/example_dags/example_short_circuit_operator.py
[2024-09-16T16:33:45.192+0000] {processor.py:925} INFO - DAG(s) 'example_short_circuit_operator' retrieved from /home/airflow/.local/lib/python3.12/site-packages/airflow/example_dags/example_short_circuit_operator.py
[2024-09-16T16:33:45.217+0000] {logging_mixin.py:190} INFO - [2024-09-16T16:33:45.217+0000] {dag.py:3229} INFO - Sync 1 DAGs
[2024-09-16T16:33:45.231+0000] {logging_mixin.py:190} INFO - [2024-09-16T16:33:45.230+0000] {dag.py:4156} INFO - Setting next_dagrun for example_short_circuit_operator to None, run_after=None
[2024-09-16T16:33:45.245+0000] {processor.py:208} INFO - Processing /home/airflow/.local/lib/python3.12/site-packages/airflow/example_dags/example_short_circuit_operator.py took 0.073 seconds
[2024-09-16T16:34:15.690+0000] {processor.py:186} INFO - Started process (PID=565) to work on /home/airflow/.local/lib/python3.12/site-packages/airflow/example_dags/example_short_circuit_operator.py
[2024-09-16T16:34:15.693+0000] {processor.py:914} INFO - Processing file /home/airflow/.local/lib/python3.12/site-packages/airflow/example_dags/example_short_circuit_operator.py for tasks to queue
[2024-09-16T16:34:15.697+0000] {logging_mixin.py:190} INFO - [2024-09-16T16:34:15.696+0000] {dagbag.py:587} INFO - Filling up the DagBag from /home/airflow/.local/lib/python3.12/site-packages/airflow/example_dags/example_short_circuit_operator.py
[2024-09-16T16:34:15.706+0000] {processor.py:925} INFO - DAG(s) 'example_short_circuit_operator' retrieved from /home/airflow/.local/lib/python3.12/site-packages/airflow/example_dags/example_short_circuit_operator.py
[2024-09-16T16:34:15.733+0000] {logging_mixin.py:190} INFO - [2024-09-16T16:34:15.733+0000] {dag.py:3229} INFO - Sync 1 DAGs
[2024-09-16T16:34:15.751+0000] {logging_mixin.py:190} INFO - [2024-09-16T16:34:15.751+0000] {dag.py:4156} INFO - Setting next_dagrun for example_short_circuit_operator to None, run_after=None
[2024-09-16T16:34:15.777+0000] {processor.py:208} INFO - Processing /home/airflow/.local/lib/python3.12/site-packages/airflow/example_dags/example_short_circuit_operator.py took 0.095 seconds
[2024-09-16T16:34:46.402+0000] {processor.py:186} INFO - Started process (PID=627) to work on /home/airflow/.local/lib/python3.12/site-packages/airflow/example_dags/example_short_circuit_operator.py
[2024-09-16T16:34:46.403+0000] {processor.py:914} INFO - Processing file /home/airflow/.local/lib/python3.12/site-packages/airflow/example_dags/example_short_circuit_operator.py for tasks to queue
[2024-09-16T16:34:46.405+0000] {logging_mixin.py:190} INFO - [2024-09-16T16:34:46.404+0000] {dagbag.py:587} INFO - Filling up the DagBag from /home/airflow/.local/lib/python3.12/site-packages/airflow/example_dags/example_short_circuit_operator.py
[2024-09-16T16:34:46.412+0000] {processor.py:925} INFO - DAG(s) 'example_short_circuit_operator' retrieved from /home/airflow/.local/lib/python3.12/site-packages/airflow/example_dags/example_short_circuit_operator.py
[2024-09-16T16:34:46.434+0000] {logging_mixin.py:190} INFO - [2024-09-16T16:34:46.434+0000] {dag.py:3229} INFO - Sync 1 DAGs
[2024-09-16T16:34:46.444+0000] {logging_mixin.py:190} INFO - [2024-09-16T16:34:46.444+0000] {dag.py:4156} INFO - Setting next_dagrun for example_short_circuit_operator to None, run_after=None
[2024-09-16T16:34:46.467+0000] {processor.py:208} INFO - Processing /home/airflow/.local/lib/python3.12/site-packages/airflow/example_dags/example_short_circuit_operator.py took 0.070 seconds
[2024-09-16T16:35:16.938+0000] {processor.py:186} INFO - Started process (PID=690) to work on /home/airflow/.local/lib/python3.12/site-packages/airflow/example_dags/example_short_circuit_operator.py
[2024-09-16T16:35:16.939+0000] {processor.py:914} INFO - Processing file /home/airflow/.local/lib/python3.12/site-packages/airflow/example_dags/example_short_circuit_operator.py for tasks to queue
[2024-09-16T16:35:16.941+0000] {logging_mixin.py:190} INFO - [2024-09-16T16:35:16.940+0000] {dagbag.py:587} INFO - Filling up the DagBag from /home/airflow/.local/lib/python3.12/site-packages/airflow/example_dags/example_short_circuit_operator.py
[2024-09-16T16:35:16.947+0000] {processor.py:925} INFO - DAG(s) 'example_short_circuit_operator' retrieved from /home/airflow/.local/lib/python3.12/site-packages/airflow/example_dags/example_short_circuit_operator.py
[2024-09-16T16:35:16.967+0000] {logging_mixin.py:190} INFO - [2024-09-16T16:35:16.967+0000] {dag.py:3229} INFO - Sync 1 DAGs
[2024-09-16T16:35:16.978+0000] {logging_mixin.py:190} INFO - [2024-09-16T16:35:16.978+0000] {dag.py:4156} INFO - Setting next_dagrun for example_short_circuit_operator to None, run_after=None
[2024-09-16T16:35:16.994+0000] {processor.py:208} INFO - Processing /home/airflow/.local/lib/python3.12/site-packages/airflow/example_dags/example_short_circuit_operator.py took 0.062 seconds
[2024-09-16T16:35:47.479+0000] {processor.py:186} INFO - Started process (PID=752) to work on /home/airflow/.local/lib/python3.12/site-packages/airflow/example_dags/example_short_circuit_operator.py
[2024-09-16T16:35:47.480+0000] {processor.py:914} INFO - Processing file /home/airflow/.local/lib/python3.12/site-packages/airflow/example_dags/example_short_circuit_operator.py for tasks to queue
[2024-09-16T16:35:47.483+0000] {logging_mixin.py:190} INFO - [2024-09-16T16:35:47.482+0000] {dagbag.py:587} INFO - Filling up the DagBag from /home/airflow/.local/lib/python3.12/site-packages/airflow/example_dags/example_short_circuit_operator.py
[2024-09-16T16:35:47.489+0000] {processor.py:925} INFO - DAG(s) 'example_short_circuit_operator' retrieved from /home/airflow/.local/lib/python3.12/site-packages/airflow/example_dags/example_short_circuit_operator.py
[2024-09-16T16:35:47.512+0000] {logging_mixin.py:190} INFO - [2024-09-16T16:35:47.511+0000] {dag.py:3229} INFO - Sync 1 DAGs
[2024-09-16T16:35:47.521+0000] {logging_mixin.py:190} INFO - [2024-09-16T16:35:47.521+0000] {dag.py:4156} INFO - Setting next_dagrun for example_short_circuit_operator to None, run_after=None
[2024-09-16T16:35:47.540+0000] {processor.py:208} INFO - Processing /home/airflow/.local/lib/python3.12/site-packages/airflow/example_dags/example_short_circuit_operator.py took 0.066 seconds
[2024-09-16T16:36:18.325+0000] {processor.py:186} INFO - Started process (PID=814) to work on /home/airflow/.local/lib/python3.12/site-packages/airflow/example_dags/example_short_circuit_operator.py
[2024-09-16T16:36:18.326+0000] {processor.py:914} INFO - Processing file /home/airflow/.local/lib/python3.12/site-packages/airflow/example_dags/example_short_circuit_operator.py for tasks to queue
[2024-09-16T16:36:18.329+0000] {logging_mixin.py:190} INFO - [2024-09-16T16:36:18.329+0000] {dagbag.py:587} INFO - Filling up the DagBag from /home/airflow/.local/lib/python3.12/site-packages/airflow/example_dags/example_short_circuit_operator.py
[2024-09-16T16:36:18.337+0000] {processor.py:925} INFO - DAG(s) 'example_short_circuit_operator' retrieved from /home/airflow/.local/lib/python3.12/site-packages/airflow/example_dags/example_short_circuit_operator.py
[2024-09-16T16:36:18.361+0000] {logging_mixin.py:190} INFO - [2024-09-16T16:36:18.361+0000] {dag.py:3229} INFO - Sync 1 DAGs
[2024-09-16T16:36:18.375+0000] {logging_mixin.py:190} INFO - [2024-09-16T16:36:18.375+0000] {dag.py:4156} INFO - Setting next_dagrun for example_short_circuit_operator to None, run_after=None
[2024-09-16T16:36:18.395+0000] {processor.py:208} INFO - Processing /home/airflow/.local/lib/python3.12/site-packages/airflow/example_dags/example_short_circuit_operator.py took 0.078 seconds
[2024-09-16T16:36:49.122+0000] {processor.py:186} INFO - Started process (PID=876) to work on /home/airflow/.local/lib/python3.12/site-packages/airflow/example_dags/example_short_circuit_operator.py
[2024-09-16T16:36:49.123+0000] {processor.py:914} INFO - Processing file /home/airflow/.local/lib/python3.12/site-packages/airflow/example_dags/example_short_circuit_operator.py for tasks to queue
[2024-09-16T16:36:49.125+0000] {logging_mixin.py:190} INFO - [2024-09-16T16:36:49.124+0000] {dagbag.py:587} INFO - Filling up the DagBag from /home/airflow/.local/lib/python3.12/site-packages/airflow/example_dags/example_short_circuit_operator.py
[2024-09-16T16:36:49.132+0000] {processor.py:925} INFO - DAG(s) 'example_short_circuit_operator' retrieved from /home/airflow/.local/lib/python3.12/site-packages/airflow/example_dags/example_short_circuit_operator.py
[2024-09-16T16:36:49.154+0000] {logging_mixin.py:190} INFO - [2024-09-16T16:36:49.154+0000] {dag.py:3229} INFO - Sync 1 DAGs
[2024-09-16T16:36:49.165+0000] {logging_mixin.py:190} INFO - [2024-09-16T16:36:49.165+0000] {dag.py:4156} INFO - Setting next_dagrun for example_short_circuit_operator to None, run_after=None
[2024-09-16T16:36:49.189+0000] {processor.py:208} INFO - Processing /home/airflow/.local/lib/python3.12/site-packages/airflow/example_dags/example_short_circuit_operator.py took 0.073 seconds
[2024-09-16T16:37:19.533+0000] {processor.py:186} INFO - Started process (PID=938) to work on /home/airflow/.local/lib/python3.12/site-packages/airflow/example_dags/example_short_circuit_operator.py
[2024-09-16T16:37:19.534+0000] {processor.py:914} INFO - Processing file /home/airflow/.local/lib/python3.12/site-packages/airflow/example_dags/example_short_circuit_operator.py for tasks to queue
[2024-09-16T16:37:19.538+0000] {logging_mixin.py:190} INFO - [2024-09-16T16:37:19.537+0000] {dagbag.py:587} INFO - Filling up the DagBag from /home/airflow/.local/lib/python3.12/site-packages/airflow/example_dags/example_short_circuit_operator.py
[2024-09-16T16:37:19.545+0000] {processor.py:925} INFO - DAG(s) 'example_short_circuit_operator' retrieved from /home/airflow/.local/lib/python3.12/site-packages/airflow/example_dags/example_short_circuit_operator.py
[2024-09-16T16:37:19.571+0000] {logging_mixin.py:190} INFO - [2024-09-16T16:37:19.571+0000] {dag.py:3229} INFO - Sync 1 DAGs
[2024-09-16T16:37:19.587+0000] {logging_mixin.py:190} INFO - [2024-09-16T16:37:19.587+0000] {dag.py:4156} INFO - Setting next_dagrun for example_short_circuit_operator to None, run_after=None
[2024-09-16T16:37:19.612+0000] {processor.py:208} INFO - Processing /home/airflow/.local/lib/python3.12/site-packages/airflow/example_dags/example_short_circuit_operator.py took 0.084 seconds
