[2024-09-16T16:25:40.938+0000] {processor.py:186} INFO - Started process (PID=84) to work on /home/airflow/.local/lib/python3.12/site-packages/airflow/example_dags/example_bash_decorator.py
[2024-09-16T16:25:40.939+0000] {processor.py:914} INFO - Processing file /home/airflow/.local/lib/python3.12/site-packages/airflow/example_dags/example_bash_decorator.py for tasks to queue
[2024-09-16T16:25:40.942+0000] {logging_mixin.py:190} INFO - [2024-09-16T16:25:40.942+0000] {dagbag.py:587} INFO - Filling up the DagBag from /home/airflow/.local/lib/python3.12/site-packages/airflow/example_dags/example_bash_decorator.py
[2024-09-16T16:25:40.969+0000] {processor.py:925} INFO - DAG(s) 'example_bash_decorator' retrieved from /home/airflow/.local/lib/python3.12/site-packages/airflow/example_dags/example_bash_decorator.py
[2024-09-16T16:25:41.143+0000] {logging_mixin.py:190} INFO - [2024-09-16T16:25:41.143+0000] {override.py:1900} INFO - Created Permission View: can edit on DAG:example_bash_decorator
[2024-09-16T16:25:41.155+0000] {logging_mixin.py:190} INFO - [2024-09-16T16:25:41.155+0000] {override.py:1900} INFO - Created Permission View: can delete on DAG:example_bash_decorator
[2024-09-16T16:25:41.177+0000] {logging_mixin.py:190} INFO - [2024-09-16T16:25:41.175+0000] {override.py:1900} INFO - Created Permission View: can read on DAG:example_bash_decorator
[2024-09-16T16:25:41.195+0000] {logging_mixin.py:190} INFO - [2024-09-16T16:25:41.194+0000] {override.py:1900} INFO - Created Permission View: can delete on DAG Run:example_bash_decorator
[2024-09-16T16:25:41.209+0000] {logging_mixin.py:190} INFO - [2024-09-16T16:25:41.208+0000] {override.py:1900} INFO - Created Permission View: can create on DAG Run:example_bash_decorator
[2024-09-16T16:25:41.222+0000] {logging_mixin.py:190} INFO - [2024-09-16T16:25:41.221+0000] {override.py:1900} INFO - Created Permission View: menu access on DAG Run:example_bash_decorator
[2024-09-16T16:25:41.231+0000] {logging_mixin.py:190} INFO - [2024-09-16T16:25:41.231+0000] {override.py:1900} INFO - Created Permission View: can read on DAG Run:example_bash_decorator
[2024-09-16T16:25:41.232+0000] {logging_mixin.py:190} INFO - [2024-09-16T16:25:41.232+0000] {dag.py:3229} INFO - Sync 1 DAGs
[2024-09-16T16:25:41.250+0000] {logging_mixin.py:190} INFO - [2024-09-16T16:25:41.250+0000] {dag.py:3252} INFO - Creating ORM DAG for example_bash_decorator
[2024-09-16T16:25:41.251+0000] {logging_mixin.py:190} INFO - [2024-09-16T16:25:41.251+0000] {dag.py:4156} INFO - Setting next_dagrun for example_bash_decorator to None, run_after=None
[2024-09-16T16:25:41.271+0000] {processor.py:208} INFO - Processing /home/airflow/.local/lib/python3.12/site-packages/airflow/example_dags/example_bash_decorator.py took 0.346 seconds
[2024-09-16T16:26:11.574+0000] {processor.py:186} INFO - Started process (PID=146) to work on /home/airflow/.local/lib/python3.12/site-packages/airflow/example_dags/example_bash_decorator.py
[2024-09-16T16:26:11.576+0000] {processor.py:914} INFO - Processing file /home/airflow/.local/lib/python3.12/site-packages/airflow/example_dags/example_bash_decorator.py for tasks to queue
[2024-09-16T16:26:11.580+0000] {logging_mixin.py:190} INFO - [2024-09-16T16:26:11.579+0000] {dagbag.py:587} INFO - Filling up the DagBag from /home/airflow/.local/lib/python3.12/site-packages/airflow/example_dags/example_bash_decorator.py
[2024-09-16T16:26:11.632+0000] {processor.py:925} INFO - DAG(s) 'example_bash_decorator' retrieved from /home/airflow/.local/lib/python3.12/site-packages/airflow/example_dags/example_bash_decorator.py
[2024-09-16T16:26:11.671+0000] {logging_mixin.py:190} INFO - [2024-09-16T16:26:11.671+0000] {dag.py:3229} INFO - Sync 1 DAGs
[2024-09-16T16:26:11.693+0000] {logging_mixin.py:190} INFO - [2024-09-16T16:26:11.693+0000] {dag.py:4156} INFO - Setting next_dagrun for example_bash_decorator to None, run_after=None
[2024-09-16T16:26:11.743+0000] {processor.py:208} INFO - Processing /home/airflow/.local/lib/python3.12/site-packages/airflow/example_dags/example_bash_decorator.py took 0.177 seconds
[2024-09-16T16:26:44.396+0000] {processor.py:186} INFO - Started process (PID=208) to work on /home/airflow/.local/lib/python3.12/site-packages/airflow/example_dags/example_bash_decorator.py
[2024-09-16T16:26:44.399+0000] {processor.py:914} INFO - Processing file /home/airflow/.local/lib/python3.12/site-packages/airflow/example_dags/example_bash_decorator.py for tasks to queue
[2024-09-16T16:26:44.410+0000] {logging_mixin.py:190} INFO - [2024-09-16T16:26:44.409+0000] {dagbag.py:587} INFO - Filling up the DagBag from /home/airflow/.local/lib/python3.12/site-packages/airflow/example_dags/example_bash_decorator.py
[2024-09-16T16:26:44.464+0000] {processor.py:925} INFO - DAG(s) 'example_bash_decorator' retrieved from /home/airflow/.local/lib/python3.12/site-packages/airflow/example_dags/example_bash_decorator.py
[2024-09-16T16:26:44.539+0000] {logging_mixin.py:190} INFO - [2024-09-16T16:26:44.538+0000] {dag.py:3229} INFO - Sync 1 DAGs
[2024-09-16T16:26:44.596+0000] {logging_mixin.py:190} INFO - [2024-09-16T16:26:44.595+0000] {dag.py:4156} INFO - Setting next_dagrun for example_bash_decorator to None, run_after=None
[2024-09-16T16:26:44.659+0000] {processor.py:208} INFO - Processing /home/airflow/.local/lib/python3.12/site-packages/airflow/example_dags/example_bash_decorator.py took 0.282 seconds
[2024-09-16T16:27:15.986+0000] {processor.py:186} INFO - Started process (PID=270) to work on /home/airflow/.local/lib/python3.12/site-packages/airflow/example_dags/example_bash_decorator.py
[2024-09-16T16:27:15.988+0000] {processor.py:914} INFO - Processing file /home/airflow/.local/lib/python3.12/site-packages/airflow/example_dags/example_bash_decorator.py for tasks to queue
[2024-09-16T16:27:15.992+0000] {logging_mixin.py:190} INFO - [2024-09-16T16:27:15.991+0000] {dagbag.py:587} INFO - Filling up the DagBag from /home/airflow/.local/lib/python3.12/site-packages/airflow/example_dags/example_bash_decorator.py
[2024-09-16T16:27:16.020+0000] {processor.py:925} INFO - DAG(s) 'example_bash_decorator' retrieved from /home/airflow/.local/lib/python3.12/site-packages/airflow/example_dags/example_bash_decorator.py
[2024-09-16T16:27:16.059+0000] {logging_mixin.py:190} INFO - [2024-09-16T16:27:16.058+0000] {dag.py:3229} INFO - Sync 1 DAGs
[2024-09-16T16:27:16.085+0000] {logging_mixin.py:190} INFO - [2024-09-16T16:27:16.084+0000] {dag.py:4156} INFO - Setting next_dagrun for example_bash_decorator to None, run_after=None
[2024-09-16T16:27:16.115+0000] {processor.py:208} INFO - Processing /home/airflow/.local/lib/python3.12/site-packages/airflow/example_dags/example_bash_decorator.py took 0.140 seconds
[2024-09-16T16:27:49.436+0000] {processor.py:186} INFO - Started process (PID=332) to work on /home/airflow/.local/lib/python3.12/site-packages/airflow/example_dags/example_bash_decorator.py
[2024-09-16T16:27:49.442+0000] {processor.py:914} INFO - Processing file /home/airflow/.local/lib/python3.12/site-packages/airflow/example_dags/example_bash_decorator.py for tasks to queue
[2024-09-16T16:27:49.448+0000] {logging_mixin.py:190} INFO - [2024-09-16T16:27:49.448+0000] {dagbag.py:587} INFO - Filling up the DagBag from /home/airflow/.local/lib/python3.12/site-packages/airflow/example_dags/example_bash_decorator.py
[2024-09-16T16:27:49.502+0000] {processor.py:925} INFO - DAG(s) 'example_bash_decorator' retrieved from /home/airflow/.local/lib/python3.12/site-packages/airflow/example_dags/example_bash_decorator.py
[2024-09-16T16:27:49.624+0000] {logging_mixin.py:190} INFO - [2024-09-16T16:27:49.617+0000] {dag.py:3229} INFO - Sync 1 DAGs
[2024-09-16T16:27:49.688+0000] {logging_mixin.py:190} INFO - [2024-09-16T16:27:49.687+0000] {dag.py:4156} INFO - Setting next_dagrun for example_bash_decorator to None, run_after=None
[2024-09-16T16:27:49.748+0000] {processor.py:208} INFO - Processing /home/airflow/.local/lib/python3.12/site-packages/airflow/example_dags/example_bash_decorator.py took 0.334 seconds
[2024-09-16T16:28:20.434+0000] {processor.py:186} INFO - Started process (PID=394) to work on /home/airflow/.local/lib/python3.12/site-packages/airflow/example_dags/example_bash_decorator.py
[2024-09-16T16:28:20.436+0000] {processor.py:914} INFO - Processing file /home/airflow/.local/lib/python3.12/site-packages/airflow/example_dags/example_bash_decorator.py for tasks to queue
[2024-09-16T16:28:20.442+0000] {logging_mixin.py:190} INFO - [2024-09-16T16:28:20.441+0000] {dagbag.py:587} INFO - Filling up the DagBag from /home/airflow/.local/lib/python3.12/site-packages/airflow/example_dags/example_bash_decorator.py
[2024-09-16T16:28:20.471+0000] {processor.py:925} INFO - DAG(s) 'example_bash_decorator' retrieved from /home/airflow/.local/lib/python3.12/site-packages/airflow/example_dags/example_bash_decorator.py
[2024-09-16T16:28:20.516+0000] {logging_mixin.py:190} INFO - [2024-09-16T16:28:20.516+0000] {dag.py:3229} INFO - Sync 1 DAGs
[2024-09-16T16:28:20.544+0000] {logging_mixin.py:190} INFO - [2024-09-16T16:28:20.544+0000] {dag.py:4156} INFO - Setting next_dagrun for example_bash_decorator to None, run_after=None
[2024-09-16T16:28:20.587+0000] {processor.py:208} INFO - Processing /home/airflow/.local/lib/python3.12/site-packages/airflow/example_dags/example_bash_decorator.py took 0.164 seconds
[2024-09-16T16:30:15.244+0000] {processor.py:186} INFO - Started process (PID=81) to work on /home/airflow/.local/lib/python3.12/site-packages/airflow/example_dags/example_bash_decorator.py
[2024-09-16T16:30:15.246+0000] {processor.py:914} INFO - Processing file /home/airflow/.local/lib/python3.12/site-packages/airflow/example_dags/example_bash_decorator.py for tasks to queue
[2024-09-16T16:30:15.250+0000] {logging_mixin.py:190} INFO - [2024-09-16T16:30:15.249+0000] {dagbag.py:587} INFO - Filling up the DagBag from /home/airflow/.local/lib/python3.12/site-packages/airflow/example_dags/example_bash_decorator.py
[2024-09-16T16:30:15.274+0000] {processor.py:925} INFO - DAG(s) 'example_bash_decorator' retrieved from /home/airflow/.local/lib/python3.12/site-packages/airflow/example_dags/example_bash_decorator.py
[2024-09-16T16:30:15.493+0000] {logging_mixin.py:190} INFO - [2024-09-16T16:30:15.493+0000] {dag.py:3229} INFO - Sync 1 DAGs
[2024-09-16T16:30:15.514+0000] {logging_mixin.py:190} INFO - [2024-09-16T16:30:15.514+0000] {dag.py:4156} INFO - Setting next_dagrun for example_bash_decorator to None, run_after=None
[2024-09-16T16:30:15.545+0000] {processor.py:208} INFO - Processing /home/airflow/.local/lib/python3.12/site-packages/airflow/example_dags/example_bash_decorator.py took 0.310 seconds
[2024-09-16T16:30:45.946+0000] {processor.py:186} INFO - Started process (PID=143) to work on /home/airflow/.local/lib/python3.12/site-packages/airflow/example_dags/example_bash_decorator.py
[2024-09-16T16:30:45.947+0000] {processor.py:914} INFO - Processing file /home/airflow/.local/lib/python3.12/site-packages/airflow/example_dags/example_bash_decorator.py for tasks to queue
[2024-09-16T16:30:45.949+0000] {logging_mixin.py:190} INFO - [2024-09-16T16:30:45.949+0000] {dagbag.py:587} INFO - Filling up the DagBag from /home/airflow/.local/lib/python3.12/site-packages/airflow/example_dags/example_bash_decorator.py
[2024-09-16T16:30:45.961+0000] {processor.py:925} INFO - DAG(s) 'example_bash_decorator' retrieved from /home/airflow/.local/lib/python3.12/site-packages/airflow/example_dags/example_bash_decorator.py
[2024-09-16T16:30:45.979+0000] {logging_mixin.py:190} INFO - [2024-09-16T16:30:45.979+0000] {dag.py:3229} INFO - Sync 1 DAGs
[2024-09-16T16:30:45.989+0000] {logging_mixin.py:190} INFO - [2024-09-16T16:30:45.989+0000] {dag.py:4156} INFO - Setting next_dagrun for example_bash_decorator to None, run_after=None
[2024-09-16T16:30:46.002+0000] {processor.py:208} INFO - Processing /home/airflow/.local/lib/python3.12/site-packages/airflow/example_dags/example_bash_decorator.py took 0.061 seconds
[2024-09-16T16:31:16.701+0000] {processor.py:186} INFO - Started process (PID=205) to work on /home/airflow/.local/lib/python3.12/site-packages/airflow/example_dags/example_bash_decorator.py
[2024-09-16T16:31:16.702+0000] {processor.py:914} INFO - Processing file /home/airflow/.local/lib/python3.12/site-packages/airflow/example_dags/example_bash_decorator.py for tasks to queue
[2024-09-16T16:31:16.705+0000] {logging_mixin.py:190} INFO - [2024-09-16T16:31:16.705+0000] {dagbag.py:587} INFO - Filling up the DagBag from /home/airflow/.local/lib/python3.12/site-packages/airflow/example_dags/example_bash_decorator.py
[2024-09-16T16:31:16.716+0000] {processor.py:925} INFO - DAG(s) 'example_bash_decorator' retrieved from /home/airflow/.local/lib/python3.12/site-packages/airflow/example_dags/example_bash_decorator.py
[2024-09-16T16:31:16.738+0000] {logging_mixin.py:190} INFO - [2024-09-16T16:31:16.738+0000] {dag.py:3229} INFO - Sync 1 DAGs
[2024-09-16T16:31:16.749+0000] {logging_mixin.py:190} INFO - [2024-09-16T16:31:16.749+0000] {dag.py:4156} INFO - Setting next_dagrun for example_bash_decorator to None, run_after=None
[2024-09-16T16:31:16.766+0000] {processor.py:208} INFO - Processing /home/airflow/.local/lib/python3.12/site-packages/airflow/example_dags/example_bash_decorator.py took 0.070 seconds
[2024-09-16T16:31:47.151+0000] {processor.py:186} INFO - Started process (PID=267) to work on /home/airflow/.local/lib/python3.12/site-packages/airflow/example_dags/example_bash_decorator.py
[2024-09-16T16:31:47.152+0000] {processor.py:914} INFO - Processing file /home/airflow/.local/lib/python3.12/site-packages/airflow/example_dags/example_bash_decorator.py for tasks to queue
[2024-09-16T16:31:47.154+0000] {logging_mixin.py:190} INFO - [2024-09-16T16:31:47.154+0000] {dagbag.py:587} INFO - Filling up the DagBag from /home/airflow/.local/lib/python3.12/site-packages/airflow/example_dags/example_bash_decorator.py
[2024-09-16T16:31:47.167+0000] {processor.py:925} INFO - DAG(s) 'example_bash_decorator' retrieved from /home/airflow/.local/lib/python3.12/site-packages/airflow/example_dags/example_bash_decorator.py
[2024-09-16T16:31:47.189+0000] {logging_mixin.py:190} INFO - [2024-09-16T16:31:47.188+0000] {dag.py:3229} INFO - Sync 1 DAGs
[2024-09-16T16:31:47.202+0000] {logging_mixin.py:190} INFO - [2024-09-16T16:31:47.202+0000] {dag.py:4156} INFO - Setting next_dagrun for example_bash_decorator to None, run_after=None
[2024-09-16T16:31:47.218+0000] {processor.py:208} INFO - Processing /home/airflow/.local/lib/python3.12/site-packages/airflow/example_dags/example_bash_decorator.py took 0.076 seconds
[2024-09-16T16:32:17.568+0000] {processor.py:186} INFO - Started process (PID=329) to work on /home/airflow/.local/lib/python3.12/site-packages/airflow/example_dags/example_bash_decorator.py
[2024-09-16T16:32:17.569+0000] {processor.py:914} INFO - Processing file /home/airflow/.local/lib/python3.12/site-packages/airflow/example_dags/example_bash_decorator.py for tasks to queue
[2024-09-16T16:32:17.571+0000] {logging_mixin.py:190} INFO - [2024-09-16T16:32:17.571+0000] {dagbag.py:587} INFO - Filling up the DagBag from /home/airflow/.local/lib/python3.12/site-packages/airflow/example_dags/example_bash_decorator.py
[2024-09-16T16:32:17.584+0000] {processor.py:925} INFO - DAG(s) 'example_bash_decorator' retrieved from /home/airflow/.local/lib/python3.12/site-packages/airflow/example_dags/example_bash_decorator.py
[2024-09-16T16:32:17.606+0000] {logging_mixin.py:190} INFO - [2024-09-16T16:32:17.606+0000] {dag.py:3229} INFO - Sync 1 DAGs
[2024-09-16T16:32:17.618+0000] {logging_mixin.py:190} INFO - [2024-09-16T16:32:17.618+0000] {dag.py:4156} INFO - Setting next_dagrun for example_bash_decorator to None, run_after=None
[2024-09-16T16:32:17.634+0000] {processor.py:208} INFO - Processing /home/airflow/.local/lib/python3.12/site-packages/airflow/example_dags/example_bash_decorator.py took 0.071 seconds
[2024-09-16T16:32:48.089+0000] {processor.py:186} INFO - Started process (PID=391) to work on /home/airflow/.local/lib/python3.12/site-packages/airflow/example_dags/example_bash_decorator.py
[2024-09-16T16:32:48.091+0000] {processor.py:914} INFO - Processing file /home/airflow/.local/lib/python3.12/site-packages/airflow/example_dags/example_bash_decorator.py for tasks to queue
[2024-09-16T16:32:48.093+0000] {logging_mixin.py:190} INFO - [2024-09-16T16:32:48.093+0000] {dagbag.py:587} INFO - Filling up the DagBag from /home/airflow/.local/lib/python3.12/site-packages/airflow/example_dags/example_bash_decorator.py
[2024-09-16T16:32:48.104+0000] {processor.py:925} INFO - DAG(s) 'example_bash_decorator' retrieved from /home/airflow/.local/lib/python3.12/site-packages/airflow/example_dags/example_bash_decorator.py
[2024-09-16T16:32:48.125+0000] {logging_mixin.py:190} INFO - [2024-09-16T16:32:48.125+0000] {dag.py:3229} INFO - Sync 1 DAGs
[2024-09-16T16:32:48.135+0000] {logging_mixin.py:190} INFO - [2024-09-16T16:32:48.135+0000] {dag.py:4156} INFO - Setting next_dagrun for example_bash_decorator to None, run_after=None
[2024-09-16T16:32:48.153+0000] {processor.py:208} INFO - Processing /home/airflow/.local/lib/python3.12/site-packages/airflow/example_dags/example_bash_decorator.py took 0.068 seconds
[2024-09-16T16:33:18.633+0000] {processor.py:186} INFO - Started process (PID=453) to work on /home/airflow/.local/lib/python3.12/site-packages/airflow/example_dags/example_bash_decorator.py
[2024-09-16T16:33:18.634+0000] {processor.py:914} INFO - Processing file /home/airflow/.local/lib/python3.12/site-packages/airflow/example_dags/example_bash_decorator.py for tasks to queue
[2024-09-16T16:33:18.636+0000] {logging_mixin.py:190} INFO - [2024-09-16T16:33:18.636+0000] {dagbag.py:587} INFO - Filling up the DagBag from /home/airflow/.local/lib/python3.12/site-packages/airflow/example_dags/example_bash_decorator.py
[2024-09-16T16:33:18.650+0000] {processor.py:925} INFO - DAG(s) 'example_bash_decorator' retrieved from /home/airflow/.local/lib/python3.12/site-packages/airflow/example_dags/example_bash_decorator.py
[2024-09-16T16:33:18.670+0000] {logging_mixin.py:190} INFO - [2024-09-16T16:33:18.670+0000] {dag.py:3229} INFO - Sync 1 DAGs
[2024-09-16T16:33:18.681+0000] {logging_mixin.py:190} INFO - [2024-09-16T16:33:18.681+0000] {dag.py:4156} INFO - Setting next_dagrun for example_bash_decorator to None, run_after=None
[2024-09-16T16:33:18.698+0000] {processor.py:208} INFO - Processing /home/airflow/.local/lib/python3.12/site-packages/airflow/example_dags/example_bash_decorator.py took 0.070 seconds
[2024-09-16T16:33:48.892+0000] {processor.py:186} INFO - Started process (PID=515) to work on /home/airflow/.local/lib/python3.12/site-packages/airflow/example_dags/example_bash_decorator.py
[2024-09-16T16:33:48.893+0000] {processor.py:914} INFO - Processing file /home/airflow/.local/lib/python3.12/site-packages/airflow/example_dags/example_bash_decorator.py for tasks to queue
[2024-09-16T16:33:48.896+0000] {logging_mixin.py:190} INFO - [2024-09-16T16:33:48.895+0000] {dagbag.py:587} INFO - Filling up the DagBag from /home/airflow/.local/lib/python3.12/site-packages/airflow/example_dags/example_bash_decorator.py
[2024-09-16T16:33:48.909+0000] {processor.py:925} INFO - DAG(s) 'example_bash_decorator' retrieved from /home/airflow/.local/lib/python3.12/site-packages/airflow/example_dags/example_bash_decorator.py
[2024-09-16T16:33:48.929+0000] {logging_mixin.py:190} INFO - [2024-09-16T16:33:48.929+0000] {dag.py:3229} INFO - Sync 1 DAGs
[2024-09-16T16:33:48.940+0000] {logging_mixin.py:190} INFO - [2024-09-16T16:33:48.940+0000] {dag.py:4156} INFO - Setting next_dagrun for example_bash_decorator to None, run_after=None
[2024-09-16T16:33:48.958+0000] {processor.py:208} INFO - Processing /home/airflow/.local/lib/python3.12/site-packages/airflow/example_dags/example_bash_decorator.py took 0.073 seconds
[2024-09-16T16:34:19.454+0000] {processor.py:186} INFO - Started process (PID=577) to work on /home/airflow/.local/lib/python3.12/site-packages/airflow/example_dags/example_bash_decorator.py
[2024-09-16T16:34:19.455+0000] {processor.py:914} INFO - Processing file /home/airflow/.local/lib/python3.12/site-packages/airflow/example_dags/example_bash_decorator.py for tasks to queue
[2024-09-16T16:34:19.457+0000] {logging_mixin.py:190} INFO - [2024-09-16T16:34:19.457+0000] {dagbag.py:587} INFO - Filling up the DagBag from /home/airflow/.local/lib/python3.12/site-packages/airflow/example_dags/example_bash_decorator.py
[2024-09-16T16:34:19.468+0000] {processor.py:925} INFO - DAG(s) 'example_bash_decorator' retrieved from /home/airflow/.local/lib/python3.12/site-packages/airflow/example_dags/example_bash_decorator.py
[2024-09-16T16:34:19.489+0000] {logging_mixin.py:190} INFO - [2024-09-16T16:34:19.488+0000] {dag.py:3229} INFO - Sync 1 DAGs
[2024-09-16T16:34:19.500+0000] {logging_mixin.py:190} INFO - [2024-09-16T16:34:19.500+0000] {dag.py:4156} INFO - Setting next_dagrun for example_bash_decorator to None, run_after=None
[2024-09-16T16:34:19.516+0000] {processor.py:208} INFO - Processing /home/airflow/.local/lib/python3.12/site-packages/airflow/example_dags/example_bash_decorator.py took 0.067 seconds
[2024-09-16T16:34:50.117+0000] {processor.py:186} INFO - Started process (PID=639) to work on /home/airflow/.local/lib/python3.12/site-packages/airflow/example_dags/example_bash_decorator.py
[2024-09-16T16:34:50.118+0000] {processor.py:914} INFO - Processing file /home/airflow/.local/lib/python3.12/site-packages/airflow/example_dags/example_bash_decorator.py for tasks to queue
[2024-09-16T16:34:50.120+0000] {logging_mixin.py:190} INFO - [2024-09-16T16:34:50.120+0000] {dagbag.py:587} INFO - Filling up the DagBag from /home/airflow/.local/lib/python3.12/site-packages/airflow/example_dags/example_bash_decorator.py
[2024-09-16T16:34:50.131+0000] {processor.py:925} INFO - DAG(s) 'example_bash_decorator' retrieved from /home/airflow/.local/lib/python3.12/site-packages/airflow/example_dags/example_bash_decorator.py
[2024-09-16T16:34:50.151+0000] {logging_mixin.py:190} INFO - [2024-09-16T16:34:50.151+0000] {dag.py:3229} INFO - Sync 1 DAGs
[2024-09-16T16:34:50.161+0000] {logging_mixin.py:190} INFO - [2024-09-16T16:34:50.161+0000] {dag.py:4156} INFO - Setting next_dagrun for example_bash_decorator to None, run_after=None
[2024-09-16T16:34:50.183+0000] {processor.py:208} INFO - Processing /home/airflow/.local/lib/python3.12/site-packages/airflow/example_dags/example_bash_decorator.py took 0.070 seconds
[2024-09-16T16:35:20.677+0000] {processor.py:186} INFO - Started process (PID=702) to work on /home/airflow/.local/lib/python3.12/site-packages/airflow/example_dags/example_bash_decorator.py
[2024-09-16T16:35:20.678+0000] {processor.py:914} INFO - Processing file /home/airflow/.local/lib/python3.12/site-packages/airflow/example_dags/example_bash_decorator.py for tasks to queue
[2024-09-16T16:35:20.681+0000] {logging_mixin.py:190} INFO - [2024-09-16T16:35:20.681+0000] {dagbag.py:587} INFO - Filling up the DagBag from /home/airflow/.local/lib/python3.12/site-packages/airflow/example_dags/example_bash_decorator.py
[2024-09-16T16:35:20.694+0000] {processor.py:925} INFO - DAG(s) 'example_bash_decorator' retrieved from /home/airflow/.local/lib/python3.12/site-packages/airflow/example_dags/example_bash_decorator.py
[2024-09-16T16:35:20.718+0000] {logging_mixin.py:190} INFO - [2024-09-16T16:35:20.718+0000] {dag.py:3229} INFO - Sync 1 DAGs
[2024-09-16T16:35:20.734+0000] {logging_mixin.py:190} INFO - [2024-09-16T16:35:20.734+0000] {dag.py:4156} INFO - Setting next_dagrun for example_bash_decorator to None, run_after=None
[2024-09-16T16:35:20.750+0000] {processor.py:208} INFO - Processing /home/airflow/.local/lib/python3.12/site-packages/airflow/example_dags/example_bash_decorator.py took 0.078 seconds
[2024-09-16T16:35:51.134+0000] {processor.py:186} INFO - Started process (PID=764) to work on /home/airflow/.local/lib/python3.12/site-packages/airflow/example_dags/example_bash_decorator.py
[2024-09-16T16:35:51.135+0000] {processor.py:914} INFO - Processing file /home/airflow/.local/lib/python3.12/site-packages/airflow/example_dags/example_bash_decorator.py for tasks to queue
[2024-09-16T16:35:51.138+0000] {logging_mixin.py:190} INFO - [2024-09-16T16:35:51.137+0000] {dagbag.py:587} INFO - Filling up the DagBag from /home/airflow/.local/lib/python3.12/site-packages/airflow/example_dags/example_bash_decorator.py
[2024-09-16T16:35:51.153+0000] {processor.py:925} INFO - DAG(s) 'example_bash_decorator' retrieved from /home/airflow/.local/lib/python3.12/site-packages/airflow/example_dags/example_bash_decorator.py
[2024-09-16T16:35:51.177+0000] {logging_mixin.py:190} INFO - [2024-09-16T16:35:51.177+0000] {dag.py:3229} INFO - Sync 1 DAGs
[2024-09-16T16:35:51.191+0000] {logging_mixin.py:190} INFO - [2024-09-16T16:35:51.191+0000] {dag.py:4156} INFO - Setting next_dagrun for example_bash_decorator to None, run_after=None
[2024-09-16T16:35:51.210+0000] {processor.py:208} INFO - Processing /home/airflow/.local/lib/python3.12/site-packages/airflow/example_dags/example_bash_decorator.py took 0.082 seconds
[2024-09-16T16:36:21.431+0000] {processor.py:186} INFO - Started process (PID=826) to work on /home/airflow/.local/lib/python3.12/site-packages/airflow/example_dags/example_bash_decorator.py
[2024-09-16T16:36:21.433+0000] {processor.py:914} INFO - Processing file /home/airflow/.local/lib/python3.12/site-packages/airflow/example_dags/example_bash_decorator.py for tasks to queue
[2024-09-16T16:36:21.437+0000] {logging_mixin.py:190} INFO - [2024-09-16T16:36:21.436+0000] {dagbag.py:587} INFO - Filling up the DagBag from /home/airflow/.local/lib/python3.12/site-packages/airflow/example_dags/example_bash_decorator.py
[2024-09-16T16:36:21.456+0000] {processor.py:925} INFO - DAG(s) 'example_bash_decorator' retrieved from /home/airflow/.local/lib/python3.12/site-packages/airflow/example_dags/example_bash_decorator.py
[2024-09-16T16:36:21.490+0000] {logging_mixin.py:190} INFO - [2024-09-16T16:36:21.489+0000] {dag.py:3229} INFO - Sync 1 DAGs
[2024-09-16T16:36:21.511+0000] {logging_mixin.py:190} INFO - [2024-09-16T16:36:21.510+0000] {dag.py:4156} INFO - Setting next_dagrun for example_bash_decorator to None, run_after=None
[2024-09-16T16:36:21.534+0000] {processor.py:208} INFO - Processing /home/airflow/.local/lib/python3.12/site-packages/airflow/example_dags/example_bash_decorator.py took 0.114 seconds
[2024-09-16T16:36:51.782+0000] {processor.py:186} INFO - Started process (PID=888) to work on /home/airflow/.local/lib/python3.12/site-packages/airflow/example_dags/example_bash_decorator.py
[2024-09-16T16:36:51.783+0000] {processor.py:914} INFO - Processing file /home/airflow/.local/lib/python3.12/site-packages/airflow/example_dags/example_bash_decorator.py for tasks to queue
[2024-09-16T16:36:51.785+0000] {logging_mixin.py:190} INFO - [2024-09-16T16:36:51.785+0000] {dagbag.py:587} INFO - Filling up the DagBag from /home/airflow/.local/lib/python3.12/site-packages/airflow/example_dags/example_bash_decorator.py
[2024-09-16T16:36:51.798+0000] {processor.py:925} INFO - DAG(s) 'example_bash_decorator' retrieved from /home/airflow/.local/lib/python3.12/site-packages/airflow/example_dags/example_bash_decorator.py
[2024-09-16T16:36:51.819+0000] {logging_mixin.py:190} INFO - [2024-09-16T16:36:51.819+0000] {dag.py:3229} INFO - Sync 1 DAGs
[2024-09-16T16:36:51.831+0000] {logging_mixin.py:190} INFO - [2024-09-16T16:36:51.831+0000] {dag.py:4156} INFO - Setting next_dagrun for example_bash_decorator to None, run_after=None
[2024-09-16T16:36:51.848+0000] {processor.py:208} INFO - Processing /home/airflow/.local/lib/python3.12/site-packages/airflow/example_dags/example_bash_decorator.py took 0.070 seconds
[2024-09-16T16:37:22.153+0000] {processor.py:186} INFO - Started process (PID=950) to work on /home/airflow/.local/lib/python3.12/site-packages/airflow/example_dags/example_bash_decorator.py
[2024-09-16T16:37:22.154+0000] {processor.py:914} INFO - Processing file /home/airflow/.local/lib/python3.12/site-packages/airflow/example_dags/example_bash_decorator.py for tasks to queue
[2024-09-16T16:37:22.156+0000] {logging_mixin.py:190} INFO - [2024-09-16T16:37:22.156+0000] {dagbag.py:587} INFO - Filling up the DagBag from /home/airflow/.local/lib/python3.12/site-packages/airflow/example_dags/example_bash_decorator.py
[2024-09-16T16:37:22.167+0000] {processor.py:925} INFO - DAG(s) 'example_bash_decorator' retrieved from /home/airflow/.local/lib/python3.12/site-packages/airflow/example_dags/example_bash_decorator.py
[2024-09-16T16:37:22.188+0000] {logging_mixin.py:190} INFO - [2024-09-16T16:37:22.188+0000] {dag.py:3229} INFO - Sync 1 DAGs
[2024-09-16T16:37:22.200+0000] {logging_mixin.py:190} INFO - [2024-09-16T16:37:22.200+0000] {dag.py:4156} INFO - Setting next_dagrun for example_bash_decorator to None, run_after=None
[2024-09-16T16:37:22.219+0000] {processor.py:208} INFO - Processing /home/airflow/.local/lib/python3.12/site-packages/airflow/example_dags/example_bash_decorator.py took 0.071 seconds
