[2024-09-16T16:25:37.594+0000] {processor.py:186} INFO - Started process (PID=71) to work on /home/airflow/.local/lib/python3.12/site-packages/airflow/example_dags/example_workday_timetable.py
[2024-09-16T16:25:37.596+0000] {processor.py:914} INFO - Processing file /home/airflow/.local/lib/python3.12/site-packages/airflow/example_dags/example_workday_timetable.py for tasks to queue
[2024-09-16T16:25:37.598+0000] {logging_mixin.py:190} INFO - [2024-09-16T16:25:37.598+0000] {dagbag.py:587} INFO - Filling up the DagBag from /home/airflow/.local/lib/python3.12/site-packages/airflow/example_dags/example_workday_timetable.py
[2024-09-16T16:25:37.606+0000] {processor.py:925} INFO - DAG(s) 'example_workday_timetable' retrieved from /home/airflow/.local/lib/python3.12/site-packages/airflow/example_dags/example_workday_timetable.py
[2024-09-16T16:25:37.765+0000] {logging_mixin.py:190} INFO - [2024-09-16T16:25:37.764+0000] {override.py:1900} INFO - Created Permission View: can edit on DAG:example_workday_timetable
[2024-09-16T16:25:37.781+0000] {logging_mixin.py:190} INFO - [2024-09-16T16:25:37.781+0000] {override.py:1900} INFO - Created Permission View: can delete on DAG:example_workday_timetable
[2024-09-16T16:25:37.791+0000] {logging_mixin.py:190} INFO - [2024-09-16T16:25:37.791+0000] {override.py:1900} INFO - Created Permission View: can read on DAG:example_workday_timetable
[2024-09-16T16:25:37.809+0000] {logging_mixin.py:190} INFO - [2024-09-16T16:25:37.808+0000] {override.py:1900} INFO - Created Permission View: can delete on DAG Run:example_workday_timetable
[2024-09-16T16:25:37.819+0000] {logging_mixin.py:190} INFO - [2024-09-16T16:25:37.818+0000] {override.py:1900} INFO - Created Permission View: can create on DAG Run:example_workday_timetable
[2024-09-16T16:25:37.829+0000] {logging_mixin.py:190} INFO - [2024-09-16T16:25:37.829+0000] {override.py:1900} INFO - Created Permission View: menu access on DAG Run:example_workday_timetable
[2024-09-16T16:25:37.839+0000] {logging_mixin.py:190} INFO - [2024-09-16T16:25:37.839+0000] {override.py:1900} INFO - Created Permission View: can read on DAG Run:example_workday_timetable
[2024-09-16T16:25:37.840+0000] {logging_mixin.py:190} INFO - [2024-09-16T16:25:37.840+0000] {dag.py:3229} INFO - Sync 1 DAGs
[2024-09-16T16:25:37.864+0000] {logging_mixin.py:190} INFO - [2024-09-16T16:25:37.863+0000] {dag.py:3252} INFO - Creating ORM DAG for example_workday_timetable
[2024-09-16T16:25:37.936+0000] {logging_mixin.py:190} INFO - [2024-09-16T16:25:37.935+0000] {dag.py:4156} INFO - Setting next_dagrun for example_workday_timetable to 2021-01-04 00:00:00+00:00, run_after=2021-01-05 00:00:00+00:00
[2024-09-16T16:25:37.959+0000] {processor.py:208} INFO - Processing /home/airflow/.local/lib/python3.12/site-packages/airflow/example_dags/example_workday_timetable.py took 0.372 seconds
[2024-09-16T16:26:08.060+0000] {processor.py:186} INFO - Started process (PID=133) to work on /home/airflow/.local/lib/python3.12/site-packages/airflow/example_dags/example_workday_timetable.py
[2024-09-16T16:26:08.061+0000] {processor.py:914} INFO - Processing file /home/airflow/.local/lib/python3.12/site-packages/airflow/example_dags/example_workday_timetable.py for tasks to queue
[2024-09-16T16:26:08.064+0000] {logging_mixin.py:190} INFO - [2024-09-16T16:26:08.064+0000] {dagbag.py:587} INFO - Filling up the DagBag from /home/airflow/.local/lib/python3.12/site-packages/airflow/example_dags/example_workday_timetable.py
[2024-09-16T16:26:08.069+0000] {processor.py:925} INFO - DAG(s) 'example_workday_timetable' retrieved from /home/airflow/.local/lib/python3.12/site-packages/airflow/example_dags/example_workday_timetable.py
[2024-09-16T16:26:08.092+0000] {logging_mixin.py:190} INFO - [2024-09-16T16:26:08.092+0000] {dag.py:3229} INFO - Sync 1 DAGs
[2024-09-16T16:26:08.150+0000] {logging_mixin.py:190} INFO - [2024-09-16T16:26:08.150+0000] {dag.py:4156} INFO - Setting next_dagrun for example_workday_timetable to 2021-01-04 00:00:00+00:00, run_after=2021-01-05 00:00:00+00:00
[2024-09-16T16:26:08.170+0000] {processor.py:208} INFO - Processing /home/airflow/.local/lib/python3.12/site-packages/airflow/example_dags/example_workday_timetable.py took 0.115 seconds
[2024-09-16T16:26:38.594+0000] {processor.py:186} INFO - Started process (PID=195) to work on /home/airflow/.local/lib/python3.12/site-packages/airflow/example_dags/example_workday_timetable.py
[2024-09-16T16:26:38.596+0000] {processor.py:914} INFO - Processing file /home/airflow/.local/lib/python3.12/site-packages/airflow/example_dags/example_workday_timetable.py for tasks to queue
[2024-09-16T16:26:38.608+0000] {logging_mixin.py:190} INFO - [2024-09-16T16:26:38.608+0000] {dagbag.py:587} INFO - Filling up the DagBag from /home/airflow/.local/lib/python3.12/site-packages/airflow/example_dags/example_workday_timetable.py
[2024-09-16T16:26:38.628+0000] {processor.py:925} INFO - DAG(s) 'example_workday_timetable' retrieved from /home/airflow/.local/lib/python3.12/site-packages/airflow/example_dags/example_workday_timetable.py
[2024-09-16T16:26:38.694+0000] {logging_mixin.py:190} INFO - [2024-09-16T16:26:38.693+0000] {dag.py:3229} INFO - Sync 1 DAGs
[2024-09-16T16:26:38.906+0000] {logging_mixin.py:190} INFO - [2024-09-16T16:26:38.905+0000] {dag.py:4156} INFO - Setting next_dagrun for example_workday_timetable to 2021-01-04 00:00:00+00:00, run_after=2021-01-05 00:00:00+00:00
[2024-09-16T16:26:38.985+0000] {processor.py:208} INFO - Processing /home/airflow/.local/lib/python3.12/site-packages/airflow/example_dags/example_workday_timetable.py took 0.402 seconds
[2024-09-16T16:27:09.201+0000] {processor.py:186} INFO - Started process (PID=257) to work on /home/airflow/.local/lib/python3.12/site-packages/airflow/example_dags/example_workday_timetable.py
[2024-09-16T16:27:09.204+0000] {processor.py:914} INFO - Processing file /home/airflow/.local/lib/python3.12/site-packages/airflow/example_dags/example_workday_timetable.py for tasks to queue
[2024-09-16T16:27:09.208+0000] {logging_mixin.py:190} INFO - [2024-09-16T16:27:09.207+0000] {dagbag.py:587} INFO - Filling up the DagBag from /home/airflow/.local/lib/python3.12/site-packages/airflow/example_dags/example_workday_timetable.py
[2024-09-16T16:27:09.217+0000] {processor.py:925} INFO - DAG(s) 'example_workday_timetable' retrieved from /home/airflow/.local/lib/python3.12/site-packages/airflow/example_dags/example_workday_timetable.py
[2024-09-16T16:27:09.248+0000] {logging_mixin.py:190} INFO - [2024-09-16T16:27:09.248+0000] {dag.py:3229} INFO - Sync 1 DAGs
[2024-09-16T16:27:09.374+0000] {logging_mixin.py:190} INFO - [2024-09-16T16:27:09.374+0000] {dag.py:4156} INFO - Setting next_dagrun for example_workday_timetable to 2021-01-04 00:00:00+00:00, run_after=2021-01-05 00:00:00+00:00
[2024-09-16T16:27:09.429+0000] {processor.py:208} INFO - Processing /home/airflow/.local/lib/python3.12/site-packages/airflow/example_dags/example_workday_timetable.py took 0.239 seconds
[2024-09-16T16:27:40.229+0000] {processor.py:186} INFO - Started process (PID=319) to work on /home/airflow/.local/lib/python3.12/site-packages/airflow/example_dags/example_workday_timetable.py
[2024-09-16T16:27:40.231+0000] {processor.py:914} INFO - Processing file /home/airflow/.local/lib/python3.12/site-packages/airflow/example_dags/example_workday_timetable.py for tasks to queue
[2024-09-16T16:27:40.235+0000] {logging_mixin.py:190} INFO - [2024-09-16T16:27:40.235+0000] {dagbag.py:587} INFO - Filling up the DagBag from /home/airflow/.local/lib/python3.12/site-packages/airflow/example_dags/example_workday_timetable.py
[2024-09-16T16:27:40.246+0000] {processor.py:925} INFO - DAG(s) 'example_workday_timetable' retrieved from /home/airflow/.local/lib/python3.12/site-packages/airflow/example_dags/example_workday_timetable.py
[2024-09-16T16:27:40.281+0000] {logging_mixin.py:190} INFO - [2024-09-16T16:27:40.281+0000] {dag.py:3229} INFO - Sync 1 DAGs
[2024-09-16T16:27:40.395+0000] {logging_mixin.py:190} INFO - [2024-09-16T16:27:40.395+0000] {dag.py:4156} INFO - Setting next_dagrun for example_workday_timetable to 2021-01-04 00:00:00+00:00, run_after=2021-01-05 00:00:00+00:00
[2024-09-16T16:27:40.435+0000] {processor.py:208} INFO - Processing /home/airflow/.local/lib/python3.12/site-packages/airflow/example_dags/example_workday_timetable.py took 0.216 seconds
[2024-09-16T16:28:10.697+0000] {processor.py:186} INFO - Started process (PID=381) to work on /home/airflow/.local/lib/python3.12/site-packages/airflow/example_dags/example_workday_timetable.py
[2024-09-16T16:28:10.699+0000] {processor.py:914} INFO - Processing file /home/airflow/.local/lib/python3.12/site-packages/airflow/example_dags/example_workday_timetable.py for tasks to queue
[2024-09-16T16:28:10.703+0000] {logging_mixin.py:190} INFO - [2024-09-16T16:28:10.703+0000] {dagbag.py:587} INFO - Filling up the DagBag from /home/airflow/.local/lib/python3.12/site-packages/airflow/example_dags/example_workday_timetable.py
[2024-09-16T16:28:10.715+0000] {processor.py:925} INFO - DAG(s) 'example_workday_timetable' retrieved from /home/airflow/.local/lib/python3.12/site-packages/airflow/example_dags/example_workday_timetable.py
[2024-09-16T16:28:10.743+0000] {logging_mixin.py:190} INFO - [2024-09-16T16:28:10.743+0000] {dag.py:3229} INFO - Sync 1 DAGs
[2024-09-16T16:28:10.865+0000] {logging_mixin.py:190} INFO - [2024-09-16T16:28:10.864+0000] {dag.py:4156} INFO - Setting next_dagrun for example_workday_timetable to 2021-01-04 00:00:00+00:00, run_after=2021-01-05 00:00:00+00:00
[2024-09-16T16:28:10.899+0000] {processor.py:208} INFO - Processing /home/airflow/.local/lib/python3.12/site-packages/airflow/example_dags/example_workday_timetable.py took 0.214 seconds
[2024-09-16T16:30:10.652+0000] {processor.py:186} INFO - Started process (PID=68) to work on /home/airflow/.local/lib/python3.12/site-packages/airflow/example_dags/example_workday_timetable.py
[2024-09-16T16:30:10.654+0000] {processor.py:914} INFO - Processing file /home/airflow/.local/lib/python3.12/site-packages/airflow/example_dags/example_workday_timetable.py for tasks to queue
[2024-09-16T16:30:10.659+0000] {logging_mixin.py:190} INFO - [2024-09-16T16:30:10.658+0000] {dagbag.py:587} INFO - Filling up the DagBag from /home/airflow/.local/lib/python3.12/site-packages/airflow/example_dags/example_workday_timetable.py
[2024-09-16T16:30:10.670+0000] {processor.py:925} INFO - DAG(s) 'example_workday_timetable' retrieved from /home/airflow/.local/lib/python3.12/site-packages/airflow/example_dags/example_workday_timetable.py
[2024-09-16T16:30:10.719+0000] {logging_mixin.py:190} INFO - [2024-09-16T16:30:10.718+0000] {dag.py:3229} INFO - Sync 1 DAGs
[2024-09-16T16:30:10.892+0000] {logging_mixin.py:190} INFO - [2024-09-16T16:30:10.892+0000] {dag.py:4156} INFO - Setting next_dagrun for example_workday_timetable to 2021-01-04 00:00:00+00:00, run_after=2021-01-05 00:00:00+00:00
[2024-09-16T16:30:10.952+0000] {processor.py:208} INFO - Processing /home/airflow/.local/lib/python3.12/site-packages/airflow/example_dags/example_workday_timetable.py took 0.312 seconds
[2024-09-16T16:30:41.159+0000] {processor.py:186} INFO - Started process (PID=130) to work on /home/airflow/.local/lib/python3.12/site-packages/airflow/example_dags/example_workday_timetable.py
[2024-09-16T16:30:41.160+0000] {processor.py:914} INFO - Processing file /home/airflow/.local/lib/python3.12/site-packages/airflow/example_dags/example_workday_timetable.py for tasks to queue
[2024-09-16T16:30:41.162+0000] {logging_mixin.py:190} INFO - [2024-09-16T16:30:41.161+0000] {dagbag.py:587} INFO - Filling up the DagBag from /home/airflow/.local/lib/python3.12/site-packages/airflow/example_dags/example_workday_timetable.py
[2024-09-16T16:30:41.166+0000] {processor.py:925} INFO - DAG(s) 'example_workday_timetable' retrieved from /home/airflow/.local/lib/python3.12/site-packages/airflow/example_dags/example_workday_timetable.py
[2024-09-16T16:30:41.180+0000] {logging_mixin.py:190} INFO - [2024-09-16T16:30:41.180+0000] {dag.py:3229} INFO - Sync 1 DAGs
[2024-09-16T16:30:41.224+0000] {logging_mixin.py:190} INFO - [2024-09-16T16:30:41.224+0000] {dag.py:4156} INFO - Setting next_dagrun for example_workday_timetable to 2021-01-04 00:00:00+00:00, run_after=2021-01-05 00:00:00+00:00
[2024-09-16T16:30:41.240+0000] {processor.py:208} INFO - Processing /home/airflow/.local/lib/python3.12/site-packages/airflow/example_dags/example_workday_timetable.py took 0.085 seconds
[2024-09-16T16:31:12.019+0000] {processor.py:186} INFO - Started process (PID=192) to work on /home/airflow/.local/lib/python3.12/site-packages/airflow/example_dags/example_workday_timetable.py
[2024-09-16T16:31:12.019+0000] {processor.py:914} INFO - Processing file /home/airflow/.local/lib/python3.12/site-packages/airflow/example_dags/example_workday_timetable.py for tasks to queue
[2024-09-16T16:31:12.021+0000] {logging_mixin.py:190} INFO - [2024-09-16T16:31:12.021+0000] {dagbag.py:587} INFO - Filling up the DagBag from /home/airflow/.local/lib/python3.12/site-packages/airflow/example_dags/example_workday_timetable.py
[2024-09-16T16:31:12.025+0000] {processor.py:925} INFO - DAG(s) 'example_workday_timetable' retrieved from /home/airflow/.local/lib/python3.12/site-packages/airflow/example_dags/example_workday_timetable.py
[2024-09-16T16:31:12.041+0000] {logging_mixin.py:190} INFO - [2024-09-16T16:31:12.041+0000] {dag.py:3229} INFO - Sync 1 DAGs
[2024-09-16T16:31:12.083+0000] {logging_mixin.py:190} INFO - [2024-09-16T16:31:12.083+0000] {dag.py:4156} INFO - Setting next_dagrun for example_workday_timetable to 2021-01-04 00:00:00+00:00, run_after=2021-01-05 00:00:00+00:00
[2024-09-16T16:31:12.106+0000] {processor.py:208} INFO - Processing /home/airflow/.local/lib/python3.12/site-packages/airflow/example_dags/example_workday_timetable.py took 0.094 seconds
[2024-09-16T16:31:42.500+0000] {processor.py:186} INFO - Started process (PID=254) to work on /home/airflow/.local/lib/python3.12/site-packages/airflow/example_dags/example_workday_timetable.py
[2024-09-16T16:31:42.501+0000] {processor.py:914} INFO - Processing file /home/airflow/.local/lib/python3.12/site-packages/airflow/example_dags/example_workday_timetable.py for tasks to queue
[2024-09-16T16:31:42.502+0000] {logging_mixin.py:190} INFO - [2024-09-16T16:31:42.502+0000] {dagbag.py:587} INFO - Filling up the DagBag from /home/airflow/.local/lib/python3.12/site-packages/airflow/example_dags/example_workday_timetable.py
[2024-09-16T16:31:42.507+0000] {processor.py:925} INFO - DAG(s) 'example_workday_timetable' retrieved from /home/airflow/.local/lib/python3.12/site-packages/airflow/example_dags/example_workday_timetable.py
[2024-09-16T16:31:42.523+0000] {logging_mixin.py:190} INFO - [2024-09-16T16:31:42.522+0000] {dag.py:3229} INFO - Sync 1 DAGs
[2024-09-16T16:31:42.564+0000] {logging_mixin.py:190} INFO - [2024-09-16T16:31:42.564+0000] {dag.py:4156} INFO - Setting next_dagrun for example_workday_timetable to 2021-01-04 00:00:00+00:00, run_after=2021-01-05 00:00:00+00:00
[2024-09-16T16:31:42.586+0000] {processor.py:208} INFO - Processing /home/airflow/.local/lib/python3.12/site-packages/airflow/example_dags/example_workday_timetable.py took 0.090 seconds
[2024-09-16T16:32:12.920+0000] {processor.py:186} INFO - Started process (PID=316) to work on /home/airflow/.local/lib/python3.12/site-packages/airflow/example_dags/example_workday_timetable.py
[2024-09-16T16:32:12.922+0000] {processor.py:914} INFO - Processing file /home/airflow/.local/lib/python3.12/site-packages/airflow/example_dags/example_workday_timetable.py for tasks to queue
[2024-09-16T16:32:12.924+0000] {logging_mixin.py:190} INFO - [2024-09-16T16:32:12.924+0000] {dagbag.py:587} INFO - Filling up the DagBag from /home/airflow/.local/lib/python3.12/site-packages/airflow/example_dags/example_workday_timetable.py
[2024-09-16T16:32:12.929+0000] {processor.py:925} INFO - DAG(s) 'example_workday_timetable' retrieved from /home/airflow/.local/lib/python3.12/site-packages/airflow/example_dags/example_workday_timetable.py
[2024-09-16T16:32:12.947+0000] {logging_mixin.py:190} INFO - [2024-09-16T16:32:12.946+0000] {dag.py:3229} INFO - Sync 1 DAGs
[2024-09-16T16:32:12.990+0000] {logging_mixin.py:190} INFO - [2024-09-16T16:32:12.990+0000] {dag.py:4156} INFO - Setting next_dagrun for example_workday_timetable to 2021-01-04 00:00:00+00:00, run_after=2021-01-05 00:00:00+00:00
[2024-09-16T16:32:13.008+0000] {processor.py:208} INFO - Processing /home/airflow/.local/lib/python3.12/site-packages/airflow/example_dags/example_workday_timetable.py took 0.092 seconds
[2024-09-16T16:32:43.414+0000] {processor.py:186} INFO - Started process (PID=378) to work on /home/airflow/.local/lib/python3.12/site-packages/airflow/example_dags/example_workday_timetable.py
[2024-09-16T16:32:43.415+0000] {processor.py:914} INFO - Processing file /home/airflow/.local/lib/python3.12/site-packages/airflow/example_dags/example_workday_timetable.py for tasks to queue
[2024-09-16T16:32:43.417+0000] {logging_mixin.py:190} INFO - [2024-09-16T16:32:43.417+0000] {dagbag.py:587} INFO - Filling up the DagBag from /home/airflow/.local/lib/python3.12/site-packages/airflow/example_dags/example_workday_timetable.py
[2024-09-16T16:32:43.421+0000] {processor.py:925} INFO - DAG(s) 'example_workday_timetable' retrieved from /home/airflow/.local/lib/python3.12/site-packages/airflow/example_dags/example_workday_timetable.py
[2024-09-16T16:32:43.437+0000] {logging_mixin.py:190} INFO - [2024-09-16T16:32:43.437+0000] {dag.py:3229} INFO - Sync 1 DAGs
[2024-09-16T16:32:43.481+0000] {logging_mixin.py:190} INFO - [2024-09-16T16:32:43.480+0000] {dag.py:4156} INFO - Setting next_dagrun for example_workday_timetable to 2021-01-04 00:00:00+00:00, run_after=2021-01-05 00:00:00+00:00
[2024-09-16T16:32:43.498+0000] {processor.py:208} INFO - Processing /home/airflow/.local/lib/python3.12/site-packages/airflow/example_dags/example_workday_timetable.py took 0.088 seconds
[2024-09-16T16:33:13.956+0000] {processor.py:186} INFO - Started process (PID=440) to work on /home/airflow/.local/lib/python3.12/site-packages/airflow/example_dags/example_workday_timetable.py
[2024-09-16T16:33:13.957+0000] {processor.py:914} INFO - Processing file /home/airflow/.local/lib/python3.12/site-packages/airflow/example_dags/example_workday_timetable.py for tasks to queue
[2024-09-16T16:33:13.958+0000] {logging_mixin.py:190} INFO - [2024-09-16T16:33:13.958+0000] {dagbag.py:587} INFO - Filling up the DagBag from /home/airflow/.local/lib/python3.12/site-packages/airflow/example_dags/example_workday_timetable.py
[2024-09-16T16:33:13.963+0000] {processor.py:925} INFO - DAG(s) 'example_workday_timetable' retrieved from /home/airflow/.local/lib/python3.12/site-packages/airflow/example_dags/example_workday_timetable.py
[2024-09-16T16:33:13.979+0000] {logging_mixin.py:190} INFO - [2024-09-16T16:33:13.978+0000] {dag.py:3229} INFO - Sync 1 DAGs
[2024-09-16T16:33:14.026+0000] {logging_mixin.py:190} INFO - [2024-09-16T16:33:14.026+0000] {dag.py:4156} INFO - Setting next_dagrun for example_workday_timetable to 2021-01-04 00:00:00+00:00, run_after=2021-01-05 00:00:00+00:00
[2024-09-16T16:33:14.045+0000] {processor.py:208} INFO - Processing /home/airflow/.local/lib/python3.12/site-packages/airflow/example_dags/example_workday_timetable.py took 0.094 seconds
[2024-09-16T16:33:44.149+0000] {processor.py:186} INFO - Started process (PID=502) to work on /home/airflow/.local/lib/python3.12/site-packages/airflow/example_dags/example_workday_timetable.py
[2024-09-16T16:33:44.150+0000] {processor.py:914} INFO - Processing file /home/airflow/.local/lib/python3.12/site-packages/airflow/example_dags/example_workday_timetable.py for tasks to queue
[2024-09-16T16:33:44.152+0000] {logging_mixin.py:190} INFO - [2024-09-16T16:33:44.152+0000] {dagbag.py:587} INFO - Filling up the DagBag from /home/airflow/.local/lib/python3.12/site-packages/airflow/example_dags/example_workday_timetable.py
[2024-09-16T16:33:44.159+0000] {processor.py:925} INFO - DAG(s) 'example_workday_timetable' retrieved from /home/airflow/.local/lib/python3.12/site-packages/airflow/example_dags/example_workday_timetable.py
[2024-09-16T16:33:44.176+0000] {logging_mixin.py:190} INFO - [2024-09-16T16:33:44.176+0000] {dag.py:3229} INFO - Sync 1 DAGs
[2024-09-16T16:33:44.232+0000] {logging_mixin.py:190} INFO - [2024-09-16T16:33:44.231+0000] {dag.py:4156} INFO - Setting next_dagrun for example_workday_timetable to 2021-01-04 00:00:00+00:00, run_after=2021-01-05 00:00:00+00:00
[2024-09-16T16:33:44.255+0000] {processor.py:208} INFO - Processing /home/airflow/.local/lib/python3.12/site-packages/airflow/example_dags/example_workday_timetable.py took 0.112 seconds
[2024-09-16T16:34:14.662+0000] {processor.py:186} INFO - Started process (PID=564) to work on /home/airflow/.local/lib/python3.12/site-packages/airflow/example_dags/example_workday_timetable.py
[2024-09-16T16:34:14.663+0000] {processor.py:914} INFO - Processing file /home/airflow/.local/lib/python3.12/site-packages/airflow/example_dags/example_workday_timetable.py for tasks to queue
[2024-09-16T16:34:14.666+0000] {logging_mixin.py:190} INFO - [2024-09-16T16:34:14.666+0000] {dagbag.py:587} INFO - Filling up the DagBag from /home/airflow/.local/lib/python3.12/site-packages/airflow/example_dags/example_workday_timetable.py
[2024-09-16T16:34:14.673+0000] {processor.py:925} INFO - DAG(s) 'example_workday_timetable' retrieved from /home/airflow/.local/lib/python3.12/site-packages/airflow/example_dags/example_workday_timetable.py
[2024-09-16T16:34:14.693+0000] {logging_mixin.py:190} INFO - [2024-09-16T16:34:14.693+0000] {dag.py:3229} INFO - Sync 1 DAGs
[2024-09-16T16:34:14.735+0000] {logging_mixin.py:190} INFO - [2024-09-16T16:34:14.735+0000] {dag.py:4156} INFO - Setting next_dagrun for example_workday_timetable to 2021-01-04 00:00:00+00:00, run_after=2021-01-05 00:00:00+00:00
[2024-09-16T16:34:14.752+0000] {processor.py:208} INFO - Processing /home/airflow/.local/lib/python3.12/site-packages/airflow/example_dags/example_workday_timetable.py took 0.094 seconds
[2024-09-16T16:34:45.382+0000] {processor.py:186} INFO - Started process (PID=626) to work on /home/airflow/.local/lib/python3.12/site-packages/airflow/example_dags/example_workday_timetable.py
[2024-09-16T16:34:45.384+0000] {processor.py:914} INFO - Processing file /home/airflow/.local/lib/python3.12/site-packages/airflow/example_dags/example_workday_timetable.py for tasks to queue
[2024-09-16T16:34:45.386+0000] {logging_mixin.py:190} INFO - [2024-09-16T16:34:45.386+0000] {dagbag.py:587} INFO - Filling up the DagBag from /home/airflow/.local/lib/python3.12/site-packages/airflow/example_dags/example_workday_timetable.py
[2024-09-16T16:34:45.392+0000] {processor.py:925} INFO - DAG(s) 'example_workday_timetable' retrieved from /home/airflow/.local/lib/python3.12/site-packages/airflow/example_dags/example_workday_timetable.py
[2024-09-16T16:34:45.412+0000] {logging_mixin.py:190} INFO - [2024-09-16T16:34:45.412+0000] {dag.py:3229} INFO - Sync 1 DAGs
[2024-09-16T16:34:45.466+0000] {logging_mixin.py:190} INFO - [2024-09-16T16:34:45.465+0000] {dag.py:4156} INFO - Setting next_dagrun for example_workday_timetable to 2021-01-04 00:00:00+00:00, run_after=2021-01-05 00:00:00+00:00
[2024-09-16T16:34:45.493+0000] {processor.py:208} INFO - Processing /home/airflow/.local/lib/python3.12/site-packages/airflow/example_dags/example_workday_timetable.py took 0.115 seconds
[2024-09-16T16:35:15.923+0000] {processor.py:186} INFO - Started process (PID=689) to work on /home/airflow/.local/lib/python3.12/site-packages/airflow/example_dags/example_workday_timetable.py
[2024-09-16T16:35:15.924+0000] {processor.py:914} INFO - Processing file /home/airflow/.local/lib/python3.12/site-packages/airflow/example_dags/example_workday_timetable.py for tasks to queue
[2024-09-16T16:35:15.926+0000] {logging_mixin.py:190} INFO - [2024-09-16T16:35:15.925+0000] {dagbag.py:587} INFO - Filling up the DagBag from /home/airflow/.local/lib/python3.12/site-packages/airflow/example_dags/example_workday_timetable.py
[2024-09-16T16:35:15.930+0000] {processor.py:925} INFO - DAG(s) 'example_workday_timetable' retrieved from /home/airflow/.local/lib/python3.12/site-packages/airflow/example_dags/example_workday_timetable.py
[2024-09-16T16:35:15.948+0000] {logging_mixin.py:190} INFO - [2024-09-16T16:35:15.948+0000] {dag.py:3229} INFO - Sync 1 DAGs
[2024-09-16T16:35:15.994+0000] {logging_mixin.py:190} INFO - [2024-09-16T16:35:15.994+0000] {dag.py:4156} INFO - Setting next_dagrun for example_workday_timetable to 2021-01-04 00:00:00+00:00, run_after=2021-01-05 00:00:00+00:00
[2024-09-16T16:35:16.012+0000] {processor.py:208} INFO - Processing /home/airflow/.local/lib/python3.12/site-packages/airflow/example_dags/example_workday_timetable.py took 0.093 seconds
[2024-09-16T16:35:46.461+0000] {processor.py:186} INFO - Started process (PID=751) to work on /home/airflow/.local/lib/python3.12/site-packages/airflow/example_dags/example_workday_timetable.py
[2024-09-16T16:35:46.462+0000] {processor.py:914} INFO - Processing file /home/airflow/.local/lib/python3.12/site-packages/airflow/example_dags/example_workday_timetable.py for tasks to queue
[2024-09-16T16:35:46.466+0000] {logging_mixin.py:190} INFO - [2024-09-16T16:35:46.465+0000] {dagbag.py:587} INFO - Filling up the DagBag from /home/airflow/.local/lib/python3.12/site-packages/airflow/example_dags/example_workday_timetable.py
[2024-09-16T16:35:46.472+0000] {processor.py:925} INFO - DAG(s) 'example_workday_timetable' retrieved from /home/airflow/.local/lib/python3.12/site-packages/airflow/example_dags/example_workday_timetable.py
[2024-09-16T16:35:46.493+0000] {logging_mixin.py:190} INFO - [2024-09-16T16:35:46.493+0000] {dag.py:3229} INFO - Sync 1 DAGs
[2024-09-16T16:35:46.542+0000] {logging_mixin.py:190} INFO - [2024-09-16T16:35:46.541+0000] {dag.py:4156} INFO - Setting next_dagrun for example_workday_timetable to 2021-01-04 00:00:00+00:00, run_after=2021-01-05 00:00:00+00:00
[2024-09-16T16:35:46.562+0000] {processor.py:208} INFO - Processing /home/airflow/.local/lib/python3.12/site-packages/airflow/example_dags/example_workday_timetable.py took 0.105 seconds
[2024-09-16T16:36:17.304+0000] {processor.py:186} INFO - Started process (PID=813) to work on /home/airflow/.local/lib/python3.12/site-packages/airflow/example_dags/example_workday_timetable.py
[2024-09-16T16:36:17.305+0000] {processor.py:914} INFO - Processing file /home/airflow/.local/lib/python3.12/site-packages/airflow/example_dags/example_workday_timetable.py for tasks to queue
[2024-09-16T16:36:17.308+0000] {logging_mixin.py:190} INFO - [2024-09-16T16:36:17.308+0000] {dagbag.py:587} INFO - Filling up the DagBag from /home/airflow/.local/lib/python3.12/site-packages/airflow/example_dags/example_workday_timetable.py
[2024-09-16T16:36:17.317+0000] {processor.py:925} INFO - DAG(s) 'example_workday_timetable' retrieved from /home/airflow/.local/lib/python3.12/site-packages/airflow/example_dags/example_workday_timetable.py
[2024-09-16T16:36:17.339+0000] {logging_mixin.py:190} INFO - [2024-09-16T16:36:17.339+0000] {dag.py:3229} INFO - Sync 1 DAGs
[2024-09-16T16:36:17.418+0000] {logging_mixin.py:190} INFO - [2024-09-16T16:36:17.417+0000] {dag.py:4156} INFO - Setting next_dagrun for example_workday_timetable to 2021-01-04 00:00:00+00:00, run_after=2021-01-05 00:00:00+00:00
[2024-09-16T16:36:17.444+0000] {processor.py:208} INFO - Processing /home/airflow/.local/lib/python3.12/site-packages/airflow/example_dags/example_workday_timetable.py took 0.146 seconds
[2024-09-16T16:36:48.110+0000] {processor.py:186} INFO - Started process (PID=875) to work on /home/airflow/.local/lib/python3.12/site-packages/airflow/example_dags/example_workday_timetable.py
[2024-09-16T16:36:48.111+0000] {processor.py:914} INFO - Processing file /home/airflow/.local/lib/python3.12/site-packages/airflow/example_dags/example_workday_timetable.py for tasks to queue
[2024-09-16T16:36:48.114+0000] {logging_mixin.py:190} INFO - [2024-09-16T16:36:48.113+0000] {dagbag.py:587} INFO - Filling up the DagBag from /home/airflow/.local/lib/python3.12/site-packages/airflow/example_dags/example_workday_timetable.py
[2024-09-16T16:36:48.120+0000] {processor.py:925} INFO - DAG(s) 'example_workday_timetable' retrieved from /home/airflow/.local/lib/python3.12/site-packages/airflow/example_dags/example_workday_timetable.py
[2024-09-16T16:36:48.138+0000] {logging_mixin.py:190} INFO - [2024-09-16T16:36:48.138+0000] {dag.py:3229} INFO - Sync 1 DAGs
[2024-09-16T16:36:48.182+0000] {logging_mixin.py:190} INFO - [2024-09-16T16:36:48.182+0000] {dag.py:4156} INFO - Setting next_dagrun for example_workday_timetable to 2021-01-04 00:00:00+00:00, run_after=2021-01-05 00:00:00+00:00
[2024-09-16T16:36:48.199+0000] {processor.py:208} INFO - Processing /home/airflow/.local/lib/python3.12/site-packages/airflow/example_dags/example_workday_timetable.py took 0.093 seconds
[2024-09-16T16:37:18.518+0000] {processor.py:186} INFO - Started process (PID=937) to work on /home/airflow/.local/lib/python3.12/site-packages/airflow/example_dags/example_workday_timetable.py
[2024-09-16T16:37:18.520+0000] {processor.py:914} INFO - Processing file /home/airflow/.local/lib/python3.12/site-packages/airflow/example_dags/example_workday_timetable.py for tasks to queue
[2024-09-16T16:37:18.523+0000] {logging_mixin.py:190} INFO - [2024-09-16T16:37:18.523+0000] {dagbag.py:587} INFO - Filling up the DagBag from /home/airflow/.local/lib/python3.12/site-packages/airflow/example_dags/example_workday_timetable.py
[2024-09-16T16:37:18.530+0000] {processor.py:925} INFO - DAG(s) 'example_workday_timetable' retrieved from /home/airflow/.local/lib/python3.12/site-packages/airflow/example_dags/example_workday_timetable.py
[2024-09-16T16:37:18.553+0000] {logging_mixin.py:190} INFO - [2024-09-16T16:37:18.552+0000] {dag.py:3229} INFO - Sync 1 DAGs
[2024-09-16T16:37:18.602+0000] {logging_mixin.py:190} INFO - [2024-09-16T16:37:18.602+0000] {dag.py:4156} INFO - Setting next_dagrun for example_workday_timetable to 2021-01-04 00:00:00+00:00, run_after=2021-01-05 00:00:00+00:00
[2024-09-16T16:37:18.627+0000] {processor.py:208} INFO - Processing /home/airflow/.local/lib/python3.12/site-packages/airflow/example_dags/example_workday_timetable.py took 0.114 seconds
