[2024-09-16T16:25:41.314+0000] {processor.py:186} INFO - Started process (PID=86) to work on /home/airflow/.local/lib/python3.12/site-packages/airflow/example_dags/example_datasets.py
[2024-09-16T16:25:41.315+0000] {processor.py:914} INFO - Processing file /home/airflow/.local/lib/python3.12/site-packages/airflow/example_dags/example_datasets.py for tasks to queue
[2024-09-16T16:25:41.318+0000] {logging_mixin.py:190} INFO - [2024-09-16T16:25:41.318+0000] {dagbag.py:587} INFO - Filling up the DagBag from /home/airflow/.local/lib/python3.12/site-packages/airflow/example_dags/example_datasets.py
[2024-09-16T16:25:41.498+0000] {processor.py:925} INFO - DAG(s) 'dataset_consumes_1', 'consume_1_or_2_with_dataset_expressions', 'dataset_consumes_1_and_2', 'dataset_produces_1', 'consume_1_or_both_2_and_3_with_dataset_expressions', 'dataset_consumes_unknown_never_scheduled', 'dataset_consumes_1_never_scheduled', 'dataset_produces_2', 'consume_1_and_2_with_dataset_expressions', 'conditional_dataset_and_time_based_timetable' retrieved from /home/airflow/.local/lib/python3.12/site-packages/airflow/example_dags/example_datasets.py
[2024-09-16T16:25:41.609+0000] {logging_mixin.py:190} INFO - [2024-09-16T16:25:41.608+0000] {override.py:1900} INFO - Created Permission View: can edit on DAG:dataset_consumes_1
[2024-09-16T16:25:41.620+0000] {logging_mixin.py:190} INFO - [2024-09-16T16:25:41.620+0000] {override.py:1900} INFO - Created Permission View: can delete on DAG:dataset_consumes_1
[2024-09-16T16:25:41.628+0000] {logging_mixin.py:190} INFO - [2024-09-16T16:25:41.628+0000] {override.py:1900} INFO - Created Permission View: can read on DAG:dataset_consumes_1
[2024-09-16T16:25:41.636+0000] {logging_mixin.py:190} INFO - [2024-09-16T16:25:41.636+0000] {override.py:1900} INFO - Created Permission View: can delete on DAG Run:dataset_consumes_1
[2024-09-16T16:25:41.644+0000] {logging_mixin.py:190} INFO - [2024-09-16T16:25:41.644+0000] {override.py:1900} INFO - Created Permission View: can create on DAG Run:dataset_consumes_1
[2024-09-16T16:25:41.651+0000] {logging_mixin.py:190} INFO - [2024-09-16T16:25:41.651+0000] {override.py:1900} INFO - Created Permission View: menu access on DAG Run:dataset_consumes_1
[2024-09-16T16:25:41.660+0000] {logging_mixin.py:190} INFO - [2024-09-16T16:25:41.659+0000] {override.py:1900} INFO - Created Permission View: can read on DAG Run:dataset_consumes_1
[2024-09-16T16:25:41.678+0000] {logging_mixin.py:190} INFO - [2024-09-16T16:25:41.678+0000] {override.py:1900} INFO - Created Permission View: can edit on DAG:consume_1_or_2_with_dataset_expressions
[2024-09-16T16:25:41.688+0000] {logging_mixin.py:190} INFO - [2024-09-16T16:25:41.687+0000] {override.py:1900} INFO - Created Permission View: can delete on DAG:consume_1_or_2_with_dataset_expressions
[2024-09-16T16:25:41.696+0000] {logging_mixin.py:190} INFO - [2024-09-16T16:25:41.695+0000] {override.py:1900} INFO - Created Permission View: can read on DAG:consume_1_or_2_with_dataset_expressions
[2024-09-16T16:25:41.705+0000] {logging_mixin.py:190} INFO - [2024-09-16T16:25:41.705+0000] {override.py:1900} INFO - Created Permission View: can delete on DAG Run:consume_1_or_2_with_dataset_expressions
[2024-09-16T16:25:41.717+0000] {logging_mixin.py:190} INFO - [2024-09-16T16:25:41.717+0000] {override.py:1900} INFO - Created Permission View: can create on DAG Run:consume_1_or_2_with_dataset_expressions
[2024-09-16T16:25:41.725+0000] {logging_mixin.py:190} INFO - [2024-09-16T16:25:41.725+0000] {override.py:1900} INFO - Created Permission View: menu access on DAG Run:consume_1_or_2_with_dataset_expressions
[2024-09-16T16:25:41.734+0000] {logging_mixin.py:190} INFO - [2024-09-16T16:25:41.734+0000] {override.py:1900} INFO - Created Permission View: can read on DAG Run:consume_1_or_2_with_dataset_expressions
[2024-09-16T16:25:41.750+0000] {logging_mixin.py:190} INFO - [2024-09-16T16:25:41.750+0000] {override.py:1900} INFO - Created Permission View: can edit on DAG:dataset_consumes_1_and_2
[2024-09-16T16:25:41.758+0000] {logging_mixin.py:190} INFO - [2024-09-16T16:25:41.757+0000] {override.py:1900} INFO - Created Permission View: can delete on DAG:dataset_consumes_1_and_2
[2024-09-16T16:25:41.765+0000] {logging_mixin.py:190} INFO - [2024-09-16T16:25:41.765+0000] {override.py:1900} INFO - Created Permission View: can read on DAG:dataset_consumes_1_and_2
[2024-09-16T16:25:41.775+0000] {logging_mixin.py:190} INFO - [2024-09-16T16:25:41.775+0000] {override.py:1900} INFO - Created Permission View: can delete on DAG Run:dataset_consumes_1_and_2
[2024-09-16T16:25:41.784+0000] {logging_mixin.py:190} INFO - [2024-09-16T16:25:41.783+0000] {override.py:1900} INFO - Created Permission View: can create on DAG Run:dataset_consumes_1_and_2
[2024-09-16T16:25:41.792+0000] {logging_mixin.py:190} INFO - [2024-09-16T16:25:41.791+0000] {override.py:1900} INFO - Created Permission View: menu access on DAG Run:dataset_consumes_1_and_2
[2024-09-16T16:25:41.806+0000] {logging_mixin.py:190} INFO - [2024-09-16T16:25:41.806+0000] {override.py:1900} INFO - Created Permission View: can read on DAG Run:dataset_consumes_1_and_2
[2024-09-16T16:25:41.834+0000] {logging_mixin.py:190} INFO - [2024-09-16T16:25:41.834+0000] {override.py:1900} INFO - Created Permission View: can edit on DAG:dataset_produces_1
[2024-09-16T16:25:41.847+0000] {logging_mixin.py:190} INFO - [2024-09-16T16:25:41.846+0000] {override.py:1900} INFO - Created Permission View: can delete on DAG:dataset_produces_1
[2024-09-16T16:25:41.854+0000] {logging_mixin.py:190} INFO - [2024-09-16T16:25:41.854+0000] {override.py:1900} INFO - Created Permission View: can read on DAG:dataset_produces_1
[2024-09-16T16:25:41.866+0000] {logging_mixin.py:190} INFO - [2024-09-16T16:25:41.866+0000] {override.py:1900} INFO - Created Permission View: can delete on DAG Run:dataset_produces_1
[2024-09-16T16:25:41.874+0000] {logging_mixin.py:190} INFO - [2024-09-16T16:25:41.874+0000] {override.py:1900} INFO - Created Permission View: can create on DAG Run:dataset_produces_1
[2024-09-16T16:25:41.888+0000] {logging_mixin.py:190} INFO - [2024-09-16T16:25:41.888+0000] {override.py:1900} INFO - Created Permission View: menu access on DAG Run:dataset_produces_1
[2024-09-16T16:25:41.896+0000] {logging_mixin.py:190} INFO - [2024-09-16T16:25:41.896+0000] {override.py:1900} INFO - Created Permission View: can read on DAG Run:dataset_produces_1
[2024-09-16T16:25:41.909+0000] {logging_mixin.py:190} INFO - [2024-09-16T16:25:41.909+0000] {override.py:1900} INFO - Created Permission View: can edit on DAG:consume_1_or_both_2_and_3_with_dataset_expressions
[2024-09-16T16:25:41.916+0000] {logging_mixin.py:190} INFO - [2024-09-16T16:25:41.916+0000] {override.py:1900} INFO - Created Permission View: can delete on DAG:consume_1_or_both_2_and_3_with_dataset_expressions
[2024-09-16T16:25:41.924+0000] {logging_mixin.py:190} INFO - [2024-09-16T16:25:41.924+0000] {override.py:1900} INFO - Created Permission View: can read on DAG:consume_1_or_both_2_and_3_with_dataset_expressions
[2024-09-16T16:25:41.933+0000] {logging_mixin.py:190} INFO - [2024-09-16T16:25:41.932+0000] {override.py:1900} INFO - Created Permission View: can delete on DAG Run:consume_1_or_both_2_and_3_with_dataset_expressions
[2024-09-16T16:25:41.941+0000] {logging_mixin.py:190} INFO - [2024-09-16T16:25:41.941+0000] {override.py:1900} INFO - Created Permission View: can create on DAG Run:consume_1_or_both_2_and_3_with_dataset_expressions
[2024-09-16T16:25:41.949+0000] {logging_mixin.py:190} INFO - [2024-09-16T16:25:41.949+0000] {override.py:1900} INFO - Created Permission View: menu access on DAG Run:consume_1_or_both_2_and_3_with_dataset_expressions
[2024-09-16T16:25:41.957+0000] {logging_mixin.py:190} INFO - [2024-09-16T16:25:41.956+0000] {override.py:1900} INFO - Created Permission View: can read on DAG Run:consume_1_or_both_2_and_3_with_dataset_expressions
[2024-09-16T16:25:41.971+0000] {logging_mixin.py:190} INFO - [2024-09-16T16:25:41.970+0000] {override.py:1900} INFO - Created Permission View: can edit on DAG:dataset_consumes_unknown_never_scheduled
[2024-09-16T16:25:41.978+0000] {logging_mixin.py:190} INFO - [2024-09-16T16:25:41.978+0000] {override.py:1900} INFO - Created Permission View: can delete on DAG:dataset_consumes_unknown_never_scheduled
[2024-09-16T16:25:41.986+0000] {logging_mixin.py:190} INFO - [2024-09-16T16:25:41.985+0000] {override.py:1900} INFO - Created Permission View: can read on DAG:dataset_consumes_unknown_never_scheduled
[2024-09-16T16:25:41.993+0000] {logging_mixin.py:190} INFO - [2024-09-16T16:25:41.993+0000] {override.py:1900} INFO - Created Permission View: can delete on DAG Run:dataset_consumes_unknown_never_scheduled
[2024-09-16T16:25:42.001+0000] {logging_mixin.py:190} INFO - [2024-09-16T16:25:42.000+0000] {override.py:1900} INFO - Created Permission View: can create on DAG Run:dataset_consumes_unknown_never_scheduled
[2024-09-16T16:25:42.008+0000] {logging_mixin.py:190} INFO - [2024-09-16T16:25:42.008+0000] {override.py:1900} INFO - Created Permission View: menu access on DAG Run:dataset_consumes_unknown_never_scheduled
[2024-09-16T16:25:42.016+0000] {logging_mixin.py:190} INFO - [2024-09-16T16:25:42.015+0000] {override.py:1900} INFO - Created Permission View: can read on DAG Run:dataset_consumes_unknown_never_scheduled
[2024-09-16T16:25:42.030+0000] {logging_mixin.py:190} INFO - [2024-09-16T16:25:42.030+0000] {override.py:1900} INFO - Created Permission View: can edit on DAG:dataset_consumes_1_never_scheduled
[2024-09-16T16:25:42.038+0000] {logging_mixin.py:190} INFO - [2024-09-16T16:25:42.038+0000] {override.py:1900} INFO - Created Permission View: can delete on DAG:dataset_consumes_1_never_scheduled
[2024-09-16T16:25:42.046+0000] {logging_mixin.py:190} INFO - [2024-09-16T16:25:42.045+0000] {override.py:1900} INFO - Created Permission View: can read on DAG:dataset_consumes_1_never_scheduled
[2024-09-16T16:25:42.054+0000] {logging_mixin.py:190} INFO - [2024-09-16T16:25:42.054+0000] {override.py:1900} INFO - Created Permission View: can delete on DAG Run:dataset_consumes_1_never_scheduled
[2024-09-16T16:25:42.061+0000] {logging_mixin.py:190} INFO - [2024-09-16T16:25:42.061+0000] {override.py:1900} INFO - Created Permission View: can create on DAG Run:dataset_consumes_1_never_scheduled
[2024-09-16T16:25:42.068+0000] {logging_mixin.py:190} INFO - [2024-09-16T16:25:42.068+0000] {override.py:1900} INFO - Created Permission View: menu access on DAG Run:dataset_consumes_1_never_scheduled
[2024-09-16T16:25:42.076+0000] {logging_mixin.py:190} INFO - [2024-09-16T16:25:42.075+0000] {override.py:1900} INFO - Created Permission View: can read on DAG Run:dataset_consumes_1_never_scheduled
[2024-09-16T16:25:42.088+0000] {logging_mixin.py:190} INFO - [2024-09-16T16:25:42.088+0000] {override.py:1900} INFO - Created Permission View: can edit on DAG:dataset_produces_2
[2024-09-16T16:25:42.095+0000] {logging_mixin.py:190} INFO - [2024-09-16T16:25:42.094+0000] {override.py:1900} INFO - Created Permission View: can delete on DAG:dataset_produces_2
[2024-09-16T16:25:42.102+0000] {logging_mixin.py:190} INFO - [2024-09-16T16:25:42.101+0000] {override.py:1900} INFO - Created Permission View: can read on DAG:dataset_produces_2
[2024-09-16T16:25:42.110+0000] {logging_mixin.py:190} INFO - [2024-09-16T16:25:42.109+0000] {override.py:1900} INFO - Created Permission View: can delete on DAG Run:dataset_produces_2
[2024-09-16T16:25:42.117+0000] {logging_mixin.py:190} INFO - [2024-09-16T16:25:42.117+0000] {override.py:1900} INFO - Created Permission View: can create on DAG Run:dataset_produces_2
[2024-09-16T16:25:42.124+0000] {logging_mixin.py:190} INFO - [2024-09-16T16:25:42.124+0000] {override.py:1900} INFO - Created Permission View: menu access on DAG Run:dataset_produces_2
[2024-09-16T16:25:42.131+0000] {logging_mixin.py:190} INFO - [2024-09-16T16:25:42.131+0000] {override.py:1900} INFO - Created Permission View: can read on DAG Run:dataset_produces_2
[2024-09-16T16:25:42.144+0000] {logging_mixin.py:190} INFO - [2024-09-16T16:25:42.143+0000] {override.py:1900} INFO - Created Permission View: can edit on DAG:consume_1_and_2_with_dataset_expressions
[2024-09-16T16:25:42.152+0000] {logging_mixin.py:190} INFO - [2024-09-16T16:25:42.152+0000] {override.py:1900} INFO - Created Permission View: can delete on DAG:consume_1_and_2_with_dataset_expressions
[2024-09-16T16:25:42.159+0000] {logging_mixin.py:190} INFO - [2024-09-16T16:25:42.159+0000] {override.py:1900} INFO - Created Permission View: can read on DAG:consume_1_and_2_with_dataset_expressions
[2024-09-16T16:25:42.168+0000] {logging_mixin.py:190} INFO - [2024-09-16T16:25:42.168+0000] {override.py:1900} INFO - Created Permission View: can delete on DAG Run:consume_1_and_2_with_dataset_expressions
[2024-09-16T16:25:42.176+0000] {logging_mixin.py:190} INFO - [2024-09-16T16:25:42.176+0000] {override.py:1900} INFO - Created Permission View: can create on DAG Run:consume_1_and_2_with_dataset_expressions
[2024-09-16T16:25:42.220+0000] {logging_mixin.py:190} INFO - [2024-09-16T16:25:42.220+0000] {override.py:1900} INFO - Created Permission View: menu access on DAG Run:consume_1_and_2_with_dataset_expressions
[2024-09-16T16:25:42.233+0000] {logging_mixin.py:190} INFO - [2024-09-16T16:25:42.232+0000] {override.py:1900} INFO - Created Permission View: can read on DAG Run:consume_1_and_2_with_dataset_expressions
[2024-09-16T16:25:42.256+0000] {logging_mixin.py:190} INFO - [2024-09-16T16:25:42.256+0000] {override.py:1900} INFO - Created Permission View: can edit on DAG:conditional_dataset_and_time_based_timetable
[2024-09-16T16:25:42.266+0000] {logging_mixin.py:190} INFO - [2024-09-16T16:25:42.266+0000] {override.py:1900} INFO - Created Permission View: can delete on DAG:conditional_dataset_and_time_based_timetable
[2024-09-16T16:25:42.280+0000] {logging_mixin.py:190} INFO - [2024-09-16T16:25:42.279+0000] {override.py:1900} INFO - Created Permission View: can read on DAG:conditional_dataset_and_time_based_timetable
[2024-09-16T16:25:42.293+0000] {logging_mixin.py:190} INFO - [2024-09-16T16:25:42.293+0000] {override.py:1900} INFO - Created Permission View: can delete on DAG Run:conditional_dataset_and_time_based_timetable
[2024-09-16T16:25:42.305+0000] {logging_mixin.py:190} INFO - [2024-09-16T16:25:42.305+0000] {override.py:1900} INFO - Created Permission View: can create on DAG Run:conditional_dataset_and_time_based_timetable
[2024-09-16T16:25:42.322+0000] {logging_mixin.py:190} INFO - [2024-09-16T16:25:42.322+0000] {override.py:1900} INFO - Created Permission View: menu access on DAG Run:conditional_dataset_and_time_based_timetable
[2024-09-16T16:25:42.336+0000] {logging_mixin.py:190} INFO - [2024-09-16T16:25:42.335+0000] {override.py:1900} INFO - Created Permission View: can read on DAG Run:conditional_dataset_and_time_based_timetable
[2024-09-16T16:25:42.337+0000] {logging_mixin.py:190} INFO - [2024-09-16T16:25:42.336+0000] {dag.py:3229} INFO - Sync 10 DAGs
[2024-09-16T16:25:42.358+0000] {logging_mixin.py:190} INFO - [2024-09-16T16:25:42.357+0000] {dag.py:3252} INFO - Creating ORM DAG for dataset_consumes_1_never_scheduled
[2024-09-16T16:25:42.359+0000] {logging_mixin.py:190} INFO - [2024-09-16T16:25:42.359+0000] {dag.py:3252} INFO - Creating ORM DAG for conditional_dataset_and_time_based_timetable
[2024-09-16T16:25:42.361+0000] {logging_mixin.py:190} INFO - [2024-09-16T16:25:42.360+0000] {dag.py:3252} INFO - Creating ORM DAG for dataset_consumes_unknown_never_scheduled
[2024-09-16T16:25:42.362+0000] {logging_mixin.py:190} INFO - [2024-09-16T16:25:42.361+0000] {dag.py:3252} INFO - Creating ORM DAG for dataset_produces_1
[2024-09-16T16:25:42.363+0000] {logging_mixin.py:190} INFO - [2024-09-16T16:25:42.363+0000] {dag.py:3252} INFO - Creating ORM DAG for dataset_consumes_1_and_2
[2024-09-16T16:25:42.364+0000] {logging_mixin.py:190} INFO - [2024-09-16T16:25:42.364+0000] {dag.py:3252} INFO - Creating ORM DAG for consume_1_or_both_2_and_3_with_dataset_expressions
[2024-09-16T16:25:42.365+0000] {logging_mixin.py:190} INFO - [2024-09-16T16:25:42.365+0000] {dag.py:3252} INFO - Creating ORM DAG for dataset_produces_2
[2024-09-16T16:25:42.366+0000] {logging_mixin.py:190} INFO - [2024-09-16T16:25:42.366+0000] {dag.py:3252} INFO - Creating ORM DAG for consume_1_and_2_with_dataset_expressions
[2024-09-16T16:25:42.368+0000] {logging_mixin.py:190} INFO - [2024-09-16T16:25:42.367+0000] {dag.py:3252} INFO - Creating ORM DAG for consume_1_or_2_with_dataset_expressions
[2024-09-16T16:25:42.369+0000] {logging_mixin.py:190} INFO - [2024-09-16T16:25:42.369+0000] {dag.py:3252} INFO - Creating ORM DAG for dataset_consumes_1
[2024-09-16T16:25:42.392+0000] {logging_mixin.py:190} INFO - [2024-09-16T16:25:42.392+0000] {dag.py:4156} INFO - Setting next_dagrun for conditional_dataset_and_time_based_timetable to 2024-09-11 01:00:00+00:00, run_after=2024-09-11 01:00:00+00:00
[2024-09-16T16:25:42.393+0000] {logging_mixin.py:190} INFO - [2024-09-16T16:25:42.393+0000] {dag.py:4156} INFO - Setting next_dagrun for consume_1_and_2_with_dataset_expressions to None, run_after=None
[2024-09-16T16:25:42.394+0000] {logging_mixin.py:190} INFO - [2024-09-16T16:25:42.394+0000] {dag.py:4156} INFO - Setting next_dagrun for consume_1_or_2_with_dataset_expressions to None, run_after=None
[2024-09-16T16:25:42.395+0000] {logging_mixin.py:190} INFO - [2024-09-16T16:25:42.395+0000] {dag.py:4156} INFO - Setting next_dagrun for consume_1_or_both_2_and_3_with_dataset_expressions to None, run_after=None
[2024-09-16T16:25:42.396+0000] {logging_mixin.py:190} INFO - [2024-09-16T16:25:42.395+0000] {dag.py:4156} INFO - Setting next_dagrun for dataset_consumes_1 to None, run_after=None
[2024-09-16T16:25:42.397+0000] {logging_mixin.py:190} INFO - [2024-09-16T16:25:42.396+0000] {dag.py:4156} INFO - Setting next_dagrun for dataset_consumes_1_and_2 to None, run_after=None
[2024-09-16T16:25:42.398+0000] {logging_mixin.py:190} INFO - [2024-09-16T16:25:42.397+0000] {dag.py:4156} INFO - Setting next_dagrun for dataset_consumes_1_never_scheduled to None, run_after=None
[2024-09-16T16:25:42.399+0000] {logging_mixin.py:190} INFO - [2024-09-16T16:25:42.399+0000] {dag.py:4156} INFO - Setting next_dagrun for dataset_consumes_unknown_never_scheduled to None, run_after=None
[2024-09-16T16:25:42.402+0000] {logging_mixin.py:190} INFO - [2024-09-16T16:25:42.402+0000] {dag.py:4156} INFO - Setting next_dagrun for dataset_produces_1 to 2024-09-15 00:00:00+00:00, run_after=2024-09-16 00:00:00+00:00
[2024-09-16T16:25:42.404+0000] {logging_mixin.py:190} INFO - [2024-09-16T16:25:42.403+0000] {dag.py:4156} INFO - Setting next_dagrun for dataset_produces_2 to None, run_after=None
[2024-09-16T16:25:42.467+0000] {processor.py:208} INFO - Processing /home/airflow/.local/lib/python3.12/site-packages/airflow/example_dags/example_datasets.py took 1.160 seconds
[2024-09-16T16:26:12.836+0000] {processor.py:186} INFO - Started process (PID=148) to work on /home/airflow/.local/lib/python3.12/site-packages/airflow/example_dags/example_datasets.py
[2024-09-16T16:26:12.839+0000] {processor.py:914} INFO - Processing file /home/airflow/.local/lib/python3.12/site-packages/airflow/example_dags/example_datasets.py for tasks to queue
[2024-09-16T16:26:12.847+0000] {logging_mixin.py:190} INFO - [2024-09-16T16:26:12.846+0000] {dagbag.py:587} INFO - Filling up the DagBag from /home/airflow/.local/lib/python3.12/site-packages/airflow/example_dags/example_datasets.py
[2024-09-16T16:26:13.146+0000] {processor.py:925} INFO - DAG(s) 'dataset_consumes_1', 'conditional_dataset_and_time_based_timetable', 'consume_1_or_2_with_dataset_expressions', 'dataset_consumes_1_and_2', 'dataset_consumes_1_never_scheduled', 'dataset_consumes_unknown_never_scheduled', 'consume_1_or_both_2_and_3_with_dataset_expressions', 'dataset_produces_2', 'dataset_produces_1', 'consume_1_and_2_with_dataset_expressions' retrieved from /home/airflow/.local/lib/python3.12/site-packages/airflow/example_dags/example_datasets.py
[2024-09-16T16:26:13.214+0000] {logging_mixin.py:190} INFO - [2024-09-16T16:26:13.214+0000] {dag.py:3229} INFO - Sync 10 DAGs
[2024-09-16T16:26:13.337+0000] {logging_mixin.py:190} INFO - [2024-09-16T16:26:13.337+0000] {dag.py:4156} INFO - Setting next_dagrun for conditional_dataset_and_time_based_timetable to 2024-09-11 01:00:00+00:00, run_after=2024-09-11 01:00:00+00:00
[2024-09-16T16:26:13.342+0000] {logging_mixin.py:190} INFO - [2024-09-16T16:26:13.342+0000] {dag.py:4156} INFO - Setting next_dagrun for consume_1_and_2_with_dataset_expressions to None, run_after=None
[2024-09-16T16:26:13.344+0000] {logging_mixin.py:190} INFO - [2024-09-16T16:26:13.344+0000] {dag.py:4156} INFO - Setting next_dagrun for consume_1_or_2_with_dataset_expressions to None, run_after=None
[2024-09-16T16:26:13.345+0000] {logging_mixin.py:190} INFO - [2024-09-16T16:26:13.345+0000] {dag.py:4156} INFO - Setting next_dagrun for consume_1_or_both_2_and_3_with_dataset_expressions to None, run_after=None
[2024-09-16T16:26:13.347+0000] {logging_mixin.py:190} INFO - [2024-09-16T16:26:13.347+0000] {dag.py:4156} INFO - Setting next_dagrun for dataset_consumes_1 to None, run_after=None
[2024-09-16T16:26:13.349+0000] {logging_mixin.py:190} INFO - [2024-09-16T16:26:13.348+0000] {dag.py:4156} INFO - Setting next_dagrun for dataset_consumes_1_and_2 to None, run_after=None
[2024-09-16T16:26:13.350+0000] {logging_mixin.py:190} INFO - [2024-09-16T16:26:13.350+0000] {dag.py:4156} INFO - Setting next_dagrun for dataset_consumes_1_never_scheduled to None, run_after=None
[2024-09-16T16:26:13.352+0000] {logging_mixin.py:190} INFO - [2024-09-16T16:26:13.351+0000] {dag.py:4156} INFO - Setting next_dagrun for dataset_consumes_unknown_never_scheduled to None, run_after=None
[2024-09-16T16:26:13.355+0000] {logging_mixin.py:190} INFO - [2024-09-16T16:26:13.355+0000] {dag.py:4156} INFO - Setting next_dagrun for dataset_produces_1 to 2024-09-15 00:00:00+00:00, run_after=2024-09-16 00:00:00+00:00
[2024-09-16T16:26:13.356+0000] {logging_mixin.py:190} INFO - [2024-09-16T16:26:13.356+0000] {dag.py:4156} INFO - Setting next_dagrun for dataset_produces_2 to None, run_after=None
[2024-09-16T16:26:13.395+0000] {processor.py:208} INFO - Processing /home/airflow/.local/lib/python3.12/site-packages/airflow/example_dags/example_datasets.py took 0.583 seconds
[2024-09-16T16:26:44.770+0000] {processor.py:186} INFO - Started process (PID=210) to work on /home/airflow/.local/lib/python3.12/site-packages/airflow/example_dags/example_datasets.py
[2024-09-16T16:26:44.774+0000] {processor.py:914} INFO - Processing file /home/airflow/.local/lib/python3.12/site-packages/airflow/example_dags/example_datasets.py for tasks to queue
[2024-09-16T16:26:44.782+0000] {logging_mixin.py:190} INFO - [2024-09-16T16:26:44.781+0000] {dagbag.py:587} INFO - Filling up the DagBag from /home/airflow/.local/lib/python3.12/site-packages/airflow/example_dags/example_datasets.py
[2024-09-16T16:26:45.315+0000] {processor.py:925} INFO - DAG(s) 'dataset_produces_2', 'dataset_consumes_1_and_2', 'consume_1_or_both_2_and_3_with_dataset_expressions', 'conditional_dataset_and_time_based_timetable', 'consume_1_and_2_with_dataset_expressions', 'dataset_consumes_1_never_scheduled', 'dataset_consumes_unknown_never_scheduled', 'dataset_produces_1', 'dataset_consumes_1', 'consume_1_or_2_with_dataset_expressions' retrieved from /home/airflow/.local/lib/python3.12/site-packages/airflow/example_dags/example_datasets.py
[2024-09-16T16:26:45.417+0000] {logging_mixin.py:190} INFO - [2024-09-16T16:26:45.417+0000] {dag.py:3229} INFO - Sync 10 DAGs
[2024-09-16T16:26:45.474+0000] {logging_mixin.py:190} INFO - [2024-09-16T16:26:45.474+0000] {dag.py:4156} INFO - Setting next_dagrun for conditional_dataset_and_time_based_timetable to 2024-09-11 01:00:00+00:00, run_after=2024-09-11 01:00:00+00:00
[2024-09-16T16:26:45.480+0000] {logging_mixin.py:190} INFO - [2024-09-16T16:26:45.479+0000] {dag.py:4156} INFO - Setting next_dagrun for consume_1_and_2_with_dataset_expressions to None, run_after=None
[2024-09-16T16:26:45.482+0000] {logging_mixin.py:190} INFO - [2024-09-16T16:26:45.481+0000] {dag.py:4156} INFO - Setting next_dagrun for consume_1_or_2_with_dataset_expressions to None, run_after=None
[2024-09-16T16:26:45.484+0000] {logging_mixin.py:190} INFO - [2024-09-16T16:26:45.484+0000] {dag.py:4156} INFO - Setting next_dagrun for consume_1_or_both_2_and_3_with_dataset_expressions to None, run_after=None
[2024-09-16T16:26:45.492+0000] {logging_mixin.py:190} INFO - [2024-09-16T16:26:45.492+0000] {dag.py:4156} INFO - Setting next_dagrun for dataset_consumes_1 to None, run_after=None
[2024-09-16T16:26:45.494+0000] {logging_mixin.py:190} INFO - [2024-09-16T16:26:45.494+0000] {dag.py:4156} INFO - Setting next_dagrun for dataset_consumes_1_and_2 to None, run_after=None
[2024-09-16T16:26:45.496+0000] {logging_mixin.py:190} INFO - [2024-09-16T16:26:45.496+0000] {dag.py:4156} INFO - Setting next_dagrun for dataset_consumes_1_never_scheduled to None, run_after=None
[2024-09-16T16:26:45.498+0000] {logging_mixin.py:190} INFO - [2024-09-16T16:26:45.498+0000] {dag.py:4156} INFO - Setting next_dagrun for dataset_consumes_unknown_never_scheduled to None, run_after=None
[2024-09-16T16:26:45.501+0000] {logging_mixin.py:190} INFO - [2024-09-16T16:26:45.501+0000] {dag.py:4156} INFO - Setting next_dagrun for dataset_produces_1 to 2024-09-15 00:00:00+00:00, run_after=2024-09-16 00:00:00+00:00
[2024-09-16T16:26:45.503+0000] {logging_mixin.py:190} INFO - [2024-09-16T16:26:45.503+0000] {dag.py:4156} INFO - Setting next_dagrun for dataset_produces_2 to None, run_after=None
[2024-09-16T16:26:45.558+0000] {processor.py:208} INFO - Processing /home/airflow/.local/lib/python3.12/site-packages/airflow/example_dags/example_datasets.py took 0.801 seconds
[2024-09-16T16:27:16.315+0000] {processor.py:186} INFO - Started process (PID=272) to work on /home/airflow/.local/lib/python3.12/site-packages/airflow/example_dags/example_datasets.py
[2024-09-16T16:27:16.317+0000] {processor.py:914} INFO - Processing file /home/airflow/.local/lib/python3.12/site-packages/airflow/example_dags/example_datasets.py for tasks to queue
[2024-09-16T16:27:16.321+0000] {logging_mixin.py:190} INFO - [2024-09-16T16:27:16.320+0000] {dagbag.py:587} INFO - Filling up the DagBag from /home/airflow/.local/lib/python3.12/site-packages/airflow/example_dags/example_datasets.py
[2024-09-16T16:27:16.585+0000] {processor.py:925} INFO - DAG(s) 'consume_1_and_2_with_dataset_expressions', 'conditional_dataset_and_time_based_timetable', 'dataset_consumes_1_never_scheduled', 'dataset_consumes_unknown_never_scheduled', 'dataset_consumes_1_and_2', 'dataset_produces_2', 'dataset_produces_1', 'dataset_consumes_1', 'consume_1_or_both_2_and_3_with_dataset_expressions', 'consume_1_or_2_with_dataset_expressions' retrieved from /home/airflow/.local/lib/python3.12/site-packages/airflow/example_dags/example_datasets.py
[2024-09-16T16:27:16.664+0000] {logging_mixin.py:190} INFO - [2024-09-16T16:27:16.664+0000] {dag.py:3229} INFO - Sync 10 DAGs
[2024-09-16T16:27:16.719+0000] {logging_mixin.py:190} INFO - [2024-09-16T16:27:16.719+0000] {dag.py:4156} INFO - Setting next_dagrun for conditional_dataset_and_time_based_timetable to 2024-09-11 01:00:00+00:00, run_after=2024-09-11 01:00:00+00:00
[2024-09-16T16:27:16.727+0000] {logging_mixin.py:190} INFO - [2024-09-16T16:27:16.726+0000] {dag.py:4156} INFO - Setting next_dagrun for consume_1_and_2_with_dataset_expressions to None, run_after=None
[2024-09-16T16:27:16.730+0000] {logging_mixin.py:190} INFO - [2024-09-16T16:27:16.729+0000] {dag.py:4156} INFO - Setting next_dagrun for consume_1_or_2_with_dataset_expressions to None, run_after=None
[2024-09-16T16:27:16.733+0000] {logging_mixin.py:190} INFO - [2024-09-16T16:27:16.732+0000] {dag.py:4156} INFO - Setting next_dagrun for consume_1_or_both_2_and_3_with_dataset_expressions to None, run_after=None
[2024-09-16T16:27:16.737+0000] {logging_mixin.py:190} INFO - [2024-09-16T16:27:16.737+0000] {dag.py:4156} INFO - Setting next_dagrun for dataset_consumes_1 to None, run_after=None
[2024-09-16T16:27:16.741+0000] {logging_mixin.py:190} INFO - [2024-09-16T16:27:16.741+0000] {dag.py:4156} INFO - Setting next_dagrun for dataset_consumes_1_and_2 to None, run_after=None
[2024-09-16T16:27:16.743+0000] {logging_mixin.py:190} INFO - [2024-09-16T16:27:16.743+0000] {dag.py:4156} INFO - Setting next_dagrun for dataset_consumes_1_never_scheduled to None, run_after=None
[2024-09-16T16:27:16.747+0000] {logging_mixin.py:190} INFO - [2024-09-16T16:27:16.747+0000] {dag.py:4156} INFO - Setting next_dagrun for dataset_consumes_unknown_never_scheduled to None, run_after=None
[2024-09-16T16:27:16.753+0000] {logging_mixin.py:190} INFO - [2024-09-16T16:27:16.753+0000] {dag.py:4156} INFO - Setting next_dagrun for dataset_produces_1 to 2024-09-15 00:00:00+00:00, run_after=2024-09-16 00:00:00+00:00
[2024-09-16T16:27:16.756+0000] {logging_mixin.py:190} INFO - [2024-09-16T16:27:16.755+0000] {dag.py:4156} INFO - Setting next_dagrun for dataset_produces_2 to None, run_after=None
[2024-09-16T16:27:16.818+0000] {processor.py:208} INFO - Processing /home/airflow/.local/lib/python3.12/site-packages/airflow/example_dags/example_datasets.py took 0.513 seconds
[2024-09-16T16:27:49.879+0000] {processor.py:186} INFO - Started process (PID=334) to work on /home/airflow/.local/lib/python3.12/site-packages/airflow/example_dags/example_datasets.py
[2024-09-16T16:27:49.893+0000] {processor.py:914} INFO - Processing file /home/airflow/.local/lib/python3.12/site-packages/airflow/example_dags/example_datasets.py for tasks to queue
[2024-09-16T16:27:49.898+0000] {logging_mixin.py:190} INFO - [2024-09-16T16:27:49.897+0000] {dagbag.py:587} INFO - Filling up the DagBag from /home/airflow/.local/lib/python3.12/site-packages/airflow/example_dags/example_datasets.py
[2024-09-16T16:27:50.455+0000] {processor.py:925} INFO - DAG(s) 'conditional_dataset_and_time_based_timetable', 'consume_1_or_2_with_dataset_expressions', 'consume_1_or_both_2_and_3_with_dataset_expressions', 'dataset_consumes_unknown_never_scheduled', 'dataset_consumes_1', 'dataset_consumes_1_and_2', 'dataset_produces_1', 'consume_1_and_2_with_dataset_expressions', 'dataset_consumes_1_never_scheduled', 'dataset_produces_2' retrieved from /home/airflow/.local/lib/python3.12/site-packages/airflow/example_dags/example_datasets.py
[2024-09-16T16:27:50.635+0000] {logging_mixin.py:190} INFO - [2024-09-16T16:27:50.628+0000] {dag.py:3229} INFO - Sync 10 DAGs
[2024-09-16T16:27:50.761+0000] {logging_mixin.py:190} INFO - [2024-09-16T16:27:50.760+0000] {dag.py:4156} INFO - Setting next_dagrun for conditional_dataset_and_time_based_timetable to 2024-09-11 01:00:00+00:00, run_after=2024-09-11 01:00:00+00:00
[2024-09-16T16:27:50.778+0000] {logging_mixin.py:190} INFO - [2024-09-16T16:27:50.777+0000] {dag.py:4156} INFO - Setting next_dagrun for consume_1_and_2_with_dataset_expressions to None, run_after=None
[2024-09-16T16:27:50.781+0000] {logging_mixin.py:190} INFO - [2024-09-16T16:27:50.780+0000] {dag.py:4156} INFO - Setting next_dagrun for consume_1_or_2_with_dataset_expressions to None, run_after=None
[2024-09-16T16:27:50.787+0000] {logging_mixin.py:190} INFO - [2024-09-16T16:27:50.787+0000] {dag.py:4156} INFO - Setting next_dagrun for consume_1_or_both_2_and_3_with_dataset_expressions to None, run_after=None
[2024-09-16T16:27:50.794+0000] {logging_mixin.py:190} INFO - [2024-09-16T16:27:50.793+0000] {dag.py:4156} INFO - Setting next_dagrun for dataset_consumes_1 to None, run_after=None
[2024-09-16T16:27:50.797+0000] {logging_mixin.py:190} INFO - [2024-09-16T16:27:50.797+0000] {dag.py:4156} INFO - Setting next_dagrun for dataset_consumes_1_and_2 to None, run_after=None
[2024-09-16T16:27:50.800+0000] {logging_mixin.py:190} INFO - [2024-09-16T16:27:50.800+0000] {dag.py:4156} INFO - Setting next_dagrun for dataset_consumes_1_never_scheduled to None, run_after=None
[2024-09-16T16:27:50.802+0000] {logging_mixin.py:190} INFO - [2024-09-16T16:27:50.802+0000] {dag.py:4156} INFO - Setting next_dagrun for dataset_consumes_unknown_never_scheduled to None, run_after=None
[2024-09-16T16:27:50.814+0000] {logging_mixin.py:190} INFO - [2024-09-16T16:27:50.814+0000] {dag.py:4156} INFO - Setting next_dagrun for dataset_produces_1 to 2024-09-15 00:00:00+00:00, run_after=2024-09-16 00:00:00+00:00
[2024-09-16T16:27:50.818+0000] {logging_mixin.py:190} INFO - [2024-09-16T16:27:50.817+0000] {dag.py:4156} INFO - Setting next_dagrun for dataset_produces_2 to None, run_after=None
[2024-09-16T16:27:50.906+0000] {processor.py:208} INFO - Processing /home/airflow/.local/lib/python3.12/site-packages/airflow/example_dags/example_datasets.py took 1.048 seconds
[2024-09-16T16:28:21.665+0000] {processor.py:186} INFO - Started process (PID=396) to work on /home/airflow/.local/lib/python3.12/site-packages/airflow/example_dags/example_datasets.py
[2024-09-16T16:28:21.667+0000] {processor.py:914} INFO - Processing file /home/airflow/.local/lib/python3.12/site-packages/airflow/example_dags/example_datasets.py for tasks to queue
[2024-09-16T16:28:21.671+0000] {logging_mixin.py:190} INFO - [2024-09-16T16:28:21.671+0000] {dagbag.py:587} INFO - Filling up the DagBag from /home/airflow/.local/lib/python3.12/site-packages/airflow/example_dags/example_datasets.py
[2024-09-16T16:28:21.867+0000] {processor.py:925} INFO - DAG(s) 'consume_1_or_2_with_dataset_expressions', 'conditional_dataset_and_time_based_timetable', 'consume_1_and_2_with_dataset_expressions', 'dataset_consumes_1_never_scheduled', 'dataset_produces_1', 'dataset_consumes_unknown_never_scheduled', 'dataset_produces_2', 'dataset_consumes_1_and_2', 'consume_1_or_both_2_and_3_with_dataset_expressions', 'dataset_consumes_1' retrieved from /home/airflow/.local/lib/python3.12/site-packages/airflow/example_dags/example_datasets.py
[2024-09-16T16:28:21.938+0000] {logging_mixin.py:190} INFO - [2024-09-16T16:28:21.937+0000] {dag.py:3229} INFO - Sync 10 DAGs
[2024-09-16T16:28:21.986+0000] {logging_mixin.py:190} INFO - [2024-09-16T16:28:21.985+0000] {dag.py:4156} INFO - Setting next_dagrun for conditional_dataset_and_time_based_timetable to 2024-09-11 01:00:00+00:00, run_after=2024-09-11 01:00:00+00:00
[2024-09-16T16:28:21.993+0000] {logging_mixin.py:190} INFO - [2024-09-16T16:28:21.993+0000] {dag.py:4156} INFO - Setting next_dagrun for consume_1_and_2_with_dataset_expressions to None, run_after=None
[2024-09-16T16:28:21.996+0000] {logging_mixin.py:190} INFO - [2024-09-16T16:28:21.995+0000] {dag.py:4156} INFO - Setting next_dagrun for consume_1_or_2_with_dataset_expressions to None, run_after=None
[2024-09-16T16:28:21.999+0000] {logging_mixin.py:190} INFO - [2024-09-16T16:28:21.999+0000] {dag.py:4156} INFO - Setting next_dagrun for consume_1_or_both_2_and_3_with_dataset_expressions to None, run_after=None
[2024-09-16T16:28:22.005+0000] {logging_mixin.py:190} INFO - [2024-09-16T16:28:22.005+0000] {dag.py:4156} INFO - Setting next_dagrun for dataset_consumes_1 to None, run_after=None
[2024-09-16T16:28:22.008+0000] {logging_mixin.py:190} INFO - [2024-09-16T16:28:22.008+0000] {dag.py:4156} INFO - Setting next_dagrun for dataset_consumes_1_and_2 to None, run_after=None
[2024-09-16T16:28:22.010+0000] {logging_mixin.py:190} INFO - [2024-09-16T16:28:22.010+0000] {dag.py:4156} INFO - Setting next_dagrun for dataset_consumes_1_never_scheduled to None, run_after=None
[2024-09-16T16:28:22.013+0000] {logging_mixin.py:190} INFO - [2024-09-16T16:28:22.013+0000] {dag.py:4156} INFO - Setting next_dagrun for dataset_consumes_unknown_never_scheduled to None, run_after=None
[2024-09-16T16:28:22.020+0000] {logging_mixin.py:190} INFO - [2024-09-16T16:28:22.019+0000] {dag.py:4156} INFO - Setting next_dagrun for dataset_produces_1 to 2024-09-15 00:00:00+00:00, run_after=2024-09-16 00:00:00+00:00
[2024-09-16T16:28:22.024+0000] {logging_mixin.py:190} INFO - [2024-09-16T16:28:22.023+0000] {dag.py:4156} INFO - Setting next_dagrun for dataset_produces_2 to None, run_after=None
[2024-09-16T16:28:22.091+0000] {processor.py:208} INFO - Processing /home/airflow/.local/lib/python3.12/site-packages/airflow/example_dags/example_datasets.py took 0.434 seconds
[2024-09-16T16:30:15.483+0000] {processor.py:186} INFO - Started process (PID=83) to work on /home/airflow/.local/lib/python3.12/site-packages/airflow/example_dags/example_datasets.py
[2024-09-16T16:30:15.485+0000] {processor.py:914} INFO - Processing file /home/airflow/.local/lib/python3.12/site-packages/airflow/example_dags/example_datasets.py for tasks to queue
[2024-09-16T16:30:15.488+0000] {logging_mixin.py:190} INFO - [2024-09-16T16:30:15.488+0000] {dagbag.py:587} INFO - Filling up the DagBag from /home/airflow/.local/lib/python3.12/site-packages/airflow/example_dags/example_datasets.py
[2024-09-16T16:30:15.721+0000] {processor.py:925} INFO - DAG(s) 'consume_1_and_2_with_dataset_expressions', 'conditional_dataset_and_time_based_timetable', 'dataset_consumes_1_never_scheduled', 'dataset_consumes_1_and_2', 'dataset_consumes_unknown_never_scheduled', 'consume_1_or_both_2_and_3_with_dataset_expressions', 'dataset_consumes_1', 'consume_1_or_2_with_dataset_expressions', 'dataset_produces_2', 'dataset_produces_1' retrieved from /home/airflow/.local/lib/python3.12/site-packages/airflow/example_dags/example_datasets.py
[2024-09-16T16:30:15.782+0000] {logging_mixin.py:190} INFO - [2024-09-16T16:30:15.782+0000] {dag.py:3229} INFO - Sync 10 DAGs
[2024-09-16T16:30:15.816+0000] {logging_mixin.py:190} INFO - [2024-09-16T16:30:15.816+0000] {dag.py:4156} INFO - Setting next_dagrun for conditional_dataset_and_time_based_timetable to 2024-09-11 01:00:00+00:00, run_after=2024-09-11 01:00:00+00:00
[2024-09-16T16:30:15.821+0000] {logging_mixin.py:190} INFO - [2024-09-16T16:30:15.821+0000] {dag.py:4156} INFO - Setting next_dagrun for consume_1_and_2_with_dataset_expressions to None, run_after=None
[2024-09-16T16:30:15.824+0000] {logging_mixin.py:190} INFO - [2024-09-16T16:30:15.823+0000] {dag.py:4156} INFO - Setting next_dagrun for consume_1_or_2_with_dataset_expressions to None, run_after=None
[2024-09-16T16:30:15.825+0000] {logging_mixin.py:190} INFO - [2024-09-16T16:30:15.825+0000] {dag.py:4156} INFO - Setting next_dagrun for consume_1_or_both_2_and_3_with_dataset_expressions to None, run_after=None
[2024-09-16T16:30:15.827+0000] {logging_mixin.py:190} INFO - [2024-09-16T16:30:15.827+0000] {dag.py:4156} INFO - Setting next_dagrun for dataset_consumes_1 to None, run_after=None
[2024-09-16T16:30:15.829+0000] {logging_mixin.py:190} INFO - [2024-09-16T16:30:15.829+0000] {dag.py:4156} INFO - Setting next_dagrun for dataset_consumes_1_and_2 to None, run_after=None
[2024-09-16T16:30:15.831+0000] {logging_mixin.py:190} INFO - [2024-09-16T16:30:15.831+0000] {dag.py:4156} INFO - Setting next_dagrun for dataset_consumes_1_never_scheduled to None, run_after=None
[2024-09-16T16:30:15.833+0000] {logging_mixin.py:190} INFO - [2024-09-16T16:30:15.833+0000] {dag.py:4156} INFO - Setting next_dagrun for dataset_consumes_unknown_never_scheduled to None, run_after=None
[2024-09-16T16:30:15.836+0000] {logging_mixin.py:190} INFO - [2024-09-16T16:30:15.836+0000] {dag.py:4156} INFO - Setting next_dagrun for dataset_produces_1 to 2024-09-15 00:00:00+00:00, run_after=2024-09-16 00:00:00+00:00
[2024-09-16T16:30:15.838+0000] {logging_mixin.py:190} INFO - [2024-09-16T16:30:15.838+0000] {dag.py:4156} INFO - Setting next_dagrun for dataset_produces_2 to None, run_after=None
[2024-09-16T16:30:15.918+0000] {processor.py:208} INFO - Processing /home/airflow/.local/lib/python3.12/site-packages/airflow/example_dags/example_datasets.py took 0.444 seconds
[2024-09-16T16:30:46.039+0000] {processor.py:186} INFO - Started process (PID=145) to work on /home/airflow/.local/lib/python3.12/site-packages/airflow/example_dags/example_datasets.py
[2024-09-16T16:30:46.040+0000] {processor.py:914} INFO - Processing file /home/airflow/.local/lib/python3.12/site-packages/airflow/example_dags/example_datasets.py for tasks to queue
[2024-09-16T16:30:46.042+0000] {logging_mixin.py:190} INFO - [2024-09-16T16:30:46.042+0000] {dagbag.py:587} INFO - Filling up the DagBag from /home/airflow/.local/lib/python3.12/site-packages/airflow/example_dags/example_datasets.py
[2024-09-16T16:30:46.144+0000] {processor.py:925} INFO - DAG(s) 'dataset_consumes_1', 'dataset_consumes_1_never_scheduled', 'consume_1_or_both_2_and_3_with_dataset_expressions', 'dataset_produces_2', 'conditional_dataset_and_time_based_timetable', 'dataset_consumes_unknown_never_scheduled', 'consume_1_or_2_with_dataset_expressions', 'dataset_produces_1', 'consume_1_and_2_with_dataset_expressions', 'dataset_consumes_1_and_2' retrieved from /home/airflow/.local/lib/python3.12/site-packages/airflow/example_dags/example_datasets.py
[2024-09-16T16:30:46.179+0000] {logging_mixin.py:190} INFO - [2024-09-16T16:30:46.179+0000] {dag.py:3229} INFO - Sync 10 DAGs
[2024-09-16T16:30:46.198+0000] {logging_mixin.py:190} INFO - [2024-09-16T16:30:46.197+0000] {dag.py:4156} INFO - Setting next_dagrun for conditional_dataset_and_time_based_timetable to 2024-09-11 01:00:00+00:00, run_after=2024-09-11 01:00:00+00:00
[2024-09-16T16:30:46.200+0000] {logging_mixin.py:190} INFO - [2024-09-16T16:30:46.200+0000] {dag.py:4156} INFO - Setting next_dagrun for consume_1_and_2_with_dataset_expressions to None, run_after=None
[2024-09-16T16:30:46.202+0000] {logging_mixin.py:190} INFO - [2024-09-16T16:30:46.201+0000] {dag.py:4156} INFO - Setting next_dagrun for consume_1_or_2_with_dataset_expressions to None, run_after=None
[2024-09-16T16:30:46.203+0000] {logging_mixin.py:190} INFO - [2024-09-16T16:30:46.202+0000] {dag.py:4156} INFO - Setting next_dagrun for consume_1_or_both_2_and_3_with_dataset_expressions to None, run_after=None
[2024-09-16T16:30:46.204+0000] {logging_mixin.py:190} INFO - [2024-09-16T16:30:46.203+0000] {dag.py:4156} INFO - Setting next_dagrun for dataset_consumes_1 to None, run_after=None
[2024-09-16T16:30:46.205+0000] {logging_mixin.py:190} INFO - [2024-09-16T16:30:46.205+0000] {dag.py:4156} INFO - Setting next_dagrun for dataset_consumes_1_and_2 to None, run_after=None
[2024-09-16T16:30:46.206+0000] {logging_mixin.py:190} INFO - [2024-09-16T16:30:46.206+0000] {dag.py:4156} INFO - Setting next_dagrun for dataset_consumes_1_never_scheduled to None, run_after=None
[2024-09-16T16:30:46.207+0000] {logging_mixin.py:190} INFO - [2024-09-16T16:30:46.207+0000] {dag.py:4156} INFO - Setting next_dagrun for dataset_consumes_unknown_never_scheduled to None, run_after=None
[2024-09-16T16:30:46.209+0000] {logging_mixin.py:190} INFO - [2024-09-16T16:30:46.209+0000] {dag.py:4156} INFO - Setting next_dagrun for dataset_produces_1 to 2024-09-15 00:00:00+00:00, run_after=2024-09-16 00:00:00+00:00
[2024-09-16T16:30:46.211+0000] {logging_mixin.py:190} INFO - [2024-09-16T16:30:46.211+0000] {dag.py:4156} INFO - Setting next_dagrun for dataset_produces_2 to None, run_after=None
[2024-09-16T16:30:46.243+0000] {processor.py:208} INFO - Processing /home/airflow/.local/lib/python3.12/site-packages/airflow/example_dags/example_datasets.py took 0.208 seconds
[2024-09-16T16:31:16.796+0000] {processor.py:186} INFO - Started process (PID=207) to work on /home/airflow/.local/lib/python3.12/site-packages/airflow/example_dags/example_datasets.py
[2024-09-16T16:31:16.797+0000] {processor.py:914} INFO - Processing file /home/airflow/.local/lib/python3.12/site-packages/airflow/example_dags/example_datasets.py for tasks to queue
[2024-09-16T16:31:16.800+0000] {logging_mixin.py:190} INFO - [2024-09-16T16:31:16.799+0000] {dagbag.py:587} INFO - Filling up the DagBag from /home/airflow/.local/lib/python3.12/site-packages/airflow/example_dags/example_datasets.py
[2024-09-16T16:31:16.902+0000] {processor.py:925} INFO - DAG(s) 'dataset_consumes_unknown_never_scheduled', 'consume_1_and_2_with_dataset_expressions', 'dataset_consumes_1', 'conditional_dataset_and_time_based_timetable', 'dataset_produces_2', 'consume_1_or_both_2_and_3_with_dataset_expressions', 'dataset_produces_1', 'consume_1_or_2_with_dataset_expressions', 'dataset_consumes_1_and_2', 'dataset_consumes_1_never_scheduled' retrieved from /home/airflow/.local/lib/python3.12/site-packages/airflow/example_dags/example_datasets.py
[2024-09-16T16:31:16.938+0000] {logging_mixin.py:190} INFO - [2024-09-16T16:31:16.938+0000] {dag.py:3229} INFO - Sync 10 DAGs
[2024-09-16T16:31:16.958+0000] {logging_mixin.py:190} INFO - [2024-09-16T16:31:16.958+0000] {dag.py:4156} INFO - Setting next_dagrun for conditional_dataset_and_time_based_timetable to 2024-09-11 01:00:00+00:00, run_after=2024-09-11 01:00:00+00:00
[2024-09-16T16:31:16.962+0000] {logging_mixin.py:190} INFO - [2024-09-16T16:31:16.961+0000] {dag.py:4156} INFO - Setting next_dagrun for consume_1_and_2_with_dataset_expressions to None, run_after=None
[2024-09-16T16:31:16.963+0000] {logging_mixin.py:190} INFO - [2024-09-16T16:31:16.963+0000] {dag.py:4156} INFO - Setting next_dagrun for consume_1_or_2_with_dataset_expressions to None, run_after=None
[2024-09-16T16:31:16.964+0000] {logging_mixin.py:190} INFO - [2024-09-16T16:31:16.964+0000] {dag.py:4156} INFO - Setting next_dagrun for consume_1_or_both_2_and_3_with_dataset_expressions to None, run_after=None
[2024-09-16T16:31:16.965+0000] {logging_mixin.py:190} INFO - [2024-09-16T16:31:16.965+0000] {dag.py:4156} INFO - Setting next_dagrun for dataset_consumes_1 to None, run_after=None
[2024-09-16T16:31:16.967+0000] {logging_mixin.py:190} INFO - [2024-09-16T16:31:16.967+0000] {dag.py:4156} INFO - Setting next_dagrun for dataset_consumes_1_and_2 to None, run_after=None
[2024-09-16T16:31:16.968+0000] {logging_mixin.py:190} INFO - [2024-09-16T16:31:16.968+0000] {dag.py:4156} INFO - Setting next_dagrun for dataset_consumes_1_never_scheduled to None, run_after=None
[2024-09-16T16:31:16.969+0000] {logging_mixin.py:190} INFO - [2024-09-16T16:31:16.969+0000] {dag.py:4156} INFO - Setting next_dagrun for dataset_consumes_unknown_never_scheduled to None, run_after=None
[2024-09-16T16:31:16.971+0000] {logging_mixin.py:190} INFO - [2024-09-16T16:31:16.971+0000] {dag.py:4156} INFO - Setting next_dagrun for dataset_produces_1 to 2024-09-15 00:00:00+00:00, run_after=2024-09-16 00:00:00+00:00
[2024-09-16T16:31:16.973+0000] {logging_mixin.py:190} INFO - [2024-09-16T16:31:16.972+0000] {dag.py:4156} INFO - Setting next_dagrun for dataset_produces_2 to None, run_after=None
[2024-09-16T16:31:17.003+0000] {processor.py:208} INFO - Processing /home/airflow/.local/lib/python3.12/site-packages/airflow/example_dags/example_datasets.py took 0.211 seconds
[2024-09-16T16:31:47.255+0000] {processor.py:186} INFO - Started process (PID=269) to work on /home/airflow/.local/lib/python3.12/site-packages/airflow/example_dags/example_datasets.py
[2024-09-16T16:31:47.256+0000] {processor.py:914} INFO - Processing file /home/airflow/.local/lib/python3.12/site-packages/airflow/example_dags/example_datasets.py for tasks to queue
[2024-09-16T16:31:47.258+0000] {logging_mixin.py:190} INFO - [2024-09-16T16:31:47.258+0000] {dagbag.py:587} INFO - Filling up the DagBag from /home/airflow/.local/lib/python3.12/site-packages/airflow/example_dags/example_datasets.py
[2024-09-16T16:31:47.371+0000] {processor.py:925} INFO - DAG(s) 'dataset_consumes_1', 'consume_1_or_2_with_dataset_expressions', 'dataset_produces_2', 'consume_1_or_both_2_and_3_with_dataset_expressions', 'dataset_produces_1', 'dataset_consumes_1_never_scheduled', 'dataset_consumes_1_and_2', 'conditional_dataset_and_time_based_timetable', 'dataset_consumes_unknown_never_scheduled', 'consume_1_and_2_with_dataset_expressions' retrieved from /home/airflow/.local/lib/python3.12/site-packages/airflow/example_dags/example_datasets.py
[2024-09-16T16:31:47.413+0000] {logging_mixin.py:190} INFO - [2024-09-16T16:31:47.413+0000] {dag.py:3229} INFO - Sync 10 DAGs
[2024-09-16T16:31:47.434+0000] {logging_mixin.py:190} INFO - [2024-09-16T16:31:47.434+0000] {dag.py:4156} INFO - Setting next_dagrun for conditional_dataset_and_time_based_timetable to 2024-09-11 01:00:00+00:00, run_after=2024-09-11 01:00:00+00:00
[2024-09-16T16:31:47.438+0000] {logging_mixin.py:190} INFO - [2024-09-16T16:31:47.437+0000] {dag.py:4156} INFO - Setting next_dagrun for consume_1_and_2_with_dataset_expressions to None, run_after=None
[2024-09-16T16:31:47.439+0000] {logging_mixin.py:190} INFO - [2024-09-16T16:31:47.439+0000] {dag.py:4156} INFO - Setting next_dagrun for consume_1_or_2_with_dataset_expressions to None, run_after=None
[2024-09-16T16:31:47.441+0000] {logging_mixin.py:190} INFO - [2024-09-16T16:31:47.441+0000] {dag.py:4156} INFO - Setting next_dagrun for consume_1_or_both_2_and_3_with_dataset_expressions to None, run_after=None
[2024-09-16T16:31:47.442+0000] {logging_mixin.py:190} INFO - [2024-09-16T16:31:47.442+0000] {dag.py:4156} INFO - Setting next_dagrun for dataset_consumes_1 to None, run_after=None
[2024-09-16T16:31:47.443+0000] {logging_mixin.py:190} INFO - [2024-09-16T16:31:47.443+0000] {dag.py:4156} INFO - Setting next_dagrun for dataset_consumes_1_and_2 to None, run_after=None
[2024-09-16T16:31:47.445+0000] {logging_mixin.py:190} INFO - [2024-09-16T16:31:47.445+0000] {dag.py:4156} INFO - Setting next_dagrun for dataset_consumes_1_never_scheduled to None, run_after=None
[2024-09-16T16:31:47.447+0000] {logging_mixin.py:190} INFO - [2024-09-16T16:31:47.446+0000] {dag.py:4156} INFO - Setting next_dagrun for dataset_consumes_unknown_never_scheduled to None, run_after=None
[2024-09-16T16:31:47.449+0000] {logging_mixin.py:190} INFO - [2024-09-16T16:31:47.448+0000] {dag.py:4156} INFO - Setting next_dagrun for dataset_produces_1 to 2024-09-15 00:00:00+00:00, run_after=2024-09-16 00:00:00+00:00
[2024-09-16T16:31:47.450+0000] {logging_mixin.py:190} INFO - [2024-09-16T16:31:47.450+0000] {dag.py:4156} INFO - Setting next_dagrun for dataset_produces_2 to None, run_after=None
[2024-09-16T16:31:47.485+0000] {processor.py:208} INFO - Processing /home/airflow/.local/lib/python3.12/site-packages/airflow/example_dags/example_datasets.py took 0.235 seconds
[2024-09-16T16:32:17.685+0000] {processor.py:186} INFO - Started process (PID=332) to work on /home/airflow/.local/lib/python3.12/site-packages/airflow/example_dags/example_datasets.py
[2024-09-16T16:32:17.686+0000] {processor.py:914} INFO - Processing file /home/airflow/.local/lib/python3.12/site-packages/airflow/example_dags/example_datasets.py for tasks to queue
[2024-09-16T16:32:17.688+0000] {logging_mixin.py:190} INFO - [2024-09-16T16:32:17.688+0000] {dagbag.py:587} INFO - Filling up the DagBag from /home/airflow/.local/lib/python3.12/site-packages/airflow/example_dags/example_datasets.py
[2024-09-16T16:32:17.795+0000] {processor.py:925} INFO - DAG(s) 'conditional_dataset_and_time_based_timetable', 'dataset_consumes_1_and_2', 'consume_1_or_2_with_dataset_expressions', 'dataset_produces_1', 'dataset_consumes_1', 'dataset_consumes_1_never_scheduled', 'consume_1_or_both_2_and_3_with_dataset_expressions', 'dataset_produces_2', 'consume_1_and_2_with_dataset_expressions', 'dataset_consumes_unknown_never_scheduled' retrieved from /home/airflow/.local/lib/python3.12/site-packages/airflow/example_dags/example_datasets.py
[2024-09-16T16:32:17.836+0000] {logging_mixin.py:190} INFO - [2024-09-16T16:32:17.835+0000] {dag.py:3229} INFO - Sync 10 DAGs
[2024-09-16T16:32:17.855+0000] {logging_mixin.py:190} INFO - [2024-09-16T16:32:17.855+0000] {dag.py:4156} INFO - Setting next_dagrun for conditional_dataset_and_time_based_timetable to 2024-09-11 01:00:00+00:00, run_after=2024-09-11 01:00:00+00:00
[2024-09-16T16:32:17.858+0000] {logging_mixin.py:190} INFO - [2024-09-16T16:32:17.858+0000] {dag.py:4156} INFO - Setting next_dagrun for consume_1_and_2_with_dataset_expressions to None, run_after=None
[2024-09-16T16:32:17.860+0000] {logging_mixin.py:190} INFO - [2024-09-16T16:32:17.860+0000] {dag.py:4156} INFO - Setting next_dagrun for consume_1_or_2_with_dataset_expressions to None, run_after=None
[2024-09-16T16:32:17.861+0000] {logging_mixin.py:190} INFO - [2024-09-16T16:32:17.861+0000] {dag.py:4156} INFO - Setting next_dagrun for consume_1_or_both_2_and_3_with_dataset_expressions to None, run_after=None
[2024-09-16T16:32:17.863+0000] {logging_mixin.py:190} INFO - [2024-09-16T16:32:17.863+0000] {dag.py:4156} INFO - Setting next_dagrun for dataset_consumes_1 to None, run_after=None
[2024-09-16T16:32:17.864+0000] {logging_mixin.py:190} INFO - [2024-09-16T16:32:17.864+0000] {dag.py:4156} INFO - Setting next_dagrun for dataset_consumes_1_and_2 to None, run_after=None
[2024-09-16T16:32:17.866+0000] {logging_mixin.py:190} INFO - [2024-09-16T16:32:17.865+0000] {dag.py:4156} INFO - Setting next_dagrun for dataset_consumes_1_never_scheduled to None, run_after=None
[2024-09-16T16:32:17.867+0000] {logging_mixin.py:190} INFO - [2024-09-16T16:32:17.867+0000] {dag.py:4156} INFO - Setting next_dagrun for dataset_consumes_unknown_never_scheduled to None, run_after=None
[2024-09-16T16:32:17.869+0000] {logging_mixin.py:190} INFO - [2024-09-16T16:32:17.869+0000] {dag.py:4156} INFO - Setting next_dagrun for dataset_produces_1 to 2024-09-15 00:00:00+00:00, run_after=2024-09-16 00:00:00+00:00
[2024-09-16T16:32:17.870+0000] {logging_mixin.py:190} INFO - [2024-09-16T16:32:17.870+0000] {dag.py:4156} INFO - Setting next_dagrun for dataset_produces_2 to None, run_after=None
[2024-09-16T16:32:17.898+0000] {processor.py:208} INFO - Processing /home/airflow/.local/lib/python3.12/site-packages/airflow/example_dags/example_datasets.py took 0.218 seconds
[2024-09-16T16:32:48.411+0000] {processor.py:186} INFO - Started process (PID=394) to work on /home/airflow/.local/lib/python3.12/site-packages/airflow/example_dags/example_datasets.py
[2024-09-16T16:32:48.413+0000] {processor.py:914} INFO - Processing file /home/airflow/.local/lib/python3.12/site-packages/airflow/example_dags/example_datasets.py for tasks to queue
[2024-09-16T16:32:48.415+0000] {logging_mixin.py:190} INFO - [2024-09-16T16:32:48.415+0000] {dagbag.py:587} INFO - Filling up the DagBag from /home/airflow/.local/lib/python3.12/site-packages/airflow/example_dags/example_datasets.py
[2024-09-16T16:32:48.515+0000] {processor.py:925} INFO - DAG(s) 'dataset_consumes_1_never_scheduled', 'conditional_dataset_and_time_based_timetable', 'dataset_produces_2', 'consume_1_or_both_2_and_3_with_dataset_expressions', 'dataset_produces_1', 'consume_1_or_2_with_dataset_expressions', 'dataset_consumes_1', 'dataset_consumes_1_and_2', 'consume_1_and_2_with_dataset_expressions', 'dataset_consumes_unknown_never_scheduled' retrieved from /home/airflow/.local/lib/python3.12/site-packages/airflow/example_dags/example_datasets.py
[2024-09-16T16:32:48.552+0000] {logging_mixin.py:190} INFO - [2024-09-16T16:32:48.551+0000] {dag.py:3229} INFO - Sync 10 DAGs
[2024-09-16T16:32:48.574+0000] {logging_mixin.py:190} INFO - [2024-09-16T16:32:48.574+0000] {dag.py:4156} INFO - Setting next_dagrun for conditional_dataset_and_time_based_timetable to 2024-09-11 01:00:00+00:00, run_after=2024-09-11 01:00:00+00:00
[2024-09-16T16:32:48.577+0000] {logging_mixin.py:190} INFO - [2024-09-16T16:32:48.577+0000] {dag.py:4156} INFO - Setting next_dagrun for consume_1_and_2_with_dataset_expressions to None, run_after=None
[2024-09-16T16:32:48.579+0000] {logging_mixin.py:190} INFO - [2024-09-16T16:32:48.579+0000] {dag.py:4156} INFO - Setting next_dagrun for consume_1_or_2_with_dataset_expressions to None, run_after=None
[2024-09-16T16:32:48.580+0000] {logging_mixin.py:190} INFO - [2024-09-16T16:32:48.580+0000] {dag.py:4156} INFO - Setting next_dagrun for consume_1_or_both_2_and_3_with_dataset_expressions to None, run_after=None
[2024-09-16T16:32:48.582+0000] {logging_mixin.py:190} INFO - [2024-09-16T16:32:48.582+0000] {dag.py:4156} INFO - Setting next_dagrun for dataset_consumes_1 to None, run_after=None
[2024-09-16T16:32:48.583+0000] {logging_mixin.py:190} INFO - [2024-09-16T16:32:48.583+0000] {dag.py:4156} INFO - Setting next_dagrun for dataset_consumes_1_and_2 to None, run_after=None
[2024-09-16T16:32:48.585+0000] {logging_mixin.py:190} INFO - [2024-09-16T16:32:48.585+0000] {dag.py:4156} INFO - Setting next_dagrun for dataset_consumes_1_never_scheduled to None, run_after=None
[2024-09-16T16:32:48.586+0000] {logging_mixin.py:190} INFO - [2024-09-16T16:32:48.586+0000] {dag.py:4156} INFO - Setting next_dagrun for dataset_consumes_unknown_never_scheduled to None, run_after=None
[2024-09-16T16:32:48.588+0000] {logging_mixin.py:190} INFO - [2024-09-16T16:32:48.588+0000] {dag.py:4156} INFO - Setting next_dagrun for dataset_produces_1 to 2024-09-15 00:00:00+00:00, run_after=2024-09-16 00:00:00+00:00
[2024-09-16T16:32:48.590+0000] {logging_mixin.py:190} INFO - [2024-09-16T16:32:48.590+0000] {dag.py:4156} INFO - Setting next_dagrun for dataset_produces_2 to None, run_after=None
[2024-09-16T16:32:48.626+0000] {processor.py:208} INFO - Processing /home/airflow/.local/lib/python3.12/site-packages/airflow/example_dags/example_datasets.py took 0.220 seconds
[2024-09-16T16:33:18.742+0000] {processor.py:186} INFO - Started process (PID=456) to work on /home/airflow/.local/lib/python3.12/site-packages/airflow/example_dags/example_datasets.py
[2024-09-16T16:33:18.743+0000] {processor.py:914} INFO - Processing file /home/airflow/.local/lib/python3.12/site-packages/airflow/example_dags/example_datasets.py for tasks to queue
[2024-09-16T16:33:18.745+0000] {logging_mixin.py:190} INFO - [2024-09-16T16:33:18.745+0000] {dagbag.py:587} INFO - Filling up the DagBag from /home/airflow/.local/lib/python3.12/site-packages/airflow/example_dags/example_datasets.py
[2024-09-16T16:33:18.853+0000] {processor.py:925} INFO - DAG(s) 'dataset_produces_1', 'consume_1_or_both_2_and_3_with_dataset_expressions', 'dataset_consumes_1_never_scheduled', 'consume_1_and_2_with_dataset_expressions', 'dataset_consumes_unknown_never_scheduled', 'conditional_dataset_and_time_based_timetable', 'dataset_consumes_1', 'consume_1_or_2_with_dataset_expressions', 'dataset_produces_2', 'dataset_consumes_1_and_2' retrieved from /home/airflow/.local/lib/python3.12/site-packages/airflow/example_dags/example_datasets.py
[2024-09-16T16:33:18.890+0000] {logging_mixin.py:190} INFO - [2024-09-16T16:33:18.890+0000] {dag.py:3229} INFO - Sync 10 DAGs
[2024-09-16T16:33:18.910+0000] {logging_mixin.py:190} INFO - [2024-09-16T16:33:18.910+0000] {dag.py:4156} INFO - Setting next_dagrun for conditional_dataset_and_time_based_timetable to 2024-09-11 01:00:00+00:00, run_after=2024-09-11 01:00:00+00:00
[2024-09-16T16:33:18.914+0000] {logging_mixin.py:190} INFO - [2024-09-16T16:33:18.914+0000] {dag.py:4156} INFO - Setting next_dagrun for consume_1_and_2_with_dataset_expressions to None, run_after=None
[2024-09-16T16:33:18.915+0000] {logging_mixin.py:190} INFO - [2024-09-16T16:33:18.915+0000] {dag.py:4156} INFO - Setting next_dagrun for consume_1_or_2_with_dataset_expressions to None, run_after=None
[2024-09-16T16:33:18.917+0000] {logging_mixin.py:190} INFO - [2024-09-16T16:33:18.916+0000] {dag.py:4156} INFO - Setting next_dagrun for consume_1_or_both_2_and_3_with_dataset_expressions to None, run_after=None
[2024-09-16T16:33:18.918+0000] {logging_mixin.py:190} INFO - [2024-09-16T16:33:18.918+0000] {dag.py:4156} INFO - Setting next_dagrun for dataset_consumes_1 to None, run_after=None
[2024-09-16T16:33:18.919+0000] {logging_mixin.py:190} INFO - [2024-09-16T16:33:18.919+0000] {dag.py:4156} INFO - Setting next_dagrun for dataset_consumes_1_and_2 to None, run_after=None
[2024-09-16T16:33:18.921+0000] {logging_mixin.py:190} INFO - [2024-09-16T16:33:18.921+0000] {dag.py:4156} INFO - Setting next_dagrun for dataset_consumes_1_never_scheduled to None, run_after=None
[2024-09-16T16:33:18.922+0000] {logging_mixin.py:190} INFO - [2024-09-16T16:33:18.922+0000] {dag.py:4156} INFO - Setting next_dagrun for dataset_consumes_unknown_never_scheduled to None, run_after=None
[2024-09-16T16:33:18.925+0000] {logging_mixin.py:190} INFO - [2024-09-16T16:33:18.925+0000] {dag.py:4156} INFO - Setting next_dagrun for dataset_produces_1 to 2024-09-15 00:00:00+00:00, run_after=2024-09-16 00:00:00+00:00
[2024-09-16T16:33:18.926+0000] {logging_mixin.py:190} INFO - [2024-09-16T16:33:18.926+0000] {dag.py:4156} INFO - Setting next_dagrun for dataset_produces_2 to None, run_after=None
[2024-09-16T16:33:18.957+0000] {processor.py:208} INFO - Processing /home/airflow/.local/lib/python3.12/site-packages/airflow/example_dags/example_datasets.py took 0.219 seconds
[2024-09-16T16:33:48.992+0000] {processor.py:186} INFO - Started process (PID=517) to work on /home/airflow/.local/lib/python3.12/site-packages/airflow/example_dags/example_datasets.py
[2024-09-16T16:33:48.993+0000] {processor.py:914} INFO - Processing file /home/airflow/.local/lib/python3.12/site-packages/airflow/example_dags/example_datasets.py for tasks to queue
[2024-09-16T16:33:48.995+0000] {logging_mixin.py:190} INFO - [2024-09-16T16:33:48.994+0000] {dagbag.py:587} INFO - Filling up the DagBag from /home/airflow/.local/lib/python3.12/site-packages/airflow/example_dags/example_datasets.py
[2024-09-16T16:33:49.146+0000] {processor.py:925} INFO - DAG(s) 'dataset_consumes_unknown_never_scheduled', 'dataset_consumes_1', 'consume_1_and_2_with_dataset_expressions', 'dataset_consumes_1_and_2', 'dataset_produces_1', 'dataset_consumes_1_never_scheduled', 'consume_1_or_both_2_and_3_with_dataset_expressions', 'dataset_produces_2', 'consume_1_or_2_with_dataset_expressions', 'conditional_dataset_and_time_based_timetable' retrieved from /home/airflow/.local/lib/python3.12/site-packages/airflow/example_dags/example_datasets.py
[2024-09-16T16:33:49.191+0000] {logging_mixin.py:190} INFO - [2024-09-16T16:33:49.191+0000] {dag.py:3229} INFO - Sync 10 DAGs
[2024-09-16T16:33:49.215+0000] {logging_mixin.py:190} INFO - [2024-09-16T16:33:49.215+0000] {dag.py:4156} INFO - Setting next_dagrun for conditional_dataset_and_time_based_timetable to 2024-09-11 01:00:00+00:00, run_after=2024-09-11 01:00:00+00:00
[2024-09-16T16:33:49.220+0000] {logging_mixin.py:190} INFO - [2024-09-16T16:33:49.219+0000] {dag.py:4156} INFO - Setting next_dagrun for consume_1_and_2_with_dataset_expressions to None, run_after=None
[2024-09-16T16:33:49.221+0000] {logging_mixin.py:190} INFO - [2024-09-16T16:33:49.221+0000] {dag.py:4156} INFO - Setting next_dagrun for consume_1_or_2_with_dataset_expressions to None, run_after=None
[2024-09-16T16:33:49.223+0000] {logging_mixin.py:190} INFO - [2024-09-16T16:33:49.222+0000] {dag.py:4156} INFO - Setting next_dagrun for consume_1_or_both_2_and_3_with_dataset_expressions to None, run_after=None
[2024-09-16T16:33:49.224+0000] {logging_mixin.py:190} INFO - [2024-09-16T16:33:49.224+0000] {dag.py:4156} INFO - Setting next_dagrun for dataset_consumes_1 to None, run_after=None
[2024-09-16T16:33:49.225+0000] {logging_mixin.py:190} INFO - [2024-09-16T16:33:49.225+0000] {dag.py:4156} INFO - Setting next_dagrun for dataset_consumes_1_and_2 to None, run_after=None
[2024-09-16T16:33:49.227+0000] {logging_mixin.py:190} INFO - [2024-09-16T16:33:49.227+0000] {dag.py:4156} INFO - Setting next_dagrun for dataset_consumes_1_never_scheduled to None, run_after=None
[2024-09-16T16:33:49.228+0000] {logging_mixin.py:190} INFO - [2024-09-16T16:33:49.228+0000] {dag.py:4156} INFO - Setting next_dagrun for dataset_consumes_unknown_never_scheduled to None, run_after=None
[2024-09-16T16:33:49.231+0000] {logging_mixin.py:190} INFO - [2024-09-16T16:33:49.231+0000] {dag.py:4156} INFO - Setting next_dagrun for dataset_produces_1 to 2024-09-15 00:00:00+00:00, run_after=2024-09-16 00:00:00+00:00
[2024-09-16T16:33:49.232+0000] {logging_mixin.py:190} INFO - [2024-09-16T16:33:49.232+0000] {dag.py:4156} INFO - Setting next_dagrun for dataset_produces_2 to None, run_after=None
[2024-09-16T16:33:49.267+0000] {processor.py:208} INFO - Processing /home/airflow/.local/lib/python3.12/site-packages/airflow/example_dags/example_datasets.py took 0.280 seconds
[2024-09-16T16:34:19.650+0000] {processor.py:186} INFO - Started process (PID=579) to work on /home/airflow/.local/lib/python3.12/site-packages/airflow/example_dags/example_datasets.py
[2024-09-16T16:34:19.651+0000] {processor.py:914} INFO - Processing file /home/airflow/.local/lib/python3.12/site-packages/airflow/example_dags/example_datasets.py for tasks to queue
[2024-09-16T16:34:19.653+0000] {logging_mixin.py:190} INFO - [2024-09-16T16:34:19.653+0000] {dagbag.py:587} INFO - Filling up the DagBag from /home/airflow/.local/lib/python3.12/site-packages/airflow/example_dags/example_datasets.py
[2024-09-16T16:34:19.768+0000] {processor.py:925} INFO - DAG(s) 'dataset_produces_1', 'consume_1_or_2_with_dataset_expressions', 'conditional_dataset_and_time_based_timetable', 'dataset_consumes_1', 'consume_1_or_both_2_and_3_with_dataset_expressions', 'dataset_produces_2', 'dataset_consumes_1_never_scheduled', 'consume_1_and_2_with_dataset_expressions', 'dataset_consumes_1_and_2', 'dataset_consumes_unknown_never_scheduled' retrieved from /home/airflow/.local/lib/python3.12/site-packages/airflow/example_dags/example_datasets.py
[2024-09-16T16:34:19.807+0000] {logging_mixin.py:190} INFO - [2024-09-16T16:34:19.807+0000] {dag.py:3229} INFO - Sync 10 DAGs
[2024-09-16T16:34:19.830+0000] {logging_mixin.py:190} INFO - [2024-09-16T16:34:19.830+0000] {dag.py:4156} INFO - Setting next_dagrun for conditional_dataset_and_time_based_timetable to 2024-09-11 01:00:00+00:00, run_after=2024-09-11 01:00:00+00:00
[2024-09-16T16:34:19.834+0000] {logging_mixin.py:190} INFO - [2024-09-16T16:34:19.833+0000] {dag.py:4156} INFO - Setting next_dagrun for consume_1_and_2_with_dataset_expressions to None, run_after=None
[2024-09-16T16:34:19.836+0000] {logging_mixin.py:190} INFO - [2024-09-16T16:34:19.835+0000] {dag.py:4156} INFO - Setting next_dagrun for consume_1_or_2_with_dataset_expressions to None, run_after=None
[2024-09-16T16:34:19.838+0000] {logging_mixin.py:190} INFO - [2024-09-16T16:34:19.837+0000] {dag.py:4156} INFO - Setting next_dagrun for consume_1_or_both_2_and_3_with_dataset_expressions to None, run_after=None
[2024-09-16T16:34:19.841+0000] {logging_mixin.py:190} INFO - [2024-09-16T16:34:19.840+0000] {dag.py:4156} INFO - Setting next_dagrun for dataset_consumes_1 to None, run_after=None
[2024-09-16T16:34:19.843+0000] {logging_mixin.py:190} INFO - [2024-09-16T16:34:19.843+0000] {dag.py:4156} INFO - Setting next_dagrun for dataset_consumes_1_and_2 to None, run_after=None
[2024-09-16T16:34:19.846+0000] {logging_mixin.py:190} INFO - [2024-09-16T16:34:19.845+0000] {dag.py:4156} INFO - Setting next_dagrun for dataset_consumes_1_never_scheduled to None, run_after=None
[2024-09-16T16:34:19.848+0000] {logging_mixin.py:190} INFO - [2024-09-16T16:34:19.848+0000] {dag.py:4156} INFO - Setting next_dagrun for dataset_consumes_unknown_never_scheduled to None, run_after=None
[2024-09-16T16:34:19.850+0000] {logging_mixin.py:190} INFO - [2024-09-16T16:34:19.850+0000] {dag.py:4156} INFO - Setting next_dagrun for dataset_produces_1 to 2024-09-15 00:00:00+00:00, run_after=2024-09-16 00:00:00+00:00
[2024-09-16T16:34:19.852+0000] {logging_mixin.py:190} INFO - [2024-09-16T16:34:19.852+0000] {dag.py:4156} INFO - Setting next_dagrun for dataset_produces_2 to None, run_after=None
[2024-09-16T16:34:19.897+0000] {processor.py:208} INFO - Processing /home/airflow/.local/lib/python3.12/site-packages/airflow/example_dags/example_datasets.py took 0.251 seconds
[2024-09-16T16:34:50.318+0000] {processor.py:186} INFO - Started process (PID=642) to work on /home/airflow/.local/lib/python3.12/site-packages/airflow/example_dags/example_datasets.py
[2024-09-16T16:34:50.319+0000] {processor.py:914} INFO - Processing file /home/airflow/.local/lib/python3.12/site-packages/airflow/example_dags/example_datasets.py for tasks to queue
[2024-09-16T16:34:50.321+0000] {logging_mixin.py:190} INFO - [2024-09-16T16:34:50.321+0000] {dagbag.py:587} INFO - Filling up the DagBag from /home/airflow/.local/lib/python3.12/site-packages/airflow/example_dags/example_datasets.py
[2024-09-16T16:34:50.430+0000] {processor.py:925} INFO - DAG(s) 'dataset_consumes_1_and_2', 'conditional_dataset_and_time_based_timetable', 'consume_1_or_both_2_and_3_with_dataset_expressions', 'consume_1_and_2_with_dataset_expressions', 'dataset_produces_1', 'dataset_produces_2', 'dataset_consumes_1_never_scheduled', 'dataset_consumes_unknown_never_scheduled', 'dataset_consumes_1', 'consume_1_or_2_with_dataset_expressions' retrieved from /home/airflow/.local/lib/python3.12/site-packages/airflow/example_dags/example_datasets.py
[2024-09-16T16:34:50.467+0000] {logging_mixin.py:190} INFO - [2024-09-16T16:34:50.467+0000] {dag.py:3229} INFO - Sync 10 DAGs
[2024-09-16T16:34:50.487+0000] {logging_mixin.py:190} INFO - [2024-09-16T16:34:50.487+0000] {dag.py:4156} INFO - Setting next_dagrun for conditional_dataset_and_time_based_timetable to 2024-09-11 01:00:00+00:00, run_after=2024-09-11 01:00:00+00:00
[2024-09-16T16:34:50.491+0000] {logging_mixin.py:190} INFO - [2024-09-16T16:34:50.491+0000] {dag.py:4156} INFO - Setting next_dagrun for consume_1_and_2_with_dataset_expressions to None, run_after=None
[2024-09-16T16:34:50.493+0000] {logging_mixin.py:190} INFO - [2024-09-16T16:34:50.493+0000] {dag.py:4156} INFO - Setting next_dagrun for consume_1_or_2_with_dataset_expressions to None, run_after=None
[2024-09-16T16:34:50.494+0000] {logging_mixin.py:190} INFO - [2024-09-16T16:34:50.494+0000] {dag.py:4156} INFO - Setting next_dagrun for consume_1_or_both_2_and_3_with_dataset_expressions to None, run_after=None
[2024-09-16T16:34:50.496+0000] {logging_mixin.py:190} INFO - [2024-09-16T16:34:50.495+0000] {dag.py:4156} INFO - Setting next_dagrun for dataset_consumes_1 to None, run_after=None
[2024-09-16T16:34:50.497+0000] {logging_mixin.py:190} INFO - [2024-09-16T16:34:50.497+0000] {dag.py:4156} INFO - Setting next_dagrun for dataset_consumes_1_and_2 to None, run_after=None
[2024-09-16T16:34:50.498+0000] {logging_mixin.py:190} INFO - [2024-09-16T16:34:50.498+0000] {dag.py:4156} INFO - Setting next_dagrun for dataset_consumes_1_never_scheduled to None, run_after=None
[2024-09-16T16:34:50.500+0000] {logging_mixin.py:190} INFO - [2024-09-16T16:34:50.500+0000] {dag.py:4156} INFO - Setting next_dagrun for dataset_consumes_unknown_never_scheduled to None, run_after=None
[2024-09-16T16:34:50.502+0000] {logging_mixin.py:190} INFO - [2024-09-16T16:34:50.502+0000] {dag.py:4156} INFO - Setting next_dagrun for dataset_produces_1 to 2024-09-15 00:00:00+00:00, run_after=2024-09-16 00:00:00+00:00
[2024-09-16T16:34:50.504+0000] {logging_mixin.py:190} INFO - [2024-09-16T16:34:50.504+0000] {dag.py:4156} INFO - Setting next_dagrun for dataset_produces_2 to None, run_after=None
[2024-09-16T16:34:50.539+0000] {processor.py:208} INFO - Processing /home/airflow/.local/lib/python3.12/site-packages/airflow/example_dags/example_datasets.py took 0.227 seconds
[2024-09-16T16:35:20.900+0000] {processor.py:186} INFO - Started process (PID=705) to work on /home/airflow/.local/lib/python3.12/site-packages/airflow/example_dags/example_datasets.py
[2024-09-16T16:35:20.901+0000] {processor.py:914} INFO - Processing file /home/airflow/.local/lib/python3.12/site-packages/airflow/example_dags/example_datasets.py for tasks to queue
[2024-09-16T16:35:20.903+0000] {logging_mixin.py:190} INFO - [2024-09-16T16:35:20.902+0000] {dagbag.py:587} INFO - Filling up the DagBag from /home/airflow/.local/lib/python3.12/site-packages/airflow/example_dags/example_datasets.py
[2024-09-16T16:35:21.003+0000] {processor.py:925} INFO - DAG(s) 'consume_1_or_2_with_dataset_expressions', 'dataset_produces_1', 'consume_1_or_both_2_and_3_with_dataset_expressions', 'dataset_consumes_1', 'conditional_dataset_and_time_based_timetable', 'consume_1_and_2_with_dataset_expressions', 'dataset_consumes_unknown_never_scheduled', 'dataset_consumes_1_and_2', 'dataset_consumes_1_never_scheduled', 'dataset_produces_2' retrieved from /home/airflow/.local/lib/python3.12/site-packages/airflow/example_dags/example_datasets.py
[2024-09-16T16:35:21.039+0000] {logging_mixin.py:190} INFO - [2024-09-16T16:35:21.039+0000] {dag.py:3229} INFO - Sync 10 DAGs
[2024-09-16T16:35:21.058+0000] {logging_mixin.py:190} INFO - [2024-09-16T16:35:21.057+0000] {dag.py:4156} INFO - Setting next_dagrun for conditional_dataset_and_time_based_timetable to 2024-09-11 01:00:00+00:00, run_after=2024-09-11 01:00:00+00:00
[2024-09-16T16:35:21.061+0000] {logging_mixin.py:190} INFO - [2024-09-16T16:35:21.061+0000] {dag.py:4156} INFO - Setting next_dagrun for consume_1_and_2_with_dataset_expressions to None, run_after=None
[2024-09-16T16:35:21.063+0000] {logging_mixin.py:190} INFO - [2024-09-16T16:35:21.062+0000] {dag.py:4156} INFO - Setting next_dagrun for consume_1_or_2_with_dataset_expressions to None, run_after=None
[2024-09-16T16:35:21.064+0000] {logging_mixin.py:190} INFO - [2024-09-16T16:35:21.064+0000] {dag.py:4156} INFO - Setting next_dagrun for consume_1_or_both_2_and_3_with_dataset_expressions to None, run_after=None
[2024-09-16T16:35:21.065+0000] {logging_mixin.py:190} INFO - [2024-09-16T16:35:21.065+0000] {dag.py:4156} INFO - Setting next_dagrun for dataset_consumes_1 to None, run_after=None
[2024-09-16T16:35:21.068+0000] {logging_mixin.py:190} INFO - [2024-09-16T16:35:21.068+0000] {dag.py:4156} INFO - Setting next_dagrun for dataset_consumes_1_and_2 to None, run_after=None
[2024-09-16T16:35:21.069+0000] {logging_mixin.py:190} INFO - [2024-09-16T16:35:21.069+0000] {dag.py:4156} INFO - Setting next_dagrun for dataset_consumes_1_never_scheduled to None, run_after=None
[2024-09-16T16:35:21.070+0000] {logging_mixin.py:190} INFO - [2024-09-16T16:35:21.070+0000] {dag.py:4156} INFO - Setting next_dagrun for dataset_consumes_unknown_never_scheduled to None, run_after=None
[2024-09-16T16:35:21.072+0000] {logging_mixin.py:190} INFO - [2024-09-16T16:35:21.072+0000] {dag.py:4156} INFO - Setting next_dagrun for dataset_produces_1 to 2024-09-15 00:00:00+00:00, run_after=2024-09-16 00:00:00+00:00
[2024-09-16T16:35:21.073+0000] {logging_mixin.py:190} INFO - [2024-09-16T16:35:21.073+0000] {dag.py:4156} INFO - Setting next_dagrun for dataset_produces_2 to None, run_after=None
[2024-09-16T16:35:21.111+0000] {processor.py:208} INFO - Processing /home/airflow/.local/lib/python3.12/site-packages/airflow/example_dags/example_datasets.py took 0.217 seconds
[2024-09-16T16:35:51.352+0000] {processor.py:186} INFO - Started process (PID=767) to work on /home/airflow/.local/lib/python3.12/site-packages/airflow/example_dags/example_datasets.py
[2024-09-16T16:35:51.353+0000] {processor.py:914} INFO - Processing file /home/airflow/.local/lib/python3.12/site-packages/airflow/example_dags/example_datasets.py for tasks to queue
[2024-09-16T16:35:51.357+0000] {logging_mixin.py:190} INFO - [2024-09-16T16:35:51.357+0000] {dagbag.py:587} INFO - Filling up the DagBag from /home/airflow/.local/lib/python3.12/site-packages/airflow/example_dags/example_datasets.py
[2024-09-16T16:35:51.516+0000] {processor.py:925} INFO - DAG(s) 'dataset_consumes_1_and_2', 'dataset_produces_1', 'consume_1_or_both_2_and_3_with_dataset_expressions', 'consume_1_and_2_with_dataset_expressions', 'dataset_produces_2', 'conditional_dataset_and_time_based_timetable', 'consume_1_or_2_with_dataset_expressions', 'dataset_consumes_1_never_scheduled', 'dataset_consumes_1', 'dataset_consumes_unknown_never_scheduled' retrieved from /home/airflow/.local/lib/python3.12/site-packages/airflow/example_dags/example_datasets.py
[2024-09-16T16:35:51.565+0000] {logging_mixin.py:190} INFO - [2024-09-16T16:35:51.565+0000] {dag.py:3229} INFO - Sync 10 DAGs
[2024-09-16T16:35:51.592+0000] {logging_mixin.py:190} INFO - [2024-09-16T16:35:51.592+0000] {dag.py:4156} INFO - Setting next_dagrun for conditional_dataset_and_time_based_timetable to 2024-09-11 01:00:00+00:00, run_after=2024-09-11 01:00:00+00:00
[2024-09-16T16:35:51.596+0000] {logging_mixin.py:190} INFO - [2024-09-16T16:35:51.596+0000] {dag.py:4156} INFO - Setting next_dagrun for consume_1_and_2_with_dataset_expressions to None, run_after=None
[2024-09-16T16:35:51.598+0000] {logging_mixin.py:190} INFO - [2024-09-16T16:35:51.598+0000] {dag.py:4156} INFO - Setting next_dagrun for consume_1_or_2_with_dataset_expressions to None, run_after=None
[2024-09-16T16:35:51.599+0000] {logging_mixin.py:190} INFO - [2024-09-16T16:35:51.599+0000] {dag.py:4156} INFO - Setting next_dagrun for consume_1_or_both_2_and_3_with_dataset_expressions to None, run_after=None
[2024-09-16T16:35:51.601+0000] {logging_mixin.py:190} INFO - [2024-09-16T16:35:51.601+0000] {dag.py:4156} INFO - Setting next_dagrun for dataset_consumes_1 to None, run_after=None
[2024-09-16T16:35:51.603+0000] {logging_mixin.py:190} INFO - [2024-09-16T16:35:51.602+0000] {dag.py:4156} INFO - Setting next_dagrun for dataset_consumes_1_and_2 to None, run_after=None
[2024-09-16T16:35:51.604+0000] {logging_mixin.py:190} INFO - [2024-09-16T16:35:51.604+0000] {dag.py:4156} INFO - Setting next_dagrun for dataset_consumes_1_never_scheduled to None, run_after=None
[2024-09-16T16:35:51.606+0000] {logging_mixin.py:190} INFO - [2024-09-16T16:35:51.606+0000] {dag.py:4156} INFO - Setting next_dagrun for dataset_consumes_unknown_never_scheduled to None, run_after=None
[2024-09-16T16:35:51.608+0000] {logging_mixin.py:190} INFO - [2024-09-16T16:35:51.608+0000] {dag.py:4156} INFO - Setting next_dagrun for dataset_produces_1 to 2024-09-15 00:00:00+00:00, run_after=2024-09-16 00:00:00+00:00
[2024-09-16T16:35:51.610+0000] {logging_mixin.py:190} INFO - [2024-09-16T16:35:51.610+0000] {dag.py:4156} INFO - Setting next_dagrun for dataset_produces_2 to None, run_after=None
[2024-09-16T16:35:51.647+0000] {processor.py:208} INFO - Processing /home/airflow/.local/lib/python3.12/site-packages/airflow/example_dags/example_datasets.py took 0.301 seconds
[2024-09-16T16:36:21.729+0000] {processor.py:186} INFO - Started process (PID=829) to work on /home/airflow/.local/lib/python3.12/site-packages/airflow/example_dags/example_datasets.py
[2024-09-16T16:36:21.730+0000] {processor.py:914} INFO - Processing file /home/airflow/.local/lib/python3.12/site-packages/airflow/example_dags/example_datasets.py for tasks to queue
[2024-09-16T16:36:21.734+0000] {logging_mixin.py:190} INFO - [2024-09-16T16:36:21.734+0000] {dagbag.py:587} INFO - Filling up the DagBag from /home/airflow/.local/lib/python3.12/site-packages/airflow/example_dags/example_datasets.py
[2024-09-16T16:36:21.975+0000] {processor.py:925} INFO - DAG(s) 'dataset_produces_2', 'dataset_consumes_1_never_scheduled', 'dataset_produces_1', 'consume_1_and_2_with_dataset_expressions', 'dataset_consumes_unknown_never_scheduled', 'conditional_dataset_and_time_based_timetable', 'consume_1_or_2_with_dataset_expressions', 'dataset_consumes_1_and_2', 'dataset_consumes_1', 'consume_1_or_both_2_and_3_with_dataset_expressions' retrieved from /home/airflow/.local/lib/python3.12/site-packages/airflow/example_dags/example_datasets.py
[2024-09-16T16:36:22.034+0000] {logging_mixin.py:190} INFO - [2024-09-16T16:36:22.033+0000] {dag.py:3229} INFO - Sync 10 DAGs
[2024-09-16T16:36:22.073+0000] {logging_mixin.py:190} INFO - [2024-09-16T16:36:22.072+0000] {dag.py:4156} INFO - Setting next_dagrun for conditional_dataset_and_time_based_timetable to 2024-09-11 01:00:00+00:00, run_after=2024-09-11 01:00:00+00:00
[2024-09-16T16:36:22.078+0000] {logging_mixin.py:190} INFO - [2024-09-16T16:36:22.078+0000] {dag.py:4156} INFO - Setting next_dagrun for consume_1_and_2_with_dataset_expressions to None, run_after=None
[2024-09-16T16:36:22.080+0000] {logging_mixin.py:190} INFO - [2024-09-16T16:36:22.080+0000] {dag.py:4156} INFO - Setting next_dagrun for consume_1_or_2_with_dataset_expressions to None, run_after=None
[2024-09-16T16:36:22.082+0000] {logging_mixin.py:190} INFO - [2024-09-16T16:36:22.081+0000] {dag.py:4156} INFO - Setting next_dagrun for consume_1_or_both_2_and_3_with_dataset_expressions to None, run_after=None
[2024-09-16T16:36:22.084+0000] {logging_mixin.py:190} INFO - [2024-09-16T16:36:22.084+0000] {dag.py:4156} INFO - Setting next_dagrun for dataset_consumes_1 to None, run_after=None
[2024-09-16T16:36:22.086+0000] {logging_mixin.py:190} INFO - [2024-09-16T16:36:22.086+0000] {dag.py:4156} INFO - Setting next_dagrun for dataset_consumes_1_and_2 to None, run_after=None
[2024-09-16T16:36:22.089+0000] {logging_mixin.py:190} INFO - [2024-09-16T16:36:22.088+0000] {dag.py:4156} INFO - Setting next_dagrun for dataset_consumes_1_never_scheduled to None, run_after=None
[2024-09-16T16:36:22.091+0000] {logging_mixin.py:190} INFO - [2024-09-16T16:36:22.090+0000] {dag.py:4156} INFO - Setting next_dagrun for dataset_consumes_unknown_never_scheduled to None, run_after=None
[2024-09-16T16:36:22.095+0000] {logging_mixin.py:190} INFO - [2024-09-16T16:36:22.095+0000] {dag.py:4156} INFO - Setting next_dagrun for dataset_produces_1 to 2024-09-15 00:00:00+00:00, run_after=2024-09-16 00:00:00+00:00
[2024-09-16T16:36:22.097+0000] {logging_mixin.py:190} INFO - [2024-09-16T16:36:22.097+0000] {dag.py:4156} INFO - Setting next_dagrun for dataset_produces_2 to None, run_after=None
[2024-09-16T16:36:22.151+0000] {processor.py:208} INFO - Processing /home/airflow/.local/lib/python3.12/site-packages/airflow/example_dags/example_datasets.py took 0.432 seconds
[2024-09-16T16:36:52.956+0000] {processor.py:186} INFO - Started process (PID=891) to work on /home/airflow/.local/lib/python3.12/site-packages/airflow/example_dags/example_datasets.py
[2024-09-16T16:36:52.957+0000] {processor.py:914} INFO - Processing file /home/airflow/.local/lib/python3.12/site-packages/airflow/example_dags/example_datasets.py for tasks to queue
[2024-09-16T16:36:52.960+0000] {logging_mixin.py:190} INFO - [2024-09-16T16:36:52.960+0000] {dagbag.py:587} INFO - Filling up the DagBag from /home/airflow/.local/lib/python3.12/site-packages/airflow/example_dags/example_datasets.py
[2024-09-16T16:36:53.067+0000] {processor.py:925} INFO - DAG(s) 'consume_1_and_2_with_dataset_expressions', 'consume_1_or_both_2_and_3_with_dataset_expressions', 'conditional_dataset_and_time_based_timetable', 'dataset_consumes_unknown_never_scheduled', 'dataset_consumes_1_never_scheduled', 'dataset_consumes_1_and_2', 'dataset_consumes_1', 'consume_1_or_2_with_dataset_expressions', 'dataset_produces_2', 'dataset_produces_1' retrieved from /home/airflow/.local/lib/python3.12/site-packages/airflow/example_dags/example_datasets.py
[2024-09-16T16:36:53.107+0000] {logging_mixin.py:190} INFO - [2024-09-16T16:36:53.106+0000] {dag.py:3229} INFO - Sync 10 DAGs
[2024-09-16T16:36:53.129+0000] {logging_mixin.py:190} INFO - [2024-09-16T16:36:53.129+0000] {dag.py:4156} INFO - Setting next_dagrun for conditional_dataset_and_time_based_timetable to 2024-09-11 01:00:00+00:00, run_after=2024-09-11 01:00:00+00:00
[2024-09-16T16:36:53.133+0000] {logging_mixin.py:190} INFO - [2024-09-16T16:36:53.133+0000] {dag.py:4156} INFO - Setting next_dagrun for consume_1_and_2_with_dataset_expressions to None, run_after=None
[2024-09-16T16:36:53.136+0000] {logging_mixin.py:190} INFO - [2024-09-16T16:36:53.135+0000] {dag.py:4156} INFO - Setting next_dagrun for consume_1_or_2_with_dataset_expressions to None, run_after=None
[2024-09-16T16:36:53.138+0000] {logging_mixin.py:190} INFO - [2024-09-16T16:36:53.137+0000] {dag.py:4156} INFO - Setting next_dagrun for consume_1_or_both_2_and_3_with_dataset_expressions to None, run_after=None
[2024-09-16T16:36:53.139+0000] {logging_mixin.py:190} INFO - [2024-09-16T16:36:53.139+0000] {dag.py:4156} INFO - Setting next_dagrun for dataset_consumes_1 to None, run_after=None
[2024-09-16T16:36:53.141+0000] {logging_mixin.py:190} INFO - [2024-09-16T16:36:53.141+0000] {dag.py:4156} INFO - Setting next_dagrun for dataset_consumes_1_and_2 to None, run_after=None
[2024-09-16T16:36:53.143+0000] {logging_mixin.py:190} INFO - [2024-09-16T16:36:53.143+0000] {dag.py:4156} INFO - Setting next_dagrun for dataset_consumes_1_never_scheduled to None, run_after=None
[2024-09-16T16:36:53.144+0000] {logging_mixin.py:190} INFO - [2024-09-16T16:36:53.144+0000] {dag.py:4156} INFO - Setting next_dagrun for dataset_consumes_unknown_never_scheduled to None, run_after=None
[2024-09-16T16:36:53.147+0000] {logging_mixin.py:190} INFO - [2024-09-16T16:36:53.146+0000] {dag.py:4156} INFO - Setting next_dagrun for dataset_produces_1 to 2024-09-15 00:00:00+00:00, run_after=2024-09-16 00:00:00+00:00
[2024-09-16T16:36:53.148+0000] {logging_mixin.py:190} INFO - [2024-09-16T16:36:53.148+0000] {dag.py:4156} INFO - Setting next_dagrun for dataset_produces_2 to None, run_after=None
[2024-09-16T16:36:53.182+0000] {processor.py:208} INFO - Processing /home/airflow/.local/lib/python3.12/site-packages/airflow/example_dags/example_datasets.py took 0.229 seconds
[2024-09-16T16:37:23.370+0000] {processor.py:186} INFO - Started process (PID=953) to work on /home/airflow/.local/lib/python3.12/site-packages/airflow/example_dags/example_datasets.py
[2024-09-16T16:37:23.372+0000] {processor.py:914} INFO - Processing file /home/airflow/.local/lib/python3.12/site-packages/airflow/example_dags/example_datasets.py for tasks to queue
[2024-09-16T16:37:23.374+0000] {logging_mixin.py:190} INFO - [2024-09-16T16:37:23.374+0000] {dagbag.py:587} INFO - Filling up the DagBag from /home/airflow/.local/lib/python3.12/site-packages/airflow/example_dags/example_datasets.py
[2024-09-16T16:37:23.505+0000] {processor.py:925} INFO - DAG(s) 'consume_1_or_2_with_dataset_expressions', 'dataset_consumes_1', 'dataset_produces_2', 'dataset_consumes_1_and_2', 'dataset_consumes_1_never_scheduled', 'dataset_produces_1', 'consume_1_and_2_with_dataset_expressions', 'consume_1_or_both_2_and_3_with_dataset_expressions', 'dataset_consumes_unknown_never_scheduled', 'conditional_dataset_and_time_based_timetable' retrieved from /home/airflow/.local/lib/python3.12/site-packages/airflow/example_dags/example_datasets.py
[2024-09-16T16:37:23.545+0000] {logging_mixin.py:190} INFO - [2024-09-16T16:37:23.545+0000] {dag.py:3229} INFO - Sync 10 DAGs
[2024-09-16T16:37:23.569+0000] {logging_mixin.py:190} INFO - [2024-09-16T16:37:23.568+0000] {dag.py:4156} INFO - Setting next_dagrun for conditional_dataset_and_time_based_timetable to 2024-09-11 01:00:00+00:00, run_after=2024-09-11 01:00:00+00:00
[2024-09-16T16:37:23.572+0000] {logging_mixin.py:190} INFO - [2024-09-16T16:37:23.572+0000] {dag.py:4156} INFO - Setting next_dagrun for consume_1_and_2_with_dataset_expressions to None, run_after=None
[2024-09-16T16:37:23.574+0000] {logging_mixin.py:190} INFO - [2024-09-16T16:37:23.574+0000] {dag.py:4156} INFO - Setting next_dagrun for consume_1_or_2_with_dataset_expressions to None, run_after=None
[2024-09-16T16:37:23.576+0000] {logging_mixin.py:190} INFO - [2024-09-16T16:37:23.575+0000] {dag.py:4156} INFO - Setting next_dagrun for consume_1_or_both_2_and_3_with_dataset_expressions to None, run_after=None
[2024-09-16T16:37:23.577+0000] {logging_mixin.py:190} INFO - [2024-09-16T16:37:23.577+0000] {dag.py:4156} INFO - Setting next_dagrun for dataset_consumes_1 to None, run_after=None
[2024-09-16T16:37:23.578+0000] {logging_mixin.py:190} INFO - [2024-09-16T16:37:23.578+0000] {dag.py:4156} INFO - Setting next_dagrun for dataset_consumes_1_and_2 to None, run_after=None
[2024-09-16T16:37:23.580+0000] {logging_mixin.py:190} INFO - [2024-09-16T16:37:23.579+0000] {dag.py:4156} INFO - Setting next_dagrun for dataset_consumes_1_never_scheduled to None, run_after=None
[2024-09-16T16:37:23.581+0000] {logging_mixin.py:190} INFO - [2024-09-16T16:37:23.581+0000] {dag.py:4156} INFO - Setting next_dagrun for dataset_consumes_unknown_never_scheduled to None, run_after=None
[2024-09-16T16:37:23.583+0000] {logging_mixin.py:190} INFO - [2024-09-16T16:37:23.583+0000] {dag.py:4156} INFO - Setting next_dagrun for dataset_produces_1 to 2024-09-15 00:00:00+00:00, run_after=2024-09-16 00:00:00+00:00
[2024-09-16T16:37:23.584+0000] {logging_mixin.py:190} INFO - [2024-09-16T16:37:23.584+0000] {dag.py:4156} INFO - Setting next_dagrun for dataset_produces_2 to None, run_after=None
[2024-09-16T16:37:23.617+0000] {processor.py:208} INFO - Processing /home/airflow/.local/lib/python3.12/site-packages/airflow/example_dags/example_datasets.py took 0.251 seconds
