[2024-09-16T16:25:42.514+0000] {processor.py:186} INFO - Started process (PID=89) to work on /home/airflow/.local/lib/python3.12/site-packages/airflow/example_dags/example_dataset_alias.py
[2024-09-16T16:25:42.516+0000] {processor.py:914} INFO - Processing file /home/airflow/.local/lib/python3.12/site-packages/airflow/example_dags/example_dataset_alias.py for tasks to queue
[2024-09-16T16:25:42.520+0000] {logging_mixin.py:190} INFO - [2024-09-16T16:25:42.519+0000] {dagbag.py:587} INFO - Filling up the DagBag from /home/airflow/.local/lib/python3.12/site-packages/airflow/example_dags/example_dataset_alias.py
[2024-09-16T16:25:42.807+0000] {processor.py:925} INFO - DAG(s) 'dataset_alias_example_alias_producer', 'dataset_alias_example_alias_consumer', 'dataset_s3_bucket_producer', 'dataset_s3_bucket_consumer' retrieved from /home/airflow/.local/lib/python3.12/site-packages/airflow/example_dags/example_dataset_alias.py
[2024-09-16T16:25:42.960+0000] {logging_mixin.py:190} INFO - [2024-09-16T16:25:42.959+0000] {override.py:1900} INFO - Created Permission View: can edit on DAG:dataset_alias_example_alias_producer
[2024-09-16T16:25:42.976+0000] {logging_mixin.py:190} INFO - [2024-09-16T16:25:42.975+0000] {override.py:1900} INFO - Created Permission View: can delete on DAG:dataset_alias_example_alias_producer
[2024-09-16T16:25:42.986+0000] {logging_mixin.py:190} INFO - [2024-09-16T16:25:42.985+0000] {override.py:1900} INFO - Created Permission View: can read on DAG:dataset_alias_example_alias_producer
[2024-09-16T16:25:42.998+0000] {logging_mixin.py:190} INFO - [2024-09-16T16:25:42.997+0000] {override.py:1900} INFO - Created Permission View: can delete on DAG Run:dataset_alias_example_alias_producer
[2024-09-16T16:25:43.013+0000] {logging_mixin.py:190} INFO - [2024-09-16T16:25:43.012+0000] {override.py:1900} INFO - Created Permission View: can create on DAG Run:dataset_alias_example_alias_producer
[2024-09-16T16:25:43.031+0000] {logging_mixin.py:190} INFO - [2024-09-16T16:25:43.031+0000] {override.py:1900} INFO - Created Permission View: menu access on DAG Run:dataset_alias_example_alias_producer
[2024-09-16T16:25:43.058+0000] {logging_mixin.py:190} INFO - [2024-09-16T16:25:43.057+0000] {override.py:1900} INFO - Created Permission View: can read on DAG Run:dataset_alias_example_alias_producer
[2024-09-16T16:25:43.123+0000] {logging_mixin.py:190} INFO - [2024-09-16T16:25:43.123+0000] {override.py:1900} INFO - Created Permission View: can edit on DAG:dataset_alias_example_alias_consumer
[2024-09-16T16:25:43.145+0000] {logging_mixin.py:190} INFO - [2024-09-16T16:25:43.145+0000] {override.py:1900} INFO - Created Permission View: can delete on DAG:dataset_alias_example_alias_consumer
[2024-09-16T16:25:43.166+0000] {logging_mixin.py:190} INFO - [2024-09-16T16:25:43.163+0000] {override.py:1900} INFO - Created Permission View: can read on DAG:dataset_alias_example_alias_consumer
[2024-09-16T16:25:43.181+0000] {logging_mixin.py:190} INFO - [2024-09-16T16:25:43.181+0000] {override.py:1900} INFO - Created Permission View: can delete on DAG Run:dataset_alias_example_alias_consumer
[2024-09-16T16:25:43.200+0000] {logging_mixin.py:190} INFO - [2024-09-16T16:25:43.199+0000] {override.py:1900} INFO - Created Permission View: can create on DAG Run:dataset_alias_example_alias_consumer
[2024-09-16T16:25:43.211+0000] {logging_mixin.py:190} INFO - [2024-09-16T16:25:43.211+0000] {override.py:1900} INFO - Created Permission View: menu access on DAG Run:dataset_alias_example_alias_consumer
[2024-09-16T16:25:43.221+0000] {logging_mixin.py:190} INFO - [2024-09-16T16:25:43.221+0000] {override.py:1900} INFO - Created Permission View: can read on DAG Run:dataset_alias_example_alias_consumer
[2024-09-16T16:25:43.237+0000] {logging_mixin.py:190} INFO - [2024-09-16T16:25:43.236+0000] {override.py:1900} INFO - Created Permission View: can edit on DAG:dataset_s3_bucket_producer
[2024-09-16T16:25:43.247+0000] {logging_mixin.py:190} INFO - [2024-09-16T16:25:43.246+0000] {override.py:1900} INFO - Created Permission View: can delete on DAG:dataset_s3_bucket_producer
[2024-09-16T16:25:43.257+0000] {logging_mixin.py:190} INFO - [2024-09-16T16:25:43.257+0000] {override.py:1900} INFO - Created Permission View: can read on DAG:dataset_s3_bucket_producer
[2024-09-16T16:25:43.267+0000] {logging_mixin.py:190} INFO - [2024-09-16T16:25:43.267+0000] {override.py:1900} INFO - Created Permission View: can delete on DAG Run:dataset_s3_bucket_producer
[2024-09-16T16:25:43.277+0000] {logging_mixin.py:190} INFO - [2024-09-16T16:25:43.277+0000] {override.py:1900} INFO - Created Permission View: can create on DAG Run:dataset_s3_bucket_producer
[2024-09-16T16:25:43.287+0000] {logging_mixin.py:190} INFO - [2024-09-16T16:25:43.287+0000] {override.py:1900} INFO - Created Permission View: menu access on DAG Run:dataset_s3_bucket_producer
[2024-09-16T16:25:43.299+0000] {logging_mixin.py:190} INFO - [2024-09-16T16:25:43.299+0000] {override.py:1900} INFO - Created Permission View: can read on DAG Run:dataset_s3_bucket_producer
[2024-09-16T16:25:43.318+0000] {logging_mixin.py:190} INFO - [2024-09-16T16:25:43.317+0000] {override.py:1900} INFO - Created Permission View: can edit on DAG:dataset_s3_bucket_consumer
[2024-09-16T16:25:43.327+0000] {logging_mixin.py:190} INFO - [2024-09-16T16:25:43.327+0000] {override.py:1900} INFO - Created Permission View: can delete on DAG:dataset_s3_bucket_consumer
[2024-09-16T16:25:43.336+0000] {logging_mixin.py:190} INFO - [2024-09-16T16:25:43.335+0000] {override.py:1900} INFO - Created Permission View: can read on DAG:dataset_s3_bucket_consumer
[2024-09-16T16:25:43.344+0000] {logging_mixin.py:190} INFO - [2024-09-16T16:25:43.344+0000] {override.py:1900} INFO - Created Permission View: can delete on DAG Run:dataset_s3_bucket_consumer
[2024-09-16T16:25:43.352+0000] {logging_mixin.py:190} INFO - [2024-09-16T16:25:43.351+0000] {override.py:1900} INFO - Created Permission View: can create on DAG Run:dataset_s3_bucket_consumer
[2024-09-16T16:25:43.361+0000] {logging_mixin.py:190} INFO - [2024-09-16T16:25:43.361+0000] {override.py:1900} INFO - Created Permission View: menu access on DAG Run:dataset_s3_bucket_consumer
[2024-09-16T16:25:43.369+0000] {logging_mixin.py:190} INFO - [2024-09-16T16:25:43.369+0000] {override.py:1900} INFO - Created Permission View: can read on DAG Run:dataset_s3_bucket_consumer
[2024-09-16T16:25:43.370+0000] {logging_mixin.py:190} INFO - [2024-09-16T16:25:43.370+0000] {dag.py:3229} INFO - Sync 4 DAGs
[2024-09-16T16:25:43.387+0000] {logging_mixin.py:190} INFO - [2024-09-16T16:25:43.387+0000] {dag.py:3252} INFO - Creating ORM DAG for dataset_s3_bucket_consumer
[2024-09-16T16:25:43.388+0000] {logging_mixin.py:190} INFO - [2024-09-16T16:25:43.388+0000] {dag.py:3252} INFO - Creating ORM DAG for dataset_s3_bucket_producer
[2024-09-16T16:25:43.389+0000] {logging_mixin.py:190} INFO - [2024-09-16T16:25:43.389+0000] {dag.py:3252} INFO - Creating ORM DAG for dataset_alias_example_alias_producer
[2024-09-16T16:25:43.390+0000] {logging_mixin.py:190} INFO - [2024-09-16T16:25:43.390+0000] {dag.py:3252} INFO - Creating ORM DAG for dataset_alias_example_alias_consumer
[2024-09-16T16:25:43.401+0000] {logging_mixin.py:190} INFO - [2024-09-16T16:25:43.401+0000] {dag.py:4156} INFO - Setting next_dagrun for dataset_alias_example_alias_consumer to None, run_after=None
[2024-09-16T16:25:43.403+0000] {logging_mixin.py:190} INFO - [2024-09-16T16:25:43.403+0000] {dag.py:4156} INFO - Setting next_dagrun for dataset_alias_example_alias_producer to None, run_after=None
[2024-09-16T16:25:43.404+0000] {logging_mixin.py:190} INFO - [2024-09-16T16:25:43.404+0000] {dag.py:4156} INFO - Setting next_dagrun for dataset_s3_bucket_consumer to None, run_after=None
[2024-09-16T16:25:43.405+0000] {logging_mixin.py:190} INFO - [2024-09-16T16:25:43.405+0000] {dag.py:4156} INFO - Setting next_dagrun for dataset_s3_bucket_producer to None, run_after=None
[2024-09-16T16:25:43.440+0000] {processor.py:208} INFO - Processing /home/airflow/.local/lib/python3.12/site-packages/airflow/example_dags/example_dataset_alias.py took 0.935 seconds
[2024-09-16T16:26:13.559+0000] {processor.py:186} INFO - Started process (PID=151) to work on /home/airflow/.local/lib/python3.12/site-packages/airflow/example_dags/example_dataset_alias.py
[2024-09-16T16:26:13.560+0000] {processor.py:914} INFO - Processing file /home/airflow/.local/lib/python3.12/site-packages/airflow/example_dags/example_dataset_alias.py for tasks to queue
[2024-09-16T16:26:13.563+0000] {logging_mixin.py:190} INFO - [2024-09-16T16:26:13.562+0000] {dagbag.py:587} INFO - Filling up the DagBag from /home/airflow/.local/lib/python3.12/site-packages/airflow/example_dags/example_dataset_alias.py
[2024-09-16T16:26:13.719+0000] {processor.py:925} INFO - DAG(s) 'dataset_alias_example_alias_producer', 'dataset_s3_bucket_producer', 'dataset_s3_bucket_consumer', 'dataset_alias_example_alias_consumer' retrieved from /home/airflow/.local/lib/python3.12/site-packages/airflow/example_dags/example_dataset_alias.py
[2024-09-16T16:26:13.740+0000] {logging_mixin.py:190} INFO - [2024-09-16T16:26:13.740+0000] {dag.py:3229} INFO - Sync 4 DAGs
[2024-09-16T16:26:13.765+0000] {logging_mixin.py:190} INFO - [2024-09-16T16:26:13.764+0000] {dag.py:4156} INFO - Setting next_dagrun for dataset_alias_example_alias_consumer to None, run_after=None
[2024-09-16T16:26:13.767+0000] {logging_mixin.py:190} INFO - [2024-09-16T16:26:13.767+0000] {dag.py:4156} INFO - Setting next_dagrun for dataset_alias_example_alias_producer to None, run_after=None
[2024-09-16T16:26:13.769+0000] {logging_mixin.py:190} INFO - [2024-09-16T16:26:13.769+0000] {dag.py:4156} INFO - Setting next_dagrun for dataset_s3_bucket_consumer to None, run_after=None
[2024-09-16T16:26:13.770+0000] {logging_mixin.py:190} INFO - [2024-09-16T16:26:13.770+0000] {dag.py:4156} INFO - Setting next_dagrun for dataset_s3_bucket_producer to None, run_after=None
[2024-09-16T16:26:13.791+0000] {processor.py:208} INFO - Processing /home/airflow/.local/lib/python3.12/site-packages/airflow/example_dags/example_dataset_alias.py took 0.238 seconds
[2024-09-16T16:26:45.610+0000] {processor.py:186} INFO - Started process (PID=213) to work on /home/airflow/.local/lib/python3.12/site-packages/airflow/example_dags/example_dataset_alias.py
[2024-09-16T16:26:45.612+0000] {processor.py:914} INFO - Processing file /home/airflow/.local/lib/python3.12/site-packages/airflow/example_dags/example_dataset_alias.py for tasks to queue
[2024-09-16T16:26:45.616+0000] {logging_mixin.py:190} INFO - [2024-09-16T16:26:45.615+0000] {dagbag.py:587} INFO - Filling up the DagBag from /home/airflow/.local/lib/python3.12/site-packages/airflow/example_dags/example_dataset_alias.py
[2024-09-16T16:26:45.912+0000] {processor.py:925} INFO - DAG(s) 'dataset_alias_example_alias_producer', 'dataset_alias_example_alias_consumer', 'dataset_s3_bucket_consumer', 'dataset_s3_bucket_producer' retrieved from /home/airflow/.local/lib/python3.12/site-packages/airflow/example_dags/example_dataset_alias.py
[2024-09-16T16:26:45.948+0000] {logging_mixin.py:190} INFO - [2024-09-16T16:26:45.947+0000] {dag.py:3229} INFO - Sync 4 DAGs
[2024-09-16T16:26:46.012+0000] {logging_mixin.py:190} INFO - [2024-09-16T16:26:46.011+0000] {dag.py:4156} INFO - Setting next_dagrun for dataset_alias_example_alias_consumer to None, run_after=None
[2024-09-16T16:26:46.019+0000] {logging_mixin.py:190} INFO - [2024-09-16T16:26:46.019+0000] {dag.py:4156} INFO - Setting next_dagrun for dataset_alias_example_alias_producer to None, run_after=None
[2024-09-16T16:26:46.032+0000] {logging_mixin.py:190} INFO - [2024-09-16T16:26:46.032+0000] {dag.py:4156} INFO - Setting next_dagrun for dataset_s3_bucket_consumer to None, run_after=None
[2024-09-16T16:26:46.038+0000] {logging_mixin.py:190} INFO - [2024-09-16T16:26:46.038+0000] {dag.py:4156} INFO - Setting next_dagrun for dataset_s3_bucket_producer to None, run_after=None
[2024-09-16T16:26:46.094+0000] {processor.py:208} INFO - Processing /home/airflow/.local/lib/python3.12/site-packages/airflow/example_dags/example_dataset_alias.py took 0.494 seconds
[2024-09-16T16:27:16.871+0000] {processor.py:186} INFO - Started process (PID=275) to work on /home/airflow/.local/lib/python3.12/site-packages/airflow/example_dags/example_dataset_alias.py
[2024-09-16T16:27:16.874+0000] {processor.py:914} INFO - Processing file /home/airflow/.local/lib/python3.12/site-packages/airflow/example_dags/example_dataset_alias.py for tasks to queue
[2024-09-16T16:27:16.878+0000] {logging_mixin.py:190} INFO - [2024-09-16T16:27:16.878+0000] {dagbag.py:587} INFO - Filling up the DagBag from /home/airflow/.local/lib/python3.12/site-packages/airflow/example_dags/example_dataset_alias.py
[2024-09-16T16:27:17.134+0000] {processor.py:925} INFO - DAG(s) 'dataset_alias_example_alias_producer', 'dataset_alias_example_alias_consumer', 'dataset_s3_bucket_producer', 'dataset_s3_bucket_consumer' retrieved from /home/airflow/.local/lib/python3.12/site-packages/airflow/example_dags/example_dataset_alias.py
[2024-09-16T16:27:17.169+0000] {logging_mixin.py:190} INFO - [2024-09-16T16:27:17.168+0000] {dag.py:3229} INFO - Sync 4 DAGs
[2024-09-16T16:27:17.207+0000] {logging_mixin.py:190} INFO - [2024-09-16T16:27:17.207+0000] {dag.py:4156} INFO - Setting next_dagrun for dataset_alias_example_alias_consumer to None, run_after=None
[2024-09-16T16:27:17.212+0000] {logging_mixin.py:190} INFO - [2024-09-16T16:27:17.212+0000] {dag.py:4156} INFO - Setting next_dagrun for dataset_alias_example_alias_producer to None, run_after=None
[2024-09-16T16:27:17.215+0000] {logging_mixin.py:190} INFO - [2024-09-16T16:27:17.214+0000] {dag.py:4156} INFO - Setting next_dagrun for dataset_s3_bucket_consumer to None, run_after=None
[2024-09-16T16:27:17.216+0000] {logging_mixin.py:190} INFO - [2024-09-16T16:27:17.216+0000] {dag.py:4156} INFO - Setting next_dagrun for dataset_s3_bucket_producer to None, run_after=None
[2024-09-16T16:27:17.246+0000] {processor.py:208} INFO - Processing /home/airflow/.local/lib/python3.12/site-packages/airflow/example_dags/example_dataset_alias.py took 0.385 seconds
[2024-09-16T16:27:50.989+0000] {processor.py:186} INFO - Started process (PID=337) to work on /home/airflow/.local/lib/python3.12/site-packages/airflow/example_dags/example_dataset_alias.py
[2024-09-16T16:27:50.993+0000] {processor.py:914} INFO - Processing file /home/airflow/.local/lib/python3.12/site-packages/airflow/example_dags/example_dataset_alias.py for tasks to queue
[2024-09-16T16:27:50.998+0000] {logging_mixin.py:190} INFO - [2024-09-16T16:27:50.997+0000] {dagbag.py:587} INFO - Filling up the DagBag from /home/airflow/.local/lib/python3.12/site-packages/airflow/example_dags/example_dataset_alias.py
[2024-09-16T16:27:51.458+0000] {processor.py:925} INFO - DAG(s) 'dataset_alias_example_alias_producer', 'dataset_s3_bucket_consumer', 'dataset_alias_example_alias_consumer', 'dataset_s3_bucket_producer' retrieved from /home/airflow/.local/lib/python3.12/site-packages/airflow/example_dags/example_dataset_alias.py
[2024-09-16T16:27:51.514+0000] {logging_mixin.py:190} INFO - [2024-09-16T16:27:51.513+0000] {dag.py:3229} INFO - Sync 4 DAGs
[2024-09-16T16:27:51.589+0000] {logging_mixin.py:190} INFO - [2024-09-16T16:27:51.589+0000] {dag.py:4156} INFO - Setting next_dagrun for dataset_alias_example_alias_consumer to None, run_after=None
[2024-09-16T16:27:51.596+0000] {logging_mixin.py:190} INFO - [2024-09-16T16:27:51.595+0000] {dag.py:4156} INFO - Setting next_dagrun for dataset_alias_example_alias_producer to None, run_after=None
[2024-09-16T16:27:51.598+0000] {logging_mixin.py:190} INFO - [2024-09-16T16:27:51.598+0000] {dag.py:4156} INFO - Setting next_dagrun for dataset_s3_bucket_consumer to None, run_after=None
[2024-09-16T16:27:51.607+0000] {logging_mixin.py:190} INFO - [2024-09-16T16:27:51.606+0000] {dag.py:4156} INFO - Setting next_dagrun for dataset_s3_bucket_producer to None, run_after=None
[2024-09-16T16:27:51.656+0000] {processor.py:208} INFO - Processing /home/airflow/.local/lib/python3.12/site-packages/airflow/example_dags/example_dataset_alias.py took 0.678 seconds
[2024-09-16T16:28:22.271+0000] {processor.py:186} INFO - Started process (PID=400) to work on /home/airflow/.local/lib/python3.12/site-packages/airflow/example_dags/example_dataset_alias.py
[2024-09-16T16:28:22.273+0000] {processor.py:914} INFO - Processing file /home/airflow/.local/lib/python3.12/site-packages/airflow/example_dags/example_dataset_alias.py for tasks to queue
[2024-09-16T16:28:22.278+0000] {logging_mixin.py:190} INFO - [2024-09-16T16:28:22.277+0000] {dagbag.py:587} INFO - Filling up the DagBag from /home/airflow/.local/lib/python3.12/site-packages/airflow/example_dags/example_dataset_alias.py
[2024-09-16T16:28:22.557+0000] {processor.py:925} INFO - DAG(s) 'dataset_s3_bucket_producer', 'dataset_s3_bucket_consumer', 'dataset_alias_example_alias_consumer', 'dataset_alias_example_alias_producer' retrieved from /home/airflow/.local/lib/python3.12/site-packages/airflow/example_dags/example_dataset_alias.py
[2024-09-16T16:28:22.613+0000] {logging_mixin.py:190} INFO - [2024-09-16T16:28:22.612+0000] {dag.py:3229} INFO - Sync 4 DAGs
[2024-09-16T16:28:22.663+0000] {logging_mixin.py:190} INFO - [2024-09-16T16:28:22.663+0000] {dag.py:4156} INFO - Setting next_dagrun for dataset_alias_example_alias_consumer to None, run_after=None
[2024-09-16T16:28:22.668+0000] {logging_mixin.py:190} INFO - [2024-09-16T16:28:22.667+0000] {dag.py:4156} INFO - Setting next_dagrun for dataset_alias_example_alias_producer to None, run_after=None
[2024-09-16T16:28:22.672+0000] {logging_mixin.py:190} INFO - [2024-09-16T16:28:22.672+0000] {dag.py:4156} INFO - Setting next_dagrun for dataset_s3_bucket_consumer to None, run_after=None
[2024-09-16T16:28:22.674+0000] {logging_mixin.py:190} INFO - [2024-09-16T16:28:22.674+0000] {dag.py:4156} INFO - Setting next_dagrun for dataset_s3_bucket_producer to None, run_after=None
[2024-09-16T16:28:22.713+0000] {processor.py:208} INFO - Processing /home/airflow/.local/lib/python3.12/site-packages/airflow/example_dags/example_dataset_alias.py took 0.452 seconds
[2024-09-16T16:30:16.013+0000] {processor.py:186} INFO - Started process (PID=86) to work on /home/airflow/.local/lib/python3.12/site-packages/airflow/example_dags/example_dataset_alias.py
[2024-09-16T16:30:16.014+0000] {processor.py:914} INFO - Processing file /home/airflow/.local/lib/python3.12/site-packages/airflow/example_dags/example_dataset_alias.py for tasks to queue
[2024-09-16T16:30:16.018+0000] {logging_mixin.py:190} INFO - [2024-09-16T16:30:16.017+0000] {dagbag.py:587} INFO - Filling up the DagBag from /home/airflow/.local/lib/python3.12/site-packages/airflow/example_dags/example_dataset_alias.py
[2024-09-16T16:30:16.242+0000] {processor.py:925} INFO - DAG(s) 'dataset_alias_example_alias_consumer', 'dataset_s3_bucket_producer', 'dataset_s3_bucket_consumer', 'dataset_alias_example_alias_producer' retrieved from /home/airflow/.local/lib/python3.12/site-packages/airflow/example_dags/example_dataset_alias.py
[2024-09-16T16:30:16.274+0000] {logging_mixin.py:190} INFO - [2024-09-16T16:30:16.274+0000] {dag.py:3229} INFO - Sync 4 DAGs
[2024-09-16T16:30:16.305+0000] {logging_mixin.py:190} INFO - [2024-09-16T16:30:16.305+0000] {dag.py:4156} INFO - Setting next_dagrun for dataset_alias_example_alias_consumer to None, run_after=None
[2024-09-16T16:30:16.309+0000] {logging_mixin.py:190} INFO - [2024-09-16T16:30:16.309+0000] {dag.py:4156} INFO - Setting next_dagrun for dataset_alias_example_alias_producer to None, run_after=None
[2024-09-16T16:30:16.311+0000] {logging_mixin.py:190} INFO - [2024-09-16T16:30:16.311+0000] {dag.py:4156} INFO - Setting next_dagrun for dataset_s3_bucket_consumer to None, run_after=None
[2024-09-16T16:30:16.313+0000] {logging_mixin.py:190} INFO - [2024-09-16T16:30:16.313+0000] {dag.py:4156} INFO - Setting next_dagrun for dataset_s3_bucket_producer to None, run_after=None
[2024-09-16T16:30:16.344+0000] {processor.py:208} INFO - Processing /home/airflow/.local/lib/python3.12/site-packages/airflow/example_dags/example_dataset_alias.py took 0.339 seconds
[2024-09-16T16:30:46.465+0000] {processor.py:186} INFO - Started process (PID=149) to work on /home/airflow/.local/lib/python3.12/site-packages/airflow/example_dags/example_dataset_alias.py
[2024-09-16T16:30:46.466+0000] {processor.py:914} INFO - Processing file /home/airflow/.local/lib/python3.12/site-packages/airflow/example_dags/example_dataset_alias.py for tasks to queue
[2024-09-16T16:30:46.468+0000] {logging_mixin.py:190} INFO - [2024-09-16T16:30:46.468+0000] {dagbag.py:587} INFO - Filling up the DagBag from /home/airflow/.local/lib/python3.12/site-packages/airflow/example_dags/example_dataset_alias.py
[2024-09-16T16:30:46.579+0000] {processor.py:925} INFO - DAG(s) 'dataset_s3_bucket_producer', 'dataset_s3_bucket_consumer', 'dataset_alias_example_alias_consumer', 'dataset_alias_example_alias_producer' retrieved from /home/airflow/.local/lib/python3.12/site-packages/airflow/example_dags/example_dataset_alias.py
[2024-09-16T16:30:46.597+0000] {logging_mixin.py:190} INFO - [2024-09-16T16:30:46.596+0000] {dag.py:3229} INFO - Sync 4 DAGs
[2024-09-16T16:30:46.612+0000] {logging_mixin.py:190} INFO - [2024-09-16T16:30:46.612+0000] {dag.py:4156} INFO - Setting next_dagrun for dataset_alias_example_alias_consumer to None, run_after=None
[2024-09-16T16:30:46.614+0000] {logging_mixin.py:190} INFO - [2024-09-16T16:30:46.614+0000] {dag.py:4156} INFO - Setting next_dagrun for dataset_alias_example_alias_producer to None, run_after=None
[2024-09-16T16:30:46.616+0000] {logging_mixin.py:190} INFO - [2024-09-16T16:30:46.615+0000] {dag.py:4156} INFO - Setting next_dagrun for dataset_s3_bucket_consumer to None, run_after=None
[2024-09-16T16:30:46.617+0000] {logging_mixin.py:190} INFO - [2024-09-16T16:30:46.617+0000] {dag.py:4156} INFO - Setting next_dagrun for dataset_s3_bucket_producer to None, run_after=None
[2024-09-16T16:30:46.640+0000] {processor.py:208} INFO - Processing /home/airflow/.local/lib/python3.12/site-packages/airflow/example_dags/example_dataset_alias.py took 0.179 seconds
[2024-09-16T16:31:17.262+0000] {processor.py:186} INFO - Started process (PID=211) to work on /home/airflow/.local/lib/python3.12/site-packages/airflow/example_dags/example_dataset_alias.py
[2024-09-16T16:31:17.264+0000] {processor.py:914} INFO - Processing file /home/airflow/.local/lib/python3.12/site-packages/airflow/example_dags/example_dataset_alias.py for tasks to queue
[2024-09-16T16:31:17.266+0000] {logging_mixin.py:190} INFO - [2024-09-16T16:31:17.266+0000] {dagbag.py:587} INFO - Filling up the DagBag from /home/airflow/.local/lib/python3.12/site-packages/airflow/example_dags/example_dataset_alias.py
[2024-09-16T16:31:17.393+0000] {processor.py:925} INFO - DAG(s) 'dataset_s3_bucket_consumer', 'dataset_alias_example_alias_consumer', 'dataset_s3_bucket_producer', 'dataset_alias_example_alias_producer' retrieved from /home/airflow/.local/lib/python3.12/site-packages/airflow/example_dags/example_dataset_alias.py
[2024-09-16T16:31:17.414+0000] {logging_mixin.py:190} INFO - [2024-09-16T16:31:17.413+0000] {dag.py:3229} INFO - Sync 4 DAGs
[2024-09-16T16:31:17.431+0000] {logging_mixin.py:190} INFO - [2024-09-16T16:31:17.431+0000] {dag.py:4156} INFO - Setting next_dagrun for dataset_alias_example_alias_consumer to None, run_after=None
[2024-09-16T16:31:17.434+0000] {logging_mixin.py:190} INFO - [2024-09-16T16:31:17.434+0000] {dag.py:4156} INFO - Setting next_dagrun for dataset_alias_example_alias_producer to None, run_after=None
[2024-09-16T16:31:17.435+0000] {logging_mixin.py:190} INFO - [2024-09-16T16:31:17.435+0000] {dag.py:4156} INFO - Setting next_dagrun for dataset_s3_bucket_consumer to None, run_after=None
[2024-09-16T16:31:17.437+0000] {logging_mixin.py:190} INFO - [2024-09-16T16:31:17.436+0000] {dag.py:4156} INFO - Setting next_dagrun for dataset_s3_bucket_producer to None, run_after=None
[2024-09-16T16:31:17.463+0000] {processor.py:208} INFO - Processing /home/airflow/.local/lib/python3.12/site-packages/airflow/example_dags/example_dataset_alias.py took 0.205 seconds
[2024-09-16T16:31:47.621+0000] {processor.py:186} INFO - Started process (PID=273) to work on /home/airflow/.local/lib/python3.12/site-packages/airflow/example_dags/example_dataset_alias.py
[2024-09-16T16:31:47.622+0000] {processor.py:914} INFO - Processing file /home/airflow/.local/lib/python3.12/site-packages/airflow/example_dags/example_dataset_alias.py for tasks to queue
[2024-09-16T16:31:47.624+0000] {logging_mixin.py:190} INFO - [2024-09-16T16:31:47.623+0000] {dagbag.py:587} INFO - Filling up the DagBag from /home/airflow/.local/lib/python3.12/site-packages/airflow/example_dags/example_dataset_alias.py
[2024-09-16T16:31:47.739+0000] {processor.py:925} INFO - DAG(s) 'dataset_alias_example_alias_producer', 'dataset_s3_bucket_consumer', 'dataset_alias_example_alias_consumer', 'dataset_s3_bucket_producer' retrieved from /home/airflow/.local/lib/python3.12/site-packages/airflow/example_dags/example_dataset_alias.py
[2024-09-16T16:31:47.758+0000] {logging_mixin.py:190} INFO - [2024-09-16T16:31:47.757+0000] {dag.py:3229} INFO - Sync 4 DAGs
[2024-09-16T16:31:47.774+0000] {logging_mixin.py:190} INFO - [2024-09-16T16:31:47.774+0000] {dag.py:4156} INFO - Setting next_dagrun for dataset_alias_example_alias_consumer to None, run_after=None
[2024-09-16T16:31:47.777+0000] {logging_mixin.py:190} INFO - [2024-09-16T16:31:47.777+0000] {dag.py:4156} INFO - Setting next_dagrun for dataset_alias_example_alias_producer to None, run_after=None
[2024-09-16T16:31:47.778+0000] {logging_mixin.py:190} INFO - [2024-09-16T16:31:47.778+0000] {dag.py:4156} INFO - Setting next_dagrun for dataset_s3_bucket_consumer to None, run_after=None
[2024-09-16T16:31:47.780+0000] {logging_mixin.py:190} INFO - [2024-09-16T16:31:47.779+0000] {dag.py:4156} INFO - Setting next_dagrun for dataset_s3_bucket_producer to None, run_after=None
[2024-09-16T16:31:47.800+0000] {processor.py:208} INFO - Processing /home/airflow/.local/lib/python3.12/site-packages/airflow/example_dags/example_dataset_alias.py took 0.184 seconds
[2024-09-16T16:32:17.989+0000] {processor.py:186} INFO - Started process (PID=335) to work on /home/airflow/.local/lib/python3.12/site-packages/airflow/example_dags/example_dataset_alias.py
[2024-09-16T16:32:17.990+0000] {processor.py:914} INFO - Processing file /home/airflow/.local/lib/python3.12/site-packages/airflow/example_dags/example_dataset_alias.py for tasks to queue
[2024-09-16T16:32:17.992+0000] {logging_mixin.py:190} INFO - [2024-09-16T16:32:17.991+0000] {dagbag.py:587} INFO - Filling up the DagBag from /home/airflow/.local/lib/python3.12/site-packages/airflow/example_dags/example_dataset_alias.py
[2024-09-16T16:32:18.118+0000] {processor.py:925} INFO - DAG(s) 'dataset_s3_bucket_producer', 'dataset_alias_example_alias_consumer', 'dataset_s3_bucket_consumer', 'dataset_alias_example_alias_producer' retrieved from /home/airflow/.local/lib/python3.12/site-packages/airflow/example_dags/example_dataset_alias.py
[2024-09-16T16:32:18.142+0000] {logging_mixin.py:190} INFO - [2024-09-16T16:32:18.142+0000] {dag.py:3229} INFO - Sync 4 DAGs
[2024-09-16T16:32:18.161+0000] {logging_mixin.py:190} INFO - [2024-09-16T16:32:18.161+0000] {dag.py:4156} INFO - Setting next_dagrun for dataset_alias_example_alias_consumer to None, run_after=None
[2024-09-16T16:32:18.164+0000] {logging_mixin.py:190} INFO - [2024-09-16T16:32:18.164+0000] {dag.py:4156} INFO - Setting next_dagrun for dataset_alias_example_alias_producer to None, run_after=None
[2024-09-16T16:32:18.165+0000] {logging_mixin.py:190} INFO - [2024-09-16T16:32:18.165+0000] {dag.py:4156} INFO - Setting next_dagrun for dataset_s3_bucket_consumer to None, run_after=None
[2024-09-16T16:32:18.167+0000] {logging_mixin.py:190} INFO - [2024-09-16T16:32:18.167+0000] {dag.py:4156} INFO - Setting next_dagrun for dataset_s3_bucket_producer to None, run_after=None
[2024-09-16T16:32:18.187+0000] {processor.py:208} INFO - Processing /home/airflow/.local/lib/python3.12/site-packages/airflow/example_dags/example_dataset_alias.py took 0.202 seconds
[2024-09-16T16:32:48.622+0000] {processor.py:186} INFO - Started process (PID=396) to work on /home/airflow/.local/lib/python3.12/site-packages/airflow/example_dags/example_dataset_alias.py
[2024-09-16T16:32:48.624+0000] {processor.py:914} INFO - Processing file /home/airflow/.local/lib/python3.12/site-packages/airflow/example_dags/example_dataset_alias.py for tasks to queue
[2024-09-16T16:32:48.626+0000] {logging_mixin.py:190} INFO - [2024-09-16T16:32:48.626+0000] {dagbag.py:587} INFO - Filling up the DagBag from /home/airflow/.local/lib/python3.12/site-packages/airflow/example_dags/example_dataset_alias.py
[2024-09-16T16:32:48.742+0000] {processor.py:925} INFO - DAG(s) 'dataset_alias_example_alias_producer', 'dataset_s3_bucket_producer', 'dataset_s3_bucket_consumer', 'dataset_alias_example_alias_consumer' retrieved from /home/airflow/.local/lib/python3.12/site-packages/airflow/example_dags/example_dataset_alias.py
[2024-09-16T16:32:48.762+0000] {logging_mixin.py:190} INFO - [2024-09-16T16:32:48.761+0000] {dag.py:3229} INFO - Sync 4 DAGs
[2024-09-16T16:32:48.781+0000] {logging_mixin.py:190} INFO - [2024-09-16T16:32:48.781+0000] {dag.py:4156} INFO - Setting next_dagrun for dataset_alias_example_alias_consumer to None, run_after=None
[2024-09-16T16:32:48.784+0000] {logging_mixin.py:190} INFO - [2024-09-16T16:32:48.784+0000] {dag.py:4156} INFO - Setting next_dagrun for dataset_alias_example_alias_producer to None, run_after=None
[2024-09-16T16:32:48.786+0000] {logging_mixin.py:190} INFO - [2024-09-16T16:32:48.785+0000] {dag.py:4156} INFO - Setting next_dagrun for dataset_s3_bucket_consumer to None, run_after=None
[2024-09-16T16:32:48.787+0000] {logging_mixin.py:190} INFO - [2024-09-16T16:32:48.787+0000] {dag.py:4156} INFO - Setting next_dagrun for dataset_s3_bucket_producer to None, run_after=None
[2024-09-16T16:32:48.807+0000] {processor.py:208} INFO - Processing /home/airflow/.local/lib/python3.12/site-packages/airflow/example_dags/example_dataset_alias.py took 0.190 seconds
[2024-09-16T16:33:18.992+0000] {processor.py:186} INFO - Started process (PID=458) to work on /home/airflow/.local/lib/python3.12/site-packages/airflow/example_dags/example_dataset_alias.py
[2024-09-16T16:33:18.993+0000] {processor.py:914} INFO - Processing file /home/airflow/.local/lib/python3.12/site-packages/airflow/example_dags/example_dataset_alias.py for tasks to queue
[2024-09-16T16:33:18.995+0000] {logging_mixin.py:190} INFO - [2024-09-16T16:33:18.994+0000] {dagbag.py:587} INFO - Filling up the DagBag from /home/airflow/.local/lib/python3.12/site-packages/airflow/example_dags/example_dataset_alias.py
[2024-09-16T16:33:19.116+0000] {processor.py:925} INFO - DAG(s) 'dataset_alias_example_alias_producer', 'dataset_alias_example_alias_consumer', 'dataset_s3_bucket_producer', 'dataset_s3_bucket_consumer' retrieved from /home/airflow/.local/lib/python3.12/site-packages/airflow/example_dags/example_dataset_alias.py
[2024-09-16T16:33:19.137+0000] {logging_mixin.py:190} INFO - [2024-09-16T16:33:19.136+0000] {dag.py:3229} INFO - Sync 4 DAGs
[2024-09-16T16:33:19.159+0000] {logging_mixin.py:190} INFO - [2024-09-16T16:33:19.158+0000] {dag.py:4156} INFO - Setting next_dagrun for dataset_alias_example_alias_consumer to None, run_after=None
[2024-09-16T16:33:19.162+0000] {logging_mixin.py:190} INFO - [2024-09-16T16:33:19.161+0000] {dag.py:4156} INFO - Setting next_dagrun for dataset_alias_example_alias_producer to None, run_after=None
[2024-09-16T16:33:19.163+0000] {logging_mixin.py:190} INFO - [2024-09-16T16:33:19.163+0000] {dag.py:4156} INFO - Setting next_dagrun for dataset_s3_bucket_consumer to None, run_after=None
[2024-09-16T16:33:19.164+0000] {logging_mixin.py:190} INFO - [2024-09-16T16:33:19.164+0000] {dag.py:4156} INFO - Setting next_dagrun for dataset_s3_bucket_producer to None, run_after=None
[2024-09-16T16:33:19.186+0000] {processor.py:208} INFO - Processing /home/airflow/.local/lib/python3.12/site-packages/airflow/example_dags/example_dataset_alias.py took 0.199 seconds
[2024-09-16T16:33:49.406+0000] {processor.py:186} INFO - Started process (PID=521) to work on /home/airflow/.local/lib/python3.12/site-packages/airflow/example_dags/example_dataset_alias.py
[2024-09-16T16:33:49.407+0000] {processor.py:914} INFO - Processing file /home/airflow/.local/lib/python3.12/site-packages/airflow/example_dags/example_dataset_alias.py for tasks to queue
[2024-09-16T16:33:49.409+0000] {logging_mixin.py:190} INFO - [2024-09-16T16:33:49.409+0000] {dagbag.py:587} INFO - Filling up the DagBag from /home/airflow/.local/lib/python3.12/site-packages/airflow/example_dags/example_dataset_alias.py
[2024-09-16T16:33:49.526+0000] {processor.py:925} INFO - DAG(s) 'dataset_s3_bucket_producer', 'dataset_alias_example_alias_producer', 'dataset_alias_example_alias_consumer', 'dataset_s3_bucket_consumer' retrieved from /home/airflow/.local/lib/python3.12/site-packages/airflow/example_dags/example_dataset_alias.py
[2024-09-16T16:33:49.543+0000] {logging_mixin.py:190} INFO - [2024-09-16T16:33:49.543+0000] {dag.py:3229} INFO - Sync 4 DAGs
[2024-09-16T16:33:49.559+0000] {logging_mixin.py:190} INFO - [2024-09-16T16:33:49.559+0000] {dag.py:4156} INFO - Setting next_dagrun for dataset_alias_example_alias_consumer to None, run_after=None
[2024-09-16T16:33:49.564+0000] {logging_mixin.py:190} INFO - [2024-09-16T16:33:49.564+0000] {dag.py:4156} INFO - Setting next_dagrun for dataset_alias_example_alias_producer to None, run_after=None
[2024-09-16T16:33:49.566+0000] {logging_mixin.py:190} INFO - [2024-09-16T16:33:49.566+0000] {dag.py:4156} INFO - Setting next_dagrun for dataset_s3_bucket_consumer to None, run_after=None
[2024-09-16T16:33:49.568+0000] {logging_mixin.py:190} INFO - [2024-09-16T16:33:49.567+0000] {dag.py:4156} INFO - Setting next_dagrun for dataset_s3_bucket_producer to None, run_after=None
[2024-09-16T16:33:49.590+0000] {processor.py:208} INFO - Processing /home/airflow/.local/lib/python3.12/site-packages/airflow/example_dags/example_dataset_alias.py took 0.189 seconds
[2024-09-16T16:34:19.955+0000] {processor.py:186} INFO - Started process (PID=582) to work on /home/airflow/.local/lib/python3.12/site-packages/airflow/example_dags/example_dataset_alias.py
[2024-09-16T16:34:19.956+0000] {processor.py:914} INFO - Processing file /home/airflow/.local/lib/python3.12/site-packages/airflow/example_dags/example_dataset_alias.py for tasks to queue
[2024-09-16T16:34:19.958+0000] {logging_mixin.py:190} INFO - [2024-09-16T16:34:19.958+0000] {dagbag.py:587} INFO - Filling up the DagBag from /home/airflow/.local/lib/python3.12/site-packages/airflow/example_dags/example_dataset_alias.py
[2024-09-16T16:34:20.078+0000] {processor.py:925} INFO - DAG(s) 'dataset_alias_example_alias_consumer', 'dataset_alias_example_alias_producer', 'dataset_s3_bucket_consumer', 'dataset_s3_bucket_producer' retrieved from /home/airflow/.local/lib/python3.12/site-packages/airflow/example_dags/example_dataset_alias.py
[2024-09-16T16:34:20.100+0000] {logging_mixin.py:190} INFO - [2024-09-16T16:34:20.100+0000] {dag.py:3229} INFO - Sync 4 DAGs
[2024-09-16T16:34:20.117+0000] {logging_mixin.py:190} INFO - [2024-09-16T16:34:20.117+0000] {dag.py:4156} INFO - Setting next_dagrun for dataset_alias_example_alias_consumer to None, run_after=None
[2024-09-16T16:34:20.119+0000] {logging_mixin.py:190} INFO - [2024-09-16T16:34:20.119+0000] {dag.py:4156} INFO - Setting next_dagrun for dataset_alias_example_alias_producer to None, run_after=None
[2024-09-16T16:34:20.120+0000] {logging_mixin.py:190} INFO - [2024-09-16T16:34:20.120+0000] {dag.py:4156} INFO - Setting next_dagrun for dataset_s3_bucket_consumer to None, run_after=None
[2024-09-16T16:34:20.121+0000] {logging_mixin.py:190} INFO - [2024-09-16T16:34:20.121+0000] {dag.py:4156} INFO - Setting next_dagrun for dataset_s3_bucket_producer to None, run_after=None
[2024-09-16T16:34:20.136+0000] {processor.py:208} INFO - Processing /home/airflow/.local/lib/python3.12/site-packages/airflow/example_dags/example_dataset_alias.py took 0.186 seconds
[2024-09-16T16:34:50.540+0000] {processor.py:186} INFO - Started process (PID=644) to work on /home/airflow/.local/lib/python3.12/site-packages/airflow/example_dags/example_dataset_alias.py
[2024-09-16T16:34:50.541+0000] {processor.py:914} INFO - Processing file /home/airflow/.local/lib/python3.12/site-packages/airflow/example_dags/example_dataset_alias.py for tasks to queue
[2024-09-16T16:34:50.544+0000] {logging_mixin.py:190} INFO - [2024-09-16T16:34:50.543+0000] {dagbag.py:587} INFO - Filling up the DagBag from /home/airflow/.local/lib/python3.12/site-packages/airflow/example_dags/example_dataset_alias.py
[2024-09-16T16:34:50.669+0000] {processor.py:925} INFO - DAG(s) 'dataset_s3_bucket_producer', 'dataset_s3_bucket_consumer', 'dataset_alias_example_alias_producer', 'dataset_alias_example_alias_consumer' retrieved from /home/airflow/.local/lib/python3.12/site-packages/airflow/example_dags/example_dataset_alias.py
[2024-09-16T16:34:50.687+0000] {logging_mixin.py:190} INFO - [2024-09-16T16:34:50.687+0000] {dag.py:3229} INFO - Sync 4 DAGs
[2024-09-16T16:34:50.705+0000] {logging_mixin.py:190} INFO - [2024-09-16T16:34:50.705+0000] {dag.py:4156} INFO - Setting next_dagrun for dataset_alias_example_alias_consumer to None, run_after=None
[2024-09-16T16:34:50.707+0000] {logging_mixin.py:190} INFO - [2024-09-16T16:34:50.707+0000] {dag.py:4156} INFO - Setting next_dagrun for dataset_alias_example_alias_producer to None, run_after=None
[2024-09-16T16:34:50.709+0000] {logging_mixin.py:190} INFO - [2024-09-16T16:34:50.709+0000] {dag.py:4156} INFO - Setting next_dagrun for dataset_s3_bucket_consumer to None, run_after=None
[2024-09-16T16:34:50.710+0000] {logging_mixin.py:190} INFO - [2024-09-16T16:34:50.710+0000] {dag.py:4156} INFO - Setting next_dagrun for dataset_s3_bucket_producer to None, run_after=None
[2024-09-16T16:34:50.732+0000] {processor.py:208} INFO - Processing /home/airflow/.local/lib/python3.12/site-packages/airflow/example_dags/example_dataset_alias.py took 0.197 seconds
[2024-09-16T16:35:21.110+0000] {processor.py:186} INFO - Started process (PID=707) to work on /home/airflow/.local/lib/python3.12/site-packages/airflow/example_dags/example_dataset_alias.py
[2024-09-16T16:35:21.112+0000] {processor.py:914} INFO - Processing file /home/airflow/.local/lib/python3.12/site-packages/airflow/example_dags/example_dataset_alias.py for tasks to queue
[2024-09-16T16:35:21.114+0000] {logging_mixin.py:190} INFO - [2024-09-16T16:35:21.114+0000] {dagbag.py:587} INFO - Filling up the DagBag from /home/airflow/.local/lib/python3.12/site-packages/airflow/example_dags/example_dataset_alias.py
[2024-09-16T16:35:21.232+0000] {processor.py:925} INFO - DAG(s) 'dataset_s3_bucket_consumer', 'dataset_alias_example_alias_producer', 'dataset_s3_bucket_producer', 'dataset_alias_example_alias_consumer' retrieved from /home/airflow/.local/lib/python3.12/site-packages/airflow/example_dags/example_dataset_alias.py
[2024-09-16T16:35:21.249+0000] {logging_mixin.py:190} INFO - [2024-09-16T16:35:21.249+0000] {dag.py:3229} INFO - Sync 4 DAGs
[2024-09-16T16:35:21.266+0000] {logging_mixin.py:190} INFO - [2024-09-16T16:35:21.266+0000] {dag.py:4156} INFO - Setting next_dagrun for dataset_alias_example_alias_consumer to None, run_after=None
[2024-09-16T16:35:21.269+0000] {logging_mixin.py:190} INFO - [2024-09-16T16:35:21.269+0000] {dag.py:4156} INFO - Setting next_dagrun for dataset_alias_example_alias_producer to None, run_after=None
[2024-09-16T16:35:21.270+0000] {logging_mixin.py:190} INFO - [2024-09-16T16:35:21.270+0000] {dag.py:4156} INFO - Setting next_dagrun for dataset_s3_bucket_consumer to None, run_after=None
[2024-09-16T16:35:21.271+0000] {logging_mixin.py:190} INFO - [2024-09-16T16:35:21.271+0000] {dag.py:4156} INFO - Setting next_dagrun for dataset_s3_bucket_producer to None, run_after=None
[2024-09-16T16:35:21.290+0000] {processor.py:208} INFO - Processing /home/airflow/.local/lib/python3.12/site-packages/airflow/example_dags/example_dataset_alias.py took 0.184 seconds
[2024-09-16T16:35:51.662+0000] {processor.py:186} INFO - Started process (PID=769) to work on /home/airflow/.local/lib/python3.12/site-packages/airflow/example_dags/example_dataset_alias.py
[2024-09-16T16:35:51.663+0000] {processor.py:914} INFO - Processing file /home/airflow/.local/lib/python3.12/site-packages/airflow/example_dags/example_dataset_alias.py for tasks to queue
[2024-09-16T16:35:51.666+0000] {logging_mixin.py:190} INFO - [2024-09-16T16:35:51.665+0000] {dagbag.py:587} INFO - Filling up the DagBag from /home/airflow/.local/lib/python3.12/site-packages/airflow/example_dags/example_dataset_alias.py
[2024-09-16T16:35:51.825+0000] {processor.py:925} INFO - DAG(s) 'dataset_alias_example_alias_producer', 'dataset_s3_bucket_consumer', 'dataset_s3_bucket_producer', 'dataset_alias_example_alias_consumer' retrieved from /home/airflow/.local/lib/python3.12/site-packages/airflow/example_dags/example_dataset_alias.py
[2024-09-16T16:35:51.847+0000] {logging_mixin.py:190} INFO - [2024-09-16T16:35:51.847+0000] {dag.py:3229} INFO - Sync 4 DAGs
[2024-09-16T16:35:51.869+0000] {logging_mixin.py:190} INFO - [2024-09-16T16:35:51.868+0000] {dag.py:4156} INFO - Setting next_dagrun for dataset_alias_example_alias_consumer to None, run_after=None
[2024-09-16T16:35:51.871+0000] {logging_mixin.py:190} INFO - [2024-09-16T16:35:51.871+0000] {dag.py:4156} INFO - Setting next_dagrun for dataset_alias_example_alias_producer to None, run_after=None
[2024-09-16T16:35:51.873+0000] {logging_mixin.py:190} INFO - [2024-09-16T16:35:51.873+0000] {dag.py:4156} INFO - Setting next_dagrun for dataset_s3_bucket_consumer to None, run_after=None
[2024-09-16T16:35:51.874+0000] {logging_mixin.py:190} INFO - [2024-09-16T16:35:51.874+0000] {dag.py:4156} INFO - Setting next_dagrun for dataset_s3_bucket_producer to None, run_after=None
[2024-09-16T16:35:51.896+0000] {processor.py:208} INFO - Processing /home/airflow/.local/lib/python3.12/site-packages/airflow/example_dags/example_dataset_alias.py took 0.240 seconds
[2024-09-16T16:36:22.150+0000] {processor.py:186} INFO - Started process (PID=831) to work on /home/airflow/.local/lib/python3.12/site-packages/airflow/example_dags/example_dataset_alias.py
[2024-09-16T16:36:22.152+0000] {processor.py:914} INFO - Processing file /home/airflow/.local/lib/python3.12/site-packages/airflow/example_dags/example_dataset_alias.py for tasks to queue
[2024-09-16T16:36:22.156+0000] {logging_mixin.py:190} INFO - [2024-09-16T16:36:22.155+0000] {dagbag.py:587} INFO - Filling up the DagBag from /home/airflow/.local/lib/python3.12/site-packages/airflow/example_dags/example_dataset_alias.py
[2024-09-16T16:36:22.394+0000] {processor.py:925} INFO - DAG(s) 'dataset_alias_example_alias_consumer', 'dataset_s3_bucket_consumer', 'dataset_s3_bucket_producer', 'dataset_alias_example_alias_producer' retrieved from /home/airflow/.local/lib/python3.12/site-packages/airflow/example_dags/example_dataset_alias.py
[2024-09-16T16:36:22.423+0000] {logging_mixin.py:190} INFO - [2024-09-16T16:36:22.423+0000] {dag.py:3229} INFO - Sync 4 DAGs
[2024-09-16T16:36:22.455+0000] {logging_mixin.py:190} INFO - [2024-09-16T16:36:22.455+0000] {dag.py:4156} INFO - Setting next_dagrun for dataset_alias_example_alias_consumer to None, run_after=None
[2024-09-16T16:36:22.460+0000] {logging_mixin.py:190} INFO - [2024-09-16T16:36:22.459+0000] {dag.py:4156} INFO - Setting next_dagrun for dataset_alias_example_alias_producer to None, run_after=None
[2024-09-16T16:36:22.462+0000] {logging_mixin.py:190} INFO - [2024-09-16T16:36:22.462+0000] {dag.py:4156} INFO - Setting next_dagrun for dataset_s3_bucket_consumer to None, run_after=None
[2024-09-16T16:36:22.464+0000] {logging_mixin.py:190} INFO - [2024-09-16T16:36:22.464+0000] {dag.py:4156} INFO - Setting next_dagrun for dataset_s3_bucket_producer to None, run_after=None
[2024-09-16T16:36:22.491+0000] {processor.py:208} INFO - Processing /home/airflow/.local/lib/python3.12/site-packages/airflow/example_dags/example_dataset_alias.py took 0.349 seconds
[2024-09-16T16:36:53.168+0000] {processor.py:186} INFO - Started process (PID=893) to work on /home/airflow/.local/lib/python3.12/site-packages/airflow/example_dags/example_dataset_alias.py
[2024-09-16T16:36:53.169+0000] {processor.py:914} INFO - Processing file /home/airflow/.local/lib/python3.12/site-packages/airflow/example_dags/example_dataset_alias.py for tasks to queue
[2024-09-16T16:36:53.171+0000] {logging_mixin.py:190} INFO - [2024-09-16T16:36:53.171+0000] {dagbag.py:587} INFO - Filling up the DagBag from /home/airflow/.local/lib/python3.12/site-packages/airflow/example_dags/example_dataset_alias.py
[2024-09-16T16:36:53.288+0000] {processor.py:925} INFO - DAG(s) 'dataset_alias_example_alias_producer', 'dataset_s3_bucket_producer', 'dataset_alias_example_alias_consumer', 'dataset_s3_bucket_consumer' retrieved from /home/airflow/.local/lib/python3.12/site-packages/airflow/example_dags/example_dataset_alias.py
[2024-09-16T16:36:53.310+0000] {logging_mixin.py:190} INFO - [2024-09-16T16:36:53.309+0000] {dag.py:3229} INFO - Sync 4 DAGs
[2024-09-16T16:36:53.330+0000] {logging_mixin.py:190} INFO - [2024-09-16T16:36:53.330+0000] {dag.py:4156} INFO - Setting next_dagrun for dataset_alias_example_alias_consumer to None, run_after=None
[2024-09-16T16:36:53.332+0000] {logging_mixin.py:190} INFO - [2024-09-16T16:36:53.332+0000] {dag.py:4156} INFO - Setting next_dagrun for dataset_alias_example_alias_producer to None, run_after=None
[2024-09-16T16:36:53.334+0000] {logging_mixin.py:190} INFO - [2024-09-16T16:36:53.334+0000] {dag.py:4156} INFO - Setting next_dagrun for dataset_s3_bucket_consumer to None, run_after=None
[2024-09-16T16:36:53.335+0000] {logging_mixin.py:190} INFO - [2024-09-16T16:36:53.335+0000] {dag.py:4156} INFO - Setting next_dagrun for dataset_s3_bucket_producer to None, run_after=None
[2024-09-16T16:36:53.351+0000] {processor.py:208} INFO - Processing /home/airflow/.local/lib/python3.12/site-packages/airflow/example_dags/example_dataset_alias.py took 0.188 seconds
[2024-09-16T16:37:23.654+0000] {processor.py:186} INFO - Started process (PID=956) to work on /home/airflow/.local/lib/python3.12/site-packages/airflow/example_dags/example_dataset_alias.py
[2024-09-16T16:37:23.655+0000] {processor.py:914} INFO - Processing file /home/airflow/.local/lib/python3.12/site-packages/airflow/example_dags/example_dataset_alias.py for tasks to queue
[2024-09-16T16:37:23.657+0000] {logging_mixin.py:190} INFO - [2024-09-16T16:37:23.657+0000] {dagbag.py:587} INFO - Filling up the DagBag from /home/airflow/.local/lib/python3.12/site-packages/airflow/example_dags/example_dataset_alias.py
[2024-09-16T16:37:23.782+0000] {processor.py:925} INFO - DAG(s) 'dataset_alias_example_alias_producer', 'dataset_alias_example_alias_consumer', 'dataset_s3_bucket_consumer', 'dataset_s3_bucket_producer' retrieved from /home/airflow/.local/lib/python3.12/site-packages/airflow/example_dags/example_dataset_alias.py
[2024-09-16T16:37:23.803+0000] {logging_mixin.py:190} INFO - [2024-09-16T16:37:23.803+0000] {dag.py:3229} INFO - Sync 4 DAGs
[2024-09-16T16:37:23.822+0000] {logging_mixin.py:190} INFO - [2024-09-16T16:37:23.822+0000] {dag.py:4156} INFO - Setting next_dagrun for dataset_alias_example_alias_consumer to None, run_after=None
[2024-09-16T16:37:23.828+0000] {logging_mixin.py:190} INFO - [2024-09-16T16:37:23.827+0000] {dag.py:4156} INFO - Setting next_dagrun for dataset_alias_example_alias_producer to None, run_after=None
[2024-09-16T16:37:23.829+0000] {logging_mixin.py:190} INFO - [2024-09-16T16:37:23.829+0000] {dag.py:4156} INFO - Setting next_dagrun for dataset_s3_bucket_consumer to None, run_after=None
[2024-09-16T16:37:23.831+0000] {logging_mixin.py:190} INFO - [2024-09-16T16:37:23.830+0000] {dag.py:4156} INFO - Setting next_dagrun for dataset_s3_bucket_producer to None, run_after=None
[2024-09-16T16:37:23.853+0000] {processor.py:208} INFO - Processing /home/airflow/.local/lib/python3.12/site-packages/airflow/example_dags/example_dataset_alias.py took 0.204 seconds
