[2024-09-16T16:25:42.292+0000] {processor.py:186} INFO - Started process (PID=88) to work on /home/airflow/.local/lib/python3.12/site-packages/airflow/example_dags/example_complex.py
[2024-09-16T16:25:42.293+0000] {processor.py:914} INFO - Processing file /home/airflow/.local/lib/python3.12/site-packages/airflow/example_dags/example_complex.py for tasks to queue
[2024-09-16T16:25:42.297+0000] {logging_mixin.py:190} INFO - [2024-09-16T16:25:42.296+0000] {dagbag.py:587} INFO - Filling up the DagBag from /home/airflow/.local/lib/python3.12/site-packages/airflow/example_dags/example_complex.py
[2024-09-16T16:25:42.325+0000] {processor.py:925} INFO - DAG(s) 'example_complex' retrieved from /home/airflow/.local/lib/python3.12/site-packages/airflow/example_dags/example_complex.py
[2024-09-16T16:25:42.517+0000] {logging_mixin.py:190} INFO - [2024-09-16T16:25:42.516+0000] {override.py:1900} INFO - Created Permission View: can edit on DAG:example_complex
[2024-09-16T16:25:42.536+0000] {logging_mixin.py:190} INFO - [2024-09-16T16:25:42.535+0000] {override.py:1900} INFO - Created Permission View: can delete on DAG:example_complex
[2024-09-16T16:25:42.552+0000] {logging_mixin.py:190} INFO - [2024-09-16T16:25:42.551+0000] {override.py:1900} INFO - Created Permission View: can read on DAG:example_complex
[2024-09-16T16:25:42.575+0000] {logging_mixin.py:190} INFO - [2024-09-16T16:25:42.574+0000] {override.py:1900} INFO - Created Permission View: can delete on DAG Run:example_complex
[2024-09-16T16:25:42.586+0000] {logging_mixin.py:190} INFO - [2024-09-16T16:25:42.586+0000] {override.py:1900} INFO - Created Permission View: can create on DAG Run:example_complex
[2024-09-16T16:25:42.597+0000] {logging_mixin.py:190} INFO - [2024-09-16T16:25:42.596+0000] {override.py:1900} INFO - Created Permission View: menu access on DAG Run:example_complex
[2024-09-16T16:25:42.607+0000] {logging_mixin.py:190} INFO - [2024-09-16T16:25:42.606+0000] {override.py:1900} INFO - Created Permission View: can read on DAG Run:example_complex
[2024-09-16T16:25:42.608+0000] {logging_mixin.py:190} INFO - [2024-09-16T16:25:42.608+0000] {dag.py:3229} INFO - Sync 1 DAGs
[2024-09-16T16:25:42.626+0000] {logging_mixin.py:190} INFO - [2024-09-16T16:25:42.626+0000] {dag.py:3252} INFO - Creating ORM DAG for example_complex
[2024-09-16T16:25:42.628+0000] {logging_mixin.py:190} INFO - [2024-09-16T16:25:42.627+0000] {dag.py:4156} INFO - Setting next_dagrun for example_complex to None, run_after=None
[2024-09-16T16:25:42.658+0000] {processor.py:208} INFO - Processing /home/airflow/.local/lib/python3.12/site-packages/airflow/example_dags/example_complex.py took 0.377 seconds
[2024-09-16T16:26:13.439+0000] {processor.py:186} INFO - Started process (PID=150) to work on /home/airflow/.local/lib/python3.12/site-packages/airflow/example_dags/example_complex.py
[2024-09-16T16:26:13.440+0000] {processor.py:914} INFO - Processing file /home/airflow/.local/lib/python3.12/site-packages/airflow/example_dags/example_complex.py for tasks to queue
[2024-09-16T16:26:13.443+0000] {logging_mixin.py:190} INFO - [2024-09-16T16:26:13.442+0000] {dagbag.py:587} INFO - Filling up the DagBag from /home/airflow/.local/lib/python3.12/site-packages/airflow/example_dags/example_complex.py
[2024-09-16T16:26:13.454+0000] {processor.py:925} INFO - DAG(s) 'example_complex' retrieved from /home/airflow/.local/lib/python3.12/site-packages/airflow/example_dags/example_complex.py
[2024-09-16T16:26:13.485+0000] {logging_mixin.py:190} INFO - [2024-09-16T16:26:13.485+0000] {dag.py:3229} INFO - Sync 1 DAGs
[2024-09-16T16:26:13.500+0000] {logging_mixin.py:190} INFO - [2024-09-16T16:26:13.500+0000] {dag.py:4156} INFO - Setting next_dagrun for example_complex to None, run_after=None
[2024-09-16T16:26:13.519+0000] {processor.py:208} INFO - Processing /home/airflow/.local/lib/python3.12/site-packages/airflow/example_dags/example_complex.py took 0.086 seconds
[2024-09-16T16:26:45.566+0000] {processor.py:186} INFO - Started process (PID=212) to work on /home/airflow/.local/lib/python3.12/site-packages/airflow/example_dags/example_complex.py
[2024-09-16T16:26:45.568+0000] {processor.py:914} INFO - Processing file /home/airflow/.local/lib/python3.12/site-packages/airflow/example_dags/example_complex.py for tasks to queue
[2024-09-16T16:26:45.572+0000] {logging_mixin.py:190} INFO - [2024-09-16T16:26:45.571+0000] {dagbag.py:587} INFO - Filling up the DagBag from /home/airflow/.local/lib/python3.12/site-packages/airflow/example_dags/example_complex.py
[2024-09-16T16:26:45.595+0000] {processor.py:925} INFO - DAG(s) 'example_complex' retrieved from /home/airflow/.local/lib/python3.12/site-packages/airflow/example_dags/example_complex.py
[2024-09-16T16:26:45.640+0000] {logging_mixin.py:190} INFO - [2024-09-16T16:26:45.640+0000] {dag.py:3229} INFO - Sync 1 DAGs
[2024-09-16T16:26:45.670+0000] {logging_mixin.py:190} INFO - [2024-09-16T16:26:45.669+0000] {dag.py:4156} INFO - Setting next_dagrun for example_complex to None, run_after=None
[2024-09-16T16:26:45.705+0000] {processor.py:208} INFO - Processing /home/airflow/.local/lib/python3.12/site-packages/airflow/example_dags/example_complex.py took 0.151 seconds
[2024-09-16T16:27:16.807+0000] {processor.py:186} INFO - Started process (PID=274) to work on /home/airflow/.local/lib/python3.12/site-packages/airflow/example_dags/example_complex.py
[2024-09-16T16:27:16.809+0000] {processor.py:914} INFO - Processing file /home/airflow/.local/lib/python3.12/site-packages/airflow/example_dags/example_complex.py for tasks to queue
[2024-09-16T16:27:16.813+0000] {logging_mixin.py:190} INFO - [2024-09-16T16:27:16.813+0000] {dagbag.py:587} INFO - Filling up the DagBag from /home/airflow/.local/lib/python3.12/site-packages/airflow/example_dags/example_complex.py
[2024-09-16T16:27:16.836+0000] {processor.py:925} INFO - DAG(s) 'example_complex' retrieved from /home/airflow/.local/lib/python3.12/site-packages/airflow/example_dags/example_complex.py
[2024-09-16T16:27:16.888+0000] {logging_mixin.py:190} INFO - [2024-09-16T16:27:16.888+0000] {dag.py:3229} INFO - Sync 1 DAGs
[2024-09-16T16:27:16.916+0000] {logging_mixin.py:190} INFO - [2024-09-16T16:27:16.916+0000] {dag.py:4156} INFO - Setting next_dagrun for example_complex to None, run_after=None
[2024-09-16T16:27:16.947+0000] {processor.py:208} INFO - Processing /home/airflow/.local/lib/python3.12/site-packages/airflow/example_dags/example_complex.py took 0.150 seconds
[2024-09-16T16:27:50.943+0000] {processor.py:186} INFO - Started process (PID=336) to work on /home/airflow/.local/lib/python3.12/site-packages/airflow/example_dags/example_complex.py
[2024-09-16T16:27:50.952+0000] {processor.py:914} INFO - Processing file /home/airflow/.local/lib/python3.12/site-packages/airflow/example_dags/example_complex.py for tasks to queue
[2024-09-16T16:27:50.956+0000] {logging_mixin.py:190} INFO - [2024-09-16T16:27:50.955+0000] {dagbag.py:587} INFO - Filling up the DagBag from /home/airflow/.local/lib/python3.12/site-packages/airflow/example_dags/example_complex.py
[2024-09-16T16:27:50.996+0000] {processor.py:925} INFO - DAG(s) 'example_complex' retrieved from /home/airflow/.local/lib/python3.12/site-packages/airflow/example_dags/example_complex.py
[2024-09-16T16:27:51.080+0000] {logging_mixin.py:190} INFO - [2024-09-16T16:27:51.079+0000] {dag.py:3229} INFO - Sync 1 DAGs
[2024-09-16T16:27:51.119+0000] {logging_mixin.py:190} INFO - [2024-09-16T16:27:51.118+0000] {dag.py:4156} INFO - Setting next_dagrun for example_complex to None, run_after=None
[2024-09-16T16:27:51.179+0000] {processor.py:208} INFO - Processing /home/airflow/.local/lib/python3.12/site-packages/airflow/example_dags/example_complex.py took 0.256 seconds
[2024-09-16T16:28:22.055+0000] {processor.py:186} INFO - Started process (PID=398) to work on /home/airflow/.local/lib/python3.12/site-packages/airflow/example_dags/example_complex.py
[2024-09-16T16:28:22.057+0000] {processor.py:914} INFO - Processing file /home/airflow/.local/lib/python3.12/site-packages/airflow/example_dags/example_complex.py for tasks to queue
[2024-09-16T16:28:22.061+0000] {logging_mixin.py:190} INFO - [2024-09-16T16:28:22.061+0000] {dagbag.py:587} INFO - Filling up the DagBag from /home/airflow/.local/lib/python3.12/site-packages/airflow/example_dags/example_complex.py
[2024-09-16T16:28:22.081+0000] {processor.py:925} INFO - DAG(s) 'example_complex' retrieved from /home/airflow/.local/lib/python3.12/site-packages/airflow/example_dags/example_complex.py
[2024-09-16T16:28:22.140+0000] {logging_mixin.py:190} INFO - [2024-09-16T16:28:22.140+0000] {dag.py:3229} INFO - Sync 1 DAGs
[2024-09-16T16:28:22.171+0000] {logging_mixin.py:190} INFO - [2024-09-16T16:28:22.171+0000] {dag.py:4156} INFO - Setting next_dagrun for example_complex to None, run_after=None
[2024-09-16T16:28:22.213+0000] {processor.py:208} INFO - Processing /home/airflow/.local/lib/python3.12/site-packages/airflow/example_dags/example_complex.py took 0.173 seconds
[2024-09-16T16:30:15.973+0000] {processor.py:186} INFO - Started process (PID=85) to work on /home/airflow/.local/lib/python3.12/site-packages/airflow/example_dags/example_complex.py
[2024-09-16T16:30:15.975+0000] {processor.py:914} INFO - Processing file /home/airflow/.local/lib/python3.12/site-packages/airflow/example_dags/example_complex.py for tasks to queue
[2024-09-16T16:30:15.980+0000] {logging_mixin.py:190} INFO - [2024-09-16T16:30:15.979+0000] {dagbag.py:587} INFO - Filling up the DagBag from /home/airflow/.local/lib/python3.12/site-packages/airflow/example_dags/example_complex.py
[2024-09-16T16:30:16.003+0000] {processor.py:925} INFO - DAG(s) 'example_complex' retrieved from /home/airflow/.local/lib/python3.12/site-packages/airflow/example_dags/example_complex.py
[2024-09-16T16:30:16.054+0000] {logging_mixin.py:190} INFO - [2024-09-16T16:30:16.053+0000] {dag.py:3229} INFO - Sync 1 DAGs
[2024-09-16T16:30:16.072+0000] {logging_mixin.py:190} INFO - [2024-09-16T16:30:16.071+0000] {dag.py:4156} INFO - Setting next_dagrun for example_complex to None, run_after=None
[2024-09-16T16:30:16.096+0000] {processor.py:208} INFO - Processing /home/airflow/.local/lib/python3.12/site-packages/airflow/example_dags/example_complex.py took 0.132 seconds
[2024-09-16T16:30:46.250+0000] {processor.py:186} INFO - Started process (PID=147) to work on /home/airflow/.local/lib/python3.12/site-packages/airflow/example_dags/example_complex.py
[2024-09-16T16:30:46.251+0000] {processor.py:914} INFO - Processing file /home/airflow/.local/lib/python3.12/site-packages/airflow/example_dags/example_complex.py for tasks to queue
[2024-09-16T16:30:46.253+0000] {logging_mixin.py:190} INFO - [2024-09-16T16:30:46.253+0000] {dagbag.py:587} INFO - Filling up the DagBag from /home/airflow/.local/lib/python3.12/site-packages/airflow/example_dags/example_complex.py
[2024-09-16T16:30:46.262+0000] {processor.py:925} INFO - DAG(s) 'example_complex' retrieved from /home/airflow/.local/lib/python3.12/site-packages/airflow/example_dags/example_complex.py
[2024-09-16T16:30:46.287+0000] {logging_mixin.py:190} INFO - [2024-09-16T16:30:46.287+0000] {dag.py:3229} INFO - Sync 1 DAGs
[2024-09-16T16:30:46.299+0000] {logging_mixin.py:190} INFO - [2024-09-16T16:30:46.299+0000] {dag.py:4156} INFO - Setting next_dagrun for example_complex to None, run_after=None
[2024-09-16T16:30:46.315+0000] {processor.py:208} INFO - Processing /home/airflow/.local/lib/python3.12/site-packages/airflow/example_dags/example_complex.py took 0.070 seconds
[2024-09-16T16:31:17.048+0000] {processor.py:186} INFO - Started process (PID=209) to work on /home/airflow/.local/lib/python3.12/site-packages/airflow/example_dags/example_complex.py
[2024-09-16T16:31:17.050+0000] {processor.py:914} INFO - Processing file /home/airflow/.local/lib/python3.12/site-packages/airflow/example_dags/example_complex.py for tasks to queue
[2024-09-16T16:31:17.052+0000] {logging_mixin.py:190} INFO - [2024-09-16T16:31:17.052+0000] {dagbag.py:587} INFO - Filling up the DagBag from /home/airflow/.local/lib/python3.12/site-packages/airflow/example_dags/example_complex.py
[2024-09-16T16:31:17.061+0000] {processor.py:925} INFO - DAG(s) 'example_complex' retrieved from /home/airflow/.local/lib/python3.12/site-packages/airflow/example_dags/example_complex.py
[2024-09-16T16:31:17.088+0000] {logging_mixin.py:190} INFO - [2024-09-16T16:31:17.087+0000] {dag.py:3229} INFO - Sync 1 DAGs
[2024-09-16T16:31:17.099+0000] {logging_mixin.py:190} INFO - [2024-09-16T16:31:17.099+0000] {dag.py:4156} INFO - Setting next_dagrun for example_complex to None, run_after=None
[2024-09-16T16:31:17.122+0000] {processor.py:208} INFO - Processing /home/airflow/.local/lib/python3.12/site-packages/airflow/example_dags/example_complex.py took 0.077 seconds
[2024-09-16T16:31:47.270+0000] {processor.py:186} INFO - Started process (PID=270) to work on /home/airflow/.local/lib/python3.12/site-packages/airflow/example_dags/example_complex.py
[2024-09-16T16:31:47.271+0000] {processor.py:914} INFO - Processing file /home/airflow/.local/lib/python3.12/site-packages/airflow/example_dags/example_complex.py for tasks to queue
[2024-09-16T16:31:47.273+0000] {logging_mixin.py:190} INFO - [2024-09-16T16:31:47.273+0000] {dagbag.py:587} INFO - Filling up the DagBag from /home/airflow/.local/lib/python3.12/site-packages/airflow/example_dags/example_complex.py
[2024-09-16T16:31:47.283+0000] {processor.py:925} INFO - DAG(s) 'example_complex' retrieved from /home/airflow/.local/lib/python3.12/site-packages/airflow/example_dags/example_complex.py
[2024-09-16T16:31:47.307+0000] {logging_mixin.py:190} INFO - [2024-09-16T16:31:47.307+0000] {dag.py:3229} INFO - Sync 1 DAGs
[2024-09-16T16:31:47.318+0000] {logging_mixin.py:190} INFO - [2024-09-16T16:31:47.318+0000] {dag.py:4156} INFO - Setting next_dagrun for example_complex to None, run_after=None
[2024-09-16T16:31:47.334+0000] {processor.py:208} INFO - Processing /home/airflow/.local/lib/python3.12/site-packages/airflow/example_dags/example_complex.py took 0.069 seconds
[2024-09-16T16:32:17.665+0000] {processor.py:186} INFO - Started process (PID=331) to work on /home/airflow/.local/lib/python3.12/site-packages/airflow/example_dags/example_complex.py
[2024-09-16T16:32:17.666+0000] {processor.py:914} INFO - Processing file /home/airflow/.local/lib/python3.12/site-packages/airflow/example_dags/example_complex.py for tasks to queue
[2024-09-16T16:32:17.668+0000] {logging_mixin.py:190} INFO - [2024-09-16T16:32:17.668+0000] {dagbag.py:587} INFO - Filling up the DagBag from /home/airflow/.local/lib/python3.12/site-packages/airflow/example_dags/example_complex.py
[2024-09-16T16:32:17.678+0000] {processor.py:925} INFO - DAG(s) 'example_complex' retrieved from /home/airflow/.local/lib/python3.12/site-packages/airflow/example_dags/example_complex.py
[2024-09-16T16:32:17.704+0000] {logging_mixin.py:190} INFO - [2024-09-16T16:32:17.704+0000] {dag.py:3229} INFO - Sync 1 DAGs
[2024-09-16T16:32:17.715+0000] {logging_mixin.py:190} INFO - [2024-09-16T16:32:17.715+0000] {dag.py:4156} INFO - Setting next_dagrun for example_complex to None, run_after=None
[2024-09-16T16:32:17.732+0000] {processor.py:208} INFO - Processing /home/airflow/.local/lib/python3.12/site-packages/airflow/example_dags/example_complex.py took 0.072 seconds
[2024-09-16T16:32:48.297+0000] {processor.py:186} INFO - Started process (PID=393) to work on /home/airflow/.local/lib/python3.12/site-packages/airflow/example_dags/example_complex.py
[2024-09-16T16:32:48.298+0000] {processor.py:914} INFO - Processing file /home/airflow/.local/lib/python3.12/site-packages/airflow/example_dags/example_complex.py for tasks to queue
[2024-09-16T16:32:48.300+0000] {logging_mixin.py:190} INFO - [2024-09-16T16:32:48.300+0000] {dagbag.py:587} INFO - Filling up the DagBag from /home/airflow/.local/lib/python3.12/site-packages/airflow/example_dags/example_complex.py
[2024-09-16T16:32:48.309+0000] {processor.py:925} INFO - DAG(s) 'example_complex' retrieved from /home/airflow/.local/lib/python3.12/site-packages/airflow/example_dags/example_complex.py
[2024-09-16T16:32:48.336+0000] {logging_mixin.py:190} INFO - [2024-09-16T16:32:48.336+0000] {dag.py:3229} INFO - Sync 1 DAGs
[2024-09-16T16:32:48.347+0000] {logging_mixin.py:190} INFO - [2024-09-16T16:32:48.347+0000] {dag.py:4156} INFO - Setting next_dagrun for example_complex to None, run_after=None
[2024-09-16T16:32:48.363+0000] {processor.py:208} INFO - Processing /home/airflow/.local/lib/python3.12/site-packages/airflow/example_dags/example_complex.py took 0.070 seconds
[2024-09-16T16:33:18.734+0000] {processor.py:186} INFO - Started process (PID=455) to work on /home/airflow/.local/lib/python3.12/site-packages/airflow/example_dags/example_complex.py
[2024-09-16T16:33:18.735+0000] {processor.py:914} INFO - Processing file /home/airflow/.local/lib/python3.12/site-packages/airflow/example_dags/example_complex.py for tasks to queue
[2024-09-16T16:33:18.737+0000] {logging_mixin.py:190} INFO - [2024-09-16T16:33:18.737+0000] {dagbag.py:587} INFO - Filling up the DagBag from /home/airflow/.local/lib/python3.12/site-packages/airflow/example_dags/example_complex.py
[2024-09-16T16:33:18.746+0000] {processor.py:925} INFO - DAG(s) 'example_complex' retrieved from /home/airflow/.local/lib/python3.12/site-packages/airflow/example_dags/example_complex.py
[2024-09-16T16:33:18.772+0000] {logging_mixin.py:190} INFO - [2024-09-16T16:33:18.771+0000] {dag.py:3229} INFO - Sync 1 DAGs
[2024-09-16T16:33:18.783+0000] {logging_mixin.py:190} INFO - [2024-09-16T16:33:18.782+0000] {dag.py:4156} INFO - Setting next_dagrun for example_complex to None, run_after=None
[2024-09-16T16:33:18.798+0000] {processor.py:208} INFO - Processing /home/airflow/.local/lib/python3.12/site-packages/airflow/example_dags/example_complex.py took 0.068 seconds
[2024-09-16T16:33:49.059+0000] {processor.py:186} INFO - Started process (PID=518) to work on /home/airflow/.local/lib/python3.12/site-packages/airflow/example_dags/example_complex.py
[2024-09-16T16:33:49.060+0000] {processor.py:914} INFO - Processing file /home/airflow/.local/lib/python3.12/site-packages/airflow/example_dags/example_complex.py for tasks to queue
[2024-09-16T16:33:49.062+0000] {logging_mixin.py:190} INFO - [2024-09-16T16:33:49.062+0000] {dagbag.py:587} INFO - Filling up the DagBag from /home/airflow/.local/lib/python3.12/site-packages/airflow/example_dags/example_complex.py
[2024-09-16T16:33:49.072+0000] {processor.py:925} INFO - DAG(s) 'example_complex' retrieved from /home/airflow/.local/lib/python3.12/site-packages/airflow/example_dags/example_complex.py
[2024-09-16T16:33:49.098+0000] {logging_mixin.py:190} INFO - [2024-09-16T16:33:49.098+0000] {dag.py:3229} INFO - Sync 1 DAGs
[2024-09-16T16:33:49.110+0000] {logging_mixin.py:190} INFO - [2024-09-16T16:33:49.110+0000] {dag.py:4156} INFO - Setting next_dagrun for example_complex to None, run_after=None
[2024-09-16T16:33:49.133+0000] {processor.py:208} INFO - Processing /home/airflow/.local/lib/python3.12/site-packages/airflow/example_dags/example_complex.py took 0.079 seconds
[2024-09-16T16:34:19.651+0000] {processor.py:186} INFO - Started process (PID=580) to work on /home/airflow/.local/lib/python3.12/site-packages/airflow/example_dags/example_complex.py
[2024-09-16T16:34:19.652+0000] {processor.py:914} INFO - Processing file /home/airflow/.local/lib/python3.12/site-packages/airflow/example_dags/example_complex.py for tasks to queue
[2024-09-16T16:34:19.655+0000] {logging_mixin.py:190} INFO - [2024-09-16T16:34:19.655+0000] {dagbag.py:587} INFO - Filling up the DagBag from /home/airflow/.local/lib/python3.12/site-packages/airflow/example_dags/example_complex.py
[2024-09-16T16:34:19.668+0000] {processor.py:925} INFO - DAG(s) 'example_complex' retrieved from /home/airflow/.local/lib/python3.12/site-packages/airflow/example_dags/example_complex.py
[2024-09-16T16:34:19.696+0000] {logging_mixin.py:190} INFO - [2024-09-16T16:34:19.696+0000] {dag.py:3229} INFO - Sync 1 DAGs
[2024-09-16T16:34:19.709+0000] {logging_mixin.py:190} INFO - [2024-09-16T16:34:19.709+0000] {dag.py:4156} INFO - Setting next_dagrun for example_complex to None, run_after=None
[2024-09-16T16:34:19.726+0000] {processor.py:208} INFO - Processing /home/airflow/.local/lib/python3.12/site-packages/airflow/example_dags/example_complex.py took 0.079 seconds
[2024-09-16T16:34:50.219+0000] {processor.py:186} INFO - Started process (PID=641) to work on /home/airflow/.local/lib/python3.12/site-packages/airflow/example_dags/example_complex.py
[2024-09-16T16:34:50.220+0000] {processor.py:914} INFO - Processing file /home/airflow/.local/lib/python3.12/site-packages/airflow/example_dags/example_complex.py for tasks to queue
[2024-09-16T16:34:50.222+0000] {logging_mixin.py:190} INFO - [2024-09-16T16:34:50.222+0000] {dagbag.py:587} INFO - Filling up the DagBag from /home/airflow/.local/lib/python3.12/site-packages/airflow/example_dags/example_complex.py
[2024-09-16T16:34:50.231+0000] {processor.py:925} INFO - DAG(s) 'example_complex' retrieved from /home/airflow/.local/lib/python3.12/site-packages/airflow/example_dags/example_complex.py
[2024-09-16T16:34:50.256+0000] {logging_mixin.py:190} INFO - [2024-09-16T16:34:50.256+0000] {dag.py:3229} INFO - Sync 1 DAGs
[2024-09-16T16:34:50.267+0000] {logging_mixin.py:190} INFO - [2024-09-16T16:34:50.266+0000] {dag.py:4156} INFO - Setting next_dagrun for example_complex to None, run_after=None
[2024-09-16T16:34:50.285+0000] {processor.py:208} INFO - Processing /home/airflow/.local/lib/python3.12/site-packages/airflow/example_dags/example_complex.py took 0.070 seconds
[2024-09-16T16:35:20.787+0000] {processor.py:186} INFO - Started process (PID=704) to work on /home/airflow/.local/lib/python3.12/site-packages/airflow/example_dags/example_complex.py
[2024-09-16T16:35:20.787+0000] {processor.py:914} INFO - Processing file /home/airflow/.local/lib/python3.12/site-packages/airflow/example_dags/example_complex.py for tasks to queue
[2024-09-16T16:35:20.789+0000] {logging_mixin.py:190} INFO - [2024-09-16T16:35:20.789+0000] {dagbag.py:587} INFO - Filling up the DagBag from /home/airflow/.local/lib/python3.12/site-packages/airflow/example_dags/example_complex.py
[2024-09-16T16:35:20.798+0000] {processor.py:925} INFO - DAG(s) 'example_complex' retrieved from /home/airflow/.local/lib/python3.12/site-packages/airflow/example_dags/example_complex.py
[2024-09-16T16:35:20.823+0000] {logging_mixin.py:190} INFO - [2024-09-16T16:35:20.823+0000] {dag.py:3229} INFO - Sync 1 DAGs
[2024-09-16T16:35:20.839+0000] {logging_mixin.py:190} INFO - [2024-09-16T16:35:20.839+0000] {dag.py:4156} INFO - Setting next_dagrun for example_complex to None, run_after=None
[2024-09-16T16:35:20.859+0000] {processor.py:208} INFO - Processing /home/airflow/.local/lib/python3.12/site-packages/airflow/example_dags/example_complex.py took 0.076 seconds
[2024-09-16T16:35:51.248+0000] {processor.py:186} INFO - Started process (PID=766) to work on /home/airflow/.local/lib/python3.12/site-packages/airflow/example_dags/example_complex.py
[2024-09-16T16:35:51.249+0000] {processor.py:914} INFO - Processing file /home/airflow/.local/lib/python3.12/site-packages/airflow/example_dags/example_complex.py for tasks to queue
[2024-09-16T16:35:51.252+0000] {logging_mixin.py:190} INFO - [2024-09-16T16:35:51.252+0000] {dagbag.py:587} INFO - Filling up the DagBag from /home/airflow/.local/lib/python3.12/site-packages/airflow/example_dags/example_complex.py
[2024-09-16T16:35:51.266+0000] {processor.py:925} INFO - DAG(s) 'example_complex' retrieved from /home/airflow/.local/lib/python3.12/site-packages/airflow/example_dags/example_complex.py
[2024-09-16T16:35:51.302+0000] {logging_mixin.py:190} INFO - [2024-09-16T16:35:51.302+0000] {dag.py:3229} INFO - Sync 1 DAGs
[2024-09-16T16:35:51.317+0000] {logging_mixin.py:190} INFO - [2024-09-16T16:35:51.316+0000] {dag.py:4156} INFO - Setting next_dagrun for example_complex to None, run_after=None
[2024-09-16T16:35:51.341+0000] {processor.py:208} INFO - Processing /home/airflow/.local/lib/python3.12/site-packages/airflow/example_dags/example_complex.py took 0.099 seconds
[2024-09-16T16:36:21.588+0000] {processor.py:186} INFO - Started process (PID=828) to work on /home/airflow/.local/lib/python3.12/site-packages/airflow/example_dags/example_complex.py
[2024-09-16T16:36:21.589+0000] {processor.py:914} INFO - Processing file /home/airflow/.local/lib/python3.12/site-packages/airflow/example_dags/example_complex.py for tasks to queue
[2024-09-16T16:36:21.592+0000] {logging_mixin.py:190} INFO - [2024-09-16T16:36:21.591+0000] {dagbag.py:587} INFO - Filling up the DagBag from /home/airflow/.local/lib/python3.12/site-packages/airflow/example_dags/example_complex.py
[2024-09-16T16:36:21.611+0000] {processor.py:925} INFO - DAG(s) 'example_complex' retrieved from /home/airflow/.local/lib/python3.12/site-packages/airflow/example_dags/example_complex.py
[2024-09-16T16:36:21.661+0000] {logging_mixin.py:190} INFO - [2024-09-16T16:36:21.661+0000] {dag.py:3229} INFO - Sync 1 DAGs
[2024-09-16T16:36:21.680+0000] {logging_mixin.py:190} INFO - [2024-09-16T16:36:21.680+0000] {dag.py:4156} INFO - Setting next_dagrun for example_complex to None, run_after=None
[2024-09-16T16:36:21.710+0000] {processor.py:208} INFO - Processing /home/airflow/.local/lib/python3.12/site-packages/airflow/example_dags/example_complex.py took 0.130 seconds
[2024-09-16T16:36:51.883+0000] {processor.py:186} INFO - Started process (PID=890) to work on /home/airflow/.local/lib/python3.12/site-packages/airflow/example_dags/example_complex.py
[2024-09-16T16:36:51.885+0000] {processor.py:914} INFO - Processing file /home/airflow/.local/lib/python3.12/site-packages/airflow/example_dags/example_complex.py for tasks to queue
[2024-09-16T16:36:51.887+0000] {logging_mixin.py:190} INFO - [2024-09-16T16:36:51.886+0000] {dagbag.py:587} INFO - Filling up the DagBag from /home/airflow/.local/lib/python3.12/site-packages/airflow/example_dags/example_complex.py
[2024-09-16T16:36:51.896+0000] {processor.py:925} INFO - DAG(s) 'example_complex' retrieved from /home/airflow/.local/lib/python3.12/site-packages/airflow/example_dags/example_complex.py
[2024-09-16T16:36:51.922+0000] {logging_mixin.py:190} INFO - [2024-09-16T16:36:51.922+0000] {dag.py:3229} INFO - Sync 1 DAGs
[2024-09-16T16:36:51.936+0000] {logging_mixin.py:190} INFO - [2024-09-16T16:36:51.936+0000] {dag.py:4156} INFO - Setting next_dagrun for example_complex to None, run_after=None
[2024-09-16T16:36:51.953+0000] {processor.py:208} INFO - Processing /home/airflow/.local/lib/python3.12/site-packages/airflow/example_dags/example_complex.py took 0.074 seconds
[2024-09-16T16:37:22.291+0000] {processor.py:186} INFO - Started process (PID=952) to work on /home/airflow/.local/lib/python3.12/site-packages/airflow/example_dags/example_complex.py
[2024-09-16T16:37:22.292+0000] {processor.py:914} INFO - Processing file /home/airflow/.local/lib/python3.12/site-packages/airflow/example_dags/example_complex.py for tasks to queue
[2024-09-16T16:37:22.294+0000] {logging_mixin.py:190} INFO - [2024-09-16T16:37:22.294+0000] {dagbag.py:587} INFO - Filling up the DagBag from /home/airflow/.local/lib/python3.12/site-packages/airflow/example_dags/example_complex.py
[2024-09-16T16:37:22.305+0000] {processor.py:925} INFO - DAG(s) 'example_complex' retrieved from /home/airflow/.local/lib/python3.12/site-packages/airflow/example_dags/example_complex.py
[2024-09-16T16:37:22.331+0000] {logging_mixin.py:190} INFO - [2024-09-16T16:37:22.331+0000] {dag.py:3229} INFO - Sync 1 DAGs
[2024-09-16T16:37:22.343+0000] {logging_mixin.py:190} INFO - [2024-09-16T16:37:22.343+0000] {dag.py:4156} INFO - Setting next_dagrun for example_complex to None, run_after=None
[2024-09-16T16:37:22.357+0000] {processor.py:208} INFO - Processing /home/airflow/.local/lib/python3.12/site-packages/airflow/example_dags/example_complex.py took 0.070 seconds
