[2024-09-16T16:25:46.275+0000] {processor.py:186} INFO - Started process (PID=108) to work on /home/airflow/.local/lib/python3.12/site-packages/airflow/example_dags/example_branch_datetime_operator.py
[2024-09-16T16:25:46.276+0000] {processor.py:914} INFO - Processing file /home/airflow/.local/lib/python3.12/site-packages/airflow/example_dags/example_branch_datetime_operator.py for tasks to queue
[2024-09-16T16:25:46.279+0000] {logging_mixin.py:190} INFO - [2024-09-16T16:25:46.278+0000] {dagbag.py:587} INFO - Filling up the DagBag from /home/airflow/.local/lib/python3.12/site-packages/airflow/example_dags/example_branch_datetime_operator.py
[2024-09-16T16:25:46.294+0000] {processor.py:925} INFO - DAG(s) 'example_branch_datetime_operator_2', 'example_branch_datetime_operator_3', 'example_branch_datetime_operator' retrieved from /home/airflow/.local/lib/python3.12/site-packages/airflow/example_dags/example_branch_datetime_operator.py
[2024-09-16T16:25:46.422+0000] {logging_mixin.py:190} INFO - [2024-09-16T16:25:46.421+0000] {override.py:1900} INFO - Created Permission View: can edit on DAG:example_branch_datetime_operator_2
[2024-09-16T16:25:46.433+0000] {logging_mixin.py:190} INFO - [2024-09-16T16:25:46.432+0000] {override.py:1900} INFO - Created Permission View: can delete on DAG:example_branch_datetime_operator_2
[2024-09-16T16:25:46.442+0000] {logging_mixin.py:190} INFO - [2024-09-16T16:25:46.441+0000] {override.py:1900} INFO - Created Permission View: can read on DAG:example_branch_datetime_operator_2
[2024-09-16T16:25:46.451+0000] {logging_mixin.py:190} INFO - [2024-09-16T16:25:46.450+0000] {override.py:1900} INFO - Created Permission View: can delete on DAG Run:example_branch_datetime_operator_2
[2024-09-16T16:25:46.458+0000] {logging_mixin.py:190} INFO - [2024-09-16T16:25:46.458+0000] {override.py:1900} INFO - Created Permission View: can create on DAG Run:example_branch_datetime_operator_2
[2024-09-16T16:25:46.466+0000] {logging_mixin.py:190} INFO - [2024-09-16T16:25:46.465+0000] {override.py:1900} INFO - Created Permission View: menu access on DAG Run:example_branch_datetime_operator_2
[2024-09-16T16:25:46.473+0000] {logging_mixin.py:190} INFO - [2024-09-16T16:25:46.473+0000] {override.py:1900} INFO - Created Permission View: can read on DAG Run:example_branch_datetime_operator_2
[2024-09-16T16:25:46.490+0000] {logging_mixin.py:190} INFO - [2024-09-16T16:25:46.489+0000] {override.py:1900} INFO - Created Permission View: can edit on DAG:example_branch_datetime_operator_3
[2024-09-16T16:25:46.498+0000] {logging_mixin.py:190} INFO - [2024-09-16T16:25:46.498+0000] {override.py:1900} INFO - Created Permission View: can delete on DAG:example_branch_datetime_operator_3
[2024-09-16T16:25:46.507+0000] {logging_mixin.py:190} INFO - [2024-09-16T16:25:46.507+0000] {override.py:1900} INFO - Created Permission View: can read on DAG:example_branch_datetime_operator_3
[2024-09-16T16:25:46.517+0000] {logging_mixin.py:190} INFO - [2024-09-16T16:25:46.516+0000] {override.py:1900} INFO - Created Permission View: can delete on DAG Run:example_branch_datetime_operator_3
[2024-09-16T16:25:46.525+0000] {logging_mixin.py:190} INFO - [2024-09-16T16:25:46.525+0000] {override.py:1900} INFO - Created Permission View: can create on DAG Run:example_branch_datetime_operator_3
[2024-09-16T16:25:46.533+0000] {logging_mixin.py:190} INFO - [2024-09-16T16:25:46.532+0000] {override.py:1900} INFO - Created Permission View: menu access on DAG Run:example_branch_datetime_operator_3
[2024-09-16T16:25:46.541+0000] {logging_mixin.py:190} INFO - [2024-09-16T16:25:46.541+0000] {override.py:1900} INFO - Created Permission View: can read on DAG Run:example_branch_datetime_operator_3
[2024-09-16T16:25:46.557+0000] {logging_mixin.py:190} INFO - [2024-09-16T16:25:46.557+0000] {override.py:1900} INFO - Created Permission View: can edit on DAG:example_branch_datetime_operator
[2024-09-16T16:25:46.565+0000] {logging_mixin.py:190} INFO - [2024-09-16T16:25:46.564+0000] {override.py:1900} INFO - Created Permission View: can delete on DAG:example_branch_datetime_operator
[2024-09-16T16:25:46.573+0000] {logging_mixin.py:190} INFO - [2024-09-16T16:25:46.573+0000] {override.py:1900} INFO - Created Permission View: can read on DAG:example_branch_datetime_operator
[2024-09-16T16:25:46.581+0000] {logging_mixin.py:190} INFO - [2024-09-16T16:25:46.580+0000] {override.py:1900} INFO - Created Permission View: can delete on DAG Run:example_branch_datetime_operator
[2024-09-16T16:25:46.589+0000] {logging_mixin.py:190} INFO - [2024-09-16T16:25:46.589+0000] {override.py:1900} INFO - Created Permission View: can create on DAG Run:example_branch_datetime_operator
[2024-09-16T16:25:46.596+0000] {logging_mixin.py:190} INFO - [2024-09-16T16:25:46.596+0000] {override.py:1900} INFO - Created Permission View: menu access on DAG Run:example_branch_datetime_operator
[2024-09-16T16:25:46.605+0000] {logging_mixin.py:190} INFO - [2024-09-16T16:25:46.605+0000] {override.py:1900} INFO - Created Permission View: can read on DAG Run:example_branch_datetime_operator
[2024-09-16T16:25:46.606+0000] {logging_mixin.py:190} INFO - [2024-09-16T16:25:46.606+0000] {dag.py:3229} INFO - Sync 3 DAGs
[2024-09-16T16:25:46.625+0000] {logging_mixin.py:190} INFO - [2024-09-16T16:25:46.625+0000] {dag.py:3252} INFO - Creating ORM DAG for example_branch_datetime_operator
[2024-09-16T16:25:46.627+0000] {logging_mixin.py:190} INFO - [2024-09-16T16:25:46.626+0000] {dag.py:3252} INFO - Creating ORM DAG for example_branch_datetime_operator_3
[2024-09-16T16:25:46.627+0000] {logging_mixin.py:190} INFO - [2024-09-16T16:25:46.627+0000] {dag.py:3252} INFO - Creating ORM DAG for example_branch_datetime_operator_2
[2024-09-16T16:25:46.647+0000] {logging_mixin.py:190} INFO - [2024-09-16T16:25:46.647+0000] {dag.py:4156} INFO - Setting next_dagrun for example_branch_datetime_operator to 2024-09-15 00:00:00+00:00, run_after=2024-09-16 00:00:00+00:00
[2024-09-16T16:25:46.650+0000] {logging_mixin.py:190} INFO - [2024-09-16T16:25:46.650+0000] {dag.py:4156} INFO - Setting next_dagrun for example_branch_datetime_operator_2 to 2024-09-15 00:00:00+00:00, run_after=2024-09-16 00:00:00+00:00
[2024-09-16T16:25:46.654+0000] {logging_mixin.py:190} INFO - [2024-09-16T16:25:46.653+0000] {dag.py:4156} INFO - Setting next_dagrun for example_branch_datetime_operator_3 to 2024-09-15 00:00:00+00:00, run_after=2024-09-16 00:00:00+00:00
[2024-09-16T16:25:46.676+0000] {processor.py:208} INFO - Processing /home/airflow/.local/lib/python3.12/site-packages/airflow/example_dags/example_branch_datetime_operator.py took 0.409 seconds
[2024-09-16T16:26:17.050+0000] {processor.py:186} INFO - Started process (PID=170) to work on /home/airflow/.local/lib/python3.12/site-packages/airflow/example_dags/example_branch_datetime_operator.py
[2024-09-16T16:26:17.052+0000] {processor.py:914} INFO - Processing file /home/airflow/.local/lib/python3.12/site-packages/airflow/example_dags/example_branch_datetime_operator.py for tasks to queue
[2024-09-16T16:26:17.054+0000] {logging_mixin.py:190} INFO - [2024-09-16T16:26:17.054+0000] {dagbag.py:587} INFO - Filling up the DagBag from /home/airflow/.local/lib/python3.12/site-packages/airflow/example_dags/example_branch_datetime_operator.py
[2024-09-16T16:26:17.066+0000] {processor.py:925} INFO - DAG(s) 'example_branch_datetime_operator', 'example_branch_datetime_operator_2', 'example_branch_datetime_operator_3' retrieved from /home/airflow/.local/lib/python3.12/site-packages/airflow/example_dags/example_branch_datetime_operator.py
[2024-09-16T16:26:17.107+0000] {logging_mixin.py:190} INFO - [2024-09-16T16:26:17.106+0000] {dag.py:3229} INFO - Sync 3 DAGs
[2024-09-16T16:26:17.184+0000] {logging_mixin.py:190} INFO - [2024-09-16T16:26:17.183+0000] {dag.py:4156} INFO - Setting next_dagrun for example_branch_datetime_operator to 2024-09-15 00:00:00+00:00, run_after=2024-09-16 00:00:00+00:00
[2024-09-16T16:26:17.211+0000] {logging_mixin.py:190} INFO - [2024-09-16T16:26:17.211+0000] {dag.py:4156} INFO - Setting next_dagrun for example_branch_datetime_operator_2 to 2024-09-15 00:00:00+00:00, run_after=2024-09-16 00:00:00+00:00
[2024-09-16T16:26:17.216+0000] {logging_mixin.py:190} INFO - [2024-09-16T16:26:17.216+0000] {dag.py:4156} INFO - Setting next_dagrun for example_branch_datetime_operator_3 to 2024-09-15 00:00:00+00:00, run_after=2024-09-16 00:00:00+00:00
[2024-09-16T16:26:17.260+0000] {processor.py:208} INFO - Processing /home/airflow/.local/lib/python3.12/site-packages/airflow/example_dags/example_branch_datetime_operator.py took 0.215 seconds
[2024-09-16T16:26:48.174+0000] {processor.py:186} INFO - Started process (PID=232) to work on /home/airflow/.local/lib/python3.12/site-packages/airflow/example_dags/example_branch_datetime_operator.py
[2024-09-16T16:26:48.177+0000] {processor.py:914} INFO - Processing file /home/airflow/.local/lib/python3.12/site-packages/airflow/example_dags/example_branch_datetime_operator.py for tasks to queue
[2024-09-16T16:26:48.180+0000] {logging_mixin.py:190} INFO - [2024-09-16T16:26:48.180+0000] {dagbag.py:587} INFO - Filling up the DagBag from /home/airflow/.local/lib/python3.12/site-packages/airflow/example_dags/example_branch_datetime_operator.py
[2024-09-16T16:26:48.199+0000] {processor.py:925} INFO - DAG(s) 'example_branch_datetime_operator_2', 'example_branch_datetime_operator_3', 'example_branch_datetime_operator' retrieved from /home/airflow/.local/lib/python3.12/site-packages/airflow/example_dags/example_branch_datetime_operator.py
[2024-09-16T16:26:48.239+0000] {logging_mixin.py:190} INFO - [2024-09-16T16:26:48.239+0000] {dag.py:3229} INFO - Sync 3 DAGs
[2024-09-16T16:26:48.280+0000] {logging_mixin.py:190} INFO - [2024-09-16T16:26:48.280+0000] {dag.py:4156} INFO - Setting next_dagrun for example_branch_datetime_operator to 2024-09-15 00:00:00+00:00, run_after=2024-09-16 00:00:00+00:00
[2024-09-16T16:26:48.289+0000] {logging_mixin.py:190} INFO - [2024-09-16T16:26:48.289+0000] {dag.py:4156} INFO - Setting next_dagrun for example_branch_datetime_operator_2 to 2024-09-15 00:00:00+00:00, run_after=2024-09-16 00:00:00+00:00
[2024-09-16T16:26:48.295+0000] {logging_mixin.py:190} INFO - [2024-09-16T16:26:48.295+0000] {dag.py:4156} INFO - Setting next_dagrun for example_branch_datetime_operator_3 to 2024-09-15 00:00:00+00:00, run_after=2024-09-16 00:00:00+00:00
[2024-09-16T16:26:48.319+0000] {processor.py:208} INFO - Processing /home/airflow/.local/lib/python3.12/site-packages/airflow/example_dags/example_branch_datetime_operator.py took 0.152 seconds
[2024-09-16T16:27:18.642+0000] {processor.py:186} INFO - Started process (PID=294) to work on /home/airflow/.local/lib/python3.12/site-packages/airflow/example_dags/example_branch_datetime_operator.py
[2024-09-16T16:27:18.644+0000] {processor.py:914} INFO - Processing file /home/airflow/.local/lib/python3.12/site-packages/airflow/example_dags/example_branch_datetime_operator.py for tasks to queue
[2024-09-16T16:27:18.648+0000] {logging_mixin.py:190} INFO - [2024-09-16T16:27:18.647+0000] {dagbag.py:587} INFO - Filling up the DagBag from /home/airflow/.local/lib/python3.12/site-packages/airflow/example_dags/example_branch_datetime_operator.py
[2024-09-16T16:27:18.668+0000] {processor.py:925} INFO - DAG(s) 'example_branch_datetime_operator_3', 'example_branch_datetime_operator', 'example_branch_datetime_operator_2' retrieved from /home/airflow/.local/lib/python3.12/site-packages/airflow/example_dags/example_branch_datetime_operator.py
[2024-09-16T16:27:18.709+0000] {logging_mixin.py:190} INFO - [2024-09-16T16:27:18.708+0000] {dag.py:3229} INFO - Sync 3 DAGs
[2024-09-16T16:27:18.744+0000] {logging_mixin.py:190} INFO - [2024-09-16T16:27:18.744+0000] {dag.py:4156} INFO - Setting next_dagrun for example_branch_datetime_operator to 2024-09-15 00:00:00+00:00, run_after=2024-09-16 00:00:00+00:00
[2024-09-16T16:27:18.751+0000] {logging_mixin.py:190} INFO - [2024-09-16T16:27:18.751+0000] {dag.py:4156} INFO - Setting next_dagrun for example_branch_datetime_operator_2 to 2024-09-15 00:00:00+00:00, run_after=2024-09-16 00:00:00+00:00
[2024-09-16T16:27:18.754+0000] {logging_mixin.py:190} INFO - [2024-09-16T16:27:18.754+0000] {dag.py:4156} INFO - Setting next_dagrun for example_branch_datetime_operator_3 to 2024-09-15 00:00:00+00:00, run_after=2024-09-16 00:00:00+00:00
[2024-09-16T16:27:18.778+0000] {processor.py:208} INFO - Processing /home/airflow/.local/lib/python3.12/site-packages/airflow/example_dags/example_branch_datetime_operator.py took 0.143 seconds
[2024-09-16T16:27:54.429+0000] {processor.py:186} INFO - Started process (PID=362) to work on /home/airflow/.local/lib/python3.12/site-packages/airflow/example_dags/example_branch_datetime_operator.py
[2024-09-16T16:27:54.432+0000] {processor.py:914} INFO - Processing file /home/airflow/.local/lib/python3.12/site-packages/airflow/example_dags/example_branch_datetime_operator.py for tasks to queue
[2024-09-16T16:27:54.446+0000] {logging_mixin.py:190} INFO - [2024-09-16T16:27:54.446+0000] {dagbag.py:587} INFO - Filling up the DagBag from /home/airflow/.local/lib/python3.12/site-packages/airflow/example_dags/example_branch_datetime_operator.py
[2024-09-16T16:27:54.487+0000] {processor.py:925} INFO - DAG(s) 'example_branch_datetime_operator', 'example_branch_datetime_operator_2', 'example_branch_datetime_operator_3' retrieved from /home/airflow/.local/lib/python3.12/site-packages/airflow/example_dags/example_branch_datetime_operator.py
[2024-09-16T16:27:54.637+0000] {logging_mixin.py:190} INFO - [2024-09-16T16:27:54.637+0000] {dag.py:3229} INFO - Sync 3 DAGs
[2024-09-16T16:27:54.800+0000] {logging_mixin.py:190} INFO - [2024-09-16T16:27:54.800+0000] {dag.py:4156} INFO - Setting next_dagrun for example_branch_datetime_operator to 2024-09-15 00:00:00+00:00, run_after=2024-09-16 00:00:00+00:00
[2024-09-16T16:27:54.821+0000] {logging_mixin.py:190} INFO - [2024-09-16T16:27:54.821+0000] {dag.py:4156} INFO - Setting next_dagrun for example_branch_datetime_operator_2 to 2024-09-15 00:00:00+00:00, run_after=2024-09-16 00:00:00+00:00
[2024-09-16T16:27:54.837+0000] {logging_mixin.py:190} INFO - [2024-09-16T16:27:54.836+0000] {dag.py:4156} INFO - Setting next_dagrun for example_branch_datetime_operator_3 to 2024-09-15 00:00:00+00:00, run_after=2024-09-16 00:00:00+00:00
[2024-09-16T16:27:54.914+0000] {processor.py:208} INFO - Processing /home/airflow/.local/lib/python3.12/site-packages/airflow/example_dags/example_branch_datetime_operator.py took 0.504 seconds
[2024-09-16T16:28:25.273+0000] {processor.py:186} INFO - Started process (PID=425) to work on /home/airflow/.local/lib/python3.12/site-packages/airflow/example_dags/example_branch_datetime_operator.py
[2024-09-16T16:28:25.275+0000] {processor.py:914} INFO - Processing file /home/airflow/.local/lib/python3.12/site-packages/airflow/example_dags/example_branch_datetime_operator.py for tasks to queue
[2024-09-16T16:28:25.281+0000] {logging_mixin.py:190} INFO - [2024-09-16T16:28:25.281+0000] {dagbag.py:587} INFO - Filling up the DagBag from /home/airflow/.local/lib/python3.12/site-packages/airflow/example_dags/example_branch_datetime_operator.py
[2024-09-16T16:28:25.332+0000] {processor.py:925} INFO - DAG(s) 'example_branch_datetime_operator_2', 'example_branch_datetime_operator', 'example_branch_datetime_operator_3' retrieved from /home/airflow/.local/lib/python3.12/site-packages/airflow/example_dags/example_branch_datetime_operator.py
[2024-09-16T16:28:25.497+0000] {logging_mixin.py:190} INFO - [2024-09-16T16:28:25.496+0000] {dag.py:3229} INFO - Sync 3 DAGs
[2024-09-16T16:28:25.608+0000] {logging_mixin.py:190} INFO - [2024-09-16T16:28:25.607+0000] {dag.py:4156} INFO - Setting next_dagrun for example_branch_datetime_operator to 2024-09-15 00:00:00+00:00, run_after=2024-09-16 00:00:00+00:00
[2024-09-16T16:28:25.636+0000] {logging_mixin.py:190} INFO - [2024-09-16T16:28:25.634+0000] {dag.py:4156} INFO - Setting next_dagrun for example_branch_datetime_operator_2 to 2024-09-15 00:00:00+00:00, run_after=2024-09-16 00:00:00+00:00
[2024-09-16T16:28:25.642+0000] {logging_mixin.py:190} INFO - [2024-09-16T16:28:25.642+0000] {dag.py:4156} INFO - Setting next_dagrun for example_branch_datetime_operator_3 to 2024-09-15 00:00:00+00:00, run_after=2024-09-16 00:00:00+00:00
[2024-09-16T16:28:25.720+0000] {processor.py:208} INFO - Processing /home/airflow/.local/lib/python3.12/site-packages/airflow/example_dags/example_branch_datetime_operator.py took 0.467 seconds
[2024-09-16T16:30:17.787+0000] {processor.py:186} INFO - Started process (PID=105) to work on /home/airflow/.local/lib/python3.12/site-packages/airflow/example_dags/example_branch_datetime_operator.py
[2024-09-16T16:30:17.788+0000] {processor.py:914} INFO - Processing file /home/airflow/.local/lib/python3.12/site-packages/airflow/example_dags/example_branch_datetime_operator.py for tasks to queue
[2024-09-16T16:30:17.792+0000] {logging_mixin.py:190} INFO - [2024-09-16T16:30:17.791+0000] {dagbag.py:587} INFO - Filling up the DagBag from /home/airflow/.local/lib/python3.12/site-packages/airflow/example_dags/example_branch_datetime_operator.py
[2024-09-16T16:30:17.810+0000] {processor.py:925} INFO - DAG(s) 'example_branch_datetime_operator_2', 'example_branch_datetime_operator_3', 'example_branch_datetime_operator' retrieved from /home/airflow/.local/lib/python3.12/site-packages/airflow/example_dags/example_branch_datetime_operator.py
[2024-09-16T16:30:17.862+0000] {logging_mixin.py:190} INFO - [2024-09-16T16:30:17.861+0000] {dag.py:3229} INFO - Sync 3 DAGs
[2024-09-16T16:30:17.899+0000] {logging_mixin.py:190} INFO - [2024-09-16T16:30:17.898+0000] {dag.py:4156} INFO - Setting next_dagrun for example_branch_datetime_operator to 2024-09-15 00:00:00+00:00, run_after=2024-09-16 00:00:00+00:00
[2024-09-16T16:30:17.906+0000] {logging_mixin.py:190} INFO - [2024-09-16T16:30:17.905+0000] {dag.py:4156} INFO - Setting next_dagrun for example_branch_datetime_operator_2 to 2024-09-15 00:00:00+00:00, run_after=2024-09-16 00:00:00+00:00
[2024-09-16T16:30:17.910+0000] {logging_mixin.py:190} INFO - [2024-09-16T16:30:17.909+0000] {dag.py:4156} INFO - Setting next_dagrun for example_branch_datetime_operator_3 to 2024-09-15 00:00:00+00:00, run_after=2024-09-16 00:00:00+00:00
[2024-09-16T16:30:17.928+0000] {processor.py:208} INFO - Processing /home/airflow/.local/lib/python3.12/site-packages/airflow/example_dags/example_branch_datetime_operator.py took 0.149 seconds
[2024-09-16T16:30:48.850+0000] {processor.py:186} INFO - Started process (PID=167) to work on /home/airflow/.local/lib/python3.12/site-packages/airflow/example_dags/example_branch_datetime_operator.py
[2024-09-16T16:30:48.851+0000] {processor.py:914} INFO - Processing file /home/airflow/.local/lib/python3.12/site-packages/airflow/example_dags/example_branch_datetime_operator.py for tasks to queue
[2024-09-16T16:30:48.852+0000] {logging_mixin.py:190} INFO - [2024-09-16T16:30:48.852+0000] {dagbag.py:587} INFO - Filling up the DagBag from /home/airflow/.local/lib/python3.12/site-packages/airflow/example_dags/example_branch_datetime_operator.py
[2024-09-16T16:30:48.861+0000] {processor.py:925} INFO - DAG(s) 'example_branch_datetime_operator_2', 'example_branch_datetime_operator', 'example_branch_datetime_operator_3' retrieved from /home/airflow/.local/lib/python3.12/site-packages/airflow/example_dags/example_branch_datetime_operator.py
[2024-09-16T16:30:48.882+0000] {logging_mixin.py:190} INFO - [2024-09-16T16:30:48.882+0000] {dag.py:3229} INFO - Sync 3 DAGs
[2024-09-16T16:30:48.903+0000] {logging_mixin.py:190} INFO - [2024-09-16T16:30:48.903+0000] {dag.py:4156} INFO - Setting next_dagrun for example_branch_datetime_operator to 2024-09-15 00:00:00+00:00, run_after=2024-09-16 00:00:00+00:00
[2024-09-16T16:30:48.907+0000] {logging_mixin.py:190} INFO - [2024-09-16T16:30:48.907+0000] {dag.py:4156} INFO - Setting next_dagrun for example_branch_datetime_operator_2 to 2024-09-15 00:00:00+00:00, run_after=2024-09-16 00:00:00+00:00
[2024-09-16T16:30:48.910+0000] {logging_mixin.py:190} INFO - [2024-09-16T16:30:48.910+0000] {dag.py:4156} INFO - Setting next_dagrun for example_branch_datetime_operator_3 to 2024-09-15 00:00:00+00:00, run_after=2024-09-16 00:00:00+00:00
[2024-09-16T16:30:48.928+0000] {processor.py:208} INFO - Processing /home/airflow/.local/lib/python3.12/site-packages/airflow/example_dags/example_branch_datetime_operator.py took 0.082 seconds
[2024-09-16T16:31:19.427+0000] {processor.py:186} INFO - Started process (PID=229) to work on /home/airflow/.local/lib/python3.12/site-packages/airflow/example_dags/example_branch_datetime_operator.py
[2024-09-16T16:31:19.428+0000] {processor.py:914} INFO - Processing file /home/airflow/.local/lib/python3.12/site-packages/airflow/example_dags/example_branch_datetime_operator.py for tasks to queue
[2024-09-16T16:31:19.430+0000] {logging_mixin.py:190} INFO - [2024-09-16T16:31:19.430+0000] {dagbag.py:587} INFO - Filling up the DagBag from /home/airflow/.local/lib/python3.12/site-packages/airflow/example_dags/example_branch_datetime_operator.py
[2024-09-16T16:31:19.440+0000] {processor.py:925} INFO - DAG(s) 'example_branch_datetime_operator_2', 'example_branch_datetime_operator_3', 'example_branch_datetime_operator' retrieved from /home/airflow/.local/lib/python3.12/site-packages/airflow/example_dags/example_branch_datetime_operator.py
[2024-09-16T16:31:19.465+0000] {logging_mixin.py:190} INFO - [2024-09-16T16:31:19.465+0000] {dag.py:3229} INFO - Sync 3 DAGs
[2024-09-16T16:31:19.484+0000] {logging_mixin.py:190} INFO - [2024-09-16T16:31:19.484+0000] {dag.py:4156} INFO - Setting next_dagrun for example_branch_datetime_operator to 2024-09-15 00:00:00+00:00, run_after=2024-09-16 00:00:00+00:00
[2024-09-16T16:31:19.489+0000] {logging_mixin.py:190} INFO - [2024-09-16T16:31:19.488+0000] {dag.py:4156} INFO - Setting next_dagrun for example_branch_datetime_operator_2 to 2024-09-15 00:00:00+00:00, run_after=2024-09-16 00:00:00+00:00
[2024-09-16T16:31:19.492+0000] {logging_mixin.py:190} INFO - [2024-09-16T16:31:19.492+0000] {dag.py:4156} INFO - Setting next_dagrun for example_branch_datetime_operator_3 to 2024-09-15 00:00:00+00:00, run_after=2024-09-16 00:00:00+00:00
[2024-09-16T16:31:19.510+0000] {processor.py:208} INFO - Processing /home/airflow/.local/lib/python3.12/site-packages/airflow/example_dags/example_branch_datetime_operator.py took 0.088 seconds
[2024-09-16T16:31:49.766+0000] {processor.py:186} INFO - Started process (PID=291) to work on /home/airflow/.local/lib/python3.12/site-packages/airflow/example_dags/example_branch_datetime_operator.py
[2024-09-16T16:31:49.767+0000] {processor.py:914} INFO - Processing file /home/airflow/.local/lib/python3.12/site-packages/airflow/example_dags/example_branch_datetime_operator.py for tasks to queue
[2024-09-16T16:31:49.769+0000] {logging_mixin.py:190} INFO - [2024-09-16T16:31:49.769+0000] {dagbag.py:587} INFO - Filling up the DagBag from /home/airflow/.local/lib/python3.12/site-packages/airflow/example_dags/example_branch_datetime_operator.py
[2024-09-16T16:31:49.780+0000] {processor.py:925} INFO - DAG(s) 'example_branch_datetime_operator', 'example_branch_datetime_operator_2', 'example_branch_datetime_operator_3' retrieved from /home/airflow/.local/lib/python3.12/site-packages/airflow/example_dags/example_branch_datetime_operator.py
[2024-09-16T16:31:49.808+0000] {logging_mixin.py:190} INFO - [2024-09-16T16:31:49.808+0000] {dag.py:3229} INFO - Sync 3 DAGs
[2024-09-16T16:31:49.834+0000] {logging_mixin.py:190} INFO - [2024-09-16T16:31:49.834+0000] {dag.py:4156} INFO - Setting next_dagrun for example_branch_datetime_operator to 2024-09-15 00:00:00+00:00, run_after=2024-09-16 00:00:00+00:00
[2024-09-16T16:31:49.840+0000] {logging_mixin.py:190} INFO - [2024-09-16T16:31:49.840+0000] {dag.py:4156} INFO - Setting next_dagrun for example_branch_datetime_operator_2 to 2024-09-15 00:00:00+00:00, run_after=2024-09-16 00:00:00+00:00
[2024-09-16T16:31:49.843+0000] {logging_mixin.py:190} INFO - [2024-09-16T16:31:49.843+0000] {dag.py:4156} INFO - Setting next_dagrun for example_branch_datetime_operator_3 to 2024-09-15 00:00:00+00:00, run_after=2024-09-16 00:00:00+00:00
[2024-09-16T16:31:49.864+0000] {processor.py:208} INFO - Processing /home/airflow/.local/lib/python3.12/site-packages/airflow/example_dags/example_branch_datetime_operator.py took 0.102 seconds
[2024-09-16T16:32:20.039+0000] {processor.py:186} INFO - Started process (PID=353) to work on /home/airflow/.local/lib/python3.12/site-packages/airflow/example_dags/example_branch_datetime_operator.py
[2024-09-16T16:32:20.040+0000] {processor.py:914} INFO - Processing file /home/airflow/.local/lib/python3.12/site-packages/airflow/example_dags/example_branch_datetime_operator.py for tasks to queue
[2024-09-16T16:32:20.042+0000] {logging_mixin.py:190} INFO - [2024-09-16T16:32:20.042+0000] {dagbag.py:587} INFO - Filling up the DagBag from /home/airflow/.local/lib/python3.12/site-packages/airflow/example_dags/example_branch_datetime_operator.py
[2024-09-16T16:32:20.051+0000] {processor.py:925} INFO - DAG(s) 'example_branch_datetime_operator_3', 'example_branch_datetime_operator', 'example_branch_datetime_operator_2' retrieved from /home/airflow/.local/lib/python3.12/site-packages/airflow/example_dags/example_branch_datetime_operator.py
[2024-09-16T16:32:20.073+0000] {logging_mixin.py:190} INFO - [2024-09-16T16:32:20.073+0000] {dag.py:3229} INFO - Sync 3 DAGs
[2024-09-16T16:32:20.091+0000] {logging_mixin.py:190} INFO - [2024-09-16T16:32:20.090+0000] {dag.py:4156} INFO - Setting next_dagrun for example_branch_datetime_operator to 2024-09-15 00:00:00+00:00, run_after=2024-09-16 00:00:00+00:00
[2024-09-16T16:32:20.094+0000] {logging_mixin.py:190} INFO - [2024-09-16T16:32:20.094+0000] {dag.py:4156} INFO - Setting next_dagrun for example_branch_datetime_operator_2 to 2024-09-15 00:00:00+00:00, run_after=2024-09-16 00:00:00+00:00
[2024-09-16T16:32:20.096+0000] {logging_mixin.py:190} INFO - [2024-09-16T16:32:20.096+0000] {dag.py:4156} INFO - Setting next_dagrun for example_branch_datetime_operator_3 to 2024-09-15 00:00:00+00:00, run_after=2024-09-16 00:00:00+00:00
[2024-09-16T16:32:20.110+0000] {processor.py:208} INFO - Processing /home/airflow/.local/lib/python3.12/site-packages/airflow/example_dags/example_branch_datetime_operator.py took 0.075 seconds
[2024-09-16T16:32:50.735+0000] {processor.py:186} INFO - Started process (PID=415) to work on /home/airflow/.local/lib/python3.12/site-packages/airflow/example_dags/example_branch_datetime_operator.py
[2024-09-16T16:32:50.736+0000] {processor.py:914} INFO - Processing file /home/airflow/.local/lib/python3.12/site-packages/airflow/example_dags/example_branch_datetime_operator.py for tasks to queue
[2024-09-16T16:32:50.738+0000] {logging_mixin.py:190} INFO - [2024-09-16T16:32:50.738+0000] {dagbag.py:587} INFO - Filling up the DagBag from /home/airflow/.local/lib/python3.12/site-packages/airflow/example_dags/example_branch_datetime_operator.py
[2024-09-16T16:32:50.749+0000] {processor.py:925} INFO - DAG(s) 'example_branch_datetime_operator_2', 'example_branch_datetime_operator', 'example_branch_datetime_operator_3' retrieved from /home/airflow/.local/lib/python3.12/site-packages/airflow/example_dags/example_branch_datetime_operator.py
[2024-09-16T16:32:50.780+0000] {logging_mixin.py:190} INFO - [2024-09-16T16:32:50.779+0000] {dag.py:3229} INFO - Sync 3 DAGs
[2024-09-16T16:32:50.805+0000] {logging_mixin.py:190} INFO - [2024-09-16T16:32:50.805+0000] {dag.py:4156} INFO - Setting next_dagrun for example_branch_datetime_operator to 2024-09-15 00:00:00+00:00, run_after=2024-09-16 00:00:00+00:00
[2024-09-16T16:32:50.810+0000] {logging_mixin.py:190} INFO - [2024-09-16T16:32:50.810+0000] {dag.py:4156} INFO - Setting next_dagrun for example_branch_datetime_operator_2 to 2024-09-15 00:00:00+00:00, run_after=2024-09-16 00:00:00+00:00
[2024-09-16T16:32:50.812+0000] {logging_mixin.py:190} INFO - [2024-09-16T16:32:50.812+0000] {dag.py:4156} INFO - Setting next_dagrun for example_branch_datetime_operator_3 to 2024-09-15 00:00:00+00:00, run_after=2024-09-16 00:00:00+00:00
[2024-09-16T16:32:50.830+0000] {processor.py:208} INFO - Processing /home/airflow/.local/lib/python3.12/site-packages/airflow/example_dags/example_branch_datetime_operator.py took 0.099 seconds
[2024-09-16T16:33:20.983+0000] {processor.py:186} INFO - Started process (PID=477) to work on /home/airflow/.local/lib/python3.12/site-packages/airflow/example_dags/example_branch_datetime_operator.py
[2024-09-16T16:33:20.984+0000] {processor.py:914} INFO - Processing file /home/airflow/.local/lib/python3.12/site-packages/airflow/example_dags/example_branch_datetime_operator.py for tasks to queue
[2024-09-16T16:33:20.987+0000] {logging_mixin.py:190} INFO - [2024-09-16T16:33:20.986+0000] {dagbag.py:587} INFO - Filling up the DagBag from /home/airflow/.local/lib/python3.12/site-packages/airflow/example_dags/example_branch_datetime_operator.py
[2024-09-16T16:33:20.996+0000] {processor.py:925} INFO - DAG(s) 'example_branch_datetime_operator_2', 'example_branch_datetime_operator', 'example_branch_datetime_operator_3' retrieved from /home/airflow/.local/lib/python3.12/site-packages/airflow/example_dags/example_branch_datetime_operator.py
[2024-09-16T16:33:21.023+0000] {logging_mixin.py:190} INFO - [2024-09-16T16:33:21.022+0000] {dag.py:3229} INFO - Sync 3 DAGs
[2024-09-16T16:33:21.043+0000] {logging_mixin.py:190} INFO - [2024-09-16T16:33:21.043+0000] {dag.py:4156} INFO - Setting next_dagrun for example_branch_datetime_operator to 2024-09-15 00:00:00+00:00, run_after=2024-09-16 00:00:00+00:00
[2024-09-16T16:33:21.047+0000] {logging_mixin.py:190} INFO - [2024-09-16T16:33:21.047+0000] {dag.py:4156} INFO - Setting next_dagrun for example_branch_datetime_operator_2 to 2024-09-15 00:00:00+00:00, run_after=2024-09-16 00:00:00+00:00
[2024-09-16T16:33:21.050+0000] {logging_mixin.py:190} INFO - [2024-09-16T16:33:21.050+0000] {dag.py:4156} INFO - Setting next_dagrun for example_branch_datetime_operator_3 to 2024-09-15 00:00:00+00:00, run_after=2024-09-16 00:00:00+00:00
[2024-09-16T16:33:21.068+0000] {processor.py:208} INFO - Processing /home/airflow/.local/lib/python3.12/site-packages/airflow/example_dags/example_branch_datetime_operator.py took 0.090 seconds
[2024-09-16T16:33:51.595+0000] {processor.py:186} INFO - Started process (PID=539) to work on /home/airflow/.local/lib/python3.12/site-packages/airflow/example_dags/example_branch_datetime_operator.py
[2024-09-16T16:33:51.596+0000] {processor.py:914} INFO - Processing file /home/airflow/.local/lib/python3.12/site-packages/airflow/example_dags/example_branch_datetime_operator.py for tasks to queue
[2024-09-16T16:33:51.600+0000] {logging_mixin.py:190} INFO - [2024-09-16T16:33:51.599+0000] {dagbag.py:587} INFO - Filling up the DagBag from /home/airflow/.local/lib/python3.12/site-packages/airflow/example_dags/example_branch_datetime_operator.py
[2024-09-16T16:33:51.616+0000] {processor.py:925} INFO - DAG(s) 'example_branch_datetime_operator', 'example_branch_datetime_operator_2', 'example_branch_datetime_operator_3' retrieved from /home/airflow/.local/lib/python3.12/site-packages/airflow/example_dags/example_branch_datetime_operator.py
[2024-09-16T16:33:51.647+0000] {logging_mixin.py:190} INFO - [2024-09-16T16:33:51.646+0000] {dag.py:3229} INFO - Sync 3 DAGs
[2024-09-16T16:33:51.670+0000] {logging_mixin.py:190} INFO - [2024-09-16T16:33:51.670+0000] {dag.py:4156} INFO - Setting next_dagrun for example_branch_datetime_operator to 2024-09-15 00:00:00+00:00, run_after=2024-09-16 00:00:00+00:00
[2024-09-16T16:33:51.676+0000] {logging_mixin.py:190} INFO - [2024-09-16T16:33:51.676+0000] {dag.py:4156} INFO - Setting next_dagrun for example_branch_datetime_operator_2 to 2024-09-15 00:00:00+00:00, run_after=2024-09-16 00:00:00+00:00
[2024-09-16T16:33:51.679+0000] {logging_mixin.py:190} INFO - [2024-09-16T16:33:51.679+0000] {dag.py:4156} INFO - Setting next_dagrun for example_branch_datetime_operator_3 to 2024-09-15 00:00:00+00:00, run_after=2024-09-16 00:00:00+00:00
[2024-09-16T16:33:51.701+0000] {processor.py:208} INFO - Processing /home/airflow/.local/lib/python3.12/site-packages/airflow/example_dags/example_branch_datetime_operator.py took 0.112 seconds
[2024-09-16T16:34:22.088+0000] {processor.py:186} INFO - Started process (PID=601) to work on /home/airflow/.local/lib/python3.12/site-packages/airflow/example_dags/example_branch_datetime_operator.py
[2024-09-16T16:34:22.089+0000] {processor.py:914} INFO - Processing file /home/airflow/.local/lib/python3.12/site-packages/airflow/example_dags/example_branch_datetime_operator.py for tasks to queue
[2024-09-16T16:34:22.091+0000] {logging_mixin.py:190} INFO - [2024-09-16T16:34:22.091+0000] {dagbag.py:587} INFO - Filling up the DagBag from /home/airflow/.local/lib/python3.12/site-packages/airflow/example_dags/example_branch_datetime_operator.py
[2024-09-16T16:34:22.100+0000] {processor.py:925} INFO - DAG(s) 'example_branch_datetime_operator_3', 'example_branch_datetime_operator_2', 'example_branch_datetime_operator' retrieved from /home/airflow/.local/lib/python3.12/site-packages/airflow/example_dags/example_branch_datetime_operator.py
[2024-09-16T16:34:22.128+0000] {logging_mixin.py:190} INFO - [2024-09-16T16:34:22.127+0000] {dag.py:3229} INFO - Sync 3 DAGs
[2024-09-16T16:34:22.155+0000] {logging_mixin.py:190} INFO - [2024-09-16T16:34:22.155+0000] {dag.py:4156} INFO - Setting next_dagrun for example_branch_datetime_operator to 2024-09-15 00:00:00+00:00, run_after=2024-09-16 00:00:00+00:00
[2024-09-16T16:34:22.160+0000] {logging_mixin.py:190} INFO - [2024-09-16T16:34:22.160+0000] {dag.py:4156} INFO - Setting next_dagrun for example_branch_datetime_operator_2 to 2024-09-15 00:00:00+00:00, run_after=2024-09-16 00:00:00+00:00
[2024-09-16T16:34:22.163+0000] {logging_mixin.py:190} INFO - [2024-09-16T16:34:22.163+0000] {dag.py:4156} INFO - Setting next_dagrun for example_branch_datetime_operator_3 to 2024-09-15 00:00:00+00:00, run_after=2024-09-16 00:00:00+00:00
[2024-09-16T16:34:22.180+0000] {processor.py:208} INFO - Processing /home/airflow/.local/lib/python3.12/site-packages/airflow/example_dags/example_branch_datetime_operator.py took 0.096 seconds
[2024-09-16T16:34:52.754+0000] {processor.py:186} INFO - Started process (PID=663) to work on /home/airflow/.local/lib/python3.12/site-packages/airflow/example_dags/example_branch_datetime_operator.py
[2024-09-16T16:34:52.755+0000] {processor.py:914} INFO - Processing file /home/airflow/.local/lib/python3.12/site-packages/airflow/example_dags/example_branch_datetime_operator.py for tasks to queue
[2024-09-16T16:34:52.757+0000] {logging_mixin.py:190} INFO - [2024-09-16T16:34:52.757+0000] {dagbag.py:587} INFO - Filling up the DagBag from /home/airflow/.local/lib/python3.12/site-packages/airflow/example_dags/example_branch_datetime_operator.py
[2024-09-16T16:34:52.767+0000] {processor.py:925} INFO - DAG(s) 'example_branch_datetime_operator_2', 'example_branch_datetime_operator_3', 'example_branch_datetime_operator' retrieved from /home/airflow/.local/lib/python3.12/site-packages/airflow/example_dags/example_branch_datetime_operator.py
[2024-09-16T16:34:52.792+0000] {logging_mixin.py:190} INFO - [2024-09-16T16:34:52.792+0000] {dag.py:3229} INFO - Sync 3 DAGs
[2024-09-16T16:34:52.812+0000] {logging_mixin.py:190} INFO - [2024-09-16T16:34:52.812+0000] {dag.py:4156} INFO - Setting next_dagrun for example_branch_datetime_operator to 2024-09-15 00:00:00+00:00, run_after=2024-09-16 00:00:00+00:00
[2024-09-16T16:34:52.817+0000] {logging_mixin.py:190} INFO - [2024-09-16T16:34:52.817+0000] {dag.py:4156} INFO - Setting next_dagrun for example_branch_datetime_operator_2 to 2024-09-15 00:00:00+00:00, run_after=2024-09-16 00:00:00+00:00
[2024-09-16T16:34:52.820+0000] {logging_mixin.py:190} INFO - [2024-09-16T16:34:52.820+0000] {dag.py:4156} INFO - Setting next_dagrun for example_branch_datetime_operator_3 to 2024-09-15 00:00:00+00:00, run_after=2024-09-16 00:00:00+00:00
[2024-09-16T16:34:52.837+0000] {processor.py:208} INFO - Processing /home/airflow/.local/lib/python3.12/site-packages/airflow/example_dags/example_branch_datetime_operator.py took 0.088 seconds
[2024-09-16T16:35:23.344+0000] {processor.py:186} INFO - Started process (PID=726) to work on /home/airflow/.local/lib/python3.12/site-packages/airflow/example_dags/example_branch_datetime_operator.py
[2024-09-16T16:35:23.345+0000] {processor.py:914} INFO - Processing file /home/airflow/.local/lib/python3.12/site-packages/airflow/example_dags/example_branch_datetime_operator.py for tasks to queue
[2024-09-16T16:35:23.347+0000] {logging_mixin.py:190} INFO - [2024-09-16T16:35:23.347+0000] {dagbag.py:587} INFO - Filling up the DagBag from /home/airflow/.local/lib/python3.12/site-packages/airflow/example_dags/example_branch_datetime_operator.py
[2024-09-16T16:35:23.356+0000] {processor.py:925} INFO - DAG(s) 'example_branch_datetime_operator_2', 'example_branch_datetime_operator_3', 'example_branch_datetime_operator' retrieved from /home/airflow/.local/lib/python3.12/site-packages/airflow/example_dags/example_branch_datetime_operator.py
[2024-09-16T16:35:23.382+0000] {logging_mixin.py:190} INFO - [2024-09-16T16:35:23.382+0000] {dag.py:3229} INFO - Sync 3 DAGs
[2024-09-16T16:35:23.404+0000] {logging_mixin.py:190} INFO - [2024-09-16T16:35:23.404+0000] {dag.py:4156} INFO - Setting next_dagrun for example_branch_datetime_operator to 2024-09-15 00:00:00+00:00, run_after=2024-09-16 00:00:00+00:00
[2024-09-16T16:35:23.408+0000] {logging_mixin.py:190} INFO - [2024-09-16T16:35:23.408+0000] {dag.py:4156} INFO - Setting next_dagrun for example_branch_datetime_operator_2 to 2024-09-15 00:00:00+00:00, run_after=2024-09-16 00:00:00+00:00
[2024-09-16T16:35:23.413+0000] {logging_mixin.py:190} INFO - [2024-09-16T16:35:23.412+0000] {dag.py:4156} INFO - Setting next_dagrun for example_branch_datetime_operator_3 to 2024-09-15 00:00:00+00:00, run_after=2024-09-16 00:00:00+00:00
[2024-09-16T16:35:23.430+0000] {processor.py:208} INFO - Processing /home/airflow/.local/lib/python3.12/site-packages/airflow/example_dags/example_branch_datetime_operator.py took 0.090 seconds
[2024-09-16T16:35:53.823+0000] {processor.py:186} INFO - Started process (PID=788) to work on /home/airflow/.local/lib/python3.12/site-packages/airflow/example_dags/example_branch_datetime_operator.py
[2024-09-16T16:35:53.825+0000] {processor.py:914} INFO - Processing file /home/airflow/.local/lib/python3.12/site-packages/airflow/example_dags/example_branch_datetime_operator.py for tasks to queue
[2024-09-16T16:35:53.829+0000] {logging_mixin.py:190} INFO - [2024-09-16T16:35:53.828+0000] {dagbag.py:587} INFO - Filling up the DagBag from /home/airflow/.local/lib/python3.12/site-packages/airflow/example_dags/example_branch_datetime_operator.py
[2024-09-16T16:35:53.858+0000] {processor.py:925} INFO - DAG(s) 'example_branch_datetime_operator_3', 'example_branch_datetime_operator', 'example_branch_datetime_operator_2' retrieved from /home/airflow/.local/lib/python3.12/site-packages/airflow/example_dags/example_branch_datetime_operator.py
[2024-09-16T16:35:53.896+0000] {logging_mixin.py:190} INFO - [2024-09-16T16:35:53.896+0000] {dag.py:3229} INFO - Sync 3 DAGs
[2024-09-16T16:35:53.929+0000] {logging_mixin.py:190} INFO - [2024-09-16T16:35:53.929+0000] {dag.py:4156} INFO - Setting next_dagrun for example_branch_datetime_operator to 2024-09-15 00:00:00+00:00, run_after=2024-09-16 00:00:00+00:00
[2024-09-16T16:35:53.935+0000] {logging_mixin.py:190} INFO - [2024-09-16T16:35:53.935+0000] {dag.py:4156} INFO - Setting next_dagrun for example_branch_datetime_operator_2 to 2024-09-15 00:00:00+00:00, run_after=2024-09-16 00:00:00+00:00
[2024-09-16T16:35:53.938+0000] {logging_mixin.py:190} INFO - [2024-09-16T16:35:53.938+0000] {dag.py:4156} INFO - Setting next_dagrun for example_branch_datetime_operator_3 to 2024-09-15 00:00:00+00:00, run_after=2024-09-16 00:00:00+00:00
[2024-09-16T16:35:53.959+0000] {processor.py:208} INFO - Processing /home/airflow/.local/lib/python3.12/site-packages/airflow/example_dags/example_branch_datetime_operator.py took 0.151 seconds
[2024-09-16T16:36:24.673+0000] {processor.py:186} INFO - Started process (PID=850) to work on /home/airflow/.local/lib/python3.12/site-packages/airflow/example_dags/example_branch_datetime_operator.py
[2024-09-16T16:36:24.674+0000] {processor.py:914} INFO - Processing file /home/airflow/.local/lib/python3.12/site-packages/airflow/example_dags/example_branch_datetime_operator.py for tasks to queue
[2024-09-16T16:36:24.676+0000] {logging_mixin.py:190} INFO - [2024-09-16T16:36:24.676+0000] {dagbag.py:587} INFO - Filling up the DagBag from /home/airflow/.local/lib/python3.12/site-packages/airflow/example_dags/example_branch_datetime_operator.py
[2024-09-16T16:36:24.690+0000] {processor.py:925} INFO - DAG(s) 'example_branch_datetime_operator', 'example_branch_datetime_operator_2', 'example_branch_datetime_operator_3' retrieved from /home/airflow/.local/lib/python3.12/site-packages/airflow/example_dags/example_branch_datetime_operator.py
[2024-09-16T16:36:24.716+0000] {logging_mixin.py:190} INFO - [2024-09-16T16:36:24.716+0000] {dag.py:3229} INFO - Sync 3 DAGs
[2024-09-16T16:36:24.737+0000] {logging_mixin.py:190} INFO - [2024-09-16T16:36:24.737+0000] {dag.py:4156} INFO - Setting next_dagrun for example_branch_datetime_operator to 2024-09-15 00:00:00+00:00, run_after=2024-09-16 00:00:00+00:00
[2024-09-16T16:36:24.741+0000] {logging_mixin.py:190} INFO - [2024-09-16T16:36:24.741+0000] {dag.py:4156} INFO - Setting next_dagrun for example_branch_datetime_operator_2 to 2024-09-15 00:00:00+00:00, run_after=2024-09-16 00:00:00+00:00
[2024-09-16T16:36:24.744+0000] {logging_mixin.py:190} INFO - [2024-09-16T16:36:24.744+0000] {dag.py:4156} INFO - Setting next_dagrun for example_branch_datetime_operator_3 to 2024-09-15 00:00:00+00:00, run_after=2024-09-16 00:00:00+00:00
[2024-09-16T16:36:24.760+0000] {processor.py:208} INFO - Processing /home/airflow/.local/lib/python3.12/site-packages/airflow/example_dags/example_branch_datetime_operator.py took 0.091 seconds
[2024-09-16T16:36:55.275+0000] {processor.py:186} INFO - Started process (PID=912) to work on /home/airflow/.local/lib/python3.12/site-packages/airflow/example_dags/example_branch_datetime_operator.py
[2024-09-16T16:36:55.277+0000] {processor.py:914} INFO - Processing file /home/airflow/.local/lib/python3.12/site-packages/airflow/example_dags/example_branch_datetime_operator.py for tasks to queue
[2024-09-16T16:36:55.280+0000] {logging_mixin.py:190} INFO - [2024-09-16T16:36:55.279+0000] {dagbag.py:587} INFO - Filling up the DagBag from /home/airflow/.local/lib/python3.12/site-packages/airflow/example_dags/example_branch_datetime_operator.py
[2024-09-16T16:36:55.288+0000] {processor.py:925} INFO - DAG(s) 'example_branch_datetime_operator_3', 'example_branch_datetime_operator', 'example_branch_datetime_operator_2' retrieved from /home/airflow/.local/lib/python3.12/site-packages/airflow/example_dags/example_branch_datetime_operator.py
[2024-09-16T16:36:55.311+0000] {logging_mixin.py:190} INFO - [2024-09-16T16:36:55.311+0000] {dag.py:3229} INFO - Sync 3 DAGs
[2024-09-16T16:36:55.332+0000] {logging_mixin.py:190} INFO - [2024-09-16T16:36:55.332+0000] {dag.py:4156} INFO - Setting next_dagrun for example_branch_datetime_operator to 2024-09-15 00:00:00+00:00, run_after=2024-09-16 00:00:00+00:00
[2024-09-16T16:36:55.336+0000] {logging_mixin.py:190} INFO - [2024-09-16T16:36:55.336+0000] {dag.py:4156} INFO - Setting next_dagrun for example_branch_datetime_operator_2 to 2024-09-15 00:00:00+00:00, run_after=2024-09-16 00:00:00+00:00
[2024-09-16T16:36:55.339+0000] {logging_mixin.py:190} INFO - [2024-09-16T16:36:55.339+0000] {dag.py:4156} INFO - Setting next_dagrun for example_branch_datetime_operator_3 to 2024-09-15 00:00:00+00:00, run_after=2024-09-16 00:00:00+00:00
[2024-09-16T16:36:55.353+0000] {processor.py:208} INFO - Processing /home/airflow/.local/lib/python3.12/site-packages/airflow/example_dags/example_branch_datetime_operator.py took 0.082 seconds
[2024-09-16T16:37:25.599+0000] {processor.py:186} INFO - Started process (PID=974) to work on /home/airflow/.local/lib/python3.12/site-packages/airflow/example_dags/example_branch_datetime_operator.py
[2024-09-16T16:37:25.600+0000] {processor.py:914} INFO - Processing file /home/airflow/.local/lib/python3.12/site-packages/airflow/example_dags/example_branch_datetime_operator.py for tasks to queue
[2024-09-16T16:37:25.602+0000] {logging_mixin.py:190} INFO - [2024-09-16T16:37:25.602+0000] {dagbag.py:587} INFO - Filling up the DagBag from /home/airflow/.local/lib/python3.12/site-packages/airflow/example_dags/example_branch_datetime_operator.py
[2024-09-16T16:37:25.614+0000] {processor.py:925} INFO - DAG(s) 'example_branch_datetime_operator_2', 'example_branch_datetime_operator', 'example_branch_datetime_operator_3' retrieved from /home/airflow/.local/lib/python3.12/site-packages/airflow/example_dags/example_branch_datetime_operator.py
[2024-09-16T16:37:25.639+0000] {logging_mixin.py:190} INFO - [2024-09-16T16:37:25.638+0000] {dag.py:3229} INFO - Sync 3 DAGs
[2024-09-16T16:37:25.659+0000] {logging_mixin.py:190} INFO - [2024-09-16T16:37:25.658+0000] {dag.py:4156} INFO - Setting next_dagrun for example_branch_datetime_operator to 2024-09-15 00:00:00+00:00, run_after=2024-09-16 00:00:00+00:00
[2024-09-16T16:37:25.664+0000] {logging_mixin.py:190} INFO - [2024-09-16T16:37:25.663+0000] {dag.py:4156} INFO - Setting next_dagrun for example_branch_datetime_operator_2 to 2024-09-15 00:00:00+00:00, run_after=2024-09-16 00:00:00+00:00
[2024-09-16T16:37:25.667+0000] {logging_mixin.py:190} INFO - [2024-09-16T16:37:25.667+0000] {dag.py:4156} INFO - Setting next_dagrun for example_branch_datetime_operator_3 to 2024-09-15 00:00:00+00:00, run_after=2024-09-16 00:00:00+00:00
[2024-09-16T16:37:25.685+0000] {processor.py:208} INFO - Processing /home/airflow/.local/lib/python3.12/site-packages/airflow/example_dags/example_branch_datetime_operator.py took 0.092 seconds
