[2024-09-16T16:25:39.510+0000] {processor.py:186} INFO - Started process (PID=76) to work on /home/airflow/.local/lib/python3.12/site-packages/airflow/example_dags/example_kubernetes_executor.py
[2024-09-16T16:25:39.512+0000] {processor.py:914} INFO - Processing file /home/airflow/.local/lib/python3.12/site-packages/airflow/example_dags/example_kubernetes_executor.py for tasks to queue
[2024-09-16T16:25:39.520+0000] {logging_mixin.py:190} INFO - [2024-09-16T16:25:39.518+0000] {dagbag.py:587} INFO - Filling up the DagBag from /home/airflow/.local/lib/python3.12/site-packages/airflow/example_dags/example_kubernetes_executor.py
[2024-09-16T16:25:39.548+0000] {processor.py:925} INFO - DAG(s) 'example_kubernetes_executor' retrieved from /home/airflow/.local/lib/python3.12/site-packages/airflow/example_dags/example_kubernetes_executor.py
[2024-09-16T16:25:39.764+0000] {logging_mixin.py:190} INFO - [2024-09-16T16:25:39.763+0000] {override.py:1900} INFO - Created Permission View: can edit on DAG:example_kubernetes_executor
[2024-09-16T16:25:39.778+0000] {logging_mixin.py:190} INFO - [2024-09-16T16:25:39.777+0000] {override.py:1900} INFO - Created Permission View: can delete on DAG:example_kubernetes_executor
[2024-09-16T16:25:39.788+0000] {logging_mixin.py:190} INFO - [2024-09-16T16:25:39.787+0000] {override.py:1900} INFO - Created Permission View: can read on DAG:example_kubernetes_executor
[2024-09-16T16:25:39.802+0000] {logging_mixin.py:190} INFO - [2024-09-16T16:25:39.801+0000] {override.py:1900} INFO - Created Permission View: can delete on DAG Run:example_kubernetes_executor
[2024-09-16T16:25:39.812+0000] {logging_mixin.py:190} INFO - [2024-09-16T16:25:39.811+0000] {override.py:1900} INFO - Created Permission View: can create on DAG Run:example_kubernetes_executor
[2024-09-16T16:25:39.825+0000] {logging_mixin.py:190} INFO - [2024-09-16T16:25:39.824+0000] {override.py:1900} INFO - Created Permission View: menu access on DAG Run:example_kubernetes_executor
[2024-09-16T16:25:39.833+0000] {logging_mixin.py:190} INFO - [2024-09-16T16:25:39.833+0000] {override.py:1900} INFO - Created Permission View: can read on DAG Run:example_kubernetes_executor
[2024-09-16T16:25:39.834+0000] {logging_mixin.py:190} INFO - [2024-09-16T16:25:39.834+0000] {dag.py:3229} INFO - Sync 1 DAGs
[2024-09-16T16:25:39.853+0000] {logging_mixin.py:190} INFO - [2024-09-16T16:25:39.852+0000] {dag.py:3252} INFO - Creating ORM DAG for example_kubernetes_executor
[2024-09-16T16:25:39.854+0000] {logging_mixin.py:190} INFO - [2024-09-16T16:25:39.854+0000] {dag.py:4156} INFO - Setting next_dagrun for example_kubernetes_executor to None, run_after=None
[2024-09-16T16:25:39.878+0000] {processor.py:208} INFO - Processing /home/airflow/.local/lib/python3.12/site-packages/airflow/example_dags/example_kubernetes_executor.py took 0.377 seconds
[2024-09-16T16:26:10.946+0000] {processor.py:186} INFO - Started process (PID=138) to work on /home/airflow/.local/lib/python3.12/site-packages/airflow/example_dags/example_kubernetes_executor.py
[2024-09-16T16:26:10.947+0000] {processor.py:914} INFO - Processing file /home/airflow/.local/lib/python3.12/site-packages/airflow/example_dags/example_kubernetes_executor.py for tasks to queue
[2024-09-16T16:26:10.950+0000] {logging_mixin.py:190} INFO - [2024-09-16T16:26:10.949+0000] {dagbag.py:587} INFO - Filling up the DagBag from /home/airflow/.local/lib/python3.12/site-packages/airflow/example_dags/example_kubernetes_executor.py
[2024-09-16T16:26:10.966+0000] {processor.py:925} INFO - DAG(s) 'example_kubernetes_executor' retrieved from /home/airflow/.local/lib/python3.12/site-packages/airflow/example_dags/example_kubernetes_executor.py
[2024-09-16T16:26:11.005+0000] {logging_mixin.py:190} INFO - [2024-09-16T16:26:11.004+0000] {dag.py:3229} INFO - Sync 1 DAGs
[2024-09-16T16:26:11.022+0000] {logging_mixin.py:190} INFO - [2024-09-16T16:26:11.022+0000] {dag.py:4156} INFO - Setting next_dagrun for example_kubernetes_executor to None, run_after=None
[2024-09-16T16:26:11.044+0000] {processor.py:208} INFO - Processing /home/airflow/.local/lib/python3.12/site-packages/airflow/example_dags/example_kubernetes_executor.py took 0.105 seconds
[2024-09-16T16:26:42.706+0000] {processor.py:186} INFO - Started process (PID=200) to work on /home/airflow/.local/lib/python3.12/site-packages/airflow/example_dags/example_kubernetes_executor.py
[2024-09-16T16:26:42.714+0000] {processor.py:914} INFO - Processing file /home/airflow/.local/lib/python3.12/site-packages/airflow/example_dags/example_kubernetes_executor.py for tasks to queue
[2024-09-16T16:26:42.723+0000] {logging_mixin.py:190} INFO - [2024-09-16T16:26:42.722+0000] {dagbag.py:587} INFO - Filling up the DagBag from /home/airflow/.local/lib/python3.12/site-packages/airflow/example_dags/example_kubernetes_executor.py
[2024-09-16T16:26:42.772+0000] {processor.py:925} INFO - DAG(s) 'example_kubernetes_executor' retrieved from /home/airflow/.local/lib/python3.12/site-packages/airflow/example_dags/example_kubernetes_executor.py
[2024-09-16T16:26:42.908+0000] {logging_mixin.py:190} INFO - [2024-09-16T16:26:42.907+0000] {dag.py:3229} INFO - Sync 1 DAGs
[2024-09-16T16:26:42.950+0000] {logging_mixin.py:190} INFO - [2024-09-16T16:26:42.950+0000] {dag.py:4156} INFO - Setting next_dagrun for example_kubernetes_executor to None, run_after=None
[2024-09-16T16:26:43.022+0000] {processor.py:208} INFO - Processing /home/airflow/.local/lib/python3.12/site-packages/airflow/example_dags/example_kubernetes_executor.py took 0.336 seconds
[2024-09-16T16:27:15.042+0000] {processor.py:186} INFO - Started process (PID=262) to work on /home/airflow/.local/lib/python3.12/site-packages/airflow/example_dags/example_kubernetes_executor.py
[2024-09-16T16:27:15.045+0000] {processor.py:914} INFO - Processing file /home/airflow/.local/lib/python3.12/site-packages/airflow/example_dags/example_kubernetes_executor.py for tasks to queue
[2024-09-16T16:27:15.051+0000] {logging_mixin.py:190} INFO - [2024-09-16T16:27:15.051+0000] {dagbag.py:587} INFO - Filling up the DagBag from /home/airflow/.local/lib/python3.12/site-packages/airflow/example_dags/example_kubernetes_executor.py
[2024-09-16T16:27:15.121+0000] {processor.py:925} INFO - DAG(s) 'example_kubernetes_executor' retrieved from /home/airflow/.local/lib/python3.12/site-packages/airflow/example_dags/example_kubernetes_executor.py
[2024-09-16T16:27:15.226+0000] {logging_mixin.py:190} INFO - [2024-09-16T16:27:15.225+0000] {dag.py:3229} INFO - Sync 1 DAGs
[2024-09-16T16:27:15.260+0000] {logging_mixin.py:190} INFO - [2024-09-16T16:27:15.260+0000] {dag.py:4156} INFO - Setting next_dagrun for example_kubernetes_executor to None, run_after=None
[2024-09-16T16:27:15.295+0000] {processor.py:208} INFO - Processing /home/airflow/.local/lib/python3.12/site-packages/airflow/example_dags/example_kubernetes_executor.py took 0.264 seconds
[2024-09-16T16:27:47.140+0000] {processor.py:186} INFO - Started process (PID=324) to work on /home/airflow/.local/lib/python3.12/site-packages/airflow/example_dags/example_kubernetes_executor.py
[2024-09-16T16:27:47.144+0000] {processor.py:914} INFO - Processing file /home/airflow/.local/lib/python3.12/site-packages/airflow/example_dags/example_kubernetes_executor.py for tasks to queue
[2024-09-16T16:27:47.156+0000] {logging_mixin.py:190} INFO - [2024-09-16T16:27:47.156+0000] {dagbag.py:587} INFO - Filling up the DagBag from /home/airflow/.local/lib/python3.12/site-packages/airflow/example_dags/example_kubernetes_executor.py
[2024-09-16T16:27:47.253+0000] {processor.py:925} INFO - DAG(s) 'example_kubernetes_executor' retrieved from /home/airflow/.local/lib/python3.12/site-packages/airflow/example_dags/example_kubernetes_executor.py
[2024-09-16T16:27:47.383+0000] {logging_mixin.py:190} INFO - [2024-09-16T16:27:47.383+0000] {dag.py:3229} INFO - Sync 1 DAGs
[2024-09-16T16:27:47.444+0000] {logging_mixin.py:190} INFO - [2024-09-16T16:27:47.444+0000] {dag.py:4156} INFO - Setting next_dagrun for example_kubernetes_executor to None, run_after=None
[2024-09-16T16:27:47.515+0000] {processor.py:208} INFO - Processing /home/airflow/.local/lib/python3.12/site-packages/airflow/example_dags/example_kubernetes_executor.py took 0.424 seconds
[2024-09-16T16:28:17.764+0000] {processor.py:186} INFO - Started process (PID=386) to work on /home/airflow/.local/lib/python3.12/site-packages/airflow/example_dags/example_kubernetes_executor.py
[2024-09-16T16:28:17.773+0000] {processor.py:914} INFO - Processing file /home/airflow/.local/lib/python3.12/site-packages/airflow/example_dags/example_kubernetes_executor.py for tasks to queue
[2024-09-16T16:28:17.778+0000] {logging_mixin.py:190} INFO - [2024-09-16T16:28:17.777+0000] {dagbag.py:587} INFO - Filling up the DagBag from /home/airflow/.local/lib/python3.12/site-packages/airflow/example_dags/example_kubernetes_executor.py
[2024-09-16T16:28:17.806+0000] {processor.py:925} INFO - DAG(s) 'example_kubernetes_executor' retrieved from /home/airflow/.local/lib/python3.12/site-packages/airflow/example_dags/example_kubernetes_executor.py
[2024-09-16T16:28:17.868+0000] {logging_mixin.py:190} INFO - [2024-09-16T16:28:17.867+0000] {dag.py:3229} INFO - Sync 1 DAGs
[2024-09-16T16:28:17.895+0000] {logging_mixin.py:190} INFO - [2024-09-16T16:28:17.894+0000] {dag.py:4156} INFO - Setting next_dagrun for example_kubernetes_executor to None, run_after=None
[2024-09-16T16:28:17.925+0000] {processor.py:208} INFO - Processing /home/airflow/.local/lib/python3.12/site-packages/airflow/example_dags/example_kubernetes_executor.py took 0.170 seconds
[2024-09-16T16:30:12.978+0000] {processor.py:186} INFO - Started process (PID=73) to work on /home/airflow/.local/lib/python3.12/site-packages/airflow/example_dags/example_kubernetes_executor.py
[2024-09-16T16:30:12.979+0000] {processor.py:914} INFO - Processing file /home/airflow/.local/lib/python3.12/site-packages/airflow/example_dags/example_kubernetes_executor.py for tasks to queue
[2024-09-16T16:30:12.984+0000] {logging_mixin.py:190} INFO - [2024-09-16T16:30:12.983+0000] {dagbag.py:587} INFO - Filling up the DagBag from /home/airflow/.local/lib/python3.12/site-packages/airflow/example_dags/example_kubernetes_executor.py
[2024-09-16T16:30:13.008+0000] {processor.py:925} INFO - DAG(s) 'example_kubernetes_executor' retrieved from /home/airflow/.local/lib/python3.12/site-packages/airflow/example_dags/example_kubernetes_executor.py
[2024-09-16T16:30:13.081+0000] {logging_mixin.py:190} INFO - [2024-09-16T16:30:13.081+0000] {dag.py:3229} INFO - Sync 1 DAGs
[2024-09-16T16:30:13.125+0000] {logging_mixin.py:190} INFO - [2024-09-16T16:30:13.125+0000] {dag.py:4156} INFO - Setting next_dagrun for example_kubernetes_executor to None, run_after=None
[2024-09-16T16:30:13.167+0000] {processor.py:208} INFO - Processing /home/airflow/.local/lib/python3.12/site-packages/airflow/example_dags/example_kubernetes_executor.py took 0.197 seconds
[2024-09-16T16:30:43.529+0000] {processor.py:186} INFO - Started process (PID=135) to work on /home/airflow/.local/lib/python3.12/site-packages/airflow/example_dags/example_kubernetes_executor.py
[2024-09-16T16:30:43.530+0000] {processor.py:914} INFO - Processing file /home/airflow/.local/lib/python3.12/site-packages/airflow/example_dags/example_kubernetes_executor.py for tasks to queue
[2024-09-16T16:30:43.532+0000] {logging_mixin.py:190} INFO - [2024-09-16T16:30:43.532+0000] {dagbag.py:587} INFO - Filling up the DagBag from /home/airflow/.local/lib/python3.12/site-packages/airflow/example_dags/example_kubernetes_executor.py
[2024-09-16T16:30:43.545+0000] {processor.py:925} INFO - DAG(s) 'example_kubernetes_executor' retrieved from /home/airflow/.local/lib/python3.12/site-packages/airflow/example_dags/example_kubernetes_executor.py
[2024-09-16T16:30:43.580+0000] {logging_mixin.py:190} INFO - [2024-09-16T16:30:43.579+0000] {dag.py:3229} INFO - Sync 1 DAGs
[2024-09-16T16:30:43.591+0000] {logging_mixin.py:190} INFO - [2024-09-16T16:30:43.591+0000] {dag.py:4156} INFO - Setting next_dagrun for example_kubernetes_executor to None, run_after=None
[2024-09-16T16:30:43.607+0000] {processor.py:208} INFO - Processing /home/airflow/.local/lib/python3.12/site-packages/airflow/example_dags/example_kubernetes_executor.py took 0.083 seconds
[2024-09-16T16:31:14.266+0000] {processor.py:186} INFO - Started process (PID=197) to work on /home/airflow/.local/lib/python3.12/site-packages/airflow/example_dags/example_kubernetes_executor.py
[2024-09-16T16:31:14.267+0000] {processor.py:914} INFO - Processing file /home/airflow/.local/lib/python3.12/site-packages/airflow/example_dags/example_kubernetes_executor.py for tasks to queue
[2024-09-16T16:31:14.269+0000] {logging_mixin.py:190} INFO - [2024-09-16T16:31:14.268+0000] {dagbag.py:587} INFO - Filling up the DagBag from /home/airflow/.local/lib/python3.12/site-packages/airflow/example_dags/example_kubernetes_executor.py
[2024-09-16T16:31:14.278+0000] {processor.py:925} INFO - DAG(s) 'example_kubernetes_executor' retrieved from /home/airflow/.local/lib/python3.12/site-packages/airflow/example_dags/example_kubernetes_executor.py
[2024-09-16T16:31:14.308+0000] {logging_mixin.py:190} INFO - [2024-09-16T16:31:14.307+0000] {dag.py:3229} INFO - Sync 1 DAGs
[2024-09-16T16:31:14.319+0000] {logging_mixin.py:190} INFO - [2024-09-16T16:31:14.318+0000] {dag.py:4156} INFO - Setting next_dagrun for example_kubernetes_executor to None, run_after=None
[2024-09-16T16:31:14.332+0000] {processor.py:208} INFO - Processing /home/airflow/.local/lib/python3.12/site-packages/airflow/example_dags/example_kubernetes_executor.py took 0.071 seconds
[2024-09-16T16:31:44.761+0000] {processor.py:186} INFO - Started process (PID=259) to work on /home/airflow/.local/lib/python3.12/site-packages/airflow/example_dags/example_kubernetes_executor.py
[2024-09-16T16:31:44.762+0000] {processor.py:914} INFO - Processing file /home/airflow/.local/lib/python3.12/site-packages/airflow/example_dags/example_kubernetes_executor.py for tasks to queue
[2024-09-16T16:31:44.764+0000] {logging_mixin.py:190} INFO - [2024-09-16T16:31:44.763+0000] {dagbag.py:587} INFO - Filling up the DagBag from /home/airflow/.local/lib/python3.12/site-packages/airflow/example_dags/example_kubernetes_executor.py
[2024-09-16T16:31:44.774+0000] {processor.py:925} INFO - DAG(s) 'example_kubernetes_executor' retrieved from /home/airflow/.local/lib/python3.12/site-packages/airflow/example_dags/example_kubernetes_executor.py
[2024-09-16T16:31:44.805+0000] {logging_mixin.py:190} INFO - [2024-09-16T16:31:44.805+0000] {dag.py:3229} INFO - Sync 1 DAGs
[2024-09-16T16:31:44.815+0000] {logging_mixin.py:190} INFO - [2024-09-16T16:31:44.815+0000] {dag.py:4156} INFO - Setting next_dagrun for example_kubernetes_executor to None, run_after=None
[2024-09-16T16:31:44.833+0000] {processor.py:208} INFO - Processing /home/airflow/.local/lib/python3.12/site-packages/airflow/example_dags/example_kubernetes_executor.py took 0.076 seconds
[2024-09-16T16:32:15.187+0000] {processor.py:186} INFO - Started process (PID=321) to work on /home/airflow/.local/lib/python3.12/site-packages/airflow/example_dags/example_kubernetes_executor.py
[2024-09-16T16:32:15.188+0000] {processor.py:914} INFO - Processing file /home/airflow/.local/lib/python3.12/site-packages/airflow/example_dags/example_kubernetes_executor.py for tasks to queue
[2024-09-16T16:32:15.190+0000] {logging_mixin.py:190} INFO - [2024-09-16T16:32:15.190+0000] {dagbag.py:587} INFO - Filling up the DagBag from /home/airflow/.local/lib/python3.12/site-packages/airflow/example_dags/example_kubernetes_executor.py
[2024-09-16T16:32:15.202+0000] {processor.py:925} INFO - DAG(s) 'example_kubernetes_executor' retrieved from /home/airflow/.local/lib/python3.12/site-packages/airflow/example_dags/example_kubernetes_executor.py
[2024-09-16T16:32:15.239+0000] {logging_mixin.py:190} INFO - [2024-09-16T16:32:15.238+0000] {dag.py:3229} INFO - Sync 1 DAGs
[2024-09-16T16:32:15.252+0000] {logging_mixin.py:190} INFO - [2024-09-16T16:32:15.251+0000] {dag.py:4156} INFO - Setting next_dagrun for example_kubernetes_executor to None, run_after=None
[2024-09-16T16:32:15.272+0000] {processor.py:208} INFO - Processing /home/airflow/.local/lib/python3.12/site-packages/airflow/example_dags/example_kubernetes_executor.py took 0.091 seconds
[2024-09-16T16:32:45.673+0000] {processor.py:186} INFO - Started process (PID=383) to work on /home/airflow/.local/lib/python3.12/site-packages/airflow/example_dags/example_kubernetes_executor.py
[2024-09-16T16:32:45.674+0000] {processor.py:914} INFO - Processing file /home/airflow/.local/lib/python3.12/site-packages/airflow/example_dags/example_kubernetes_executor.py for tasks to queue
[2024-09-16T16:32:45.676+0000] {logging_mixin.py:190} INFO - [2024-09-16T16:32:45.676+0000] {dagbag.py:587} INFO - Filling up the DagBag from /home/airflow/.local/lib/python3.12/site-packages/airflow/example_dags/example_kubernetes_executor.py
[2024-09-16T16:32:45.687+0000] {processor.py:925} INFO - DAG(s) 'example_kubernetes_executor' retrieved from /home/airflow/.local/lib/python3.12/site-packages/airflow/example_dags/example_kubernetes_executor.py
[2024-09-16T16:32:45.718+0000] {logging_mixin.py:190} INFO - [2024-09-16T16:32:45.718+0000] {dag.py:3229} INFO - Sync 1 DAGs
[2024-09-16T16:32:45.731+0000] {logging_mixin.py:190} INFO - [2024-09-16T16:32:45.731+0000] {dag.py:4156} INFO - Setting next_dagrun for example_kubernetes_executor to None, run_after=None
[2024-09-16T16:32:45.749+0000] {processor.py:208} INFO - Processing /home/airflow/.local/lib/python3.12/site-packages/airflow/example_dags/example_kubernetes_executor.py took 0.081 seconds
[2024-09-16T16:33:16.223+0000] {processor.py:186} INFO - Started process (PID=445) to work on /home/airflow/.local/lib/python3.12/site-packages/airflow/example_dags/example_kubernetes_executor.py
[2024-09-16T16:33:16.224+0000] {processor.py:914} INFO - Processing file /home/airflow/.local/lib/python3.12/site-packages/airflow/example_dags/example_kubernetes_executor.py for tasks to queue
[2024-09-16T16:33:16.227+0000] {logging_mixin.py:190} INFO - [2024-09-16T16:33:16.226+0000] {dagbag.py:587} INFO - Filling up the DagBag from /home/airflow/.local/lib/python3.12/site-packages/airflow/example_dags/example_kubernetes_executor.py
[2024-09-16T16:33:16.238+0000] {processor.py:925} INFO - DAG(s) 'example_kubernetes_executor' retrieved from /home/airflow/.local/lib/python3.12/site-packages/airflow/example_dags/example_kubernetes_executor.py
[2024-09-16T16:33:16.274+0000] {logging_mixin.py:190} INFO - [2024-09-16T16:33:16.273+0000] {dag.py:3229} INFO - Sync 1 DAGs
[2024-09-16T16:33:16.289+0000] {logging_mixin.py:190} INFO - [2024-09-16T16:33:16.288+0000] {dag.py:4156} INFO - Setting next_dagrun for example_kubernetes_executor to None, run_after=None
[2024-09-16T16:33:16.310+0000] {processor.py:208} INFO - Processing /home/airflow/.local/lib/python3.12/site-packages/airflow/example_dags/example_kubernetes_executor.py took 0.093 seconds
[2024-09-16T16:33:46.509+0000] {processor.py:186} INFO - Started process (PID=507) to work on /home/airflow/.local/lib/python3.12/site-packages/airflow/example_dags/example_kubernetes_executor.py
[2024-09-16T16:33:46.510+0000] {processor.py:914} INFO - Processing file /home/airflow/.local/lib/python3.12/site-packages/airflow/example_dags/example_kubernetes_executor.py for tasks to queue
[2024-09-16T16:33:46.512+0000] {logging_mixin.py:190} INFO - [2024-09-16T16:33:46.512+0000] {dagbag.py:587} INFO - Filling up the DagBag from /home/airflow/.local/lib/python3.12/site-packages/airflow/example_dags/example_kubernetes_executor.py
[2024-09-16T16:33:46.522+0000] {processor.py:925} INFO - DAG(s) 'example_kubernetes_executor' retrieved from /home/airflow/.local/lib/python3.12/site-packages/airflow/example_dags/example_kubernetes_executor.py
[2024-09-16T16:33:46.553+0000] {logging_mixin.py:190} INFO - [2024-09-16T16:33:46.553+0000] {dag.py:3229} INFO - Sync 1 DAGs
[2024-09-16T16:33:46.566+0000] {logging_mixin.py:190} INFO - [2024-09-16T16:33:46.566+0000] {dag.py:4156} INFO - Setting next_dagrun for example_kubernetes_executor to None, run_after=None
[2024-09-16T16:33:46.584+0000] {processor.py:208} INFO - Processing /home/airflow/.local/lib/python3.12/site-packages/airflow/example_dags/example_kubernetes_executor.py took 0.079 seconds
[2024-09-16T16:34:17.085+0000] {processor.py:186} INFO - Started process (PID=569) to work on /home/airflow/.local/lib/python3.12/site-packages/airflow/example_dags/example_kubernetes_executor.py
[2024-09-16T16:34:17.086+0000] {processor.py:914} INFO - Processing file /home/airflow/.local/lib/python3.12/site-packages/airflow/example_dags/example_kubernetes_executor.py for tasks to queue
[2024-09-16T16:34:17.088+0000] {logging_mixin.py:190} INFO - [2024-09-16T16:34:17.088+0000] {dagbag.py:587} INFO - Filling up the DagBag from /home/airflow/.local/lib/python3.12/site-packages/airflow/example_dags/example_kubernetes_executor.py
[2024-09-16T16:34:17.100+0000] {processor.py:925} INFO - DAG(s) 'example_kubernetes_executor' retrieved from /home/airflow/.local/lib/python3.12/site-packages/airflow/example_dags/example_kubernetes_executor.py
[2024-09-16T16:34:17.138+0000] {logging_mixin.py:190} INFO - [2024-09-16T16:34:17.138+0000] {dag.py:3229} INFO - Sync 1 DAGs
[2024-09-16T16:34:17.153+0000] {logging_mixin.py:190} INFO - [2024-09-16T16:34:17.153+0000] {dag.py:4156} INFO - Setting next_dagrun for example_kubernetes_executor to None, run_after=None
[2024-09-16T16:34:17.185+0000] {processor.py:208} INFO - Processing /home/airflow/.local/lib/python3.12/site-packages/airflow/example_dags/example_kubernetes_executor.py took 0.105 seconds
[2024-09-16T16:34:47.664+0000] {processor.py:186} INFO - Started process (PID=631) to work on /home/airflow/.local/lib/python3.12/site-packages/airflow/example_dags/example_kubernetes_executor.py
[2024-09-16T16:34:47.665+0000] {processor.py:914} INFO - Processing file /home/airflow/.local/lib/python3.12/site-packages/airflow/example_dags/example_kubernetes_executor.py for tasks to queue
[2024-09-16T16:34:47.668+0000] {logging_mixin.py:190} INFO - [2024-09-16T16:34:47.667+0000] {dagbag.py:587} INFO - Filling up the DagBag from /home/airflow/.local/lib/python3.12/site-packages/airflow/example_dags/example_kubernetes_executor.py
[2024-09-16T16:34:47.679+0000] {processor.py:925} INFO - DAG(s) 'example_kubernetes_executor' retrieved from /home/airflow/.local/lib/python3.12/site-packages/airflow/example_dags/example_kubernetes_executor.py
[2024-09-16T16:34:47.715+0000] {logging_mixin.py:190} INFO - [2024-09-16T16:34:47.715+0000] {dag.py:3229} INFO - Sync 1 DAGs
[2024-09-16T16:34:47.729+0000] {logging_mixin.py:190} INFO - [2024-09-16T16:34:47.729+0000] {dag.py:4156} INFO - Setting next_dagrun for example_kubernetes_executor to None, run_after=None
[2024-09-16T16:34:47.751+0000] {processor.py:208} INFO - Processing /home/airflow/.local/lib/python3.12/site-packages/airflow/example_dags/example_kubernetes_executor.py took 0.091 seconds
[2024-09-16T16:35:18.285+0000] {processor.py:186} INFO - Started process (PID=694) to work on /home/airflow/.local/lib/python3.12/site-packages/airflow/example_dags/example_kubernetes_executor.py
[2024-09-16T16:35:18.286+0000] {processor.py:914} INFO - Processing file /home/airflow/.local/lib/python3.12/site-packages/airflow/example_dags/example_kubernetes_executor.py for tasks to queue
[2024-09-16T16:35:18.288+0000] {logging_mixin.py:190} INFO - [2024-09-16T16:35:18.288+0000] {dagbag.py:587} INFO - Filling up the DagBag from /home/airflow/.local/lib/python3.12/site-packages/airflow/example_dags/example_kubernetes_executor.py
[2024-09-16T16:35:18.301+0000] {processor.py:925} INFO - DAG(s) 'example_kubernetes_executor' retrieved from /home/airflow/.local/lib/python3.12/site-packages/airflow/example_dags/example_kubernetes_executor.py
[2024-09-16T16:35:18.334+0000] {logging_mixin.py:190} INFO - [2024-09-16T16:35:18.334+0000] {dag.py:3229} INFO - Sync 1 DAGs
[2024-09-16T16:35:18.349+0000] {logging_mixin.py:190} INFO - [2024-09-16T16:35:18.349+0000] {dag.py:4156} INFO - Setting next_dagrun for example_kubernetes_executor to None, run_after=None
[2024-09-16T16:35:18.367+0000] {processor.py:208} INFO - Processing /home/airflow/.local/lib/python3.12/site-packages/airflow/example_dags/example_kubernetes_executor.py took 0.087 seconds
[2024-09-16T16:35:48.709+0000] {processor.py:186} INFO - Started process (PID=756) to work on /home/airflow/.local/lib/python3.12/site-packages/airflow/example_dags/example_kubernetes_executor.py
[2024-09-16T16:35:48.710+0000] {processor.py:914} INFO - Processing file /home/airflow/.local/lib/python3.12/site-packages/airflow/example_dags/example_kubernetes_executor.py for tasks to queue
[2024-09-16T16:35:48.712+0000] {logging_mixin.py:190} INFO - [2024-09-16T16:35:48.712+0000] {dagbag.py:587} INFO - Filling up the DagBag from /home/airflow/.local/lib/python3.12/site-packages/airflow/example_dags/example_kubernetes_executor.py
[2024-09-16T16:35:48.726+0000] {processor.py:925} INFO - DAG(s) 'example_kubernetes_executor' retrieved from /home/airflow/.local/lib/python3.12/site-packages/airflow/example_dags/example_kubernetes_executor.py
[2024-09-16T16:35:48.763+0000] {logging_mixin.py:190} INFO - [2024-09-16T16:35:48.763+0000] {dag.py:3229} INFO - Sync 1 DAGs
[2024-09-16T16:35:48.777+0000] {logging_mixin.py:190} INFO - [2024-09-16T16:35:48.777+0000] {dag.py:4156} INFO - Setting next_dagrun for example_kubernetes_executor to None, run_after=None
[2024-09-16T16:35:48.803+0000] {processor.py:208} INFO - Processing /home/airflow/.local/lib/python3.12/site-packages/airflow/example_dags/example_kubernetes_executor.py took 0.099 seconds
[2024-09-16T16:36:19.708+0000] {processor.py:186} INFO - Started process (PID=818) to work on /home/airflow/.local/lib/python3.12/site-packages/airflow/example_dags/example_kubernetes_executor.py
[2024-09-16T16:36:19.710+0000] {processor.py:914} INFO - Processing file /home/airflow/.local/lib/python3.12/site-packages/airflow/example_dags/example_kubernetes_executor.py for tasks to queue
[2024-09-16T16:36:19.712+0000] {logging_mixin.py:190} INFO - [2024-09-16T16:36:19.712+0000] {dagbag.py:587} INFO - Filling up the DagBag from /home/airflow/.local/lib/python3.12/site-packages/airflow/example_dags/example_kubernetes_executor.py
[2024-09-16T16:36:19.728+0000] {processor.py:925} INFO - DAG(s) 'example_kubernetes_executor' retrieved from /home/airflow/.local/lib/python3.12/site-packages/airflow/example_dags/example_kubernetes_executor.py
[2024-09-16T16:36:19.766+0000] {logging_mixin.py:190} INFO - [2024-09-16T16:36:19.766+0000] {dag.py:3229} INFO - Sync 1 DAGs
[2024-09-16T16:36:19.781+0000] {logging_mixin.py:190} INFO - [2024-09-16T16:36:19.780+0000] {dag.py:4156} INFO - Setting next_dagrun for example_kubernetes_executor to None, run_after=None
[2024-09-16T16:36:19.801+0000] {processor.py:208} INFO - Processing /home/airflow/.local/lib/python3.12/site-packages/airflow/example_dags/example_kubernetes_executor.py took 0.100 seconds
[2024-09-16T16:36:50.366+0000] {processor.py:186} INFO - Started process (PID=880) to work on /home/airflow/.local/lib/python3.12/site-packages/airflow/example_dags/example_kubernetes_executor.py
[2024-09-16T16:36:50.367+0000] {processor.py:914} INFO - Processing file /home/airflow/.local/lib/python3.12/site-packages/airflow/example_dags/example_kubernetes_executor.py for tasks to queue
[2024-09-16T16:36:50.369+0000] {logging_mixin.py:190} INFO - [2024-09-16T16:36:50.369+0000] {dagbag.py:587} INFO - Filling up the DagBag from /home/airflow/.local/lib/python3.12/site-packages/airflow/example_dags/example_kubernetes_executor.py
[2024-09-16T16:36:50.382+0000] {processor.py:925} INFO - DAG(s) 'example_kubernetes_executor' retrieved from /home/airflow/.local/lib/python3.12/site-packages/airflow/example_dags/example_kubernetes_executor.py
[2024-09-16T16:36:50.416+0000] {logging_mixin.py:190} INFO - [2024-09-16T16:36:50.415+0000] {dag.py:3229} INFO - Sync 1 DAGs
[2024-09-16T16:36:50.428+0000] {logging_mixin.py:190} INFO - [2024-09-16T16:36:50.428+0000] {dag.py:4156} INFO - Setting next_dagrun for example_kubernetes_executor to None, run_after=None
[2024-09-16T16:36:50.448+0000] {processor.py:208} INFO - Processing /home/airflow/.local/lib/python3.12/site-packages/airflow/example_dags/example_kubernetes_executor.py took 0.087 seconds
[2024-09-16T16:37:20.777+0000] {processor.py:186} INFO - Started process (PID=942) to work on /home/airflow/.local/lib/python3.12/site-packages/airflow/example_dags/example_kubernetes_executor.py
[2024-09-16T16:37:20.778+0000] {processor.py:914} INFO - Processing file /home/airflow/.local/lib/python3.12/site-packages/airflow/example_dags/example_kubernetes_executor.py for tasks to queue
[2024-09-16T16:37:20.781+0000] {logging_mixin.py:190} INFO - [2024-09-16T16:37:20.781+0000] {dagbag.py:587} INFO - Filling up the DagBag from /home/airflow/.local/lib/python3.12/site-packages/airflow/example_dags/example_kubernetes_executor.py
[2024-09-16T16:37:20.794+0000] {processor.py:925} INFO - DAG(s) 'example_kubernetes_executor' retrieved from /home/airflow/.local/lib/python3.12/site-packages/airflow/example_dags/example_kubernetes_executor.py
[2024-09-16T16:37:20.830+0000] {logging_mixin.py:190} INFO - [2024-09-16T16:37:20.830+0000] {dag.py:3229} INFO - Sync 1 DAGs
[2024-09-16T16:37:20.843+0000] {logging_mixin.py:190} INFO - [2024-09-16T16:37:20.843+0000] {dag.py:4156} INFO - Setting next_dagrun for example_kubernetes_executor to None, run_after=None
[2024-09-16T16:37:20.860+0000] {processor.py:208} INFO - Processing /home/airflow/.local/lib/python3.12/site-packages/airflow/example_dags/example_kubernetes_executor.py took 0.088 seconds
