[2024-09-16T16:25:46.666+0000] {processor.py:186} INFO - Started process (PID=110) to work on /home/airflow/.local/lib/python3.12/site-packages/airflow/example_dags/example_branch_python_dop_operator_3.py
[2024-09-16T16:25:46.668+0000] {processor.py:914} INFO - Processing file /home/airflow/.local/lib/python3.12/site-packages/airflow/example_dags/example_branch_python_dop_operator_3.py for tasks to queue
[2024-09-16T16:25:46.671+0000] {logging_mixin.py:190} INFO - [2024-09-16T16:25:46.671+0000] {dagbag.py:587} INFO - Filling up the DagBag from /home/airflow/.local/lib/python3.12/site-packages/airflow/example_dags/example_branch_python_dop_operator_3.py
[2024-09-16T16:25:46.684+0000] {processor.py:925} INFO - DAG(s) 'example_branch_dop_operator_v3' retrieved from /home/airflow/.local/lib/python3.12/site-packages/airflow/example_dags/example_branch_python_dop_operator_3.py
[2024-09-16T16:25:46.819+0000] {logging_mixin.py:190} INFO - [2024-09-16T16:25:46.818+0000] {override.py:1900} INFO - Created Permission View: can edit on DAG:example_branch_dop_operator_v3
[2024-09-16T16:25:46.830+0000] {logging_mixin.py:190} INFO - [2024-09-16T16:25:46.830+0000] {override.py:1900} INFO - Created Permission View: can delete on DAG:example_branch_dop_operator_v3
[2024-09-16T16:25:46.839+0000] {logging_mixin.py:190} INFO - [2024-09-16T16:25:46.839+0000] {override.py:1900} INFO - Created Permission View: can read on DAG:example_branch_dop_operator_v3
[2024-09-16T16:25:46.847+0000] {logging_mixin.py:190} INFO - [2024-09-16T16:25:46.847+0000] {override.py:1900} INFO - Created Permission View: can delete on DAG Run:example_branch_dop_operator_v3
[2024-09-16T16:25:46.857+0000] {logging_mixin.py:190} INFO - [2024-09-16T16:25:46.856+0000] {override.py:1900} INFO - Created Permission View: can create on DAG Run:example_branch_dop_operator_v3
[2024-09-16T16:25:46.865+0000] {logging_mixin.py:190} INFO - [2024-09-16T16:25:46.865+0000] {override.py:1900} INFO - Created Permission View: menu access on DAG Run:example_branch_dop_operator_v3
[2024-09-16T16:25:46.873+0000] {logging_mixin.py:190} INFO - [2024-09-16T16:25:46.873+0000] {override.py:1900} INFO - Created Permission View: can read on DAG Run:example_branch_dop_operator_v3
[2024-09-16T16:25:46.874+0000] {logging_mixin.py:190} INFO - [2024-09-16T16:25:46.874+0000] {dag.py:3229} INFO - Sync 1 DAGs
[2024-09-16T16:25:46.892+0000] {logging_mixin.py:190} INFO - [2024-09-16T16:25:46.891+0000] {dag.py:3252} INFO - Creating ORM DAG for example_branch_dop_operator_v3
[2024-09-16T16:25:46.909+0000] {logging_mixin.py:190} INFO - [2024-09-16T16:25:46.909+0000] {dag.py:4156} INFO - Setting next_dagrun for example_branch_dop_operator_v3 to 2024-09-16 16:24:00+00:00, run_after=2024-09-16 16:25:00+00:00
[2024-09-16T16:25:46.931+0000] {processor.py:208} INFO - Processing /home/airflow/.local/lib/python3.12/site-packages/airflow/example_dags/example_branch_python_dop_operator_3.py took 0.272 seconds
[2024-09-16T16:26:17.601+0000] {processor.py:186} INFO - Started process (PID=172) to work on /home/airflow/.local/lib/python3.12/site-packages/airflow/example_dags/example_branch_python_dop_operator_3.py
[2024-09-16T16:26:17.603+0000] {processor.py:914} INFO - Processing file /home/airflow/.local/lib/python3.12/site-packages/airflow/example_dags/example_branch_python_dop_operator_3.py for tasks to queue
[2024-09-16T16:26:17.612+0000] {logging_mixin.py:190} INFO - [2024-09-16T16:26:17.611+0000] {dagbag.py:587} INFO - Filling up the DagBag from /home/airflow/.local/lib/python3.12/site-packages/airflow/example_dags/example_branch_python_dop_operator_3.py
[2024-09-16T16:26:17.631+0000] {processor.py:925} INFO - DAG(s) 'example_branch_dop_operator_v3' retrieved from /home/airflow/.local/lib/python3.12/site-packages/airflow/example_dags/example_branch_python_dop_operator_3.py
[2024-09-16T16:26:17.668+0000] {logging_mixin.py:190} INFO - [2024-09-16T16:26:17.668+0000] {dag.py:3229} INFO - Sync 1 DAGs
[2024-09-16T16:26:17.738+0000] {logging_mixin.py:190} INFO - [2024-09-16T16:26:17.738+0000] {dag.py:4156} INFO - Setting next_dagrun for example_branch_dop_operator_v3 to 2024-09-16 16:25:00+00:00, run_after=2024-09-16 16:26:00+00:00
[2024-09-16T16:26:17.788+0000] {processor.py:208} INFO - Processing /home/airflow/.local/lib/python3.12/site-packages/airflow/example_dags/example_branch_python_dop_operator_3.py took 0.196 seconds
[2024-09-16T16:26:48.366+0000] {processor.py:186} INFO - Started process (PID=234) to work on /home/airflow/.local/lib/python3.12/site-packages/airflow/example_dags/example_branch_python_dop_operator_3.py
[2024-09-16T16:26:48.368+0000] {processor.py:914} INFO - Processing file /home/airflow/.local/lib/python3.12/site-packages/airflow/example_dags/example_branch_python_dop_operator_3.py for tasks to queue
[2024-09-16T16:26:48.370+0000] {logging_mixin.py:190} INFO - [2024-09-16T16:26:48.370+0000] {dagbag.py:587} INFO - Filling up the DagBag from /home/airflow/.local/lib/python3.12/site-packages/airflow/example_dags/example_branch_python_dop_operator_3.py
[2024-09-16T16:26:48.387+0000] {processor.py:925} INFO - DAG(s) 'example_branch_dop_operator_v3' retrieved from /home/airflow/.local/lib/python3.12/site-packages/airflow/example_dags/example_branch_python_dop_operator_3.py
[2024-09-16T16:26:48.419+0000] {logging_mixin.py:190} INFO - [2024-09-16T16:26:48.419+0000] {dag.py:3229} INFO - Sync 1 DAGs
[2024-09-16T16:26:48.454+0000] {logging_mixin.py:190} INFO - [2024-09-16T16:26:48.454+0000] {dag.py:4156} INFO - Setting next_dagrun for example_branch_dop_operator_v3 to 2024-09-16 16:25:00+00:00, run_after=2024-09-16 16:26:00+00:00
[2024-09-16T16:26:48.485+0000] {processor.py:208} INFO - Processing /home/airflow/.local/lib/python3.12/site-packages/airflow/example_dags/example_branch_python_dop_operator_3.py took 0.128 seconds
[2024-09-16T16:27:18.819+0000] {processor.py:186} INFO - Started process (PID=296) to work on /home/airflow/.local/lib/python3.12/site-packages/airflow/example_dags/example_branch_python_dop_operator_3.py
[2024-09-16T16:27:18.820+0000] {processor.py:914} INFO - Processing file /home/airflow/.local/lib/python3.12/site-packages/airflow/example_dags/example_branch_python_dop_operator_3.py for tasks to queue
[2024-09-16T16:27:18.824+0000] {logging_mixin.py:190} INFO - [2024-09-16T16:27:18.823+0000] {dagbag.py:587} INFO - Filling up the DagBag from /home/airflow/.local/lib/python3.12/site-packages/airflow/example_dags/example_branch_python_dop_operator_3.py
[2024-09-16T16:27:18.842+0000] {processor.py:925} INFO - DAG(s) 'example_branch_dop_operator_v3' retrieved from /home/airflow/.local/lib/python3.12/site-packages/airflow/example_dags/example_branch_python_dop_operator_3.py
[2024-09-16T16:27:18.871+0000] {logging_mixin.py:190} INFO - [2024-09-16T16:27:18.871+0000] {dag.py:3229} INFO - Sync 1 DAGs
[2024-09-16T16:27:18.912+0000] {logging_mixin.py:190} INFO - [2024-09-16T16:27:18.912+0000] {dag.py:4156} INFO - Setting next_dagrun for example_branch_dop_operator_v3 to 2024-09-16 16:26:00+00:00, run_after=2024-09-16 16:27:00+00:00
[2024-09-16T16:27:18.940+0000] {processor.py:208} INFO - Processing /home/airflow/.local/lib/python3.12/site-packages/airflow/example_dags/example_branch_python_dop_operator_3.py took 0.129 seconds
[2024-09-16T16:27:55.031+0000] {processor.py:186} INFO - Started process (PID=364) to work on /home/airflow/.local/lib/python3.12/site-packages/airflow/example_dags/example_branch_python_dop_operator_3.py
[2024-09-16T16:27:55.034+0000] {processor.py:914} INFO - Processing file /home/airflow/.local/lib/python3.12/site-packages/airflow/example_dags/example_branch_python_dop_operator_3.py for tasks to queue
[2024-09-16T16:27:55.039+0000] {logging_mixin.py:190} INFO - [2024-09-16T16:27:55.039+0000] {dagbag.py:587} INFO - Filling up the DagBag from /home/airflow/.local/lib/python3.12/site-packages/airflow/example_dags/example_branch_python_dop_operator_3.py
[2024-09-16T16:27:55.070+0000] {processor.py:925} INFO - DAG(s) 'example_branch_dop_operator_v3' retrieved from /home/airflow/.local/lib/python3.12/site-packages/airflow/example_dags/example_branch_python_dop_operator_3.py
[2024-09-16T16:27:55.146+0000] {logging_mixin.py:190} INFO - [2024-09-16T16:27:55.146+0000] {dag.py:3229} INFO - Sync 1 DAGs
[2024-09-16T16:27:55.200+0000] {logging_mixin.py:190} INFO - [2024-09-16T16:27:55.199+0000] {dag.py:4156} INFO - Setting next_dagrun for example_branch_dop_operator_v3 to 2024-09-16 16:26:00+00:00, run_after=2024-09-16 16:27:00+00:00
[2024-09-16T16:27:55.248+0000] {processor.py:208} INFO - Processing /home/airflow/.local/lib/python3.12/site-packages/airflow/example_dags/example_branch_python_dop_operator_3.py took 0.240 seconds
[2024-09-16T16:28:25.871+0000] {processor.py:186} INFO - Started process (PID=427) to work on /home/airflow/.local/lib/python3.12/site-packages/airflow/example_dags/example_branch_python_dop_operator_3.py
[2024-09-16T16:28:25.875+0000] {processor.py:914} INFO - Processing file /home/airflow/.local/lib/python3.12/site-packages/airflow/example_dags/example_branch_python_dop_operator_3.py for tasks to queue
[2024-09-16T16:28:25.881+0000] {logging_mixin.py:190} INFO - [2024-09-16T16:28:25.880+0000] {dagbag.py:587} INFO - Filling up the DagBag from /home/airflow/.local/lib/python3.12/site-packages/airflow/example_dags/example_branch_python_dop_operator_3.py
[2024-09-16T16:28:25.919+0000] {processor.py:925} INFO - DAG(s) 'example_branch_dop_operator_v3' retrieved from /home/airflow/.local/lib/python3.12/site-packages/airflow/example_dags/example_branch_python_dop_operator_3.py
[2024-09-16T16:28:25.985+0000] {logging_mixin.py:190} INFO - [2024-09-16T16:28:25.985+0000] {dag.py:3229} INFO - Sync 1 DAGs
[2024-09-16T16:28:26.076+0000] {logging_mixin.py:190} INFO - [2024-09-16T16:28:26.075+0000] {dag.py:4156} INFO - Setting next_dagrun for example_branch_dop_operator_v3 to 2024-09-16 16:27:00+00:00, run_after=2024-09-16 16:28:00+00:00
[2024-09-16T16:28:26.148+0000] {processor.py:208} INFO - Processing /home/airflow/.local/lib/python3.12/site-packages/airflow/example_dags/example_branch_python_dop_operator_3.py took 0.295 seconds
[2024-09-16T16:30:17.963+0000] {processor.py:186} INFO - Started process (PID=107) to work on /home/airflow/.local/lib/python3.12/site-packages/airflow/example_dags/example_branch_python_dop_operator_3.py
[2024-09-16T16:30:17.965+0000] {processor.py:914} INFO - Processing file /home/airflow/.local/lib/python3.12/site-packages/airflow/example_dags/example_branch_python_dop_operator_3.py for tasks to queue
[2024-09-16T16:30:17.967+0000] {logging_mixin.py:190} INFO - [2024-09-16T16:30:17.967+0000] {dagbag.py:587} INFO - Filling up the DagBag from /home/airflow/.local/lib/python3.12/site-packages/airflow/example_dags/example_branch_python_dop_operator_3.py
[2024-09-16T16:30:17.979+0000] {processor.py:925} INFO - DAG(s) 'example_branch_dop_operator_v3' retrieved from /home/airflow/.local/lib/python3.12/site-packages/airflow/example_dags/example_branch_python_dop_operator_3.py
[2024-09-16T16:30:18.013+0000] {logging_mixin.py:190} INFO - [2024-09-16T16:30:18.013+0000] {dag.py:3229} INFO - Sync 1 DAGs
[2024-09-16T16:30:18.043+0000] {logging_mixin.py:190} INFO - [2024-09-16T16:30:18.043+0000] {dag.py:4156} INFO - Setting next_dagrun for example_branch_dop_operator_v3 to 2024-09-16 16:29:00+00:00, run_after=2024-09-16 16:30:00+00:00
[2024-09-16T16:30:18.065+0000] {processor.py:208} INFO - Processing /home/airflow/.local/lib/python3.12/site-packages/airflow/example_dags/example_branch_python_dop_operator_3.py took 0.109 seconds
[2024-09-16T16:30:48.968+0000] {processor.py:186} INFO - Started process (PID=169) to work on /home/airflow/.local/lib/python3.12/site-packages/airflow/example_dags/example_branch_python_dop_operator_3.py
[2024-09-16T16:30:48.969+0000] {processor.py:914} INFO - Processing file /home/airflow/.local/lib/python3.12/site-packages/airflow/example_dags/example_branch_python_dop_operator_3.py for tasks to queue
[2024-09-16T16:30:48.971+0000] {logging_mixin.py:190} INFO - [2024-09-16T16:30:48.971+0000] {dagbag.py:587} INFO - Filling up the DagBag from /home/airflow/.local/lib/python3.12/site-packages/airflow/example_dags/example_branch_python_dop_operator_3.py
[2024-09-16T16:30:48.979+0000] {processor.py:925} INFO - DAG(s) 'example_branch_dop_operator_v3' retrieved from /home/airflow/.local/lib/python3.12/site-packages/airflow/example_dags/example_branch_python_dop_operator_3.py
[2024-09-16T16:30:48.998+0000] {logging_mixin.py:190} INFO - [2024-09-16T16:30:48.998+0000] {dag.py:3229} INFO - Sync 1 DAGs
[2024-09-16T16:30:49.020+0000] {logging_mixin.py:190} INFO - [2024-09-16T16:30:49.020+0000] {dag.py:4156} INFO - Setting next_dagrun for example_branch_dop_operator_v3 to 2024-09-16 16:29:00+00:00, run_after=2024-09-16 16:30:00+00:00
[2024-09-16T16:30:49.038+0000] {processor.py:208} INFO - Processing /home/airflow/.local/lib/python3.12/site-packages/airflow/example_dags/example_branch_python_dop_operator_3.py took 0.076 seconds
[2024-09-16T16:31:19.545+0000] {processor.py:186} INFO - Started process (PID=231) to work on /home/airflow/.local/lib/python3.12/site-packages/airflow/example_dags/example_branch_python_dop_operator_3.py
[2024-09-16T16:31:19.546+0000] {processor.py:914} INFO - Processing file /home/airflow/.local/lib/python3.12/site-packages/airflow/example_dags/example_branch_python_dop_operator_3.py for tasks to queue
[2024-09-16T16:31:19.548+0000] {logging_mixin.py:190} INFO - [2024-09-16T16:31:19.548+0000] {dagbag.py:587} INFO - Filling up the DagBag from /home/airflow/.local/lib/python3.12/site-packages/airflow/example_dags/example_branch_python_dop_operator_3.py
[2024-09-16T16:31:19.556+0000] {processor.py:925} INFO - DAG(s) 'example_branch_dop_operator_v3' retrieved from /home/airflow/.local/lib/python3.12/site-packages/airflow/example_dags/example_branch_python_dop_operator_3.py
[2024-09-16T16:31:19.573+0000] {logging_mixin.py:190} INFO - [2024-09-16T16:31:19.573+0000] {dag.py:3229} INFO - Sync 1 DAGs
[2024-09-16T16:31:19.595+0000] {logging_mixin.py:190} INFO - [2024-09-16T16:31:19.594+0000] {dag.py:4156} INFO - Setting next_dagrun for example_branch_dop_operator_v3 to 2024-09-16 16:30:00+00:00, run_after=2024-09-16 16:31:00+00:00
[2024-09-16T16:31:19.613+0000] {processor.py:208} INFO - Processing /home/airflow/.local/lib/python3.12/site-packages/airflow/example_dags/example_branch_python_dop_operator_3.py took 0.073 seconds
[2024-09-16T16:31:49.908+0000] {processor.py:186} INFO - Started process (PID=293) to work on /home/airflow/.local/lib/python3.12/site-packages/airflow/example_dags/example_branch_python_dop_operator_3.py
[2024-09-16T16:31:49.909+0000] {processor.py:914} INFO - Processing file /home/airflow/.local/lib/python3.12/site-packages/airflow/example_dags/example_branch_python_dop_operator_3.py for tasks to queue
[2024-09-16T16:31:49.912+0000] {logging_mixin.py:190} INFO - [2024-09-16T16:31:49.912+0000] {dagbag.py:587} INFO - Filling up the DagBag from /home/airflow/.local/lib/python3.12/site-packages/airflow/example_dags/example_branch_python_dop_operator_3.py
[2024-09-16T16:31:49.921+0000] {processor.py:925} INFO - DAG(s) 'example_branch_dop_operator_v3' retrieved from /home/airflow/.local/lib/python3.12/site-packages/airflow/example_dags/example_branch_python_dop_operator_3.py
[2024-09-16T16:31:49.940+0000] {logging_mixin.py:190} INFO - [2024-09-16T16:31:49.940+0000] {dag.py:3229} INFO - Sync 1 DAGs
[2024-09-16T16:31:49.963+0000] {logging_mixin.py:190} INFO - [2024-09-16T16:31:49.962+0000] {dag.py:4156} INFO - Setting next_dagrun for example_branch_dop_operator_v3 to 2024-09-16 16:30:00+00:00, run_after=2024-09-16 16:31:00+00:00
[2024-09-16T16:31:49.982+0000] {processor.py:208} INFO - Processing /home/airflow/.local/lib/python3.12/site-packages/airflow/example_dags/example_branch_python_dop_operator_3.py took 0.079 seconds
[2024-09-16T16:32:20.152+0000] {processor.py:186} INFO - Started process (PID=355) to work on /home/airflow/.local/lib/python3.12/site-packages/airflow/example_dags/example_branch_python_dop_operator_3.py
[2024-09-16T16:32:20.153+0000] {processor.py:914} INFO - Processing file /home/airflow/.local/lib/python3.12/site-packages/airflow/example_dags/example_branch_python_dop_operator_3.py for tasks to queue
[2024-09-16T16:32:20.156+0000] {logging_mixin.py:190} INFO - [2024-09-16T16:32:20.155+0000] {dagbag.py:587} INFO - Filling up the DagBag from /home/airflow/.local/lib/python3.12/site-packages/airflow/example_dags/example_branch_python_dop_operator_3.py
[2024-09-16T16:32:20.168+0000] {processor.py:925} INFO - DAG(s) 'example_branch_dop_operator_v3' retrieved from /home/airflow/.local/lib/python3.12/site-packages/airflow/example_dags/example_branch_python_dop_operator_3.py
[2024-09-16T16:32:20.189+0000] {logging_mixin.py:190} INFO - [2024-09-16T16:32:20.189+0000] {dag.py:3229} INFO - Sync 1 DAGs
[2024-09-16T16:32:20.216+0000] {logging_mixin.py:190} INFO - [2024-09-16T16:32:20.216+0000] {dag.py:4156} INFO - Setting next_dagrun for example_branch_dop_operator_v3 to 2024-09-16 16:31:00+00:00, run_after=2024-09-16 16:32:00+00:00
[2024-09-16T16:32:20.236+0000] {processor.py:208} INFO - Processing /home/airflow/.local/lib/python3.12/site-packages/airflow/example_dags/example_branch_python_dop_operator_3.py took 0.088 seconds
[2024-09-16T16:32:50.981+0000] {processor.py:186} INFO - Started process (PID=417) to work on /home/airflow/.local/lib/python3.12/site-packages/airflow/example_dags/example_branch_python_dop_operator_3.py
[2024-09-16T16:32:50.982+0000] {processor.py:914} INFO - Processing file /home/airflow/.local/lib/python3.12/site-packages/airflow/example_dags/example_branch_python_dop_operator_3.py for tasks to queue
[2024-09-16T16:32:50.984+0000] {logging_mixin.py:190} INFO - [2024-09-16T16:32:50.984+0000] {dagbag.py:587} INFO - Filling up the DagBag from /home/airflow/.local/lib/python3.12/site-packages/airflow/example_dags/example_branch_python_dop_operator_3.py
[2024-09-16T16:32:50.994+0000] {processor.py:925} INFO - DAG(s) 'example_branch_dop_operator_v3' retrieved from /home/airflow/.local/lib/python3.12/site-packages/airflow/example_dags/example_branch_python_dop_operator_3.py
[2024-09-16T16:32:51.012+0000] {logging_mixin.py:190} INFO - [2024-09-16T16:32:51.012+0000] {dag.py:3229} INFO - Sync 1 DAGs
[2024-09-16T16:32:51.033+0000] {logging_mixin.py:190} INFO - [2024-09-16T16:32:51.033+0000] {dag.py:4156} INFO - Setting next_dagrun for example_branch_dop_operator_v3 to 2024-09-16 16:31:00+00:00, run_after=2024-09-16 16:32:00+00:00
[2024-09-16T16:32:51.047+0000] {processor.py:208} INFO - Processing /home/airflow/.local/lib/python3.12/site-packages/airflow/example_dags/example_branch_python_dop_operator_3.py took 0.076 seconds
[2024-09-16T16:33:21.103+0000] {processor.py:186} INFO - Started process (PID=479) to work on /home/airflow/.local/lib/python3.12/site-packages/airflow/example_dags/example_branch_python_dop_operator_3.py
[2024-09-16T16:33:21.105+0000] {processor.py:914} INFO - Processing file /home/airflow/.local/lib/python3.12/site-packages/airflow/example_dags/example_branch_python_dop_operator_3.py for tasks to queue
[2024-09-16T16:33:21.107+0000] {logging_mixin.py:190} INFO - [2024-09-16T16:33:21.106+0000] {dagbag.py:587} INFO - Filling up the DagBag from /home/airflow/.local/lib/python3.12/site-packages/airflow/example_dags/example_branch_python_dop_operator_3.py
[2024-09-16T16:33:21.115+0000] {processor.py:925} INFO - DAG(s) 'example_branch_dop_operator_v3' retrieved from /home/airflow/.local/lib/python3.12/site-packages/airflow/example_dags/example_branch_python_dop_operator_3.py
[2024-09-16T16:33:21.134+0000] {logging_mixin.py:190} INFO - [2024-09-16T16:33:21.134+0000] {dag.py:3229} INFO - Sync 1 DAGs
[2024-09-16T16:33:21.155+0000] {logging_mixin.py:190} INFO - [2024-09-16T16:33:21.155+0000] {dag.py:4156} INFO - Setting next_dagrun for example_branch_dop_operator_v3 to 2024-09-16 16:32:00+00:00, run_after=2024-09-16 16:33:00+00:00
[2024-09-16T16:33:21.174+0000] {processor.py:208} INFO - Processing /home/airflow/.local/lib/python3.12/site-packages/airflow/example_dags/example_branch_python_dop_operator_3.py took 0.077 seconds
[2024-09-16T16:33:51.738+0000] {processor.py:186} INFO - Started process (PID=541) to work on /home/airflow/.local/lib/python3.12/site-packages/airflow/example_dags/example_branch_python_dop_operator_3.py
[2024-09-16T16:33:51.739+0000] {processor.py:914} INFO - Processing file /home/airflow/.local/lib/python3.12/site-packages/airflow/example_dags/example_branch_python_dop_operator_3.py for tasks to queue
[2024-09-16T16:33:51.742+0000] {logging_mixin.py:190} INFO - [2024-09-16T16:33:51.741+0000] {dagbag.py:587} INFO - Filling up the DagBag from /home/airflow/.local/lib/python3.12/site-packages/airflow/example_dags/example_branch_python_dop_operator_3.py
[2024-09-16T16:33:51.752+0000] {processor.py:925} INFO - DAG(s) 'example_branch_dop_operator_v3' retrieved from /home/airflow/.local/lib/python3.12/site-packages/airflow/example_dags/example_branch_python_dop_operator_3.py
[2024-09-16T16:33:51.771+0000] {logging_mixin.py:190} INFO - [2024-09-16T16:33:51.771+0000] {dag.py:3229} INFO - Sync 1 DAGs
[2024-09-16T16:33:51.796+0000] {logging_mixin.py:190} INFO - [2024-09-16T16:33:51.795+0000] {dag.py:4156} INFO - Setting next_dagrun for example_branch_dop_operator_v3 to 2024-09-16 16:32:00+00:00, run_after=2024-09-16 16:33:00+00:00
[2024-09-16T16:33:51.814+0000] {processor.py:208} INFO - Processing /home/airflow/.local/lib/python3.12/site-packages/airflow/example_dags/example_branch_python_dop_operator_3.py took 0.081 seconds
[2024-09-16T16:34:22.324+0000] {processor.py:186} INFO - Started process (PID=603) to work on /home/airflow/.local/lib/python3.12/site-packages/airflow/example_dags/example_branch_python_dop_operator_3.py
[2024-09-16T16:34:22.325+0000] {processor.py:914} INFO - Processing file /home/airflow/.local/lib/python3.12/site-packages/airflow/example_dags/example_branch_python_dop_operator_3.py for tasks to queue
[2024-09-16T16:34:22.327+0000] {logging_mixin.py:190} INFO - [2024-09-16T16:34:22.327+0000] {dagbag.py:587} INFO - Filling up the DagBag from /home/airflow/.local/lib/python3.12/site-packages/airflow/example_dags/example_branch_python_dop_operator_3.py
[2024-09-16T16:34:22.336+0000] {processor.py:925} INFO - DAG(s) 'example_branch_dop_operator_v3' retrieved from /home/airflow/.local/lib/python3.12/site-packages/airflow/example_dags/example_branch_python_dop_operator_3.py
[2024-09-16T16:34:22.355+0000] {logging_mixin.py:190} INFO - [2024-09-16T16:34:22.354+0000] {dag.py:3229} INFO - Sync 1 DAGs
[2024-09-16T16:34:22.381+0000] {logging_mixin.py:190} INFO - [2024-09-16T16:34:22.380+0000] {dag.py:4156} INFO - Setting next_dagrun for example_branch_dop_operator_v3 to 2024-09-16 16:33:00+00:00, run_after=2024-09-16 16:34:00+00:00
[2024-09-16T16:34:22.400+0000] {processor.py:208} INFO - Processing /home/airflow/.local/lib/python3.12/site-packages/airflow/example_dags/example_branch_python_dop_operator_3.py took 0.081 seconds
[2024-09-16T16:34:52.874+0000] {processor.py:186} INFO - Started process (PID=665) to work on /home/airflow/.local/lib/python3.12/site-packages/airflow/example_dags/example_branch_python_dop_operator_3.py
[2024-09-16T16:34:52.875+0000] {processor.py:914} INFO - Processing file /home/airflow/.local/lib/python3.12/site-packages/airflow/example_dags/example_branch_python_dop_operator_3.py for tasks to queue
[2024-09-16T16:34:52.878+0000] {logging_mixin.py:190} INFO - [2024-09-16T16:34:52.878+0000] {dagbag.py:587} INFO - Filling up the DagBag from /home/airflow/.local/lib/python3.12/site-packages/airflow/example_dags/example_branch_python_dop_operator_3.py
[2024-09-16T16:34:52.885+0000] {processor.py:925} INFO - DAG(s) 'example_branch_dop_operator_v3' retrieved from /home/airflow/.local/lib/python3.12/site-packages/airflow/example_dags/example_branch_python_dop_operator_3.py
[2024-09-16T16:34:52.905+0000] {logging_mixin.py:190} INFO - [2024-09-16T16:34:52.905+0000] {dag.py:3229} INFO - Sync 1 DAGs
[2024-09-16T16:34:52.929+0000] {logging_mixin.py:190} INFO - [2024-09-16T16:34:52.929+0000] {dag.py:4156} INFO - Setting next_dagrun for example_branch_dop_operator_v3 to 2024-09-16 16:33:00+00:00, run_after=2024-09-16 16:34:00+00:00
[2024-09-16T16:34:52.948+0000] {processor.py:208} INFO - Processing /home/airflow/.local/lib/python3.12/site-packages/airflow/example_dags/example_branch_python_dop_operator_3.py took 0.079 seconds
[2024-09-16T16:35:23.460+0000] {processor.py:186} INFO - Started process (PID=728) to work on /home/airflow/.local/lib/python3.12/site-packages/airflow/example_dags/example_branch_python_dop_operator_3.py
[2024-09-16T16:35:23.461+0000] {processor.py:914} INFO - Processing file /home/airflow/.local/lib/python3.12/site-packages/airflow/example_dags/example_branch_python_dop_operator_3.py for tasks to queue
[2024-09-16T16:35:23.463+0000] {logging_mixin.py:190} INFO - [2024-09-16T16:35:23.462+0000] {dagbag.py:587} INFO - Filling up the DagBag from /home/airflow/.local/lib/python3.12/site-packages/airflow/example_dags/example_branch_python_dop_operator_3.py
[2024-09-16T16:35:23.470+0000] {processor.py:925} INFO - DAG(s) 'example_branch_dop_operator_v3' retrieved from /home/airflow/.local/lib/python3.12/site-packages/airflow/example_dags/example_branch_python_dop_operator_3.py
[2024-09-16T16:35:23.488+0000] {logging_mixin.py:190} INFO - [2024-09-16T16:35:23.487+0000] {dag.py:3229} INFO - Sync 1 DAGs
[2024-09-16T16:35:23.506+0000] {logging_mixin.py:190} INFO - [2024-09-16T16:35:23.506+0000] {dag.py:4156} INFO - Setting next_dagrun for example_branch_dop_operator_v3 to 2024-09-16 16:34:00+00:00, run_after=2024-09-16 16:35:00+00:00
[2024-09-16T16:35:23.523+0000] {processor.py:208} INFO - Processing /home/airflow/.local/lib/python3.12/site-packages/airflow/example_dags/example_branch_python_dop_operator_3.py took 0.067 seconds
[2024-09-16T16:35:53.986+0000] {processor.py:186} INFO - Started process (PID=790) to work on /home/airflow/.local/lib/python3.12/site-packages/airflow/example_dags/example_branch_python_dop_operator_3.py
[2024-09-16T16:35:53.988+0000] {processor.py:914} INFO - Processing file /home/airflow/.local/lib/python3.12/site-packages/airflow/example_dags/example_branch_python_dop_operator_3.py for tasks to queue
[2024-09-16T16:35:53.990+0000] {logging_mixin.py:190} INFO - [2024-09-16T16:35:53.990+0000] {dagbag.py:587} INFO - Filling up the DagBag from /home/airflow/.local/lib/python3.12/site-packages/airflow/example_dags/example_branch_python_dop_operator_3.py
[2024-09-16T16:35:54.004+0000] {processor.py:925} INFO - DAG(s) 'example_branch_dop_operator_v3' retrieved from /home/airflow/.local/lib/python3.12/site-packages/airflow/example_dags/example_branch_python_dop_operator_3.py
[2024-09-16T16:35:54.032+0000] {logging_mixin.py:190} INFO - [2024-09-16T16:35:54.032+0000] {dag.py:3229} INFO - Sync 1 DAGs
[2024-09-16T16:35:54.069+0000] {logging_mixin.py:190} INFO - [2024-09-16T16:35:54.069+0000] {dag.py:4156} INFO - Setting next_dagrun for example_branch_dop_operator_v3 to 2024-09-16 16:34:00+00:00, run_after=2024-09-16 16:35:00+00:00
[2024-09-16T16:35:54.091+0000] {processor.py:208} INFO - Processing /home/airflow/.local/lib/python3.12/site-packages/airflow/example_dags/example_branch_python_dop_operator_3.py took 0.112 seconds
[2024-09-16T16:36:24.917+0000] {processor.py:186} INFO - Started process (PID=852) to work on /home/airflow/.local/lib/python3.12/site-packages/airflow/example_dags/example_branch_python_dop_operator_3.py
[2024-09-16T16:36:24.918+0000] {processor.py:914} INFO - Processing file /home/airflow/.local/lib/python3.12/site-packages/airflow/example_dags/example_branch_python_dop_operator_3.py for tasks to queue
[2024-09-16T16:36:24.921+0000] {logging_mixin.py:190} INFO - [2024-09-16T16:36:24.920+0000] {dagbag.py:587} INFO - Filling up the DagBag from /home/airflow/.local/lib/python3.12/site-packages/airflow/example_dags/example_branch_python_dop_operator_3.py
[2024-09-16T16:36:24.930+0000] {processor.py:925} INFO - DAG(s) 'example_branch_dop_operator_v3' retrieved from /home/airflow/.local/lib/python3.12/site-packages/airflow/example_dags/example_branch_python_dop_operator_3.py
[2024-09-16T16:36:24.950+0000] {logging_mixin.py:190} INFO - [2024-09-16T16:36:24.950+0000] {dag.py:3229} INFO - Sync 1 DAGs
[2024-09-16T16:36:24.974+0000] {logging_mixin.py:190} INFO - [2024-09-16T16:36:24.974+0000] {dag.py:4156} INFO - Setting next_dagrun for example_branch_dop_operator_v3 to 2024-09-16 16:35:00+00:00, run_after=2024-09-16 16:36:00+00:00
[2024-09-16T16:36:24.996+0000] {processor.py:208} INFO - Processing /home/airflow/.local/lib/python3.12/site-packages/airflow/example_dags/example_branch_python_dop_operator_3.py took 0.084 seconds
[2024-09-16T16:36:55.485+0000] {processor.py:186} INFO - Started process (PID=914) to work on /home/airflow/.local/lib/python3.12/site-packages/airflow/example_dags/example_branch_python_dop_operator_3.py
[2024-09-16T16:36:55.486+0000] {processor.py:914} INFO - Processing file /home/airflow/.local/lib/python3.12/site-packages/airflow/example_dags/example_branch_python_dop_operator_3.py for tasks to queue
[2024-09-16T16:36:55.489+0000] {logging_mixin.py:190} INFO - [2024-09-16T16:36:55.489+0000] {dagbag.py:587} INFO - Filling up the DagBag from /home/airflow/.local/lib/python3.12/site-packages/airflow/example_dags/example_branch_python_dop_operator_3.py
[2024-09-16T16:36:55.500+0000] {processor.py:925} INFO - DAG(s) 'example_branch_dop_operator_v3' retrieved from /home/airflow/.local/lib/python3.12/site-packages/airflow/example_dags/example_branch_python_dop_operator_3.py
[2024-09-16T16:36:55.520+0000] {logging_mixin.py:190} INFO - [2024-09-16T16:36:55.520+0000] {dag.py:3229} INFO - Sync 1 DAGs
[2024-09-16T16:36:55.548+0000] {logging_mixin.py:190} INFO - [2024-09-16T16:36:55.548+0000] {dag.py:4156} INFO - Setting next_dagrun for example_branch_dop_operator_v3 to 2024-09-16 16:35:00+00:00, run_after=2024-09-16 16:36:00+00:00
[2024-09-16T16:36:55.569+0000] {processor.py:208} INFO - Processing /home/airflow/.local/lib/python3.12/site-packages/airflow/example_dags/example_branch_python_dop_operator_3.py took 0.090 seconds
[2024-09-16T16:37:25.842+0000] {processor.py:186} INFO - Started process (PID=976) to work on /home/airflow/.local/lib/python3.12/site-packages/airflow/example_dags/example_branch_python_dop_operator_3.py
[2024-09-16T16:37:25.844+0000] {processor.py:914} INFO - Processing file /home/airflow/.local/lib/python3.12/site-packages/airflow/example_dags/example_branch_python_dop_operator_3.py for tasks to queue
[2024-09-16T16:37:25.846+0000] {logging_mixin.py:190} INFO - [2024-09-16T16:37:25.846+0000] {dagbag.py:587} INFO - Filling up the DagBag from /home/airflow/.local/lib/python3.12/site-packages/airflow/example_dags/example_branch_python_dop_operator_3.py
[2024-09-16T16:37:25.854+0000] {processor.py:925} INFO - DAG(s) 'example_branch_dop_operator_v3' retrieved from /home/airflow/.local/lib/python3.12/site-packages/airflow/example_dags/example_branch_python_dop_operator_3.py
[2024-09-16T16:37:25.871+0000] {logging_mixin.py:190} INFO - [2024-09-16T16:37:25.871+0000] {dag.py:3229} INFO - Sync 1 DAGs
[2024-09-16T16:37:25.894+0000] {logging_mixin.py:190} INFO - [2024-09-16T16:37:25.894+0000] {dag.py:4156} INFO - Setting next_dagrun for example_branch_dop_operator_v3 to 2024-09-16 16:36:00+00:00, run_after=2024-09-16 16:37:00+00:00
[2024-09-16T16:37:25.914+0000] {processor.py:208} INFO - Processing /home/airflow/.local/lib/python3.12/site-packages/airflow/example_dags/example_branch_python_dop_operator_3.py took 0.076 seconds
