[2024-09-16T16:25:47.925+0000] {processor.py:186} INFO - Started process (PID=117) to work on /home/airflow/.local/lib/python3.12/site-packages/airflow/example_dags/example_subdag_operator.py
[2024-09-16T16:25:47.927+0000] {processor.py:914} INFO - Processing file /home/airflow/.local/lib/python3.12/site-packages/airflow/example_dags/example_subdag_operator.py for tasks to queue
[2024-09-16T16:25:47.930+0000] {logging_mixin.py:190} INFO - [2024-09-16T16:25:47.930+0000] {dagbag.py:587} INFO - Filling up the DagBag from /home/airflow/.local/lib/python3.12/site-packages/airflow/example_dags/example_subdag_operator.py
[2024-09-16T16:25:47.973+0000] {processor.py:925} INFO - DAG(s) 'example_subdag_operator.section-1', 'example_subdag_operator.section-2', 'example_subdag_operator' retrieved from /home/airflow/.local/lib/python3.12/site-packages/airflow/example_dags/example_subdag_operator.py
[2024-09-16T16:25:48.122+0000] {logging_mixin.py:190} INFO - [2024-09-16T16:25:48.121+0000] {override.py:1900} INFO - Created Permission View: can edit on DAG:example_subdag_operator
[2024-09-16T16:25:48.137+0000] {logging_mixin.py:190} INFO - [2024-09-16T16:25:48.137+0000] {override.py:1900} INFO - Created Permission View: can delete on DAG:example_subdag_operator
[2024-09-16T16:25:48.148+0000] {logging_mixin.py:190} INFO - [2024-09-16T16:25:48.147+0000] {override.py:1900} INFO - Created Permission View: can read on DAG:example_subdag_operator
[2024-09-16T16:25:48.158+0000] {logging_mixin.py:190} INFO - [2024-09-16T16:25:48.158+0000] {override.py:1900} INFO - Created Permission View: can delete on DAG Run:example_subdag_operator
[2024-09-16T16:25:48.166+0000] {logging_mixin.py:190} INFO - [2024-09-16T16:25:48.166+0000] {override.py:1900} INFO - Created Permission View: can create on DAG Run:example_subdag_operator
[2024-09-16T16:25:48.174+0000] {logging_mixin.py:190} INFO - [2024-09-16T16:25:48.173+0000] {override.py:1900} INFO - Created Permission View: menu access on DAG Run:example_subdag_operator
[2024-09-16T16:25:48.183+0000] {logging_mixin.py:190} INFO - [2024-09-16T16:25:48.183+0000] {override.py:1900} INFO - Created Permission View: can read on DAG Run:example_subdag_operator
[2024-09-16T16:25:48.184+0000] {logging_mixin.py:190} INFO - [2024-09-16T16:25:48.184+0000] {dag.py:3229} INFO - Sync 3 DAGs
[2024-09-16T16:25:48.200+0000] {logging_mixin.py:190} INFO - [2024-09-16T16:25:48.200+0000] {dag.py:3252} INFO - Creating ORM DAG for example_subdag_operator
[2024-09-16T16:25:48.201+0000] {logging_mixin.py:190} INFO - [2024-09-16T16:25:48.201+0000] {dag.py:3252} INFO - Creating ORM DAG for example_subdag_operator.section-1
[2024-09-16T16:25:48.202+0000] {logging_mixin.py:190} INFO - [2024-09-16T16:25:48.202+0000] {dag.py:3252} INFO - Creating ORM DAG for example_subdag_operator.section-2
[2024-09-16T16:25:48.217+0000] {logging_mixin.py:190} INFO - [2024-09-16T16:25:48.217+0000] {dag.py:4156} INFO - Setting next_dagrun for example_subdag_operator to 2022-01-01 00:00:00+00:00, run_after=2022-01-01 00:00:00+00:00
[2024-09-16T16:25:48.219+0000] {logging_mixin.py:190} INFO - [2024-09-16T16:25:48.218+0000] {dag.py:4156} INFO - Setting next_dagrun for example_subdag_operator.section-1 to None, run_after=None
[2024-09-16T16:25:48.222+0000] {logging_mixin.py:190} INFO - [2024-09-16T16:25:48.222+0000] {dag.py:4156} INFO - Setting next_dagrun for example_subdag_operator.section-2 to None, run_after=None
[2024-09-16T16:25:48.233+0000] {logging_mixin.py:190} INFO - [2024-09-16T16:25:48.233+0000] {dag.py:3229} INFO - Sync 2 DAGs
[2024-09-16T16:25:48.240+0000] {logging_mixin.py:190} INFO - [2024-09-16T16:25:48.240+0000] {dag.py:4156} INFO - Setting next_dagrun for example_subdag_operator.section-1 to None, run_after=None
[2024-09-16T16:25:48.244+0000] {logging_mixin.py:190} INFO - [2024-09-16T16:25:48.244+0000] {dag.py:4156} INFO - Setting next_dagrun for example_subdag_operator.section-2 to None, run_after=None
[2024-09-16T16:25:48.261+0000] {processor.py:208} INFO - Processing /home/airflow/.local/lib/python3.12/site-packages/airflow/example_dags/example_subdag_operator.py took 0.344 seconds
[2024-09-16T16:26:18.948+0000] {processor.py:186} INFO - Started process (PID=179) to work on /home/airflow/.local/lib/python3.12/site-packages/airflow/example_dags/example_subdag_operator.py
[2024-09-16T16:26:18.953+0000] {processor.py:914} INFO - Processing file /home/airflow/.local/lib/python3.12/site-packages/airflow/example_dags/example_subdag_operator.py for tasks to queue
[2024-09-16T16:26:18.963+0000] {logging_mixin.py:190} INFO - [2024-09-16T16:26:18.963+0000] {dagbag.py:587} INFO - Filling up the DagBag from /home/airflow/.local/lib/python3.12/site-packages/airflow/example_dags/example_subdag_operator.py
[2024-09-16T16:26:19.040+0000] {processor.py:925} INFO - DAG(s) 'example_subdag_operator.section-1', 'example_subdag_operator.section-2', 'example_subdag_operator' retrieved from /home/airflow/.local/lib/python3.12/site-packages/airflow/example_dags/example_subdag_operator.py
[2024-09-16T16:26:19.081+0000] {logging_mixin.py:190} INFO - [2024-09-16T16:26:19.080+0000] {dag.py:3229} INFO - Sync 3 DAGs
[2024-09-16T16:26:19.152+0000] {logging_mixin.py:190} INFO - [2024-09-16T16:26:19.151+0000] {dag.py:4156} INFO - Setting next_dagrun for example_subdag_operator to 2022-01-01 00:00:00+00:00, run_after=2022-01-01 00:00:00+00:00
[2024-09-16T16:26:19.163+0000] {logging_mixin.py:190} INFO - [2024-09-16T16:26:19.162+0000] {dag.py:4156} INFO - Setting next_dagrun for example_subdag_operator.section-1 to None, run_after=None
[2024-09-16T16:26:19.170+0000] {logging_mixin.py:190} INFO - [2024-09-16T16:26:19.170+0000] {dag.py:4156} INFO - Setting next_dagrun for example_subdag_operator.section-2 to None, run_after=None
[2024-09-16T16:26:19.190+0000] {logging_mixin.py:190} INFO - [2024-09-16T16:26:19.190+0000] {dag.py:3229} INFO - Sync 2 DAGs
[2024-09-16T16:26:19.207+0000] {logging_mixin.py:190} INFO - [2024-09-16T16:26:19.207+0000] {dag.py:4156} INFO - Setting next_dagrun for example_subdag_operator.section-1 to None, run_after=None
[2024-09-16T16:26:19.208+0000] {logging_mixin.py:190} INFO - [2024-09-16T16:26:19.208+0000] {dag.py:4156} INFO - Setting next_dagrun for example_subdag_operator.section-2 to None, run_after=None
[2024-09-16T16:26:19.234+0000] {processor.py:208} INFO - Processing /home/airflow/.local/lib/python3.12/site-packages/airflow/example_dags/example_subdag_operator.py took 0.303 seconds
[2024-09-16T16:26:50.286+0000] {processor.py:186} INFO - Started process (PID=241) to work on /home/airflow/.local/lib/python3.12/site-packages/airflow/example_dags/example_subdag_operator.py
[2024-09-16T16:26:50.296+0000] {processor.py:914} INFO - Processing file /home/airflow/.local/lib/python3.12/site-packages/airflow/example_dags/example_subdag_operator.py for tasks to queue
[2024-09-16T16:26:50.302+0000] {logging_mixin.py:190} INFO - [2024-09-16T16:26:50.302+0000] {dagbag.py:587} INFO - Filling up the DagBag from /home/airflow/.local/lib/python3.12/site-packages/airflow/example_dags/example_subdag_operator.py
[2024-09-16T16:26:50.406+0000] {processor.py:925} INFO - DAG(s) 'example_subdag_operator.section-1', 'example_subdag_operator.section-2', 'example_subdag_operator' retrieved from /home/airflow/.local/lib/python3.12/site-packages/airflow/example_dags/example_subdag_operator.py
[2024-09-16T16:26:50.455+0000] {logging_mixin.py:190} INFO - [2024-09-16T16:26:50.454+0000] {dag.py:3229} INFO - Sync 3 DAGs
[2024-09-16T16:26:50.531+0000] {logging_mixin.py:190} INFO - [2024-09-16T16:26:50.529+0000] {dag.py:4156} INFO - Setting next_dagrun for example_subdag_operator to 2022-01-01 00:00:00+00:00, run_after=2022-01-01 00:00:00+00:00
[2024-09-16T16:26:50.539+0000] {logging_mixin.py:190} INFO - [2024-09-16T16:26:50.538+0000] {dag.py:4156} INFO - Setting next_dagrun for example_subdag_operator.section-1 to None, run_after=None
[2024-09-16T16:26:50.543+0000] {logging_mixin.py:190} INFO - [2024-09-16T16:26:50.543+0000] {dag.py:4156} INFO - Setting next_dagrun for example_subdag_operator.section-2 to None, run_after=None
[2024-09-16T16:26:50.577+0000] {logging_mixin.py:190} INFO - [2024-09-16T16:26:50.576+0000] {dag.py:3229} INFO - Sync 2 DAGs
[2024-09-16T16:26:50.595+0000] {logging_mixin.py:190} INFO - [2024-09-16T16:26:50.589+0000] {dag.py:4156} INFO - Setting next_dagrun for example_subdag_operator.section-1 to None, run_after=None
[2024-09-16T16:26:50.599+0000] {logging_mixin.py:190} INFO - [2024-09-16T16:26:50.599+0000] {dag.py:4156} INFO - Setting next_dagrun for example_subdag_operator.section-2 to None, run_after=None
[2024-09-16T16:26:50.636+0000] {processor.py:208} INFO - Processing /home/airflow/.local/lib/python3.12/site-packages/airflow/example_dags/example_subdag_operator.py took 0.360 seconds
[2024-09-16T16:27:21.365+0000] {processor.py:186} INFO - Started process (PID=303) to work on /home/airflow/.local/lib/python3.12/site-packages/airflow/example_dags/example_subdag_operator.py
[2024-09-16T16:27:21.367+0000] {processor.py:914} INFO - Processing file /home/airflow/.local/lib/python3.12/site-packages/airflow/example_dags/example_subdag_operator.py for tasks to queue
[2024-09-16T16:27:21.370+0000] {logging_mixin.py:190} INFO - [2024-09-16T16:27:21.370+0000] {dagbag.py:587} INFO - Filling up the DagBag from /home/airflow/.local/lib/python3.12/site-packages/airflow/example_dags/example_subdag_operator.py
[2024-09-16T16:27:21.406+0000] {processor.py:925} INFO - DAG(s) 'example_subdag_operator.section-1', 'example_subdag_operator.section-2', 'example_subdag_operator' retrieved from /home/airflow/.local/lib/python3.12/site-packages/airflow/example_dags/example_subdag_operator.py
[2024-09-16T16:27:21.427+0000] {logging_mixin.py:190} INFO - [2024-09-16T16:27:21.427+0000] {dag.py:3229} INFO - Sync 3 DAGs
[2024-09-16T16:27:21.455+0000] {logging_mixin.py:190} INFO - [2024-09-16T16:27:21.455+0000] {dag.py:4156} INFO - Setting next_dagrun for example_subdag_operator to 2022-01-01 00:00:00+00:00, run_after=2022-01-01 00:00:00+00:00
[2024-09-16T16:27:21.460+0000] {logging_mixin.py:190} INFO - [2024-09-16T16:27:21.460+0000] {dag.py:4156} INFO - Setting next_dagrun for example_subdag_operator.section-1 to None, run_after=None
[2024-09-16T16:27:21.462+0000] {logging_mixin.py:190} INFO - [2024-09-16T16:27:21.462+0000] {dag.py:4156} INFO - Setting next_dagrun for example_subdag_operator.section-2 to None, run_after=None
[2024-09-16T16:27:21.472+0000] {logging_mixin.py:190} INFO - [2024-09-16T16:27:21.472+0000] {dag.py:3229} INFO - Sync 2 DAGs
[2024-09-16T16:27:21.483+0000] {logging_mixin.py:190} INFO - [2024-09-16T16:27:21.483+0000] {dag.py:4156} INFO - Setting next_dagrun for example_subdag_operator.section-1 to None, run_after=None
[2024-09-16T16:27:21.484+0000] {logging_mixin.py:190} INFO - [2024-09-16T16:27:21.484+0000] {dag.py:4156} INFO - Setting next_dagrun for example_subdag_operator.section-2 to None, run_after=None
[2024-09-16T16:27:21.513+0000] {processor.py:208} INFO - Processing /home/airflow/.local/lib/python3.12/site-packages/airflow/example_dags/example_subdag_operator.py took 0.156 seconds
[2024-09-16T16:27:55.765+0000] {processor.py:186} INFO - Started process (PID=371) to work on /home/airflow/.local/lib/python3.12/site-packages/airflow/example_dags/example_subdag_operator.py
[2024-09-16T16:27:55.767+0000] {processor.py:914} INFO - Processing file /home/airflow/.local/lib/python3.12/site-packages/airflow/example_dags/example_subdag_operator.py for tasks to queue
[2024-09-16T16:27:55.772+0000] {logging_mixin.py:190} INFO - [2024-09-16T16:27:55.771+0000] {dagbag.py:587} INFO - Filling up the DagBag from /home/airflow/.local/lib/python3.12/site-packages/airflow/example_dags/example_subdag_operator.py
[2024-09-16T16:27:55.818+0000] {processor.py:925} INFO - DAG(s) 'example_subdag_operator.section-1', 'example_subdag_operator.section-2', 'example_subdag_operator' retrieved from /home/airflow/.local/lib/python3.12/site-packages/airflow/example_dags/example_subdag_operator.py
[2024-09-16T16:27:55.854+0000] {logging_mixin.py:190} INFO - [2024-09-16T16:27:55.853+0000] {dag.py:3229} INFO - Sync 3 DAGs
[2024-09-16T16:27:55.906+0000] {logging_mixin.py:190} INFO - [2024-09-16T16:27:55.906+0000] {dag.py:4156} INFO - Setting next_dagrun for example_subdag_operator to 2022-01-01 00:00:00+00:00, run_after=2022-01-01 00:00:00+00:00
[2024-09-16T16:27:55.913+0000] {logging_mixin.py:190} INFO - [2024-09-16T16:27:55.912+0000] {dag.py:4156} INFO - Setting next_dagrun for example_subdag_operator.section-1 to None, run_after=None
[2024-09-16T16:27:55.916+0000] {logging_mixin.py:190} INFO - [2024-09-16T16:27:55.915+0000] {dag.py:4156} INFO - Setting next_dagrun for example_subdag_operator.section-2 to None, run_after=None
[2024-09-16T16:27:55.929+0000] {logging_mixin.py:190} INFO - [2024-09-16T16:27:55.928+0000] {dag.py:3229} INFO - Sync 2 DAGs
[2024-09-16T16:27:55.938+0000] {logging_mixin.py:190} INFO - [2024-09-16T16:27:55.938+0000] {dag.py:4156} INFO - Setting next_dagrun for example_subdag_operator.section-1 to None, run_after=None
[2024-09-16T16:27:55.939+0000] {logging_mixin.py:190} INFO - [2024-09-16T16:27:55.939+0000] {dag.py:4156} INFO - Setting next_dagrun for example_subdag_operator.section-2 to None, run_after=None
[2024-09-16T16:27:55.958+0000] {processor.py:208} INFO - Processing /home/airflow/.local/lib/python3.12/site-packages/airflow/example_dags/example_subdag_operator.py took 0.204 seconds
[2024-09-16T16:28:27.232+0000] {processor.py:186} INFO - Started process (PID=434) to work on /home/airflow/.local/lib/python3.12/site-packages/airflow/example_dags/example_subdag_operator.py
[2024-09-16T16:28:27.235+0000] {processor.py:914} INFO - Processing file /home/airflow/.local/lib/python3.12/site-packages/airflow/example_dags/example_subdag_operator.py for tasks to queue
[2024-09-16T16:28:27.249+0000] {logging_mixin.py:190} INFO - [2024-09-16T16:28:27.249+0000] {dagbag.py:587} INFO - Filling up the DagBag from /home/airflow/.local/lib/python3.12/site-packages/airflow/example_dags/example_subdag_operator.py
[2024-09-16T16:28:27.322+0000] {processor.py:925} INFO - DAG(s) 'example_subdag_operator.section-1', 'example_subdag_operator.section-2', 'example_subdag_operator' retrieved from /home/airflow/.local/lib/python3.12/site-packages/airflow/example_dags/example_subdag_operator.py
[2024-09-16T16:28:27.394+0000] {logging_mixin.py:190} INFO - [2024-09-16T16:28:27.394+0000] {dag.py:3229} INFO - Sync 3 DAGs
[2024-09-16T16:28:27.479+0000] {logging_mixin.py:190} INFO - [2024-09-16T16:28:27.479+0000] {dag.py:4156} INFO - Setting next_dagrun for example_subdag_operator to 2022-01-01 00:00:00+00:00, run_after=2022-01-01 00:00:00+00:00
[2024-09-16T16:28:27.504+0000] {logging_mixin.py:190} INFO - [2024-09-16T16:28:27.503+0000] {dag.py:4156} INFO - Setting next_dagrun for example_subdag_operator.section-1 to None, run_after=None
[2024-09-16T16:28:27.511+0000] {logging_mixin.py:190} INFO - [2024-09-16T16:28:27.510+0000] {dag.py:4156} INFO - Setting next_dagrun for example_subdag_operator.section-2 to None, run_after=None
[2024-09-16T16:28:27.536+0000] {logging_mixin.py:190} INFO - [2024-09-16T16:28:27.536+0000] {dag.py:3229} INFO - Sync 2 DAGs
[2024-09-16T16:28:27.567+0000] {logging_mixin.py:190} INFO - [2024-09-16T16:28:27.566+0000] {dag.py:4156} INFO - Setting next_dagrun for example_subdag_operator.section-1 to None, run_after=None
[2024-09-16T16:28:27.570+0000] {logging_mixin.py:190} INFO - [2024-09-16T16:28:27.570+0000] {dag.py:4156} INFO - Setting next_dagrun for example_subdag_operator.section-2 to None, run_after=None
[2024-09-16T16:28:27.609+0000] {processor.py:208} INFO - Processing /home/airflow/.local/lib/python3.12/site-packages/airflow/example_dags/example_subdag_operator.py took 0.398 seconds
[2024-09-16T16:30:18.439+0000] {processor.py:186} INFO - Started process (PID=114) to work on /home/airflow/.local/lib/python3.12/site-packages/airflow/example_dags/example_subdag_operator.py
[2024-09-16T16:30:18.440+0000] {processor.py:914} INFO - Processing file /home/airflow/.local/lib/python3.12/site-packages/airflow/example_dags/example_subdag_operator.py for tasks to queue
[2024-09-16T16:30:18.443+0000] {logging_mixin.py:190} INFO - [2024-09-16T16:30:18.443+0000] {dagbag.py:587} INFO - Filling up the DagBag from /home/airflow/.local/lib/python3.12/site-packages/airflow/example_dags/example_subdag_operator.py
[2024-09-16T16:30:18.473+0000] {processor.py:925} INFO - DAG(s) 'example_subdag_operator.section-1', 'example_subdag_operator.section-2', 'example_subdag_operator' retrieved from /home/airflow/.local/lib/python3.12/site-packages/airflow/example_dags/example_subdag_operator.py
[2024-09-16T16:30:18.499+0000] {logging_mixin.py:190} INFO - [2024-09-16T16:30:18.499+0000] {dag.py:3229} INFO - Sync 3 DAGs
[2024-09-16T16:30:18.547+0000] {logging_mixin.py:190} INFO - [2024-09-16T16:30:18.547+0000] {dag.py:4156} INFO - Setting next_dagrun for example_subdag_operator to 2022-01-01 00:00:00+00:00, run_after=2022-01-01 00:00:00+00:00
[2024-09-16T16:30:18.554+0000] {logging_mixin.py:190} INFO - [2024-09-16T16:30:18.554+0000] {dag.py:4156} INFO - Setting next_dagrun for example_subdag_operator.section-1 to None, run_after=None
[2024-09-16T16:30:18.556+0000] {logging_mixin.py:190} INFO - [2024-09-16T16:30:18.555+0000] {dag.py:4156} INFO - Setting next_dagrun for example_subdag_operator.section-2 to None, run_after=None
[2024-09-16T16:30:18.570+0000] {logging_mixin.py:190} INFO - [2024-09-16T16:30:18.570+0000] {dag.py:3229} INFO - Sync 2 DAGs
[2024-09-16T16:30:18.577+0000] {logging_mixin.py:190} INFO - [2024-09-16T16:30:18.577+0000] {dag.py:4156} INFO - Setting next_dagrun for example_subdag_operator.section-1 to None, run_after=None
[2024-09-16T16:30:18.578+0000] {logging_mixin.py:190} INFO - [2024-09-16T16:30:18.578+0000] {dag.py:4156} INFO - Setting next_dagrun for example_subdag_operator.section-2 to None, run_after=None
[2024-09-16T16:30:18.592+0000] {processor.py:208} INFO - Processing /home/airflow/.local/lib/python3.12/site-packages/airflow/example_dags/example_subdag_operator.py took 0.160 seconds
[2024-09-16T16:30:49.366+0000] {processor.py:186} INFO - Started process (PID=176) to work on /home/airflow/.local/lib/python3.12/site-packages/airflow/example_dags/example_subdag_operator.py
[2024-09-16T16:30:49.367+0000] {processor.py:914} INFO - Processing file /home/airflow/.local/lib/python3.12/site-packages/airflow/example_dags/example_subdag_operator.py for tasks to queue
[2024-09-16T16:30:49.370+0000] {logging_mixin.py:190} INFO - [2024-09-16T16:30:49.369+0000] {dagbag.py:587} INFO - Filling up the DagBag from /home/airflow/.local/lib/python3.12/site-packages/airflow/example_dags/example_subdag_operator.py
[2024-09-16T16:30:49.392+0000] {processor.py:925} INFO - DAG(s) 'example_subdag_operator.section-1', 'example_subdag_operator.section-2', 'example_subdag_operator' retrieved from /home/airflow/.local/lib/python3.12/site-packages/airflow/example_dags/example_subdag_operator.py
[2024-09-16T16:30:49.417+0000] {logging_mixin.py:190} INFO - [2024-09-16T16:30:49.416+0000] {dag.py:3229} INFO - Sync 3 DAGs
[2024-09-16T16:30:49.447+0000] {logging_mixin.py:190} INFO - [2024-09-16T16:30:49.447+0000] {dag.py:4156} INFO - Setting next_dagrun for example_subdag_operator to 2022-01-01 00:00:00+00:00, run_after=2022-01-01 00:00:00+00:00
[2024-09-16T16:30:49.451+0000] {logging_mixin.py:190} INFO - [2024-09-16T16:30:49.450+0000] {dag.py:4156} INFO - Setting next_dagrun for example_subdag_operator.section-1 to None, run_after=None
[2024-09-16T16:30:49.452+0000] {logging_mixin.py:190} INFO - [2024-09-16T16:30:49.452+0000] {dag.py:4156} INFO - Setting next_dagrun for example_subdag_operator.section-2 to None, run_after=None
[2024-09-16T16:30:49.459+0000] {logging_mixin.py:190} INFO - [2024-09-16T16:30:49.459+0000] {dag.py:3229} INFO - Sync 2 DAGs
[2024-09-16T16:30:49.464+0000] {logging_mixin.py:190} INFO - [2024-09-16T16:30:49.464+0000] {dag.py:4156} INFO - Setting next_dagrun for example_subdag_operator.section-1 to None, run_after=None
[2024-09-16T16:30:49.465+0000] {logging_mixin.py:190} INFO - [2024-09-16T16:30:49.465+0000] {dag.py:4156} INFO - Setting next_dagrun for example_subdag_operator.section-2 to None, run_after=None
[2024-09-16T16:30:49.478+0000] {processor.py:208} INFO - Processing /home/airflow/.local/lib/python3.12/site-packages/airflow/example_dags/example_subdag_operator.py took 0.116 seconds
[2024-09-16T16:31:19.901+0000] {processor.py:186} INFO - Started process (PID=238) to work on /home/airflow/.local/lib/python3.12/site-packages/airflow/example_dags/example_subdag_operator.py
[2024-09-16T16:31:19.902+0000] {processor.py:914} INFO - Processing file /home/airflow/.local/lib/python3.12/site-packages/airflow/example_dags/example_subdag_operator.py for tasks to queue
[2024-09-16T16:31:19.904+0000] {logging_mixin.py:190} INFO - [2024-09-16T16:31:19.904+0000] {dagbag.py:587} INFO - Filling up the DagBag from /home/airflow/.local/lib/python3.12/site-packages/airflow/example_dags/example_subdag_operator.py
[2024-09-16T16:31:19.928+0000] {processor.py:925} INFO - DAG(s) 'example_subdag_operator.section-1', 'example_subdag_operator.section-2', 'example_subdag_operator' retrieved from /home/airflow/.local/lib/python3.12/site-packages/airflow/example_dags/example_subdag_operator.py
[2024-09-16T16:31:19.941+0000] {logging_mixin.py:190} INFO - [2024-09-16T16:31:19.940+0000] {dag.py:3229} INFO - Sync 3 DAGs
[2024-09-16T16:31:19.959+0000] {logging_mixin.py:190} INFO - [2024-09-16T16:31:19.959+0000] {dag.py:4156} INFO - Setting next_dagrun for example_subdag_operator to 2022-01-01 00:00:00+00:00, run_after=2022-01-01 00:00:00+00:00
[2024-09-16T16:31:19.962+0000] {logging_mixin.py:190} INFO - [2024-09-16T16:31:19.962+0000] {dag.py:4156} INFO - Setting next_dagrun for example_subdag_operator.section-1 to None, run_after=None
[2024-09-16T16:31:19.964+0000] {logging_mixin.py:190} INFO - [2024-09-16T16:31:19.964+0000] {dag.py:4156} INFO - Setting next_dagrun for example_subdag_operator.section-2 to None, run_after=None
[2024-09-16T16:31:19.971+0000] {logging_mixin.py:190} INFO - [2024-09-16T16:31:19.971+0000] {dag.py:3229} INFO - Sync 2 DAGs
[2024-09-16T16:31:19.977+0000] {logging_mixin.py:190} INFO - [2024-09-16T16:31:19.977+0000] {dag.py:4156} INFO - Setting next_dagrun for example_subdag_operator.section-1 to None, run_after=None
[2024-09-16T16:31:19.978+0000] {logging_mixin.py:190} INFO - [2024-09-16T16:31:19.978+0000] {dag.py:4156} INFO - Setting next_dagrun for example_subdag_operator.section-2 to None, run_after=None
[2024-09-16T16:31:19.994+0000] {processor.py:208} INFO - Processing /home/airflow/.local/lib/python3.12/site-packages/airflow/example_dags/example_subdag_operator.py took 0.099 seconds
[2024-09-16T16:31:50.333+0000] {processor.py:186} INFO - Started process (PID=300) to work on /home/airflow/.local/lib/python3.12/site-packages/airflow/example_dags/example_subdag_operator.py
[2024-09-16T16:31:50.335+0000] {processor.py:914} INFO - Processing file /home/airflow/.local/lib/python3.12/site-packages/airflow/example_dags/example_subdag_operator.py for tasks to queue
[2024-09-16T16:31:50.338+0000] {logging_mixin.py:190} INFO - [2024-09-16T16:31:50.337+0000] {dagbag.py:587} INFO - Filling up the DagBag from /home/airflow/.local/lib/python3.12/site-packages/airflow/example_dags/example_subdag_operator.py
[2024-09-16T16:31:50.366+0000] {processor.py:925} INFO - DAG(s) 'example_subdag_operator.section-1', 'example_subdag_operator.section-2', 'example_subdag_operator' retrieved from /home/airflow/.local/lib/python3.12/site-packages/airflow/example_dags/example_subdag_operator.py
[2024-09-16T16:31:50.381+0000] {logging_mixin.py:190} INFO - [2024-09-16T16:31:50.380+0000] {dag.py:3229} INFO - Sync 3 DAGs
[2024-09-16T16:31:50.399+0000] {logging_mixin.py:190} INFO - [2024-09-16T16:31:50.399+0000] {dag.py:4156} INFO - Setting next_dagrun for example_subdag_operator to 2022-01-01 00:00:00+00:00, run_after=2022-01-01 00:00:00+00:00
[2024-09-16T16:31:50.402+0000] {logging_mixin.py:190} INFO - [2024-09-16T16:31:50.402+0000] {dag.py:4156} INFO - Setting next_dagrun for example_subdag_operator.section-1 to None, run_after=None
[2024-09-16T16:31:50.405+0000] {logging_mixin.py:190} INFO - [2024-09-16T16:31:50.404+0000] {dag.py:4156} INFO - Setting next_dagrun for example_subdag_operator.section-2 to None, run_after=None
[2024-09-16T16:31:50.410+0000] {logging_mixin.py:190} INFO - [2024-09-16T16:31:50.410+0000] {dag.py:3229} INFO - Sync 2 DAGs
[2024-09-16T16:31:50.415+0000] {logging_mixin.py:190} INFO - [2024-09-16T16:31:50.415+0000] {dag.py:4156} INFO - Setting next_dagrun for example_subdag_operator.section-1 to None, run_after=None
[2024-09-16T16:31:50.416+0000] {logging_mixin.py:190} INFO - [2024-09-16T16:31:50.416+0000] {dag.py:4156} INFO - Setting next_dagrun for example_subdag_operator.section-2 to None, run_after=None
[2024-09-16T16:31:50.426+0000] {processor.py:208} INFO - Processing /home/airflow/.local/lib/python3.12/site-packages/airflow/example_dags/example_subdag_operator.py took 0.101 seconds
[2024-09-16T16:32:20.739+0000] {processor.py:186} INFO - Started process (PID=362) to work on /home/airflow/.local/lib/python3.12/site-packages/airflow/example_dags/example_subdag_operator.py
[2024-09-16T16:32:20.740+0000] {processor.py:914} INFO - Processing file /home/airflow/.local/lib/python3.12/site-packages/airflow/example_dags/example_subdag_operator.py for tasks to queue
[2024-09-16T16:32:20.742+0000] {logging_mixin.py:190} INFO - [2024-09-16T16:32:20.741+0000] {dagbag.py:587} INFO - Filling up the DagBag from /home/airflow/.local/lib/python3.12/site-packages/airflow/example_dags/example_subdag_operator.py
[2024-09-16T16:32:20.764+0000] {processor.py:925} INFO - DAG(s) 'example_subdag_operator.section-1', 'example_subdag_operator.section-2', 'example_subdag_operator' retrieved from /home/airflow/.local/lib/python3.12/site-packages/airflow/example_dags/example_subdag_operator.py
[2024-09-16T16:32:20.777+0000] {logging_mixin.py:190} INFO - [2024-09-16T16:32:20.777+0000] {dag.py:3229} INFO - Sync 3 DAGs
[2024-09-16T16:32:20.797+0000] {logging_mixin.py:190} INFO - [2024-09-16T16:32:20.797+0000] {dag.py:4156} INFO - Setting next_dagrun for example_subdag_operator to 2022-01-01 00:00:00+00:00, run_after=2022-01-01 00:00:00+00:00
[2024-09-16T16:32:20.800+0000] {logging_mixin.py:190} INFO - [2024-09-16T16:32:20.800+0000] {dag.py:4156} INFO - Setting next_dagrun for example_subdag_operator.section-1 to None, run_after=None
[2024-09-16T16:32:20.801+0000] {logging_mixin.py:190} INFO - [2024-09-16T16:32:20.801+0000] {dag.py:4156} INFO - Setting next_dagrun for example_subdag_operator.section-2 to None, run_after=None
[2024-09-16T16:32:20.807+0000] {logging_mixin.py:190} INFO - [2024-09-16T16:32:20.807+0000] {dag.py:3229} INFO - Sync 2 DAGs
[2024-09-16T16:32:20.812+0000] {logging_mixin.py:190} INFO - [2024-09-16T16:32:20.812+0000] {dag.py:4156} INFO - Setting next_dagrun for example_subdag_operator.section-1 to None, run_after=None
[2024-09-16T16:32:20.813+0000] {logging_mixin.py:190} INFO - [2024-09-16T16:32:20.813+0000] {dag.py:4156} INFO - Setting next_dagrun for example_subdag_operator.section-2 to None, run_after=None
[2024-09-16T16:32:20.825+0000] {processor.py:208} INFO - Processing /home/airflow/.local/lib/python3.12/site-packages/airflow/example_dags/example_subdag_operator.py took 0.090 seconds
[2024-09-16T16:32:51.330+0000] {processor.py:186} INFO - Started process (PID=424) to work on /home/airflow/.local/lib/python3.12/site-packages/airflow/example_dags/example_subdag_operator.py
[2024-09-16T16:32:51.331+0000] {processor.py:914} INFO - Processing file /home/airflow/.local/lib/python3.12/site-packages/airflow/example_dags/example_subdag_operator.py for tasks to queue
[2024-09-16T16:32:51.333+0000] {logging_mixin.py:190} INFO - [2024-09-16T16:32:51.333+0000] {dagbag.py:587} INFO - Filling up the DagBag from /home/airflow/.local/lib/python3.12/site-packages/airflow/example_dags/example_subdag_operator.py
[2024-09-16T16:32:51.354+0000] {processor.py:925} INFO - DAG(s) 'example_subdag_operator.section-1', 'example_subdag_operator.section-2', 'example_subdag_operator' retrieved from /home/airflow/.local/lib/python3.12/site-packages/airflow/example_dags/example_subdag_operator.py
[2024-09-16T16:32:51.367+0000] {logging_mixin.py:190} INFO - [2024-09-16T16:32:51.367+0000] {dag.py:3229} INFO - Sync 3 DAGs
[2024-09-16T16:32:51.388+0000] {logging_mixin.py:190} INFO - [2024-09-16T16:32:51.388+0000] {dag.py:4156} INFO - Setting next_dagrun for example_subdag_operator to 2022-01-01 00:00:00+00:00, run_after=2022-01-01 00:00:00+00:00
[2024-09-16T16:32:51.391+0000] {logging_mixin.py:190} INFO - [2024-09-16T16:32:51.391+0000] {dag.py:4156} INFO - Setting next_dagrun for example_subdag_operator.section-1 to None, run_after=None
[2024-09-16T16:32:51.393+0000] {logging_mixin.py:190} INFO - [2024-09-16T16:32:51.393+0000] {dag.py:4156} INFO - Setting next_dagrun for example_subdag_operator.section-2 to None, run_after=None
[2024-09-16T16:32:51.400+0000] {logging_mixin.py:190} INFO - [2024-09-16T16:32:51.400+0000] {dag.py:3229} INFO - Sync 2 DAGs
[2024-09-16T16:32:51.406+0000] {logging_mixin.py:190} INFO - [2024-09-16T16:32:51.405+0000] {dag.py:4156} INFO - Setting next_dagrun for example_subdag_operator.section-1 to None, run_after=None
[2024-09-16T16:32:51.407+0000] {logging_mixin.py:190} INFO - [2024-09-16T16:32:51.406+0000] {dag.py:4156} INFO - Setting next_dagrun for example_subdag_operator.section-2 to None, run_after=None
[2024-09-16T16:32:51.419+0000] {processor.py:208} INFO - Processing /home/airflow/.local/lib/python3.12/site-packages/airflow/example_dags/example_subdag_operator.py took 0.094 seconds
[2024-09-16T16:33:21.486+0000] {processor.py:186} INFO - Started process (PID=486) to work on /home/airflow/.local/lib/python3.12/site-packages/airflow/example_dags/example_subdag_operator.py
[2024-09-16T16:33:21.487+0000] {processor.py:914} INFO - Processing file /home/airflow/.local/lib/python3.12/site-packages/airflow/example_dags/example_subdag_operator.py for tasks to queue
[2024-09-16T16:33:21.489+0000] {logging_mixin.py:190} INFO - [2024-09-16T16:33:21.488+0000] {dagbag.py:587} INFO - Filling up the DagBag from /home/airflow/.local/lib/python3.12/site-packages/airflow/example_dags/example_subdag_operator.py
[2024-09-16T16:33:21.513+0000] {processor.py:925} INFO - DAG(s) 'example_subdag_operator.section-1', 'example_subdag_operator.section-2', 'example_subdag_operator' retrieved from /home/airflow/.local/lib/python3.12/site-packages/airflow/example_dags/example_subdag_operator.py
[2024-09-16T16:33:21.526+0000] {logging_mixin.py:190} INFO - [2024-09-16T16:33:21.526+0000] {dag.py:3229} INFO - Sync 3 DAGs
[2024-09-16T16:33:21.546+0000] {logging_mixin.py:190} INFO - [2024-09-16T16:33:21.546+0000] {dag.py:4156} INFO - Setting next_dagrun for example_subdag_operator to 2022-01-01 00:00:00+00:00, run_after=2022-01-01 00:00:00+00:00
[2024-09-16T16:33:21.549+0000] {logging_mixin.py:190} INFO - [2024-09-16T16:33:21.549+0000] {dag.py:4156} INFO - Setting next_dagrun for example_subdag_operator.section-1 to None, run_after=None
[2024-09-16T16:33:21.550+0000] {logging_mixin.py:190} INFO - [2024-09-16T16:33:21.550+0000] {dag.py:4156} INFO - Setting next_dagrun for example_subdag_operator.section-2 to None, run_after=None
[2024-09-16T16:33:21.555+0000] {logging_mixin.py:190} INFO - [2024-09-16T16:33:21.555+0000] {dag.py:3229} INFO - Sync 2 DAGs
[2024-09-16T16:33:21.558+0000] {logging_mixin.py:190} INFO - [2024-09-16T16:33:21.558+0000] {dag.py:4156} INFO - Setting next_dagrun for example_subdag_operator.section-1 to None, run_after=None
[2024-09-16T16:33:21.559+0000] {logging_mixin.py:190} INFO - [2024-09-16T16:33:21.559+0000] {dag.py:4156} INFO - Setting next_dagrun for example_subdag_operator.section-2 to None, run_after=None
[2024-09-16T16:33:21.567+0000] {processor.py:208} INFO - Processing /home/airflow/.local/lib/python3.12/site-packages/airflow/example_dags/example_subdag_operator.py took 0.086 seconds
[2024-09-16T16:33:52.116+0000] {processor.py:186} INFO - Started process (PID=548) to work on /home/airflow/.local/lib/python3.12/site-packages/airflow/example_dags/example_subdag_operator.py
[2024-09-16T16:33:52.118+0000] {processor.py:914} INFO - Processing file /home/airflow/.local/lib/python3.12/site-packages/airflow/example_dags/example_subdag_operator.py for tasks to queue
[2024-09-16T16:33:52.119+0000] {logging_mixin.py:190} INFO - [2024-09-16T16:33:52.119+0000] {dagbag.py:587} INFO - Filling up the DagBag from /home/airflow/.local/lib/python3.12/site-packages/airflow/example_dags/example_subdag_operator.py
[2024-09-16T16:33:52.139+0000] {processor.py:925} INFO - DAG(s) 'example_subdag_operator.section-1', 'example_subdag_operator.section-2', 'example_subdag_operator' retrieved from /home/airflow/.local/lib/python3.12/site-packages/airflow/example_dags/example_subdag_operator.py
[2024-09-16T16:33:52.152+0000] {logging_mixin.py:190} INFO - [2024-09-16T16:33:52.151+0000] {dag.py:3229} INFO - Sync 3 DAGs
[2024-09-16T16:33:52.172+0000] {logging_mixin.py:190} INFO - [2024-09-16T16:33:52.171+0000] {dag.py:4156} INFO - Setting next_dagrun for example_subdag_operator to 2022-01-01 00:00:00+00:00, run_after=2022-01-01 00:00:00+00:00
[2024-09-16T16:33:52.175+0000] {logging_mixin.py:190} INFO - [2024-09-16T16:33:52.175+0000] {dag.py:4156} INFO - Setting next_dagrun for example_subdag_operator.section-1 to None, run_after=None
[2024-09-16T16:33:52.177+0000] {logging_mixin.py:190} INFO - [2024-09-16T16:33:52.177+0000] {dag.py:4156} INFO - Setting next_dagrun for example_subdag_operator.section-2 to None, run_after=None
[2024-09-16T16:33:52.183+0000] {logging_mixin.py:190} INFO - [2024-09-16T16:33:52.182+0000] {dag.py:3229} INFO - Sync 2 DAGs
[2024-09-16T16:33:52.187+0000] {logging_mixin.py:190} INFO - [2024-09-16T16:33:52.187+0000] {dag.py:4156} INFO - Setting next_dagrun for example_subdag_operator.section-1 to None, run_after=None
[2024-09-16T16:33:52.188+0000] {logging_mixin.py:190} INFO - [2024-09-16T16:33:52.188+0000] {dag.py:4156} INFO - Setting next_dagrun for example_subdag_operator.section-2 to None, run_after=None
[2024-09-16T16:33:52.197+0000] {processor.py:208} INFO - Processing /home/airflow/.local/lib/python3.12/site-packages/airflow/example_dags/example_subdag_operator.py took 0.085 seconds
[2024-09-16T16:34:22.717+0000] {processor.py:186} INFO - Started process (PID=610) to work on /home/airflow/.local/lib/python3.12/site-packages/airflow/example_dags/example_subdag_operator.py
[2024-09-16T16:34:22.718+0000] {processor.py:914} INFO - Processing file /home/airflow/.local/lib/python3.12/site-packages/airflow/example_dags/example_subdag_operator.py for tasks to queue
[2024-09-16T16:34:22.720+0000] {logging_mixin.py:190} INFO - [2024-09-16T16:34:22.720+0000] {dagbag.py:587} INFO - Filling up the DagBag from /home/airflow/.local/lib/python3.12/site-packages/airflow/example_dags/example_subdag_operator.py
[2024-09-16T16:34:22.740+0000] {processor.py:925} INFO - DAG(s) 'example_subdag_operator.section-1', 'example_subdag_operator.section-2', 'example_subdag_operator' retrieved from /home/airflow/.local/lib/python3.12/site-packages/airflow/example_dags/example_subdag_operator.py
[2024-09-16T16:34:22.753+0000] {logging_mixin.py:190} INFO - [2024-09-16T16:34:22.752+0000] {dag.py:3229} INFO - Sync 3 DAGs
[2024-09-16T16:34:22.772+0000] {logging_mixin.py:190} INFO - [2024-09-16T16:34:22.771+0000] {dag.py:4156} INFO - Setting next_dagrun for example_subdag_operator to 2022-01-01 00:00:00+00:00, run_after=2022-01-01 00:00:00+00:00
[2024-09-16T16:34:22.775+0000] {logging_mixin.py:190} INFO - [2024-09-16T16:34:22.775+0000] {dag.py:4156} INFO - Setting next_dagrun for example_subdag_operator.section-1 to None, run_after=None
[2024-09-16T16:34:22.777+0000] {logging_mixin.py:190} INFO - [2024-09-16T16:34:22.777+0000] {dag.py:4156} INFO - Setting next_dagrun for example_subdag_operator.section-2 to None, run_after=None
[2024-09-16T16:34:22.784+0000] {logging_mixin.py:190} INFO - [2024-09-16T16:34:22.783+0000] {dag.py:3229} INFO - Sync 2 DAGs
[2024-09-16T16:34:22.788+0000] {logging_mixin.py:190} INFO - [2024-09-16T16:34:22.788+0000] {dag.py:4156} INFO - Setting next_dagrun for example_subdag_operator.section-1 to None, run_after=None
[2024-09-16T16:34:22.789+0000] {logging_mixin.py:190} INFO - [2024-09-16T16:34:22.789+0000] {dag.py:4156} INFO - Setting next_dagrun for example_subdag_operator.section-2 to None, run_after=None
[2024-09-16T16:34:22.800+0000] {processor.py:208} INFO - Processing /home/airflow/.local/lib/python3.12/site-packages/airflow/example_dags/example_subdag_operator.py took 0.088 seconds
[2024-09-16T16:34:53.259+0000] {processor.py:186} INFO - Started process (PID=672) to work on /home/airflow/.local/lib/python3.12/site-packages/airflow/example_dags/example_subdag_operator.py
[2024-09-16T16:34:53.259+0000] {processor.py:914} INFO - Processing file /home/airflow/.local/lib/python3.12/site-packages/airflow/example_dags/example_subdag_operator.py for tasks to queue
[2024-09-16T16:34:53.262+0000] {logging_mixin.py:190} INFO - [2024-09-16T16:34:53.262+0000] {dagbag.py:587} INFO - Filling up the DagBag from /home/airflow/.local/lib/python3.12/site-packages/airflow/example_dags/example_subdag_operator.py
[2024-09-16T16:34:53.287+0000] {processor.py:925} INFO - DAG(s) 'example_subdag_operator.section-1', 'example_subdag_operator.section-2', 'example_subdag_operator' retrieved from /home/airflow/.local/lib/python3.12/site-packages/airflow/example_dags/example_subdag_operator.py
[2024-09-16T16:34:53.300+0000] {logging_mixin.py:190} INFO - [2024-09-16T16:34:53.300+0000] {dag.py:3229} INFO - Sync 3 DAGs
[2024-09-16T16:34:53.323+0000] {logging_mixin.py:190} INFO - [2024-09-16T16:34:53.323+0000] {dag.py:4156} INFO - Setting next_dagrun for example_subdag_operator to 2022-01-01 00:00:00+00:00, run_after=2022-01-01 00:00:00+00:00
[2024-09-16T16:34:53.326+0000] {logging_mixin.py:190} INFO - [2024-09-16T16:34:53.326+0000] {dag.py:4156} INFO - Setting next_dagrun for example_subdag_operator.section-1 to None, run_after=None
[2024-09-16T16:34:53.328+0000] {logging_mixin.py:190} INFO - [2024-09-16T16:34:53.328+0000] {dag.py:4156} INFO - Setting next_dagrun for example_subdag_operator.section-2 to None, run_after=None
[2024-09-16T16:34:53.335+0000] {logging_mixin.py:190} INFO - [2024-09-16T16:34:53.334+0000] {dag.py:3229} INFO - Sync 2 DAGs
[2024-09-16T16:34:53.339+0000] {logging_mixin.py:190} INFO - [2024-09-16T16:34:53.339+0000] {dag.py:4156} INFO - Setting next_dagrun for example_subdag_operator.section-1 to None, run_after=None
[2024-09-16T16:34:53.340+0000] {logging_mixin.py:190} INFO - [2024-09-16T16:34:53.340+0000] {dag.py:4156} INFO - Setting next_dagrun for example_subdag_operator.section-2 to None, run_after=None
[2024-09-16T16:34:53.354+0000] {processor.py:208} INFO - Processing /home/airflow/.local/lib/python3.12/site-packages/airflow/example_dags/example_subdag_operator.py took 0.100 seconds
[2024-09-16T16:35:23.845+0000] {processor.py:186} INFO - Started process (PID=735) to work on /home/airflow/.local/lib/python3.12/site-packages/airflow/example_dags/example_subdag_operator.py
[2024-09-16T16:35:23.845+0000] {processor.py:914} INFO - Processing file /home/airflow/.local/lib/python3.12/site-packages/airflow/example_dags/example_subdag_operator.py for tasks to queue
[2024-09-16T16:35:23.847+0000] {logging_mixin.py:190} INFO - [2024-09-16T16:35:23.847+0000] {dagbag.py:587} INFO - Filling up the DagBag from /home/airflow/.local/lib/python3.12/site-packages/airflow/example_dags/example_subdag_operator.py
[2024-09-16T16:35:23.874+0000] {processor.py:925} INFO - DAG(s) 'example_subdag_operator.section-1', 'example_subdag_operator.section-2', 'example_subdag_operator' retrieved from /home/airflow/.local/lib/python3.12/site-packages/airflow/example_dags/example_subdag_operator.py
[2024-09-16T16:35:23.887+0000] {logging_mixin.py:190} INFO - [2024-09-16T16:35:23.887+0000] {dag.py:3229} INFO - Sync 3 DAGs
[2024-09-16T16:35:23.907+0000] {logging_mixin.py:190} INFO - [2024-09-16T16:35:23.907+0000] {dag.py:4156} INFO - Setting next_dagrun for example_subdag_operator to 2022-01-01 00:00:00+00:00, run_after=2022-01-01 00:00:00+00:00
[2024-09-16T16:35:23.910+0000] {logging_mixin.py:190} INFO - [2024-09-16T16:35:23.910+0000] {dag.py:4156} INFO - Setting next_dagrun for example_subdag_operator.section-1 to None, run_after=None
[2024-09-16T16:35:23.912+0000] {logging_mixin.py:190} INFO - [2024-09-16T16:35:23.912+0000] {dag.py:4156} INFO - Setting next_dagrun for example_subdag_operator.section-2 to None, run_after=None
[2024-09-16T16:35:23.919+0000] {logging_mixin.py:190} INFO - [2024-09-16T16:35:23.919+0000] {dag.py:3229} INFO - Sync 2 DAGs
[2024-09-16T16:35:23.925+0000] {logging_mixin.py:190} INFO - [2024-09-16T16:35:23.925+0000] {dag.py:4156} INFO - Setting next_dagrun for example_subdag_operator.section-1 to None, run_after=None
[2024-09-16T16:35:23.926+0000] {logging_mixin.py:190} INFO - [2024-09-16T16:35:23.926+0000] {dag.py:4156} INFO - Setting next_dagrun for example_subdag_operator.section-2 to None, run_after=None
[2024-09-16T16:35:23.939+0000] {processor.py:208} INFO - Processing /home/airflow/.local/lib/python3.12/site-packages/airflow/example_dags/example_subdag_operator.py took 0.098 seconds
[2024-09-16T16:35:54.539+0000] {processor.py:186} INFO - Started process (PID=797) to work on /home/airflow/.local/lib/python3.12/site-packages/airflow/example_dags/example_subdag_operator.py
[2024-09-16T16:35:54.541+0000] {processor.py:914} INFO - Processing file /home/airflow/.local/lib/python3.12/site-packages/airflow/example_dags/example_subdag_operator.py for tasks to queue
[2024-09-16T16:35:54.544+0000] {logging_mixin.py:190} INFO - [2024-09-16T16:35:54.544+0000] {dagbag.py:587} INFO - Filling up the DagBag from /home/airflow/.local/lib/python3.12/site-packages/airflow/example_dags/example_subdag_operator.py
[2024-09-16T16:35:54.573+0000] {processor.py:925} INFO - DAG(s) 'example_subdag_operator.section-1', 'example_subdag_operator.section-2', 'example_subdag_operator' retrieved from /home/airflow/.local/lib/python3.12/site-packages/airflow/example_dags/example_subdag_operator.py
[2024-09-16T16:35:54.590+0000] {logging_mixin.py:190} INFO - [2024-09-16T16:35:54.590+0000] {dag.py:3229} INFO - Sync 3 DAGs
[2024-09-16T16:35:54.613+0000] {logging_mixin.py:190} INFO - [2024-09-16T16:35:54.613+0000] {dag.py:4156} INFO - Setting next_dagrun for example_subdag_operator to 2022-01-01 00:00:00+00:00, run_after=2022-01-01 00:00:00+00:00
[2024-09-16T16:35:54.618+0000] {logging_mixin.py:190} INFO - [2024-09-16T16:35:54.618+0000] {dag.py:4156} INFO - Setting next_dagrun for example_subdag_operator.section-1 to None, run_after=None
[2024-09-16T16:35:54.620+0000] {logging_mixin.py:190} INFO - [2024-09-16T16:35:54.620+0000] {dag.py:4156} INFO - Setting next_dagrun for example_subdag_operator.section-2 to None, run_after=None
[2024-09-16T16:35:54.629+0000] {logging_mixin.py:190} INFO - [2024-09-16T16:35:54.629+0000] {dag.py:3229} INFO - Sync 2 DAGs
[2024-09-16T16:35:54.636+0000] {logging_mixin.py:190} INFO - [2024-09-16T16:35:54.636+0000] {dag.py:4156} INFO - Setting next_dagrun for example_subdag_operator.section-1 to None, run_after=None
[2024-09-16T16:35:54.637+0000] {logging_mixin.py:190} INFO - [2024-09-16T16:35:54.637+0000] {dag.py:4156} INFO - Setting next_dagrun for example_subdag_operator.section-2 to None, run_after=None
[2024-09-16T16:35:54.651+0000] {processor.py:208} INFO - Processing /home/airflow/.local/lib/python3.12/site-packages/airflow/example_dags/example_subdag_operator.py took 0.120 seconds
[2024-09-16T16:36:25.474+0000] {processor.py:186} INFO - Started process (PID=859) to work on /home/airflow/.local/lib/python3.12/site-packages/airflow/example_dags/example_subdag_operator.py
[2024-09-16T16:36:25.475+0000] {processor.py:914} INFO - Processing file /home/airflow/.local/lib/python3.12/site-packages/airflow/example_dags/example_subdag_operator.py for tasks to queue
[2024-09-16T16:36:25.477+0000] {logging_mixin.py:190} INFO - [2024-09-16T16:36:25.477+0000] {dagbag.py:587} INFO - Filling up the DagBag from /home/airflow/.local/lib/python3.12/site-packages/airflow/example_dags/example_subdag_operator.py
[2024-09-16T16:36:25.502+0000] {processor.py:925} INFO - DAG(s) 'example_subdag_operator.section-1', 'example_subdag_operator.section-2', 'example_subdag_operator' retrieved from /home/airflow/.local/lib/python3.12/site-packages/airflow/example_dags/example_subdag_operator.py
[2024-09-16T16:36:25.515+0000] {logging_mixin.py:190} INFO - [2024-09-16T16:36:25.515+0000] {dag.py:3229} INFO - Sync 3 DAGs
[2024-09-16T16:36:25.536+0000] {logging_mixin.py:190} INFO - [2024-09-16T16:36:25.536+0000] {dag.py:4156} INFO - Setting next_dagrun for example_subdag_operator to 2022-01-01 00:00:00+00:00, run_after=2022-01-01 00:00:00+00:00
[2024-09-16T16:36:25.540+0000] {logging_mixin.py:190} INFO - [2024-09-16T16:36:25.540+0000] {dag.py:4156} INFO - Setting next_dagrun for example_subdag_operator.section-1 to None, run_after=None
[2024-09-16T16:36:25.542+0000] {logging_mixin.py:190} INFO - [2024-09-16T16:36:25.541+0000] {dag.py:4156} INFO - Setting next_dagrun for example_subdag_operator.section-2 to None, run_after=None
[2024-09-16T16:36:25.549+0000] {logging_mixin.py:190} INFO - [2024-09-16T16:36:25.549+0000] {dag.py:3229} INFO - Sync 2 DAGs
[2024-09-16T16:36:25.555+0000] {logging_mixin.py:190} INFO - [2024-09-16T16:36:25.555+0000] {dag.py:4156} INFO - Setting next_dagrun for example_subdag_operator.section-1 to None, run_after=None
[2024-09-16T16:36:25.556+0000] {logging_mixin.py:190} INFO - [2024-09-16T16:36:25.556+0000] {dag.py:4156} INFO - Setting next_dagrun for example_subdag_operator.section-2 to None, run_after=None
[2024-09-16T16:36:25.569+0000] {processor.py:208} INFO - Processing /home/airflow/.local/lib/python3.12/site-packages/airflow/example_dags/example_subdag_operator.py took 0.101 seconds
[2024-09-16T16:36:55.878+0000] {processor.py:186} INFO - Started process (PID=921) to work on /home/airflow/.local/lib/python3.12/site-packages/airflow/example_dags/example_subdag_operator.py
[2024-09-16T16:36:55.879+0000] {processor.py:914} INFO - Processing file /home/airflow/.local/lib/python3.12/site-packages/airflow/example_dags/example_subdag_operator.py for tasks to queue
[2024-09-16T16:36:55.881+0000] {logging_mixin.py:190} INFO - [2024-09-16T16:36:55.881+0000] {dagbag.py:587} INFO - Filling up the DagBag from /home/airflow/.local/lib/python3.12/site-packages/airflow/example_dags/example_subdag_operator.py
[2024-09-16T16:36:55.900+0000] {processor.py:925} INFO - DAG(s) 'example_subdag_operator.section-1', 'example_subdag_operator.section-2', 'example_subdag_operator' retrieved from /home/airflow/.local/lib/python3.12/site-packages/airflow/example_dags/example_subdag_operator.py
[2024-09-16T16:36:55.913+0000] {logging_mixin.py:190} INFO - [2024-09-16T16:36:55.912+0000] {dag.py:3229} INFO - Sync 3 DAGs
[2024-09-16T16:36:55.931+0000] {logging_mixin.py:190} INFO - [2024-09-16T16:36:55.930+0000] {dag.py:4156} INFO - Setting next_dagrun for example_subdag_operator to 2022-01-01 00:00:00+00:00, run_after=2022-01-01 00:00:00+00:00
[2024-09-16T16:36:55.934+0000] {logging_mixin.py:190} INFO - [2024-09-16T16:36:55.934+0000] {dag.py:4156} INFO - Setting next_dagrun for example_subdag_operator.section-1 to None, run_after=None
[2024-09-16T16:36:55.935+0000] {logging_mixin.py:190} INFO - [2024-09-16T16:36:55.935+0000] {dag.py:4156} INFO - Setting next_dagrun for example_subdag_operator.section-2 to None, run_after=None
[2024-09-16T16:36:55.945+0000] {logging_mixin.py:190} INFO - [2024-09-16T16:36:55.945+0000] {dag.py:3229} INFO - Sync 2 DAGs
[2024-09-16T16:36:55.950+0000] {logging_mixin.py:190} INFO - [2024-09-16T16:36:55.950+0000] {dag.py:4156} INFO - Setting next_dagrun for example_subdag_operator.section-1 to None, run_after=None
[2024-09-16T16:36:55.951+0000] {logging_mixin.py:190} INFO - [2024-09-16T16:36:55.950+0000] {dag.py:4156} INFO - Setting next_dagrun for example_subdag_operator.section-2 to None, run_after=None
[2024-09-16T16:36:55.964+0000] {processor.py:208} INFO - Processing /home/airflow/.local/lib/python3.12/site-packages/airflow/example_dags/example_subdag_operator.py took 0.090 seconds
[2024-09-16T16:37:26.278+0000] {processor.py:186} INFO - Started process (PID=983) to work on /home/airflow/.local/lib/python3.12/site-packages/airflow/example_dags/example_subdag_operator.py
[2024-09-16T16:37:26.278+0000] {processor.py:914} INFO - Processing file /home/airflow/.local/lib/python3.12/site-packages/airflow/example_dags/example_subdag_operator.py for tasks to queue
[2024-09-16T16:37:26.280+0000] {logging_mixin.py:190} INFO - [2024-09-16T16:37:26.280+0000] {dagbag.py:587} INFO - Filling up the DagBag from /home/airflow/.local/lib/python3.12/site-packages/airflow/example_dags/example_subdag_operator.py
[2024-09-16T16:37:26.302+0000] {processor.py:925} INFO - DAG(s) 'example_subdag_operator.section-1', 'example_subdag_operator.section-2', 'example_subdag_operator' retrieved from /home/airflow/.local/lib/python3.12/site-packages/airflow/example_dags/example_subdag_operator.py
[2024-09-16T16:37:26.314+0000] {logging_mixin.py:190} INFO - [2024-09-16T16:37:26.314+0000] {dag.py:3229} INFO - Sync 3 DAGs
[2024-09-16T16:37:26.332+0000] {logging_mixin.py:190} INFO - [2024-09-16T16:37:26.332+0000] {dag.py:4156} INFO - Setting next_dagrun for example_subdag_operator to 2022-01-01 00:00:00+00:00, run_after=2022-01-01 00:00:00+00:00
[2024-09-16T16:37:26.335+0000] {logging_mixin.py:190} INFO - [2024-09-16T16:37:26.335+0000] {dag.py:4156} INFO - Setting next_dagrun for example_subdag_operator.section-1 to None, run_after=None
[2024-09-16T16:37:26.336+0000] {logging_mixin.py:190} INFO - [2024-09-16T16:37:26.336+0000] {dag.py:4156} INFO - Setting next_dagrun for example_subdag_operator.section-2 to None, run_after=None
[2024-09-16T16:37:26.342+0000] {logging_mixin.py:190} INFO - [2024-09-16T16:37:26.342+0000] {dag.py:3229} INFO - Sync 2 DAGs
[2024-09-16T16:37:26.348+0000] {logging_mixin.py:190} INFO - [2024-09-16T16:37:26.348+0000] {dag.py:4156} INFO - Setting next_dagrun for example_subdag_operator.section-1 to None, run_after=None
[2024-09-16T16:37:26.348+0000] {logging_mixin.py:190} INFO - [2024-09-16T16:37:26.348+0000] {dag.py:4156} INFO - Setting next_dagrun for example_subdag_operator.section-2 to None, run_after=None
[2024-09-16T16:37:26.357+0000] {processor.py:208} INFO - Processing /home/airflow/.local/lib/python3.12/site-packages/airflow/example_dags/example_subdag_operator.py took 0.085 seconds
