[2024-09-16T16:25:44.643+0000] {processor.py:186} INFO - Started process (PID=99) to work on /home/airflow/.local/lib/python3.12/site-packages/airflow/example_dags/example_branch_day_of_week_operator.py
[2024-09-16T16:25:44.644+0000] {processor.py:914} INFO - Processing file /home/airflow/.local/lib/python3.12/site-packages/airflow/example_dags/example_branch_day_of_week_operator.py for tasks to queue
[2024-09-16T16:25:44.650+0000] {logging_mixin.py:190} INFO - [2024-09-16T16:25:44.649+0000] {dagbag.py:587} INFO - Filling up the DagBag from /home/airflow/.local/lib/python3.12/site-packages/airflow/example_dags/example_branch_day_of_week_operator.py
[2024-09-16T16:25:44.666+0000] {processor.py:925} INFO - DAG(s) 'example_weekday_branch_operator' retrieved from /home/airflow/.local/lib/python3.12/site-packages/airflow/example_dags/example_branch_day_of_week_operator.py
[2024-09-16T16:25:44.820+0000] {logging_mixin.py:190} INFO - [2024-09-16T16:25:44.819+0000] {override.py:1900} INFO - Created Permission View: can edit on DAG:example_weekday_branch_operator
[2024-09-16T16:25:44.834+0000] {logging_mixin.py:190} INFO - [2024-09-16T16:25:44.834+0000] {override.py:1900} INFO - Created Permission View: can delete on DAG:example_weekday_branch_operator
[2024-09-16T16:25:44.844+0000] {logging_mixin.py:190} INFO - [2024-09-16T16:25:44.844+0000] {override.py:1900} INFO - Created Permission View: can read on DAG:example_weekday_branch_operator
[2024-09-16T16:25:44.853+0000] {logging_mixin.py:190} INFO - [2024-09-16T16:25:44.853+0000] {override.py:1900} INFO - Created Permission View: can delete on DAG Run:example_weekday_branch_operator
[2024-09-16T16:25:44.865+0000] {logging_mixin.py:190} INFO - [2024-09-16T16:25:44.864+0000] {override.py:1900} INFO - Created Permission View: can create on DAG Run:example_weekday_branch_operator
[2024-09-16T16:25:44.876+0000] {logging_mixin.py:190} INFO - [2024-09-16T16:25:44.876+0000] {override.py:1900} INFO - Created Permission View: menu access on DAG Run:example_weekday_branch_operator
[2024-09-16T16:25:44.886+0000] {logging_mixin.py:190} INFO - [2024-09-16T16:25:44.886+0000] {override.py:1900} INFO - Created Permission View: can read on DAG Run:example_weekday_branch_operator
[2024-09-16T16:25:44.887+0000] {logging_mixin.py:190} INFO - [2024-09-16T16:25:44.887+0000] {dag.py:3229} INFO - Sync 1 DAGs
[2024-09-16T16:25:44.907+0000] {logging_mixin.py:190} INFO - [2024-09-16T16:25:44.907+0000] {dag.py:3252} INFO - Creating ORM DAG for example_weekday_branch_operator
[2024-09-16T16:25:44.924+0000] {logging_mixin.py:190} INFO - [2024-09-16T16:25:44.923+0000] {dag.py:4156} INFO - Setting next_dagrun for example_weekday_branch_operator to 2024-09-15 00:00:00+00:00, run_after=2024-09-16 00:00:00+00:00
[2024-09-16T16:25:44.948+0000] {processor.py:208} INFO - Processing /home/airflow/.local/lib/python3.12/site-packages/airflow/example_dags/example_branch_day_of_week_operator.py took 0.316 seconds
[2024-09-16T16:26:15.399+0000] {processor.py:186} INFO - Started process (PID=161) to work on /home/airflow/.local/lib/python3.12/site-packages/airflow/example_dags/example_branch_day_of_week_operator.py
[2024-09-16T16:26:15.400+0000] {processor.py:914} INFO - Processing file /home/airflow/.local/lib/python3.12/site-packages/airflow/example_dags/example_branch_day_of_week_operator.py for tasks to queue
[2024-09-16T16:26:15.403+0000] {logging_mixin.py:190} INFO - [2024-09-16T16:26:15.403+0000] {dagbag.py:587} INFO - Filling up the DagBag from /home/airflow/.local/lib/python3.12/site-packages/airflow/example_dags/example_branch_day_of_week_operator.py
[2024-09-16T16:26:15.416+0000] {processor.py:925} INFO - DAG(s) 'example_weekday_branch_operator' retrieved from /home/airflow/.local/lib/python3.12/site-packages/airflow/example_dags/example_branch_day_of_week_operator.py
[2024-09-16T16:26:15.446+0000] {logging_mixin.py:190} INFO - [2024-09-16T16:26:15.445+0000] {dag.py:3229} INFO - Sync 1 DAGs
[2024-09-16T16:26:15.473+0000] {logging_mixin.py:190} INFO - [2024-09-16T16:26:15.473+0000] {dag.py:4156} INFO - Setting next_dagrun for example_weekday_branch_operator to 2024-09-15 00:00:00+00:00, run_after=2024-09-16 00:00:00+00:00
[2024-09-16T16:26:15.492+0000] {processor.py:208} INFO - Processing /home/airflow/.local/lib/python3.12/site-packages/airflow/example_dags/example_branch_day_of_week_operator.py took 0.101 seconds
[2024-09-16T16:26:47.074+0000] {processor.py:186} INFO - Started process (PID=223) to work on /home/airflow/.local/lib/python3.12/site-packages/airflow/example_dags/example_branch_day_of_week_operator.py
[2024-09-16T16:26:47.077+0000] {processor.py:914} INFO - Processing file /home/airflow/.local/lib/python3.12/site-packages/airflow/example_dags/example_branch_day_of_week_operator.py for tasks to queue
[2024-09-16T16:26:47.083+0000] {logging_mixin.py:190} INFO - [2024-09-16T16:26:47.082+0000] {dagbag.py:587} INFO - Filling up the DagBag from /home/airflow/.local/lib/python3.12/site-packages/airflow/example_dags/example_branch_day_of_week_operator.py
[2024-09-16T16:26:47.114+0000] {processor.py:925} INFO - DAG(s) 'example_weekday_branch_operator' retrieved from /home/airflow/.local/lib/python3.12/site-packages/airflow/example_dags/example_branch_day_of_week_operator.py
[2024-09-16T16:26:47.180+0000] {logging_mixin.py:190} INFO - [2024-09-16T16:26:47.180+0000] {dag.py:3229} INFO - Sync 1 DAGs
[2024-09-16T16:26:47.251+0000] {logging_mixin.py:190} INFO - [2024-09-16T16:26:47.251+0000] {dag.py:4156} INFO - Setting next_dagrun for example_weekday_branch_operator to 2024-09-15 00:00:00+00:00, run_after=2024-09-16 00:00:00+00:00
[2024-09-16T16:26:47.306+0000] {processor.py:208} INFO - Processing /home/airflow/.local/lib/python3.12/site-packages/airflow/example_dags/example_branch_day_of_week_operator.py took 0.250 seconds
[2024-09-16T16:27:17.888+0000] {processor.py:186} INFO - Started process (PID=285) to work on /home/airflow/.local/lib/python3.12/site-packages/airflow/example_dags/example_branch_day_of_week_operator.py
[2024-09-16T16:27:17.890+0000] {processor.py:914} INFO - Processing file /home/airflow/.local/lib/python3.12/site-packages/airflow/example_dags/example_branch_day_of_week_operator.py for tasks to queue
[2024-09-16T16:27:17.893+0000] {logging_mixin.py:190} INFO - [2024-09-16T16:27:17.893+0000] {dagbag.py:587} INFO - Filling up the DagBag from /home/airflow/.local/lib/python3.12/site-packages/airflow/example_dags/example_branch_day_of_week_operator.py
[2024-09-16T16:27:17.906+0000] {processor.py:925} INFO - DAG(s) 'example_weekday_branch_operator' retrieved from /home/airflow/.local/lib/python3.12/site-packages/airflow/example_dags/example_branch_day_of_week_operator.py
[2024-09-16T16:27:17.938+0000] {logging_mixin.py:190} INFO - [2024-09-16T16:27:17.937+0000] {dag.py:3229} INFO - Sync 1 DAGs
[2024-09-16T16:27:17.976+0000] {logging_mixin.py:190} INFO - [2024-09-16T16:27:17.975+0000] {dag.py:4156} INFO - Setting next_dagrun for example_weekday_branch_operator to 2024-09-15 00:00:00+00:00, run_after=2024-09-16 00:00:00+00:00
[2024-09-16T16:27:18.005+0000] {processor.py:208} INFO - Processing /home/airflow/.local/lib/python3.12/site-packages/airflow/example_dags/example_branch_day_of_week_operator.py took 0.126 seconds
[2024-09-16T16:27:52.594+0000] {processor.py:186} INFO - Started process (PID=347) to work on /home/airflow/.local/lib/python3.12/site-packages/airflow/example_dags/example_branch_day_of_week_operator.py
[2024-09-16T16:27:52.596+0000] {processor.py:914} INFO - Processing file /home/airflow/.local/lib/python3.12/site-packages/airflow/example_dags/example_branch_day_of_week_operator.py for tasks to queue
[2024-09-16T16:27:52.601+0000] {logging_mixin.py:190} INFO - [2024-09-16T16:27:52.600+0000] {dagbag.py:587} INFO - Filling up the DagBag from /home/airflow/.local/lib/python3.12/site-packages/airflow/example_dags/example_branch_day_of_week_operator.py
[2024-09-16T16:27:52.631+0000] {processor.py:925} INFO - DAG(s) 'example_weekday_branch_operator' retrieved from /home/airflow/.local/lib/python3.12/site-packages/airflow/example_dags/example_branch_day_of_week_operator.py
[2024-09-16T16:27:52.676+0000] {logging_mixin.py:190} INFO - [2024-09-16T16:27:52.676+0000] {dag.py:3229} INFO - Sync 1 DAGs
[2024-09-16T16:27:52.747+0000] {logging_mixin.py:190} INFO - [2024-09-16T16:27:52.746+0000] {dag.py:4156} INFO - Setting next_dagrun for example_weekday_branch_operator to 2024-09-15 00:00:00+00:00, run_after=2024-09-16 00:00:00+00:00
[2024-09-16T16:27:52.792+0000] {processor.py:208} INFO - Processing /home/airflow/.local/lib/python3.12/site-packages/airflow/example_dags/example_branch_day_of_week_operator.py took 0.216 seconds
[2024-09-16T16:28:23.526+0000] {processor.py:186} INFO - Started process (PID=416) to work on /home/airflow/.local/lib/python3.12/site-packages/airflow/example_dags/example_branch_day_of_week_operator.py
[2024-09-16T16:28:23.527+0000] {processor.py:914} INFO - Processing file /home/airflow/.local/lib/python3.12/site-packages/airflow/example_dags/example_branch_day_of_week_operator.py for tasks to queue
[2024-09-16T16:28:23.536+0000] {logging_mixin.py:190} INFO - [2024-09-16T16:28:23.534+0000] {dagbag.py:587} INFO - Filling up the DagBag from /home/airflow/.local/lib/python3.12/site-packages/airflow/example_dags/example_branch_day_of_week_operator.py
[2024-09-16T16:28:23.560+0000] {processor.py:925} INFO - DAG(s) 'example_weekday_branch_operator' retrieved from /home/airflow/.local/lib/python3.12/site-packages/airflow/example_dags/example_branch_day_of_week_operator.py
[2024-09-16T16:28:23.612+0000] {logging_mixin.py:190} INFO - [2024-09-16T16:28:23.611+0000] {dag.py:3229} INFO - Sync 1 DAGs
[2024-09-16T16:28:23.686+0000] {logging_mixin.py:190} INFO - [2024-09-16T16:28:23.686+0000] {dag.py:4156} INFO - Setting next_dagrun for example_weekday_branch_operator to 2024-09-15 00:00:00+00:00, run_after=2024-09-16 00:00:00+00:00
[2024-09-16T16:28:23.723+0000] {processor.py:208} INFO - Processing /home/airflow/.local/lib/python3.12/site-packages/airflow/example_dags/example_branch_day_of_week_operator.py took 0.208 seconds
[2024-09-16T16:30:16.876+0000] {processor.py:186} INFO - Started process (PID=96) to work on /home/airflow/.local/lib/python3.12/site-packages/airflow/example_dags/example_branch_day_of_week_operator.py
[2024-09-16T16:30:16.878+0000] {processor.py:914} INFO - Processing file /home/airflow/.local/lib/python3.12/site-packages/airflow/example_dags/example_branch_day_of_week_operator.py for tasks to queue
[2024-09-16T16:30:16.882+0000] {logging_mixin.py:190} INFO - [2024-09-16T16:30:16.882+0000] {dagbag.py:587} INFO - Filling up the DagBag from /home/airflow/.local/lib/python3.12/site-packages/airflow/example_dags/example_branch_day_of_week_operator.py
[2024-09-16T16:30:16.895+0000] {processor.py:925} INFO - DAG(s) 'example_weekday_branch_operator' retrieved from /home/airflow/.local/lib/python3.12/site-packages/airflow/example_dags/example_branch_day_of_week_operator.py
[2024-09-16T16:30:16.930+0000] {logging_mixin.py:190} INFO - [2024-09-16T16:30:16.930+0000] {dag.py:3229} INFO - Sync 1 DAGs
[2024-09-16T16:30:16.966+0000] {logging_mixin.py:190} INFO - [2024-09-16T16:30:16.966+0000] {dag.py:4156} INFO - Setting next_dagrun for example_weekday_branch_operator to 2024-09-15 00:00:00+00:00, run_after=2024-09-16 00:00:00+00:00
[2024-09-16T16:30:16.990+0000] {processor.py:208} INFO - Processing /home/airflow/.local/lib/python3.12/site-packages/airflow/example_dags/example_branch_day_of_week_operator.py took 0.122 seconds
[2024-09-16T16:30:47.227+0000] {processor.py:186} INFO - Started process (PID=158) to work on /home/airflow/.local/lib/python3.12/site-packages/airflow/example_dags/example_branch_day_of_week_operator.py
[2024-09-16T16:30:47.228+0000] {processor.py:914} INFO - Processing file /home/airflow/.local/lib/python3.12/site-packages/airflow/example_dags/example_branch_day_of_week_operator.py for tasks to queue
[2024-09-16T16:30:47.230+0000] {logging_mixin.py:190} INFO - [2024-09-16T16:30:47.230+0000] {dagbag.py:587} INFO - Filling up the DagBag from /home/airflow/.local/lib/python3.12/site-packages/airflow/example_dags/example_branch_day_of_week_operator.py
[2024-09-16T16:30:47.236+0000] {processor.py:925} INFO - DAG(s) 'example_weekday_branch_operator' retrieved from /home/airflow/.local/lib/python3.12/site-packages/airflow/example_dags/example_branch_day_of_week_operator.py
[2024-09-16T16:30:47.258+0000] {logging_mixin.py:190} INFO - [2024-09-16T16:30:47.257+0000] {dag.py:3229} INFO - Sync 1 DAGs
[2024-09-16T16:30:47.277+0000] {logging_mixin.py:190} INFO - [2024-09-16T16:30:47.277+0000] {dag.py:4156} INFO - Setting next_dagrun for example_weekday_branch_operator to 2024-09-15 00:00:00+00:00, run_after=2024-09-16 00:00:00+00:00
[2024-09-16T16:30:47.297+0000] {processor.py:208} INFO - Processing /home/airflow/.local/lib/python3.12/site-packages/airflow/example_dags/example_branch_day_of_week_operator.py took 0.073 seconds
[2024-09-16T16:31:17.891+0000] {processor.py:186} INFO - Started process (PID=220) to work on /home/airflow/.local/lib/python3.12/site-packages/airflow/example_dags/example_branch_day_of_week_operator.py
[2024-09-16T16:31:17.892+0000] {processor.py:914} INFO - Processing file /home/airflow/.local/lib/python3.12/site-packages/airflow/example_dags/example_branch_day_of_week_operator.py for tasks to queue
[2024-09-16T16:31:17.895+0000] {logging_mixin.py:190} INFO - [2024-09-16T16:31:17.894+0000] {dagbag.py:587} INFO - Filling up the DagBag from /home/airflow/.local/lib/python3.12/site-packages/airflow/example_dags/example_branch_day_of_week_operator.py
[2024-09-16T16:31:17.902+0000] {processor.py:925} INFO - DAG(s) 'example_weekday_branch_operator' retrieved from /home/airflow/.local/lib/python3.12/site-packages/airflow/example_dags/example_branch_day_of_week_operator.py
[2024-09-16T16:31:17.921+0000] {logging_mixin.py:190} INFO - [2024-09-16T16:31:17.921+0000] {dag.py:3229} INFO - Sync 1 DAGs
[2024-09-16T16:31:17.941+0000] {logging_mixin.py:190} INFO - [2024-09-16T16:31:17.941+0000] {dag.py:4156} INFO - Setting next_dagrun for example_weekday_branch_operator to 2024-09-15 00:00:00+00:00, run_after=2024-09-16 00:00:00+00:00
[2024-09-16T16:31:17.963+0000] {processor.py:208} INFO - Processing /home/airflow/.local/lib/python3.12/site-packages/airflow/example_dags/example_branch_day_of_week_operator.py took 0.075 seconds
[2024-09-16T16:31:48.225+0000] {processor.py:186} INFO - Started process (PID=282) to work on /home/airflow/.local/lib/python3.12/site-packages/airflow/example_dags/example_branch_day_of_week_operator.py
[2024-09-16T16:31:48.225+0000] {processor.py:914} INFO - Processing file /home/airflow/.local/lib/python3.12/site-packages/airflow/example_dags/example_branch_day_of_week_operator.py for tasks to queue
[2024-09-16T16:31:48.228+0000] {logging_mixin.py:190} INFO - [2024-09-16T16:31:48.227+0000] {dagbag.py:587} INFO - Filling up the DagBag from /home/airflow/.local/lib/python3.12/site-packages/airflow/example_dags/example_branch_day_of_week_operator.py
[2024-09-16T16:31:48.234+0000] {processor.py:925} INFO - DAG(s) 'example_weekday_branch_operator' retrieved from /home/airflow/.local/lib/python3.12/site-packages/airflow/example_dags/example_branch_day_of_week_operator.py
[2024-09-16T16:31:48.254+0000] {logging_mixin.py:190} INFO - [2024-09-16T16:31:48.254+0000] {dag.py:3229} INFO - Sync 1 DAGs
[2024-09-16T16:31:48.273+0000] {logging_mixin.py:190} INFO - [2024-09-16T16:31:48.273+0000] {dag.py:4156} INFO - Setting next_dagrun for example_weekday_branch_operator to 2024-09-15 00:00:00+00:00, run_after=2024-09-16 00:00:00+00:00
[2024-09-16T16:31:48.293+0000] {processor.py:208} INFO - Processing /home/airflow/.local/lib/python3.12/site-packages/airflow/example_dags/example_branch_day_of_week_operator.py took 0.072 seconds
[2024-09-16T16:32:18.515+0000] {processor.py:186} INFO - Started process (PID=344) to work on /home/airflow/.local/lib/python3.12/site-packages/airflow/example_dags/example_branch_day_of_week_operator.py
[2024-09-16T16:32:18.516+0000] {processor.py:914} INFO - Processing file /home/airflow/.local/lib/python3.12/site-packages/airflow/example_dags/example_branch_day_of_week_operator.py for tasks to queue
[2024-09-16T16:32:18.518+0000] {logging_mixin.py:190} INFO - [2024-09-16T16:32:18.518+0000] {dagbag.py:587} INFO - Filling up the DagBag from /home/airflow/.local/lib/python3.12/site-packages/airflow/example_dags/example_branch_day_of_week_operator.py
[2024-09-16T16:32:18.531+0000] {processor.py:925} INFO - DAG(s) 'example_weekday_branch_operator' retrieved from /home/airflow/.local/lib/python3.12/site-packages/airflow/example_dags/example_branch_day_of_week_operator.py
[2024-09-16T16:32:18.552+0000] {logging_mixin.py:190} INFO - [2024-09-16T16:32:18.552+0000] {dag.py:3229} INFO - Sync 1 DAGs
[2024-09-16T16:32:18.574+0000] {logging_mixin.py:190} INFO - [2024-09-16T16:32:18.573+0000] {dag.py:4156} INFO - Setting next_dagrun for example_weekday_branch_operator to 2024-09-15 00:00:00+00:00, run_after=2024-09-16 00:00:00+00:00
[2024-09-16T16:32:18.591+0000] {processor.py:208} INFO - Processing /home/airflow/.local/lib/python3.12/site-packages/airflow/example_dags/example_branch_day_of_week_operator.py took 0.082 seconds
[2024-09-16T16:32:49.274+0000] {processor.py:186} INFO - Started process (PID=406) to work on /home/airflow/.local/lib/python3.12/site-packages/airflow/example_dags/example_branch_day_of_week_operator.py
[2024-09-16T16:32:49.275+0000] {processor.py:914} INFO - Processing file /home/airflow/.local/lib/python3.12/site-packages/airflow/example_dags/example_branch_day_of_week_operator.py for tasks to queue
[2024-09-16T16:32:49.278+0000] {logging_mixin.py:190} INFO - [2024-09-16T16:32:49.277+0000] {dagbag.py:587} INFO - Filling up the DagBag from /home/airflow/.local/lib/python3.12/site-packages/airflow/example_dags/example_branch_day_of_week_operator.py
[2024-09-16T16:32:49.285+0000] {processor.py:925} INFO - DAG(s) 'example_weekday_branch_operator' retrieved from /home/airflow/.local/lib/python3.12/site-packages/airflow/example_dags/example_branch_day_of_week_operator.py
[2024-09-16T16:32:49.304+0000] {logging_mixin.py:190} INFO - [2024-09-16T16:32:49.304+0000] {dag.py:3229} INFO - Sync 1 DAGs
[2024-09-16T16:32:49.322+0000] {logging_mixin.py:190} INFO - [2024-09-16T16:32:49.322+0000] {dag.py:4156} INFO - Setting next_dagrun for example_weekday_branch_operator to 2024-09-15 00:00:00+00:00, run_after=2024-09-16 00:00:00+00:00
[2024-09-16T16:32:49.340+0000] {processor.py:208} INFO - Processing /home/airflow/.local/lib/python3.12/site-packages/airflow/example_dags/example_branch_day_of_week_operator.py took 0.070 seconds
[2024-09-16T16:33:19.560+0000] {processor.py:186} INFO - Started process (PID=468) to work on /home/airflow/.local/lib/python3.12/site-packages/airflow/example_dags/example_branch_day_of_week_operator.py
[2024-09-16T16:33:19.561+0000] {processor.py:914} INFO - Processing file /home/airflow/.local/lib/python3.12/site-packages/airflow/example_dags/example_branch_day_of_week_operator.py for tasks to queue
[2024-09-16T16:33:19.563+0000] {logging_mixin.py:190} INFO - [2024-09-16T16:33:19.562+0000] {dagbag.py:587} INFO - Filling up the DagBag from /home/airflow/.local/lib/python3.12/site-packages/airflow/example_dags/example_branch_day_of_week_operator.py
[2024-09-16T16:33:19.570+0000] {processor.py:925} INFO - DAG(s) 'example_weekday_branch_operator' retrieved from /home/airflow/.local/lib/python3.12/site-packages/airflow/example_dags/example_branch_day_of_week_operator.py
[2024-09-16T16:33:19.588+0000] {logging_mixin.py:190} INFO - [2024-09-16T16:33:19.588+0000] {dag.py:3229} INFO - Sync 1 DAGs
[2024-09-16T16:33:19.609+0000] {logging_mixin.py:190} INFO - [2024-09-16T16:33:19.608+0000] {dag.py:4156} INFO - Setting next_dagrun for example_weekday_branch_operator to 2024-09-15 00:00:00+00:00, run_after=2024-09-16 00:00:00+00:00
[2024-09-16T16:33:19.625+0000] {processor.py:208} INFO - Processing /home/airflow/.local/lib/python3.12/site-packages/airflow/example_dags/example_branch_day_of_week_operator.py took 0.072 seconds
[2024-09-16T16:33:50.040+0000] {processor.py:186} INFO - Started process (PID=530) to work on /home/airflow/.local/lib/python3.12/site-packages/airflow/example_dags/example_branch_day_of_week_operator.py
[2024-09-16T16:33:50.041+0000] {processor.py:914} INFO - Processing file /home/airflow/.local/lib/python3.12/site-packages/airflow/example_dags/example_branch_day_of_week_operator.py for tasks to queue
[2024-09-16T16:33:50.043+0000] {logging_mixin.py:190} INFO - [2024-09-16T16:33:50.042+0000] {dagbag.py:587} INFO - Filling up the DagBag from /home/airflow/.local/lib/python3.12/site-packages/airflow/example_dags/example_branch_day_of_week_operator.py
[2024-09-16T16:33:50.051+0000] {processor.py:925} INFO - DAG(s) 'example_weekday_branch_operator' retrieved from /home/airflow/.local/lib/python3.12/site-packages/airflow/example_dags/example_branch_day_of_week_operator.py
[2024-09-16T16:33:50.067+0000] {logging_mixin.py:190} INFO - [2024-09-16T16:33:50.067+0000] {dag.py:3229} INFO - Sync 1 DAGs
[2024-09-16T16:33:50.086+0000] {logging_mixin.py:190} INFO - [2024-09-16T16:33:50.086+0000] {dag.py:4156} INFO - Setting next_dagrun for example_weekday_branch_operator to 2024-09-15 00:00:00+00:00, run_after=2024-09-16 00:00:00+00:00
[2024-09-16T16:33:50.103+0000] {processor.py:208} INFO - Processing /home/airflow/.local/lib/python3.12/site-packages/airflow/example_dags/example_branch_day_of_week_operator.py took 0.068 seconds
[2024-09-16T16:34:20.549+0000] {processor.py:186} INFO - Started process (PID=592) to work on /home/airflow/.local/lib/python3.12/site-packages/airflow/example_dags/example_branch_day_of_week_operator.py
[2024-09-16T16:34:20.549+0000] {processor.py:914} INFO - Processing file /home/airflow/.local/lib/python3.12/site-packages/airflow/example_dags/example_branch_day_of_week_operator.py for tasks to queue
[2024-09-16T16:34:20.551+0000] {logging_mixin.py:190} INFO - [2024-09-16T16:34:20.551+0000] {dagbag.py:587} INFO - Filling up the DagBag from /home/airflow/.local/lib/python3.12/site-packages/airflow/example_dags/example_branch_day_of_week_operator.py
[2024-09-16T16:34:20.558+0000] {processor.py:925} INFO - DAG(s) 'example_weekday_branch_operator' retrieved from /home/airflow/.local/lib/python3.12/site-packages/airflow/example_dags/example_branch_day_of_week_operator.py
[2024-09-16T16:34:20.576+0000] {logging_mixin.py:190} INFO - [2024-09-16T16:34:20.576+0000] {dag.py:3229} INFO - Sync 1 DAGs
[2024-09-16T16:34:20.606+0000] {logging_mixin.py:190} INFO - [2024-09-16T16:34:20.606+0000] {dag.py:4156} INFO - Setting next_dagrun for example_weekday_branch_operator to 2024-09-15 00:00:00+00:00, run_after=2024-09-16 00:00:00+00:00
[2024-09-16T16:34:20.622+0000] {processor.py:208} INFO - Processing /home/airflow/.local/lib/python3.12/site-packages/airflow/example_dags/example_branch_day_of_week_operator.py took 0.078 seconds
[2024-09-16T16:34:51.297+0000] {processor.py:186} INFO - Started process (PID=654) to work on /home/airflow/.local/lib/python3.12/site-packages/airflow/example_dags/example_branch_day_of_week_operator.py
[2024-09-16T16:34:51.299+0000] {processor.py:914} INFO - Processing file /home/airflow/.local/lib/python3.12/site-packages/airflow/example_dags/example_branch_day_of_week_operator.py for tasks to queue
[2024-09-16T16:34:51.300+0000] {logging_mixin.py:190} INFO - [2024-09-16T16:34:51.300+0000] {dagbag.py:587} INFO - Filling up the DagBag from /home/airflow/.local/lib/python3.12/site-packages/airflow/example_dags/example_branch_day_of_week_operator.py
[2024-09-16T16:34:51.307+0000] {processor.py:925} INFO - DAG(s) 'example_weekday_branch_operator' retrieved from /home/airflow/.local/lib/python3.12/site-packages/airflow/example_dags/example_branch_day_of_week_operator.py
[2024-09-16T16:34:51.324+0000] {logging_mixin.py:190} INFO - [2024-09-16T16:34:51.323+0000] {dag.py:3229} INFO - Sync 1 DAGs
[2024-09-16T16:34:51.341+0000] {logging_mixin.py:190} INFO - [2024-09-16T16:34:51.341+0000] {dag.py:4156} INFO - Setting next_dagrun for example_weekday_branch_operator to 2024-09-15 00:00:00+00:00, run_after=2024-09-16 00:00:00+00:00
[2024-09-16T16:34:51.359+0000] {processor.py:208} INFO - Processing /home/airflow/.local/lib/python3.12/site-packages/airflow/example_dags/example_branch_day_of_week_operator.py took 0.066 seconds
[2024-09-16T16:35:21.717+0000] {processor.py:186} INFO - Started process (PID=717) to work on /home/airflow/.local/lib/python3.12/site-packages/airflow/example_dags/example_branch_day_of_week_operator.py
[2024-09-16T16:35:21.719+0000] {processor.py:914} INFO - Processing file /home/airflow/.local/lib/python3.12/site-packages/airflow/example_dags/example_branch_day_of_week_operator.py for tasks to queue
[2024-09-16T16:35:21.720+0000] {logging_mixin.py:190} INFO - [2024-09-16T16:35:21.720+0000] {dagbag.py:587} INFO - Filling up the DagBag from /home/airflow/.local/lib/python3.12/site-packages/airflow/example_dags/example_branch_day_of_week_operator.py
[2024-09-16T16:35:21.728+0000] {processor.py:925} INFO - DAG(s) 'example_weekday_branch_operator' retrieved from /home/airflow/.local/lib/python3.12/site-packages/airflow/example_dags/example_branch_day_of_week_operator.py
[2024-09-16T16:35:21.747+0000] {logging_mixin.py:190} INFO - [2024-09-16T16:35:21.747+0000] {dag.py:3229} INFO - Sync 1 DAGs
[2024-09-16T16:35:21.765+0000] {logging_mixin.py:190} INFO - [2024-09-16T16:35:21.765+0000] {dag.py:4156} INFO - Setting next_dagrun for example_weekday_branch_operator to 2024-09-15 00:00:00+00:00, run_after=2024-09-16 00:00:00+00:00
[2024-09-16T16:35:21.782+0000] {processor.py:208} INFO - Processing /home/airflow/.local/lib/python3.12/site-packages/airflow/example_dags/example_branch_day_of_week_operator.py took 0.069 seconds
[2024-09-16T16:35:52.605+0000] {processor.py:186} INFO - Started process (PID=779) to work on /home/airflow/.local/lib/python3.12/site-packages/airflow/example_dags/example_branch_day_of_week_operator.py
[2024-09-16T16:35:52.607+0000] {processor.py:914} INFO - Processing file /home/airflow/.local/lib/python3.12/site-packages/airflow/example_dags/example_branch_day_of_week_operator.py for tasks to queue
[2024-09-16T16:35:52.613+0000] {logging_mixin.py:190} INFO - [2024-09-16T16:35:52.612+0000] {dagbag.py:587} INFO - Filling up the DagBag from /home/airflow/.local/lib/python3.12/site-packages/airflow/example_dags/example_branch_day_of_week_operator.py
[2024-09-16T16:35:52.629+0000] {processor.py:925} INFO - DAG(s) 'example_weekday_branch_operator' retrieved from /home/airflow/.local/lib/python3.12/site-packages/airflow/example_dags/example_branch_day_of_week_operator.py
[2024-09-16T16:35:52.661+0000] {logging_mixin.py:190} INFO - [2024-09-16T16:35:52.661+0000] {dag.py:3229} INFO - Sync 1 DAGs
[2024-09-16T16:35:52.709+0000] {logging_mixin.py:190} INFO - [2024-09-16T16:35:52.709+0000] {dag.py:4156} INFO - Setting next_dagrun for example_weekday_branch_operator to 2024-09-15 00:00:00+00:00, run_after=2024-09-16 00:00:00+00:00
[2024-09-16T16:35:52.750+0000] {processor.py:208} INFO - Processing /home/airflow/.local/lib/python3.12/site-packages/airflow/example_dags/example_branch_day_of_week_operator.py took 0.155 seconds
[2024-09-16T16:36:22.939+0000] {processor.py:186} INFO - Started process (PID=841) to work on /home/airflow/.local/lib/python3.12/site-packages/airflow/example_dags/example_branch_day_of_week_operator.py
[2024-09-16T16:36:22.940+0000] {processor.py:914} INFO - Processing file /home/airflow/.local/lib/python3.12/site-packages/airflow/example_dags/example_branch_day_of_week_operator.py for tasks to queue
[2024-09-16T16:36:22.943+0000] {logging_mixin.py:190} INFO - [2024-09-16T16:36:22.943+0000] {dagbag.py:587} INFO - Filling up the DagBag from /home/airflow/.local/lib/python3.12/site-packages/airflow/example_dags/example_branch_day_of_week_operator.py
[2024-09-16T16:36:22.959+0000] {processor.py:925} INFO - DAG(s) 'example_weekday_branch_operator' retrieved from /home/airflow/.local/lib/python3.12/site-packages/airflow/example_dags/example_branch_day_of_week_operator.py
[2024-09-16T16:36:22.988+0000] {logging_mixin.py:190} INFO - [2024-09-16T16:36:22.988+0000] {dag.py:3229} INFO - Sync 1 DAGs
[2024-09-16T16:36:23.022+0000] {logging_mixin.py:190} INFO - [2024-09-16T16:36:23.021+0000] {dag.py:4156} INFO - Setting next_dagrun for example_weekday_branch_operator to 2024-09-15 00:00:00+00:00, run_after=2024-09-16 00:00:00+00:00
[2024-09-16T16:36:23.047+0000] {processor.py:208} INFO - Processing /home/airflow/.local/lib/python3.12/site-packages/airflow/example_dags/example_branch_day_of_week_operator.py took 0.117 seconds
[2024-09-16T16:36:53.763+0000] {processor.py:186} INFO - Started process (PID=903) to work on /home/airflow/.local/lib/python3.12/site-packages/airflow/example_dags/example_branch_day_of_week_operator.py
[2024-09-16T16:36:53.764+0000] {processor.py:914} INFO - Processing file /home/airflow/.local/lib/python3.12/site-packages/airflow/example_dags/example_branch_day_of_week_operator.py for tasks to queue
[2024-09-16T16:36:53.766+0000] {logging_mixin.py:190} INFO - [2024-09-16T16:36:53.765+0000] {dagbag.py:587} INFO - Filling up the DagBag from /home/airflow/.local/lib/python3.12/site-packages/airflow/example_dags/example_branch_day_of_week_operator.py
[2024-09-16T16:36:53.774+0000] {processor.py:925} INFO - DAG(s) 'example_weekday_branch_operator' retrieved from /home/airflow/.local/lib/python3.12/site-packages/airflow/example_dags/example_branch_day_of_week_operator.py
[2024-09-16T16:36:53.791+0000] {logging_mixin.py:190} INFO - [2024-09-16T16:36:53.790+0000] {dag.py:3229} INFO - Sync 1 DAGs
[2024-09-16T16:36:53.810+0000] {logging_mixin.py:190} INFO - [2024-09-16T16:36:53.810+0000] {dag.py:4156} INFO - Setting next_dagrun for example_weekday_branch_operator to 2024-09-15 00:00:00+00:00, run_after=2024-09-16 00:00:00+00:00
[2024-09-16T16:36:53.827+0000] {processor.py:208} INFO - Processing /home/airflow/.local/lib/python3.12/site-packages/airflow/example_dags/example_branch_day_of_week_operator.py took 0.069 seconds
[2024-09-16T16:37:24.186+0000] {processor.py:186} INFO - Started process (PID=965) to work on /home/airflow/.local/lib/python3.12/site-packages/airflow/example_dags/example_branch_day_of_week_operator.py
[2024-09-16T16:37:24.187+0000] {processor.py:914} INFO - Processing file /home/airflow/.local/lib/python3.12/site-packages/airflow/example_dags/example_branch_day_of_week_operator.py for tasks to queue
[2024-09-16T16:37:24.189+0000] {logging_mixin.py:190} INFO - [2024-09-16T16:37:24.189+0000] {dagbag.py:587} INFO - Filling up the DagBag from /home/airflow/.local/lib/python3.12/site-packages/airflow/example_dags/example_branch_day_of_week_operator.py
[2024-09-16T16:37:24.197+0000] {processor.py:925} INFO - DAG(s) 'example_weekday_branch_operator' retrieved from /home/airflow/.local/lib/python3.12/site-packages/airflow/example_dags/example_branch_day_of_week_operator.py
[2024-09-16T16:37:24.215+0000] {logging_mixin.py:190} INFO - [2024-09-16T16:37:24.215+0000] {dag.py:3229} INFO - Sync 1 DAGs
[2024-09-16T16:37:24.237+0000] {logging_mixin.py:190} INFO - [2024-09-16T16:37:24.236+0000] {dag.py:4156} INFO - Setting next_dagrun for example_weekday_branch_operator to 2024-09-15 00:00:00+00:00, run_after=2024-09-16 00:00:00+00:00
[2024-09-16T16:37:24.253+0000] {processor.py:208} INFO - Processing /home/airflow/.local/lib/python3.12/site-packages/airflow/example_dags/example_branch_day_of_week_operator.py took 0.073 seconds
