[2024-09-16T16:25:46.715+0000] {processor.py:186} INFO - Started process (PID=111) to work on /home/airflow/.local/lib/python3.12/site-packages/airflow/example_dags/example_local_kubernetes_executor.py
[2024-09-16T16:25:46.716+0000] {processor.py:914} INFO - Processing file /home/airflow/.local/lib/python3.12/site-packages/airflow/example_dags/example_local_kubernetes_executor.py for tasks to queue
[2024-09-16T16:25:46.719+0000] {logging_mixin.py:190} INFO - [2024-09-16T16:25:46.718+0000] {dagbag.py:587} INFO - Filling up the DagBag from /home/airflow/.local/lib/python3.12/site-packages/airflow/example_dags/example_local_kubernetes_executor.py
[2024-09-16T16:25:46.732+0000] {processor.py:925} INFO - DAG(s) 'example_local_kubernetes_executor' retrieved from /home/airflow/.local/lib/python3.12/site-packages/airflow/example_dags/example_local_kubernetes_executor.py
[2024-09-16T16:25:46.881+0000] {logging_mixin.py:190} INFO - [2024-09-16T16:25:46.880+0000] {override.py:1900} INFO - Created Permission View: can edit on DAG:example_local_kubernetes_executor
[2024-09-16T16:25:46.894+0000] {logging_mixin.py:190} INFO - [2024-09-16T16:25:46.893+0000] {override.py:1900} INFO - Created Permission View: can delete on DAG:example_local_kubernetes_executor
[2024-09-16T16:25:46.901+0000] {logging_mixin.py:190} INFO - [2024-09-16T16:25:46.901+0000] {override.py:1900} INFO - Created Permission View: can read on DAG:example_local_kubernetes_executor
[2024-09-16T16:25:46.912+0000] {logging_mixin.py:190} INFO - [2024-09-16T16:25:46.911+0000] {override.py:1900} INFO - Created Permission View: can delete on DAG Run:example_local_kubernetes_executor
[2024-09-16T16:25:46.921+0000] {logging_mixin.py:190} INFO - [2024-09-16T16:25:46.921+0000] {override.py:1900} INFO - Created Permission View: can create on DAG Run:example_local_kubernetes_executor
[2024-09-16T16:25:46.930+0000] {logging_mixin.py:190} INFO - [2024-09-16T16:25:46.930+0000] {override.py:1900} INFO - Created Permission View: menu access on DAG Run:example_local_kubernetes_executor
[2024-09-16T16:25:46.940+0000] {logging_mixin.py:190} INFO - [2024-09-16T16:25:46.939+0000] {override.py:1900} INFO - Created Permission View: can read on DAG Run:example_local_kubernetes_executor
[2024-09-16T16:25:46.941+0000] {logging_mixin.py:190} INFO - [2024-09-16T16:25:46.940+0000] {dag.py:3229} INFO - Sync 1 DAGs
[2024-09-16T16:25:46.960+0000] {logging_mixin.py:190} INFO - [2024-09-16T16:25:46.960+0000] {dag.py:3252} INFO - Creating ORM DAG for example_local_kubernetes_executor
[2024-09-16T16:25:46.961+0000] {logging_mixin.py:190} INFO - [2024-09-16T16:25:46.961+0000] {dag.py:4156} INFO - Setting next_dagrun for example_local_kubernetes_executor to None, run_after=None
[2024-09-16T16:25:46.981+0000] {processor.py:208} INFO - Processing /home/airflow/.local/lib/python3.12/site-packages/airflow/example_dags/example_local_kubernetes_executor.py took 0.273 seconds
[2024-09-16T16:26:17.610+0000] {processor.py:186} INFO - Started process (PID=173) to work on /home/airflow/.local/lib/python3.12/site-packages/airflow/example_dags/example_local_kubernetes_executor.py
[2024-09-16T16:26:17.613+0000] {processor.py:914} INFO - Processing file /home/airflow/.local/lib/python3.12/site-packages/airflow/example_dags/example_local_kubernetes_executor.py for tasks to queue
[2024-09-16T16:26:17.617+0000] {logging_mixin.py:190} INFO - [2024-09-16T16:26:17.617+0000] {dagbag.py:587} INFO - Filling up the DagBag from /home/airflow/.local/lib/python3.12/site-packages/airflow/example_dags/example_local_kubernetes_executor.py
[2024-09-16T16:26:17.633+0000] {processor.py:925} INFO - DAG(s) 'example_local_kubernetes_executor' retrieved from /home/airflow/.local/lib/python3.12/site-packages/airflow/example_dags/example_local_kubernetes_executor.py
[2024-09-16T16:26:17.706+0000] {logging_mixin.py:190} INFO - [2024-09-16T16:26:17.705+0000] {dag.py:3229} INFO - Sync 1 DAGs
[2024-09-16T16:26:17.741+0000] {logging_mixin.py:190} INFO - [2024-09-16T16:26:17.741+0000] {dag.py:4156} INFO - Setting next_dagrun for example_local_kubernetes_executor to None, run_after=None
[2024-09-16T16:26:17.787+0000] {processor.py:208} INFO - Processing /home/airflow/.local/lib/python3.12/site-packages/airflow/example_dags/example_local_kubernetes_executor.py took 0.193 seconds
[2024-09-16T16:26:48.438+0000] {processor.py:186} INFO - Started process (PID=235) to work on /home/airflow/.local/lib/python3.12/site-packages/airflow/example_dags/example_local_kubernetes_executor.py
[2024-09-16T16:26:48.440+0000] {processor.py:914} INFO - Processing file /home/airflow/.local/lib/python3.12/site-packages/airflow/example_dags/example_local_kubernetes_executor.py for tasks to queue
[2024-09-16T16:26:48.444+0000] {logging_mixin.py:190} INFO - [2024-09-16T16:26:48.443+0000] {dagbag.py:587} INFO - Filling up the DagBag from /home/airflow/.local/lib/python3.12/site-packages/airflow/example_dags/example_local_kubernetes_executor.py
[2024-09-16T16:26:48.456+0000] {processor.py:925} INFO - DAG(s) 'example_local_kubernetes_executor' retrieved from /home/airflow/.local/lib/python3.12/site-packages/airflow/example_dags/example_local_kubernetes_executor.py
[2024-09-16T16:26:48.503+0000] {logging_mixin.py:190} INFO - [2024-09-16T16:26:48.502+0000] {dag.py:3229} INFO - Sync 1 DAGs
[2024-09-16T16:26:48.527+0000] {logging_mixin.py:190} INFO - [2024-09-16T16:26:48.527+0000] {dag.py:4156} INFO - Setting next_dagrun for example_local_kubernetes_executor to None, run_after=None
[2024-09-16T16:26:48.558+0000] {processor.py:208} INFO - Processing /home/airflow/.local/lib/python3.12/site-packages/airflow/example_dags/example_local_kubernetes_executor.py took 0.129 seconds
[2024-09-16T16:27:18.890+0000] {processor.py:186} INFO - Started process (PID=297) to work on /home/airflow/.local/lib/python3.12/site-packages/airflow/example_dags/example_local_kubernetes_executor.py
[2024-09-16T16:27:18.892+0000] {processor.py:914} INFO - Processing file /home/airflow/.local/lib/python3.12/site-packages/airflow/example_dags/example_local_kubernetes_executor.py for tasks to queue
[2024-09-16T16:27:18.896+0000] {logging_mixin.py:190} INFO - [2024-09-16T16:27:18.896+0000] {dagbag.py:587} INFO - Filling up the DagBag from /home/airflow/.local/lib/python3.12/site-packages/airflow/example_dags/example_local_kubernetes_executor.py
[2024-09-16T16:27:18.911+0000] {processor.py:925} INFO - DAG(s) 'example_local_kubernetes_executor' retrieved from /home/airflow/.local/lib/python3.12/site-packages/airflow/example_dags/example_local_kubernetes_executor.py
[2024-09-16T16:27:18.960+0000] {logging_mixin.py:190} INFO - [2024-09-16T16:27:18.960+0000] {dag.py:3229} INFO - Sync 1 DAGs
[2024-09-16T16:27:18.982+0000] {logging_mixin.py:190} INFO - [2024-09-16T16:27:18.981+0000] {dag.py:4156} INFO - Setting next_dagrun for example_local_kubernetes_executor to None, run_after=None
[2024-09-16T16:27:19.007+0000] {processor.py:208} INFO - Processing /home/airflow/.local/lib/python3.12/site-packages/airflow/example_dags/example_local_kubernetes_executor.py took 0.126 seconds
[2024-09-16T16:27:55.174+0000] {processor.py:186} INFO - Started process (PID=365) to work on /home/airflow/.local/lib/python3.12/site-packages/airflow/example_dags/example_local_kubernetes_executor.py
[2024-09-16T16:27:55.176+0000] {processor.py:914} INFO - Processing file /home/airflow/.local/lib/python3.12/site-packages/airflow/example_dags/example_local_kubernetes_executor.py for tasks to queue
[2024-09-16T16:27:55.181+0000] {logging_mixin.py:190} INFO - [2024-09-16T16:27:55.180+0000] {dagbag.py:587} INFO - Filling up the DagBag from /home/airflow/.local/lib/python3.12/site-packages/airflow/example_dags/example_local_kubernetes_executor.py
[2024-09-16T16:27:55.199+0000] {processor.py:925} INFO - DAG(s) 'example_local_kubernetes_executor' retrieved from /home/airflow/.local/lib/python3.12/site-packages/airflow/example_dags/example_local_kubernetes_executor.py
[2024-09-16T16:27:55.287+0000] {logging_mixin.py:190} INFO - [2024-09-16T16:27:55.286+0000] {dag.py:3229} INFO - Sync 1 DAGs
[2024-09-16T16:27:55.315+0000] {logging_mixin.py:190} INFO - [2024-09-16T16:27:55.315+0000] {dag.py:4156} INFO - Setting next_dagrun for example_local_kubernetes_executor to None, run_after=None
[2024-09-16T16:27:55.349+0000] {processor.py:208} INFO - Processing /home/airflow/.local/lib/python3.12/site-packages/airflow/example_dags/example_local_kubernetes_executor.py took 0.185 seconds
[2024-09-16T16:28:26.086+0000] {processor.py:186} INFO - Started process (PID=428) to work on /home/airflow/.local/lib/python3.12/site-packages/airflow/example_dags/example_local_kubernetes_executor.py
[2024-09-16T16:28:26.088+0000] {processor.py:914} INFO - Processing file /home/airflow/.local/lib/python3.12/site-packages/airflow/example_dags/example_local_kubernetes_executor.py for tasks to queue
[2024-09-16T16:28:26.095+0000] {logging_mixin.py:190} INFO - [2024-09-16T16:28:26.094+0000] {dagbag.py:587} INFO - Filling up the DagBag from /home/airflow/.local/lib/python3.12/site-packages/airflow/example_dags/example_local_kubernetes_executor.py
[2024-09-16T16:28:26.127+0000] {processor.py:925} INFO - DAG(s) 'example_local_kubernetes_executor' retrieved from /home/airflow/.local/lib/python3.12/site-packages/airflow/example_dags/example_local_kubernetes_executor.py
[2024-09-16T16:28:26.235+0000] {logging_mixin.py:190} INFO - [2024-09-16T16:28:26.234+0000] {dag.py:3229} INFO - Sync 1 DAGs
[2024-09-16T16:28:26.272+0000] {logging_mixin.py:190} INFO - [2024-09-16T16:28:26.272+0000] {dag.py:4156} INFO - Setting next_dagrun for example_local_kubernetes_executor to None, run_after=None
[2024-09-16T16:28:26.335+0000] {processor.py:208} INFO - Processing /home/airflow/.local/lib/python3.12/site-packages/airflow/example_dags/example_local_kubernetes_executor.py took 0.269 seconds
[2024-09-16T16:30:18.076+0000] {processor.py:186} INFO - Started process (PID=108) to work on /home/airflow/.local/lib/python3.12/site-packages/airflow/example_dags/example_local_kubernetes_executor.py
[2024-09-16T16:30:18.078+0000] {processor.py:914} INFO - Processing file /home/airflow/.local/lib/python3.12/site-packages/airflow/example_dags/example_local_kubernetes_executor.py for tasks to queue
[2024-09-16T16:30:18.081+0000] {logging_mixin.py:190} INFO - [2024-09-16T16:30:18.080+0000] {dagbag.py:587} INFO - Filling up the DagBag from /home/airflow/.local/lib/python3.12/site-packages/airflow/example_dags/example_local_kubernetes_executor.py
[2024-09-16T16:30:18.091+0000] {processor.py:925} INFO - DAG(s) 'example_local_kubernetes_executor' retrieved from /home/airflow/.local/lib/python3.12/site-packages/airflow/example_dags/example_local_kubernetes_executor.py
[2024-09-16T16:30:18.133+0000] {logging_mixin.py:190} INFO - [2024-09-16T16:30:18.132+0000] {dag.py:3229} INFO - Sync 1 DAGs
[2024-09-16T16:30:18.148+0000] {logging_mixin.py:190} INFO - [2024-09-16T16:30:18.148+0000] {dag.py:4156} INFO - Setting next_dagrun for example_local_kubernetes_executor to None, run_after=None
[2024-09-16T16:30:18.173+0000] {processor.py:208} INFO - Processing /home/airflow/.local/lib/python3.12/site-packages/airflow/example_dags/example_local_kubernetes_executor.py took 0.104 seconds
[2024-09-16T16:30:48.972+0000] {processor.py:186} INFO - Started process (PID=170) to work on /home/airflow/.local/lib/python3.12/site-packages/airflow/example_dags/example_local_kubernetes_executor.py
[2024-09-16T16:30:48.973+0000] {processor.py:914} INFO - Processing file /home/airflow/.local/lib/python3.12/site-packages/airflow/example_dags/example_local_kubernetes_executor.py for tasks to queue
[2024-09-16T16:30:48.975+0000] {logging_mixin.py:190} INFO - [2024-09-16T16:30:48.974+0000] {dagbag.py:587} INFO - Filling up the DagBag from /home/airflow/.local/lib/python3.12/site-packages/airflow/example_dags/example_local_kubernetes_executor.py
[2024-09-16T16:30:48.982+0000] {processor.py:925} INFO - DAG(s) 'example_local_kubernetes_executor' retrieved from /home/airflow/.local/lib/python3.12/site-packages/airflow/example_dags/example_local_kubernetes_executor.py
[2024-09-16T16:30:49.011+0000] {logging_mixin.py:190} INFO - [2024-09-16T16:30:49.011+0000] {dag.py:3229} INFO - Sync 1 DAGs
[2024-09-16T16:30:49.024+0000] {logging_mixin.py:190} INFO - [2024-09-16T16:30:49.024+0000] {dag.py:4156} INFO - Setting next_dagrun for example_local_kubernetes_executor to None, run_after=None
[2024-09-16T16:30:49.042+0000] {processor.py:208} INFO - Processing /home/airflow/.local/lib/python3.12/site-packages/airflow/example_dags/example_local_kubernetes_executor.py took 0.075 seconds
[2024-09-16T16:31:19.618+0000] {processor.py:186} INFO - Started process (PID=232) to work on /home/airflow/.local/lib/python3.12/site-packages/airflow/example_dags/example_local_kubernetes_executor.py
[2024-09-16T16:31:19.619+0000] {processor.py:914} INFO - Processing file /home/airflow/.local/lib/python3.12/site-packages/airflow/example_dags/example_local_kubernetes_executor.py for tasks to queue
[2024-09-16T16:31:19.621+0000] {logging_mixin.py:190} INFO - [2024-09-16T16:31:19.621+0000] {dagbag.py:587} INFO - Filling up the DagBag from /home/airflow/.local/lib/python3.12/site-packages/airflow/example_dags/example_local_kubernetes_executor.py
[2024-09-16T16:31:19.630+0000] {processor.py:925} INFO - DAG(s) 'example_local_kubernetes_executor' retrieved from /home/airflow/.local/lib/python3.12/site-packages/airflow/example_dags/example_local_kubernetes_executor.py
[2024-09-16T16:31:19.661+0000] {logging_mixin.py:190} INFO - [2024-09-16T16:31:19.660+0000] {dag.py:3229} INFO - Sync 1 DAGs
[2024-09-16T16:31:19.672+0000] {logging_mixin.py:190} INFO - [2024-09-16T16:31:19.672+0000] {dag.py:4156} INFO - Setting next_dagrun for example_local_kubernetes_executor to None, run_after=None
[2024-09-16T16:31:19.689+0000] {processor.py:208} INFO - Processing /home/airflow/.local/lib/python3.12/site-packages/airflow/example_dags/example_local_kubernetes_executor.py took 0.075 seconds
[2024-09-16T16:31:49.994+0000] {processor.py:186} INFO - Started process (PID=294) to work on /home/airflow/.local/lib/python3.12/site-packages/airflow/example_dags/example_local_kubernetes_executor.py
[2024-09-16T16:31:49.995+0000] {processor.py:914} INFO - Processing file /home/airflow/.local/lib/python3.12/site-packages/airflow/example_dags/example_local_kubernetes_executor.py for tasks to queue
[2024-09-16T16:31:49.998+0000] {logging_mixin.py:190} INFO - [2024-09-16T16:31:49.998+0000] {dagbag.py:587} INFO - Filling up the DagBag from /home/airflow/.local/lib/python3.12/site-packages/airflow/example_dags/example_local_kubernetes_executor.py
[2024-09-16T16:31:50.007+0000] {processor.py:925} INFO - DAG(s) 'example_local_kubernetes_executor' retrieved from /home/airflow/.local/lib/python3.12/site-packages/airflow/example_dags/example_local_kubernetes_executor.py
[2024-09-16T16:31:50.041+0000] {logging_mixin.py:190} INFO - [2024-09-16T16:31:50.041+0000] {dag.py:3229} INFO - Sync 1 DAGs
[2024-09-16T16:31:50.055+0000] {logging_mixin.py:190} INFO - [2024-09-16T16:31:50.055+0000] {dag.py:4156} INFO - Setting next_dagrun for example_local_kubernetes_executor to None, run_after=None
[2024-09-16T16:31:50.077+0000] {processor.py:208} INFO - Processing /home/airflow/.local/lib/python3.12/site-packages/airflow/example_dags/example_local_kubernetes_executor.py took 0.087 seconds
[2024-09-16T16:32:20.268+0000] {processor.py:186} INFO - Started process (PID=356) to work on /home/airflow/.local/lib/python3.12/site-packages/airflow/example_dags/example_local_kubernetes_executor.py
[2024-09-16T16:32:20.269+0000] {processor.py:914} INFO - Processing file /home/airflow/.local/lib/python3.12/site-packages/airflow/example_dags/example_local_kubernetes_executor.py for tasks to queue
[2024-09-16T16:32:20.272+0000] {logging_mixin.py:190} INFO - [2024-09-16T16:32:20.271+0000] {dagbag.py:587} INFO - Filling up the DagBag from /home/airflow/.local/lib/python3.12/site-packages/airflow/example_dags/example_local_kubernetes_executor.py
[2024-09-16T16:32:20.281+0000] {processor.py:925} INFO - DAG(s) 'example_local_kubernetes_executor' retrieved from /home/airflow/.local/lib/python3.12/site-packages/airflow/example_dags/example_local_kubernetes_executor.py
[2024-09-16T16:32:20.325+0000] {logging_mixin.py:190} INFO - [2024-09-16T16:32:20.324+0000] {dag.py:3229} INFO - Sync 1 DAGs
[2024-09-16T16:32:20.339+0000] {logging_mixin.py:190} INFO - [2024-09-16T16:32:20.338+0000] {dag.py:4156} INFO - Setting next_dagrun for example_local_kubernetes_executor to None, run_after=None
[2024-09-16T16:32:20.364+0000] {processor.py:208} INFO - Processing /home/airflow/.local/lib/python3.12/site-packages/airflow/example_dags/example_local_kubernetes_executor.py took 0.101 seconds
[2024-09-16T16:32:50.987+0000] {processor.py:186} INFO - Started process (PID=418) to work on /home/airflow/.local/lib/python3.12/site-packages/airflow/example_dags/example_local_kubernetes_executor.py
[2024-09-16T16:32:50.988+0000] {processor.py:914} INFO - Processing file /home/airflow/.local/lib/python3.12/site-packages/airflow/example_dags/example_local_kubernetes_executor.py for tasks to queue
[2024-09-16T16:32:50.990+0000] {logging_mixin.py:190} INFO - [2024-09-16T16:32:50.990+0000] {dagbag.py:587} INFO - Filling up the DagBag from /home/airflow/.local/lib/python3.12/site-packages/airflow/example_dags/example_local_kubernetes_executor.py
[2024-09-16T16:32:50.999+0000] {processor.py:925} INFO - DAG(s) 'example_local_kubernetes_executor' retrieved from /home/airflow/.local/lib/python3.12/site-packages/airflow/example_dags/example_local_kubernetes_executor.py
[2024-09-16T16:32:51.026+0000] {logging_mixin.py:190} INFO - [2024-09-16T16:32:51.026+0000] {dag.py:3229} INFO - Sync 1 DAGs
[2024-09-16T16:32:51.038+0000] {logging_mixin.py:190} INFO - [2024-09-16T16:32:51.037+0000] {dag.py:4156} INFO - Setting next_dagrun for example_local_kubernetes_executor to None, run_after=None
[2024-09-16T16:32:51.053+0000] {processor.py:208} INFO - Processing /home/airflow/.local/lib/python3.12/site-packages/airflow/example_dags/example_local_kubernetes_executor.py took 0.071 seconds
[2024-09-16T16:33:21.186+0000] {processor.py:186} INFO - Started process (PID=480) to work on /home/airflow/.local/lib/python3.12/site-packages/airflow/example_dags/example_local_kubernetes_executor.py
[2024-09-16T16:33:21.187+0000] {processor.py:914} INFO - Processing file /home/airflow/.local/lib/python3.12/site-packages/airflow/example_dags/example_local_kubernetes_executor.py for tasks to queue
[2024-09-16T16:33:21.189+0000] {logging_mixin.py:190} INFO - [2024-09-16T16:33:21.188+0000] {dagbag.py:587} INFO - Filling up the DagBag from /home/airflow/.local/lib/python3.12/site-packages/airflow/example_dags/example_local_kubernetes_executor.py
[2024-09-16T16:33:21.196+0000] {processor.py:925} INFO - DAG(s) 'example_local_kubernetes_executor' retrieved from /home/airflow/.local/lib/python3.12/site-packages/airflow/example_dags/example_local_kubernetes_executor.py
[2024-09-16T16:33:21.225+0000] {logging_mixin.py:190} INFO - [2024-09-16T16:33:21.225+0000] {dag.py:3229} INFO - Sync 1 DAGs
[2024-09-16T16:33:21.237+0000] {logging_mixin.py:190} INFO - [2024-09-16T16:33:21.237+0000] {dag.py:4156} INFO - Setting next_dagrun for example_local_kubernetes_executor to None, run_after=None
[2024-09-16T16:33:21.256+0000] {processor.py:208} INFO - Processing /home/airflow/.local/lib/python3.12/site-packages/airflow/example_dags/example_local_kubernetes_executor.py took 0.075 seconds
[2024-09-16T16:33:51.819+0000] {processor.py:186} INFO - Started process (PID=542) to work on /home/airflow/.local/lib/python3.12/site-packages/airflow/example_dags/example_local_kubernetes_executor.py
[2024-09-16T16:33:51.820+0000] {processor.py:914} INFO - Processing file /home/airflow/.local/lib/python3.12/site-packages/airflow/example_dags/example_local_kubernetes_executor.py for tasks to queue
[2024-09-16T16:33:51.823+0000] {logging_mixin.py:190} INFO - [2024-09-16T16:33:51.822+0000] {dagbag.py:587} INFO - Filling up the DagBag from /home/airflow/.local/lib/python3.12/site-packages/airflow/example_dags/example_local_kubernetes_executor.py
[2024-09-16T16:33:51.833+0000] {processor.py:925} INFO - DAG(s) 'example_local_kubernetes_executor' retrieved from /home/airflow/.local/lib/python3.12/site-packages/airflow/example_dags/example_local_kubernetes_executor.py
[2024-09-16T16:33:51.864+0000] {logging_mixin.py:190} INFO - [2024-09-16T16:33:51.864+0000] {dag.py:3229} INFO - Sync 1 DAGs
[2024-09-16T16:33:51.877+0000] {logging_mixin.py:190} INFO - [2024-09-16T16:33:51.877+0000] {dag.py:4156} INFO - Setting next_dagrun for example_local_kubernetes_executor to None, run_after=None
[2024-09-16T16:33:51.895+0000] {processor.py:208} INFO - Processing /home/airflow/.local/lib/python3.12/site-packages/airflow/example_dags/example_local_kubernetes_executor.py took 0.081 seconds
[2024-09-16T16:34:22.324+0000] {processor.py:186} INFO - Started process (PID=604) to work on /home/airflow/.local/lib/python3.12/site-packages/airflow/example_dags/example_local_kubernetes_executor.py
[2024-09-16T16:34:22.325+0000] {processor.py:914} INFO - Processing file /home/airflow/.local/lib/python3.12/site-packages/airflow/example_dags/example_local_kubernetes_executor.py for tasks to queue
[2024-09-16T16:34:22.327+0000] {logging_mixin.py:190} INFO - [2024-09-16T16:34:22.327+0000] {dagbag.py:587} INFO - Filling up the DagBag from /home/airflow/.local/lib/python3.12/site-packages/airflow/example_dags/example_local_kubernetes_executor.py
[2024-09-16T16:34:22.336+0000] {processor.py:925} INFO - DAG(s) 'example_local_kubernetes_executor' retrieved from /home/airflow/.local/lib/python3.12/site-packages/airflow/example_dags/example_local_kubernetes_executor.py
[2024-09-16T16:34:22.366+0000] {logging_mixin.py:190} INFO - [2024-09-16T16:34:22.366+0000] {dag.py:3229} INFO - Sync 1 DAGs
[2024-09-16T16:34:22.379+0000] {logging_mixin.py:190} INFO - [2024-09-16T16:34:22.378+0000] {dag.py:4156} INFO - Setting next_dagrun for example_local_kubernetes_executor to None, run_after=None
[2024-09-16T16:34:22.396+0000] {processor.py:208} INFO - Processing /home/airflow/.local/lib/python3.12/site-packages/airflow/example_dags/example_local_kubernetes_executor.py took 0.077 seconds
[2024-09-16T16:34:52.957+0000] {processor.py:186} INFO - Started process (PID=666) to work on /home/airflow/.local/lib/python3.12/site-packages/airflow/example_dags/example_local_kubernetes_executor.py
[2024-09-16T16:34:52.959+0000] {processor.py:914} INFO - Processing file /home/airflow/.local/lib/python3.12/site-packages/airflow/example_dags/example_local_kubernetes_executor.py for tasks to queue
[2024-09-16T16:34:52.961+0000] {logging_mixin.py:190} INFO - [2024-09-16T16:34:52.961+0000] {dagbag.py:587} INFO - Filling up the DagBag from /home/airflow/.local/lib/python3.12/site-packages/airflow/example_dags/example_local_kubernetes_executor.py
[2024-09-16T16:34:52.969+0000] {processor.py:925} INFO - DAG(s) 'example_local_kubernetes_executor' retrieved from /home/airflow/.local/lib/python3.12/site-packages/airflow/example_dags/example_local_kubernetes_executor.py
[2024-09-16T16:34:53.005+0000] {logging_mixin.py:190} INFO - [2024-09-16T16:34:53.004+0000] {dag.py:3229} INFO - Sync 1 DAGs
[2024-09-16T16:34:53.022+0000] {logging_mixin.py:190} INFO - [2024-09-16T16:34:53.021+0000] {dag.py:4156} INFO - Setting next_dagrun for example_local_kubernetes_executor to None, run_after=None
[2024-09-16T16:34:53.039+0000] {processor.py:208} INFO - Processing /home/airflow/.local/lib/python3.12/site-packages/airflow/example_dags/example_local_kubernetes_executor.py took 0.088 seconds
[2024-09-16T16:35:23.560+0000] {processor.py:186} INFO - Started process (PID=729) to work on /home/airflow/.local/lib/python3.12/site-packages/airflow/example_dags/example_local_kubernetes_executor.py
[2024-09-16T16:35:23.561+0000] {processor.py:914} INFO - Processing file /home/airflow/.local/lib/python3.12/site-packages/airflow/example_dags/example_local_kubernetes_executor.py for tasks to queue
[2024-09-16T16:35:23.563+0000] {logging_mixin.py:190} INFO - [2024-09-16T16:35:23.563+0000] {dagbag.py:587} INFO - Filling up the DagBag from /home/airflow/.local/lib/python3.12/site-packages/airflow/example_dags/example_local_kubernetes_executor.py
[2024-09-16T16:35:23.570+0000] {processor.py:925} INFO - DAG(s) 'example_local_kubernetes_executor' retrieved from /home/airflow/.local/lib/python3.12/site-packages/airflow/example_dags/example_local_kubernetes_executor.py
[2024-09-16T16:35:23.600+0000] {logging_mixin.py:190} INFO - [2024-09-16T16:35:23.599+0000] {dag.py:3229} INFO - Sync 1 DAGs
[2024-09-16T16:35:23.611+0000] {logging_mixin.py:190} INFO - [2024-09-16T16:35:23.611+0000] {dag.py:4156} INFO - Setting next_dagrun for example_local_kubernetes_executor to None, run_after=None
[2024-09-16T16:35:23.627+0000] {processor.py:208} INFO - Processing /home/airflow/.local/lib/python3.12/site-packages/airflow/example_dags/example_local_kubernetes_executor.py took 0.071 seconds
[2024-09-16T16:35:53.998+0000] {processor.py:186} INFO - Started process (PID=791) to work on /home/airflow/.local/lib/python3.12/site-packages/airflow/example_dags/example_local_kubernetes_executor.py
[2024-09-16T16:35:53.999+0000] {processor.py:914} INFO - Processing file /home/airflow/.local/lib/python3.12/site-packages/airflow/example_dags/example_local_kubernetes_executor.py for tasks to queue
[2024-09-16T16:35:54.002+0000] {logging_mixin.py:190} INFO - [2024-09-16T16:35:54.002+0000] {dagbag.py:587} INFO - Filling up the DagBag from /home/airflow/.local/lib/python3.12/site-packages/airflow/example_dags/example_local_kubernetes_executor.py
[2024-09-16T16:35:54.016+0000] {processor.py:925} INFO - DAG(s) 'example_local_kubernetes_executor' retrieved from /home/airflow/.local/lib/python3.12/site-packages/airflow/example_dags/example_local_kubernetes_executor.py
[2024-09-16T16:35:54.059+0000] {logging_mixin.py:190} INFO - [2024-09-16T16:35:54.058+0000] {dag.py:3229} INFO - Sync 1 DAGs
[2024-09-16T16:35:54.075+0000] {logging_mixin.py:190} INFO - [2024-09-16T16:35:54.075+0000] {dag.py:4156} INFO - Setting next_dagrun for example_local_kubernetes_executor to None, run_after=None
[2024-09-16T16:35:54.100+0000] {processor.py:208} INFO - Processing /home/airflow/.local/lib/python3.12/site-packages/airflow/example_dags/example_local_kubernetes_executor.py took 0.110 seconds
[2024-09-16T16:36:24.918+0000] {processor.py:186} INFO - Started process (PID=853) to work on /home/airflow/.local/lib/python3.12/site-packages/airflow/example_dags/example_local_kubernetes_executor.py
[2024-09-16T16:36:24.920+0000] {processor.py:914} INFO - Processing file /home/airflow/.local/lib/python3.12/site-packages/airflow/example_dags/example_local_kubernetes_executor.py for tasks to queue
[2024-09-16T16:36:24.922+0000] {logging_mixin.py:190} INFO - [2024-09-16T16:36:24.922+0000] {dagbag.py:587} INFO - Filling up the DagBag from /home/airflow/.local/lib/python3.12/site-packages/airflow/example_dags/example_local_kubernetes_executor.py
[2024-09-16T16:36:24.930+0000] {processor.py:925} INFO - DAG(s) 'example_local_kubernetes_executor' retrieved from /home/airflow/.local/lib/python3.12/site-packages/airflow/example_dags/example_local_kubernetes_executor.py
[2024-09-16T16:36:24.962+0000] {logging_mixin.py:190} INFO - [2024-09-16T16:36:24.962+0000] {dag.py:3229} INFO - Sync 1 DAGs
[2024-09-16T16:36:24.976+0000] {logging_mixin.py:190} INFO - [2024-09-16T16:36:24.976+0000] {dag.py:4156} INFO - Setting next_dagrun for example_local_kubernetes_executor to None, run_after=None
[2024-09-16T16:36:24.997+0000] {processor.py:208} INFO - Processing /home/airflow/.local/lib/python3.12/site-packages/airflow/example_dags/example_local_kubernetes_executor.py took 0.085 seconds
[2024-09-16T16:36:55.491+0000] {processor.py:186} INFO - Started process (PID=915) to work on /home/airflow/.local/lib/python3.12/site-packages/airflow/example_dags/example_local_kubernetes_executor.py
[2024-09-16T16:36:55.492+0000] {processor.py:914} INFO - Processing file /home/airflow/.local/lib/python3.12/site-packages/airflow/example_dags/example_local_kubernetes_executor.py for tasks to queue
[2024-09-16T16:36:55.494+0000] {logging_mixin.py:190} INFO - [2024-09-16T16:36:55.493+0000] {dagbag.py:587} INFO - Filling up the DagBag from /home/airflow/.local/lib/python3.12/site-packages/airflow/example_dags/example_local_kubernetes_executor.py
[2024-09-16T16:36:55.503+0000] {processor.py:925} INFO - DAG(s) 'example_local_kubernetes_executor' retrieved from /home/airflow/.local/lib/python3.12/site-packages/airflow/example_dags/example_local_kubernetes_executor.py
[2024-09-16T16:36:55.534+0000] {logging_mixin.py:190} INFO - [2024-09-16T16:36:55.534+0000] {dag.py:3229} INFO - Sync 1 DAGs
[2024-09-16T16:36:55.548+0000] {logging_mixin.py:190} INFO - [2024-09-16T16:36:55.548+0000] {dag.py:4156} INFO - Setting next_dagrun for example_local_kubernetes_executor to None, run_after=None
[2024-09-16T16:36:55.569+0000] {processor.py:208} INFO - Processing /home/airflow/.local/lib/python3.12/site-packages/airflow/example_dags/example_local_kubernetes_executor.py took 0.084 seconds
[2024-09-16T16:37:25.842+0000] {processor.py:186} INFO - Started process (PID=977) to work on /home/airflow/.local/lib/python3.12/site-packages/airflow/example_dags/example_local_kubernetes_executor.py
[2024-09-16T16:37:25.844+0000] {processor.py:914} INFO - Processing file /home/airflow/.local/lib/python3.12/site-packages/airflow/example_dags/example_local_kubernetes_executor.py for tasks to queue
[2024-09-16T16:37:25.846+0000] {logging_mixin.py:190} INFO - [2024-09-16T16:37:25.846+0000] {dagbag.py:587} INFO - Filling up the DagBag from /home/airflow/.local/lib/python3.12/site-packages/airflow/example_dags/example_local_kubernetes_executor.py
[2024-09-16T16:37:25.853+0000] {processor.py:925} INFO - DAG(s) 'example_local_kubernetes_executor' retrieved from /home/airflow/.local/lib/python3.12/site-packages/airflow/example_dags/example_local_kubernetes_executor.py
[2024-09-16T16:37:25.884+0000] {logging_mixin.py:190} INFO - [2024-09-16T16:37:25.884+0000] {dag.py:3229} INFO - Sync 1 DAGs
[2024-09-16T16:37:25.897+0000] {logging_mixin.py:190} INFO - [2024-09-16T16:37:25.897+0000] {dag.py:4156} INFO - Setting next_dagrun for example_local_kubernetes_executor to None, run_after=None
[2024-09-16T16:37:25.917+0000] {processor.py:208} INFO - Processing /home/airflow/.local/lib/python3.12/site-packages/airflow/example_dags/example_local_kubernetes_executor.py took 0.079 seconds
