[2024-09-16T16:25:47.020+0000] {processor.py:186} INFO - Started process (PID=113) to work on /home/airflow/.local/lib/python3.12/site-packages/airflow/example_dags/example_dynamic_task_mapping.py
[2024-09-16T16:25:47.021+0000] {processor.py:914} INFO - Processing file /home/airflow/.local/lib/python3.12/site-packages/airflow/example_dags/example_dynamic_task_mapping.py for tasks to queue
[2024-09-16T16:25:47.024+0000] {logging_mixin.py:190} INFO - [2024-09-16T16:25:47.023+0000] {dagbag.py:587} INFO - Filling up the DagBag from /home/airflow/.local/lib/python3.12/site-packages/airflow/example_dags/example_dynamic_task_mapping.py
[2024-09-16T16:25:47.033+0000] {processor.py:925} INFO - DAG(s) 'example_dynamic_task_mapping' retrieved from /home/airflow/.local/lib/python3.12/site-packages/airflow/example_dags/example_dynamic_task_mapping.py
[2024-09-16T16:25:47.159+0000] {logging_mixin.py:190} INFO - [2024-09-16T16:25:47.158+0000] {override.py:1900} INFO - Created Permission View: can edit on DAG:example_dynamic_task_mapping
[2024-09-16T16:25:47.171+0000] {logging_mixin.py:190} INFO - [2024-09-16T16:25:47.171+0000] {override.py:1900} INFO - Created Permission View: can delete on DAG:example_dynamic_task_mapping
[2024-09-16T16:25:47.179+0000] {logging_mixin.py:190} INFO - [2024-09-16T16:25:47.179+0000] {override.py:1900} INFO - Created Permission View: can read on DAG:example_dynamic_task_mapping
[2024-09-16T16:25:47.188+0000] {logging_mixin.py:190} INFO - [2024-09-16T16:25:47.187+0000] {override.py:1900} INFO - Created Permission View: can delete on DAG Run:example_dynamic_task_mapping
[2024-09-16T16:25:47.195+0000] {logging_mixin.py:190} INFO - [2024-09-16T16:25:47.195+0000] {override.py:1900} INFO - Created Permission View: can create on DAG Run:example_dynamic_task_mapping
[2024-09-16T16:25:47.202+0000] {logging_mixin.py:190} INFO - [2024-09-16T16:25:47.202+0000] {override.py:1900} INFO - Created Permission View: menu access on DAG Run:example_dynamic_task_mapping
[2024-09-16T16:25:47.211+0000] {logging_mixin.py:190} INFO - [2024-09-16T16:25:47.210+0000] {override.py:1900} INFO - Created Permission View: can read on DAG Run:example_dynamic_task_mapping
[2024-09-16T16:25:47.211+0000] {logging_mixin.py:190} INFO - [2024-09-16T16:25:47.211+0000] {dag.py:3229} INFO - Sync 1 DAGs
[2024-09-16T16:25:47.230+0000] {logging_mixin.py:190} INFO - [2024-09-16T16:25:47.229+0000] {dag.py:3252} INFO - Creating ORM DAG for example_dynamic_task_mapping
[2024-09-16T16:25:47.231+0000] {logging_mixin.py:190} INFO - [2024-09-16T16:25:47.230+0000] {dag.py:4156} INFO - Setting next_dagrun for example_dynamic_task_mapping to None, run_after=None
[2024-09-16T16:25:47.252+0000] {processor.py:208} INFO - Processing /home/airflow/.local/lib/python3.12/site-packages/airflow/example_dags/example_dynamic_task_mapping.py took 0.239 seconds
[2024-09-16T16:26:18.255+0000] {processor.py:186} INFO - Started process (PID=175) to work on /home/airflow/.local/lib/python3.12/site-packages/airflow/example_dags/example_dynamic_task_mapping.py
[2024-09-16T16:26:18.261+0000] {processor.py:914} INFO - Processing file /home/airflow/.local/lib/python3.12/site-packages/airflow/example_dags/example_dynamic_task_mapping.py for tasks to queue
[2024-09-16T16:26:18.274+0000] {logging_mixin.py:190} INFO - [2024-09-16T16:26:18.273+0000] {dagbag.py:587} INFO - Filling up the DagBag from /home/airflow/.local/lib/python3.12/site-packages/airflow/example_dags/example_dynamic_task_mapping.py
[2024-09-16T16:26:18.318+0000] {processor.py:925} INFO - DAG(s) 'example_dynamic_task_mapping' retrieved from /home/airflow/.local/lib/python3.12/site-packages/airflow/example_dags/example_dynamic_task_mapping.py
[2024-09-16T16:26:18.379+0000] {logging_mixin.py:190} INFO - [2024-09-16T16:26:18.378+0000] {dag.py:3229} INFO - Sync 1 DAGs
[2024-09-16T16:26:18.437+0000] {logging_mixin.py:190} INFO - [2024-09-16T16:26:18.437+0000] {dag.py:4156} INFO - Setting next_dagrun for example_dynamic_task_mapping to None, run_after=None
[2024-09-16T16:26:18.530+0000] {processor.py:208} INFO - Processing /home/airflow/.local/lib/python3.12/site-packages/airflow/example_dags/example_dynamic_task_mapping.py took 0.296 seconds
[2024-09-16T16:26:48.605+0000] {processor.py:186} INFO - Started process (PID=237) to work on /home/airflow/.local/lib/python3.12/site-packages/airflow/example_dags/example_dynamic_task_mapping.py
[2024-09-16T16:26:48.606+0000] {processor.py:914} INFO - Processing file /home/airflow/.local/lib/python3.12/site-packages/airflow/example_dags/example_dynamic_task_mapping.py for tasks to queue
[2024-09-16T16:26:48.610+0000] {logging_mixin.py:190} INFO - [2024-09-16T16:26:48.610+0000] {dagbag.py:587} INFO - Filling up the DagBag from /home/airflow/.local/lib/python3.12/site-packages/airflow/example_dags/example_dynamic_task_mapping.py
[2024-09-16T16:26:48.624+0000] {processor.py:925} INFO - DAG(s) 'example_dynamic_task_mapping' retrieved from /home/airflow/.local/lib/python3.12/site-packages/airflow/example_dags/example_dynamic_task_mapping.py
[2024-09-16T16:26:48.651+0000] {logging_mixin.py:190} INFO - [2024-09-16T16:26:48.650+0000] {dag.py:3229} INFO - Sync 1 DAGs
[2024-09-16T16:26:48.671+0000] {logging_mixin.py:190} INFO - [2024-09-16T16:26:48.671+0000] {dag.py:4156} INFO - Setting next_dagrun for example_dynamic_task_mapping to None, run_after=None
[2024-09-16T16:26:48.696+0000] {processor.py:208} INFO - Processing /home/airflow/.local/lib/python3.12/site-packages/airflow/example_dags/example_dynamic_task_mapping.py took 0.101 seconds
[2024-09-16T16:27:19.059+0000] {processor.py:186} INFO - Started process (PID=299) to work on /home/airflow/.local/lib/python3.12/site-packages/airflow/example_dags/example_dynamic_task_mapping.py
[2024-09-16T16:27:19.062+0000] {processor.py:914} INFO - Processing file /home/airflow/.local/lib/python3.12/site-packages/airflow/example_dags/example_dynamic_task_mapping.py for tasks to queue
[2024-09-16T16:27:19.067+0000] {logging_mixin.py:190} INFO - [2024-09-16T16:27:19.066+0000] {dagbag.py:587} INFO - Filling up the DagBag from /home/airflow/.local/lib/python3.12/site-packages/airflow/example_dags/example_dynamic_task_mapping.py
[2024-09-16T16:27:19.081+0000] {processor.py:925} INFO - DAG(s) 'example_dynamic_task_mapping' retrieved from /home/airflow/.local/lib/python3.12/site-packages/airflow/example_dags/example_dynamic_task_mapping.py
[2024-09-16T16:27:19.112+0000] {logging_mixin.py:190} INFO - [2024-09-16T16:27:19.111+0000] {dag.py:3229} INFO - Sync 1 DAGs
[2024-09-16T16:27:19.139+0000] {logging_mixin.py:190} INFO - [2024-09-16T16:27:19.139+0000] {dag.py:4156} INFO - Setting next_dagrun for example_dynamic_task_mapping to None, run_after=None
[2024-09-16T16:27:19.166+0000] {processor.py:208} INFO - Processing /home/airflow/.local/lib/python3.12/site-packages/airflow/example_dags/example_dynamic_task_mapping.py took 0.120 seconds
[2024-09-16T16:27:55.401+0000] {processor.py:186} INFO - Started process (PID=367) to work on /home/airflow/.local/lib/python3.12/site-packages/airflow/example_dags/example_dynamic_task_mapping.py
[2024-09-16T16:27:55.403+0000] {processor.py:914} INFO - Processing file /home/airflow/.local/lib/python3.12/site-packages/airflow/example_dags/example_dynamic_task_mapping.py for tasks to queue
[2024-09-16T16:27:55.407+0000] {logging_mixin.py:190} INFO - [2024-09-16T16:27:55.407+0000] {dagbag.py:587} INFO - Filling up the DagBag from /home/airflow/.local/lib/python3.12/site-packages/airflow/example_dags/example_dynamic_task_mapping.py
[2024-09-16T16:27:55.423+0000] {processor.py:925} INFO - DAG(s) 'example_dynamic_task_mapping' retrieved from /home/airflow/.local/lib/python3.12/site-packages/airflow/example_dags/example_dynamic_task_mapping.py
[2024-09-16T16:27:55.455+0000] {logging_mixin.py:190} INFO - [2024-09-16T16:27:55.455+0000] {dag.py:3229} INFO - Sync 1 DAGs
[2024-09-16T16:27:55.476+0000] {logging_mixin.py:190} INFO - [2024-09-16T16:27:55.475+0000] {dag.py:4156} INFO - Setting next_dagrun for example_dynamic_task_mapping to None, run_after=None
[2024-09-16T16:27:55.505+0000] {processor.py:208} INFO - Processing /home/airflow/.local/lib/python3.12/site-packages/airflow/example_dags/example_dynamic_task_mapping.py took 0.117 seconds
[2024-09-16T16:28:26.406+0000] {processor.py:186} INFO - Started process (PID=430) to work on /home/airflow/.local/lib/python3.12/site-packages/airflow/example_dags/example_dynamic_task_mapping.py
[2024-09-16T16:28:26.408+0000] {processor.py:914} INFO - Processing file /home/airflow/.local/lib/python3.12/site-packages/airflow/example_dags/example_dynamic_task_mapping.py for tasks to queue
[2024-09-16T16:28:26.421+0000] {logging_mixin.py:190} INFO - [2024-09-16T16:28:26.420+0000] {dagbag.py:587} INFO - Filling up the DagBag from /home/airflow/.local/lib/python3.12/site-packages/airflow/example_dags/example_dynamic_task_mapping.py
[2024-09-16T16:28:26.445+0000] {processor.py:925} INFO - DAG(s) 'example_dynamic_task_mapping' retrieved from /home/airflow/.local/lib/python3.12/site-packages/airflow/example_dags/example_dynamic_task_mapping.py
[2024-09-16T16:28:26.532+0000] {logging_mixin.py:190} INFO - [2024-09-16T16:28:26.532+0000] {dag.py:3229} INFO - Sync 1 DAGs
[2024-09-16T16:28:26.595+0000] {logging_mixin.py:190} INFO - [2024-09-16T16:28:26.594+0000] {dag.py:4156} INFO - Setting next_dagrun for example_dynamic_task_mapping to None, run_after=None
[2024-09-16T16:28:26.706+0000] {processor.py:208} INFO - Processing /home/airflow/.local/lib/python3.12/site-packages/airflow/example_dags/example_dynamic_task_mapping.py took 0.315 seconds
[2024-09-16T16:30:18.213+0000] {processor.py:186} INFO - Started process (PID=110) to work on /home/airflow/.local/lib/python3.12/site-packages/airflow/example_dags/example_dynamic_task_mapping.py
[2024-09-16T16:30:18.214+0000] {processor.py:914} INFO - Processing file /home/airflow/.local/lib/python3.12/site-packages/airflow/example_dags/example_dynamic_task_mapping.py for tasks to queue
[2024-09-16T16:30:18.217+0000] {logging_mixin.py:190} INFO - [2024-09-16T16:30:18.217+0000] {dagbag.py:587} INFO - Filling up the DagBag from /home/airflow/.local/lib/python3.12/site-packages/airflow/example_dags/example_dynamic_task_mapping.py
[2024-09-16T16:30:18.227+0000] {processor.py:925} INFO - DAG(s) 'example_dynamic_task_mapping' retrieved from /home/airflow/.local/lib/python3.12/site-packages/airflow/example_dags/example_dynamic_task_mapping.py
[2024-09-16T16:30:18.252+0000] {logging_mixin.py:190} INFO - [2024-09-16T16:30:18.252+0000] {dag.py:3229} INFO - Sync 1 DAGs
[2024-09-16T16:30:18.269+0000] {logging_mixin.py:190} INFO - [2024-09-16T16:30:18.268+0000] {dag.py:4156} INFO - Setting next_dagrun for example_dynamic_task_mapping to None, run_after=None
[2024-09-16T16:30:18.289+0000] {processor.py:208} INFO - Processing /home/airflow/.local/lib/python3.12/site-packages/airflow/example_dags/example_dynamic_task_mapping.py took 0.083 seconds
[2024-09-16T16:30:49.177+0000] {processor.py:186} INFO - Started process (PID=172) to work on /home/airflow/.local/lib/python3.12/site-packages/airflow/example_dags/example_dynamic_task_mapping.py
[2024-09-16T16:30:49.178+0000] {processor.py:914} INFO - Processing file /home/airflow/.local/lib/python3.12/site-packages/airflow/example_dags/example_dynamic_task_mapping.py for tasks to queue
[2024-09-16T16:30:49.180+0000] {logging_mixin.py:190} INFO - [2024-09-16T16:30:49.180+0000] {dagbag.py:587} INFO - Filling up the DagBag from /home/airflow/.local/lib/python3.12/site-packages/airflow/example_dags/example_dynamic_task_mapping.py
[2024-09-16T16:30:49.187+0000] {processor.py:925} INFO - DAG(s) 'example_dynamic_task_mapping' retrieved from /home/airflow/.local/lib/python3.12/site-packages/airflow/example_dags/example_dynamic_task_mapping.py
[2024-09-16T16:30:49.206+0000] {logging_mixin.py:190} INFO - [2024-09-16T16:30:49.206+0000] {dag.py:3229} INFO - Sync 1 DAGs
[2024-09-16T16:30:49.220+0000] {logging_mixin.py:190} INFO - [2024-09-16T16:30:49.220+0000] {dag.py:4156} INFO - Setting next_dagrun for example_dynamic_task_mapping to None, run_after=None
[2024-09-16T16:30:49.238+0000] {processor.py:208} INFO - Processing /home/airflow/.local/lib/python3.12/site-packages/airflow/example_dags/example_dynamic_task_mapping.py took 0.066 seconds
[2024-09-16T16:31:19.721+0000] {processor.py:186} INFO - Started process (PID=234) to work on /home/airflow/.local/lib/python3.12/site-packages/airflow/example_dags/example_dynamic_task_mapping.py
[2024-09-16T16:31:19.722+0000] {processor.py:914} INFO - Processing file /home/airflow/.local/lib/python3.12/site-packages/airflow/example_dags/example_dynamic_task_mapping.py for tasks to queue
[2024-09-16T16:31:19.724+0000] {logging_mixin.py:190} INFO - [2024-09-16T16:31:19.723+0000] {dagbag.py:587} INFO - Filling up the DagBag from /home/airflow/.local/lib/python3.12/site-packages/airflow/example_dags/example_dynamic_task_mapping.py
[2024-09-16T16:31:19.731+0000] {processor.py:925} INFO - DAG(s) 'example_dynamic_task_mapping' retrieved from /home/airflow/.local/lib/python3.12/site-packages/airflow/example_dags/example_dynamic_task_mapping.py
[2024-09-16T16:31:19.747+0000] {logging_mixin.py:190} INFO - [2024-09-16T16:31:19.747+0000] {dag.py:3229} INFO - Sync 1 DAGs
[2024-09-16T16:31:19.758+0000] {logging_mixin.py:190} INFO - [2024-09-16T16:31:19.757+0000] {dag.py:4156} INFO - Setting next_dagrun for example_dynamic_task_mapping to None, run_after=None
[2024-09-16T16:31:19.773+0000] {processor.py:208} INFO - Processing /home/airflow/.local/lib/python3.12/site-packages/airflow/example_dags/example_dynamic_task_mapping.py took 0.057 seconds
[2024-09-16T16:31:50.120+0000] {processor.py:186} INFO - Started process (PID=296) to work on /home/airflow/.local/lib/python3.12/site-packages/airflow/example_dags/example_dynamic_task_mapping.py
[2024-09-16T16:31:50.122+0000] {processor.py:914} INFO - Processing file /home/airflow/.local/lib/python3.12/site-packages/airflow/example_dags/example_dynamic_task_mapping.py for tasks to queue
[2024-09-16T16:31:50.124+0000] {logging_mixin.py:190} INFO - [2024-09-16T16:31:50.124+0000] {dagbag.py:587} INFO - Filling up the DagBag from /home/airflow/.local/lib/python3.12/site-packages/airflow/example_dags/example_dynamic_task_mapping.py
[2024-09-16T16:31:50.133+0000] {processor.py:925} INFO - DAG(s) 'example_dynamic_task_mapping' retrieved from /home/airflow/.local/lib/python3.12/site-packages/airflow/example_dags/example_dynamic_task_mapping.py
[2024-09-16T16:31:50.155+0000] {logging_mixin.py:190} INFO - [2024-09-16T16:31:50.155+0000] {dag.py:3229} INFO - Sync 1 DAGs
[2024-09-16T16:31:50.168+0000] {logging_mixin.py:190} INFO - [2024-09-16T16:31:50.168+0000] {dag.py:4156} INFO - Setting next_dagrun for example_dynamic_task_mapping to None, run_after=None
[2024-09-16T16:31:50.185+0000] {processor.py:208} INFO - Processing /home/airflow/.local/lib/python3.12/site-packages/airflow/example_dags/example_dynamic_task_mapping.py took 0.071 seconds
[2024-09-16T16:32:20.544+0000] {processor.py:186} INFO - Started process (PID=358) to work on /home/airflow/.local/lib/python3.12/site-packages/airflow/example_dags/example_dynamic_task_mapping.py
[2024-09-16T16:32:20.545+0000] {processor.py:914} INFO - Processing file /home/airflow/.local/lib/python3.12/site-packages/airflow/example_dags/example_dynamic_task_mapping.py for tasks to queue
[2024-09-16T16:32:20.548+0000] {logging_mixin.py:190} INFO - [2024-09-16T16:32:20.548+0000] {dagbag.py:587} INFO - Filling up the DagBag from /home/airflow/.local/lib/python3.12/site-packages/airflow/example_dags/example_dynamic_task_mapping.py
[2024-09-16T16:32:20.556+0000] {processor.py:925} INFO - DAG(s) 'example_dynamic_task_mapping' retrieved from /home/airflow/.local/lib/python3.12/site-packages/airflow/example_dags/example_dynamic_task_mapping.py
[2024-09-16T16:32:20.577+0000] {logging_mixin.py:190} INFO - [2024-09-16T16:32:20.577+0000] {dag.py:3229} INFO - Sync 1 DAGs
[2024-09-16T16:32:20.591+0000] {logging_mixin.py:190} INFO - [2024-09-16T16:32:20.591+0000] {dag.py:4156} INFO - Setting next_dagrun for example_dynamic_task_mapping to None, run_after=None
[2024-09-16T16:32:20.611+0000] {processor.py:208} INFO - Processing /home/airflow/.local/lib/python3.12/site-packages/airflow/example_dags/example_dynamic_task_mapping.py took 0.073 seconds
[2024-09-16T16:32:51.164+0000] {processor.py:186} INFO - Started process (PID=420) to work on /home/airflow/.local/lib/python3.12/site-packages/airflow/example_dags/example_dynamic_task_mapping.py
[2024-09-16T16:32:51.164+0000] {processor.py:914} INFO - Processing file /home/airflow/.local/lib/python3.12/site-packages/airflow/example_dags/example_dynamic_task_mapping.py for tasks to queue
[2024-09-16T16:32:51.166+0000] {logging_mixin.py:190} INFO - [2024-09-16T16:32:51.166+0000] {dagbag.py:587} INFO - Filling up the DagBag from /home/airflow/.local/lib/python3.12/site-packages/airflow/example_dags/example_dynamic_task_mapping.py
[2024-09-16T16:32:51.172+0000] {processor.py:925} INFO - DAG(s) 'example_dynamic_task_mapping' retrieved from /home/airflow/.local/lib/python3.12/site-packages/airflow/example_dags/example_dynamic_task_mapping.py
[2024-09-16T16:32:51.189+0000] {logging_mixin.py:190} INFO - [2024-09-16T16:32:51.189+0000] {dag.py:3229} INFO - Sync 1 DAGs
[2024-09-16T16:32:51.200+0000] {logging_mixin.py:190} INFO - [2024-09-16T16:32:51.199+0000] {dag.py:4156} INFO - Setting next_dagrun for example_dynamic_task_mapping to None, run_after=None
[2024-09-16T16:32:51.214+0000] {processor.py:208} INFO - Processing /home/airflow/.local/lib/python3.12/site-packages/airflow/example_dags/example_dynamic_task_mapping.py took 0.055 seconds
[2024-09-16T16:33:21.290+0000] {processor.py:186} INFO - Started process (PID=482) to work on /home/airflow/.local/lib/python3.12/site-packages/airflow/example_dags/example_dynamic_task_mapping.py
[2024-09-16T16:33:21.291+0000] {processor.py:914} INFO - Processing file /home/airflow/.local/lib/python3.12/site-packages/airflow/example_dags/example_dynamic_task_mapping.py for tasks to queue
[2024-09-16T16:33:21.294+0000] {logging_mixin.py:190} INFO - [2024-09-16T16:33:21.294+0000] {dagbag.py:587} INFO - Filling up the DagBag from /home/airflow/.local/lib/python3.12/site-packages/airflow/example_dags/example_dynamic_task_mapping.py
[2024-09-16T16:33:21.304+0000] {processor.py:925} INFO - DAG(s) 'example_dynamic_task_mapping' retrieved from /home/airflow/.local/lib/python3.12/site-packages/airflow/example_dags/example_dynamic_task_mapping.py
[2024-09-16T16:33:21.325+0000] {logging_mixin.py:190} INFO - [2024-09-16T16:33:21.325+0000] {dag.py:3229} INFO - Sync 1 DAGs
[2024-09-16T16:33:21.338+0000] {logging_mixin.py:190} INFO - [2024-09-16T16:33:21.338+0000] {dag.py:4156} INFO - Setting next_dagrun for example_dynamic_task_mapping to None, run_after=None
[2024-09-16T16:33:21.357+0000] {processor.py:208} INFO - Processing /home/airflow/.local/lib/python3.12/site-packages/airflow/example_dags/example_dynamic_task_mapping.py took 0.071 seconds
[2024-09-16T16:33:51.927+0000] {processor.py:186} INFO - Started process (PID=544) to work on /home/airflow/.local/lib/python3.12/site-packages/airflow/example_dags/example_dynamic_task_mapping.py
[2024-09-16T16:33:51.928+0000] {processor.py:914} INFO - Processing file /home/airflow/.local/lib/python3.12/site-packages/airflow/example_dags/example_dynamic_task_mapping.py for tasks to queue
[2024-09-16T16:33:51.931+0000] {logging_mixin.py:190} INFO - [2024-09-16T16:33:51.930+0000] {dagbag.py:587} INFO - Filling up the DagBag from /home/airflow/.local/lib/python3.12/site-packages/airflow/example_dags/example_dynamic_task_mapping.py
[2024-09-16T16:33:51.938+0000] {processor.py:925} INFO - DAG(s) 'example_dynamic_task_mapping' retrieved from /home/airflow/.local/lib/python3.12/site-packages/airflow/example_dags/example_dynamic_task_mapping.py
[2024-09-16T16:33:51.958+0000] {logging_mixin.py:190} INFO - [2024-09-16T16:33:51.957+0000] {dag.py:3229} INFO - Sync 1 DAGs
[2024-09-16T16:33:51.970+0000] {logging_mixin.py:190} INFO - [2024-09-16T16:33:51.970+0000] {dag.py:4156} INFO - Setting next_dagrun for example_dynamic_task_mapping to None, run_after=None
[2024-09-16T16:33:51.989+0000] {processor.py:208} INFO - Processing /home/airflow/.local/lib/python3.12/site-packages/airflow/example_dags/example_dynamic_task_mapping.py took 0.068 seconds
[2024-09-16T16:34:22.547+0000] {processor.py:186} INFO - Started process (PID=606) to work on /home/airflow/.local/lib/python3.12/site-packages/airflow/example_dags/example_dynamic_task_mapping.py
[2024-09-16T16:34:22.549+0000] {processor.py:914} INFO - Processing file /home/airflow/.local/lib/python3.12/site-packages/airflow/example_dags/example_dynamic_task_mapping.py for tasks to queue
[2024-09-16T16:34:22.552+0000] {logging_mixin.py:190} INFO - [2024-09-16T16:34:22.551+0000] {dagbag.py:587} INFO - Filling up the DagBag from /home/airflow/.local/lib/python3.12/site-packages/airflow/example_dags/example_dynamic_task_mapping.py
[2024-09-16T16:34:22.559+0000] {processor.py:925} INFO - DAG(s) 'example_dynamic_task_mapping' retrieved from /home/airflow/.local/lib/python3.12/site-packages/airflow/example_dags/example_dynamic_task_mapping.py
[2024-09-16T16:34:22.577+0000] {logging_mixin.py:190} INFO - [2024-09-16T16:34:22.577+0000] {dag.py:3229} INFO - Sync 1 DAGs
[2024-09-16T16:34:22.589+0000] {logging_mixin.py:190} INFO - [2024-09-16T16:34:22.589+0000] {dag.py:4156} INFO - Setting next_dagrun for example_dynamic_task_mapping to None, run_after=None
[2024-09-16T16:34:22.604+0000] {processor.py:208} INFO - Processing /home/airflow/.local/lib/python3.12/site-packages/airflow/example_dags/example_dynamic_task_mapping.py took 0.064 seconds
[2024-09-16T16:34:53.075+0000] {processor.py:186} INFO - Started process (PID=668) to work on /home/airflow/.local/lib/python3.12/site-packages/airflow/example_dags/example_dynamic_task_mapping.py
[2024-09-16T16:34:53.076+0000] {processor.py:914} INFO - Processing file /home/airflow/.local/lib/python3.12/site-packages/airflow/example_dags/example_dynamic_task_mapping.py for tasks to queue
[2024-09-16T16:34:53.079+0000] {logging_mixin.py:190} INFO - [2024-09-16T16:34:53.079+0000] {dagbag.py:587} INFO - Filling up the DagBag from /home/airflow/.local/lib/python3.12/site-packages/airflow/example_dags/example_dynamic_task_mapping.py
[2024-09-16T16:34:53.087+0000] {processor.py:925} INFO - DAG(s) 'example_dynamic_task_mapping' retrieved from /home/airflow/.local/lib/python3.12/site-packages/airflow/example_dags/example_dynamic_task_mapping.py
[2024-09-16T16:34:53.105+0000] {logging_mixin.py:190} INFO - [2024-09-16T16:34:53.105+0000] {dag.py:3229} INFO - Sync 1 DAGs
[2024-09-16T16:34:53.118+0000] {logging_mixin.py:190} INFO - [2024-09-16T16:34:53.118+0000] {dag.py:4156} INFO - Setting next_dagrun for example_dynamic_task_mapping to None, run_after=None
[2024-09-16T16:34:53.135+0000] {processor.py:208} INFO - Processing /home/airflow/.local/lib/python3.12/site-packages/airflow/example_dags/example_dynamic_task_mapping.py took 0.065 seconds
[2024-09-16T16:35:23.666+0000] {processor.py:186} INFO - Started process (PID=731) to work on /home/airflow/.local/lib/python3.12/site-packages/airflow/example_dags/example_dynamic_task_mapping.py
[2024-09-16T16:35:23.667+0000] {processor.py:914} INFO - Processing file /home/airflow/.local/lib/python3.12/site-packages/airflow/example_dags/example_dynamic_task_mapping.py for tasks to queue
[2024-09-16T16:35:23.669+0000] {logging_mixin.py:190} INFO - [2024-09-16T16:35:23.669+0000] {dagbag.py:587} INFO - Filling up the DagBag from /home/airflow/.local/lib/python3.12/site-packages/airflow/example_dags/example_dynamic_task_mapping.py
[2024-09-16T16:35:23.675+0000] {processor.py:925} INFO - DAG(s) 'example_dynamic_task_mapping' retrieved from /home/airflow/.local/lib/python3.12/site-packages/airflow/example_dags/example_dynamic_task_mapping.py
[2024-09-16T16:35:23.692+0000] {logging_mixin.py:190} INFO - [2024-09-16T16:35:23.692+0000] {dag.py:3229} INFO - Sync 1 DAGs
[2024-09-16T16:35:23.703+0000] {logging_mixin.py:190} INFO - [2024-09-16T16:35:23.703+0000] {dag.py:4156} INFO - Setting next_dagrun for example_dynamic_task_mapping to None, run_after=None
[2024-09-16T16:35:23.720+0000] {processor.py:208} INFO - Processing /home/airflow/.local/lib/python3.12/site-packages/airflow/example_dags/example_dynamic_task_mapping.py took 0.060 seconds
[2024-09-16T16:35:54.274+0000] {processor.py:186} INFO - Started process (PID=793) to work on /home/airflow/.local/lib/python3.12/site-packages/airflow/example_dags/example_dynamic_task_mapping.py
[2024-09-16T16:35:54.276+0000] {processor.py:914} INFO - Processing file /home/airflow/.local/lib/python3.12/site-packages/airflow/example_dags/example_dynamic_task_mapping.py for tasks to queue
[2024-09-16T16:35:54.279+0000] {logging_mixin.py:190} INFO - [2024-09-16T16:35:54.278+0000] {dagbag.py:587} INFO - Filling up the DagBag from /home/airflow/.local/lib/python3.12/site-packages/airflow/example_dags/example_dynamic_task_mapping.py
[2024-09-16T16:35:54.288+0000] {processor.py:925} INFO - DAG(s) 'example_dynamic_task_mapping' retrieved from /home/airflow/.local/lib/python3.12/site-packages/airflow/example_dags/example_dynamic_task_mapping.py
[2024-09-16T16:35:54.310+0000] {logging_mixin.py:190} INFO - [2024-09-16T16:35:54.310+0000] {dag.py:3229} INFO - Sync 1 DAGs
[2024-09-16T16:35:54.328+0000] {logging_mixin.py:190} INFO - [2024-09-16T16:35:54.327+0000] {dag.py:4156} INFO - Setting next_dagrun for example_dynamic_task_mapping to None, run_after=None
[2024-09-16T16:35:54.357+0000] {processor.py:208} INFO - Processing /home/airflow/.local/lib/python3.12/site-packages/airflow/example_dags/example_dynamic_task_mapping.py took 0.090 seconds
[2024-09-16T16:36:25.144+0000] {processor.py:186} INFO - Started process (PID=855) to work on /home/airflow/.local/lib/python3.12/site-packages/airflow/example_dags/example_dynamic_task_mapping.py
[2024-09-16T16:36:25.145+0000] {processor.py:914} INFO - Processing file /home/airflow/.local/lib/python3.12/site-packages/airflow/example_dags/example_dynamic_task_mapping.py for tasks to queue
[2024-09-16T16:36:25.147+0000] {logging_mixin.py:190} INFO - [2024-09-16T16:36:25.147+0000] {dagbag.py:587} INFO - Filling up the DagBag from /home/airflow/.local/lib/python3.12/site-packages/airflow/example_dags/example_dynamic_task_mapping.py
[2024-09-16T16:36:25.155+0000] {processor.py:925} INFO - DAG(s) 'example_dynamic_task_mapping' retrieved from /home/airflow/.local/lib/python3.12/site-packages/airflow/example_dags/example_dynamic_task_mapping.py
[2024-09-16T16:36:25.174+0000] {logging_mixin.py:190} INFO - [2024-09-16T16:36:25.174+0000] {dag.py:3229} INFO - Sync 1 DAGs
[2024-09-16T16:36:25.188+0000] {logging_mixin.py:190} INFO - [2024-09-16T16:36:25.188+0000] {dag.py:4156} INFO - Setting next_dagrun for example_dynamic_task_mapping to None, run_after=None
[2024-09-16T16:36:25.205+0000] {processor.py:208} INFO - Processing /home/airflow/.local/lib/python3.12/site-packages/airflow/example_dags/example_dynamic_task_mapping.py took 0.067 seconds
[2024-09-16T16:36:55.608+0000] {processor.py:186} INFO - Started process (PID=917) to work on /home/airflow/.local/lib/python3.12/site-packages/airflow/example_dags/example_dynamic_task_mapping.py
[2024-09-16T16:36:55.609+0000] {processor.py:914} INFO - Processing file /home/airflow/.local/lib/python3.12/site-packages/airflow/example_dags/example_dynamic_task_mapping.py for tasks to queue
[2024-09-16T16:36:55.615+0000] {logging_mixin.py:190} INFO - [2024-09-16T16:36:55.614+0000] {dagbag.py:587} INFO - Filling up the DagBag from /home/airflow/.local/lib/python3.12/site-packages/airflow/example_dags/example_dynamic_task_mapping.py
[2024-09-16T16:36:55.623+0000] {processor.py:925} INFO - DAG(s) 'example_dynamic_task_mapping' retrieved from /home/airflow/.local/lib/python3.12/site-packages/airflow/example_dags/example_dynamic_task_mapping.py
[2024-09-16T16:36:55.641+0000] {logging_mixin.py:190} INFO - [2024-09-16T16:36:55.640+0000] {dag.py:3229} INFO - Sync 1 DAGs
[2024-09-16T16:36:55.655+0000] {logging_mixin.py:190} INFO - [2024-09-16T16:36:55.655+0000] {dag.py:4156} INFO - Setting next_dagrun for example_dynamic_task_mapping to None, run_after=None
[2024-09-16T16:36:55.673+0000] {processor.py:208} INFO - Processing /home/airflow/.local/lib/python3.12/site-packages/airflow/example_dags/example_dynamic_task_mapping.py took 0.071 seconds
[2024-09-16T16:37:26.071+0000] {processor.py:186} INFO - Started process (PID=979) to work on /home/airflow/.local/lib/python3.12/site-packages/airflow/example_dags/example_dynamic_task_mapping.py
[2024-09-16T16:37:26.072+0000] {processor.py:914} INFO - Processing file /home/airflow/.local/lib/python3.12/site-packages/airflow/example_dags/example_dynamic_task_mapping.py for tasks to queue
[2024-09-16T16:37:26.074+0000] {logging_mixin.py:190} INFO - [2024-09-16T16:37:26.074+0000] {dagbag.py:587} INFO - Filling up the DagBag from /home/airflow/.local/lib/python3.12/site-packages/airflow/example_dags/example_dynamic_task_mapping.py
[2024-09-16T16:37:26.083+0000] {processor.py:925} INFO - DAG(s) 'example_dynamic_task_mapping' retrieved from /home/airflow/.local/lib/python3.12/site-packages/airflow/example_dags/example_dynamic_task_mapping.py
[2024-09-16T16:37:26.103+0000] {logging_mixin.py:190} INFO - [2024-09-16T16:37:26.103+0000] {dag.py:3229} INFO - Sync 1 DAGs
[2024-09-16T16:37:26.116+0000] {logging_mixin.py:190} INFO - [2024-09-16T16:37:26.116+0000] {dag.py:4156} INFO - Setting next_dagrun for example_dynamic_task_mapping to None, run_after=None
[2024-09-16T16:37:26.146+0000] {processor.py:208} INFO - Processing /home/airflow/.local/lib/python3.12/site-packages/airflow/example_dags/example_dynamic_task_mapping.py took 0.080 seconds
