[2024-09-16T16:25:38.377+0000] {processor.py:186} INFO - Started process (PID=74) to work on /home/airflow/.local/lib/python3.12/site-packages/airflow/example_dags/example_outlet_event_extra.py
[2024-09-16T16:25:38.378+0000] {processor.py:914} INFO - Processing file /home/airflow/.local/lib/python3.12/site-packages/airflow/example_dags/example_outlet_event_extra.py for tasks to queue
[2024-09-16T16:25:38.381+0000] {logging_mixin.py:190} INFO - [2024-09-16T16:25:38.381+0000] {dagbag.py:587} INFO - Filling up the DagBag from /home/airflow/.local/lib/python3.12/site-packages/airflow/example_dags/example_outlet_event_extra.py
[2024-09-16T16:25:39.074+0000] {processor.py:925} INFO - DAG(s) 'dataset_with_extra_from_classic_operator', 'dataset_with_extra_by_context', 'dataset_with_extra_by_yield' retrieved from /home/airflow/.local/lib/python3.12/site-packages/airflow/example_dags/example_outlet_event_extra.py
[2024-09-16T16:25:39.199+0000] {logging_mixin.py:190} INFO - [2024-09-16T16:25:39.198+0000] {override.py:1900} INFO - Created Permission View: can edit on DAG:dataset_with_extra_from_classic_operator
[2024-09-16T16:25:39.209+0000] {logging_mixin.py:190} INFO - [2024-09-16T16:25:39.209+0000] {override.py:1900} INFO - Created Permission View: can delete on DAG:dataset_with_extra_from_classic_operator
[2024-09-16T16:25:39.216+0000] {logging_mixin.py:190} INFO - [2024-09-16T16:25:39.215+0000] {override.py:1900} INFO - Created Permission View: can read on DAG:dataset_with_extra_from_classic_operator
[2024-09-16T16:25:39.225+0000] {logging_mixin.py:190} INFO - [2024-09-16T16:25:39.224+0000] {override.py:1900} INFO - Created Permission View: can delete on DAG Run:dataset_with_extra_from_classic_operator
[2024-09-16T16:25:39.232+0000] {logging_mixin.py:190} INFO - [2024-09-16T16:25:39.231+0000] {override.py:1900} INFO - Created Permission View: can create on DAG Run:dataset_with_extra_from_classic_operator
[2024-09-16T16:25:39.239+0000] {logging_mixin.py:190} INFO - [2024-09-16T16:25:39.239+0000] {override.py:1900} INFO - Created Permission View: menu access on DAG Run:dataset_with_extra_from_classic_operator
[2024-09-16T16:25:39.246+0000] {logging_mixin.py:190} INFO - [2024-09-16T16:25:39.246+0000] {override.py:1900} INFO - Created Permission View: can read on DAG Run:dataset_with_extra_from_classic_operator
[2024-09-16T16:25:39.260+0000] {logging_mixin.py:190} INFO - [2024-09-16T16:25:39.259+0000] {override.py:1900} INFO - Created Permission View: can edit on DAG:dataset_with_extra_by_context
[2024-09-16T16:25:39.268+0000] {logging_mixin.py:190} INFO - [2024-09-16T16:25:39.267+0000] {override.py:1900} INFO - Created Permission View: can delete on DAG:dataset_with_extra_by_context
[2024-09-16T16:25:39.276+0000] {logging_mixin.py:190} INFO - [2024-09-16T16:25:39.275+0000] {override.py:1900} INFO - Created Permission View: can read on DAG:dataset_with_extra_by_context
[2024-09-16T16:25:39.285+0000] {logging_mixin.py:190} INFO - [2024-09-16T16:25:39.284+0000] {override.py:1900} INFO - Created Permission View: can delete on DAG Run:dataset_with_extra_by_context
[2024-09-16T16:25:39.294+0000] {logging_mixin.py:190} INFO - [2024-09-16T16:25:39.293+0000] {override.py:1900} INFO - Created Permission View: can create on DAG Run:dataset_with_extra_by_context
[2024-09-16T16:25:39.305+0000] {logging_mixin.py:190} INFO - [2024-09-16T16:25:39.304+0000] {override.py:1900} INFO - Created Permission View: menu access on DAG Run:dataset_with_extra_by_context
[2024-09-16T16:25:39.319+0000] {logging_mixin.py:190} INFO - [2024-09-16T16:25:39.319+0000] {override.py:1900} INFO - Created Permission View: can read on DAG Run:dataset_with_extra_by_context
[2024-09-16T16:25:39.340+0000] {logging_mixin.py:190} INFO - [2024-09-16T16:25:39.340+0000] {override.py:1900} INFO - Created Permission View: can edit on DAG:dataset_with_extra_by_yield
[2024-09-16T16:25:39.348+0000] {logging_mixin.py:190} INFO - [2024-09-16T16:25:39.347+0000] {override.py:1900} INFO - Created Permission View: can delete on DAG:dataset_with_extra_by_yield
[2024-09-16T16:25:39.361+0000] {logging_mixin.py:190} INFO - [2024-09-16T16:25:39.360+0000] {override.py:1900} INFO - Created Permission View: can read on DAG:dataset_with_extra_by_yield
[2024-09-16T16:25:39.369+0000] {logging_mixin.py:190} INFO - [2024-09-16T16:25:39.369+0000] {override.py:1900} INFO - Created Permission View: can delete on DAG Run:dataset_with_extra_by_yield
[2024-09-16T16:25:39.376+0000] {logging_mixin.py:190} INFO - [2024-09-16T16:25:39.376+0000] {override.py:1900} INFO - Created Permission View: can create on DAG Run:dataset_with_extra_by_yield
[2024-09-16T16:25:39.383+0000] {logging_mixin.py:190} INFO - [2024-09-16T16:25:39.382+0000] {override.py:1900} INFO - Created Permission View: menu access on DAG Run:dataset_with_extra_by_yield
[2024-09-16T16:25:39.389+0000] {logging_mixin.py:190} INFO - [2024-09-16T16:25:39.389+0000] {override.py:1900} INFO - Created Permission View: can read on DAG Run:dataset_with_extra_by_yield
[2024-09-16T16:25:39.390+0000] {logging_mixin.py:190} INFO - [2024-09-16T16:25:39.390+0000] {dag.py:3229} INFO - Sync 3 DAGs
[2024-09-16T16:25:39.410+0000] {logging_mixin.py:190} INFO - [2024-09-16T16:25:39.410+0000] {dag.py:3252} INFO - Creating ORM DAG for dataset_with_extra_from_classic_operator
[2024-09-16T16:25:39.411+0000] {logging_mixin.py:190} INFO - [2024-09-16T16:25:39.411+0000] {dag.py:3252} INFO - Creating ORM DAG for dataset_with_extra_by_yield
[2024-09-16T16:25:39.412+0000] {logging_mixin.py:190} INFO - [2024-09-16T16:25:39.412+0000] {dag.py:3252} INFO - Creating ORM DAG for dataset_with_extra_by_context
[2024-09-16T16:25:39.424+0000] {logging_mixin.py:190} INFO - [2024-09-16T16:25:39.424+0000] {dag.py:4156} INFO - Setting next_dagrun for dataset_with_extra_by_context to 2024-09-15 00:00:00+00:00, run_after=2024-09-16 00:00:00+00:00
[2024-09-16T16:25:39.427+0000] {logging_mixin.py:190} INFO - [2024-09-16T16:25:39.427+0000] {dag.py:4156} INFO - Setting next_dagrun for dataset_with_extra_by_yield to 2024-09-15 00:00:00+00:00, run_after=2024-09-16 00:00:00+00:00
[2024-09-16T16:25:39.430+0000] {logging_mixin.py:190} INFO - [2024-09-16T16:25:39.429+0000] {dag.py:4156} INFO - Setting next_dagrun for dataset_with_extra_from_classic_operator to 2024-09-15 00:00:00+00:00, run_after=2024-09-16 00:00:00+00:00
[2024-09-16T16:25:39.462+0000] {processor.py:208} INFO - Processing /home/airflow/.local/lib/python3.12/site-packages/airflow/example_dags/example_outlet_event_extra.py took 1.092 seconds
[2024-09-16T16:26:10.301+0000] {processor.py:186} INFO - Started process (PID=136) to work on /home/airflow/.local/lib/python3.12/site-packages/airflow/example_dags/example_outlet_event_extra.py
[2024-09-16T16:26:10.304+0000] {processor.py:914} INFO - Processing file /home/airflow/.local/lib/python3.12/site-packages/airflow/example_dags/example_outlet_event_extra.py for tasks to queue
[2024-09-16T16:26:10.309+0000] {logging_mixin.py:190} INFO - [2024-09-16T16:26:10.309+0000] {dagbag.py:587} INFO - Filling up the DagBag from /home/airflow/.local/lib/python3.12/site-packages/airflow/example_dags/example_outlet_event_extra.py
[2024-09-16T16:26:10.782+0000] {processor.py:925} INFO - DAG(s) 'dataset_with_extra_from_classic_operator', 'dataset_with_extra_by_yield', 'dataset_with_extra_by_context' retrieved from /home/airflow/.local/lib/python3.12/site-packages/airflow/example_dags/example_outlet_event_extra.py
[2024-09-16T16:26:10.856+0000] {logging_mixin.py:190} INFO - [2024-09-16T16:26:10.856+0000] {dag.py:3229} INFO - Sync 3 DAGs
[2024-09-16T16:26:10.910+0000] {logging_mixin.py:190} INFO - [2024-09-16T16:26:10.910+0000] {dag.py:4156} INFO - Setting next_dagrun for dataset_with_extra_by_context to 2024-09-15 00:00:00+00:00, run_after=2024-09-16 00:00:00+00:00
[2024-09-16T16:26:10.918+0000] {logging_mixin.py:190} INFO - [2024-09-16T16:26:10.917+0000] {dag.py:4156} INFO - Setting next_dagrun for dataset_with_extra_by_yield to 2024-09-15 00:00:00+00:00, run_after=2024-09-16 00:00:00+00:00
[2024-09-16T16:26:10.921+0000] {logging_mixin.py:190} INFO - [2024-09-16T16:26:10.921+0000] {dag.py:4156} INFO - Setting next_dagrun for dataset_with_extra_from_classic_operator to 2024-09-15 00:00:00+00:00, run_after=2024-09-16 00:00:00+00:00
[2024-09-16T16:26:10.948+0000] {processor.py:208} INFO - Processing /home/airflow/.local/lib/python3.12/site-packages/airflow/example_dags/example_outlet_event_extra.py took 0.666 seconds
[2024-09-16T16:26:41.815+0000] {processor.py:186} INFO - Started process (PID=198) to work on /home/airflow/.local/lib/python3.12/site-packages/airflow/example_dags/example_outlet_event_extra.py
[2024-09-16T16:26:41.817+0000] {processor.py:914} INFO - Processing file /home/airflow/.local/lib/python3.12/site-packages/airflow/example_dags/example_outlet_event_extra.py for tasks to queue
[2024-09-16T16:26:41.822+0000] {logging_mixin.py:190} INFO - [2024-09-16T16:26:41.821+0000] {dagbag.py:587} INFO - Filling up the DagBag from /home/airflow/.local/lib/python3.12/site-packages/airflow/example_dags/example_outlet_event_extra.py
[2024-09-16T16:26:42.346+0000] {processor.py:925} INFO - DAG(s) 'dataset_with_extra_by_context', 'dataset_with_extra_by_yield', 'dataset_with_extra_from_classic_operator' retrieved from /home/airflow/.local/lib/python3.12/site-packages/airflow/example_dags/example_outlet_event_extra.py
[2024-09-16T16:26:42.445+0000] {logging_mixin.py:190} INFO - [2024-09-16T16:26:42.444+0000] {dag.py:3229} INFO - Sync 3 DAGs
[2024-09-16T16:26:42.543+0000] {logging_mixin.py:190} INFO - [2024-09-16T16:26:42.543+0000] {dag.py:4156} INFO - Setting next_dagrun for dataset_with_extra_by_context to 2024-09-15 00:00:00+00:00, run_after=2024-09-16 00:00:00+00:00
[2024-09-16T16:26:42.561+0000] {logging_mixin.py:190} INFO - [2024-09-16T16:26:42.561+0000] {dag.py:4156} INFO - Setting next_dagrun for dataset_with_extra_by_yield to 2024-09-15 00:00:00+00:00, run_after=2024-09-16 00:00:00+00:00
[2024-09-16T16:26:42.567+0000] {logging_mixin.py:190} INFO - [2024-09-16T16:26:42.566+0000] {dag.py:4156} INFO - Setting next_dagrun for dataset_with_extra_from_classic_operator to 2024-09-15 00:00:00+00:00, run_after=2024-09-16 00:00:00+00:00
[2024-09-16T16:26:42.658+0000] {processor.py:208} INFO - Processing /home/airflow/.local/lib/python3.12/site-packages/airflow/example_dags/example_outlet_event_extra.py took 0.863 seconds
[2024-09-16T16:27:13.711+0000] {processor.py:186} INFO - Started process (PID=261) to work on /home/airflow/.local/lib/python3.12/site-packages/airflow/example_dags/example_outlet_event_extra.py
[2024-09-16T16:27:13.757+0000] {processor.py:914} INFO - Processing file /home/airflow/.local/lib/python3.12/site-packages/airflow/example_dags/example_outlet_event_extra.py for tasks to queue
[2024-09-16T16:27:13.984+0000] {logging_mixin.py:190} INFO - [2024-09-16T16:27:13.926+0000] {dagbag.py:587} INFO - Filling up the DagBag from /home/airflow/.local/lib/python3.12/site-packages/airflow/example_dags/example_outlet_event_extra.py
[2024-09-16T16:27:14.949+0000] {processor.py:925} INFO - DAG(s) 'dataset_with_extra_by_yield', 'dataset_with_extra_by_context', 'dataset_with_extra_from_classic_operator' retrieved from /home/airflow/.local/lib/python3.12/site-packages/airflow/example_dags/example_outlet_event_extra.py
[2024-09-16T16:27:15.011+0000] {logging_mixin.py:190} INFO - [2024-09-16T16:27:15.011+0000] {dag.py:3229} INFO - Sync 3 DAGs
[2024-09-16T16:27:15.079+0000] {logging_mixin.py:190} INFO - [2024-09-16T16:27:15.079+0000] {dag.py:4156} INFO - Setting next_dagrun for dataset_with_extra_by_context to 2024-09-15 00:00:00+00:00, run_after=2024-09-16 00:00:00+00:00
[2024-09-16T16:27:15.101+0000] {logging_mixin.py:190} INFO - [2024-09-16T16:27:15.100+0000] {dag.py:4156} INFO - Setting next_dagrun for dataset_with_extra_by_yield to 2024-09-15 00:00:00+00:00, run_after=2024-09-16 00:00:00+00:00
[2024-09-16T16:27:15.107+0000] {logging_mixin.py:190} INFO - [2024-09-16T16:27:15.106+0000] {dag.py:4156} INFO - Setting next_dagrun for dataset_with_extra_from_classic_operator to 2024-09-15 00:00:00+00:00, run_after=2024-09-16 00:00:00+00:00
[2024-09-16T16:27:15.170+0000] {processor.py:208} INFO - Processing /home/airflow/.local/lib/python3.12/site-packages/airflow/example_dags/example_outlet_event_extra.py took 1.501 seconds
[2024-09-16T16:27:45.975+0000] {processor.py:186} INFO - Started process (PID=322) to work on /home/airflow/.local/lib/python3.12/site-packages/airflow/example_dags/example_outlet_event_extra.py
[2024-09-16T16:27:45.977+0000] {processor.py:914} INFO - Processing file /home/airflow/.local/lib/python3.12/site-packages/airflow/example_dags/example_outlet_event_extra.py for tasks to queue
[2024-09-16T16:27:45.994+0000] {logging_mixin.py:190} INFO - [2024-09-16T16:27:45.994+0000] {dagbag.py:587} INFO - Filling up the DagBag from /home/airflow/.local/lib/python3.12/site-packages/airflow/example_dags/example_outlet_event_extra.py
[2024-09-16T16:27:46.632+0000] {processor.py:925} INFO - DAG(s) 'dataset_with_extra_by_yield', 'dataset_with_extra_from_classic_operator', 'dataset_with_extra_by_context' retrieved from /home/airflow/.local/lib/python3.12/site-packages/airflow/example_dags/example_outlet_event_extra.py
[2024-09-16T16:27:46.722+0000] {logging_mixin.py:190} INFO - [2024-09-16T16:27:46.722+0000] {dag.py:3229} INFO - Sync 3 DAGs
[2024-09-16T16:27:46.852+0000] {logging_mixin.py:190} INFO - [2024-09-16T16:27:46.852+0000] {dag.py:4156} INFO - Setting next_dagrun for dataset_with_extra_by_context to 2024-09-15 00:00:00+00:00, run_after=2024-09-16 00:00:00+00:00
[2024-09-16T16:27:46.884+0000] {logging_mixin.py:190} INFO - [2024-09-16T16:27:46.883+0000] {dag.py:4156} INFO - Setting next_dagrun for dataset_with_extra_by_yield to 2024-09-15 00:00:00+00:00, run_after=2024-09-16 00:00:00+00:00
[2024-09-16T16:27:46.891+0000] {logging_mixin.py:190} INFO - [2024-09-16T16:27:46.890+0000] {dag.py:4156} INFO - Setting next_dagrun for dataset_with_extra_from_classic_operator to 2024-09-15 00:00:00+00:00, run_after=2024-09-16 00:00:00+00:00
[2024-09-16T16:27:46.991+0000] {processor.py:208} INFO - Processing /home/airflow/.local/lib/python3.12/site-packages/airflow/example_dags/example_outlet_event_extra.py took 1.035 seconds
[2024-09-16T16:28:17.220+0000] {processor.py:186} INFO - Started process (PID=384) to work on /home/airflow/.local/lib/python3.12/site-packages/airflow/example_dags/example_outlet_event_extra.py
[2024-09-16T16:28:17.222+0000] {processor.py:914} INFO - Processing file /home/airflow/.local/lib/python3.12/site-packages/airflow/example_dags/example_outlet_event_extra.py for tasks to queue
[2024-09-16T16:28:17.228+0000] {logging_mixin.py:190} INFO - [2024-09-16T16:28:17.227+0000] {dagbag.py:587} INFO - Filling up the DagBag from /home/airflow/.local/lib/python3.12/site-packages/airflow/example_dags/example_outlet_event_extra.py
[2024-09-16T16:28:17.532+0000] {processor.py:925} INFO - DAG(s) 'dataset_with_extra_by_context', 'dataset_with_extra_by_yield', 'dataset_with_extra_from_classic_operator' retrieved from /home/airflow/.local/lib/python3.12/site-packages/airflow/example_dags/example_outlet_event_extra.py
[2024-09-16T16:28:17.596+0000] {logging_mixin.py:190} INFO - [2024-09-16T16:28:17.595+0000] {dag.py:3229} INFO - Sync 3 DAGs
[2024-09-16T16:28:17.655+0000] {logging_mixin.py:190} INFO - [2024-09-16T16:28:17.654+0000] {dag.py:4156} INFO - Setting next_dagrun for dataset_with_extra_by_context to 2024-09-15 00:00:00+00:00, run_after=2024-09-16 00:00:00+00:00
[2024-09-16T16:28:17.667+0000] {logging_mixin.py:190} INFO - [2024-09-16T16:28:17.666+0000] {dag.py:4156} INFO - Setting next_dagrun for dataset_with_extra_by_yield to 2024-09-15 00:00:00+00:00, run_after=2024-09-16 00:00:00+00:00
[2024-09-16T16:28:17.671+0000] {logging_mixin.py:190} INFO - [2024-09-16T16:28:17.671+0000] {dag.py:4156} INFO - Setting next_dagrun for dataset_with_extra_from_classic_operator to 2024-09-15 00:00:00+00:00, run_after=2024-09-16 00:00:00+00:00
[2024-09-16T16:28:17.714+0000] {processor.py:208} INFO - Processing /home/airflow/.local/lib/python3.12/site-packages/airflow/example_dags/example_outlet_event_extra.py took 0.514 seconds
[2024-09-16T16:30:11.465+0000] {processor.py:186} INFO - Started process (PID=71) to work on /home/airflow/.local/lib/python3.12/site-packages/airflow/example_dags/example_outlet_event_extra.py
[2024-09-16T16:30:11.470+0000] {processor.py:914} INFO - Processing file /home/airflow/.local/lib/python3.12/site-packages/airflow/example_dags/example_outlet_event_extra.py for tasks to queue
[2024-09-16T16:30:11.482+0000] {logging_mixin.py:190} INFO - [2024-09-16T16:30:11.482+0000] {dagbag.py:587} INFO - Filling up the DagBag from /home/airflow/.local/lib/python3.12/site-packages/airflow/example_dags/example_outlet_event_extra.py
[2024-09-16T16:30:12.669+0000] {processor.py:925} INFO - DAG(s) 'dataset_with_extra_from_classic_operator', 'dataset_with_extra_by_context', 'dataset_with_extra_by_yield' retrieved from /home/airflow/.local/lib/python3.12/site-packages/airflow/example_dags/example_outlet_event_extra.py
[2024-09-16T16:30:12.759+0000] {logging_mixin.py:190} INFO - [2024-09-16T16:30:12.759+0000] {dag.py:3229} INFO - Sync 3 DAGs
[2024-09-16T16:30:12.842+0000] {logging_mixin.py:190} INFO - [2024-09-16T16:30:12.842+0000] {dag.py:4156} INFO - Setting next_dagrun for dataset_with_extra_by_context to 2024-09-15 00:00:00+00:00, run_after=2024-09-16 00:00:00+00:00
[2024-09-16T16:30:12.855+0000] {logging_mixin.py:190} INFO - [2024-09-16T16:30:12.855+0000] {dag.py:4156} INFO - Setting next_dagrun for dataset_with_extra_by_yield to 2024-09-15 00:00:00+00:00, run_after=2024-09-16 00:00:00+00:00
[2024-09-16T16:30:12.862+0000] {logging_mixin.py:190} INFO - [2024-09-16T16:30:12.862+0000] {dag.py:4156} INFO - Setting next_dagrun for dataset_with_extra_from_classic_operator to 2024-09-15 00:00:00+00:00, run_after=2024-09-16 00:00:00+00:00
[2024-09-16T16:30:12.925+0000] {processor.py:208} INFO - Processing /home/airflow/.local/lib/python3.12/site-packages/airflow/example_dags/example_outlet_event_extra.py took 1.486 seconds
[2024-09-16T16:30:43.303+0000] {processor.py:186} INFO - Started process (PID=133) to work on /home/airflow/.local/lib/python3.12/site-packages/airflow/example_dags/example_outlet_event_extra.py
[2024-09-16T16:30:43.304+0000] {processor.py:914} INFO - Processing file /home/airflow/.local/lib/python3.12/site-packages/airflow/example_dags/example_outlet_event_extra.py for tasks to queue
[2024-09-16T16:30:43.306+0000] {logging_mixin.py:190} INFO - [2024-09-16T16:30:43.306+0000] {dagbag.py:587} INFO - Filling up the DagBag from /home/airflow/.local/lib/python3.12/site-packages/airflow/example_dags/example_outlet_event_extra.py
[2024-09-16T16:30:43.413+0000] {processor.py:925} INFO - DAG(s) 'dataset_with_extra_from_classic_operator', 'dataset_with_extra_by_context', 'dataset_with_extra_by_yield' retrieved from /home/airflow/.local/lib/python3.12/site-packages/airflow/example_dags/example_outlet_event_extra.py
[2024-09-16T16:30:43.438+0000] {logging_mixin.py:190} INFO - [2024-09-16T16:30:43.437+0000] {dag.py:3229} INFO - Sync 3 DAGs
[2024-09-16T16:30:43.455+0000] {logging_mixin.py:190} INFO - [2024-09-16T16:30:43.455+0000] {dag.py:4156} INFO - Setting next_dagrun for dataset_with_extra_by_context to 2024-09-15 00:00:00+00:00, run_after=2024-09-16 00:00:00+00:00
[2024-09-16T16:30:43.459+0000] {logging_mixin.py:190} INFO - [2024-09-16T16:30:43.459+0000] {dag.py:4156} INFO - Setting next_dagrun for dataset_with_extra_by_yield to 2024-09-15 00:00:00+00:00, run_after=2024-09-16 00:00:00+00:00
[2024-09-16T16:30:43.461+0000] {logging_mixin.py:190} INFO - [2024-09-16T16:30:43.461+0000] {dag.py:4156} INFO - Setting next_dagrun for dataset_with_extra_from_classic_operator to 2024-09-15 00:00:00+00:00, run_after=2024-09-16 00:00:00+00:00
[2024-09-16T16:30:43.482+0000] {processor.py:208} INFO - Processing /home/airflow/.local/lib/python3.12/site-packages/airflow/example_dags/example_outlet_event_extra.py took 0.184 seconds
[2024-09-16T16:31:14.062+0000] {processor.py:186} INFO - Started process (PID=195) to work on /home/airflow/.local/lib/python3.12/site-packages/airflow/example_dags/example_outlet_event_extra.py
[2024-09-16T16:31:14.063+0000] {processor.py:914} INFO - Processing file /home/airflow/.local/lib/python3.12/site-packages/airflow/example_dags/example_outlet_event_extra.py for tasks to queue
[2024-09-16T16:31:14.065+0000] {logging_mixin.py:190} INFO - [2024-09-16T16:31:14.065+0000] {dagbag.py:587} INFO - Filling up the DagBag from /home/airflow/.local/lib/python3.12/site-packages/airflow/example_dags/example_outlet_event_extra.py
[2024-09-16T16:31:14.163+0000] {processor.py:925} INFO - DAG(s) 'dataset_with_extra_by_yield', 'dataset_with_extra_from_classic_operator', 'dataset_with_extra_by_context' retrieved from /home/airflow/.local/lib/python3.12/site-packages/airflow/example_dags/example_outlet_event_extra.py
[2024-09-16T16:31:14.188+0000] {logging_mixin.py:190} INFO - [2024-09-16T16:31:14.188+0000] {dag.py:3229} INFO - Sync 3 DAGs
[2024-09-16T16:31:14.212+0000] {logging_mixin.py:190} INFO - [2024-09-16T16:31:14.212+0000] {dag.py:4156} INFO - Setting next_dagrun for dataset_with_extra_by_context to 2024-09-15 00:00:00+00:00, run_after=2024-09-16 00:00:00+00:00
[2024-09-16T16:31:14.216+0000] {logging_mixin.py:190} INFO - [2024-09-16T16:31:14.216+0000] {dag.py:4156} INFO - Setting next_dagrun for dataset_with_extra_by_yield to 2024-09-15 00:00:00+00:00, run_after=2024-09-16 00:00:00+00:00
[2024-09-16T16:31:14.219+0000] {logging_mixin.py:190} INFO - [2024-09-16T16:31:14.219+0000] {dag.py:4156} INFO - Setting next_dagrun for dataset_with_extra_from_classic_operator to 2024-09-15 00:00:00+00:00, run_after=2024-09-16 00:00:00+00:00
[2024-09-16T16:31:14.240+0000] {processor.py:208} INFO - Processing /home/airflow/.local/lib/python3.12/site-packages/airflow/example_dags/example_outlet_event_extra.py took 0.183 seconds
[2024-09-16T16:31:44.553+0000] {processor.py:186} INFO - Started process (PID=257) to work on /home/airflow/.local/lib/python3.12/site-packages/airflow/example_dags/example_outlet_event_extra.py
[2024-09-16T16:31:44.554+0000] {processor.py:914} INFO - Processing file /home/airflow/.local/lib/python3.12/site-packages/airflow/example_dags/example_outlet_event_extra.py for tasks to queue
[2024-09-16T16:31:44.556+0000] {logging_mixin.py:190} INFO - [2024-09-16T16:31:44.555+0000] {dagbag.py:587} INFO - Filling up the DagBag from /home/airflow/.local/lib/python3.12/site-packages/airflow/example_dags/example_outlet_event_extra.py
[2024-09-16T16:31:44.653+0000] {processor.py:925} INFO - DAG(s) 'dataset_with_extra_by_context', 'dataset_with_extra_by_yield', 'dataset_with_extra_from_classic_operator' retrieved from /home/airflow/.local/lib/python3.12/site-packages/airflow/example_dags/example_outlet_event_extra.py
[2024-09-16T16:31:44.677+0000] {logging_mixin.py:190} INFO - [2024-09-16T16:31:44.676+0000] {dag.py:3229} INFO - Sync 3 DAGs
[2024-09-16T16:31:44.696+0000] {logging_mixin.py:190} INFO - [2024-09-16T16:31:44.696+0000] {dag.py:4156} INFO - Setting next_dagrun for dataset_with_extra_by_context to 2024-09-15 00:00:00+00:00, run_after=2024-09-16 00:00:00+00:00
[2024-09-16T16:31:44.700+0000] {logging_mixin.py:190} INFO - [2024-09-16T16:31:44.700+0000] {dag.py:4156} INFO - Setting next_dagrun for dataset_with_extra_by_yield to 2024-09-15 00:00:00+00:00, run_after=2024-09-16 00:00:00+00:00
[2024-09-16T16:31:44.703+0000] {logging_mixin.py:190} INFO - [2024-09-16T16:31:44.702+0000] {dag.py:4156} INFO - Setting next_dagrun for dataset_with_extra_from_classic_operator to 2024-09-15 00:00:00+00:00, run_after=2024-09-16 00:00:00+00:00
[2024-09-16T16:31:44.723+0000] {processor.py:208} INFO - Processing /home/airflow/.local/lib/python3.12/site-packages/airflow/example_dags/example_outlet_event_extra.py took 0.175 seconds
[2024-09-16T16:32:14.965+0000] {processor.py:186} INFO - Started process (PID=319) to work on /home/airflow/.local/lib/python3.12/site-packages/airflow/example_dags/example_outlet_event_extra.py
[2024-09-16T16:32:14.966+0000] {processor.py:914} INFO - Processing file /home/airflow/.local/lib/python3.12/site-packages/airflow/example_dags/example_outlet_event_extra.py for tasks to queue
[2024-09-16T16:32:14.968+0000] {logging_mixin.py:190} INFO - [2024-09-16T16:32:14.967+0000] {dagbag.py:587} INFO - Filling up the DagBag from /home/airflow/.local/lib/python3.12/site-packages/airflow/example_dags/example_outlet_event_extra.py
[2024-09-16T16:32:15.067+0000] {processor.py:925} INFO - DAG(s) 'dataset_with_extra_by_context', 'dataset_with_extra_by_yield', 'dataset_with_extra_from_classic_operator' retrieved from /home/airflow/.local/lib/python3.12/site-packages/airflow/example_dags/example_outlet_event_extra.py
[2024-09-16T16:32:15.090+0000] {logging_mixin.py:190} INFO - [2024-09-16T16:32:15.090+0000] {dag.py:3229} INFO - Sync 3 DAGs
[2024-09-16T16:32:15.110+0000] {logging_mixin.py:190} INFO - [2024-09-16T16:32:15.110+0000] {dag.py:4156} INFO - Setting next_dagrun for dataset_with_extra_by_context to 2024-09-15 00:00:00+00:00, run_after=2024-09-16 00:00:00+00:00
[2024-09-16T16:32:15.116+0000] {logging_mixin.py:190} INFO - [2024-09-16T16:32:15.116+0000] {dag.py:4156} INFO - Setting next_dagrun for dataset_with_extra_by_yield to 2024-09-15 00:00:00+00:00, run_after=2024-09-16 00:00:00+00:00
[2024-09-16T16:32:15.120+0000] {logging_mixin.py:190} INFO - [2024-09-16T16:32:15.120+0000] {dag.py:4156} INFO - Setting next_dagrun for dataset_with_extra_from_classic_operator to 2024-09-15 00:00:00+00:00, run_after=2024-09-16 00:00:00+00:00
[2024-09-16T16:32:15.144+0000] {processor.py:208} INFO - Processing /home/airflow/.local/lib/python3.12/site-packages/airflow/example_dags/example_outlet_event_extra.py took 0.183 seconds
[2024-09-16T16:32:45.453+0000] {processor.py:186} INFO - Started process (PID=381) to work on /home/airflow/.local/lib/python3.12/site-packages/airflow/example_dags/example_outlet_event_extra.py
[2024-09-16T16:32:45.455+0000] {processor.py:914} INFO - Processing file /home/airflow/.local/lib/python3.12/site-packages/airflow/example_dags/example_outlet_event_extra.py for tasks to queue
[2024-09-16T16:32:45.457+0000] {logging_mixin.py:190} INFO - [2024-09-16T16:32:45.456+0000] {dagbag.py:587} INFO - Filling up the DagBag from /home/airflow/.local/lib/python3.12/site-packages/airflow/example_dags/example_outlet_event_extra.py
[2024-09-16T16:32:45.565+0000] {processor.py:925} INFO - DAG(s) 'dataset_with_extra_by_context', 'dataset_with_extra_by_yield', 'dataset_with_extra_from_classic_operator' retrieved from /home/airflow/.local/lib/python3.12/site-packages/airflow/example_dags/example_outlet_event_extra.py
[2024-09-16T16:32:45.589+0000] {logging_mixin.py:190} INFO - [2024-09-16T16:32:45.589+0000] {dag.py:3229} INFO - Sync 3 DAGs
[2024-09-16T16:32:45.611+0000] {logging_mixin.py:190} INFO - [2024-09-16T16:32:45.611+0000] {dag.py:4156} INFO - Setting next_dagrun for dataset_with_extra_by_context to 2024-09-15 00:00:00+00:00, run_after=2024-09-16 00:00:00+00:00
[2024-09-16T16:32:45.618+0000] {logging_mixin.py:190} INFO - [2024-09-16T16:32:45.617+0000] {dag.py:4156} INFO - Setting next_dagrun for dataset_with_extra_by_yield to 2024-09-15 00:00:00+00:00, run_after=2024-09-16 00:00:00+00:00
[2024-09-16T16:32:45.621+0000] {logging_mixin.py:190} INFO - [2024-09-16T16:32:45.621+0000] {dag.py:4156} INFO - Setting next_dagrun for dataset_with_extra_from_classic_operator to 2024-09-15 00:00:00+00:00, run_after=2024-09-16 00:00:00+00:00
[2024-09-16T16:32:45.645+0000] {processor.py:208} INFO - Processing /home/airflow/.local/lib/python3.12/site-packages/airflow/example_dags/example_outlet_event_extra.py took 0.197 seconds
[2024-09-16T16:33:15.996+0000] {processor.py:186} INFO - Started process (PID=443) to work on /home/airflow/.local/lib/python3.12/site-packages/airflow/example_dags/example_outlet_event_extra.py
[2024-09-16T16:33:15.997+0000] {processor.py:914} INFO - Processing file /home/airflow/.local/lib/python3.12/site-packages/airflow/example_dags/example_outlet_event_extra.py for tasks to queue
[2024-09-16T16:33:15.999+0000] {logging_mixin.py:190} INFO - [2024-09-16T16:33:15.999+0000] {dagbag.py:587} INFO - Filling up the DagBag from /home/airflow/.local/lib/python3.12/site-packages/airflow/example_dags/example_outlet_event_extra.py
[2024-09-16T16:33:16.100+0000] {processor.py:925} INFO - DAG(s) 'dataset_with_extra_from_classic_operator', 'dataset_with_extra_by_context', 'dataset_with_extra_by_yield' retrieved from /home/airflow/.local/lib/python3.12/site-packages/airflow/example_dags/example_outlet_event_extra.py
[2024-09-16T16:33:16.126+0000] {logging_mixin.py:190} INFO - [2024-09-16T16:33:16.126+0000] {dag.py:3229} INFO - Sync 3 DAGs
[2024-09-16T16:33:16.145+0000] {logging_mixin.py:190} INFO - [2024-09-16T16:33:16.145+0000] {dag.py:4156} INFO - Setting next_dagrun for dataset_with_extra_by_context to 2024-09-15 00:00:00+00:00, run_after=2024-09-16 00:00:00+00:00
[2024-09-16T16:33:16.150+0000] {logging_mixin.py:190} INFO - [2024-09-16T16:33:16.150+0000] {dag.py:4156} INFO - Setting next_dagrun for dataset_with_extra_by_yield to 2024-09-15 00:00:00+00:00, run_after=2024-09-16 00:00:00+00:00
[2024-09-16T16:33:16.153+0000] {logging_mixin.py:190} INFO - [2024-09-16T16:33:16.153+0000] {dag.py:4156} INFO - Setting next_dagrun for dataset_with_extra_from_classic_operator to 2024-09-15 00:00:00+00:00, run_after=2024-09-16 00:00:00+00:00
[2024-09-16T16:33:16.180+0000] {processor.py:208} INFO - Processing /home/airflow/.local/lib/python3.12/site-packages/airflow/example_dags/example_outlet_event_extra.py took 0.190 seconds
[2024-09-16T16:33:46.300+0000] {processor.py:186} INFO - Started process (PID=505) to work on /home/airflow/.local/lib/python3.12/site-packages/airflow/example_dags/example_outlet_event_extra.py
[2024-09-16T16:33:46.301+0000] {processor.py:914} INFO - Processing file /home/airflow/.local/lib/python3.12/site-packages/airflow/example_dags/example_outlet_event_extra.py for tasks to queue
[2024-09-16T16:33:46.303+0000] {logging_mixin.py:190} INFO - [2024-09-16T16:33:46.303+0000] {dagbag.py:587} INFO - Filling up the DagBag from /home/airflow/.local/lib/python3.12/site-packages/airflow/example_dags/example_outlet_event_extra.py
[2024-09-16T16:33:46.409+0000] {processor.py:925} INFO - DAG(s) 'dataset_with_extra_by_context', 'dataset_with_extra_from_classic_operator', 'dataset_with_extra_by_yield' retrieved from /home/airflow/.local/lib/python3.12/site-packages/airflow/example_dags/example_outlet_event_extra.py
[2024-09-16T16:33:46.430+0000] {logging_mixin.py:190} INFO - [2024-09-16T16:33:46.430+0000] {dag.py:3229} INFO - Sync 3 DAGs
[2024-09-16T16:33:46.454+0000] {logging_mixin.py:190} INFO - [2024-09-16T16:33:46.454+0000] {dag.py:4156} INFO - Setting next_dagrun for dataset_with_extra_by_context to 2024-09-15 00:00:00+00:00, run_after=2024-09-16 00:00:00+00:00
[2024-09-16T16:33:46.459+0000] {logging_mixin.py:190} INFO - [2024-09-16T16:33:46.459+0000] {dag.py:4156} INFO - Setting next_dagrun for dataset_with_extra_by_yield to 2024-09-15 00:00:00+00:00, run_after=2024-09-16 00:00:00+00:00
[2024-09-16T16:33:46.461+0000] {logging_mixin.py:190} INFO - [2024-09-16T16:33:46.461+0000] {dag.py:4156} INFO - Setting next_dagrun for dataset_with_extra_from_classic_operator to 2024-09-15 00:00:00+00:00, run_after=2024-09-16 00:00:00+00:00
[2024-09-16T16:33:46.479+0000] {processor.py:208} INFO - Processing /home/airflow/.local/lib/python3.12/site-packages/airflow/example_dags/example_outlet_event_extra.py took 0.184 seconds
[2024-09-16T16:34:16.835+0000] {processor.py:186} INFO - Started process (PID=567) to work on /home/airflow/.local/lib/python3.12/site-packages/airflow/example_dags/example_outlet_event_extra.py
[2024-09-16T16:34:16.836+0000] {processor.py:914} INFO - Processing file /home/airflow/.local/lib/python3.12/site-packages/airflow/example_dags/example_outlet_event_extra.py for tasks to queue
[2024-09-16T16:34:16.839+0000] {logging_mixin.py:190} INFO - [2024-09-16T16:34:16.839+0000] {dagbag.py:587} INFO - Filling up the DagBag from /home/airflow/.local/lib/python3.12/site-packages/airflow/example_dags/example_outlet_event_extra.py
[2024-09-16T16:34:16.960+0000] {processor.py:925} INFO - DAG(s) 'dataset_with_extra_from_classic_operator', 'dataset_with_extra_by_yield', 'dataset_with_extra_by_context' retrieved from /home/airflow/.local/lib/python3.12/site-packages/airflow/example_dags/example_outlet_event_extra.py
[2024-09-16T16:34:16.989+0000] {logging_mixin.py:190} INFO - [2024-09-16T16:34:16.989+0000] {dag.py:3229} INFO - Sync 3 DAGs
[2024-09-16T16:34:17.012+0000] {logging_mixin.py:190} INFO - [2024-09-16T16:34:17.012+0000] {dag.py:4156} INFO - Setting next_dagrun for dataset_with_extra_by_context to 2024-09-15 00:00:00+00:00, run_after=2024-09-16 00:00:00+00:00
[2024-09-16T16:34:17.016+0000] {logging_mixin.py:190} INFO - [2024-09-16T16:34:17.016+0000] {dag.py:4156} INFO - Setting next_dagrun for dataset_with_extra_by_yield to 2024-09-15 00:00:00+00:00, run_after=2024-09-16 00:00:00+00:00
[2024-09-16T16:34:17.018+0000] {logging_mixin.py:190} INFO - [2024-09-16T16:34:17.018+0000] {dag.py:4156} INFO - Setting next_dagrun for dataset_with_extra_from_classic_operator to 2024-09-15 00:00:00+00:00, run_after=2024-09-16 00:00:00+00:00
[2024-09-16T16:34:17.040+0000] {processor.py:208} INFO - Processing /home/airflow/.local/lib/python3.12/site-packages/airflow/example_dags/example_outlet_event_extra.py took 0.210 seconds
[2024-09-16T16:34:47.423+0000] {processor.py:186} INFO - Started process (PID=629) to work on /home/airflow/.local/lib/python3.12/site-packages/airflow/example_dags/example_outlet_event_extra.py
[2024-09-16T16:34:47.424+0000] {processor.py:914} INFO - Processing file /home/airflow/.local/lib/python3.12/site-packages/airflow/example_dags/example_outlet_event_extra.py for tasks to queue
[2024-09-16T16:34:47.427+0000] {logging_mixin.py:190} INFO - [2024-09-16T16:34:47.427+0000] {dagbag.py:587} INFO - Filling up the DagBag from /home/airflow/.local/lib/python3.12/site-packages/airflow/example_dags/example_outlet_event_extra.py
[2024-09-16T16:34:47.549+0000] {processor.py:925} INFO - DAG(s) 'dataset_with_extra_by_yield', 'dataset_with_extra_from_classic_operator', 'dataset_with_extra_by_context' retrieved from /home/airflow/.local/lib/python3.12/site-packages/airflow/example_dags/example_outlet_event_extra.py
[2024-09-16T16:34:47.575+0000] {logging_mixin.py:190} INFO - [2024-09-16T16:34:47.575+0000] {dag.py:3229} INFO - Sync 3 DAGs
[2024-09-16T16:34:47.598+0000] {logging_mixin.py:190} INFO - [2024-09-16T16:34:47.597+0000] {dag.py:4156} INFO - Setting next_dagrun for dataset_with_extra_by_context to 2024-09-15 00:00:00+00:00, run_after=2024-09-16 00:00:00+00:00
[2024-09-16T16:34:47.601+0000] {logging_mixin.py:190} INFO - [2024-09-16T16:34:47.601+0000] {dag.py:4156} INFO - Setting next_dagrun for dataset_with_extra_by_yield to 2024-09-15 00:00:00+00:00, run_after=2024-09-16 00:00:00+00:00
[2024-09-16T16:34:47.604+0000] {logging_mixin.py:190} INFO - [2024-09-16T16:34:47.603+0000] {dag.py:4156} INFO - Setting next_dagrun for dataset_with_extra_from_classic_operator to 2024-09-15 00:00:00+00:00, run_after=2024-09-16 00:00:00+00:00
[2024-09-16T16:34:47.623+0000] {processor.py:208} INFO - Processing /home/airflow/.local/lib/python3.12/site-packages/airflow/example_dags/example_outlet_event_extra.py took 0.206 seconds
[2024-09-16T16:35:18.048+0000] {processor.py:186} INFO - Started process (PID=692) to work on /home/airflow/.local/lib/python3.12/site-packages/airflow/example_dags/example_outlet_event_extra.py
[2024-09-16T16:35:18.049+0000] {processor.py:914} INFO - Processing file /home/airflow/.local/lib/python3.12/site-packages/airflow/example_dags/example_outlet_event_extra.py for tasks to queue
[2024-09-16T16:35:18.052+0000] {logging_mixin.py:190} INFO - [2024-09-16T16:35:18.052+0000] {dagbag.py:587} INFO - Filling up the DagBag from /home/airflow/.local/lib/python3.12/site-packages/airflow/example_dags/example_outlet_event_extra.py
[2024-09-16T16:35:18.164+0000] {processor.py:925} INFO - DAG(s) 'dataset_with_extra_by_yield', 'dataset_with_extra_from_classic_operator', 'dataset_with_extra_by_context' retrieved from /home/airflow/.local/lib/python3.12/site-packages/airflow/example_dags/example_outlet_event_extra.py
[2024-09-16T16:35:18.191+0000] {logging_mixin.py:190} INFO - [2024-09-16T16:35:18.191+0000] {dag.py:3229} INFO - Sync 3 DAGs
[2024-09-16T16:35:18.216+0000] {logging_mixin.py:190} INFO - [2024-09-16T16:35:18.216+0000] {dag.py:4156} INFO - Setting next_dagrun for dataset_with_extra_by_context to 2024-09-15 00:00:00+00:00, run_after=2024-09-16 00:00:00+00:00
[2024-09-16T16:35:18.220+0000] {logging_mixin.py:190} INFO - [2024-09-16T16:35:18.220+0000] {dag.py:4156} INFO - Setting next_dagrun for dataset_with_extra_by_yield to 2024-09-15 00:00:00+00:00, run_after=2024-09-16 00:00:00+00:00
[2024-09-16T16:35:18.223+0000] {logging_mixin.py:190} INFO - [2024-09-16T16:35:18.223+0000] {dag.py:4156} INFO - Setting next_dagrun for dataset_with_extra_from_classic_operator to 2024-09-15 00:00:00+00:00, run_after=2024-09-16 00:00:00+00:00
[2024-09-16T16:35:18.244+0000] {processor.py:208} INFO - Processing /home/airflow/.local/lib/python3.12/site-packages/airflow/example_dags/example_outlet_event_extra.py took 0.201 seconds
[2024-09-16T16:35:48.493+0000] {processor.py:186} INFO - Started process (PID=754) to work on /home/airflow/.local/lib/python3.12/site-packages/airflow/example_dags/example_outlet_event_extra.py
[2024-09-16T16:35:48.495+0000] {processor.py:914} INFO - Processing file /home/airflow/.local/lib/python3.12/site-packages/airflow/example_dags/example_outlet_event_extra.py for tasks to queue
[2024-09-16T16:35:48.497+0000] {logging_mixin.py:190} INFO - [2024-09-16T16:35:48.497+0000] {dagbag.py:587} INFO - Filling up the DagBag from /home/airflow/.local/lib/python3.12/site-packages/airflow/example_dags/example_outlet_event_extra.py
[2024-09-16T16:35:48.616+0000] {processor.py:925} INFO - DAG(s) 'dataset_with_extra_by_context', 'dataset_with_extra_from_classic_operator', 'dataset_with_extra_by_yield' retrieved from /home/airflow/.local/lib/python3.12/site-packages/airflow/example_dags/example_outlet_event_extra.py
[2024-09-16T16:35:48.638+0000] {logging_mixin.py:190} INFO - [2024-09-16T16:35:48.638+0000] {dag.py:3229} INFO - Sync 3 DAGs
[2024-09-16T16:35:48.660+0000] {logging_mixin.py:190} INFO - [2024-09-16T16:35:48.660+0000] {dag.py:4156} INFO - Setting next_dagrun for dataset_with_extra_by_context to 2024-09-15 00:00:00+00:00, run_after=2024-09-16 00:00:00+00:00
[2024-09-16T16:35:48.664+0000] {logging_mixin.py:190} INFO - [2024-09-16T16:35:48.664+0000] {dag.py:4156} INFO - Setting next_dagrun for dataset_with_extra_by_yield to 2024-09-15 00:00:00+00:00, run_after=2024-09-16 00:00:00+00:00
[2024-09-16T16:35:48.667+0000] {logging_mixin.py:190} INFO - [2024-09-16T16:35:48.667+0000] {dag.py:4156} INFO - Setting next_dagrun for dataset_with_extra_from_classic_operator to 2024-09-15 00:00:00+00:00, run_after=2024-09-16 00:00:00+00:00
[2024-09-16T16:35:48.688+0000] {processor.py:208} INFO - Processing /home/airflow/.local/lib/python3.12/site-packages/airflow/example_dags/example_outlet_event_extra.py took 0.199 seconds
[2024-09-16T16:36:19.446+0000] {processor.py:186} INFO - Started process (PID=816) to work on /home/airflow/.local/lib/python3.12/site-packages/airflow/example_dags/example_outlet_event_extra.py
[2024-09-16T16:36:19.448+0000] {processor.py:914} INFO - Processing file /home/airflow/.local/lib/python3.12/site-packages/airflow/example_dags/example_outlet_event_extra.py for tasks to queue
[2024-09-16T16:36:19.450+0000] {logging_mixin.py:190} INFO - [2024-09-16T16:36:19.450+0000] {dagbag.py:587} INFO - Filling up the DagBag from /home/airflow/.local/lib/python3.12/site-packages/airflow/example_dags/example_outlet_event_extra.py
[2024-09-16T16:36:19.583+0000] {processor.py:925} INFO - DAG(s) 'dataset_with_extra_by_yield', 'dataset_with_extra_by_context', 'dataset_with_extra_from_classic_operator' retrieved from /home/airflow/.local/lib/python3.12/site-packages/airflow/example_dags/example_outlet_event_extra.py
[2024-09-16T16:36:19.616+0000] {logging_mixin.py:190} INFO - [2024-09-16T16:36:19.615+0000] {dag.py:3229} INFO - Sync 3 DAGs
[2024-09-16T16:36:19.645+0000] {logging_mixin.py:190} INFO - [2024-09-16T16:36:19.645+0000] {dag.py:4156} INFO - Setting next_dagrun for dataset_with_extra_by_context to 2024-09-15 00:00:00+00:00, run_after=2024-09-16 00:00:00+00:00
[2024-09-16T16:36:19.651+0000] {logging_mixin.py:190} INFO - [2024-09-16T16:36:19.650+0000] {dag.py:4156} INFO - Setting next_dagrun for dataset_with_extra_by_yield to 2024-09-15 00:00:00+00:00, run_after=2024-09-16 00:00:00+00:00
[2024-09-16T16:36:19.654+0000] {logging_mixin.py:190} INFO - [2024-09-16T16:36:19.654+0000] {dag.py:4156} INFO - Setting next_dagrun for dataset_with_extra_from_classic_operator to 2024-09-15 00:00:00+00:00, run_after=2024-09-16 00:00:00+00:00
[2024-09-16T16:36:19.678+0000] {processor.py:208} INFO - Processing /home/airflow/.local/lib/python3.12/site-packages/airflow/example_dags/example_outlet_event_extra.py took 0.238 seconds
[2024-09-16T16:36:50.152+0000] {processor.py:186} INFO - Started process (PID=878) to work on /home/airflow/.local/lib/python3.12/site-packages/airflow/example_dags/example_outlet_event_extra.py
[2024-09-16T16:36:50.153+0000] {processor.py:914} INFO - Processing file /home/airflow/.local/lib/python3.12/site-packages/airflow/example_dags/example_outlet_event_extra.py for tasks to queue
[2024-09-16T16:36:50.155+0000] {logging_mixin.py:190} INFO - [2024-09-16T16:36:50.155+0000] {dagbag.py:587} INFO - Filling up the DagBag from /home/airflow/.local/lib/python3.12/site-packages/airflow/example_dags/example_outlet_event_extra.py
[2024-09-16T16:36:50.264+0000] {processor.py:925} INFO - DAG(s) 'dataset_with_extra_by_yield', 'dataset_with_extra_from_classic_operator', 'dataset_with_extra_by_context' retrieved from /home/airflow/.local/lib/python3.12/site-packages/airflow/example_dags/example_outlet_event_extra.py
[2024-09-16T16:36:50.286+0000] {logging_mixin.py:190} INFO - [2024-09-16T16:36:50.286+0000] {dag.py:3229} INFO - Sync 3 DAGs
[2024-09-16T16:36:50.305+0000] {logging_mixin.py:190} INFO - [2024-09-16T16:36:50.305+0000] {dag.py:4156} INFO - Setting next_dagrun for dataset_with_extra_by_context to 2024-09-15 00:00:00+00:00, run_after=2024-09-16 00:00:00+00:00
[2024-09-16T16:36:50.309+0000] {logging_mixin.py:190} INFO - [2024-09-16T16:36:50.309+0000] {dag.py:4156} INFO - Setting next_dagrun for dataset_with_extra_by_yield to 2024-09-15 00:00:00+00:00, run_after=2024-09-16 00:00:00+00:00
[2024-09-16T16:36:50.312+0000] {logging_mixin.py:190} INFO - [2024-09-16T16:36:50.312+0000] {dag.py:4156} INFO - Setting next_dagrun for dataset_with_extra_from_classic_operator to 2024-09-15 00:00:00+00:00, run_after=2024-09-16 00:00:00+00:00
[2024-09-16T16:36:50.334+0000] {processor.py:208} INFO - Processing /home/airflow/.local/lib/python3.12/site-packages/airflow/example_dags/example_outlet_event_extra.py took 0.186 seconds
[2024-09-16T16:37:20.560+0000] {processor.py:186} INFO - Started process (PID=940) to work on /home/airflow/.local/lib/python3.12/site-packages/airflow/example_dags/example_outlet_event_extra.py
[2024-09-16T16:37:20.561+0000] {processor.py:914} INFO - Processing file /home/airflow/.local/lib/python3.12/site-packages/airflow/example_dags/example_outlet_event_extra.py for tasks to queue
[2024-09-16T16:37:20.563+0000] {logging_mixin.py:190} INFO - [2024-09-16T16:37:20.563+0000] {dagbag.py:587} INFO - Filling up the DagBag from /home/airflow/.local/lib/python3.12/site-packages/airflow/example_dags/example_outlet_event_extra.py
[2024-09-16T16:37:20.682+0000] {processor.py:925} INFO - DAG(s) 'dataset_with_extra_from_classic_operator', 'dataset_with_extra_by_context', 'dataset_with_extra_by_yield' retrieved from /home/airflow/.local/lib/python3.12/site-packages/airflow/example_dags/example_outlet_event_extra.py
[2024-09-16T16:37:20.711+0000] {logging_mixin.py:190} INFO - [2024-09-16T16:37:20.710+0000] {dag.py:3229} INFO - Sync 3 DAGs
[2024-09-16T16:37:20.737+0000] {logging_mixin.py:190} INFO - [2024-09-16T16:37:20.737+0000] {dag.py:4156} INFO - Setting next_dagrun for dataset_with_extra_by_context to 2024-09-15 00:00:00+00:00, run_after=2024-09-16 00:00:00+00:00
[2024-09-16T16:37:20.744+0000] {logging_mixin.py:190} INFO - [2024-09-16T16:37:20.743+0000] {dag.py:4156} INFO - Setting next_dagrun for dataset_with_extra_by_yield to 2024-09-15 00:00:00+00:00, run_after=2024-09-16 00:00:00+00:00
[2024-09-16T16:37:20.746+0000] {logging_mixin.py:190} INFO - [2024-09-16T16:37:20.746+0000] {dag.py:4156} INFO - Setting next_dagrun for dataset_with_extra_from_classic_operator to 2024-09-15 00:00:00+00:00, run_after=2024-09-16 00:00:00+00:00
[2024-09-16T16:37:20.768+0000] {processor.py:208} INFO - Processing /home/airflow/.local/lib/python3.12/site-packages/airflow/example_dags/example_outlet_event_extra.py took 0.213 seconds
