[2024-09-16T16:25:45.590+0000] {processor.py:186} INFO - Started process (PID=104) to work on /home/airflow/.local/lib/python3.12/site-packages/airflow/example_dags/example_branch_operator.py
[2024-09-16T16:25:45.592+0000] {processor.py:914} INFO - Processing file /home/airflow/.local/lib/python3.12/site-packages/airflow/example_dags/example_branch_operator.py for tasks to queue
[2024-09-16T16:25:45.595+0000] {logging_mixin.py:190} INFO - [2024-09-16T16:25:45.594+0000] {dagbag.py:587} INFO - Filling up the DagBag from /home/airflow/.local/lib/python3.12/site-packages/airflow/example_dags/example_branch_operator.py
[2024-09-16T16:25:45.616+0000] {processor.py:925} INFO - DAG(s) 'example_branch_operator' retrieved from /home/airflow/.local/lib/python3.12/site-packages/airflow/example_dags/example_branch_operator.py
[2024-09-16T16:25:45.756+0000] {logging_mixin.py:190} INFO - [2024-09-16T16:25:45.755+0000] {override.py:1900} INFO - Created Permission View: can edit on DAG:example_branch_operator
[2024-09-16T16:25:45.770+0000] {logging_mixin.py:190} INFO - [2024-09-16T16:25:45.770+0000] {override.py:1900} INFO - Created Permission View: can delete on DAG:example_branch_operator
[2024-09-16T16:25:45.780+0000] {logging_mixin.py:190} INFO - [2024-09-16T16:25:45.780+0000] {override.py:1900} INFO - Created Permission View: can read on DAG:example_branch_operator
[2024-09-16T16:25:45.790+0000] {logging_mixin.py:190} INFO - [2024-09-16T16:25:45.790+0000] {override.py:1900} INFO - Created Permission View: can delete on DAG Run:example_branch_operator
[2024-09-16T16:25:45.803+0000] {logging_mixin.py:190} INFO - [2024-09-16T16:25:45.802+0000] {override.py:1900} INFO - Created Permission View: can create on DAG Run:example_branch_operator
[2024-09-16T16:25:45.817+0000] {logging_mixin.py:190} INFO - [2024-09-16T16:25:45.817+0000] {override.py:1900} INFO - Created Permission View: menu access on DAG Run:example_branch_operator
[2024-09-16T16:25:45.828+0000] {logging_mixin.py:190} INFO - [2024-09-16T16:25:45.827+0000] {override.py:1900} INFO - Created Permission View: can read on DAG Run:example_branch_operator
[2024-09-16T16:25:45.829+0000] {logging_mixin.py:190} INFO - [2024-09-16T16:25:45.829+0000] {dag.py:3229} INFO - Sync 1 DAGs
[2024-09-16T16:25:45.848+0000] {logging_mixin.py:190} INFO - [2024-09-16T16:25:45.847+0000] {dag.py:3252} INFO - Creating ORM DAG for example_branch_operator
[2024-09-16T16:25:45.865+0000] {logging_mixin.py:190} INFO - [2024-09-16T16:25:45.865+0000] {dag.py:4156} INFO - Setting next_dagrun for example_branch_operator to 2024-09-15 00:00:00+00:00, run_after=2024-09-16 00:00:00+00:00
[2024-09-16T16:25:45.895+0000] {processor.py:208} INFO - Processing /home/airflow/.local/lib/python3.12/site-packages/airflow/example_dags/example_branch_operator.py took 0.313 seconds
[2024-09-16T16:26:16.777+0000] {processor.py:186} INFO - Started process (PID=166) to work on /home/airflow/.local/lib/python3.12/site-packages/airflow/example_dags/example_branch_operator.py
[2024-09-16T16:26:16.785+0000] {processor.py:914} INFO - Processing file /home/airflow/.local/lib/python3.12/site-packages/airflow/example_dags/example_branch_operator.py for tasks to queue
[2024-09-16T16:26:16.796+0000] {logging_mixin.py:190} INFO - [2024-09-16T16:26:16.795+0000] {dagbag.py:587} INFO - Filling up the DagBag from /home/airflow/.local/lib/python3.12/site-packages/airflow/example_dags/example_branch_operator.py
[2024-09-16T16:26:16.828+0000] {processor.py:925} INFO - DAG(s) 'example_branch_operator' retrieved from /home/airflow/.local/lib/python3.12/site-packages/airflow/example_dags/example_branch_operator.py
[2024-09-16T16:26:16.865+0000] {logging_mixin.py:190} INFO - [2024-09-16T16:26:16.865+0000] {dag.py:3229} INFO - Sync 1 DAGs
[2024-09-16T16:26:16.889+0000] {logging_mixin.py:190} INFO - [2024-09-16T16:26:16.889+0000] {dag.py:4156} INFO - Setting next_dagrun for example_branch_operator to 2024-09-15 00:00:00+00:00, run_after=2024-09-16 00:00:00+00:00
[2024-09-16T16:26:16.909+0000] {processor.py:208} INFO - Processing /home/airflow/.local/lib/python3.12/site-packages/airflow/example_dags/example_branch_operator.py took 0.137 seconds
[2024-09-16T16:26:47.789+0000] {processor.py:186} INFO - Started process (PID=228) to work on /home/airflow/.local/lib/python3.12/site-packages/airflow/example_dags/example_branch_operator.py
[2024-09-16T16:26:47.791+0000] {processor.py:914} INFO - Processing file /home/airflow/.local/lib/python3.12/site-packages/airflow/example_dags/example_branch_operator.py for tasks to queue
[2024-09-16T16:26:47.796+0000] {logging_mixin.py:190} INFO - [2024-09-16T16:26:47.795+0000] {dagbag.py:587} INFO - Filling up the DagBag from /home/airflow/.local/lib/python3.12/site-packages/airflow/example_dags/example_branch_operator.py
[2024-09-16T16:26:47.828+0000] {processor.py:925} INFO - DAG(s) 'example_branch_operator' retrieved from /home/airflow/.local/lib/python3.12/site-packages/airflow/example_dags/example_branch_operator.py
[2024-09-16T16:26:47.904+0000] {logging_mixin.py:190} INFO - [2024-09-16T16:26:47.903+0000] {dag.py:3229} INFO - Sync 1 DAGs
[2024-09-16T16:26:47.951+0000] {logging_mixin.py:190} INFO - [2024-09-16T16:26:47.951+0000] {dag.py:4156} INFO - Setting next_dagrun for example_branch_operator to 2024-09-15 00:00:00+00:00, run_after=2024-09-16 00:00:00+00:00
[2024-09-16T16:26:47.988+0000] {processor.py:208} INFO - Processing /home/airflow/.local/lib/python3.12/site-packages/airflow/example_dags/example_branch_operator.py took 0.208 seconds
[2024-09-16T16:27:18.345+0000] {processor.py:186} INFO - Started process (PID=290) to work on /home/airflow/.local/lib/python3.12/site-packages/airflow/example_dags/example_branch_operator.py
[2024-09-16T16:27:18.346+0000] {processor.py:914} INFO - Processing file /home/airflow/.local/lib/python3.12/site-packages/airflow/example_dags/example_branch_operator.py for tasks to queue
[2024-09-16T16:27:18.350+0000] {logging_mixin.py:190} INFO - [2024-09-16T16:27:18.349+0000] {dagbag.py:587} INFO - Filling up the DagBag from /home/airflow/.local/lib/python3.12/site-packages/airflow/example_dags/example_branch_operator.py
[2024-09-16T16:27:18.377+0000] {processor.py:925} INFO - DAG(s) 'example_branch_operator' retrieved from /home/airflow/.local/lib/python3.12/site-packages/airflow/example_dags/example_branch_operator.py
[2024-09-16T16:27:18.427+0000] {logging_mixin.py:190} INFO - [2024-09-16T16:27:18.426+0000] {dag.py:3229} INFO - Sync 1 DAGs
[2024-09-16T16:27:18.461+0000] {logging_mixin.py:190} INFO - [2024-09-16T16:27:18.461+0000] {dag.py:4156} INFO - Setting next_dagrun for example_branch_operator to 2024-09-15 00:00:00+00:00, run_after=2024-09-16 00:00:00+00:00
[2024-09-16T16:27:18.492+0000] {processor.py:208} INFO - Processing /home/airflow/.local/lib/python3.12/site-packages/airflow/example_dags/example_branch_operator.py took 0.156 seconds
[2024-09-16T16:27:53.492+0000] {processor.py:186} INFO - Started process (PID=358) to work on /home/airflow/.local/lib/python3.12/site-packages/airflow/example_dags/example_branch_operator.py
[2024-09-16T16:27:53.507+0000] {processor.py:914} INFO - Processing file /home/airflow/.local/lib/python3.12/site-packages/airflow/example_dags/example_branch_operator.py for tasks to queue
[2024-09-16T16:27:53.530+0000] {logging_mixin.py:190} INFO - [2024-09-16T16:27:53.527+0000] {dagbag.py:587} INFO - Filling up the DagBag from /home/airflow/.local/lib/python3.12/site-packages/airflow/example_dags/example_branch_operator.py
[2024-09-16T16:27:53.595+0000] {processor.py:925} INFO - DAG(s) 'example_branch_operator' retrieved from /home/airflow/.local/lib/python3.12/site-packages/airflow/example_dags/example_branch_operator.py
[2024-09-16T16:27:53.678+0000] {logging_mixin.py:190} INFO - [2024-09-16T16:27:53.677+0000] {dag.py:3229} INFO - Sync 1 DAGs
[2024-09-16T16:27:53.732+0000] {logging_mixin.py:190} INFO - [2024-09-16T16:27:53.732+0000] {dag.py:4156} INFO - Setting next_dagrun for example_branch_operator to 2024-09-15 00:00:00+00:00, run_after=2024-09-16 00:00:00+00:00
[2024-09-16T16:27:53.831+0000] {processor.py:208} INFO - Processing /home/airflow/.local/lib/python3.12/site-packages/airflow/example_dags/example_branch_operator.py took 0.370 seconds
[2024-09-16T16:28:24.618+0000] {processor.py:186} INFO - Started process (PID=421) to work on /home/airflow/.local/lib/python3.12/site-packages/airflow/example_dags/example_branch_operator.py
[2024-09-16T16:28:24.622+0000] {processor.py:914} INFO - Processing file /home/airflow/.local/lib/python3.12/site-packages/airflow/example_dags/example_branch_operator.py for tasks to queue
[2024-09-16T16:28:24.628+0000] {logging_mixin.py:190} INFO - [2024-09-16T16:28:24.627+0000] {dagbag.py:587} INFO - Filling up the DagBag from /home/airflow/.local/lib/python3.12/site-packages/airflow/example_dags/example_branch_operator.py
[2024-09-16T16:28:24.675+0000] {processor.py:925} INFO - DAG(s) 'example_branch_operator' retrieved from /home/airflow/.local/lib/python3.12/site-packages/airflow/example_dags/example_branch_operator.py
[2024-09-16T16:28:24.743+0000] {logging_mixin.py:190} INFO - [2024-09-16T16:28:24.743+0000] {dag.py:3229} INFO - Sync 1 DAGs
[2024-09-16T16:28:24.798+0000] {logging_mixin.py:190} INFO - [2024-09-16T16:28:24.798+0000] {dag.py:4156} INFO - Setting next_dagrun for example_branch_operator to 2024-09-15 00:00:00+00:00, run_after=2024-09-16 00:00:00+00:00
[2024-09-16T16:28:24.853+0000] {processor.py:208} INFO - Processing /home/airflow/.local/lib/python3.12/site-packages/airflow/example_dags/example_branch_operator.py took 0.248 seconds
[2024-09-16T16:30:17.374+0000] {processor.py:186} INFO - Started process (PID=101) to work on /home/airflow/.local/lib/python3.12/site-packages/airflow/example_dags/example_branch_operator.py
[2024-09-16T16:30:17.375+0000] {processor.py:914} INFO - Processing file /home/airflow/.local/lib/python3.12/site-packages/airflow/example_dags/example_branch_operator.py for tasks to queue
[2024-09-16T16:30:17.378+0000] {logging_mixin.py:190} INFO - [2024-09-16T16:30:17.378+0000] {dagbag.py:587} INFO - Filling up the DagBag from /home/airflow/.local/lib/python3.12/site-packages/airflow/example_dags/example_branch_operator.py
[2024-09-16T16:30:17.399+0000] {processor.py:925} INFO - DAG(s) 'example_branch_operator' retrieved from /home/airflow/.local/lib/python3.12/site-packages/airflow/example_dags/example_branch_operator.py
[2024-09-16T16:30:17.543+0000] {logging_mixin.py:190} INFO - [2024-09-16T16:30:17.543+0000] {dag.py:3229} INFO - Sync 1 DAGs
[2024-09-16T16:30:17.567+0000] {logging_mixin.py:190} INFO - [2024-09-16T16:30:17.567+0000] {dag.py:4156} INFO - Setting next_dagrun for example_branch_operator to 2024-09-15 00:00:00+00:00, run_after=2024-09-16 00:00:00+00:00
[2024-09-16T16:30:17.590+0000] {processor.py:208} INFO - Processing /home/airflow/.local/lib/python3.12/site-packages/airflow/example_dags/example_branch_operator.py took 0.224 seconds
[2024-09-16T16:30:47.635+0000] {processor.py:186} INFO - Started process (PID=163) to work on /home/airflow/.local/lib/python3.12/site-packages/airflow/example_dags/example_branch_operator.py
[2024-09-16T16:30:47.636+0000] {processor.py:914} INFO - Processing file /home/airflow/.local/lib/python3.12/site-packages/airflow/example_dags/example_branch_operator.py for tasks to queue
[2024-09-16T16:30:47.638+0000] {logging_mixin.py:190} INFO - [2024-09-16T16:30:47.638+0000] {dagbag.py:587} INFO - Filling up the DagBag from /home/airflow/.local/lib/python3.12/site-packages/airflow/example_dags/example_branch_operator.py
[2024-09-16T16:30:47.652+0000] {processor.py:925} INFO - DAG(s) 'example_branch_operator' retrieved from /home/airflow/.local/lib/python3.12/site-packages/airflow/example_dags/example_branch_operator.py
[2024-09-16T16:30:47.676+0000] {logging_mixin.py:190} INFO - [2024-09-16T16:30:47.675+0000] {dag.py:3229} INFO - Sync 1 DAGs
[2024-09-16T16:30:47.694+0000] {logging_mixin.py:190} INFO - [2024-09-16T16:30:47.694+0000] {dag.py:4156} INFO - Setting next_dagrun for example_branch_operator to 2024-09-15 00:00:00+00:00, run_after=2024-09-16 00:00:00+00:00
[2024-09-16T16:30:47.712+0000] {processor.py:208} INFO - Processing /home/airflow/.local/lib/python3.12/site-packages/airflow/example_dags/example_branch_operator.py took 0.081 seconds
[2024-09-16T16:31:18.283+0000] {processor.py:186} INFO - Started process (PID=225) to work on /home/airflow/.local/lib/python3.12/site-packages/airflow/example_dags/example_branch_operator.py
[2024-09-16T16:31:18.283+0000] {processor.py:914} INFO - Processing file /home/airflow/.local/lib/python3.12/site-packages/airflow/example_dags/example_branch_operator.py for tasks to queue
[2024-09-16T16:31:18.285+0000] {logging_mixin.py:190} INFO - [2024-09-16T16:31:18.285+0000] {dagbag.py:587} INFO - Filling up the DagBag from /home/airflow/.local/lib/python3.12/site-packages/airflow/example_dags/example_branch_operator.py
[2024-09-16T16:31:18.299+0000] {processor.py:925} INFO - DAG(s) 'example_branch_operator' retrieved from /home/airflow/.local/lib/python3.12/site-packages/airflow/example_dags/example_branch_operator.py
[2024-09-16T16:31:18.323+0000] {logging_mixin.py:190} INFO - [2024-09-16T16:31:18.322+0000] {dag.py:3229} INFO - Sync 1 DAGs
[2024-09-16T16:31:18.344+0000] {logging_mixin.py:190} INFO - [2024-09-16T16:31:18.344+0000] {dag.py:4156} INFO - Setting next_dagrun for example_branch_operator to 2024-09-15 00:00:00+00:00, run_after=2024-09-16 00:00:00+00:00
[2024-09-16T16:31:18.363+0000] {processor.py:208} INFO - Processing /home/airflow/.local/lib/python3.12/site-packages/airflow/example_dags/example_branch_operator.py took 0.085 seconds
[2024-09-16T16:31:48.630+0000] {processor.py:186} INFO - Started process (PID=287) to work on /home/airflow/.local/lib/python3.12/site-packages/airflow/example_dags/example_branch_operator.py
[2024-09-16T16:31:48.631+0000] {processor.py:914} INFO - Processing file /home/airflow/.local/lib/python3.12/site-packages/airflow/example_dags/example_branch_operator.py for tasks to queue
[2024-09-16T16:31:48.633+0000] {logging_mixin.py:190} INFO - [2024-09-16T16:31:48.633+0000] {dagbag.py:587} INFO - Filling up the DagBag from /home/airflow/.local/lib/python3.12/site-packages/airflow/example_dags/example_branch_operator.py
[2024-09-16T16:31:48.646+0000] {processor.py:925} INFO - DAG(s) 'example_branch_operator' retrieved from /home/airflow/.local/lib/python3.12/site-packages/airflow/example_dags/example_branch_operator.py
[2024-09-16T16:31:48.670+0000] {logging_mixin.py:190} INFO - [2024-09-16T16:31:48.669+0000] {dag.py:3229} INFO - Sync 1 DAGs
[2024-09-16T16:31:48.686+0000] {logging_mixin.py:190} INFO - [2024-09-16T16:31:48.686+0000] {dag.py:4156} INFO - Setting next_dagrun for example_branch_operator to 2024-09-15 00:00:00+00:00, run_after=2024-09-16 00:00:00+00:00
[2024-09-16T16:31:48.706+0000] {processor.py:208} INFO - Processing /home/airflow/.local/lib/python3.12/site-packages/airflow/example_dags/example_branch_operator.py took 0.081 seconds
[2024-09-16T16:32:18.802+0000] {processor.py:186} INFO - Started process (PID=349) to work on /home/airflow/.local/lib/python3.12/site-packages/airflow/example_dags/example_branch_operator.py
[2024-09-16T16:32:18.802+0000] {processor.py:914} INFO - Processing file /home/airflow/.local/lib/python3.12/site-packages/airflow/example_dags/example_branch_operator.py for tasks to queue
[2024-09-16T16:32:18.804+0000] {logging_mixin.py:190} INFO - [2024-09-16T16:32:18.804+0000] {dagbag.py:587} INFO - Filling up the DagBag from /home/airflow/.local/lib/python3.12/site-packages/airflow/example_dags/example_branch_operator.py
[2024-09-16T16:32:18.817+0000] {processor.py:925} INFO - DAG(s) 'example_branch_operator' retrieved from /home/airflow/.local/lib/python3.12/site-packages/airflow/example_dags/example_branch_operator.py
[2024-09-16T16:32:18.843+0000] {logging_mixin.py:190} INFO - [2024-09-16T16:32:18.843+0000] {dag.py:3229} INFO - Sync 1 DAGs
[2024-09-16T16:32:18.863+0000] {logging_mixin.py:190} INFO - [2024-09-16T16:32:18.863+0000] {dag.py:4156} INFO - Setting next_dagrun for example_branch_operator to 2024-09-15 00:00:00+00:00, run_after=2024-09-16 00:00:00+00:00
[2024-09-16T16:32:18.885+0000] {processor.py:208} INFO - Processing /home/airflow/.local/lib/python3.12/site-packages/airflow/example_dags/example_branch_operator.py took 0.088 seconds
[2024-09-16T16:32:49.597+0000] {processor.py:186} INFO - Started process (PID=411) to work on /home/airflow/.local/lib/python3.12/site-packages/airflow/example_dags/example_branch_operator.py
[2024-09-16T16:32:49.597+0000] {processor.py:914} INFO - Processing file /home/airflow/.local/lib/python3.12/site-packages/airflow/example_dags/example_branch_operator.py for tasks to queue
[2024-09-16T16:32:49.599+0000] {logging_mixin.py:190} INFO - [2024-09-16T16:32:49.599+0000] {dagbag.py:587} INFO - Filling up the DagBag from /home/airflow/.local/lib/python3.12/site-packages/airflow/example_dags/example_branch_operator.py
[2024-09-16T16:32:49.612+0000] {processor.py:925} INFO - DAG(s) 'example_branch_operator' retrieved from /home/airflow/.local/lib/python3.12/site-packages/airflow/example_dags/example_branch_operator.py
[2024-09-16T16:32:49.637+0000] {logging_mixin.py:190} INFO - [2024-09-16T16:32:49.636+0000] {dag.py:3229} INFO - Sync 1 DAGs
[2024-09-16T16:32:49.654+0000] {logging_mixin.py:190} INFO - [2024-09-16T16:32:49.653+0000] {dag.py:4156} INFO - Setting next_dagrun for example_branch_operator to 2024-09-15 00:00:00+00:00, run_after=2024-09-16 00:00:00+00:00
[2024-09-16T16:32:49.673+0000] {processor.py:208} INFO - Processing /home/airflow/.local/lib/python3.12/site-packages/airflow/example_dags/example_branch_operator.py took 0.081 seconds
[2024-09-16T16:33:19.806+0000] {processor.py:186} INFO - Started process (PID=473) to work on /home/airflow/.local/lib/python3.12/site-packages/airflow/example_dags/example_branch_operator.py
[2024-09-16T16:33:19.807+0000] {processor.py:914} INFO - Processing file /home/airflow/.local/lib/python3.12/site-packages/airflow/example_dags/example_branch_operator.py for tasks to queue
[2024-09-16T16:33:19.809+0000] {logging_mixin.py:190} INFO - [2024-09-16T16:33:19.809+0000] {dagbag.py:587} INFO - Filling up the DagBag from /home/airflow/.local/lib/python3.12/site-packages/airflow/example_dags/example_branch_operator.py
[2024-09-16T16:33:19.823+0000] {processor.py:925} INFO - DAG(s) 'example_branch_operator' retrieved from /home/airflow/.local/lib/python3.12/site-packages/airflow/example_dags/example_branch_operator.py
[2024-09-16T16:33:19.845+0000] {logging_mixin.py:190} INFO - [2024-09-16T16:33:19.844+0000] {dag.py:3229} INFO - Sync 1 DAGs
[2024-09-16T16:33:19.865+0000] {logging_mixin.py:190} INFO - [2024-09-16T16:33:19.865+0000] {dag.py:4156} INFO - Setting next_dagrun for example_branch_operator to 2024-09-15 00:00:00+00:00, run_after=2024-09-16 00:00:00+00:00
[2024-09-16T16:33:19.880+0000] {processor.py:208} INFO - Processing /home/airflow/.local/lib/python3.12/site-packages/airflow/example_dags/example_branch_operator.py took 0.079 seconds
[2024-09-16T16:33:50.344+0000] {processor.py:186} INFO - Started process (PID=535) to work on /home/airflow/.local/lib/python3.12/site-packages/airflow/example_dags/example_branch_operator.py
[2024-09-16T16:33:50.345+0000] {processor.py:914} INFO - Processing file /home/airflow/.local/lib/python3.12/site-packages/airflow/example_dags/example_branch_operator.py for tasks to queue
[2024-09-16T16:33:50.347+0000] {logging_mixin.py:190} INFO - [2024-09-16T16:33:50.347+0000] {dagbag.py:587} INFO - Filling up the DagBag from /home/airflow/.local/lib/python3.12/site-packages/airflow/example_dags/example_branch_operator.py
[2024-09-16T16:33:50.366+0000] {processor.py:925} INFO - DAG(s) 'example_branch_operator' retrieved from /home/airflow/.local/lib/python3.12/site-packages/airflow/example_dags/example_branch_operator.py
[2024-09-16T16:33:50.396+0000] {logging_mixin.py:190} INFO - [2024-09-16T16:33:50.396+0000] {dag.py:3229} INFO - Sync 1 DAGs
[2024-09-16T16:33:50.424+0000] {logging_mixin.py:190} INFO - [2024-09-16T16:33:50.423+0000] {dag.py:4156} INFO - Setting next_dagrun for example_branch_operator to 2024-09-15 00:00:00+00:00, run_after=2024-09-16 00:00:00+00:00
[2024-09-16T16:33:50.441+0000] {processor.py:208} INFO - Processing /home/airflow/.local/lib/python3.12/site-packages/airflow/example_dags/example_branch_operator.py took 0.103 seconds
[2024-09-16T16:34:20.872+0000] {processor.py:186} INFO - Started process (PID=597) to work on /home/airflow/.local/lib/python3.12/site-packages/airflow/example_dags/example_branch_operator.py
[2024-09-16T16:34:20.874+0000] {processor.py:914} INFO - Processing file /home/airflow/.local/lib/python3.12/site-packages/airflow/example_dags/example_branch_operator.py for tasks to queue
[2024-09-16T16:34:20.876+0000] {logging_mixin.py:190} INFO - [2024-09-16T16:34:20.876+0000] {dagbag.py:587} INFO - Filling up the DagBag from /home/airflow/.local/lib/python3.12/site-packages/airflow/example_dags/example_branch_operator.py
[2024-09-16T16:34:20.890+0000] {processor.py:925} INFO - DAG(s) 'example_branch_operator' retrieved from /home/airflow/.local/lib/python3.12/site-packages/airflow/example_dags/example_branch_operator.py
[2024-09-16T16:34:20.915+0000] {logging_mixin.py:190} INFO - [2024-09-16T16:34:20.915+0000] {dag.py:3229} INFO - Sync 1 DAGs
[2024-09-16T16:34:20.934+0000] {logging_mixin.py:190} INFO - [2024-09-16T16:34:20.934+0000] {dag.py:4156} INFO - Setting next_dagrun for example_branch_operator to 2024-09-15 00:00:00+00:00, run_after=2024-09-16 00:00:00+00:00
[2024-09-16T16:34:20.951+0000] {processor.py:208} INFO - Processing /home/airflow/.local/lib/python3.12/site-packages/airflow/example_dags/example_branch_operator.py took 0.084 seconds
[2024-09-16T16:34:51.615+0000] {processor.py:186} INFO - Started process (PID=659) to work on /home/airflow/.local/lib/python3.12/site-packages/airflow/example_dags/example_branch_operator.py
[2024-09-16T16:34:51.616+0000] {processor.py:914} INFO - Processing file /home/airflow/.local/lib/python3.12/site-packages/airflow/example_dags/example_branch_operator.py for tasks to queue
[2024-09-16T16:34:51.618+0000] {logging_mixin.py:190} INFO - [2024-09-16T16:34:51.617+0000] {dagbag.py:587} INFO - Filling up the DagBag from /home/airflow/.local/lib/python3.12/site-packages/airflow/example_dags/example_branch_operator.py
[2024-09-16T16:34:51.632+0000] {processor.py:925} INFO - DAG(s) 'example_branch_operator' retrieved from /home/airflow/.local/lib/python3.12/site-packages/airflow/example_dags/example_branch_operator.py
[2024-09-16T16:34:51.658+0000] {logging_mixin.py:190} INFO - [2024-09-16T16:34:51.658+0000] {dag.py:3229} INFO - Sync 1 DAGs
[2024-09-16T16:34:51.677+0000] {logging_mixin.py:190} INFO - [2024-09-16T16:34:51.677+0000] {dag.py:4156} INFO - Setting next_dagrun for example_branch_operator to 2024-09-15 00:00:00+00:00, run_after=2024-09-16 00:00:00+00:00
[2024-09-16T16:34:51.694+0000] {processor.py:208} INFO - Processing /home/airflow/.local/lib/python3.12/site-packages/airflow/example_dags/example_branch_operator.py took 0.083 seconds
[2024-09-16T16:35:22.019+0000] {processor.py:186} INFO - Started process (PID=722) to work on /home/airflow/.local/lib/python3.12/site-packages/airflow/example_dags/example_branch_operator.py
[2024-09-16T16:35:22.020+0000] {processor.py:914} INFO - Processing file /home/airflow/.local/lib/python3.12/site-packages/airflow/example_dags/example_branch_operator.py for tasks to queue
[2024-09-16T16:35:22.022+0000] {logging_mixin.py:190} INFO - [2024-09-16T16:35:22.022+0000] {dagbag.py:587} INFO - Filling up the DagBag from /home/airflow/.local/lib/python3.12/site-packages/airflow/example_dags/example_branch_operator.py
[2024-09-16T16:35:22.036+0000] {processor.py:925} INFO - DAG(s) 'example_branch_operator' retrieved from /home/airflow/.local/lib/python3.12/site-packages/airflow/example_dags/example_branch_operator.py
[2024-09-16T16:35:22.058+0000] {logging_mixin.py:190} INFO - [2024-09-16T16:35:22.058+0000] {dag.py:3229} INFO - Sync 1 DAGs
[2024-09-16T16:35:22.077+0000] {logging_mixin.py:190} INFO - [2024-09-16T16:35:22.076+0000] {dag.py:4156} INFO - Setting next_dagrun for example_branch_operator to 2024-09-15 00:00:00+00:00, run_after=2024-09-16 00:00:00+00:00
[2024-09-16T16:35:22.094+0000] {processor.py:208} INFO - Processing /home/airflow/.local/lib/python3.12/site-packages/airflow/example_dags/example_branch_operator.py took 0.079 seconds
[2024-09-16T16:35:53.121+0000] {processor.py:186} INFO - Started process (PID=784) to work on /home/airflow/.local/lib/python3.12/site-packages/airflow/example_dags/example_branch_operator.py
[2024-09-16T16:35:53.124+0000] {processor.py:914} INFO - Processing file /home/airflow/.local/lib/python3.12/site-packages/airflow/example_dags/example_branch_operator.py for tasks to queue
[2024-09-16T16:35:53.130+0000] {logging_mixin.py:190} INFO - [2024-09-16T16:35:53.129+0000] {dagbag.py:587} INFO - Filling up the DagBag from /home/airflow/.local/lib/python3.12/site-packages/airflow/example_dags/example_branch_operator.py
[2024-09-16T16:35:53.163+0000] {processor.py:925} INFO - DAG(s) 'example_branch_operator' retrieved from /home/airflow/.local/lib/python3.12/site-packages/airflow/example_dags/example_branch_operator.py
[2024-09-16T16:35:53.217+0000] {logging_mixin.py:190} INFO - [2024-09-16T16:35:53.216+0000] {dag.py:3229} INFO - Sync 1 DAGs
[2024-09-16T16:35:53.250+0000] {logging_mixin.py:190} INFO - [2024-09-16T16:35:53.250+0000] {dag.py:4156} INFO - Setting next_dagrun for example_branch_operator to 2024-09-15 00:00:00+00:00, run_after=2024-09-16 00:00:00+00:00
[2024-09-16T16:35:53.279+0000] {processor.py:208} INFO - Processing /home/airflow/.local/lib/python3.12/site-packages/airflow/example_dags/example_branch_operator.py took 0.171 seconds
[2024-09-16T16:36:23.361+0000] {processor.py:186} INFO - Started process (PID=846) to work on /home/airflow/.local/lib/python3.12/site-packages/airflow/example_dags/example_branch_operator.py
[2024-09-16T16:36:23.362+0000] {processor.py:914} INFO - Processing file /home/airflow/.local/lib/python3.12/site-packages/airflow/example_dags/example_branch_operator.py for tasks to queue
[2024-09-16T16:36:23.365+0000] {logging_mixin.py:190} INFO - [2024-09-16T16:36:23.364+0000] {dagbag.py:587} INFO - Filling up the DagBag from /home/airflow/.local/lib/python3.12/site-packages/airflow/example_dags/example_branch_operator.py
[2024-09-16T16:36:23.388+0000] {processor.py:925} INFO - DAG(s) 'example_branch_operator' retrieved from /home/airflow/.local/lib/python3.12/site-packages/airflow/example_dags/example_branch_operator.py
[2024-09-16T16:36:23.428+0000] {logging_mixin.py:190} INFO - [2024-09-16T16:36:23.427+0000] {dag.py:3229} INFO - Sync 1 DAGs
[2024-09-16T16:36:23.458+0000] {logging_mixin.py:190} INFO - [2024-09-16T16:36:23.458+0000] {dag.py:4156} INFO - Setting next_dagrun for example_branch_operator to 2024-09-15 00:00:00+00:00, run_after=2024-09-16 00:00:00+00:00
[2024-09-16T16:36:23.482+0000] {processor.py:208} INFO - Processing /home/airflow/.local/lib/python3.12/site-packages/airflow/example_dags/example_branch_operator.py took 0.129 seconds
[2024-09-16T16:36:54.064+0000] {processor.py:186} INFO - Started process (PID=908) to work on /home/airflow/.local/lib/python3.12/site-packages/airflow/example_dags/example_branch_operator.py
[2024-09-16T16:36:54.065+0000] {processor.py:914} INFO - Processing file /home/airflow/.local/lib/python3.12/site-packages/airflow/example_dags/example_branch_operator.py for tasks to queue
[2024-09-16T16:36:54.067+0000] {logging_mixin.py:190} INFO - [2024-09-16T16:36:54.067+0000] {dagbag.py:587} INFO - Filling up the DagBag from /home/airflow/.local/lib/python3.12/site-packages/airflow/example_dags/example_branch_operator.py
[2024-09-16T16:36:54.082+0000] {processor.py:925} INFO - DAG(s) 'example_branch_operator' retrieved from /home/airflow/.local/lib/python3.12/site-packages/airflow/example_dags/example_branch_operator.py
[2024-09-16T16:36:54.105+0000] {logging_mixin.py:190} INFO - [2024-09-16T16:36:54.105+0000] {dag.py:3229} INFO - Sync 1 DAGs
[2024-09-16T16:36:54.127+0000] {logging_mixin.py:190} INFO - [2024-09-16T16:36:54.127+0000] {dag.py:4156} INFO - Setting next_dagrun for example_branch_operator to 2024-09-15 00:00:00+00:00, run_after=2024-09-16 00:00:00+00:00
[2024-09-16T16:36:54.144+0000] {processor.py:208} INFO - Processing /home/airflow/.local/lib/python3.12/site-packages/airflow/example_dags/example_branch_operator.py took 0.084 seconds
[2024-09-16T16:37:24.426+0000] {processor.py:186} INFO - Started process (PID=970) to work on /home/airflow/.local/lib/python3.12/site-packages/airflow/example_dags/example_branch_operator.py
[2024-09-16T16:37:24.427+0000] {processor.py:914} INFO - Processing file /home/airflow/.local/lib/python3.12/site-packages/airflow/example_dags/example_branch_operator.py for tasks to queue
[2024-09-16T16:37:24.430+0000] {logging_mixin.py:190} INFO - [2024-09-16T16:37:24.430+0000] {dagbag.py:587} INFO - Filling up the DagBag from /home/airflow/.local/lib/python3.12/site-packages/airflow/example_dags/example_branch_operator.py
[2024-09-16T16:37:24.444+0000] {processor.py:925} INFO - DAG(s) 'example_branch_operator' retrieved from /home/airflow/.local/lib/python3.12/site-packages/airflow/example_dags/example_branch_operator.py
[2024-09-16T16:37:24.470+0000] {logging_mixin.py:190} INFO - [2024-09-16T16:37:24.470+0000] {dag.py:3229} INFO - Sync 1 DAGs
[2024-09-16T16:37:24.490+0000] {logging_mixin.py:190} INFO - [2024-09-16T16:37:24.490+0000] {dag.py:4156} INFO - Setting next_dagrun for example_branch_operator to 2024-09-15 00:00:00+00:00, run_after=2024-09-16 00:00:00+00:00
[2024-09-16T16:37:24.510+0000] {processor.py:208} INFO - Processing /home/airflow/.local/lib/python3.12/site-packages/airflow/example_dags/example_branch_operator.py took 0.088 seconds
