[2024-09-16T16:25:47.592+0000] {processor.py:186} INFO - Started process (PID=116) to work on /home/airflow/.local/lib/python3.12/site-packages/airflow/example_dags/example_python_decorator.py
[2024-09-16T16:25:47.594+0000] {processor.py:914} INFO - Processing file /home/airflow/.local/lib/python3.12/site-packages/airflow/example_dags/example_python_decorator.py for tasks to queue
[2024-09-16T16:25:47.598+0000] {logging_mixin.py:190} INFO - [2024-09-16T16:25:47.598+0000] {dagbag.py:587} INFO - Filling up the DagBag from /home/airflow/.local/lib/python3.12/site-packages/airflow/example_dags/example_python_decorator.py
[2024-09-16T16:25:47.619+0000] {processor.py:925} INFO - DAG(s) 'example_python_decorator' retrieved from /home/airflow/.local/lib/python3.12/site-packages/airflow/example_dags/example_python_decorator.py
[2024-09-16T16:25:47.756+0000] {logging_mixin.py:190} INFO - [2024-09-16T16:25:47.755+0000] {override.py:1900} INFO - Created Permission View: can edit on DAG:example_python_decorator
[2024-09-16T16:25:47.774+0000] {logging_mixin.py:190} INFO - [2024-09-16T16:25:47.773+0000] {override.py:1900} INFO - Created Permission View: can delete on DAG:example_python_decorator
[2024-09-16T16:25:47.787+0000] {logging_mixin.py:190} INFO - [2024-09-16T16:25:47.786+0000] {override.py:1900} INFO - Created Permission View: can read on DAG:example_python_decorator
[2024-09-16T16:25:47.800+0000] {logging_mixin.py:190} INFO - [2024-09-16T16:25:47.799+0000] {override.py:1900} INFO - Created Permission View: can delete on DAG Run:example_python_decorator
[2024-09-16T16:25:47.811+0000] {logging_mixin.py:190} INFO - [2024-09-16T16:25:47.810+0000] {override.py:1900} INFO - Created Permission View: can create on DAG Run:example_python_decorator
[2024-09-16T16:25:47.821+0000] {logging_mixin.py:190} INFO - [2024-09-16T16:25:47.821+0000] {override.py:1900} INFO - Created Permission View: menu access on DAG Run:example_python_decorator
[2024-09-16T16:25:47.832+0000] {logging_mixin.py:190} INFO - [2024-09-16T16:25:47.831+0000] {override.py:1900} INFO - Created Permission View: can read on DAG Run:example_python_decorator
[2024-09-16T16:25:47.833+0000] {logging_mixin.py:190} INFO - [2024-09-16T16:25:47.833+0000] {dag.py:3229} INFO - Sync 1 DAGs
[2024-09-16T16:25:47.850+0000] {logging_mixin.py:190} INFO - [2024-09-16T16:25:47.849+0000] {dag.py:3252} INFO - Creating ORM DAG for example_python_decorator
[2024-09-16T16:25:47.851+0000] {logging_mixin.py:190} INFO - [2024-09-16T16:25:47.851+0000] {dag.py:4156} INFO - Setting next_dagrun for example_python_decorator to None, run_after=None
[2024-09-16T16:25:47.875+0000] {processor.py:208} INFO - Processing /home/airflow/.local/lib/python3.12/site-packages/airflow/example_dags/example_python_decorator.py took 0.291 seconds
[2024-09-16T16:26:18.935+0000] {processor.py:186} INFO - Started process (PID=178) to work on /home/airflow/.local/lib/python3.12/site-packages/airflow/example_dags/example_python_decorator.py
[2024-09-16T16:26:18.942+0000] {processor.py:914} INFO - Processing file /home/airflow/.local/lib/python3.12/site-packages/airflow/example_dags/example_python_decorator.py for tasks to queue
[2024-09-16T16:26:18.959+0000] {logging_mixin.py:190} INFO - [2024-09-16T16:26:18.955+0000] {dagbag.py:587} INFO - Filling up the DagBag from /home/airflow/.local/lib/python3.12/site-packages/airflow/example_dags/example_python_decorator.py
[2024-09-16T16:26:19.009+0000] {processor.py:925} INFO - DAG(s) 'example_python_decorator' retrieved from /home/airflow/.local/lib/python3.12/site-packages/airflow/example_dags/example_python_decorator.py
[2024-09-16T16:26:19.091+0000] {logging_mixin.py:190} INFO - [2024-09-16T16:26:19.090+0000] {dag.py:3229} INFO - Sync 1 DAGs
[2024-09-16T16:26:19.138+0000] {logging_mixin.py:190} INFO - [2024-09-16T16:26:19.138+0000] {dag.py:4156} INFO - Setting next_dagrun for example_python_decorator to None, run_after=None
[2024-09-16T16:26:19.191+0000] {processor.py:208} INFO - Processing /home/airflow/.local/lib/python3.12/site-packages/airflow/example_dags/example_python_decorator.py took 0.275 seconds
[2024-09-16T16:26:49.934+0000] {processor.py:186} INFO - Started process (PID=240) to work on /home/airflow/.local/lib/python3.12/site-packages/airflow/example_dags/example_python_decorator.py
[2024-09-16T16:26:49.936+0000] {processor.py:914} INFO - Processing file /home/airflow/.local/lib/python3.12/site-packages/airflow/example_dags/example_python_decorator.py for tasks to queue
[2024-09-16T16:26:49.942+0000] {logging_mixin.py:190} INFO - [2024-09-16T16:26:49.941+0000] {dagbag.py:587} INFO - Filling up the DagBag from /home/airflow/.local/lib/python3.12/site-packages/airflow/example_dags/example_python_decorator.py
[2024-09-16T16:26:49.994+0000] {processor.py:925} INFO - DAG(s) 'example_python_decorator' retrieved from /home/airflow/.local/lib/python3.12/site-packages/airflow/example_dags/example_python_decorator.py
[2024-09-16T16:26:50.061+0000] {logging_mixin.py:190} INFO - [2024-09-16T16:26:50.061+0000] {dag.py:3229} INFO - Sync 1 DAGs
[2024-09-16T16:26:50.110+0000] {logging_mixin.py:190} INFO - [2024-09-16T16:26:50.110+0000] {dag.py:4156} INFO - Setting next_dagrun for example_python_decorator to None, run_after=None
[2024-09-16T16:26:50.156+0000] {processor.py:208} INFO - Processing /home/airflow/.local/lib/python3.12/site-packages/airflow/example_dags/example_python_decorator.py took 0.241 seconds
[2024-09-16T16:27:20.220+0000] {processor.py:186} INFO - Started process (PID=301) to work on /home/airflow/.local/lib/python3.12/site-packages/airflow/example_dags/example_python_decorator.py
[2024-09-16T16:27:20.222+0000] {processor.py:914} INFO - Processing file /home/airflow/.local/lib/python3.12/site-packages/airflow/example_dags/example_python_decorator.py for tasks to queue
[2024-09-16T16:27:20.225+0000] {logging_mixin.py:190} INFO - [2024-09-16T16:27:20.224+0000] {dagbag.py:587} INFO - Filling up the DagBag from /home/airflow/.local/lib/python3.12/site-packages/airflow/example_dags/example_python_decorator.py
[2024-09-16T16:27:20.243+0000] {processor.py:925} INFO - DAG(s) 'example_python_decorator' retrieved from /home/airflow/.local/lib/python3.12/site-packages/airflow/example_dags/example_python_decorator.py
[2024-09-16T16:27:20.269+0000] {logging_mixin.py:190} INFO - [2024-09-16T16:27:20.268+0000] {dag.py:3229} INFO - Sync 1 DAGs
[2024-09-16T16:27:20.284+0000] {logging_mixin.py:190} INFO - [2024-09-16T16:27:20.284+0000] {dag.py:4156} INFO - Setting next_dagrun for example_python_decorator to None, run_after=None
[2024-09-16T16:27:20.307+0000] {processor.py:208} INFO - Processing /home/airflow/.local/lib/python3.12/site-packages/airflow/example_dags/example_python_decorator.py took 0.094 seconds
[2024-09-16T16:27:55.691+0000] {processor.py:186} INFO - Started process (PID=370) to work on /home/airflow/.local/lib/python3.12/site-packages/airflow/example_dags/example_python_decorator.py
[2024-09-16T16:27:55.693+0000] {processor.py:914} INFO - Processing file /home/airflow/.local/lib/python3.12/site-packages/airflow/example_dags/example_python_decorator.py for tasks to queue
[2024-09-16T16:27:55.698+0000] {logging_mixin.py:190} INFO - [2024-09-16T16:27:55.697+0000] {dagbag.py:587} INFO - Filling up the DagBag from /home/airflow/.local/lib/python3.12/site-packages/airflow/example_dags/example_python_decorator.py
[2024-09-16T16:27:55.729+0000] {processor.py:925} INFO - DAG(s) 'example_python_decorator' retrieved from /home/airflow/.local/lib/python3.12/site-packages/airflow/example_dags/example_python_decorator.py
[2024-09-16T16:27:55.767+0000] {logging_mixin.py:190} INFO - [2024-09-16T16:27:55.766+0000] {dag.py:3229} INFO - Sync 1 DAGs
[2024-09-16T16:27:55.798+0000] {logging_mixin.py:190} INFO - [2024-09-16T16:27:55.798+0000] {dag.py:4156} INFO - Setting next_dagrun for example_python_decorator to None, run_after=None
[2024-09-16T16:27:55.835+0000] {processor.py:208} INFO - Processing /home/airflow/.local/lib/python3.12/site-packages/airflow/example_dags/example_python_decorator.py took 0.153 seconds
[2024-09-16T16:28:27.092+0000] {processor.py:186} INFO - Started process (PID=433) to work on /home/airflow/.local/lib/python3.12/site-packages/airflow/example_dags/example_python_decorator.py
[2024-09-16T16:28:27.096+0000] {processor.py:914} INFO - Processing file /home/airflow/.local/lib/python3.12/site-packages/airflow/example_dags/example_python_decorator.py for tasks to queue
[2024-09-16T16:28:27.109+0000] {logging_mixin.py:190} INFO - [2024-09-16T16:28:27.108+0000] {dagbag.py:587} INFO - Filling up the DagBag from /home/airflow/.local/lib/python3.12/site-packages/airflow/example_dags/example_python_decorator.py
[2024-09-16T16:28:27.168+0000] {processor.py:925} INFO - DAG(s) 'example_python_decorator' retrieved from /home/airflow/.local/lib/python3.12/site-packages/airflow/example_dags/example_python_decorator.py
[2024-09-16T16:28:27.233+0000] {logging_mixin.py:190} INFO - [2024-09-16T16:28:27.232+0000] {dag.py:3229} INFO - Sync 1 DAGs
[2024-09-16T16:28:27.277+0000] {logging_mixin.py:190} INFO - [2024-09-16T16:28:27.276+0000] {dag.py:4156} INFO - Setting next_dagrun for example_python_decorator to None, run_after=None
[2024-09-16T16:28:27.327+0000] {processor.py:208} INFO - Processing /home/airflow/.local/lib/python3.12/site-packages/airflow/example_dags/example_python_decorator.py took 0.249 seconds
[2024-09-16T16:30:18.362+0000] {processor.py:186} INFO - Started process (PID=113) to work on /home/airflow/.local/lib/python3.12/site-packages/airflow/example_dags/example_python_decorator.py
[2024-09-16T16:30:18.363+0000] {processor.py:914} INFO - Processing file /home/airflow/.local/lib/python3.12/site-packages/airflow/example_dags/example_python_decorator.py for tasks to queue
[2024-09-16T16:30:18.366+0000] {logging_mixin.py:190} INFO - [2024-09-16T16:30:18.366+0000] {dagbag.py:587} INFO - Filling up the DagBag from /home/airflow/.local/lib/python3.12/site-packages/airflow/example_dags/example_python_decorator.py
[2024-09-16T16:30:18.384+0000] {processor.py:925} INFO - DAG(s) 'example_python_decorator' retrieved from /home/airflow/.local/lib/python3.12/site-packages/airflow/example_dags/example_python_decorator.py
[2024-09-16T16:30:18.509+0000] {logging_mixin.py:190} INFO - [2024-09-16T16:30:18.508+0000] {dag.py:3229} INFO - Sync 1 DAGs
[2024-09-16T16:30:18.536+0000] {logging_mixin.py:190} INFO - [2024-09-16T16:30:18.536+0000] {dag.py:4156} INFO - Setting next_dagrun for example_python_decorator to None, run_after=None
[2024-09-16T16:30:18.569+0000] {processor.py:208} INFO - Processing /home/airflow/.local/lib/python3.12/site-packages/airflow/example_dags/example_python_decorator.py took 0.213 seconds
[2024-09-16T16:30:49.366+0000] {processor.py:186} INFO - Started process (PID=175) to work on /home/airflow/.local/lib/python3.12/site-packages/airflow/example_dags/example_python_decorator.py
[2024-09-16T16:30:49.367+0000] {processor.py:914} INFO - Processing file /home/airflow/.local/lib/python3.12/site-packages/airflow/example_dags/example_python_decorator.py for tasks to queue
[2024-09-16T16:30:49.370+0000] {logging_mixin.py:190} INFO - [2024-09-16T16:30:49.369+0000] {dagbag.py:587} INFO - Filling up the DagBag from /home/airflow/.local/lib/python3.12/site-packages/airflow/example_dags/example_python_decorator.py
[2024-09-16T16:30:49.380+0000] {processor.py:925} INFO - DAG(s) 'example_python_decorator' retrieved from /home/airflow/.local/lib/python3.12/site-packages/airflow/example_dags/example_python_decorator.py
[2024-09-16T16:30:49.401+0000] {logging_mixin.py:190} INFO - [2024-09-16T16:30:49.400+0000] {dag.py:3229} INFO - Sync 1 DAGs
[2024-09-16T16:30:49.428+0000] {logging_mixin.py:190} INFO - [2024-09-16T16:30:49.428+0000] {dag.py:4156} INFO - Setting next_dagrun for example_python_decorator to None, run_after=None
[2024-09-16T16:30:49.448+0000] {processor.py:208} INFO - Processing /home/airflow/.local/lib/python3.12/site-packages/airflow/example_dags/example_python_decorator.py took 0.086 seconds
[2024-09-16T16:31:19.833+0000] {processor.py:186} INFO - Started process (PID=237) to work on /home/airflow/.local/lib/python3.12/site-packages/airflow/example_dags/example_python_decorator.py
[2024-09-16T16:31:19.834+0000] {processor.py:914} INFO - Processing file /home/airflow/.local/lib/python3.12/site-packages/airflow/example_dags/example_python_decorator.py for tasks to queue
[2024-09-16T16:31:19.836+0000] {logging_mixin.py:190} INFO - [2024-09-16T16:31:19.836+0000] {dagbag.py:587} INFO - Filling up the DagBag from /home/airflow/.local/lib/python3.12/site-packages/airflow/example_dags/example_python_decorator.py
[2024-09-16T16:31:19.848+0000] {processor.py:925} INFO - DAG(s) 'example_python_decorator' retrieved from /home/airflow/.local/lib/python3.12/site-packages/airflow/example_dags/example_python_decorator.py
[2024-09-16T16:31:19.868+0000] {logging_mixin.py:190} INFO - [2024-09-16T16:31:19.868+0000] {dag.py:3229} INFO - Sync 1 DAGs
[2024-09-16T16:31:19.881+0000] {logging_mixin.py:190} INFO - [2024-09-16T16:31:19.880+0000] {dag.py:4156} INFO - Setting next_dagrun for example_python_decorator to None, run_after=None
[2024-09-16T16:31:19.901+0000] {processor.py:208} INFO - Processing /home/airflow/.local/lib/python3.12/site-packages/airflow/example_dags/example_python_decorator.py took 0.072 seconds
[2024-09-16T16:31:50.269+0000] {processor.py:186} INFO - Started process (PID=299) to work on /home/airflow/.local/lib/python3.12/site-packages/airflow/example_dags/example_python_decorator.py
[2024-09-16T16:31:50.270+0000] {processor.py:914} INFO - Processing file /home/airflow/.local/lib/python3.12/site-packages/airflow/example_dags/example_python_decorator.py for tasks to queue
[2024-09-16T16:31:50.272+0000] {logging_mixin.py:190} INFO - [2024-09-16T16:31:50.272+0000] {dagbag.py:587} INFO - Filling up the DagBag from /home/airflow/.local/lib/python3.12/site-packages/airflow/example_dags/example_python_decorator.py
[2024-09-16T16:31:50.283+0000] {processor.py:925} INFO - DAG(s) 'example_python_decorator' retrieved from /home/airflow/.local/lib/python3.12/site-packages/airflow/example_dags/example_python_decorator.py
[2024-09-16T16:31:50.309+0000] {logging_mixin.py:190} INFO - [2024-09-16T16:31:50.309+0000] {dag.py:3229} INFO - Sync 1 DAGs
[2024-09-16T16:31:50.330+0000] {logging_mixin.py:190} INFO - [2024-09-16T16:31:50.330+0000] {dag.py:4156} INFO - Setting next_dagrun for example_python_decorator to None, run_after=None
[2024-09-16T16:31:50.356+0000] {processor.py:208} INFO - Processing /home/airflow/.local/lib/python3.12/site-packages/airflow/example_dags/example_python_decorator.py took 0.092 seconds
[2024-09-16T16:32:20.738+0000] {processor.py:186} INFO - Started process (PID=361) to work on /home/airflow/.local/lib/python3.12/site-packages/airflow/example_dags/example_python_decorator.py
[2024-09-16T16:32:20.739+0000] {processor.py:914} INFO - Processing file /home/airflow/.local/lib/python3.12/site-packages/airflow/example_dags/example_python_decorator.py for tasks to queue
[2024-09-16T16:32:20.740+0000] {logging_mixin.py:190} INFO - [2024-09-16T16:32:20.740+0000] {dagbag.py:587} INFO - Filling up the DagBag from /home/airflow/.local/lib/python3.12/site-packages/airflow/example_dags/example_python_decorator.py
[2024-09-16T16:32:20.752+0000] {processor.py:925} INFO - DAG(s) 'example_python_decorator' retrieved from /home/airflow/.local/lib/python3.12/site-packages/airflow/example_dags/example_python_decorator.py
[2024-09-16T16:32:20.771+0000] {logging_mixin.py:190} INFO - [2024-09-16T16:32:20.770+0000] {dag.py:3229} INFO - Sync 1 DAGs
[2024-09-16T16:32:20.783+0000] {logging_mixin.py:190} INFO - [2024-09-16T16:32:20.783+0000] {dag.py:4156} INFO - Setting next_dagrun for example_python_decorator to None, run_after=None
[2024-09-16T16:32:20.805+0000] {processor.py:208} INFO - Processing /home/airflow/.local/lib/python3.12/site-packages/airflow/example_dags/example_python_decorator.py took 0.072 seconds
[2024-09-16T16:32:51.328+0000] {processor.py:186} INFO - Started process (PID=423) to work on /home/airflow/.local/lib/python3.12/site-packages/airflow/example_dags/example_python_decorator.py
[2024-09-16T16:32:51.329+0000] {processor.py:914} INFO - Processing file /home/airflow/.local/lib/python3.12/site-packages/airflow/example_dags/example_python_decorator.py for tasks to queue
[2024-09-16T16:32:51.331+0000] {logging_mixin.py:190} INFO - [2024-09-16T16:32:51.331+0000] {dagbag.py:587} INFO - Filling up the DagBag from /home/airflow/.local/lib/python3.12/site-packages/airflow/example_dags/example_python_decorator.py
[2024-09-16T16:32:51.341+0000] {processor.py:925} INFO - DAG(s) 'example_python_decorator' retrieved from /home/airflow/.local/lib/python3.12/site-packages/airflow/example_dags/example_python_decorator.py
[2024-09-16T16:32:51.358+0000] {logging_mixin.py:190} INFO - [2024-09-16T16:32:51.358+0000] {dag.py:3229} INFO - Sync 1 DAGs
[2024-09-16T16:32:51.369+0000] {logging_mixin.py:190} INFO - [2024-09-16T16:32:51.368+0000] {dag.py:4156} INFO - Setting next_dagrun for example_python_decorator to None, run_after=None
[2024-09-16T16:32:51.387+0000] {processor.py:208} INFO - Processing /home/airflow/.local/lib/python3.12/site-packages/airflow/example_dags/example_python_decorator.py took 0.063 seconds
[2024-09-16T16:33:21.422+0000] {processor.py:186} INFO - Started process (PID=485) to work on /home/airflow/.local/lib/python3.12/site-packages/airflow/example_dags/example_python_decorator.py
[2024-09-16T16:33:21.423+0000] {processor.py:914} INFO - Processing file /home/airflow/.local/lib/python3.12/site-packages/airflow/example_dags/example_python_decorator.py for tasks to queue
[2024-09-16T16:33:21.426+0000] {logging_mixin.py:190} INFO - [2024-09-16T16:33:21.426+0000] {dagbag.py:587} INFO - Filling up the DagBag from /home/airflow/.local/lib/python3.12/site-packages/airflow/example_dags/example_python_decorator.py
[2024-09-16T16:33:21.441+0000] {processor.py:925} INFO - DAG(s) 'example_python_decorator' retrieved from /home/airflow/.local/lib/python3.12/site-packages/airflow/example_dags/example_python_decorator.py
[2024-09-16T16:33:21.458+0000] {logging_mixin.py:190} INFO - [2024-09-16T16:33:21.458+0000] {dag.py:3229} INFO - Sync 1 DAGs
[2024-09-16T16:33:21.472+0000] {logging_mixin.py:190} INFO - [2024-09-16T16:33:21.471+0000] {dag.py:4156} INFO - Setting next_dagrun for example_python_decorator to None, run_after=None
[2024-09-16T16:33:21.488+0000] {processor.py:208} INFO - Processing /home/airflow/.local/lib/python3.12/site-packages/airflow/example_dags/example_python_decorator.py took 0.071 seconds
[2024-09-16T16:33:52.057+0000] {processor.py:186} INFO - Started process (PID=547) to work on /home/airflow/.local/lib/python3.12/site-packages/airflow/example_dags/example_python_decorator.py
[2024-09-16T16:33:52.058+0000] {processor.py:914} INFO - Processing file /home/airflow/.local/lib/python3.12/site-packages/airflow/example_dags/example_python_decorator.py for tasks to queue
[2024-09-16T16:33:52.061+0000] {logging_mixin.py:190} INFO - [2024-09-16T16:33:52.061+0000] {dagbag.py:587} INFO - Filling up the DagBag from /home/airflow/.local/lib/python3.12/site-packages/airflow/example_dags/example_python_decorator.py
[2024-09-16T16:33:52.074+0000] {processor.py:925} INFO - DAG(s) 'example_python_decorator' retrieved from /home/airflow/.local/lib/python3.12/site-packages/airflow/example_dags/example_python_decorator.py
[2024-09-16T16:33:52.093+0000] {logging_mixin.py:190} INFO - [2024-09-16T16:33:52.093+0000] {dag.py:3229} INFO - Sync 1 DAGs
[2024-09-16T16:33:52.105+0000] {logging_mixin.py:190} INFO - [2024-09-16T16:33:52.105+0000] {dag.py:4156} INFO - Setting next_dagrun for example_python_decorator to None, run_after=None
[2024-09-16T16:33:52.119+0000] {processor.py:208} INFO - Processing /home/airflow/.local/lib/python3.12/site-packages/airflow/example_dags/example_python_decorator.py took 0.068 seconds
[2024-09-16T16:34:22.643+0000] {processor.py:186} INFO - Started process (PID=609) to work on /home/airflow/.local/lib/python3.12/site-packages/airflow/example_dags/example_python_decorator.py
[2024-09-16T16:34:22.644+0000] {processor.py:914} INFO - Processing file /home/airflow/.local/lib/python3.12/site-packages/airflow/example_dags/example_python_decorator.py for tasks to queue
[2024-09-16T16:34:22.646+0000] {logging_mixin.py:190} INFO - [2024-09-16T16:34:22.646+0000] {dagbag.py:587} INFO - Filling up the DagBag from /home/airflow/.local/lib/python3.12/site-packages/airflow/example_dags/example_python_decorator.py
[2024-09-16T16:34:22.660+0000] {processor.py:925} INFO - DAG(s) 'example_python_decorator' retrieved from /home/airflow/.local/lib/python3.12/site-packages/airflow/example_dags/example_python_decorator.py
[2024-09-16T16:34:22.679+0000] {logging_mixin.py:190} INFO - [2024-09-16T16:34:22.678+0000] {dag.py:3229} INFO - Sync 1 DAGs
[2024-09-16T16:34:22.690+0000] {logging_mixin.py:190} INFO - [2024-09-16T16:34:22.690+0000] {dag.py:4156} INFO - Setting next_dagrun for example_python_decorator to None, run_after=None
[2024-09-16T16:34:22.707+0000] {processor.py:208} INFO - Processing /home/airflow/.local/lib/python3.12/site-packages/airflow/example_dags/example_python_decorator.py took 0.068 seconds
[2024-09-16T16:34:53.192+0000] {processor.py:186} INFO - Started process (PID=671) to work on /home/airflow/.local/lib/python3.12/site-packages/airflow/example_dags/example_python_decorator.py
[2024-09-16T16:34:53.194+0000] {processor.py:914} INFO - Processing file /home/airflow/.local/lib/python3.12/site-packages/airflow/example_dags/example_python_decorator.py for tasks to queue
[2024-09-16T16:34:53.196+0000] {logging_mixin.py:190} INFO - [2024-09-16T16:34:53.195+0000] {dagbag.py:587} INFO - Filling up the DagBag from /home/airflow/.local/lib/python3.12/site-packages/airflow/example_dags/example_python_decorator.py
[2024-09-16T16:34:53.206+0000] {processor.py:925} INFO - DAG(s) 'example_python_decorator' retrieved from /home/airflow/.local/lib/python3.12/site-packages/airflow/example_dags/example_python_decorator.py
[2024-09-16T16:34:53.225+0000] {logging_mixin.py:190} INFO - [2024-09-16T16:34:53.225+0000] {dag.py:3229} INFO - Sync 1 DAGs
[2024-09-16T16:34:53.239+0000] {logging_mixin.py:190} INFO - [2024-09-16T16:34:53.238+0000] {dag.py:4156} INFO - Setting next_dagrun for example_python_decorator to None, run_after=None
[2024-09-16T16:34:53.258+0000] {processor.py:208} INFO - Processing /home/airflow/.local/lib/python3.12/site-packages/airflow/example_dags/example_python_decorator.py took 0.070 seconds
[2024-09-16T16:35:23.844+0000] {processor.py:186} INFO - Started process (PID=734) to work on /home/airflow/.local/lib/python3.12/site-packages/airflow/example_dags/example_python_decorator.py
[2024-09-16T16:35:23.845+0000] {processor.py:914} INFO - Processing file /home/airflow/.local/lib/python3.12/site-packages/airflow/example_dags/example_python_decorator.py for tasks to queue
[2024-09-16T16:35:23.848+0000] {logging_mixin.py:190} INFO - [2024-09-16T16:35:23.848+0000] {dagbag.py:587} INFO - Filling up the DagBag from /home/airflow/.local/lib/python3.12/site-packages/airflow/example_dags/example_python_decorator.py
[2024-09-16T16:35:23.859+0000] {processor.py:925} INFO - DAG(s) 'example_python_decorator' retrieved from /home/airflow/.local/lib/python3.12/site-packages/airflow/example_dags/example_python_decorator.py
[2024-09-16T16:35:23.879+0000] {logging_mixin.py:190} INFO - [2024-09-16T16:35:23.879+0000] {dag.py:3229} INFO - Sync 1 DAGs
[2024-09-16T16:35:23.891+0000] {logging_mixin.py:190} INFO - [2024-09-16T16:35:23.891+0000] {dag.py:4156} INFO - Setting next_dagrun for example_python_decorator to None, run_after=None
[2024-09-16T16:35:23.910+0000] {processor.py:208} INFO - Processing /home/airflow/.local/lib/python3.12/site-packages/airflow/example_dags/example_python_decorator.py took 0.070 seconds
[2024-09-16T16:35:54.537+0000] {processor.py:186} INFO - Started process (PID=796) to work on /home/airflow/.local/lib/python3.12/site-packages/airflow/example_dags/example_python_decorator.py
[2024-09-16T16:35:54.538+0000] {processor.py:914} INFO - Processing file /home/airflow/.local/lib/python3.12/site-packages/airflow/example_dags/example_python_decorator.py for tasks to queue
[2024-09-16T16:35:54.542+0000] {logging_mixin.py:190} INFO - [2024-09-16T16:35:54.541+0000] {dagbag.py:587} INFO - Filling up the DagBag from /home/airflow/.local/lib/python3.12/site-packages/airflow/example_dags/example_python_decorator.py
[2024-09-16T16:35:54.557+0000] {processor.py:925} INFO - DAG(s) 'example_python_decorator' retrieved from /home/airflow/.local/lib/python3.12/site-packages/airflow/example_dags/example_python_decorator.py
[2024-09-16T16:35:54.580+0000] {logging_mixin.py:190} INFO - [2024-09-16T16:35:54.579+0000] {dag.py:3229} INFO - Sync 1 DAGs
[2024-09-16T16:35:54.594+0000] {logging_mixin.py:190} INFO - [2024-09-16T16:35:54.594+0000] {dag.py:4156} INFO - Setting next_dagrun for example_python_decorator to None, run_after=None
[2024-09-16T16:35:54.621+0000] {processor.py:208} INFO - Processing /home/airflow/.local/lib/python3.12/site-packages/airflow/example_dags/example_python_decorator.py took 0.090 seconds
[2024-09-16T16:36:25.353+0000] {processor.py:186} INFO - Started process (PID=858) to work on /home/airflow/.local/lib/python3.12/site-packages/airflow/example_dags/example_python_decorator.py
[2024-09-16T16:36:25.354+0000] {processor.py:914} INFO - Processing file /home/airflow/.local/lib/python3.12/site-packages/airflow/example_dags/example_python_decorator.py for tasks to queue
[2024-09-16T16:36:25.357+0000] {logging_mixin.py:190} INFO - [2024-09-16T16:36:25.357+0000] {dagbag.py:587} INFO - Filling up the DagBag from /home/airflow/.local/lib/python3.12/site-packages/airflow/example_dags/example_python_decorator.py
[2024-09-16T16:36:25.372+0000] {processor.py:925} INFO - DAG(s) 'example_python_decorator' retrieved from /home/airflow/.local/lib/python3.12/site-packages/airflow/example_dags/example_python_decorator.py
[2024-09-16T16:36:25.394+0000] {logging_mixin.py:190} INFO - [2024-09-16T16:36:25.394+0000] {dag.py:3229} INFO - Sync 1 DAGs
[2024-09-16T16:36:25.408+0000] {logging_mixin.py:190} INFO - [2024-09-16T16:36:25.408+0000] {dag.py:4156} INFO - Setting next_dagrun for example_python_decorator to None, run_after=None
[2024-09-16T16:36:25.427+0000] {processor.py:208} INFO - Processing /home/airflow/.local/lib/python3.12/site-packages/airflow/example_dags/example_python_decorator.py took 0.079 seconds
[2024-09-16T16:36:55.800+0000] {processor.py:186} INFO - Started process (PID=920) to work on /home/airflow/.local/lib/python3.12/site-packages/airflow/example_dags/example_python_decorator.py
[2024-09-16T16:36:55.801+0000] {processor.py:914} INFO - Processing file /home/airflow/.local/lib/python3.12/site-packages/airflow/example_dags/example_python_decorator.py for tasks to queue
[2024-09-16T16:36:55.803+0000] {logging_mixin.py:190} INFO - [2024-09-16T16:36:55.803+0000] {dagbag.py:587} INFO - Filling up the DagBag from /home/airflow/.local/lib/python3.12/site-packages/airflow/example_dags/example_python_decorator.py
[2024-09-16T16:36:55.813+0000] {processor.py:925} INFO - DAG(s) 'example_python_decorator' retrieved from /home/airflow/.local/lib/python3.12/site-packages/airflow/example_dags/example_python_decorator.py
[2024-09-16T16:36:55.832+0000] {logging_mixin.py:190} INFO - [2024-09-16T16:36:55.831+0000] {dag.py:3229} INFO - Sync 1 DAGs
[2024-09-16T16:36:55.843+0000] {logging_mixin.py:190} INFO - [2024-09-16T16:36:55.843+0000] {dag.py:4156} INFO - Setting next_dagrun for example_python_decorator to None, run_after=None
[2024-09-16T16:36:55.859+0000] {processor.py:208} INFO - Processing /home/airflow/.local/lib/python3.12/site-packages/airflow/example_dags/example_python_decorator.py took 0.065 seconds
[2024-09-16T16:37:26.272+0000] {processor.py:186} INFO - Started process (PID=982) to work on /home/airflow/.local/lib/python3.12/site-packages/airflow/example_dags/example_python_decorator.py
[2024-09-16T16:37:26.273+0000] {processor.py:914} INFO - Processing file /home/airflow/.local/lib/python3.12/site-packages/airflow/example_dags/example_python_decorator.py for tasks to queue
[2024-09-16T16:37:26.276+0000] {logging_mixin.py:190} INFO - [2024-09-16T16:37:26.275+0000] {dagbag.py:587} INFO - Filling up the DagBag from /home/airflow/.local/lib/python3.12/site-packages/airflow/example_dags/example_python_decorator.py
[2024-09-16T16:37:26.288+0000] {processor.py:925} INFO - DAG(s) 'example_python_decorator' retrieved from /home/airflow/.local/lib/python3.12/site-packages/airflow/example_dags/example_python_decorator.py
[2024-09-16T16:37:26.310+0000] {logging_mixin.py:190} INFO - [2024-09-16T16:37:26.309+0000] {dag.py:3229} INFO - Sync 1 DAGs
[2024-09-16T16:37:26.322+0000] {logging_mixin.py:190} INFO - [2024-09-16T16:37:26.321+0000] {dag.py:4156} INFO - Setting next_dagrun for example_python_decorator to None, run_after=None
[2024-09-16T16:37:26.336+0000] {processor.py:208} INFO - Processing /home/airflow/.local/lib/python3.12/site-packages/airflow/example_dags/example_python_decorator.py took 0.069 seconds
