[2024-09-16T16:25:42.726+0000] {processor.py:186} INFO - Started process (PID=90) to work on /home/airflow/.local/lib/python3.12/site-packages/airflow/example_dags/example_skip_dag.py
[2024-09-16T16:25:42.727+0000] {processor.py:914} INFO - Processing file /home/airflow/.local/lib/python3.12/site-packages/airflow/example_dags/example_skip_dag.py for tasks to queue
[2024-09-16T16:25:42.732+0000] {logging_mixin.py:190} INFO - [2024-09-16T16:25:42.731+0000] {dagbag.py:587} INFO - Filling up the DagBag from /home/airflow/.local/lib/python3.12/site-packages/airflow/example_dags/example_skip_dag.py
[2024-09-16T16:25:42.749+0000] {processor.py:925} INFO - DAG(s) 'example_skip_dag' retrieved from /home/airflow/.local/lib/python3.12/site-packages/airflow/example_dags/example_skip_dag.py
[2024-09-16T16:25:42.932+0000] {logging_mixin.py:190} INFO - [2024-09-16T16:25:42.931+0000] {override.py:1900} INFO - Created Permission View: can edit on DAG:example_skip_dag
[2024-09-16T16:25:42.952+0000] {logging_mixin.py:190} INFO - [2024-09-16T16:25:42.951+0000] {override.py:1900} INFO - Created Permission View: can delete on DAG:example_skip_dag
[2024-09-16T16:25:42.962+0000] {logging_mixin.py:190} INFO - [2024-09-16T16:25:42.962+0000] {override.py:1900} INFO - Created Permission View: can read on DAG:example_skip_dag
[2024-09-16T16:25:42.974+0000] {logging_mixin.py:190} INFO - [2024-09-16T16:25:42.974+0000] {override.py:1900} INFO - Created Permission View: can delete on DAG Run:example_skip_dag
[2024-09-16T16:25:42.985+0000] {logging_mixin.py:190} INFO - [2024-09-16T16:25:42.984+0000] {override.py:1900} INFO - Created Permission View: can create on DAG Run:example_skip_dag
[2024-09-16T16:25:42.994+0000] {logging_mixin.py:190} INFO - [2024-09-16T16:25:42.994+0000] {override.py:1900} INFO - Created Permission View: menu access on DAG Run:example_skip_dag
[2024-09-16T16:25:43.009+0000] {logging_mixin.py:190} INFO - [2024-09-16T16:25:43.009+0000] {override.py:1900} INFO - Created Permission View: can read on DAG Run:example_skip_dag
[2024-09-16T16:25:43.011+0000] {logging_mixin.py:190} INFO - [2024-09-16T16:25:43.011+0000] {dag.py:3229} INFO - Sync 1 DAGs
[2024-09-16T16:25:43.041+0000] {logging_mixin.py:190} INFO - [2024-09-16T16:25:43.040+0000] {dag.py:3252} INFO - Creating ORM DAG for example_skip_dag
[2024-09-16T16:25:43.079+0000] {logging_mixin.py:190} INFO - [2024-09-16T16:25:43.078+0000] {dag.py:4156} INFO - Setting next_dagrun for example_skip_dag to 2024-09-15 00:00:00+00:00, run_after=2024-09-16 00:00:00+00:00
[2024-09-16T16:25:43.143+0000] {processor.py:208} INFO - Processing /home/airflow/.local/lib/python3.12/site-packages/airflow/example_dags/example_skip_dag.py took 0.428 seconds
[2024-09-16T16:26:13.560+0000] {processor.py:186} INFO - Started process (PID=152) to work on /home/airflow/.local/lib/python3.12/site-packages/airflow/example_dags/example_skip_dag.py
[2024-09-16T16:26:13.561+0000] {processor.py:914} INFO - Processing file /home/airflow/.local/lib/python3.12/site-packages/airflow/example_dags/example_skip_dag.py for tasks to queue
[2024-09-16T16:26:13.563+0000] {logging_mixin.py:190} INFO - [2024-09-16T16:26:13.563+0000] {dagbag.py:587} INFO - Filling up the DagBag from /home/airflow/.local/lib/python3.12/site-packages/airflow/example_dags/example_skip_dag.py
[2024-09-16T16:26:13.570+0000] {processor.py:925} INFO - DAG(s) 'example_skip_dag' retrieved from /home/airflow/.local/lib/python3.12/site-packages/airflow/example_dags/example_skip_dag.py
[2024-09-16T16:26:13.592+0000] {logging_mixin.py:190} INFO - [2024-09-16T16:26:13.591+0000] {dag.py:3229} INFO - Sync 1 DAGs
[2024-09-16T16:26:13.615+0000] {logging_mixin.py:190} INFO - [2024-09-16T16:26:13.615+0000] {dag.py:4156} INFO - Setting next_dagrun for example_skip_dag to 2024-09-15 00:00:00+00:00, run_after=2024-09-16 00:00:00+00:00
[2024-09-16T16:26:13.636+0000] {processor.py:208} INFO - Processing /home/airflow/.local/lib/python3.12/site-packages/airflow/example_dags/example_skip_dag.py took 0.082 seconds
[2024-09-16T16:26:45.758+0000] {processor.py:186} INFO - Started process (PID=214) to work on /home/airflow/.local/lib/python3.12/site-packages/airflow/example_dags/example_skip_dag.py
[2024-09-16T16:26:45.760+0000] {processor.py:914} INFO - Processing file /home/airflow/.local/lib/python3.12/site-packages/airflow/example_dags/example_skip_dag.py for tasks to queue
[2024-09-16T16:26:45.766+0000] {logging_mixin.py:190} INFO - [2024-09-16T16:26:45.765+0000] {dagbag.py:587} INFO - Filling up the DagBag from /home/airflow/.local/lib/python3.12/site-packages/airflow/example_dags/example_skip_dag.py
[2024-09-16T16:26:45.818+0000] {processor.py:925} INFO - DAG(s) 'example_skip_dag' retrieved from /home/airflow/.local/lib/python3.12/site-packages/airflow/example_dags/example_skip_dag.py
[2024-09-16T16:26:45.868+0000] {logging_mixin.py:190} INFO - [2024-09-16T16:26:45.868+0000] {dag.py:3229} INFO - Sync 1 DAGs
[2024-09-16T16:26:45.923+0000] {logging_mixin.py:190} INFO - [2024-09-16T16:26:45.922+0000] {dag.py:4156} INFO - Setting next_dagrun for example_skip_dag to 2024-09-15 00:00:00+00:00, run_after=2024-09-16 00:00:00+00:00
[2024-09-16T16:26:45.953+0000] {processor.py:208} INFO - Processing /home/airflow/.local/lib/python3.12/site-packages/airflow/example_dags/example_skip_dag.py took 0.205 seconds
[2024-09-16T16:27:17.002+0000] {processor.py:186} INFO - Started process (PID=276) to work on /home/airflow/.local/lib/python3.12/site-packages/airflow/example_dags/example_skip_dag.py
[2024-09-16T16:27:17.004+0000] {processor.py:914} INFO - Processing file /home/airflow/.local/lib/python3.12/site-packages/airflow/example_dags/example_skip_dag.py for tasks to queue
[2024-09-16T16:27:17.009+0000] {logging_mixin.py:190} INFO - [2024-09-16T16:27:17.008+0000] {dagbag.py:587} INFO - Filling up the DagBag from /home/airflow/.local/lib/python3.12/site-packages/airflow/example_dags/example_skip_dag.py
[2024-09-16T16:27:17.025+0000] {processor.py:925} INFO - DAG(s) 'example_skip_dag' retrieved from /home/airflow/.local/lib/python3.12/site-packages/airflow/example_dags/example_skip_dag.py
[2024-09-16T16:27:17.058+0000] {logging_mixin.py:190} INFO - [2024-09-16T16:27:17.057+0000] {dag.py:3229} INFO - Sync 1 DAGs
[2024-09-16T16:27:17.096+0000] {logging_mixin.py:190} INFO - [2024-09-16T16:27:17.096+0000] {dag.py:4156} INFO - Setting next_dagrun for example_skip_dag to 2024-09-15 00:00:00+00:00, run_after=2024-09-16 00:00:00+00:00
[2024-09-16T16:27:17.122+0000] {processor.py:208} INFO - Processing /home/airflow/.local/lib/python3.12/site-packages/airflow/example_dags/example_skip_dag.py took 0.130 seconds
[2024-09-16T16:27:51.259+0000] {processor.py:186} INFO - Started process (PID=338) to work on /home/airflow/.local/lib/python3.12/site-packages/airflow/example_dags/example_skip_dag.py
[2024-09-16T16:27:51.263+0000] {processor.py:914} INFO - Processing file /home/airflow/.local/lib/python3.12/site-packages/airflow/example_dags/example_skip_dag.py for tasks to queue
[2024-09-16T16:27:51.271+0000] {logging_mixin.py:190} INFO - [2024-09-16T16:27:51.270+0000] {dagbag.py:587} INFO - Filling up the DagBag from /home/airflow/.local/lib/python3.12/site-packages/airflow/example_dags/example_skip_dag.py
[2024-09-16T16:27:51.291+0000] {processor.py:925} INFO - DAG(s) 'example_skip_dag' retrieved from /home/airflow/.local/lib/python3.12/site-packages/airflow/example_dags/example_skip_dag.py
[2024-09-16T16:27:51.407+0000] {logging_mixin.py:190} INFO - [2024-09-16T16:27:51.407+0000] {dag.py:3229} INFO - Sync 1 DAGs
[2024-09-16T16:27:51.488+0000] {logging_mixin.py:190} INFO - [2024-09-16T16:27:51.487+0000] {dag.py:4156} INFO - Setting next_dagrun for example_skip_dag to 2024-09-15 00:00:00+00:00, run_after=2024-09-16 00:00:00+00:00
[2024-09-16T16:27:51.544+0000] {processor.py:208} INFO - Processing /home/airflow/.local/lib/python3.12/site-packages/airflow/example_dags/example_skip_dag.py took 0.298 seconds
[2024-09-16T16:28:22.153+0000] {processor.py:186} INFO - Started process (PID=399) to work on /home/airflow/.local/lib/python3.12/site-packages/airflow/example_dags/example_skip_dag.py
[2024-09-16T16:28:22.155+0000] {processor.py:914} INFO - Processing file /home/airflow/.local/lib/python3.12/site-packages/airflow/example_dags/example_skip_dag.py for tasks to queue
[2024-09-16T16:28:22.161+0000] {logging_mixin.py:190} INFO - [2024-09-16T16:28:22.160+0000] {dagbag.py:587} INFO - Filling up the DagBag from /home/airflow/.local/lib/python3.12/site-packages/airflow/example_dags/example_skip_dag.py
[2024-09-16T16:28:22.179+0000] {processor.py:925} INFO - DAG(s) 'example_skip_dag' retrieved from /home/airflow/.local/lib/python3.12/site-packages/airflow/example_dags/example_skip_dag.py
[2024-09-16T16:28:22.224+0000] {logging_mixin.py:190} INFO - [2024-09-16T16:28:22.224+0000] {dag.py:3229} INFO - Sync 1 DAGs
[2024-09-16T16:28:22.270+0000] {logging_mixin.py:190} INFO - [2024-09-16T16:28:22.269+0000] {dag.py:4156} INFO - Setting next_dagrun for example_skip_dag to 2024-09-15 00:00:00+00:00, run_after=2024-09-16 00:00:00+00:00
[2024-09-16T16:28:22.298+0000] {processor.py:208} INFO - Processing /home/airflow/.local/lib/python3.12/site-packages/airflow/example_dags/example_skip_dag.py took 0.157 seconds
[2024-09-16T16:30:16.143+0000] {processor.py:186} INFO - Started process (PID=87) to work on /home/airflow/.local/lib/python3.12/site-packages/airflow/example_dags/example_skip_dag.py
[2024-09-16T16:30:16.146+0000] {processor.py:914} INFO - Processing file /home/airflow/.local/lib/python3.12/site-packages/airflow/example_dags/example_skip_dag.py for tasks to queue
[2024-09-16T16:30:16.150+0000] {logging_mixin.py:190} INFO - [2024-09-16T16:30:16.150+0000] {dagbag.py:587} INFO - Filling up the DagBag from /home/airflow/.local/lib/python3.12/site-packages/airflow/example_dags/example_skip_dag.py
[2024-09-16T16:30:16.170+0000] {processor.py:925} INFO - DAG(s) 'example_skip_dag' retrieved from /home/airflow/.local/lib/python3.12/site-packages/airflow/example_dags/example_skip_dag.py
[2024-09-16T16:30:16.208+0000] {logging_mixin.py:190} INFO - [2024-09-16T16:30:16.208+0000] {dag.py:3229} INFO - Sync 1 DAGs
[2024-09-16T16:30:16.239+0000] {logging_mixin.py:190} INFO - [2024-09-16T16:30:16.238+0000] {dag.py:4156} INFO - Setting next_dagrun for example_skip_dag to 2024-09-15 00:00:00+00:00, run_after=2024-09-16 00:00:00+00:00
[2024-09-16T16:30:16.261+0000] {processor.py:208} INFO - Processing /home/airflow/.local/lib/python3.12/site-packages/airflow/example_dags/example_skip_dag.py took 0.128 seconds
[2024-09-16T16:30:46.351+0000] {processor.py:186} INFO - Started process (PID=148) to work on /home/airflow/.local/lib/python3.12/site-packages/airflow/example_dags/example_skip_dag.py
[2024-09-16T16:30:46.352+0000] {processor.py:914} INFO - Processing file /home/airflow/.local/lib/python3.12/site-packages/airflow/example_dags/example_skip_dag.py for tasks to queue
[2024-09-16T16:30:46.354+0000] {logging_mixin.py:190} INFO - [2024-09-16T16:30:46.353+0000] {dagbag.py:587} INFO - Filling up the DagBag from /home/airflow/.local/lib/python3.12/site-packages/airflow/example_dags/example_skip_dag.py
[2024-09-16T16:30:46.359+0000] {processor.py:925} INFO - DAG(s) 'example_skip_dag' retrieved from /home/airflow/.local/lib/python3.12/site-packages/airflow/example_dags/example_skip_dag.py
[2024-09-16T16:30:46.378+0000] {logging_mixin.py:190} INFO - [2024-09-16T16:30:46.378+0000] {dag.py:3229} INFO - Sync 1 DAGs
[2024-09-16T16:30:46.396+0000] {logging_mixin.py:190} INFO - [2024-09-16T16:30:46.396+0000] {dag.py:4156} INFO - Setting next_dagrun for example_skip_dag to 2024-09-15 00:00:00+00:00, run_after=2024-09-16 00:00:00+00:00
[2024-09-16T16:30:46.414+0000] {processor.py:208} INFO - Processing /home/airflow/.local/lib/python3.12/site-packages/airflow/example_dags/example_skip_dag.py took 0.068 seconds
[2024-09-16T16:31:17.159+0000] {processor.py:186} INFO - Started process (PID=210) to work on /home/airflow/.local/lib/python3.12/site-packages/airflow/example_dags/example_skip_dag.py
[2024-09-16T16:31:17.160+0000] {processor.py:914} INFO - Processing file /home/airflow/.local/lib/python3.12/site-packages/airflow/example_dags/example_skip_dag.py for tasks to queue
[2024-09-16T16:31:17.163+0000] {logging_mixin.py:190} INFO - [2024-09-16T16:31:17.162+0000] {dagbag.py:587} INFO - Filling up the DagBag from /home/airflow/.local/lib/python3.12/site-packages/airflow/example_dags/example_skip_dag.py
[2024-09-16T16:31:17.170+0000] {processor.py:925} INFO - DAG(s) 'example_skip_dag' retrieved from /home/airflow/.local/lib/python3.12/site-packages/airflow/example_dags/example_skip_dag.py
[2024-09-16T16:31:17.191+0000] {logging_mixin.py:190} INFO - [2024-09-16T16:31:17.190+0000] {dag.py:3229} INFO - Sync 1 DAGs
[2024-09-16T16:31:17.208+0000] {logging_mixin.py:190} INFO - [2024-09-16T16:31:17.208+0000] {dag.py:4156} INFO - Setting next_dagrun for example_skip_dag to 2024-09-15 00:00:00+00:00, run_after=2024-09-16 00:00:00+00:00
[2024-09-16T16:31:17.226+0000] {processor.py:208} INFO - Processing /home/airflow/.local/lib/python3.12/site-packages/airflow/example_dags/example_skip_dag.py took 0.073 seconds
[2024-09-16T16:31:47.524+0000] {processor.py:186} INFO - Started process (PID=272) to work on /home/airflow/.local/lib/python3.12/site-packages/airflow/example_dags/example_skip_dag.py
[2024-09-16T16:31:47.526+0000] {processor.py:914} INFO - Processing file /home/airflow/.local/lib/python3.12/site-packages/airflow/example_dags/example_skip_dag.py for tasks to queue
[2024-09-16T16:31:47.528+0000] {logging_mixin.py:190} INFO - [2024-09-16T16:31:47.528+0000] {dagbag.py:587} INFO - Filling up the DagBag from /home/airflow/.local/lib/python3.12/site-packages/airflow/example_dags/example_skip_dag.py
[2024-09-16T16:31:47.535+0000] {processor.py:925} INFO - DAG(s) 'example_skip_dag' retrieved from /home/airflow/.local/lib/python3.12/site-packages/airflow/example_dags/example_skip_dag.py
[2024-09-16T16:31:47.556+0000] {logging_mixin.py:190} INFO - [2024-09-16T16:31:47.555+0000] {dag.py:3229} INFO - Sync 1 DAGs
[2024-09-16T16:31:47.576+0000] {logging_mixin.py:190} INFO - [2024-09-16T16:31:47.575+0000] {dag.py:4156} INFO - Setting next_dagrun for example_skip_dag to 2024-09-15 00:00:00+00:00, run_after=2024-09-16 00:00:00+00:00
[2024-09-16T16:31:47.594+0000] {processor.py:208} INFO - Processing /home/airflow/.local/lib/python3.12/site-packages/airflow/example_dags/example_skip_dag.py took 0.076 seconds
[2024-09-16T16:32:17.936+0000] {processor.py:186} INFO - Started process (PID=334) to work on /home/airflow/.local/lib/python3.12/site-packages/airflow/example_dags/example_skip_dag.py
[2024-09-16T16:32:17.937+0000] {processor.py:914} INFO - Processing file /home/airflow/.local/lib/python3.12/site-packages/airflow/example_dags/example_skip_dag.py for tasks to queue
[2024-09-16T16:32:17.939+0000] {logging_mixin.py:190} INFO - [2024-09-16T16:32:17.938+0000] {dagbag.py:587} INFO - Filling up the DagBag from /home/airflow/.local/lib/python3.12/site-packages/airflow/example_dags/example_skip_dag.py
[2024-09-16T16:32:17.946+0000] {processor.py:925} INFO - DAG(s) 'example_skip_dag' retrieved from /home/airflow/.local/lib/python3.12/site-packages/airflow/example_dags/example_skip_dag.py
[2024-09-16T16:32:17.967+0000] {logging_mixin.py:190} INFO - [2024-09-16T16:32:17.967+0000] {dag.py:3229} INFO - Sync 1 DAGs
[2024-09-16T16:32:17.987+0000] {logging_mixin.py:190} INFO - [2024-09-16T16:32:17.987+0000] {dag.py:4156} INFO - Setting next_dagrun for example_skip_dag to 2024-09-15 00:00:00+00:00, run_after=2024-09-16 00:00:00+00:00
[2024-09-16T16:32:18.005+0000] {processor.py:208} INFO - Processing /home/airflow/.local/lib/python3.12/site-packages/airflow/example_dags/example_skip_dag.py took 0.074 seconds
[2024-09-16T16:32:48.659+0000] {processor.py:186} INFO - Started process (PID=397) to work on /home/airflow/.local/lib/python3.12/site-packages/airflow/example_dags/example_skip_dag.py
[2024-09-16T16:32:48.660+0000] {processor.py:914} INFO - Processing file /home/airflow/.local/lib/python3.12/site-packages/airflow/example_dags/example_skip_dag.py for tasks to queue
[2024-09-16T16:32:48.663+0000] {logging_mixin.py:190} INFO - [2024-09-16T16:32:48.663+0000] {dagbag.py:587} INFO - Filling up the DagBag from /home/airflow/.local/lib/python3.12/site-packages/airflow/example_dags/example_skip_dag.py
[2024-09-16T16:32:48.670+0000] {processor.py:925} INFO - DAG(s) 'example_skip_dag' retrieved from /home/airflow/.local/lib/python3.12/site-packages/airflow/example_dags/example_skip_dag.py
[2024-09-16T16:32:48.689+0000] {logging_mixin.py:190} INFO - [2024-09-16T16:32:48.689+0000] {dag.py:3229} INFO - Sync 1 DAGs
[2024-09-16T16:32:48.708+0000] {logging_mixin.py:190} INFO - [2024-09-16T16:32:48.708+0000] {dag.py:4156} INFO - Setting next_dagrun for example_skip_dag to 2024-09-15 00:00:00+00:00, run_after=2024-09-16 00:00:00+00:00
[2024-09-16T16:32:48.730+0000] {processor.py:208} INFO - Processing /home/airflow/.local/lib/python3.12/site-packages/airflow/example_dags/example_skip_dag.py took 0.075 seconds
[2024-09-16T16:33:19.054+0000] {processor.py:186} INFO - Started process (PID=459) to work on /home/airflow/.local/lib/python3.12/site-packages/airflow/example_dags/example_skip_dag.py
[2024-09-16T16:33:19.055+0000] {processor.py:914} INFO - Processing file /home/airflow/.local/lib/python3.12/site-packages/airflow/example_dags/example_skip_dag.py for tasks to queue
[2024-09-16T16:33:19.057+0000] {logging_mixin.py:190} INFO - [2024-09-16T16:33:19.057+0000] {dagbag.py:587} INFO - Filling up the DagBag from /home/airflow/.local/lib/python3.12/site-packages/airflow/example_dags/example_skip_dag.py
[2024-09-16T16:33:19.063+0000] {processor.py:925} INFO - DAG(s) 'example_skip_dag' retrieved from /home/airflow/.local/lib/python3.12/site-packages/airflow/example_dags/example_skip_dag.py
[2024-09-16T16:33:19.087+0000] {logging_mixin.py:190} INFO - [2024-09-16T16:33:19.087+0000] {dag.py:3229} INFO - Sync 1 DAGs
[2024-09-16T16:33:19.106+0000] {logging_mixin.py:190} INFO - [2024-09-16T16:33:19.106+0000] {dag.py:4156} INFO - Setting next_dagrun for example_skip_dag to 2024-09-15 00:00:00+00:00, run_after=2024-09-16 00:00:00+00:00
[2024-09-16T16:33:19.125+0000] {processor.py:208} INFO - Processing /home/airflow/.local/lib/python3.12/site-packages/airflow/example_dags/example_skip_dag.py took 0.075 seconds
[2024-09-16T16:33:49.299+0000] {processor.py:186} INFO - Started process (PID=520) to work on /home/airflow/.local/lib/python3.12/site-packages/airflow/example_dags/example_skip_dag.py
[2024-09-16T16:33:49.300+0000] {processor.py:914} INFO - Processing file /home/airflow/.local/lib/python3.12/site-packages/airflow/example_dags/example_skip_dag.py for tasks to queue
[2024-09-16T16:33:49.303+0000] {logging_mixin.py:190} INFO - [2024-09-16T16:33:49.302+0000] {dagbag.py:587} INFO - Filling up the DagBag from /home/airflow/.local/lib/python3.12/site-packages/airflow/example_dags/example_skip_dag.py
[2024-09-16T16:33:49.309+0000] {processor.py:925} INFO - DAG(s) 'example_skip_dag' retrieved from /home/airflow/.local/lib/python3.12/site-packages/airflow/example_dags/example_skip_dag.py
[2024-09-16T16:33:49.328+0000] {logging_mixin.py:190} INFO - [2024-09-16T16:33:49.328+0000] {dag.py:3229} INFO - Sync 1 DAGs
[2024-09-16T16:33:49.348+0000] {logging_mixin.py:190} INFO - [2024-09-16T16:33:49.348+0000] {dag.py:4156} INFO - Setting next_dagrun for example_skip_dag to 2024-09-15 00:00:00+00:00, run_after=2024-09-16 00:00:00+00:00
[2024-09-16T16:33:49.370+0000] {processor.py:208} INFO - Processing /home/airflow/.local/lib/python3.12/site-packages/airflow/example_dags/example_skip_dag.py took 0.076 seconds
[2024-09-16T16:34:20.008+0000] {processor.py:186} INFO - Started process (PID=583) to work on /home/airflow/.local/lib/python3.12/site-packages/airflow/example_dags/example_skip_dag.py
[2024-09-16T16:34:20.009+0000] {processor.py:914} INFO - Processing file /home/airflow/.local/lib/python3.12/site-packages/airflow/example_dags/example_skip_dag.py for tasks to queue
[2024-09-16T16:34:20.011+0000] {logging_mixin.py:190} INFO - [2024-09-16T16:34:20.011+0000] {dagbag.py:587} INFO - Filling up the DagBag from /home/airflow/.local/lib/python3.12/site-packages/airflow/example_dags/example_skip_dag.py
[2024-09-16T16:34:20.016+0000] {processor.py:925} INFO - DAG(s) 'example_skip_dag' retrieved from /home/airflow/.local/lib/python3.12/site-packages/airflow/example_dags/example_skip_dag.py
[2024-09-16T16:34:20.033+0000] {logging_mixin.py:190} INFO - [2024-09-16T16:34:20.033+0000] {dag.py:3229} INFO - Sync 1 DAGs
[2024-09-16T16:34:20.053+0000] {logging_mixin.py:190} INFO - [2024-09-16T16:34:20.053+0000] {dag.py:4156} INFO - Setting next_dagrun for example_skip_dag to 2024-09-15 00:00:00+00:00, run_after=2024-09-16 00:00:00+00:00
[2024-09-16T16:34:20.069+0000] {processor.py:208} INFO - Processing /home/airflow/.local/lib/python3.12/site-packages/airflow/example_dags/example_skip_dag.py took 0.066 seconds
[2024-09-16T16:34:50.573+0000] {processor.py:186} INFO - Started process (PID=645) to work on /home/airflow/.local/lib/python3.12/site-packages/airflow/example_dags/example_skip_dag.py
[2024-09-16T16:34:50.574+0000] {processor.py:914} INFO - Processing file /home/airflow/.local/lib/python3.12/site-packages/airflow/example_dags/example_skip_dag.py for tasks to queue
[2024-09-16T16:34:50.576+0000] {logging_mixin.py:190} INFO - [2024-09-16T16:34:50.576+0000] {dagbag.py:587} INFO - Filling up the DagBag from /home/airflow/.local/lib/python3.12/site-packages/airflow/example_dags/example_skip_dag.py
[2024-09-16T16:34:50.582+0000] {processor.py:925} INFO - DAG(s) 'example_skip_dag' retrieved from /home/airflow/.local/lib/python3.12/site-packages/airflow/example_dags/example_skip_dag.py
[2024-09-16T16:34:50.601+0000] {logging_mixin.py:190} INFO - [2024-09-16T16:34:50.601+0000] {dag.py:3229} INFO - Sync 1 DAGs
[2024-09-16T16:34:50.619+0000] {logging_mixin.py:190} INFO - [2024-09-16T16:34:50.619+0000] {dag.py:4156} INFO - Setting next_dagrun for example_skip_dag to 2024-09-15 00:00:00+00:00, run_after=2024-09-16 00:00:00+00:00
[2024-09-16T16:34:50.637+0000] {processor.py:208} INFO - Processing /home/airflow/.local/lib/python3.12/site-packages/airflow/example_dags/example_skip_dag.py took 0.069 seconds
[2024-09-16T16:35:21.145+0000] {processor.py:186} INFO - Started process (PID=708) to work on /home/airflow/.local/lib/python3.12/site-packages/airflow/example_dags/example_skip_dag.py
[2024-09-16T16:35:21.146+0000] {processor.py:914} INFO - Processing file /home/airflow/.local/lib/python3.12/site-packages/airflow/example_dags/example_skip_dag.py for tasks to queue
[2024-09-16T16:35:21.148+0000] {logging_mixin.py:190} INFO - [2024-09-16T16:35:21.148+0000] {dagbag.py:587} INFO - Filling up the DagBag from /home/airflow/.local/lib/python3.12/site-packages/airflow/example_dags/example_skip_dag.py
[2024-09-16T16:35:21.154+0000] {processor.py:925} INFO - DAG(s) 'example_skip_dag' retrieved from /home/airflow/.local/lib/python3.12/site-packages/airflow/example_dags/example_skip_dag.py
[2024-09-16T16:35:21.172+0000] {logging_mixin.py:190} INFO - [2024-09-16T16:35:21.172+0000] {dag.py:3229} INFO - Sync 1 DAGs
[2024-09-16T16:35:21.190+0000] {logging_mixin.py:190} INFO - [2024-09-16T16:35:21.190+0000] {dag.py:4156} INFO - Setting next_dagrun for example_skip_dag to 2024-09-15 00:00:00+00:00, run_after=2024-09-16 00:00:00+00:00
[2024-09-16T16:35:21.204+0000] {processor.py:208} INFO - Processing /home/airflow/.local/lib/python3.12/site-packages/airflow/example_dags/example_skip_dag.py took 0.063 seconds
[2024-09-16T16:35:51.684+0000] {processor.py:186} INFO - Started process (PID=770) to work on /home/airflow/.local/lib/python3.12/site-packages/airflow/example_dags/example_skip_dag.py
[2024-09-16T16:35:51.685+0000] {processor.py:914} INFO - Processing file /home/airflow/.local/lib/python3.12/site-packages/airflow/example_dags/example_skip_dag.py for tasks to queue
[2024-09-16T16:35:51.688+0000] {logging_mixin.py:190} INFO - [2024-09-16T16:35:51.688+0000] {dagbag.py:587} INFO - Filling up the DagBag from /home/airflow/.local/lib/python3.12/site-packages/airflow/example_dags/example_skip_dag.py
[2024-09-16T16:35:51.696+0000] {processor.py:925} INFO - DAG(s) 'example_skip_dag' retrieved from /home/airflow/.local/lib/python3.12/site-packages/airflow/example_dags/example_skip_dag.py
[2024-09-16T16:35:51.719+0000] {logging_mixin.py:190} INFO - [2024-09-16T16:35:51.718+0000] {dag.py:3229} INFO - Sync 1 DAGs
[2024-09-16T16:35:51.747+0000] {logging_mixin.py:190} INFO - [2024-09-16T16:35:51.747+0000] {dag.py:4156} INFO - Setting next_dagrun for example_skip_dag to 2024-09-15 00:00:00+00:00, run_after=2024-09-16 00:00:00+00:00
[2024-09-16T16:35:51.767+0000] {processor.py:208} INFO - Processing /home/airflow/.local/lib/python3.12/site-packages/airflow/example_dags/example_skip_dag.py took 0.089 seconds
[2024-09-16T16:36:22.198+0000] {processor.py:186} INFO - Started process (PID=832) to work on /home/airflow/.local/lib/python3.12/site-packages/airflow/example_dags/example_skip_dag.py
[2024-09-16T16:36:22.200+0000] {processor.py:914} INFO - Processing file /home/airflow/.local/lib/python3.12/site-packages/airflow/example_dags/example_skip_dag.py for tasks to queue
[2024-09-16T16:36:22.205+0000] {logging_mixin.py:190} INFO - [2024-09-16T16:36:22.204+0000] {dagbag.py:587} INFO - Filling up the DagBag from /home/airflow/.local/lib/python3.12/site-packages/airflow/example_dags/example_skip_dag.py
[2024-09-16T16:36:22.218+0000] {processor.py:925} INFO - DAG(s) 'example_skip_dag' retrieved from /home/airflow/.local/lib/python3.12/site-packages/airflow/example_dags/example_skip_dag.py
[2024-09-16T16:36:22.247+0000] {logging_mixin.py:190} INFO - [2024-09-16T16:36:22.247+0000] {dag.py:3229} INFO - Sync 1 DAGs
[2024-09-16T16:36:22.286+0000] {logging_mixin.py:190} INFO - [2024-09-16T16:36:22.285+0000] {dag.py:4156} INFO - Setting next_dagrun for example_skip_dag to 2024-09-15 00:00:00+00:00, run_after=2024-09-16 00:00:00+00:00
[2024-09-16T16:36:22.307+0000] {processor.py:208} INFO - Processing /home/airflow/.local/lib/python3.12/site-packages/airflow/example_dags/example_skip_dag.py took 0.120 seconds
[2024-09-16T16:36:53.214+0000] {processor.py:186} INFO - Started process (PID=894) to work on /home/airflow/.local/lib/python3.12/site-packages/airflow/example_dags/example_skip_dag.py
[2024-09-16T16:36:53.215+0000] {processor.py:914} INFO - Processing file /home/airflow/.local/lib/python3.12/site-packages/airflow/example_dags/example_skip_dag.py for tasks to queue
[2024-09-16T16:36:53.217+0000] {logging_mixin.py:190} INFO - [2024-09-16T16:36:53.217+0000] {dagbag.py:587} INFO - Filling up the DagBag from /home/airflow/.local/lib/python3.12/site-packages/airflow/example_dags/example_skip_dag.py
[2024-09-16T16:36:53.223+0000] {processor.py:925} INFO - DAG(s) 'example_skip_dag' retrieved from /home/airflow/.local/lib/python3.12/site-packages/airflow/example_dags/example_skip_dag.py
[2024-09-16T16:36:53.242+0000] {logging_mixin.py:190} INFO - [2024-09-16T16:36:53.242+0000] {dag.py:3229} INFO - Sync 1 DAGs
[2024-09-16T16:36:53.261+0000] {logging_mixin.py:190} INFO - [2024-09-16T16:36:53.260+0000] {dag.py:4156} INFO - Setting next_dagrun for example_skip_dag to 2024-09-15 00:00:00+00:00, run_after=2024-09-16 00:00:00+00:00
[2024-09-16T16:36:53.282+0000] {processor.py:208} INFO - Processing /home/airflow/.local/lib/python3.12/site-packages/airflow/example_dags/example_skip_dag.py took 0.072 seconds
[2024-09-16T16:37:23.618+0000] {processor.py:186} INFO - Started process (PID=955) to work on /home/airflow/.local/lib/python3.12/site-packages/airflow/example_dags/example_skip_dag.py
[2024-09-16T16:37:23.619+0000] {processor.py:914} INFO - Processing file /home/airflow/.local/lib/python3.12/site-packages/airflow/example_dags/example_skip_dag.py for tasks to queue
[2024-09-16T16:37:23.621+0000] {logging_mixin.py:190} INFO - [2024-09-16T16:37:23.621+0000] {dagbag.py:587} INFO - Filling up the DagBag from /home/airflow/.local/lib/python3.12/site-packages/airflow/example_dags/example_skip_dag.py
[2024-09-16T16:37:23.628+0000] {processor.py:925} INFO - DAG(s) 'example_skip_dag' retrieved from /home/airflow/.local/lib/python3.12/site-packages/airflow/example_dags/example_skip_dag.py
[2024-09-16T16:37:23.648+0000] {logging_mixin.py:190} INFO - [2024-09-16T16:37:23.648+0000] {dag.py:3229} INFO - Sync 1 DAGs
[2024-09-16T16:37:23.667+0000] {logging_mixin.py:190} INFO - [2024-09-16T16:37:23.667+0000] {dag.py:4156} INFO - Setting next_dagrun for example_skip_dag to 2024-09-15 00:00:00+00:00, run_after=2024-09-16 00:00:00+00:00
[2024-09-16T16:37:23.685+0000] {processor.py:208} INFO - Processing /home/airflow/.local/lib/python3.12/site-packages/airflow/example_dags/example_skip_dag.py took 0.073 seconds
