[2024-09-16T16:25:41.550+0000] {processor.py:186} INFO - Started process (PID=87) to work on /home/airflow/.local/lib/python3.12/site-packages/airflow/example_dags/example_dataset_alias_with_no_taskflow.py
[2024-09-16T16:25:41.551+0000] {processor.py:914} INFO - Processing file /home/airflow/.local/lib/python3.12/site-packages/airflow/example_dags/example_dataset_alias_with_no_taskflow.py for tasks to queue
[2024-09-16T16:25:41.554+0000] {logging_mixin.py:190} INFO - [2024-09-16T16:25:41.554+0000] {dagbag.py:587} INFO - Filling up the DagBag from /home/airflow/.local/lib/python3.12/site-packages/airflow/example_dags/example_dataset_alias_with_no_taskflow.py
[2024-09-16T16:25:41.750+0000] {processor.py:925} INFO - DAG(s) 'dataset_s3_bucket_consumer_with_no_taskflow', 'dataset_alias_example_alias_consumer_with_no_taskflow', 'dataset_alias_example_alias_producer_with_no_taskflow', 'dataset_s3_bucket_producer_with_no_taskflow' retrieved from /home/airflow/.local/lib/python3.12/site-packages/airflow/example_dags/example_dataset_alias_with_no_taskflow.py
[2024-09-16T16:25:41.900+0000] {logging_mixin.py:190} INFO - [2024-09-16T16:25:41.899+0000] {override.py:1900} INFO - Created Permission View: can edit on DAG:dataset_s3_bucket_consumer_with_no_taskflow
[2024-09-16T16:25:41.911+0000] {logging_mixin.py:190} INFO - [2024-09-16T16:25:41.911+0000] {override.py:1900} INFO - Created Permission View: can delete on DAG:dataset_s3_bucket_consumer_with_no_taskflow
[2024-09-16T16:25:41.918+0000] {logging_mixin.py:190} INFO - [2024-09-16T16:25:41.917+0000] {override.py:1900} INFO - Created Permission View: can read on DAG:dataset_s3_bucket_consumer_with_no_taskflow
[2024-09-16T16:25:41.929+0000] {logging_mixin.py:190} INFO - [2024-09-16T16:25:41.928+0000] {override.py:1900} INFO - Created Permission View: can delete on DAG Run:dataset_s3_bucket_consumer_with_no_taskflow
[2024-09-16T16:25:41.937+0000] {logging_mixin.py:190} INFO - [2024-09-16T16:25:41.937+0000] {override.py:1900} INFO - Created Permission View: can create on DAG Run:dataset_s3_bucket_consumer_with_no_taskflow
[2024-09-16T16:25:41.945+0000] {logging_mixin.py:190} INFO - [2024-09-16T16:25:41.944+0000] {override.py:1900} INFO - Created Permission View: menu access on DAG Run:dataset_s3_bucket_consumer_with_no_taskflow
[2024-09-16T16:25:41.952+0000] {logging_mixin.py:190} INFO - [2024-09-16T16:25:41.952+0000] {override.py:1900} INFO - Created Permission View: can read on DAG Run:dataset_s3_bucket_consumer_with_no_taskflow
[2024-09-16T16:25:41.967+0000] {logging_mixin.py:190} INFO - [2024-09-16T16:25:41.966+0000] {override.py:1900} INFO - Created Permission View: can edit on DAG:dataset_alias_example_alias_consumer_with_no_taskflow
[2024-09-16T16:25:41.973+0000] {logging_mixin.py:190} INFO - [2024-09-16T16:25:41.973+0000] {override.py:1900} INFO - Created Permission View: can delete on DAG:dataset_alias_example_alias_consumer_with_no_taskflow
[2024-09-16T16:25:41.980+0000] {logging_mixin.py:190} INFO - [2024-09-16T16:25:41.980+0000] {override.py:1900} INFO - Created Permission View: can read on DAG:dataset_alias_example_alias_consumer_with_no_taskflow
[2024-09-16T16:25:41.988+0000] {logging_mixin.py:190} INFO - [2024-09-16T16:25:41.987+0000] {override.py:1900} INFO - Created Permission View: can delete on DAG Run:dataset_alias_example_alias_consumer_with_no_taskflow
[2024-09-16T16:25:41.994+0000] {logging_mixin.py:190} INFO - [2024-09-16T16:25:41.994+0000] {override.py:1900} INFO - Created Permission View: can create on DAG Run:dataset_alias_example_alias_consumer_with_no_taskflow
[2024-09-16T16:25:42.002+0000] {logging_mixin.py:190} INFO - [2024-09-16T16:25:42.001+0000] {override.py:1900} INFO - Created Permission View: menu access on DAG Run:dataset_alias_example_alias_consumer_with_no_taskflow
[2024-09-16T16:25:42.009+0000] {logging_mixin.py:190} INFO - [2024-09-16T16:25:42.009+0000] {override.py:1900} INFO - Created Permission View: can read on DAG Run:dataset_alias_example_alias_consumer_with_no_taskflow
[2024-09-16T16:25:42.024+0000] {logging_mixin.py:190} INFO - [2024-09-16T16:25:42.024+0000] {override.py:1900} INFO - Created Permission View: can edit on DAG:dataset_alias_example_alias_producer_with_no_taskflow
[2024-09-16T16:25:42.031+0000] {logging_mixin.py:190} INFO - [2024-09-16T16:25:42.031+0000] {override.py:1900} INFO - Created Permission View: can delete on DAG:dataset_alias_example_alias_producer_with_no_taskflow
[2024-09-16T16:25:42.039+0000] {logging_mixin.py:190} INFO - [2024-09-16T16:25:42.038+0000] {override.py:1900} INFO - Created Permission View: can read on DAG:dataset_alias_example_alias_producer_with_no_taskflow
[2024-09-16T16:25:42.047+0000] {logging_mixin.py:190} INFO - [2024-09-16T16:25:42.046+0000] {override.py:1900} INFO - Created Permission View: can delete on DAG Run:dataset_alias_example_alias_producer_with_no_taskflow
[2024-09-16T16:25:42.053+0000] {logging_mixin.py:190} INFO - [2024-09-16T16:25:42.053+0000] {override.py:1900} INFO - Created Permission View: can create on DAG Run:dataset_alias_example_alias_producer_with_no_taskflow
[2024-09-16T16:25:42.060+0000] {logging_mixin.py:190} INFO - [2024-09-16T16:25:42.060+0000] {override.py:1900} INFO - Created Permission View: menu access on DAG Run:dataset_alias_example_alias_producer_with_no_taskflow
[2024-09-16T16:25:42.067+0000] {logging_mixin.py:190} INFO - [2024-09-16T16:25:42.067+0000] {override.py:1900} INFO - Created Permission View: can read on DAG Run:dataset_alias_example_alias_producer_with_no_taskflow
[2024-09-16T16:25:42.080+0000] {logging_mixin.py:190} INFO - [2024-09-16T16:25:42.080+0000] {override.py:1900} INFO - Created Permission View: can edit on DAG:dataset_s3_bucket_producer_with_no_taskflow
[2024-09-16T16:25:42.087+0000] {logging_mixin.py:190} INFO - [2024-09-16T16:25:42.087+0000] {override.py:1900} INFO - Created Permission View: can delete on DAG:dataset_s3_bucket_producer_with_no_taskflow
[2024-09-16T16:25:42.094+0000] {logging_mixin.py:190} INFO - [2024-09-16T16:25:42.094+0000] {override.py:1900} INFO - Created Permission View: can read on DAG:dataset_s3_bucket_producer_with_no_taskflow
[2024-09-16T16:25:42.103+0000] {logging_mixin.py:190} INFO - [2024-09-16T16:25:42.102+0000] {override.py:1900} INFO - Created Permission View: can delete on DAG Run:dataset_s3_bucket_producer_with_no_taskflow
[2024-09-16T16:25:42.110+0000] {logging_mixin.py:190} INFO - [2024-09-16T16:25:42.110+0000] {override.py:1900} INFO - Created Permission View: can create on DAG Run:dataset_s3_bucket_producer_with_no_taskflow
[2024-09-16T16:25:42.118+0000] {logging_mixin.py:190} INFO - [2024-09-16T16:25:42.117+0000] {override.py:1900} INFO - Created Permission View: menu access on DAG Run:dataset_s3_bucket_producer_with_no_taskflow
[2024-09-16T16:25:42.125+0000] {logging_mixin.py:190} INFO - [2024-09-16T16:25:42.125+0000] {override.py:1900} INFO - Created Permission View: can read on DAG Run:dataset_s3_bucket_producer_with_no_taskflow
[2024-09-16T16:25:42.126+0000] {logging_mixin.py:190} INFO - [2024-09-16T16:25:42.125+0000] {dag.py:3229} INFO - Sync 4 DAGs
[2024-09-16T16:25:42.143+0000] {logging_mixin.py:190} INFO - [2024-09-16T16:25:42.143+0000] {dag.py:3252} INFO - Creating ORM DAG for dataset_alias_example_alias_producer_with_no_taskflow
[2024-09-16T16:25:42.144+0000] {logging_mixin.py:190} INFO - [2024-09-16T16:25:42.144+0000] {dag.py:3252} INFO - Creating ORM DAG for dataset_alias_example_alias_consumer_with_no_taskflow
[2024-09-16T16:25:42.145+0000] {logging_mixin.py:190} INFO - [2024-09-16T16:25:42.145+0000] {dag.py:3252} INFO - Creating ORM DAG for dataset_s3_bucket_consumer_with_no_taskflow
[2024-09-16T16:25:42.146+0000] {logging_mixin.py:190} INFO - [2024-09-16T16:25:42.146+0000] {dag.py:3252} INFO - Creating ORM DAG for dataset_s3_bucket_producer_with_no_taskflow
[2024-09-16T16:25:42.156+0000] {logging_mixin.py:190} INFO - [2024-09-16T16:25:42.156+0000] {dag.py:4156} INFO - Setting next_dagrun for dataset_alias_example_alias_consumer_with_no_taskflow to None, run_after=None
[2024-09-16T16:25:42.158+0000] {logging_mixin.py:190} INFO - [2024-09-16T16:25:42.157+0000] {dag.py:4156} INFO - Setting next_dagrun for dataset_alias_example_alias_producer_with_no_taskflow to None, run_after=None
[2024-09-16T16:25:42.158+0000] {logging_mixin.py:190} INFO - [2024-09-16T16:25:42.158+0000] {dag.py:4156} INFO - Setting next_dagrun for dataset_s3_bucket_consumer_with_no_taskflow to None, run_after=None
[2024-09-16T16:25:42.159+0000] {logging_mixin.py:190} INFO - [2024-09-16T16:25:42.159+0000] {dag.py:4156} INFO - Setting next_dagrun for dataset_s3_bucket_producer_with_no_taskflow to None, run_after=None
[2024-09-16T16:25:42.239+0000] {processor.py:208} INFO - Processing /home/airflow/.local/lib/python3.12/site-packages/airflow/example_dags/example_dataset_alias_with_no_taskflow.py took 0.696 seconds
[2024-09-16T16:26:12.837+0000] {processor.py:186} INFO - Started process (PID=149) to work on /home/airflow/.local/lib/python3.12/site-packages/airflow/example_dags/example_dataset_alias_with_no_taskflow.py
[2024-09-16T16:26:12.839+0000] {processor.py:914} INFO - Processing file /home/airflow/.local/lib/python3.12/site-packages/airflow/example_dags/example_dataset_alias_with_no_taskflow.py for tasks to queue
[2024-09-16T16:26:12.847+0000] {logging_mixin.py:190} INFO - [2024-09-16T16:26:12.846+0000] {dagbag.py:587} INFO - Filling up the DagBag from /home/airflow/.local/lib/python3.12/site-packages/airflow/example_dags/example_dataset_alias_with_no_taskflow.py
[2024-09-16T16:26:13.204+0000] {processor.py:925} INFO - DAG(s) 'dataset_s3_bucket_consumer_with_no_taskflow', 'dataset_alias_example_alias_producer_with_no_taskflow', 'dataset_s3_bucket_producer_with_no_taskflow', 'dataset_alias_example_alias_consumer_with_no_taskflow' retrieved from /home/airflow/.local/lib/python3.12/site-packages/airflow/example_dags/example_dataset_alias_with_no_taskflow.py
[2024-09-16T16:26:13.331+0000] {logging_mixin.py:190} INFO - [2024-09-16T16:26:13.331+0000] {dag.py:3229} INFO - Sync 4 DAGs
[2024-09-16T16:26:13.362+0000] {logging_mixin.py:190} INFO - [2024-09-16T16:26:13.362+0000] {dag.py:4156} INFO - Setting next_dagrun for dataset_alias_example_alias_consumer_with_no_taskflow to None, run_after=None
[2024-09-16T16:26:13.365+0000] {logging_mixin.py:190} INFO - [2024-09-16T16:26:13.365+0000] {dag.py:4156} INFO - Setting next_dagrun for dataset_alias_example_alias_producer_with_no_taskflow to None, run_after=None
[2024-09-16T16:26:13.366+0000] {logging_mixin.py:190} INFO - [2024-09-16T16:26:13.366+0000] {dag.py:4156} INFO - Setting next_dagrun for dataset_s3_bucket_consumer_with_no_taskflow to None, run_after=None
[2024-09-16T16:26:13.367+0000] {logging_mixin.py:190} INFO - [2024-09-16T16:26:13.367+0000] {dag.py:4156} INFO - Setting next_dagrun for dataset_s3_bucket_producer_with_no_taskflow to None, run_after=None
[2024-09-16T16:26:13.395+0000] {processor.py:208} INFO - Processing /home/airflow/.local/lib/python3.12/site-packages/airflow/example_dags/example_dataset_alias_with_no_taskflow.py took 0.583 seconds
[2024-09-16T16:26:44.926+0000] {processor.py:186} INFO - Started process (PID=211) to work on /home/airflow/.local/lib/python3.12/site-packages/airflow/example_dags/example_dataset_alias_with_no_taskflow.py
[2024-09-16T16:26:44.929+0000] {processor.py:914} INFO - Processing file /home/airflow/.local/lib/python3.12/site-packages/airflow/example_dags/example_dataset_alias_with_no_taskflow.py for tasks to queue
[2024-09-16T16:26:44.934+0000] {logging_mixin.py:190} INFO - [2024-09-16T16:26:44.933+0000] {dagbag.py:587} INFO - Filling up the DagBag from /home/airflow/.local/lib/python3.12/site-packages/airflow/example_dags/example_dataset_alias_with_no_taskflow.py
[2024-09-16T16:26:45.381+0000] {processor.py:925} INFO - DAG(s) 'dataset_alias_example_alias_consumer_with_no_taskflow', 'dataset_s3_bucket_consumer_with_no_taskflow', 'dataset_s3_bucket_producer_with_no_taskflow', 'dataset_alias_example_alias_producer_with_no_taskflow' retrieved from /home/airflow/.local/lib/python3.12/site-packages/airflow/example_dags/example_dataset_alias_with_no_taskflow.py
[2024-09-16T16:26:45.433+0000] {logging_mixin.py:190} INFO - [2024-09-16T16:26:45.433+0000] {dag.py:3229} INFO - Sync 4 DAGs
[2024-09-16T16:26:45.473+0000] {logging_mixin.py:190} INFO - [2024-09-16T16:26:45.473+0000] {dag.py:4156} INFO - Setting next_dagrun for dataset_alias_example_alias_consumer_with_no_taskflow to None, run_after=None
[2024-09-16T16:26:45.477+0000] {logging_mixin.py:190} INFO - [2024-09-16T16:26:45.477+0000] {dag.py:4156} INFO - Setting next_dagrun for dataset_alias_example_alias_producer_with_no_taskflow to None, run_after=None
[2024-09-16T16:26:45.481+0000] {logging_mixin.py:190} INFO - [2024-09-16T16:26:45.480+0000] {dag.py:4156} INFO - Setting next_dagrun for dataset_s3_bucket_consumer_with_no_taskflow to None, run_after=None
[2024-09-16T16:26:45.483+0000] {logging_mixin.py:190} INFO - [2024-09-16T16:26:45.483+0000] {dag.py:4156} INFO - Setting next_dagrun for dataset_s3_bucket_producer_with_no_taskflow to None, run_after=None
[2024-09-16T16:26:45.515+0000] {processor.py:208} INFO - Processing /home/airflow/.local/lib/python3.12/site-packages/airflow/example_dags/example_dataset_alias_with_no_taskflow.py took 0.609 seconds
[2024-09-16T16:27:16.317+0000] {processor.py:186} INFO - Started process (PID=273) to work on /home/airflow/.local/lib/python3.12/site-packages/airflow/example_dags/example_dataset_alias_with_no_taskflow.py
[2024-09-16T16:27:16.319+0000] {processor.py:914} INFO - Processing file /home/airflow/.local/lib/python3.12/site-packages/airflow/example_dags/example_dataset_alias_with_no_taskflow.py for tasks to queue
[2024-09-16T16:27:16.323+0000] {logging_mixin.py:190} INFO - [2024-09-16T16:27:16.323+0000] {dagbag.py:587} INFO - Filling up the DagBag from /home/airflow/.local/lib/python3.12/site-packages/airflow/example_dags/example_dataset_alias_with_no_taskflow.py
[2024-09-16T16:27:16.598+0000] {processor.py:925} INFO - DAG(s) 'dataset_s3_bucket_producer_with_no_taskflow', 'dataset_alias_example_alias_consumer_with_no_taskflow', 'dataset_s3_bucket_consumer_with_no_taskflow', 'dataset_alias_example_alias_producer_with_no_taskflow' retrieved from /home/airflow/.local/lib/python3.12/site-packages/airflow/example_dags/example_dataset_alias_with_no_taskflow.py
[2024-09-16T16:27:16.643+0000] {logging_mixin.py:190} INFO - [2024-09-16T16:27:16.643+0000] {dag.py:3229} INFO - Sync 4 DAGs
[2024-09-16T16:27:16.693+0000] {logging_mixin.py:190} INFO - [2024-09-16T16:27:16.693+0000] {dag.py:4156} INFO - Setting next_dagrun for dataset_alias_example_alias_consumer_with_no_taskflow to None, run_after=None
[2024-09-16T16:27:16.698+0000] {logging_mixin.py:190} INFO - [2024-09-16T16:27:16.698+0000] {dag.py:4156} INFO - Setting next_dagrun for dataset_alias_example_alias_producer_with_no_taskflow to None, run_after=None
[2024-09-16T16:27:16.701+0000] {logging_mixin.py:190} INFO - [2024-09-16T16:27:16.701+0000] {dag.py:4156} INFO - Setting next_dagrun for dataset_s3_bucket_consumer_with_no_taskflow to None, run_after=None
[2024-09-16T16:27:16.704+0000] {logging_mixin.py:190} INFO - [2024-09-16T16:27:16.704+0000] {dag.py:4156} INFO - Setting next_dagrun for dataset_s3_bucket_producer_with_no_taskflow to None, run_after=None
[2024-09-16T16:27:16.743+0000] {processor.py:208} INFO - Processing /home/airflow/.local/lib/python3.12/site-packages/airflow/example_dags/example_dataset_alias_with_no_taskflow.py took 0.435 seconds
[2024-09-16T16:27:50.026+0000] {processor.py:186} INFO - Started process (PID=335) to work on /home/airflow/.local/lib/python3.12/site-packages/airflow/example_dags/example_dataset_alias_with_no_taskflow.py
[2024-09-16T16:27:50.031+0000] {processor.py:914} INFO - Processing file /home/airflow/.local/lib/python3.12/site-packages/airflow/example_dags/example_dataset_alias_with_no_taskflow.py for tasks to queue
[2024-09-16T16:27:50.042+0000] {logging_mixin.py:190} INFO - [2024-09-16T16:27:50.041+0000] {dagbag.py:587} INFO - Filling up the DagBag from /home/airflow/.local/lib/python3.12/site-packages/airflow/example_dags/example_dataset_alias_with_no_taskflow.py
[2024-09-16T16:27:50.586+0000] {processor.py:925} INFO - DAG(s) 'dataset_alias_example_alias_producer_with_no_taskflow', 'dataset_alias_example_alias_consumer_with_no_taskflow', 'dataset_s3_bucket_consumer_with_no_taskflow', 'dataset_s3_bucket_producer_with_no_taskflow' retrieved from /home/airflow/.local/lib/python3.12/site-packages/airflow/example_dags/example_dataset_alias_with_no_taskflow.py
[2024-09-16T16:27:50.685+0000] {logging_mixin.py:190} INFO - [2024-09-16T16:27:50.684+0000] {dag.py:3229} INFO - Sync 4 DAGs
[2024-09-16T16:27:50.770+0000] {logging_mixin.py:190} INFO - [2024-09-16T16:27:50.770+0000] {dag.py:4156} INFO - Setting next_dagrun for dataset_alias_example_alias_consumer_with_no_taskflow to None, run_after=None
[2024-09-16T16:27:50.777+0000] {logging_mixin.py:190} INFO - [2024-09-16T16:27:50.776+0000] {dag.py:4156} INFO - Setting next_dagrun for dataset_alias_example_alias_producer_with_no_taskflow to None, run_after=None
[2024-09-16T16:27:50.783+0000] {logging_mixin.py:190} INFO - [2024-09-16T16:27:50.782+0000] {dag.py:4156} INFO - Setting next_dagrun for dataset_s3_bucket_consumer_with_no_taskflow to None, run_after=None
[2024-09-16T16:27:50.797+0000] {logging_mixin.py:190} INFO - [2024-09-16T16:27:50.797+0000] {dag.py:4156} INFO - Setting next_dagrun for dataset_s3_bucket_producer_with_no_taskflow to None, run_after=None
[2024-09-16T16:27:50.864+0000] {processor.py:208} INFO - Processing /home/airflow/.local/lib/python3.12/site-packages/airflow/example_dags/example_dataset_alias_with_no_taskflow.py took 0.855 seconds
[2024-09-16T16:28:21.667+0000] {processor.py:186} INFO - Started process (PID=397) to work on /home/airflow/.local/lib/python3.12/site-packages/airflow/example_dags/example_dataset_alias_with_no_taskflow.py
[2024-09-16T16:28:21.669+0000] {processor.py:914} INFO - Processing file /home/airflow/.local/lib/python3.12/site-packages/airflow/example_dags/example_dataset_alias_with_no_taskflow.py for tasks to queue
[2024-09-16T16:28:21.673+0000] {logging_mixin.py:190} INFO - [2024-09-16T16:28:21.672+0000] {dagbag.py:587} INFO - Filling up the DagBag from /home/airflow/.local/lib/python3.12/site-packages/airflow/example_dags/example_dataset_alias_with_no_taskflow.py
[2024-09-16T16:28:21.874+0000] {processor.py:925} INFO - DAG(s) 'dataset_alias_example_alias_producer_with_no_taskflow', 'dataset_s3_bucket_consumer_with_no_taskflow', 'dataset_s3_bucket_producer_with_no_taskflow', 'dataset_alias_example_alias_consumer_with_no_taskflow' retrieved from /home/airflow/.local/lib/python3.12/site-packages/airflow/example_dags/example_dataset_alias_with_no_taskflow.py
[2024-09-16T16:28:21.904+0000] {logging_mixin.py:190} INFO - [2024-09-16T16:28:21.904+0000] {dag.py:3229} INFO - Sync 4 DAGs
[2024-09-16T16:28:21.944+0000] {logging_mixin.py:190} INFO - [2024-09-16T16:28:21.943+0000] {dag.py:4156} INFO - Setting next_dagrun for dataset_alias_example_alias_consumer_with_no_taskflow to None, run_after=None
[2024-09-16T16:28:21.950+0000] {logging_mixin.py:190} INFO - [2024-09-16T16:28:21.950+0000] {dag.py:4156} INFO - Setting next_dagrun for dataset_alias_example_alias_producer_with_no_taskflow to None, run_after=None
[2024-09-16T16:28:21.955+0000] {logging_mixin.py:190} INFO - [2024-09-16T16:28:21.955+0000] {dag.py:4156} INFO - Setting next_dagrun for dataset_s3_bucket_consumer_with_no_taskflow to None, run_after=None
[2024-09-16T16:28:21.958+0000] {logging_mixin.py:190} INFO - [2024-09-16T16:28:21.958+0000] {dag.py:4156} INFO - Setting next_dagrun for dataset_s3_bucket_producer_with_no_taskflow to None, run_after=None
[2024-09-16T16:28:21.995+0000] {processor.py:208} INFO - Processing /home/airflow/.local/lib/python3.12/site-packages/airflow/example_dags/example_dataset_alias_with_no_taskflow.py took 0.335 seconds
[2024-09-16T16:30:15.589+0000] {processor.py:186} INFO - Started process (PID=84) to work on /home/airflow/.local/lib/python3.12/site-packages/airflow/example_dags/example_dataset_alias_with_no_taskflow.py
[2024-09-16T16:30:15.590+0000] {processor.py:914} INFO - Processing file /home/airflow/.local/lib/python3.12/site-packages/airflow/example_dags/example_dataset_alias_with_no_taskflow.py for tasks to queue
[2024-09-16T16:30:15.595+0000] {logging_mixin.py:190} INFO - [2024-09-16T16:30:15.594+0000] {dagbag.py:587} INFO - Filling up the DagBag from /home/airflow/.local/lib/python3.12/site-packages/airflow/example_dags/example_dataset_alias_with_no_taskflow.py
[2024-09-16T16:30:15.814+0000] {processor.py:925} INFO - DAG(s) 'dataset_s3_bucket_consumer_with_no_taskflow', 'dataset_s3_bucket_producer_with_no_taskflow', 'dataset_alias_example_alias_producer_with_no_taskflow', 'dataset_alias_example_alias_consumer_with_no_taskflow' retrieved from /home/airflow/.local/lib/python3.12/site-packages/airflow/example_dags/example_dataset_alias_with_no_taskflow.py
[2024-09-16T16:30:15.850+0000] {logging_mixin.py:190} INFO - [2024-09-16T16:30:15.850+0000] {dag.py:3229} INFO - Sync 4 DAGs
[2024-09-16T16:30:15.925+0000] {logging_mixin.py:190} INFO - [2024-09-16T16:30:15.925+0000] {dag.py:4156} INFO - Setting next_dagrun for dataset_alias_example_alias_consumer_with_no_taskflow to None, run_after=None
[2024-09-16T16:30:15.930+0000] {logging_mixin.py:190} INFO - [2024-09-16T16:30:15.929+0000] {dag.py:4156} INFO - Setting next_dagrun for dataset_alias_example_alias_producer_with_no_taskflow to None, run_after=None
[2024-09-16T16:30:15.932+0000] {logging_mixin.py:190} INFO - [2024-09-16T16:30:15.931+0000] {dag.py:4156} INFO - Setting next_dagrun for dataset_s3_bucket_consumer_with_no_taskflow to None, run_after=None
[2024-09-16T16:30:15.934+0000] {logging_mixin.py:190} INFO - [2024-09-16T16:30:15.934+0000] {dag.py:4156} INFO - Setting next_dagrun for dataset_s3_bucket_producer_with_no_taskflow to None, run_after=None
[2024-09-16T16:30:15.969+0000] {processor.py:208} INFO - Processing /home/airflow/.local/lib/python3.12/site-packages/airflow/example_dags/example_dataset_alias_with_no_taskflow.py took 0.389 seconds
[2024-09-16T16:30:46.044+0000] {processor.py:186} INFO - Started process (PID=146) to work on /home/airflow/.local/lib/python3.12/site-packages/airflow/example_dags/example_dataset_alias_with_no_taskflow.py
[2024-09-16T16:30:46.045+0000] {processor.py:914} INFO - Processing file /home/airflow/.local/lib/python3.12/site-packages/airflow/example_dags/example_dataset_alias_with_no_taskflow.py for tasks to queue
[2024-09-16T16:30:46.047+0000] {logging_mixin.py:190} INFO - [2024-09-16T16:30:46.047+0000] {dagbag.py:587} INFO - Filling up the DagBag from /home/airflow/.local/lib/python3.12/site-packages/airflow/example_dags/example_dataset_alias_with_no_taskflow.py
[2024-09-16T16:30:46.156+0000] {processor.py:925} INFO - DAG(s) 'dataset_alias_example_alias_producer_with_no_taskflow', 'dataset_s3_bucket_consumer_with_no_taskflow', 'dataset_s3_bucket_producer_with_no_taskflow', 'dataset_alias_example_alias_consumer_with_no_taskflow' retrieved from /home/airflow/.local/lib/python3.12/site-packages/airflow/example_dags/example_dataset_alias_with_no_taskflow.py
[2024-09-16T16:30:46.174+0000] {logging_mixin.py:190} INFO - [2024-09-16T16:30:46.174+0000] {dag.py:3229} INFO - Sync 4 DAGs
[2024-09-16T16:30:46.190+0000] {logging_mixin.py:190} INFO - [2024-09-16T16:30:46.190+0000] {dag.py:4156} INFO - Setting next_dagrun for dataset_alias_example_alias_consumer_with_no_taskflow to None, run_after=None
[2024-09-16T16:30:46.192+0000] {logging_mixin.py:190} INFO - [2024-09-16T16:30:46.192+0000] {dag.py:4156} INFO - Setting next_dagrun for dataset_alias_example_alias_producer_with_no_taskflow to None, run_after=None
[2024-09-16T16:30:46.193+0000] {logging_mixin.py:190} INFO - [2024-09-16T16:30:46.193+0000] {dag.py:4156} INFO - Setting next_dagrun for dataset_s3_bucket_consumer_with_no_taskflow to None, run_after=None
[2024-09-16T16:30:46.195+0000] {logging_mixin.py:190} INFO - [2024-09-16T16:30:46.194+0000] {dag.py:4156} INFO - Setting next_dagrun for dataset_s3_bucket_producer_with_no_taskflow to None, run_after=None
[2024-09-16T16:30:46.218+0000] {processor.py:208} INFO - Processing /home/airflow/.local/lib/python3.12/site-packages/airflow/example_dags/example_dataset_alias_with_no_taskflow.py took 0.178 seconds
[2024-09-16T16:31:17.048+0000] {processor.py:186} INFO - Started process (PID=208) to work on /home/airflow/.local/lib/python3.12/site-packages/airflow/example_dags/example_dataset_alias_with_no_taskflow.py
[2024-09-16T16:31:17.049+0000] {processor.py:914} INFO - Processing file /home/airflow/.local/lib/python3.12/site-packages/airflow/example_dags/example_dataset_alias_with_no_taskflow.py for tasks to queue
[2024-09-16T16:31:17.052+0000] {logging_mixin.py:190} INFO - [2024-09-16T16:31:17.051+0000] {dagbag.py:587} INFO - Filling up the DagBag from /home/airflow/.local/lib/python3.12/site-packages/airflow/example_dags/example_dataset_alias_with_no_taskflow.py
[2024-09-16T16:31:17.174+0000] {processor.py:925} INFO - DAG(s) 'dataset_alias_example_alias_consumer_with_no_taskflow', 'dataset_s3_bucket_producer_with_no_taskflow', 'dataset_s3_bucket_consumer_with_no_taskflow', 'dataset_alias_example_alias_producer_with_no_taskflow' retrieved from /home/airflow/.local/lib/python3.12/site-packages/airflow/example_dags/example_dataset_alias_with_no_taskflow.py
[2024-09-16T16:31:17.195+0000] {logging_mixin.py:190} INFO - [2024-09-16T16:31:17.195+0000] {dag.py:3229} INFO - Sync 4 DAGs
[2024-09-16T16:31:17.211+0000] {logging_mixin.py:190} INFO - [2024-09-16T16:31:17.211+0000] {dag.py:4156} INFO - Setting next_dagrun for dataset_alias_example_alias_consumer_with_no_taskflow to None, run_after=None
[2024-09-16T16:31:17.214+0000] {logging_mixin.py:190} INFO - [2024-09-16T16:31:17.214+0000] {dag.py:4156} INFO - Setting next_dagrun for dataset_alias_example_alias_producer_with_no_taskflow to None, run_after=None
[2024-09-16T16:31:17.216+0000] {logging_mixin.py:190} INFO - [2024-09-16T16:31:17.216+0000] {dag.py:4156} INFO - Setting next_dagrun for dataset_s3_bucket_consumer_with_no_taskflow to None, run_after=None
[2024-09-16T16:31:17.218+0000] {logging_mixin.py:190} INFO - [2024-09-16T16:31:17.218+0000] {dag.py:4156} INFO - Setting next_dagrun for dataset_s3_bucket_producer_with_no_taskflow to None, run_after=None
[2024-09-16T16:31:17.241+0000] {processor.py:208} INFO - Processing /home/airflow/.local/lib/python3.12/site-packages/airflow/example_dags/example_dataset_alias_with_no_taskflow.py took 0.197 seconds
[2024-09-16T16:31:47.371+0000] {processor.py:186} INFO - Started process (PID=271) to work on /home/airflow/.local/lib/python3.12/site-packages/airflow/example_dags/example_dataset_alias_with_no_taskflow.py
[2024-09-16T16:31:47.372+0000] {processor.py:914} INFO - Processing file /home/airflow/.local/lib/python3.12/site-packages/airflow/example_dags/example_dataset_alias_with_no_taskflow.py for tasks to queue
[2024-09-16T16:31:47.374+0000] {logging_mixin.py:190} INFO - [2024-09-16T16:31:47.374+0000] {dagbag.py:587} INFO - Filling up the DagBag from /home/airflow/.local/lib/python3.12/site-packages/airflow/example_dags/example_dataset_alias_with_no_taskflow.py
[2024-09-16T16:31:47.506+0000] {processor.py:925} INFO - DAG(s) 'dataset_s3_bucket_consumer_with_no_taskflow', 'dataset_alias_example_alias_producer_with_no_taskflow', 'dataset_s3_bucket_producer_with_no_taskflow', 'dataset_alias_example_alias_consumer_with_no_taskflow' retrieved from /home/airflow/.local/lib/python3.12/site-packages/airflow/example_dags/example_dataset_alias_with_no_taskflow.py
[2024-09-16T16:31:47.532+0000] {logging_mixin.py:190} INFO - [2024-09-16T16:31:47.532+0000] {dag.py:3229} INFO - Sync 4 DAGs
[2024-09-16T16:31:47.553+0000] {logging_mixin.py:190} INFO - [2024-09-16T16:31:47.553+0000] {dag.py:4156} INFO - Setting next_dagrun for dataset_alias_example_alias_consumer_with_no_taskflow to None, run_after=None
[2024-09-16T16:31:47.556+0000] {logging_mixin.py:190} INFO - [2024-09-16T16:31:47.556+0000] {dag.py:4156} INFO - Setting next_dagrun for dataset_alias_example_alias_producer_with_no_taskflow to None, run_after=None
[2024-09-16T16:31:47.557+0000] {logging_mixin.py:190} INFO - [2024-09-16T16:31:47.557+0000] {dag.py:4156} INFO - Setting next_dagrun for dataset_s3_bucket_consumer_with_no_taskflow to None, run_after=None
[2024-09-16T16:31:47.559+0000] {logging_mixin.py:190} INFO - [2024-09-16T16:31:47.559+0000] {dag.py:4156} INFO - Setting next_dagrun for dataset_s3_bucket_producer_with_no_taskflow to None, run_after=None
[2024-09-16T16:31:47.580+0000] {processor.py:208} INFO - Processing /home/airflow/.local/lib/python3.12/site-packages/airflow/example_dags/example_dataset_alias_with_no_taskflow.py took 0.214 seconds
[2024-09-16T16:32:17.765+0000] {processor.py:186} INFO - Started process (PID=333) to work on /home/airflow/.local/lib/python3.12/site-packages/airflow/example_dags/example_dataset_alias_with_no_taskflow.py
[2024-09-16T16:32:17.766+0000] {processor.py:914} INFO - Processing file /home/airflow/.local/lib/python3.12/site-packages/airflow/example_dags/example_dataset_alias_with_no_taskflow.py for tasks to queue
[2024-09-16T16:32:17.768+0000] {logging_mixin.py:190} INFO - [2024-09-16T16:32:17.768+0000] {dagbag.py:587} INFO - Filling up the DagBag from /home/airflow/.local/lib/python3.12/site-packages/airflow/example_dags/example_dataset_alias_with_no_taskflow.py
[2024-09-16T16:32:17.886+0000] {processor.py:925} INFO - DAG(s) 'dataset_s3_bucket_producer_with_no_taskflow', 'dataset_alias_example_alias_producer_with_no_taskflow', 'dataset_s3_bucket_consumer_with_no_taskflow', 'dataset_alias_example_alias_consumer_with_no_taskflow' retrieved from /home/airflow/.local/lib/python3.12/site-packages/airflow/example_dags/example_dataset_alias_with_no_taskflow.py
[2024-09-16T16:32:17.907+0000] {logging_mixin.py:190} INFO - [2024-09-16T16:32:17.906+0000] {dag.py:3229} INFO - Sync 4 DAGs
[2024-09-16T16:32:17.928+0000] {logging_mixin.py:190} INFO - [2024-09-16T16:32:17.928+0000] {dag.py:4156} INFO - Setting next_dagrun for dataset_alias_example_alias_consumer_with_no_taskflow to None, run_after=None
[2024-09-16T16:32:17.931+0000] {logging_mixin.py:190} INFO - [2024-09-16T16:32:17.931+0000] {dag.py:4156} INFO - Setting next_dagrun for dataset_alias_example_alias_producer_with_no_taskflow to None, run_after=None
[2024-09-16T16:32:17.933+0000] {logging_mixin.py:190} INFO - [2024-09-16T16:32:17.932+0000] {dag.py:4156} INFO - Setting next_dagrun for dataset_s3_bucket_consumer_with_no_taskflow to None, run_after=None
[2024-09-16T16:32:17.934+0000] {logging_mixin.py:190} INFO - [2024-09-16T16:32:17.934+0000] {dag.py:4156} INFO - Setting next_dagrun for dataset_s3_bucket_producer_with_no_taskflow to None, run_after=None
[2024-09-16T16:32:17.954+0000] {processor.py:208} INFO - Processing /home/airflow/.local/lib/python3.12/site-packages/airflow/example_dags/example_dataset_alias_with_no_taskflow.py took 0.194 seconds
[2024-09-16T16:32:48.411+0000] {processor.py:186} INFO - Started process (PID=395) to work on /home/airflow/.local/lib/python3.12/site-packages/airflow/example_dags/example_dataset_alias_with_no_taskflow.py
[2024-09-16T16:32:48.413+0000] {processor.py:914} INFO - Processing file /home/airflow/.local/lib/python3.12/site-packages/airflow/example_dags/example_dataset_alias_with_no_taskflow.py for tasks to queue
[2024-09-16T16:32:48.415+0000] {logging_mixin.py:190} INFO - [2024-09-16T16:32:48.415+0000] {dagbag.py:587} INFO - Filling up the DagBag from /home/airflow/.local/lib/python3.12/site-packages/airflow/example_dags/example_dataset_alias_with_no_taskflow.py
[2024-09-16T16:32:48.525+0000] {processor.py:925} INFO - DAG(s) 'dataset_alias_example_alias_producer_with_no_taskflow', 'dataset_alias_example_alias_consumer_with_no_taskflow', 'dataset_s3_bucket_producer_with_no_taskflow', 'dataset_s3_bucket_consumer_with_no_taskflow' retrieved from /home/airflow/.local/lib/python3.12/site-packages/airflow/example_dags/example_dataset_alias_with_no_taskflow.py
[2024-09-16T16:32:48.543+0000] {logging_mixin.py:190} INFO - [2024-09-16T16:32:48.542+0000] {dag.py:3229} INFO - Sync 4 DAGs
[2024-09-16T16:32:48.561+0000] {logging_mixin.py:190} INFO - [2024-09-16T16:32:48.561+0000] {dag.py:4156} INFO - Setting next_dagrun for dataset_alias_example_alias_consumer_with_no_taskflow to None, run_after=None
[2024-09-16T16:32:48.564+0000] {logging_mixin.py:190} INFO - [2024-09-16T16:32:48.564+0000] {dag.py:4156} INFO - Setting next_dagrun for dataset_alias_example_alias_producer_with_no_taskflow to None, run_after=None
[2024-09-16T16:32:48.566+0000] {logging_mixin.py:190} INFO - [2024-09-16T16:32:48.565+0000] {dag.py:4156} INFO - Setting next_dagrun for dataset_s3_bucket_consumer_with_no_taskflow to None, run_after=None
[2024-09-16T16:32:48.567+0000] {logging_mixin.py:190} INFO - [2024-09-16T16:32:48.567+0000] {dag.py:4156} INFO - Setting next_dagrun for dataset_s3_bucket_producer_with_no_taskflow to None, run_after=None
[2024-09-16T16:32:48.587+0000] {processor.py:208} INFO - Processing /home/airflow/.local/lib/python3.12/site-packages/airflow/example_dags/example_dataset_alias_with_no_taskflow.py took 0.180 seconds
[2024-09-16T16:33:18.834+0000] {processor.py:186} INFO - Started process (PID=457) to work on /home/airflow/.local/lib/python3.12/site-packages/airflow/example_dags/example_dataset_alias_with_no_taskflow.py
[2024-09-16T16:33:18.835+0000] {processor.py:914} INFO - Processing file /home/airflow/.local/lib/python3.12/site-packages/airflow/example_dags/example_dataset_alias_with_no_taskflow.py for tasks to queue
[2024-09-16T16:33:18.838+0000] {logging_mixin.py:190} INFO - [2024-09-16T16:33:18.837+0000] {dagbag.py:587} INFO - Filling up the DagBag from /home/airflow/.local/lib/python3.12/site-packages/airflow/example_dags/example_dataset_alias_with_no_taskflow.py
[2024-09-16T16:33:18.957+0000] {processor.py:925} INFO - DAG(s) 'dataset_alias_example_alias_consumer_with_no_taskflow', 'dataset_alias_example_alias_producer_with_no_taskflow', 'dataset_s3_bucket_consumer_with_no_taskflow', 'dataset_s3_bucket_producer_with_no_taskflow' retrieved from /home/airflow/.local/lib/python3.12/site-packages/airflow/example_dags/example_dataset_alias_with_no_taskflow.py
[2024-09-16T16:33:18.977+0000] {logging_mixin.py:190} INFO - [2024-09-16T16:33:18.977+0000] {dag.py:3229} INFO - Sync 4 DAGs
[2024-09-16T16:33:18.997+0000] {logging_mixin.py:190} INFO - [2024-09-16T16:33:18.997+0000] {dag.py:4156} INFO - Setting next_dagrun for dataset_alias_example_alias_consumer_with_no_taskflow to None, run_after=None
[2024-09-16T16:33:19.001+0000] {logging_mixin.py:190} INFO - [2024-09-16T16:33:19.000+0000] {dag.py:4156} INFO - Setting next_dagrun for dataset_alias_example_alias_producer_with_no_taskflow to None, run_after=None
[2024-09-16T16:33:19.002+0000] {logging_mixin.py:190} INFO - [2024-09-16T16:33:19.002+0000] {dag.py:4156} INFO - Setting next_dagrun for dataset_s3_bucket_consumer_with_no_taskflow to None, run_after=None
[2024-09-16T16:33:19.003+0000] {logging_mixin.py:190} INFO - [2024-09-16T16:33:19.003+0000] {dag.py:4156} INFO - Setting next_dagrun for dataset_s3_bucket_producer_with_no_taskflow to None, run_after=None
[2024-09-16T16:33:19.023+0000] {processor.py:208} INFO - Processing /home/airflow/.local/lib/python3.12/site-packages/airflow/example_dags/example_dataset_alias_with_no_taskflow.py took 0.194 seconds
[2024-09-16T16:33:49.167+0000] {processor.py:186} INFO - Started process (PID=519) to work on /home/airflow/.local/lib/python3.12/site-packages/airflow/example_dags/example_dataset_alias_with_no_taskflow.py
[2024-09-16T16:33:49.168+0000] {processor.py:914} INFO - Processing file /home/airflow/.local/lib/python3.12/site-packages/airflow/example_dags/example_dataset_alias_with_no_taskflow.py for tasks to queue
[2024-09-16T16:33:49.170+0000] {logging_mixin.py:190} INFO - [2024-09-16T16:33:49.170+0000] {dagbag.py:587} INFO - Filling up the DagBag from /home/airflow/.local/lib/python3.12/site-packages/airflow/example_dags/example_dataset_alias_with_no_taskflow.py
[2024-09-16T16:33:49.305+0000] {processor.py:925} INFO - DAG(s) 'dataset_s3_bucket_consumer_with_no_taskflow', 'dataset_s3_bucket_producer_with_no_taskflow', 'dataset_alias_example_alias_producer_with_no_taskflow', 'dataset_alias_example_alias_consumer_with_no_taskflow' retrieved from /home/airflow/.local/lib/python3.12/site-packages/airflow/example_dags/example_dataset_alias_with_no_taskflow.py
[2024-09-16T16:33:49.326+0000] {logging_mixin.py:190} INFO - [2024-09-16T16:33:49.326+0000] {dag.py:3229} INFO - Sync 4 DAGs
[2024-09-16T16:33:49.348+0000] {logging_mixin.py:190} INFO - [2024-09-16T16:33:49.347+0000] {dag.py:4156} INFO - Setting next_dagrun for dataset_alias_example_alias_consumer_with_no_taskflow to None, run_after=None
[2024-09-16T16:33:49.352+0000] {logging_mixin.py:190} INFO - [2024-09-16T16:33:49.352+0000] {dag.py:4156} INFO - Setting next_dagrun for dataset_alias_example_alias_producer_with_no_taskflow to None, run_after=None
[2024-09-16T16:33:49.353+0000] {logging_mixin.py:190} INFO - [2024-09-16T16:33:49.353+0000] {dag.py:4156} INFO - Setting next_dagrun for dataset_s3_bucket_consumer_with_no_taskflow to None, run_after=None
[2024-09-16T16:33:49.355+0000] {logging_mixin.py:190} INFO - [2024-09-16T16:33:49.355+0000] {dag.py:4156} INFO - Setting next_dagrun for dataset_s3_bucket_producer_with_no_taskflow to None, run_after=None
[2024-09-16T16:33:49.374+0000] {processor.py:208} INFO - Processing /home/airflow/.local/lib/python3.12/site-packages/airflow/example_dags/example_dataset_alias_with_no_taskflow.py took 0.213 seconds
[2024-09-16T16:34:19.762+0000] {processor.py:186} INFO - Started process (PID=581) to work on /home/airflow/.local/lib/python3.12/site-packages/airflow/example_dags/example_dataset_alias_with_no_taskflow.py
[2024-09-16T16:34:19.763+0000] {processor.py:914} INFO - Processing file /home/airflow/.local/lib/python3.12/site-packages/airflow/example_dags/example_dataset_alias_with_no_taskflow.py for tasks to queue
[2024-09-16T16:34:19.765+0000] {logging_mixin.py:190} INFO - [2024-09-16T16:34:19.765+0000] {dagbag.py:587} INFO - Filling up the DagBag from /home/airflow/.local/lib/python3.12/site-packages/airflow/example_dags/example_dataset_alias_with_no_taskflow.py
[2024-09-16T16:34:19.919+0000] {processor.py:925} INFO - DAG(s) 'dataset_alias_example_alias_consumer_with_no_taskflow', 'dataset_s3_bucket_consumer_with_no_taskflow', 'dataset_s3_bucket_producer_with_no_taskflow', 'dataset_alias_example_alias_producer_with_no_taskflow' retrieved from /home/airflow/.local/lib/python3.12/site-packages/airflow/example_dags/example_dataset_alias_with_no_taskflow.py
[2024-09-16T16:34:19.944+0000] {logging_mixin.py:190} INFO - [2024-09-16T16:34:19.943+0000] {dag.py:3229} INFO - Sync 4 DAGs
[2024-09-16T16:34:19.961+0000] {logging_mixin.py:190} INFO - [2024-09-16T16:34:19.960+0000] {dag.py:4156} INFO - Setting next_dagrun for dataset_alias_example_alias_consumer_with_no_taskflow to None, run_after=None
[2024-09-16T16:34:19.963+0000] {logging_mixin.py:190} INFO - [2024-09-16T16:34:19.963+0000] {dag.py:4156} INFO - Setting next_dagrun for dataset_alias_example_alias_producer_with_no_taskflow to None, run_after=None
[2024-09-16T16:34:19.964+0000] {logging_mixin.py:190} INFO - [2024-09-16T16:34:19.964+0000] {dag.py:4156} INFO - Setting next_dagrun for dataset_s3_bucket_consumer_with_no_taskflow to None, run_after=None
[2024-09-16T16:34:19.966+0000] {logging_mixin.py:190} INFO - [2024-09-16T16:34:19.965+0000] {dag.py:4156} INFO - Setting next_dagrun for dataset_s3_bucket_producer_with_no_taskflow to None, run_after=None
[2024-09-16T16:34:19.982+0000] {processor.py:208} INFO - Processing /home/airflow/.local/lib/python3.12/site-packages/airflow/example_dags/example_dataset_alias_with_no_taskflow.py took 0.225 seconds
[2024-09-16T16:34:50.323+0000] {processor.py:186} INFO - Started process (PID=643) to work on /home/airflow/.local/lib/python3.12/site-packages/airflow/example_dags/example_dataset_alias_with_no_taskflow.py
[2024-09-16T16:34:50.324+0000] {processor.py:914} INFO - Processing file /home/airflow/.local/lib/python3.12/site-packages/airflow/example_dags/example_dataset_alias_with_no_taskflow.py for tasks to queue
[2024-09-16T16:34:50.326+0000] {logging_mixin.py:190} INFO - [2024-09-16T16:34:50.326+0000] {dagbag.py:587} INFO - Filling up the DagBag from /home/airflow/.local/lib/python3.12/site-packages/airflow/example_dags/example_dataset_alias_with_no_taskflow.py
[2024-09-16T16:34:50.440+0000] {processor.py:925} INFO - DAG(s) 'dataset_alias_example_alias_consumer_with_no_taskflow', 'dataset_s3_bucket_consumer_with_no_taskflow', 'dataset_s3_bucket_producer_with_no_taskflow', 'dataset_alias_example_alias_producer_with_no_taskflow' retrieved from /home/airflow/.local/lib/python3.12/site-packages/airflow/example_dags/example_dataset_alias_with_no_taskflow.py
[2024-09-16T16:34:50.457+0000] {logging_mixin.py:190} INFO - [2024-09-16T16:34:50.457+0000] {dag.py:3229} INFO - Sync 4 DAGs
[2024-09-16T16:34:50.474+0000] {logging_mixin.py:190} INFO - [2024-09-16T16:34:50.474+0000] {dag.py:4156} INFO - Setting next_dagrun for dataset_alias_example_alias_consumer_with_no_taskflow to None, run_after=None
[2024-09-16T16:34:50.477+0000] {logging_mixin.py:190} INFO - [2024-09-16T16:34:50.477+0000] {dag.py:4156} INFO - Setting next_dagrun for dataset_alias_example_alias_producer_with_no_taskflow to None, run_after=None
[2024-09-16T16:34:50.479+0000] {logging_mixin.py:190} INFO - [2024-09-16T16:34:50.479+0000] {dag.py:4156} INFO - Setting next_dagrun for dataset_s3_bucket_consumer_with_no_taskflow to None, run_after=None
[2024-09-16T16:34:50.481+0000] {logging_mixin.py:190} INFO - [2024-09-16T16:34:50.481+0000] {dag.py:4156} INFO - Setting next_dagrun for dataset_s3_bucket_producer_with_no_taskflow to None, run_after=None
[2024-09-16T16:34:50.505+0000] {processor.py:208} INFO - Processing /home/airflow/.local/lib/python3.12/site-packages/airflow/example_dags/example_dataset_alias_with_no_taskflow.py took 0.186 seconds
[2024-09-16T16:35:20.901+0000] {processor.py:186} INFO - Started process (PID=706) to work on /home/airflow/.local/lib/python3.12/site-packages/airflow/example_dags/example_dataset_alias_with_no_taskflow.py
[2024-09-16T16:35:20.902+0000] {processor.py:914} INFO - Processing file /home/airflow/.local/lib/python3.12/site-packages/airflow/example_dags/example_dataset_alias_with_no_taskflow.py for tasks to queue
[2024-09-16T16:35:20.904+0000] {logging_mixin.py:190} INFO - [2024-09-16T16:35:20.904+0000] {dagbag.py:587} INFO - Filling up the DagBag from /home/airflow/.local/lib/python3.12/site-packages/airflow/example_dags/example_dataset_alias_with_no_taskflow.py
[2024-09-16T16:35:21.016+0000] {processor.py:925} INFO - DAG(s) 'dataset_alias_example_alias_producer_with_no_taskflow', 'dataset_alias_example_alias_consumer_with_no_taskflow', 'dataset_s3_bucket_producer_with_no_taskflow', 'dataset_s3_bucket_consumer_with_no_taskflow' retrieved from /home/airflow/.local/lib/python3.12/site-packages/airflow/example_dags/example_dataset_alias_with_no_taskflow.py
[2024-09-16T16:35:21.033+0000] {logging_mixin.py:190} INFO - [2024-09-16T16:35:21.032+0000] {dag.py:3229} INFO - Sync 4 DAGs
[2024-09-16T16:35:21.049+0000] {logging_mixin.py:190} INFO - [2024-09-16T16:35:21.049+0000] {dag.py:4156} INFO - Setting next_dagrun for dataset_alias_example_alias_consumer_with_no_taskflow to None, run_after=None
[2024-09-16T16:35:21.052+0000] {logging_mixin.py:190} INFO - [2024-09-16T16:35:21.052+0000] {dag.py:4156} INFO - Setting next_dagrun for dataset_alias_example_alias_producer_with_no_taskflow to None, run_after=None
[2024-09-16T16:35:21.053+0000] {logging_mixin.py:190} INFO - [2024-09-16T16:35:21.053+0000] {dag.py:4156} INFO - Setting next_dagrun for dataset_s3_bucket_consumer_with_no_taskflow to None, run_after=None
[2024-09-16T16:35:21.055+0000] {logging_mixin.py:190} INFO - [2024-09-16T16:35:21.055+0000] {dag.py:4156} INFO - Setting next_dagrun for dataset_s3_bucket_producer_with_no_taskflow to None, run_after=None
[2024-09-16T16:35:21.074+0000] {processor.py:208} INFO - Processing /home/airflow/.local/lib/python3.12/site-packages/airflow/example_dags/example_dataset_alias_with_no_taskflow.py took 0.177 seconds
[2024-09-16T16:35:51.384+0000] {processor.py:186} INFO - Started process (PID=768) to work on /home/airflow/.local/lib/python3.12/site-packages/airflow/example_dags/example_dataset_alias_with_no_taskflow.py
[2024-09-16T16:35:51.386+0000] {processor.py:914} INFO - Processing file /home/airflow/.local/lib/python3.12/site-packages/airflow/example_dags/example_dataset_alias_with_no_taskflow.py for tasks to queue
[2024-09-16T16:35:51.388+0000] {logging_mixin.py:190} INFO - [2024-09-16T16:35:51.388+0000] {dagbag.py:587} INFO - Filling up the DagBag from /home/airflow/.local/lib/python3.12/site-packages/airflow/example_dags/example_dataset_alias_with_no_taskflow.py
[2024-09-16T16:35:51.552+0000] {processor.py:925} INFO - DAG(s) 'dataset_alias_example_alias_consumer_with_no_taskflow', 'dataset_s3_bucket_consumer_with_no_taskflow', 'dataset_alias_example_alias_producer_with_no_taskflow', 'dataset_s3_bucket_producer_with_no_taskflow' retrieved from /home/airflow/.local/lib/python3.12/site-packages/airflow/example_dags/example_dataset_alias_with_no_taskflow.py
[2024-09-16T16:35:51.575+0000] {logging_mixin.py:190} INFO - [2024-09-16T16:35:51.574+0000] {dag.py:3229} INFO - Sync 4 DAGs
[2024-09-16T16:35:51.598+0000] {logging_mixin.py:190} INFO - [2024-09-16T16:35:51.598+0000] {dag.py:4156} INFO - Setting next_dagrun for dataset_alias_example_alias_consumer_with_no_taskflow to None, run_after=None
[2024-09-16T16:35:51.601+0000] {logging_mixin.py:190} INFO - [2024-09-16T16:35:51.600+0000] {dag.py:4156} INFO - Setting next_dagrun for dataset_alias_example_alias_producer_with_no_taskflow to None, run_after=None
[2024-09-16T16:35:51.602+0000] {logging_mixin.py:190} INFO - [2024-09-16T16:35:51.602+0000] {dag.py:4156} INFO - Setting next_dagrun for dataset_s3_bucket_consumer_with_no_taskflow to None, run_after=None
[2024-09-16T16:35:51.604+0000] {logging_mixin.py:190} INFO - [2024-09-16T16:35:51.603+0000] {dag.py:4156} INFO - Setting next_dagrun for dataset_s3_bucket_producer_with_no_taskflow to None, run_after=None
[2024-09-16T16:35:51.625+0000] {processor.py:208} INFO - Processing /home/airflow/.local/lib/python3.12/site-packages/airflow/example_dags/example_dataset_alias_with_no_taskflow.py took 0.247 seconds
[2024-09-16T16:36:21.761+0000] {processor.py:186} INFO - Started process (PID=830) to work on /home/airflow/.local/lib/python3.12/site-packages/airflow/example_dags/example_dataset_alias_with_no_taskflow.py
[2024-09-16T16:36:21.763+0000] {processor.py:914} INFO - Processing file /home/airflow/.local/lib/python3.12/site-packages/airflow/example_dags/example_dataset_alias_with_no_taskflow.py for tasks to queue
[2024-09-16T16:36:21.766+0000] {logging_mixin.py:190} INFO - [2024-09-16T16:36:21.766+0000] {dagbag.py:587} INFO - Filling up the DagBag from /home/airflow/.local/lib/python3.12/site-packages/airflow/example_dags/example_dataset_alias_with_no_taskflow.py
[2024-09-16T16:36:22.009+0000] {processor.py:925} INFO - DAG(s) 'dataset_alias_example_alias_producer_with_no_taskflow', 'dataset_alias_example_alias_consumer_with_no_taskflow', 'dataset_s3_bucket_producer_with_no_taskflow', 'dataset_s3_bucket_consumer_with_no_taskflow' retrieved from /home/airflow/.local/lib/python3.12/site-packages/airflow/example_dags/example_dataset_alias_with_no_taskflow.py
[2024-09-16T16:36:22.038+0000] {logging_mixin.py:190} INFO - [2024-09-16T16:36:22.038+0000] {dag.py:3229} INFO - Sync 4 DAGs
[2024-09-16T16:36:22.069+0000] {logging_mixin.py:190} INFO - [2024-09-16T16:36:22.069+0000] {dag.py:4156} INFO - Setting next_dagrun for dataset_alias_example_alias_consumer_with_no_taskflow to None, run_after=None
[2024-09-16T16:36:22.073+0000] {logging_mixin.py:190} INFO - [2024-09-16T16:36:22.073+0000] {dag.py:4156} INFO - Setting next_dagrun for dataset_alias_example_alias_producer_with_no_taskflow to None, run_after=None
[2024-09-16T16:36:22.076+0000] {logging_mixin.py:190} INFO - [2024-09-16T16:36:22.075+0000] {dag.py:4156} INFO - Setting next_dagrun for dataset_s3_bucket_consumer_with_no_taskflow to None, run_after=None
[2024-09-16T16:36:22.078+0000] {logging_mixin.py:190} INFO - [2024-09-16T16:36:22.077+0000] {dag.py:4156} INFO - Setting next_dagrun for dataset_s3_bucket_producer_with_no_taskflow to None, run_after=None
[2024-09-16T16:36:22.107+0000] {processor.py:208} INFO - Processing /home/airflow/.local/lib/python3.12/site-packages/airflow/example_dags/example_dataset_alias_with_no_taskflow.py took 0.356 seconds
[2024-09-16T16:36:52.955+0000] {processor.py:186} INFO - Started process (PID=892) to work on /home/airflow/.local/lib/python3.12/site-packages/airflow/example_dags/example_dataset_alias_with_no_taskflow.py
[2024-09-16T16:36:52.957+0000] {processor.py:914} INFO - Processing file /home/airflow/.local/lib/python3.12/site-packages/airflow/example_dags/example_dataset_alias_with_no_taskflow.py for tasks to queue
[2024-09-16T16:36:52.959+0000] {logging_mixin.py:190} INFO - [2024-09-16T16:36:52.959+0000] {dagbag.py:587} INFO - Filling up the DagBag from /home/airflow/.local/lib/python3.12/site-packages/airflow/example_dags/example_dataset_alias_with_no_taskflow.py
[2024-09-16T16:36:53.070+0000] {processor.py:925} INFO - DAG(s) 'dataset_s3_bucket_producer_with_no_taskflow', 'dataset_alias_example_alias_consumer_with_no_taskflow', 'dataset_s3_bucket_consumer_with_no_taskflow', 'dataset_alias_example_alias_producer_with_no_taskflow' retrieved from /home/airflow/.local/lib/python3.12/site-packages/airflow/example_dags/example_dataset_alias_with_no_taskflow.py
[2024-09-16T16:36:53.089+0000] {logging_mixin.py:190} INFO - [2024-09-16T16:36:53.089+0000] {dag.py:3229} INFO - Sync 4 DAGs
[2024-09-16T16:36:53.107+0000] {logging_mixin.py:190} INFO - [2024-09-16T16:36:53.107+0000] {dag.py:4156} INFO - Setting next_dagrun for dataset_alias_example_alias_consumer_with_no_taskflow to None, run_after=None
[2024-09-16T16:36:53.110+0000] {logging_mixin.py:190} INFO - [2024-09-16T16:36:53.110+0000] {dag.py:4156} INFO - Setting next_dagrun for dataset_alias_example_alias_producer_with_no_taskflow to None, run_after=None
[2024-09-16T16:36:53.112+0000] {logging_mixin.py:190} INFO - [2024-09-16T16:36:53.112+0000] {dag.py:4156} INFO - Setting next_dagrun for dataset_s3_bucket_consumer_with_no_taskflow to None, run_after=None
[2024-09-16T16:36:53.113+0000] {logging_mixin.py:190} INFO - [2024-09-16T16:36:53.113+0000] {dag.py:4156} INFO - Setting next_dagrun for dataset_s3_bucket_producer_with_no_taskflow to None, run_after=None
[2024-09-16T16:36:53.133+0000] {processor.py:208} INFO - Processing /home/airflow/.local/lib/python3.12/site-packages/airflow/example_dags/example_dataset_alias_with_no_taskflow.py took 0.184 seconds
[2024-09-16T16:37:23.370+0000] {processor.py:186} INFO - Started process (PID=954) to work on /home/airflow/.local/lib/python3.12/site-packages/airflow/example_dags/example_dataset_alias_with_no_taskflow.py
[2024-09-16T16:37:23.371+0000] {processor.py:914} INFO - Processing file /home/airflow/.local/lib/python3.12/site-packages/airflow/example_dags/example_dataset_alias_with_no_taskflow.py for tasks to queue
[2024-09-16T16:37:23.374+0000] {logging_mixin.py:190} INFO - [2024-09-16T16:37:23.373+0000] {dagbag.py:587} INFO - Filling up the DagBag from /home/airflow/.local/lib/python3.12/site-packages/airflow/example_dags/example_dataset_alias_with_no_taskflow.py
[2024-09-16T16:37:23.514+0000] {processor.py:925} INFO - DAG(s) 'dataset_s3_bucket_producer_with_no_taskflow', 'dataset_s3_bucket_consumer_with_no_taskflow', 'dataset_alias_example_alias_consumer_with_no_taskflow', 'dataset_alias_example_alias_producer_with_no_taskflow' retrieved from /home/airflow/.local/lib/python3.12/site-packages/airflow/example_dags/example_dataset_alias_with_no_taskflow.py
[2024-09-16T16:37:23.534+0000] {logging_mixin.py:190} INFO - [2024-09-16T16:37:23.534+0000] {dag.py:3229} INFO - Sync 4 DAGs
[2024-09-16T16:37:23.552+0000] {logging_mixin.py:190} INFO - [2024-09-16T16:37:23.552+0000] {dag.py:4156} INFO - Setting next_dagrun for dataset_alias_example_alias_consumer_with_no_taskflow to None, run_after=None
[2024-09-16T16:37:23.556+0000] {logging_mixin.py:190} INFO - [2024-09-16T16:37:23.555+0000] {dag.py:4156} INFO - Setting next_dagrun for dataset_alias_example_alias_producer_with_no_taskflow to None, run_after=None
[2024-09-16T16:37:23.557+0000] {logging_mixin.py:190} INFO - [2024-09-16T16:37:23.557+0000] {dag.py:4156} INFO - Setting next_dagrun for dataset_s3_bucket_consumer_with_no_taskflow to None, run_after=None
[2024-09-16T16:37:23.559+0000] {logging_mixin.py:190} INFO - [2024-09-16T16:37:23.559+0000] {dag.py:4156} INFO - Setting next_dagrun for dataset_s3_bucket_producer_with_no_taskflow to None, run_after=None
[2024-09-16T16:37:23.584+0000] {processor.py:208} INFO - Processing /home/airflow/.local/lib/python3.12/site-packages/airflow/example_dags/example_dataset_alias_with_no_taskflow.py took 0.219 seconds
