[2024-09-16T16:25:48.299+0000] {processor.py:186} INFO - Started process (PID=119) to work on /home/airflow/.local/lib/python3.12/site-packages/airflow/example_dags/example_xcomargs.py
[2024-09-16T16:25:48.300+0000] {processor.py:914} INFO - Processing file /home/airflow/.local/lib/python3.12/site-packages/airflow/example_dags/example_xcomargs.py for tasks to queue
[2024-09-16T16:25:48.305+0000] {logging_mixin.py:190} INFO - [2024-09-16T16:25:48.303+0000] {dagbag.py:587} INFO - Filling up the DagBag from /home/airflow/.local/lib/python3.12/site-packages/airflow/example_dags/example_xcomargs.py
[2024-09-16T16:25:48.320+0000] {processor.py:925} INFO - DAG(s) 'example_xcom_args_with_operators', 'example_xcom_args' retrieved from /home/airflow/.local/lib/python3.12/site-packages/airflow/example_dags/example_xcomargs.py
[2024-09-16T16:25:48.492+0000] {logging_mixin.py:190} INFO - [2024-09-16T16:25:48.491+0000] {override.py:1900} INFO - Created Permission View: can edit on DAG:example_xcom_args_with_operators
[2024-09-16T16:25:48.511+0000] {logging_mixin.py:190} INFO - [2024-09-16T16:25:48.510+0000] {override.py:1900} INFO - Created Permission View: can delete on DAG:example_xcom_args_with_operators
[2024-09-16T16:25:48.520+0000] {logging_mixin.py:190} INFO - [2024-09-16T16:25:48.519+0000] {override.py:1900} INFO - Created Permission View: can read on DAG:example_xcom_args_with_operators
[2024-09-16T16:25:48.533+0000] {logging_mixin.py:190} INFO - [2024-09-16T16:25:48.533+0000] {override.py:1900} INFO - Created Permission View: can delete on DAG Run:example_xcom_args_with_operators
[2024-09-16T16:25:48.549+0000] {logging_mixin.py:190} INFO - [2024-09-16T16:25:48.548+0000] {override.py:1900} INFO - Created Permission View: can create on DAG Run:example_xcom_args_with_operators
[2024-09-16T16:25:48.566+0000] {logging_mixin.py:190} INFO - [2024-09-16T16:25:48.566+0000] {override.py:1900} INFO - Created Permission View: menu access on DAG Run:example_xcom_args_with_operators
[2024-09-16T16:25:48.579+0000] {logging_mixin.py:190} INFO - [2024-09-16T16:25:48.579+0000] {override.py:1900} INFO - Created Permission View: can read on DAG Run:example_xcom_args_with_operators
[2024-09-16T16:25:48.605+0000] {logging_mixin.py:190} INFO - [2024-09-16T16:25:48.604+0000] {override.py:1900} INFO - Created Permission View: can edit on DAG:example_xcom_args
[2024-09-16T16:25:48.616+0000] {logging_mixin.py:190} INFO - [2024-09-16T16:25:48.615+0000] {override.py:1900} INFO - Created Permission View: can delete on DAG:example_xcom_args
[2024-09-16T16:25:48.625+0000] {logging_mixin.py:190} INFO - [2024-09-16T16:25:48.625+0000] {override.py:1900} INFO - Created Permission View: can read on DAG:example_xcom_args
[2024-09-16T16:25:48.635+0000] {logging_mixin.py:190} INFO - [2024-09-16T16:25:48.635+0000] {override.py:1900} INFO - Created Permission View: can delete on DAG Run:example_xcom_args
[2024-09-16T16:25:48.644+0000] {logging_mixin.py:190} INFO - [2024-09-16T16:25:48.644+0000] {override.py:1900} INFO - Created Permission View: can create on DAG Run:example_xcom_args
[2024-09-16T16:25:48.652+0000] {logging_mixin.py:190} INFO - [2024-09-16T16:25:48.652+0000] {override.py:1900} INFO - Created Permission View: menu access on DAG Run:example_xcom_args
[2024-09-16T16:25:48.661+0000] {logging_mixin.py:190} INFO - [2024-09-16T16:25:48.660+0000] {override.py:1900} INFO - Created Permission View: can read on DAG Run:example_xcom_args
[2024-09-16T16:25:48.662+0000] {logging_mixin.py:190} INFO - [2024-09-16T16:25:48.661+0000] {dag.py:3229} INFO - Sync 2 DAGs
[2024-09-16T16:25:48.680+0000] {logging_mixin.py:190} INFO - [2024-09-16T16:25:48.679+0000] {dag.py:3252} INFO - Creating ORM DAG for example_xcom_args_with_operators
[2024-09-16T16:25:48.681+0000] {logging_mixin.py:190} INFO - [2024-09-16T16:25:48.681+0000] {dag.py:3252} INFO - Creating ORM DAG for example_xcom_args
[2024-09-16T16:25:48.682+0000] {logging_mixin.py:190} INFO - [2024-09-16T16:25:48.682+0000] {dag.py:4156} INFO - Setting next_dagrun for example_xcom_args to None, run_after=None
[2024-09-16T16:25:48.683+0000] {logging_mixin.py:190} INFO - [2024-09-16T16:25:48.683+0000] {dag.py:4156} INFO - Setting next_dagrun for example_xcom_args_with_operators to None, run_after=None
[2024-09-16T16:25:48.707+0000] {processor.py:208} INFO - Processing /home/airflow/.local/lib/python3.12/site-packages/airflow/example_dags/example_xcomargs.py took 0.414 seconds
[2024-09-16T16:26:19.676+0000] {processor.py:186} INFO - Started process (PID=184) to work on /home/airflow/.local/lib/python3.12/site-packages/airflow/example_dags/example_xcomargs.py
[2024-09-16T16:26:19.677+0000] {processor.py:914} INFO - Processing file /home/airflow/.local/lib/python3.12/site-packages/airflow/example_dags/example_xcomargs.py for tasks to queue
[2024-09-16T16:26:19.681+0000] {logging_mixin.py:190} INFO - [2024-09-16T16:26:19.681+0000] {dagbag.py:587} INFO - Filling up the DagBag from /home/airflow/.local/lib/python3.12/site-packages/airflow/example_dags/example_xcomargs.py
[2024-09-16T16:26:19.708+0000] {processor.py:925} INFO - DAG(s) 'example_xcom_args_with_operators', 'example_xcom_args' retrieved from /home/airflow/.local/lib/python3.12/site-packages/airflow/example_dags/example_xcomargs.py
[2024-09-16T16:26:19.774+0000] {logging_mixin.py:190} INFO - [2024-09-16T16:26:19.774+0000] {dag.py:3229} INFO - Sync 2 DAGs
[2024-09-16T16:26:19.828+0000] {logging_mixin.py:190} INFO - [2024-09-16T16:26:19.828+0000] {dag.py:4156} INFO - Setting next_dagrun for example_xcom_args to None, run_after=None
[2024-09-16T16:26:19.846+0000] {logging_mixin.py:190} INFO - [2024-09-16T16:26:19.846+0000] {dag.py:4156} INFO - Setting next_dagrun for example_xcom_args_with_operators to None, run_after=None
[2024-09-16T16:26:19.966+0000] {processor.py:208} INFO - Processing /home/airflow/.local/lib/python3.12/site-packages/airflow/example_dags/example_xcomargs.py took 0.301 seconds
[2024-09-16T16:26:51.197+0000] {processor.py:186} INFO - Started process (PID=246) to work on /home/airflow/.local/lib/python3.12/site-packages/airflow/example_dags/example_xcomargs.py
[2024-09-16T16:26:51.201+0000] {processor.py:914} INFO - Processing file /home/airflow/.local/lib/python3.12/site-packages/airflow/example_dags/example_xcomargs.py for tasks to queue
[2024-09-16T16:26:51.209+0000] {logging_mixin.py:190} INFO - [2024-09-16T16:26:51.208+0000] {dagbag.py:587} INFO - Filling up the DagBag from /home/airflow/.local/lib/python3.12/site-packages/airflow/example_dags/example_xcomargs.py
[2024-09-16T16:26:51.249+0000] {processor.py:925} INFO - DAG(s) 'example_xcom_args_with_operators', 'example_xcom_args' retrieved from /home/airflow/.local/lib/python3.12/site-packages/airflow/example_dags/example_xcomargs.py
[2024-09-16T16:26:51.345+0000] {logging_mixin.py:190} INFO - [2024-09-16T16:26:51.345+0000] {dag.py:3229} INFO - Sync 2 DAGs
[2024-09-16T16:26:51.403+0000] {logging_mixin.py:190} INFO - [2024-09-16T16:26:51.400+0000] {dag.py:4156} INFO - Setting next_dagrun for example_xcom_args to None, run_after=None
[2024-09-16T16:26:51.414+0000] {logging_mixin.py:190} INFO - [2024-09-16T16:26:51.413+0000] {dag.py:4156} INFO - Setting next_dagrun for example_xcom_args_with_operators to None, run_after=None
[2024-09-16T16:26:51.464+0000] {processor.py:208} INFO - Processing /home/airflow/.local/lib/python3.12/site-packages/airflow/example_dags/example_xcomargs.py took 0.285 seconds
[2024-09-16T16:27:21.662+0000] {processor.py:186} INFO - Started process (PID=308) to work on /home/airflow/.local/lib/python3.12/site-packages/airflow/example_dags/example_xcomargs.py
[2024-09-16T16:27:21.664+0000] {processor.py:914} INFO - Processing file /home/airflow/.local/lib/python3.12/site-packages/airflow/example_dags/example_xcomargs.py for tasks to queue
[2024-09-16T16:27:21.668+0000] {logging_mixin.py:190} INFO - [2024-09-16T16:27:21.668+0000] {dagbag.py:587} INFO - Filling up the DagBag from /home/airflow/.local/lib/python3.12/site-packages/airflow/example_dags/example_xcomargs.py
[2024-09-16T16:27:21.689+0000] {processor.py:925} INFO - DAG(s) 'example_xcom_args', 'example_xcom_args_with_operators' retrieved from /home/airflow/.local/lib/python3.12/site-packages/airflow/example_dags/example_xcomargs.py
[2024-09-16T16:27:21.725+0000] {logging_mixin.py:190} INFO - [2024-09-16T16:27:21.724+0000] {dag.py:3229} INFO - Sync 2 DAGs
[2024-09-16T16:27:21.749+0000] {logging_mixin.py:190} INFO - [2024-09-16T16:27:21.749+0000] {dag.py:4156} INFO - Setting next_dagrun for example_xcom_args to None, run_after=None
[2024-09-16T16:27:21.755+0000] {logging_mixin.py:190} INFO - [2024-09-16T16:27:21.755+0000] {dag.py:4156} INFO - Setting next_dagrun for example_xcom_args_with_operators to None, run_after=None
[2024-09-16T16:27:21.777+0000] {processor.py:208} INFO - Processing /home/airflow/.local/lib/python3.12/site-packages/airflow/example_dags/example_xcomargs.py took 0.132 seconds
[2024-09-16T16:27:56.009+0000] {processor.py:186} INFO - Started process (PID=373) to work on /home/airflow/.local/lib/python3.12/site-packages/airflow/example_dags/example_xcomargs.py
[2024-09-16T16:27:56.010+0000] {processor.py:914} INFO - Processing file /home/airflow/.local/lib/python3.12/site-packages/airflow/example_dags/example_xcomargs.py for tasks to queue
[2024-09-16T16:27:56.014+0000] {logging_mixin.py:190} INFO - [2024-09-16T16:27:56.014+0000] {dagbag.py:587} INFO - Filling up the DagBag from /home/airflow/.local/lib/python3.12/site-packages/airflow/example_dags/example_xcomargs.py
[2024-09-16T16:27:56.041+0000] {processor.py:925} INFO - DAG(s) 'example_xcom_args_with_operators', 'example_xcom_args' retrieved from /home/airflow/.local/lib/python3.12/site-packages/airflow/example_dags/example_xcomargs.py
[2024-09-16T16:27:56.081+0000] {logging_mixin.py:190} INFO - [2024-09-16T16:27:56.081+0000] {dag.py:3229} INFO - Sync 2 DAGs
[2024-09-16T16:27:56.105+0000] {logging_mixin.py:190} INFO - [2024-09-16T16:27:56.105+0000] {dag.py:4156} INFO - Setting next_dagrun for example_xcom_args to None, run_after=None
[2024-09-16T16:27:56.114+0000] {logging_mixin.py:190} INFO - [2024-09-16T16:27:56.114+0000] {dag.py:4156} INFO - Setting next_dagrun for example_xcom_args_with_operators to None, run_after=None
[2024-09-16T16:27:56.148+0000] {processor.py:208} INFO - Processing /home/airflow/.local/lib/python3.12/site-packages/airflow/example_dags/example_xcomargs.py took 0.148 seconds
[2024-09-16T16:28:27.728+0000] {processor.py:186} INFO - Started process (PID=436) to work on /home/airflow/.local/lib/python3.12/site-packages/airflow/example_dags/example_xcomargs.py
[2024-09-16T16:28:27.730+0000] {processor.py:914} INFO - Processing file /home/airflow/.local/lib/python3.12/site-packages/airflow/example_dags/example_xcomargs.py for tasks to queue
[2024-09-16T16:28:27.735+0000] {logging_mixin.py:190} INFO - [2024-09-16T16:28:27.734+0000] {dagbag.py:587} INFO - Filling up the DagBag from /home/airflow/.local/lib/python3.12/site-packages/airflow/example_dags/example_xcomargs.py
[2024-09-16T16:28:27.775+0000] {processor.py:925} INFO - DAG(s) 'example_xcom_args', 'example_xcom_args_with_operators' retrieved from /home/airflow/.local/lib/python3.12/site-packages/airflow/example_dags/example_xcomargs.py
[2024-09-16T16:28:27.842+0000] {logging_mixin.py:190} INFO - [2024-09-16T16:28:27.842+0000] {dag.py:3229} INFO - Sync 2 DAGs
[2024-09-16T16:28:27.904+0000] {logging_mixin.py:190} INFO - [2024-09-16T16:28:27.903+0000] {dag.py:4156} INFO - Setting next_dagrun for example_xcom_args to None, run_after=None
[2024-09-16T16:28:27.913+0000] {logging_mixin.py:190} INFO - [2024-09-16T16:28:27.913+0000] {dag.py:4156} INFO - Setting next_dagrun for example_xcom_args_with_operators to None, run_after=None
[2024-09-16T16:28:27.992+0000] {processor.py:208} INFO - Processing /home/airflow/.local/lib/python3.12/site-packages/airflow/example_dags/example_xcomargs.py took 0.285 seconds
[2024-09-16T16:30:18.628+0000] {processor.py:186} INFO - Started process (PID=116) to work on /home/airflow/.local/lib/python3.12/site-packages/airflow/example_dags/example_xcomargs.py
[2024-09-16T16:30:18.630+0000] {processor.py:914} INFO - Processing file /home/airflow/.local/lib/python3.12/site-packages/airflow/example_dags/example_xcomargs.py for tasks to queue
[2024-09-16T16:30:18.632+0000] {logging_mixin.py:190} INFO - [2024-09-16T16:30:18.632+0000] {dagbag.py:587} INFO - Filling up the DagBag from /home/airflow/.local/lib/python3.12/site-packages/airflow/example_dags/example_xcomargs.py
[2024-09-16T16:30:18.645+0000] {processor.py:925} INFO - DAG(s) 'example_xcom_args', 'example_xcom_args_with_operators' retrieved from /home/airflow/.local/lib/python3.12/site-packages/airflow/example_dags/example_xcomargs.py
[2024-09-16T16:30:18.671+0000] {logging_mixin.py:190} INFO - [2024-09-16T16:30:18.670+0000] {dag.py:3229} INFO - Sync 2 DAGs
[2024-09-16T16:30:18.688+0000] {logging_mixin.py:190} INFO - [2024-09-16T16:30:18.687+0000] {dag.py:4156} INFO - Setting next_dagrun for example_xcom_args to None, run_after=None
[2024-09-16T16:30:18.692+0000] {logging_mixin.py:190} INFO - [2024-09-16T16:30:18.692+0000] {dag.py:4156} INFO - Setting next_dagrun for example_xcom_args_with_operators to None, run_after=None
[2024-09-16T16:30:18.711+0000] {processor.py:208} INFO - Processing /home/airflow/.local/lib/python3.12/site-packages/airflow/example_dags/example_xcomargs.py took 0.089 seconds
[2024-09-16T16:30:49.515+0000] {processor.py:186} INFO - Started process (PID=178) to work on /home/airflow/.local/lib/python3.12/site-packages/airflow/example_dags/example_xcomargs.py
[2024-09-16T16:30:49.516+0000] {processor.py:914} INFO - Processing file /home/airflow/.local/lib/python3.12/site-packages/airflow/example_dags/example_xcomargs.py for tasks to queue
[2024-09-16T16:30:49.518+0000] {logging_mixin.py:190} INFO - [2024-09-16T16:30:49.518+0000] {dagbag.py:587} INFO - Filling up the DagBag from /home/airflow/.local/lib/python3.12/site-packages/airflow/example_dags/example_xcomargs.py
[2024-09-16T16:30:49.525+0000] {processor.py:925} INFO - DAG(s) 'example_xcom_args_with_operators', 'example_xcom_args' retrieved from /home/airflow/.local/lib/python3.12/site-packages/airflow/example_dags/example_xcomargs.py
[2024-09-16T16:30:49.547+0000] {logging_mixin.py:190} INFO - [2024-09-16T16:30:49.547+0000] {dag.py:3229} INFO - Sync 2 DAGs
[2024-09-16T16:30:49.559+0000] {logging_mixin.py:190} INFO - [2024-09-16T16:30:49.559+0000] {dag.py:4156} INFO - Setting next_dagrun for example_xcom_args to None, run_after=None
[2024-09-16T16:30:49.562+0000] {logging_mixin.py:190} INFO - [2024-09-16T16:30:49.562+0000] {dag.py:4156} INFO - Setting next_dagrun for example_xcom_args_with_operators to None, run_after=None
[2024-09-16T16:30:49.579+0000] {processor.py:208} INFO - Processing /home/airflow/.local/lib/python3.12/site-packages/airflow/example_dags/example_xcomargs.py took 0.069 seconds
[2024-09-16T16:31:20.039+0000] {processor.py:186} INFO - Started process (PID=240) to work on /home/airflow/.local/lib/python3.12/site-packages/airflow/example_dags/example_xcomargs.py
[2024-09-16T16:31:20.040+0000] {processor.py:914} INFO - Processing file /home/airflow/.local/lib/python3.12/site-packages/airflow/example_dags/example_xcomargs.py for tasks to queue
[2024-09-16T16:31:20.042+0000] {logging_mixin.py:190} INFO - [2024-09-16T16:31:20.042+0000] {dagbag.py:587} INFO - Filling up the DagBag from /home/airflow/.local/lib/python3.12/site-packages/airflow/example_dags/example_xcomargs.py
[2024-09-16T16:31:20.051+0000] {processor.py:925} INFO - DAG(s) 'example_xcom_args_with_operators', 'example_xcom_args' retrieved from /home/airflow/.local/lib/python3.12/site-packages/airflow/example_dags/example_xcomargs.py
[2024-09-16T16:31:20.074+0000] {logging_mixin.py:190} INFO - [2024-09-16T16:31:20.074+0000] {dag.py:3229} INFO - Sync 2 DAGs
[2024-09-16T16:31:20.087+0000] {logging_mixin.py:190} INFO - [2024-09-16T16:31:20.087+0000] {dag.py:4156} INFO - Setting next_dagrun for example_xcom_args to None, run_after=None
[2024-09-16T16:31:20.091+0000] {logging_mixin.py:190} INFO - [2024-09-16T16:31:20.091+0000] {dag.py:4156} INFO - Setting next_dagrun for example_xcom_args_with_operators to None, run_after=None
[2024-09-16T16:31:20.108+0000] {processor.py:208} INFO - Processing /home/airflow/.local/lib/python3.12/site-packages/airflow/example_dags/example_xcomargs.py took 0.074 seconds
[2024-09-16T16:31:50.460+0000] {processor.py:186} INFO - Started process (PID=302) to work on /home/airflow/.local/lib/python3.12/site-packages/airflow/example_dags/example_xcomargs.py
[2024-09-16T16:31:50.461+0000] {processor.py:914} INFO - Processing file /home/airflow/.local/lib/python3.12/site-packages/airflow/example_dags/example_xcomargs.py for tasks to queue
[2024-09-16T16:31:50.463+0000] {logging_mixin.py:190} INFO - [2024-09-16T16:31:50.463+0000] {dagbag.py:587} INFO - Filling up the DagBag from /home/airflow/.local/lib/python3.12/site-packages/airflow/example_dags/example_xcomargs.py
[2024-09-16T16:31:50.471+0000] {processor.py:925} INFO - DAG(s) 'example_xcom_args_with_operators', 'example_xcom_args' retrieved from /home/airflow/.local/lib/python3.12/site-packages/airflow/example_dags/example_xcomargs.py
[2024-09-16T16:31:50.489+0000] {logging_mixin.py:190} INFO - [2024-09-16T16:31:50.489+0000] {dag.py:3229} INFO - Sync 2 DAGs
[2024-09-16T16:31:50.501+0000] {logging_mixin.py:190} INFO - [2024-09-16T16:31:50.501+0000] {dag.py:4156} INFO - Setting next_dagrun for example_xcom_args to None, run_after=None
[2024-09-16T16:31:50.504+0000] {logging_mixin.py:190} INFO - [2024-09-16T16:31:50.504+0000] {dag.py:4156} INFO - Setting next_dagrun for example_xcom_args_with_operators to None, run_after=None
[2024-09-16T16:31:50.519+0000] {processor.py:208} INFO - Processing /home/airflow/.local/lib/python3.12/site-packages/airflow/example_dags/example_xcomargs.py took 0.064 seconds
[2024-09-16T16:32:20.933+0000] {processor.py:186} INFO - Started process (PID=365) to work on /home/airflow/.local/lib/python3.12/site-packages/airflow/example_dags/example_xcomargs.py
[2024-09-16T16:32:20.934+0000] {processor.py:914} INFO - Processing file /home/airflow/.local/lib/python3.12/site-packages/airflow/example_dags/example_xcomargs.py for tasks to queue
[2024-09-16T16:32:20.949+0000] {logging_mixin.py:190} INFO - [2024-09-16T16:32:20.949+0000] {dagbag.py:587} INFO - Filling up the DagBag from /home/airflow/.local/lib/python3.12/site-packages/airflow/example_dags/example_xcomargs.py
[2024-09-16T16:32:20.986+0000] {processor.py:925} INFO - DAG(s) 'example_xcom_args_with_operators', 'example_xcom_args' retrieved from /home/airflow/.local/lib/python3.12/site-packages/airflow/example_dags/example_xcomargs.py
[2024-09-16T16:32:21.012+0000] {logging_mixin.py:190} INFO - [2024-09-16T16:32:21.012+0000] {dag.py:3229} INFO - Sync 2 DAGs
[2024-09-16T16:32:21.024+0000] {logging_mixin.py:190} INFO - [2024-09-16T16:32:21.024+0000] {dag.py:4156} INFO - Setting next_dagrun for example_xcom_args to None, run_after=None
[2024-09-16T16:32:21.028+0000] {logging_mixin.py:190} INFO - [2024-09-16T16:32:21.028+0000] {dag.py:4156} INFO - Setting next_dagrun for example_xcom_args_with_operators to None, run_after=None
[2024-09-16T16:32:21.041+0000] {processor.py:208} INFO - Processing /home/airflow/.local/lib/python3.12/site-packages/airflow/example_dags/example_xcomargs.py took 0.114 seconds
[2024-09-16T16:32:51.453+0000] {processor.py:186} INFO - Started process (PID=426) to work on /home/airflow/.local/lib/python3.12/site-packages/airflow/example_dags/example_xcomargs.py
[2024-09-16T16:32:51.454+0000] {processor.py:914} INFO - Processing file /home/airflow/.local/lib/python3.12/site-packages/airflow/example_dags/example_xcomargs.py for tasks to queue
[2024-09-16T16:32:51.456+0000] {logging_mixin.py:190} INFO - [2024-09-16T16:32:51.456+0000] {dagbag.py:587} INFO - Filling up the DagBag from /home/airflow/.local/lib/python3.12/site-packages/airflow/example_dags/example_xcomargs.py
[2024-09-16T16:32:51.464+0000] {processor.py:925} INFO - DAG(s) 'example_xcom_args', 'example_xcom_args_with_operators' retrieved from /home/airflow/.local/lib/python3.12/site-packages/airflow/example_dags/example_xcomargs.py
[2024-09-16T16:32:51.481+0000] {logging_mixin.py:190} INFO - [2024-09-16T16:32:51.481+0000] {dag.py:3229} INFO - Sync 2 DAGs
[2024-09-16T16:32:51.493+0000] {logging_mixin.py:190} INFO - [2024-09-16T16:32:51.493+0000] {dag.py:4156} INFO - Setting next_dagrun for example_xcom_args to None, run_after=None
[2024-09-16T16:32:51.497+0000] {logging_mixin.py:190} INFO - [2024-09-16T16:32:51.497+0000] {dag.py:4156} INFO - Setting next_dagrun for example_xcom_args_with_operators to None, run_after=None
[2024-09-16T16:32:51.511+0000] {processor.py:208} INFO - Processing /home/airflow/.local/lib/python3.12/site-packages/airflow/example_dags/example_xcomargs.py took 0.062 seconds
[2024-09-16T16:33:21.595+0000] {processor.py:186} INFO - Started process (PID=488) to work on /home/airflow/.local/lib/python3.12/site-packages/airflow/example_dags/example_xcomargs.py
[2024-09-16T16:33:21.597+0000] {processor.py:914} INFO - Processing file /home/airflow/.local/lib/python3.12/site-packages/airflow/example_dags/example_xcomargs.py for tasks to queue
[2024-09-16T16:33:21.600+0000] {logging_mixin.py:190} INFO - [2024-09-16T16:33:21.599+0000] {dagbag.py:587} INFO - Filling up the DagBag from /home/airflow/.local/lib/python3.12/site-packages/airflow/example_dags/example_xcomargs.py
[2024-09-16T16:33:21.608+0000] {processor.py:925} INFO - DAG(s) 'example_xcom_args', 'example_xcom_args_with_operators' retrieved from /home/airflow/.local/lib/python3.12/site-packages/airflow/example_dags/example_xcomargs.py
[2024-09-16T16:33:21.626+0000] {logging_mixin.py:190} INFO - [2024-09-16T16:33:21.626+0000] {dag.py:3229} INFO - Sync 2 DAGs
[2024-09-16T16:33:21.636+0000] {logging_mixin.py:190} INFO - [2024-09-16T16:33:21.636+0000] {dag.py:4156} INFO - Setting next_dagrun for example_xcom_args to None, run_after=None
[2024-09-16T16:33:21.639+0000] {logging_mixin.py:190} INFO - [2024-09-16T16:33:21.639+0000] {dag.py:4156} INFO - Setting next_dagrun for example_xcom_args_with_operators to None, run_after=None
[2024-09-16T16:33:21.653+0000] {processor.py:208} INFO - Processing /home/airflow/.local/lib/python3.12/site-packages/airflow/example_dags/example_xcomargs.py took 0.063 seconds
[2024-09-16T16:33:52.226+0000] {processor.py:186} INFO - Started process (PID=550) to work on /home/airflow/.local/lib/python3.12/site-packages/airflow/example_dags/example_xcomargs.py
[2024-09-16T16:33:52.227+0000] {processor.py:914} INFO - Processing file /home/airflow/.local/lib/python3.12/site-packages/airflow/example_dags/example_xcomargs.py for tasks to queue
[2024-09-16T16:33:52.229+0000] {logging_mixin.py:190} INFO - [2024-09-16T16:33:52.229+0000] {dagbag.py:587} INFO - Filling up the DagBag from /home/airflow/.local/lib/python3.12/site-packages/airflow/example_dags/example_xcomargs.py
[2024-09-16T16:33:52.237+0000] {processor.py:925} INFO - DAG(s) 'example_xcom_args_with_operators', 'example_xcom_args' retrieved from /home/airflow/.local/lib/python3.12/site-packages/airflow/example_dags/example_xcomargs.py
[2024-09-16T16:33:52.257+0000] {logging_mixin.py:190} INFO - [2024-09-16T16:33:52.257+0000] {dag.py:3229} INFO - Sync 2 DAGs
[2024-09-16T16:33:52.270+0000] {logging_mixin.py:190} INFO - [2024-09-16T16:33:52.270+0000] {dag.py:4156} INFO - Setting next_dagrun for example_xcom_args to None, run_after=None
[2024-09-16T16:33:52.274+0000] {logging_mixin.py:190} INFO - [2024-09-16T16:33:52.274+0000] {dag.py:4156} INFO - Setting next_dagrun for example_xcom_args_with_operators to None, run_after=None
[2024-09-16T16:33:52.288+0000] {processor.py:208} INFO - Processing /home/airflow/.local/lib/python3.12/site-packages/airflow/example_dags/example_xcomargs.py took 0.066 seconds
[2024-09-16T16:34:22.831+0000] {processor.py:186} INFO - Started process (PID=612) to work on /home/airflow/.local/lib/python3.12/site-packages/airflow/example_dags/example_xcomargs.py
[2024-09-16T16:34:22.833+0000] {processor.py:914} INFO - Processing file /home/airflow/.local/lib/python3.12/site-packages/airflow/example_dags/example_xcomargs.py for tasks to queue
[2024-09-16T16:34:22.835+0000] {logging_mixin.py:190} INFO - [2024-09-16T16:34:22.835+0000] {dagbag.py:587} INFO - Filling up the DagBag from /home/airflow/.local/lib/python3.12/site-packages/airflow/example_dags/example_xcomargs.py
[2024-09-16T16:34:22.844+0000] {processor.py:925} INFO - DAG(s) 'example_xcom_args', 'example_xcom_args_with_operators' retrieved from /home/airflow/.local/lib/python3.12/site-packages/airflow/example_dags/example_xcomargs.py
[2024-09-16T16:34:22.867+0000] {logging_mixin.py:190} INFO - [2024-09-16T16:34:22.867+0000] {dag.py:3229} INFO - Sync 2 DAGs
[2024-09-16T16:34:22.880+0000] {logging_mixin.py:190} INFO - [2024-09-16T16:34:22.880+0000] {dag.py:4156} INFO - Setting next_dagrun for example_xcom_args to None, run_after=None
[2024-09-16T16:34:22.885+0000] {logging_mixin.py:190} INFO - [2024-09-16T16:34:22.884+0000] {dag.py:4156} INFO - Setting next_dagrun for example_xcom_args_with_operators to None, run_after=None
[2024-09-16T16:34:22.903+0000] {processor.py:208} INFO - Processing /home/airflow/.local/lib/python3.12/site-packages/airflow/example_dags/example_xcomargs.py took 0.077 seconds
[2024-09-16T16:34:53.387+0000] {processor.py:186} INFO - Started process (PID=674) to work on /home/airflow/.local/lib/python3.12/site-packages/airflow/example_dags/example_xcomargs.py
[2024-09-16T16:34:53.388+0000] {processor.py:914} INFO - Processing file /home/airflow/.local/lib/python3.12/site-packages/airflow/example_dags/example_xcomargs.py for tasks to queue
[2024-09-16T16:34:53.390+0000] {logging_mixin.py:190} INFO - [2024-09-16T16:34:53.390+0000] {dagbag.py:587} INFO - Filling up the DagBag from /home/airflow/.local/lib/python3.12/site-packages/airflow/example_dags/example_xcomargs.py
[2024-09-16T16:34:53.399+0000] {processor.py:925} INFO - DAG(s) 'example_xcom_args_with_operators', 'example_xcom_args' retrieved from /home/airflow/.local/lib/python3.12/site-packages/airflow/example_dags/example_xcomargs.py
[2024-09-16T16:34:53.419+0000] {logging_mixin.py:190} INFO - [2024-09-16T16:34:53.419+0000] {dag.py:3229} INFO - Sync 2 DAGs
[2024-09-16T16:34:53.430+0000] {logging_mixin.py:190} INFO - [2024-09-16T16:34:53.430+0000] {dag.py:4156} INFO - Setting next_dagrun for example_xcom_args to None, run_after=None
[2024-09-16T16:34:53.433+0000] {logging_mixin.py:190} INFO - [2024-09-16T16:34:53.433+0000] {dag.py:4156} INFO - Setting next_dagrun for example_xcom_args_with_operators to None, run_after=None
[2024-09-16T16:34:53.453+0000] {processor.py:208} INFO - Processing /home/airflow/.local/lib/python3.12/site-packages/airflow/example_dags/example_xcomargs.py took 0.072 seconds
[2024-09-16T16:35:23.973+0000] {processor.py:186} INFO - Started process (PID=737) to work on /home/airflow/.local/lib/python3.12/site-packages/airflow/example_dags/example_xcomargs.py
[2024-09-16T16:35:23.975+0000] {processor.py:914} INFO - Processing file /home/airflow/.local/lib/python3.12/site-packages/airflow/example_dags/example_xcomargs.py for tasks to queue
[2024-09-16T16:35:23.977+0000] {logging_mixin.py:190} INFO - [2024-09-16T16:35:23.976+0000] {dagbag.py:587} INFO - Filling up the DagBag from /home/airflow/.local/lib/python3.12/site-packages/airflow/example_dags/example_xcomargs.py
[2024-09-16T16:35:23.986+0000] {processor.py:925} INFO - DAG(s) 'example_xcom_args', 'example_xcom_args_with_operators' retrieved from /home/airflow/.local/lib/python3.12/site-packages/airflow/example_dags/example_xcomargs.py
[2024-09-16T16:35:24.007+0000] {logging_mixin.py:190} INFO - [2024-09-16T16:35:24.006+0000] {dag.py:3229} INFO - Sync 2 DAGs
[2024-09-16T16:35:24.021+0000] {logging_mixin.py:190} INFO - [2024-09-16T16:35:24.021+0000] {dag.py:4156} INFO - Setting next_dagrun for example_xcom_args to None, run_after=None
[2024-09-16T16:35:24.026+0000] {logging_mixin.py:190} INFO - [2024-09-16T16:35:24.025+0000] {dag.py:4156} INFO - Setting next_dagrun for example_xcom_args_with_operators to None, run_after=None
[2024-09-16T16:35:24.042+0000] {processor.py:208} INFO - Processing /home/airflow/.local/lib/python3.12/site-packages/airflow/example_dags/example_xcomargs.py took 0.073 seconds
[2024-09-16T16:35:54.689+0000] {processor.py:186} INFO - Started process (PID=799) to work on /home/airflow/.local/lib/python3.12/site-packages/airflow/example_dags/example_xcomargs.py
[2024-09-16T16:35:54.690+0000] {processor.py:914} INFO - Processing file /home/airflow/.local/lib/python3.12/site-packages/airflow/example_dags/example_xcomargs.py for tasks to queue
[2024-09-16T16:35:54.693+0000] {logging_mixin.py:190} INFO - [2024-09-16T16:35:54.693+0000] {dagbag.py:587} INFO - Filling up the DagBag from /home/airflow/.local/lib/python3.12/site-packages/airflow/example_dags/example_xcomargs.py
[2024-09-16T16:35:54.704+0000] {processor.py:925} INFO - DAG(s) 'example_xcom_args_with_operators', 'example_xcom_args' retrieved from /home/airflow/.local/lib/python3.12/site-packages/airflow/example_dags/example_xcomargs.py
[2024-09-16T16:35:54.733+0000] {logging_mixin.py:190} INFO - [2024-09-16T16:35:54.732+0000] {dag.py:3229} INFO - Sync 2 DAGs
[2024-09-16T16:35:54.750+0000] {logging_mixin.py:190} INFO - [2024-09-16T16:35:54.750+0000] {dag.py:4156} INFO - Setting next_dagrun for example_xcom_args to None, run_after=None
[2024-09-16T16:35:54.754+0000] {logging_mixin.py:190} INFO - [2024-09-16T16:35:54.754+0000] {dag.py:4156} INFO - Setting next_dagrun for example_xcom_args_with_operators to None, run_after=None
[2024-09-16T16:35:54.774+0000] {processor.py:208} INFO - Processing /home/airflow/.local/lib/python3.12/site-packages/airflow/example_dags/example_xcomargs.py took 0.091 seconds
[2024-09-16T16:36:25.574+0000] {processor.py:186} INFO - Started process (PID=861) to work on /home/airflow/.local/lib/python3.12/site-packages/airflow/example_dags/example_xcomargs.py
[2024-09-16T16:36:25.576+0000] {processor.py:914} INFO - Processing file /home/airflow/.local/lib/python3.12/site-packages/airflow/example_dags/example_xcomargs.py for tasks to queue
[2024-09-16T16:36:25.578+0000] {logging_mixin.py:190} INFO - [2024-09-16T16:36:25.578+0000] {dagbag.py:587} INFO - Filling up the DagBag from /home/airflow/.local/lib/python3.12/site-packages/airflow/example_dags/example_xcomargs.py
[2024-09-16T16:36:25.588+0000] {processor.py:925} INFO - DAG(s) 'example_xcom_args_with_operators', 'example_xcom_args' retrieved from /home/airflow/.local/lib/python3.12/site-packages/airflow/example_dags/example_xcomargs.py
[2024-09-16T16:36:25.614+0000] {logging_mixin.py:190} INFO - [2024-09-16T16:36:25.614+0000] {dag.py:3229} INFO - Sync 2 DAGs
[2024-09-16T16:36:25.632+0000] {logging_mixin.py:190} INFO - [2024-09-16T16:36:25.632+0000] {dag.py:4156} INFO - Setting next_dagrun for example_xcom_args to None, run_after=None
[2024-09-16T16:36:25.637+0000] {logging_mixin.py:190} INFO - [2024-09-16T16:36:25.637+0000] {dag.py:4156} INFO - Setting next_dagrun for example_xcom_args_with_operators to None, run_after=None
[2024-09-16T16:36:25.656+0000] {processor.py:208} INFO - Processing /home/airflow/.local/lib/python3.12/site-packages/airflow/example_dags/example_xcomargs.py took 0.089 seconds
[2024-09-16T16:36:55.984+0000] {processor.py:186} INFO - Started process (PID=923) to work on /home/airflow/.local/lib/python3.12/site-packages/airflow/example_dags/example_xcomargs.py
[2024-09-16T16:36:55.985+0000] {processor.py:914} INFO - Processing file /home/airflow/.local/lib/python3.12/site-packages/airflow/example_dags/example_xcomargs.py for tasks to queue
[2024-09-16T16:36:55.988+0000] {logging_mixin.py:190} INFO - [2024-09-16T16:36:55.988+0000] {dagbag.py:587} INFO - Filling up the DagBag from /home/airflow/.local/lib/python3.12/site-packages/airflow/example_dags/example_xcomargs.py
[2024-09-16T16:36:55.997+0000] {processor.py:925} INFO - DAG(s) 'example_xcom_args', 'example_xcom_args_with_operators' retrieved from /home/airflow/.local/lib/python3.12/site-packages/airflow/example_dags/example_xcomargs.py
[2024-09-16T16:36:56.017+0000] {logging_mixin.py:190} INFO - [2024-09-16T16:36:56.017+0000] {dag.py:3229} INFO - Sync 2 DAGs
[2024-09-16T16:36:56.031+0000] {logging_mixin.py:190} INFO - [2024-09-16T16:36:56.031+0000] {dag.py:4156} INFO - Setting next_dagrun for example_xcom_args to None, run_after=None
[2024-09-16T16:36:56.035+0000] {logging_mixin.py:190} INFO - [2024-09-16T16:36:56.035+0000] {dag.py:4156} INFO - Setting next_dagrun for example_xcom_args_with_operators to None, run_after=None
[2024-09-16T16:36:56.050+0000] {processor.py:208} INFO - Processing /home/airflow/.local/lib/python3.12/site-packages/airflow/example_dags/example_xcomargs.py took 0.072 seconds
[2024-09-16T16:37:26.384+0000] {processor.py:186} INFO - Started process (PID=985) to work on /home/airflow/.local/lib/python3.12/site-packages/airflow/example_dags/example_xcomargs.py
[2024-09-16T16:37:26.385+0000] {processor.py:914} INFO - Processing file /home/airflow/.local/lib/python3.12/site-packages/airflow/example_dags/example_xcomargs.py for tasks to queue
[2024-09-16T16:37:26.387+0000] {logging_mixin.py:190} INFO - [2024-09-16T16:37:26.387+0000] {dagbag.py:587} INFO - Filling up the DagBag from /home/airflow/.local/lib/python3.12/site-packages/airflow/example_dags/example_xcomargs.py
[2024-09-16T16:37:26.395+0000] {processor.py:925} INFO - DAG(s) 'example_xcom_args', 'example_xcom_args_with_operators' retrieved from /home/airflow/.local/lib/python3.12/site-packages/airflow/example_dags/example_xcomargs.py
[2024-09-16T16:37:26.415+0000] {logging_mixin.py:190} INFO - [2024-09-16T16:37:26.414+0000] {dag.py:3229} INFO - Sync 2 DAGs
[2024-09-16T16:37:26.428+0000] {logging_mixin.py:190} INFO - [2024-09-16T16:37:26.428+0000] {dag.py:4156} INFO - Setting next_dagrun for example_xcom_args to None, run_after=None
[2024-09-16T16:37:26.431+0000] {logging_mixin.py:190} INFO - [2024-09-16T16:37:26.431+0000] {dag.py:4156} INFO - Setting next_dagrun for example_xcom_args_with_operators to None, run_after=None
[2024-09-16T16:37:26.446+0000] {processor.py:208} INFO - Processing /home/airflow/.local/lib/python3.12/site-packages/airflow/example_dags/example_xcomargs.py took 0.066 seconds
