[2024-09-16T16:25:46.362+0000] {processor.py:186} INFO - Started process (PID=109) to work on /home/airflow/.local/lib/python3.12/site-packages/airflow/example_dags/example_task_group_decorator.py
[2024-09-16T16:25:46.363+0000] {processor.py:914} INFO - Processing file /home/airflow/.local/lib/python3.12/site-packages/airflow/example_dags/example_task_group_decorator.py for tasks to queue
[2024-09-16T16:25:46.366+0000] {logging_mixin.py:190} INFO - [2024-09-16T16:25:46.365+0000] {dagbag.py:587} INFO - Filling up the DagBag from /home/airflow/.local/lib/python3.12/site-packages/airflow/example_dags/example_task_group_decorator.py
[2024-09-16T16:25:46.388+0000] {processor.py:925} INFO - DAG(s) 'example_task_group_decorator' retrieved from /home/airflow/.local/lib/python3.12/site-packages/airflow/example_dags/example_task_group_decorator.py
[2024-09-16T16:25:46.532+0000] {logging_mixin.py:190} INFO - [2024-09-16T16:25:46.531+0000] {override.py:1900} INFO - Created Permission View: can edit on DAG:example_task_group_decorator
[2024-09-16T16:25:46.544+0000] {logging_mixin.py:190} INFO - [2024-09-16T16:25:46.544+0000] {override.py:1900} INFO - Created Permission View: can delete on DAG:example_task_group_decorator
[2024-09-16T16:25:46.552+0000] {logging_mixin.py:190} INFO - [2024-09-16T16:25:46.551+0000] {override.py:1900} INFO - Created Permission View: can read on DAG:example_task_group_decorator
[2024-09-16T16:25:46.561+0000] {logging_mixin.py:190} INFO - [2024-09-16T16:25:46.561+0000] {override.py:1900} INFO - Created Permission View: can delete on DAG Run:example_task_group_decorator
[2024-09-16T16:25:46.569+0000] {logging_mixin.py:190} INFO - [2024-09-16T16:25:46.568+0000] {override.py:1900} INFO - Created Permission View: can create on DAG Run:example_task_group_decorator
[2024-09-16T16:25:46.577+0000] {logging_mixin.py:190} INFO - [2024-09-16T16:25:46.576+0000] {override.py:1900} INFO - Created Permission View: menu access on DAG Run:example_task_group_decorator
[2024-09-16T16:25:46.583+0000] {logging_mixin.py:190} INFO - [2024-09-16T16:25:46.583+0000] {override.py:1900} INFO - Created Permission View: can read on DAG Run:example_task_group_decorator
[2024-09-16T16:25:46.584+0000] {logging_mixin.py:190} INFO - [2024-09-16T16:25:46.584+0000] {dag.py:3229} INFO - Sync 1 DAGs
[2024-09-16T16:25:46.602+0000] {logging_mixin.py:190} INFO - [2024-09-16T16:25:46.602+0000] {dag.py:3252} INFO - Creating ORM DAG for example_task_group_decorator
[2024-09-16T16:25:46.604+0000] {logging_mixin.py:190} INFO - [2024-09-16T16:25:46.603+0000] {dag.py:4156} INFO - Setting next_dagrun for example_task_group_decorator to None, run_after=None
[2024-09-16T16:25:46.624+0000] {processor.py:208} INFO - Processing /home/airflow/.local/lib/python3.12/site-packages/airflow/example_dags/example_task_group_decorator.py took 0.269 seconds
[2024-09-16T16:26:17.342+0000] {processor.py:186} INFO - Started process (PID=171) to work on /home/airflow/.local/lib/python3.12/site-packages/airflow/example_dags/example_task_group_decorator.py
[2024-09-16T16:26:17.344+0000] {processor.py:914} INFO - Processing file /home/airflow/.local/lib/python3.12/site-packages/airflow/example_dags/example_task_group_decorator.py for tasks to queue
[2024-09-16T16:26:17.353+0000] {logging_mixin.py:190} INFO - [2024-09-16T16:26:17.352+0000] {dagbag.py:587} INFO - Filling up the DagBag from /home/airflow/.local/lib/python3.12/site-packages/airflow/example_dags/example_task_group_decorator.py
[2024-09-16T16:26:17.389+0000] {processor.py:925} INFO - DAG(s) 'example_task_group_decorator' retrieved from /home/airflow/.local/lib/python3.12/site-packages/airflow/example_dags/example_task_group_decorator.py
[2024-09-16T16:26:17.454+0000] {logging_mixin.py:190} INFO - [2024-09-16T16:26:17.453+0000] {dag.py:3229} INFO - Sync 1 DAGs
[2024-09-16T16:26:17.487+0000] {logging_mixin.py:190} INFO - [2024-09-16T16:26:17.487+0000] {dag.py:4156} INFO - Setting next_dagrun for example_task_group_decorator to None, run_after=None
[2024-09-16T16:26:17.530+0000] {processor.py:208} INFO - Processing /home/airflow/.local/lib/python3.12/site-packages/airflow/example_dags/example_task_group_decorator.py took 0.203 seconds
[2024-09-16T16:26:48.274+0000] {processor.py:186} INFO - Started process (PID=233) to work on /home/airflow/.local/lib/python3.12/site-packages/airflow/example_dags/example_task_group_decorator.py
[2024-09-16T16:26:48.277+0000] {processor.py:914} INFO - Processing file /home/airflow/.local/lib/python3.12/site-packages/airflow/example_dags/example_task_group_decorator.py for tasks to queue
[2024-09-16T16:26:48.280+0000] {logging_mixin.py:190} INFO - [2024-09-16T16:26:48.280+0000] {dagbag.py:587} INFO - Filling up the DagBag from /home/airflow/.local/lib/python3.12/site-packages/airflow/example_dags/example_task_group_decorator.py
[2024-09-16T16:26:48.305+0000] {processor.py:925} INFO - DAG(s) 'example_task_group_decorator' retrieved from /home/airflow/.local/lib/python3.12/site-packages/airflow/example_dags/example_task_group_decorator.py
[2024-09-16T16:26:48.341+0000] {logging_mixin.py:190} INFO - [2024-09-16T16:26:48.341+0000] {dag.py:3229} INFO - Sync 1 DAGs
[2024-09-16T16:26:48.366+0000] {logging_mixin.py:190} INFO - [2024-09-16T16:26:48.365+0000] {dag.py:4156} INFO - Setting next_dagrun for example_task_group_decorator to None, run_after=None
[2024-09-16T16:26:48.391+0000] {processor.py:208} INFO - Processing /home/airflow/.local/lib/python3.12/site-packages/airflow/example_dags/example_task_group_decorator.py took 0.127 seconds
[2024-09-16T16:27:18.725+0000] {processor.py:186} INFO - Started process (PID=295) to work on /home/airflow/.local/lib/python3.12/site-packages/airflow/example_dags/example_task_group_decorator.py
[2024-09-16T16:27:18.728+0000] {processor.py:914} INFO - Processing file /home/airflow/.local/lib/python3.12/site-packages/airflow/example_dags/example_task_group_decorator.py for tasks to queue
[2024-09-16T16:27:18.732+0000] {logging_mixin.py:190} INFO - [2024-09-16T16:27:18.731+0000] {dagbag.py:587} INFO - Filling up the DagBag from /home/airflow/.local/lib/python3.12/site-packages/airflow/example_dags/example_task_group_decorator.py
[2024-09-16T16:27:18.756+0000] {processor.py:925} INFO - DAG(s) 'example_task_group_decorator' retrieved from /home/airflow/.local/lib/python3.12/site-packages/airflow/example_dags/example_task_group_decorator.py
[2024-09-16T16:27:18.793+0000] {logging_mixin.py:190} INFO - [2024-09-16T16:27:18.793+0000] {dag.py:3229} INFO - Sync 1 DAGs
[2024-09-16T16:27:18.815+0000] {logging_mixin.py:190} INFO - [2024-09-16T16:27:18.815+0000] {dag.py:4156} INFO - Setting next_dagrun for example_task_group_decorator to None, run_after=None
[2024-09-16T16:27:18.842+0000] {processor.py:208} INFO - Processing /home/airflow/.local/lib/python3.12/site-packages/airflow/example_dags/example_task_group_decorator.py took 0.125 seconds
[2024-09-16T16:27:54.770+0000] {processor.py:186} INFO - Started process (PID=363) to work on /home/airflow/.local/lib/python3.12/site-packages/airflow/example_dags/example_task_group_decorator.py
[2024-09-16T16:27:54.774+0000] {processor.py:914} INFO - Processing file /home/airflow/.local/lib/python3.12/site-packages/airflow/example_dags/example_task_group_decorator.py for tasks to queue
[2024-09-16T16:27:54.800+0000] {logging_mixin.py:190} INFO - [2024-09-16T16:27:54.799+0000] {dagbag.py:587} INFO - Filling up the DagBag from /home/airflow/.local/lib/python3.12/site-packages/airflow/example_dags/example_task_group_decorator.py
[2024-09-16T16:27:54.880+0000] {processor.py:925} INFO - DAG(s) 'example_task_group_decorator' retrieved from /home/airflow/.local/lib/python3.12/site-packages/airflow/example_dags/example_task_group_decorator.py
[2024-09-16T16:27:54.997+0000] {logging_mixin.py:190} INFO - [2024-09-16T16:27:54.997+0000] {dag.py:3229} INFO - Sync 1 DAGs
[2024-09-16T16:27:55.041+0000] {logging_mixin.py:190} INFO - [2024-09-16T16:27:55.041+0000] {dag.py:4156} INFO - Setting next_dagrun for example_task_group_decorator to None, run_after=None
[2024-09-16T16:27:55.104+0000] {processor.py:208} INFO - Processing /home/airflow/.local/lib/python3.12/site-packages/airflow/example_dags/example_task_group_decorator.py took 0.365 seconds
[2024-09-16T16:28:25.649+0000] {processor.py:186} INFO - Started process (PID=426) to work on /home/airflow/.local/lib/python3.12/site-packages/airflow/example_dags/example_task_group_decorator.py
[2024-09-16T16:28:25.653+0000] {processor.py:914} INFO - Processing file /home/airflow/.local/lib/python3.12/site-packages/airflow/example_dags/example_task_group_decorator.py for tasks to queue
[2024-09-16T16:28:25.668+0000] {logging_mixin.py:190} INFO - [2024-09-16T16:28:25.666+0000] {dagbag.py:587} INFO - Filling up the DagBag from /home/airflow/.local/lib/python3.12/site-packages/airflow/example_dags/example_task_group_decorator.py
[2024-09-16T16:28:25.751+0000] {processor.py:925} INFO - DAG(s) 'example_task_group_decorator' retrieved from /home/airflow/.local/lib/python3.12/site-packages/airflow/example_dags/example_task_group_decorator.py
[2024-09-16T16:28:25.864+0000] {logging_mixin.py:190} INFO - [2024-09-16T16:28:25.864+0000] {dag.py:3229} INFO - Sync 1 DAGs
[2024-09-16T16:28:25.925+0000] {logging_mixin.py:190} INFO - [2024-09-16T16:28:25.925+0000] {dag.py:4156} INFO - Setting next_dagrun for example_task_group_decorator to None, run_after=None
[2024-09-16T16:28:25.975+0000] {processor.py:208} INFO - Processing /home/airflow/.local/lib/python3.12/site-packages/airflow/example_dags/example_task_group_decorator.py took 0.348 seconds
[2024-09-16T16:30:17.936+0000] {processor.py:186} INFO - Started process (PID=106) to work on /home/airflow/.local/lib/python3.12/site-packages/airflow/example_dags/example_task_group_decorator.py
[2024-09-16T16:30:17.937+0000] {processor.py:914} INFO - Processing file /home/airflow/.local/lib/python3.12/site-packages/airflow/example_dags/example_task_group_decorator.py for tasks to queue
[2024-09-16T16:30:17.940+0000] {logging_mixin.py:190} INFO - [2024-09-16T16:30:17.939+0000] {dagbag.py:587} INFO - Filling up the DagBag from /home/airflow/.local/lib/python3.12/site-packages/airflow/example_dags/example_task_group_decorator.py
[2024-09-16T16:30:17.957+0000] {processor.py:925} INFO - DAG(s) 'example_task_group_decorator' retrieved from /home/airflow/.local/lib/python3.12/site-packages/airflow/example_dags/example_task_group_decorator.py
[2024-09-16T16:30:17.995+0000] {logging_mixin.py:190} INFO - [2024-09-16T16:30:17.995+0000] {dag.py:3229} INFO - Sync 1 DAGs
[2024-09-16T16:30:18.017+0000] {logging_mixin.py:190} INFO - [2024-09-16T16:30:18.017+0000] {dag.py:4156} INFO - Setting next_dagrun for example_task_group_decorator to None, run_after=None
[2024-09-16T16:30:18.038+0000] {processor.py:208} INFO - Processing /home/airflow/.local/lib/python3.12/site-packages/airflow/example_dags/example_task_group_decorator.py took 0.109 seconds
[2024-09-16T16:30:48.850+0000] {processor.py:186} INFO - Started process (PID=168) to work on /home/airflow/.local/lib/python3.12/site-packages/airflow/example_dags/example_task_group_decorator.py
[2024-09-16T16:30:48.851+0000] {processor.py:914} INFO - Processing file /home/airflow/.local/lib/python3.12/site-packages/airflow/example_dags/example_task_group_decorator.py for tasks to queue
[2024-09-16T16:30:48.852+0000] {logging_mixin.py:190} INFO - [2024-09-16T16:30:48.852+0000] {dagbag.py:587} INFO - Filling up the DagBag from /home/airflow/.local/lib/python3.12/site-packages/airflow/example_dags/example_task_group_decorator.py
[2024-09-16T16:30:48.864+0000] {processor.py:925} INFO - DAG(s) 'example_task_group_decorator' retrieved from /home/airflow/.local/lib/python3.12/site-packages/airflow/example_dags/example_task_group_decorator.py
[2024-09-16T16:30:48.885+0000] {logging_mixin.py:190} INFO - [2024-09-16T16:30:48.884+0000] {dag.py:3229} INFO - Sync 1 DAGs
[2024-09-16T16:30:48.895+0000] {logging_mixin.py:190} INFO - [2024-09-16T16:30:48.895+0000] {dag.py:4156} INFO - Setting next_dagrun for example_task_group_decorator to None, run_after=None
[2024-09-16T16:30:48.915+0000] {processor.py:208} INFO - Processing /home/airflow/.local/lib/python3.12/site-packages/airflow/example_dags/example_task_group_decorator.py took 0.070 seconds
[2024-09-16T16:31:19.517+0000] {processor.py:186} INFO - Started process (PID=230) to work on /home/airflow/.local/lib/python3.12/site-packages/airflow/example_dags/example_task_group_decorator.py
[2024-09-16T16:31:19.518+0000] {processor.py:914} INFO - Processing file /home/airflow/.local/lib/python3.12/site-packages/airflow/example_dags/example_task_group_decorator.py for tasks to queue
[2024-09-16T16:31:19.521+0000] {logging_mixin.py:190} INFO - [2024-09-16T16:31:19.521+0000] {dagbag.py:587} INFO - Filling up the DagBag from /home/airflow/.local/lib/python3.12/site-packages/airflow/example_dags/example_task_group_decorator.py
[2024-09-16T16:31:19.534+0000] {processor.py:925} INFO - DAG(s) 'example_task_group_decorator' retrieved from /home/airflow/.local/lib/python3.12/site-packages/airflow/example_dags/example_task_group_decorator.py
[2024-09-16T16:31:19.556+0000] {logging_mixin.py:190} INFO - [2024-09-16T16:31:19.556+0000] {dag.py:3229} INFO - Sync 1 DAGs
[2024-09-16T16:31:19.568+0000] {logging_mixin.py:190} INFO - [2024-09-16T16:31:19.568+0000] {dag.py:4156} INFO - Setting next_dagrun for example_task_group_decorator to None, run_after=None
[2024-09-16T16:31:19.586+0000] {processor.py:208} INFO - Processing /home/airflow/.local/lib/python3.12/site-packages/airflow/example_dags/example_task_group_decorator.py took 0.073 seconds
[2024-09-16T16:31:49.883+0000] {processor.py:186} INFO - Started process (PID=292) to work on /home/airflow/.local/lib/python3.12/site-packages/airflow/example_dags/example_task_group_decorator.py
[2024-09-16T16:31:49.884+0000] {processor.py:914} INFO - Processing file /home/airflow/.local/lib/python3.12/site-packages/airflow/example_dags/example_task_group_decorator.py for tasks to queue
[2024-09-16T16:31:49.887+0000] {logging_mixin.py:190} INFO - [2024-09-16T16:31:49.887+0000] {dagbag.py:587} INFO - Filling up the DagBag from /home/airflow/.local/lib/python3.12/site-packages/airflow/example_dags/example_task_group_decorator.py
[2024-09-16T16:31:49.902+0000] {processor.py:925} INFO - DAG(s) 'example_task_group_decorator' retrieved from /home/airflow/.local/lib/python3.12/site-packages/airflow/example_dags/example_task_group_decorator.py
[2024-09-16T16:31:49.925+0000] {logging_mixin.py:190} INFO - [2024-09-16T16:31:49.925+0000] {dag.py:3229} INFO - Sync 1 DAGs
[2024-09-16T16:31:49.938+0000] {logging_mixin.py:190} INFO - [2024-09-16T16:31:49.938+0000] {dag.py:4156} INFO - Setting next_dagrun for example_task_group_decorator to None, run_after=None
[2024-09-16T16:31:49.956+0000] {processor.py:208} INFO - Processing /home/airflow/.local/lib/python3.12/site-packages/airflow/example_dags/example_task_group_decorator.py took 0.079 seconds
[2024-09-16T16:32:20.150+0000] {processor.py:186} INFO - Started process (PID=354) to work on /home/airflow/.local/lib/python3.12/site-packages/airflow/example_dags/example_task_group_decorator.py
[2024-09-16T16:32:20.151+0000] {processor.py:914} INFO - Processing file /home/airflow/.local/lib/python3.12/site-packages/airflow/example_dags/example_task_group_decorator.py for tasks to queue
[2024-09-16T16:32:20.154+0000] {logging_mixin.py:190} INFO - [2024-09-16T16:32:20.154+0000] {dagbag.py:587} INFO - Filling up the DagBag from /home/airflow/.local/lib/python3.12/site-packages/airflow/example_dags/example_task_group_decorator.py
[2024-09-16T16:32:20.169+0000] {processor.py:925} INFO - DAG(s) 'example_task_group_decorator' retrieved from /home/airflow/.local/lib/python3.12/site-packages/airflow/example_dags/example_task_group_decorator.py
[2024-09-16T16:32:20.193+0000] {logging_mixin.py:190} INFO - [2024-09-16T16:32:20.193+0000] {dag.py:3229} INFO - Sync 1 DAGs
[2024-09-16T16:32:20.206+0000] {logging_mixin.py:190} INFO - [2024-09-16T16:32:20.205+0000] {dag.py:4156} INFO - Setting next_dagrun for example_task_group_decorator to None, run_after=None
[2024-09-16T16:32:20.226+0000] {processor.py:208} INFO - Processing /home/airflow/.local/lib/python3.12/site-packages/airflow/example_dags/example_task_group_decorator.py took 0.082 seconds
[2024-09-16T16:32:50.870+0000] {processor.py:186} INFO - Started process (PID=416) to work on /home/airflow/.local/lib/python3.12/site-packages/airflow/example_dags/example_task_group_decorator.py
[2024-09-16T16:32:50.871+0000] {processor.py:914} INFO - Processing file /home/airflow/.local/lib/python3.12/site-packages/airflow/example_dags/example_task_group_decorator.py for tasks to queue
[2024-09-16T16:32:50.874+0000] {logging_mixin.py:190} INFO - [2024-09-16T16:32:50.874+0000] {dagbag.py:587} INFO - Filling up the DagBag from /home/airflow/.local/lib/python3.12/site-packages/airflow/example_dags/example_task_group_decorator.py
[2024-09-16T16:32:50.887+0000] {processor.py:925} INFO - DAG(s) 'example_task_group_decorator' retrieved from /home/airflow/.local/lib/python3.12/site-packages/airflow/example_dags/example_task_group_decorator.py
[2024-09-16T16:32:50.911+0000] {logging_mixin.py:190} INFO - [2024-09-16T16:32:50.911+0000] {dag.py:3229} INFO - Sync 1 DAGs
[2024-09-16T16:32:50.922+0000] {logging_mixin.py:190} INFO - [2024-09-16T16:32:50.922+0000] {dag.py:4156} INFO - Setting next_dagrun for example_task_group_decorator to None, run_after=None
[2024-09-16T16:32:50.940+0000] {processor.py:208} INFO - Processing /home/airflow/.local/lib/python3.12/site-packages/airflow/example_dags/example_task_group_decorator.py took 0.075 seconds
[2024-09-16T16:33:21.074+0000] {processor.py:186} INFO - Started process (PID=478) to work on /home/airflow/.local/lib/python3.12/site-packages/airflow/example_dags/example_task_group_decorator.py
[2024-09-16T16:33:21.075+0000] {processor.py:914} INFO - Processing file /home/airflow/.local/lib/python3.12/site-packages/airflow/example_dags/example_task_group_decorator.py for tasks to queue
[2024-09-16T16:33:21.078+0000] {logging_mixin.py:190} INFO - [2024-09-16T16:33:21.078+0000] {dagbag.py:587} INFO - Filling up the DagBag from /home/airflow/.local/lib/python3.12/site-packages/airflow/example_dags/example_task_group_decorator.py
[2024-09-16T16:33:21.091+0000] {processor.py:925} INFO - DAG(s) 'example_task_group_decorator' retrieved from /home/airflow/.local/lib/python3.12/site-packages/airflow/example_dags/example_task_group_decorator.py
[2024-09-16T16:33:21.116+0000] {logging_mixin.py:190} INFO - [2024-09-16T16:33:21.116+0000] {dag.py:3229} INFO - Sync 1 DAGs
[2024-09-16T16:33:21.130+0000] {logging_mixin.py:190} INFO - [2024-09-16T16:33:21.129+0000] {dag.py:4156} INFO - Setting next_dagrun for example_task_group_decorator to None, run_after=None
[2024-09-16T16:33:21.148+0000] {processor.py:208} INFO - Processing /home/airflow/.local/lib/python3.12/site-packages/airflow/example_dags/example_task_group_decorator.py took 0.078 seconds
[2024-09-16T16:33:51.710+0000] {processor.py:186} INFO - Started process (PID=540) to work on /home/airflow/.local/lib/python3.12/site-packages/airflow/example_dags/example_task_group_decorator.py
[2024-09-16T16:33:51.712+0000] {processor.py:914} INFO - Processing file /home/airflow/.local/lib/python3.12/site-packages/airflow/example_dags/example_task_group_decorator.py for tasks to queue
[2024-09-16T16:33:51.717+0000] {logging_mixin.py:190} INFO - [2024-09-16T16:33:51.716+0000] {dagbag.py:587} INFO - Filling up the DagBag from /home/airflow/.local/lib/python3.12/site-packages/airflow/example_dags/example_task_group_decorator.py
[2024-09-16T16:33:51.733+0000] {processor.py:925} INFO - DAG(s) 'example_task_group_decorator' retrieved from /home/airflow/.local/lib/python3.12/site-packages/airflow/example_dags/example_task_group_decorator.py
[2024-09-16T16:33:51.755+0000] {logging_mixin.py:190} INFO - [2024-09-16T16:33:51.755+0000] {dag.py:3229} INFO - Sync 1 DAGs
[2024-09-16T16:33:51.770+0000] {logging_mixin.py:190} INFO - [2024-09-16T16:33:51.769+0000] {dag.py:4156} INFO - Setting next_dagrun for example_task_group_decorator to None, run_after=None
[2024-09-16T16:33:51.788+0000] {processor.py:208} INFO - Processing /home/airflow/.local/lib/python3.12/site-packages/airflow/example_dags/example_task_group_decorator.py took 0.085 seconds
[2024-09-16T16:34:22.212+0000] {processor.py:186} INFO - Started process (PID=602) to work on /home/airflow/.local/lib/python3.12/site-packages/airflow/example_dags/example_task_group_decorator.py
[2024-09-16T16:34:22.213+0000] {processor.py:914} INFO - Processing file /home/airflow/.local/lib/python3.12/site-packages/airflow/example_dags/example_task_group_decorator.py for tasks to queue
[2024-09-16T16:34:22.215+0000] {logging_mixin.py:190} INFO - [2024-09-16T16:34:22.215+0000] {dagbag.py:587} INFO - Filling up the DagBag from /home/airflow/.local/lib/python3.12/site-packages/airflow/example_dags/example_task_group_decorator.py
[2024-09-16T16:34:22.227+0000] {processor.py:925} INFO - DAG(s) 'example_task_group_decorator' retrieved from /home/airflow/.local/lib/python3.12/site-packages/airflow/example_dags/example_task_group_decorator.py
[2024-09-16T16:34:22.252+0000] {logging_mixin.py:190} INFO - [2024-09-16T16:34:22.252+0000] {dag.py:3229} INFO - Sync 1 DAGs
[2024-09-16T16:34:22.265+0000] {logging_mixin.py:190} INFO - [2024-09-16T16:34:22.265+0000] {dag.py:4156} INFO - Setting next_dagrun for example_task_group_decorator to None, run_after=None
[2024-09-16T16:34:22.285+0000] {processor.py:208} INFO - Processing /home/airflow/.local/lib/python3.12/site-packages/airflow/example_dags/example_task_group_decorator.py took 0.077 seconds
[2024-09-16T16:34:52.849+0000] {processor.py:186} INFO - Started process (PID=664) to work on /home/airflow/.local/lib/python3.12/site-packages/airflow/example_dags/example_task_group_decorator.py
[2024-09-16T16:34:52.850+0000] {processor.py:914} INFO - Processing file /home/airflow/.local/lib/python3.12/site-packages/airflow/example_dags/example_task_group_decorator.py for tasks to queue
[2024-09-16T16:34:52.852+0000] {logging_mixin.py:190} INFO - [2024-09-16T16:34:52.852+0000] {dagbag.py:587} INFO - Filling up the DagBag from /home/airflow/.local/lib/python3.12/site-packages/airflow/example_dags/example_task_group_decorator.py
[2024-09-16T16:34:52.865+0000] {processor.py:925} INFO - DAG(s) 'example_task_group_decorator' retrieved from /home/airflow/.local/lib/python3.12/site-packages/airflow/example_dags/example_task_group_decorator.py
[2024-09-16T16:34:52.887+0000] {logging_mixin.py:190} INFO - [2024-09-16T16:34:52.887+0000] {dag.py:3229} INFO - Sync 1 DAGs
[2024-09-16T16:34:52.900+0000] {logging_mixin.py:190} INFO - [2024-09-16T16:34:52.899+0000] {dag.py:4156} INFO - Setting next_dagrun for example_task_group_decorator to None, run_after=None
[2024-09-16T16:34:52.919+0000] {processor.py:208} INFO - Processing /home/airflow/.local/lib/python3.12/site-packages/airflow/example_dags/example_task_group_decorator.py took 0.075 seconds
[2024-09-16T16:35:23.344+0000] {processor.py:186} INFO - Started process (PID=727) to work on /home/airflow/.local/lib/python3.12/site-packages/airflow/example_dags/example_task_group_decorator.py
[2024-09-16T16:35:23.345+0000] {processor.py:914} INFO - Processing file /home/airflow/.local/lib/python3.12/site-packages/airflow/example_dags/example_task_group_decorator.py for tasks to queue
[2024-09-16T16:35:23.347+0000] {logging_mixin.py:190} INFO - [2024-09-16T16:35:23.347+0000] {dagbag.py:587} INFO - Filling up the DagBag from /home/airflow/.local/lib/python3.12/site-packages/airflow/example_dags/example_task_group_decorator.py
[2024-09-16T16:35:23.359+0000] {processor.py:925} INFO - DAG(s) 'example_task_group_decorator' retrieved from /home/airflow/.local/lib/python3.12/site-packages/airflow/example_dags/example_task_group_decorator.py
[2024-09-16T16:35:23.381+0000] {logging_mixin.py:190} INFO - [2024-09-16T16:35:23.381+0000] {dag.py:3229} INFO - Sync 1 DAGs
[2024-09-16T16:35:23.395+0000] {logging_mixin.py:190} INFO - [2024-09-16T16:35:23.395+0000] {dag.py:4156} INFO - Setting next_dagrun for example_task_group_decorator to None, run_after=None
[2024-09-16T16:35:23.420+0000] {processor.py:208} INFO - Processing /home/airflow/.local/lib/python3.12/site-packages/airflow/example_dags/example_task_group_decorator.py took 0.079 seconds
[2024-09-16T16:35:53.826+0000] {processor.py:186} INFO - Started process (PID=789) to work on /home/airflow/.local/lib/python3.12/site-packages/airflow/example_dags/example_task_group_decorator.py
[2024-09-16T16:35:53.827+0000] {processor.py:914} INFO - Processing file /home/airflow/.local/lib/python3.12/site-packages/airflow/example_dags/example_task_group_decorator.py for tasks to queue
[2024-09-16T16:35:53.832+0000] {logging_mixin.py:190} INFO - [2024-09-16T16:35:53.832+0000] {dagbag.py:587} INFO - Filling up the DagBag from /home/airflow/.local/lib/python3.12/site-packages/airflow/example_dags/example_task_group_decorator.py
[2024-09-16T16:35:53.867+0000] {processor.py:925} INFO - DAG(s) 'example_task_group_decorator' retrieved from /home/airflow/.local/lib/python3.12/site-packages/airflow/example_dags/example_task_group_decorator.py
[2024-09-16T16:35:53.900+0000] {logging_mixin.py:190} INFO - [2024-09-16T16:35:53.899+0000] {dag.py:3229} INFO - Sync 1 DAGs
[2024-09-16T16:35:53.918+0000] {logging_mixin.py:190} INFO - [2024-09-16T16:35:53.918+0000] {dag.py:4156} INFO - Setting next_dagrun for example_task_group_decorator to None, run_after=None
[2024-09-16T16:35:53.944+0000] {processor.py:208} INFO - Processing /home/airflow/.local/lib/python3.12/site-packages/airflow/example_dags/example_task_group_decorator.py took 0.134 seconds
[2024-09-16T16:36:24.804+0000] {processor.py:186} INFO - Started process (PID=851) to work on /home/airflow/.local/lib/python3.12/site-packages/airflow/example_dags/example_task_group_decorator.py
[2024-09-16T16:36:24.805+0000] {processor.py:914} INFO - Processing file /home/airflow/.local/lib/python3.12/site-packages/airflow/example_dags/example_task_group_decorator.py for tasks to queue
[2024-09-16T16:36:24.808+0000] {logging_mixin.py:190} INFO - [2024-09-16T16:36:24.807+0000] {dagbag.py:587} INFO - Filling up the DagBag from /home/airflow/.local/lib/python3.12/site-packages/airflow/example_dags/example_task_group_decorator.py
[2024-09-16T16:36:24.821+0000] {processor.py:925} INFO - DAG(s) 'example_task_group_decorator' retrieved from /home/airflow/.local/lib/python3.12/site-packages/airflow/example_dags/example_task_group_decorator.py
[2024-09-16T16:36:24.845+0000] {logging_mixin.py:190} INFO - [2024-09-16T16:36:24.844+0000] {dag.py:3229} INFO - Sync 1 DAGs
[2024-09-16T16:36:24.858+0000] {logging_mixin.py:190} INFO - [2024-09-16T16:36:24.858+0000] {dag.py:4156} INFO - Setting next_dagrun for example_task_group_decorator to None, run_after=None
[2024-09-16T16:36:24.877+0000] {processor.py:208} INFO - Processing /home/airflow/.local/lib/python3.12/site-packages/airflow/example_dags/example_task_group_decorator.py took 0.078 seconds
[2024-09-16T16:36:55.386+0000] {processor.py:186} INFO - Started process (PID=913) to work on /home/airflow/.local/lib/python3.12/site-packages/airflow/example_dags/example_task_group_decorator.py
[2024-09-16T16:36:55.387+0000] {processor.py:914} INFO - Processing file /home/airflow/.local/lib/python3.12/site-packages/airflow/example_dags/example_task_group_decorator.py for tasks to queue
[2024-09-16T16:36:55.390+0000] {logging_mixin.py:190} INFO - [2024-09-16T16:36:55.389+0000] {dagbag.py:587} INFO - Filling up the DagBag from /home/airflow/.local/lib/python3.12/site-packages/airflow/example_dags/example_task_group_decorator.py
[2024-09-16T16:36:55.401+0000] {processor.py:925} INFO - DAG(s) 'example_task_group_decorator' retrieved from /home/airflow/.local/lib/python3.12/site-packages/airflow/example_dags/example_task_group_decorator.py
[2024-09-16T16:36:55.421+0000] {logging_mixin.py:190} INFO - [2024-09-16T16:36:55.421+0000] {dag.py:3229} INFO - Sync 1 DAGs
[2024-09-16T16:36:55.432+0000] {logging_mixin.py:190} INFO - [2024-09-16T16:36:55.432+0000] {dag.py:4156} INFO - Setting next_dagrun for example_task_group_decorator to None, run_after=None
[2024-09-16T16:36:55.448+0000] {processor.py:208} INFO - Processing /home/airflow/.local/lib/python3.12/site-packages/airflow/example_dags/example_task_group_decorator.py took 0.066 seconds
[2024-09-16T16:37:25.731+0000] {processor.py:186} INFO - Started process (PID=975) to work on /home/airflow/.local/lib/python3.12/site-packages/airflow/example_dags/example_task_group_decorator.py
[2024-09-16T16:37:25.732+0000] {processor.py:914} INFO - Processing file /home/airflow/.local/lib/python3.12/site-packages/airflow/example_dags/example_task_group_decorator.py for tasks to queue
[2024-09-16T16:37:25.734+0000] {logging_mixin.py:190} INFO - [2024-09-16T16:37:25.734+0000] {dagbag.py:587} INFO - Filling up the DagBag from /home/airflow/.local/lib/python3.12/site-packages/airflow/example_dags/example_task_group_decorator.py
[2024-09-16T16:37:25.746+0000] {processor.py:925} INFO - DAG(s) 'example_task_group_decorator' retrieved from /home/airflow/.local/lib/python3.12/site-packages/airflow/example_dags/example_task_group_decorator.py
[2024-09-16T16:37:25.768+0000] {logging_mixin.py:190} INFO - [2024-09-16T16:37:25.768+0000] {dag.py:3229} INFO - Sync 1 DAGs
[2024-09-16T16:37:25.780+0000] {logging_mixin.py:190} INFO - [2024-09-16T16:37:25.779+0000] {dag.py:4156} INFO - Setting next_dagrun for example_task_group_decorator to None, run_after=None
[2024-09-16T16:37:25.799+0000] {processor.py:208} INFO - Processing /home/airflow/.local/lib/python3.12/site-packages/airflow/example_dags/example_task_group_decorator.py took 0.073 seconds
