[2024-09-16T16:25:44.547+0000] {processor.py:186} INFO - Started process (PID=98) to work on /home/airflow/.local/lib/python3.12/site-packages/airflow/example_dags/example_short_circuit_decorator.py
[2024-09-16T16:25:44.549+0000] {processor.py:914} INFO - Processing file /home/airflow/.local/lib/python3.12/site-packages/airflow/example_dags/example_short_circuit_decorator.py for tasks to queue
[2024-09-16T16:25:44.555+0000] {logging_mixin.py:190} INFO - [2024-09-16T16:25:44.554+0000] {dagbag.py:587} INFO - Filling up the DagBag from /home/airflow/.local/lib/python3.12/site-packages/airflow/example_dags/example_short_circuit_decorator.py
[2024-09-16T16:25:44.627+0000] {processor.py:925} INFO - DAG(s) 'example_short_circuit_decorator' retrieved from /home/airflow/.local/lib/python3.12/site-packages/airflow/example_dags/example_short_circuit_decorator.py
[2024-09-16T16:25:44.793+0000] {logging_mixin.py:190} INFO - [2024-09-16T16:25:44.793+0000] {override.py:1900} INFO - Created Permission View: can edit on DAG:example_short_circuit_decorator
[2024-09-16T16:25:44.806+0000] {logging_mixin.py:190} INFO - [2024-09-16T16:25:44.805+0000] {override.py:1900} INFO - Created Permission View: can delete on DAG:example_short_circuit_decorator
[2024-09-16T16:25:44.813+0000] {logging_mixin.py:190} INFO - [2024-09-16T16:25:44.813+0000] {override.py:1900} INFO - Created Permission View: can read on DAG:example_short_circuit_decorator
[2024-09-16T16:25:44.823+0000] {logging_mixin.py:190} INFO - [2024-09-16T16:25:44.822+0000] {override.py:1900} INFO - Created Permission View: can delete on DAG Run:example_short_circuit_decorator
[2024-09-16T16:25:44.830+0000] {logging_mixin.py:190} INFO - [2024-09-16T16:25:44.830+0000] {override.py:1900} INFO - Created Permission View: can create on DAG Run:example_short_circuit_decorator
[2024-09-16T16:25:44.841+0000] {logging_mixin.py:190} INFO - [2024-09-16T16:25:44.841+0000] {override.py:1900} INFO - Created Permission View: menu access on DAG Run:example_short_circuit_decorator
[2024-09-16T16:25:44.851+0000] {logging_mixin.py:190} INFO - [2024-09-16T16:25:44.850+0000] {override.py:1900} INFO - Created Permission View: can read on DAG Run:example_short_circuit_decorator
[2024-09-16T16:25:44.852+0000] {logging_mixin.py:190} INFO - [2024-09-16T16:25:44.851+0000] {dag.py:3229} INFO - Sync 1 DAGs
[2024-09-16T16:25:44.873+0000] {logging_mixin.py:190} INFO - [2024-09-16T16:25:44.873+0000] {dag.py:3252} INFO - Creating ORM DAG for example_short_circuit_decorator
[2024-09-16T16:25:44.875+0000] {logging_mixin.py:190} INFO - [2024-09-16T16:25:44.874+0000] {dag.py:4156} INFO - Setting next_dagrun for example_short_circuit_decorator to None, run_after=None
[2024-09-16T16:25:44.899+0000] {processor.py:208} INFO - Processing /home/airflow/.local/lib/python3.12/site-packages/airflow/example_dags/example_short_circuit_decorator.py took 0.362 seconds
[2024-09-16T16:26:15.304+0000] {processor.py:186} INFO - Started process (PID=160) to work on /home/airflow/.local/lib/python3.12/site-packages/airflow/example_dags/example_short_circuit_decorator.py
[2024-09-16T16:26:15.306+0000] {processor.py:914} INFO - Processing file /home/airflow/.local/lib/python3.12/site-packages/airflow/example_dags/example_short_circuit_decorator.py for tasks to queue
[2024-09-16T16:26:15.308+0000] {logging_mixin.py:190} INFO - [2024-09-16T16:26:15.308+0000] {dagbag.py:587} INFO - Filling up the DagBag from /home/airflow/.local/lib/python3.12/site-packages/airflow/example_dags/example_short_circuit_decorator.py
[2024-09-16T16:26:15.366+0000] {processor.py:925} INFO - DAG(s) 'example_short_circuit_decorator' retrieved from /home/airflow/.local/lib/python3.12/site-packages/airflow/example_dags/example_short_circuit_decorator.py
[2024-09-16T16:26:15.393+0000] {logging_mixin.py:190} INFO - [2024-09-16T16:26:15.393+0000] {dag.py:3229} INFO - Sync 1 DAGs
[2024-09-16T16:26:15.409+0000] {logging_mixin.py:190} INFO - [2024-09-16T16:26:15.409+0000] {dag.py:4156} INFO - Setting next_dagrun for example_short_circuit_decorator to None, run_after=None
[2024-09-16T16:26:15.429+0000] {processor.py:208} INFO - Processing /home/airflow/.local/lib/python3.12/site-packages/airflow/example_dags/example_short_circuit_decorator.py took 0.131 seconds
[2024-09-16T16:26:46.938+0000] {processor.py:186} INFO - Started process (PID=222) to work on /home/airflow/.local/lib/python3.12/site-packages/airflow/example_dags/example_short_circuit_decorator.py
[2024-09-16T16:26:46.941+0000] {processor.py:914} INFO - Processing file /home/airflow/.local/lib/python3.12/site-packages/airflow/example_dags/example_short_circuit_decorator.py for tasks to queue
[2024-09-16T16:26:46.949+0000] {logging_mixin.py:190} INFO - [2024-09-16T16:26:46.948+0000] {dagbag.py:587} INFO - Filling up the DagBag from /home/airflow/.local/lib/python3.12/site-packages/airflow/example_dags/example_short_circuit_decorator.py
[2024-09-16T16:26:46.974+0000] {processor.py:925} INFO - DAG(s) 'example_short_circuit_decorator' retrieved from /home/airflow/.local/lib/python3.12/site-packages/airflow/example_dags/example_short_circuit_decorator.py
[2024-09-16T16:26:47.035+0000] {logging_mixin.py:190} INFO - [2024-09-16T16:26:47.034+0000] {dag.py:3229} INFO - Sync 1 DAGs
[2024-09-16T16:26:47.079+0000] {logging_mixin.py:190} INFO - [2024-09-16T16:26:47.078+0000] {dag.py:4156} INFO - Setting next_dagrun for example_short_circuit_decorator to None, run_after=None
[2024-09-16T16:26:47.141+0000] {processor.py:208} INFO - Processing /home/airflow/.local/lib/python3.12/site-packages/airflow/example_dags/example_short_circuit_decorator.py took 0.214 seconds
[2024-09-16T16:27:17.771+0000] {processor.py:186} INFO - Started process (PID=284) to work on /home/airflow/.local/lib/python3.12/site-packages/airflow/example_dags/example_short_circuit_decorator.py
[2024-09-16T16:27:17.773+0000] {processor.py:914} INFO - Processing file /home/airflow/.local/lib/python3.12/site-packages/airflow/example_dags/example_short_circuit_decorator.py for tasks to queue
[2024-09-16T16:27:17.776+0000] {logging_mixin.py:190} INFO - [2024-09-16T16:27:17.776+0000] {dagbag.py:587} INFO - Filling up the DagBag from /home/airflow/.local/lib/python3.12/site-packages/airflow/example_dags/example_short_circuit_decorator.py
[2024-09-16T16:27:17.791+0000] {processor.py:925} INFO - DAG(s) 'example_short_circuit_decorator' retrieved from /home/airflow/.local/lib/python3.12/site-packages/airflow/example_dags/example_short_circuit_decorator.py
[2024-09-16T16:27:17.824+0000] {logging_mixin.py:190} INFO - [2024-09-16T16:27:17.824+0000] {dag.py:3229} INFO - Sync 1 DAGs
[2024-09-16T16:27:17.843+0000] {logging_mixin.py:190} INFO - [2024-09-16T16:27:17.842+0000] {dag.py:4156} INFO - Setting next_dagrun for example_short_circuit_decorator to None, run_after=None
[2024-09-16T16:27:17.871+0000] {processor.py:208} INFO - Processing /home/airflow/.local/lib/python3.12/site-packages/airflow/example_dags/example_short_circuit_decorator.py took 0.108 seconds
[2024-09-16T16:27:52.424+0000] {processor.py:186} INFO - Started process (PID=346) to work on /home/airflow/.local/lib/python3.12/site-packages/airflow/example_dags/example_short_circuit_decorator.py
[2024-09-16T16:27:52.427+0000] {processor.py:914} INFO - Processing file /home/airflow/.local/lib/python3.12/site-packages/airflow/example_dags/example_short_circuit_decorator.py for tasks to queue
[2024-09-16T16:27:52.431+0000] {logging_mixin.py:190} INFO - [2024-09-16T16:27:52.431+0000] {dagbag.py:587} INFO - Filling up the DagBag from /home/airflow/.local/lib/python3.12/site-packages/airflow/example_dags/example_short_circuit_decorator.py
[2024-09-16T16:27:52.478+0000] {processor.py:925} INFO - DAG(s) 'example_short_circuit_decorator' retrieved from /home/airflow/.local/lib/python3.12/site-packages/airflow/example_dags/example_short_circuit_decorator.py
[2024-09-16T16:27:52.566+0000] {logging_mixin.py:190} INFO - [2024-09-16T16:27:52.565+0000] {dag.py:3229} INFO - Sync 1 DAGs
[2024-09-16T16:27:52.613+0000] {logging_mixin.py:190} INFO - [2024-09-16T16:27:52.613+0000] {dag.py:4156} INFO - Setting next_dagrun for example_short_circuit_decorator to None, run_after=None
[2024-09-16T16:27:52.668+0000] {processor.py:208} INFO - Processing /home/airflow/.local/lib/python3.12/site-packages/airflow/example_dags/example_short_circuit_decorator.py took 0.258 seconds
[2024-09-16T16:28:23.524+0000] {processor.py:186} INFO - Started process (PID=415) to work on /home/airflow/.local/lib/python3.12/site-packages/airflow/example_dags/example_short_circuit_decorator.py
[2024-09-16T16:28:23.526+0000] {processor.py:914} INFO - Processing file /home/airflow/.local/lib/python3.12/site-packages/airflow/example_dags/example_short_circuit_decorator.py for tasks to queue
[2024-09-16T16:28:23.540+0000] {logging_mixin.py:190} INFO - [2024-09-16T16:28:23.539+0000] {dagbag.py:587} INFO - Filling up the DagBag from /home/airflow/.local/lib/python3.12/site-packages/airflow/example_dags/example_short_circuit_decorator.py
[2024-09-16T16:28:23.563+0000] {processor.py:925} INFO - DAG(s) 'example_short_circuit_decorator' retrieved from /home/airflow/.local/lib/python3.12/site-packages/airflow/example_dags/example_short_circuit_decorator.py
[2024-09-16T16:28:23.630+0000] {logging_mixin.py:190} INFO - [2024-09-16T16:28:23.629+0000] {dag.py:3229} INFO - Sync 1 DAGs
[2024-09-16T16:28:23.671+0000] {logging_mixin.py:190} INFO - [2024-09-16T16:28:23.671+0000] {dag.py:4156} INFO - Setting next_dagrun for example_short_circuit_decorator to None, run_after=None
[2024-09-16T16:28:23.718+0000] {processor.py:208} INFO - Processing /home/airflow/.local/lib/python3.12/site-packages/airflow/example_dags/example_short_circuit_decorator.py took 0.205 seconds
[2024-09-16T16:30:16.813+0000] {processor.py:186} INFO - Started process (PID=95) to work on /home/airflow/.local/lib/python3.12/site-packages/airflow/example_dags/example_short_circuit_decorator.py
[2024-09-16T16:30:16.814+0000] {processor.py:914} INFO - Processing file /home/airflow/.local/lib/python3.12/site-packages/airflow/example_dags/example_short_circuit_decorator.py for tasks to queue
[2024-09-16T16:30:16.817+0000] {logging_mixin.py:190} INFO - [2024-09-16T16:30:16.817+0000] {dagbag.py:587} INFO - Filling up the DagBag from /home/airflow/.local/lib/python3.12/site-packages/airflow/example_dags/example_short_circuit_decorator.py
[2024-09-16T16:30:16.830+0000] {processor.py:925} INFO - DAG(s) 'example_short_circuit_decorator' retrieved from /home/airflow/.local/lib/python3.12/site-packages/airflow/example_dags/example_short_circuit_decorator.py
[2024-09-16T16:30:16.872+0000] {logging_mixin.py:190} INFO - [2024-09-16T16:30:16.871+0000] {dag.py:3229} INFO - Sync 1 DAGs
[2024-09-16T16:30:16.900+0000] {logging_mixin.py:190} INFO - [2024-09-16T16:30:16.899+0000] {dag.py:4156} INFO - Setting next_dagrun for example_short_circuit_decorator to None, run_after=None
[2024-09-16T16:30:16.922+0000] {processor.py:208} INFO - Processing /home/airflow/.local/lib/python3.12/site-packages/airflow/example_dags/example_short_circuit_decorator.py took 0.116 seconds
[2024-09-16T16:30:47.226+0000] {processor.py:186} INFO - Started process (PID=157) to work on /home/airflow/.local/lib/python3.12/site-packages/airflow/example_dags/example_short_circuit_decorator.py
[2024-09-16T16:30:47.227+0000] {processor.py:914} INFO - Processing file /home/airflow/.local/lib/python3.12/site-packages/airflow/example_dags/example_short_circuit_decorator.py for tasks to queue
[2024-09-16T16:30:47.229+0000] {logging_mixin.py:190} INFO - [2024-09-16T16:30:47.229+0000] {dagbag.py:587} INFO - Filling up the DagBag from /home/airflow/.local/lib/python3.12/site-packages/airflow/example_dags/example_short_circuit_decorator.py
[2024-09-16T16:30:47.236+0000] {processor.py:925} INFO - DAG(s) 'example_short_circuit_decorator' retrieved from /home/airflow/.local/lib/python3.12/site-packages/airflow/example_dags/example_short_circuit_decorator.py
[2024-09-16T16:30:47.259+0000] {logging_mixin.py:190} INFO - [2024-09-16T16:30:47.258+0000] {dag.py:3229} INFO - Sync 1 DAGs
[2024-09-16T16:30:47.269+0000] {logging_mixin.py:190} INFO - [2024-09-16T16:30:47.269+0000] {dag.py:4156} INFO - Setting next_dagrun for example_short_circuit_decorator to None, run_after=None
[2024-09-16T16:30:47.289+0000] {processor.py:208} INFO - Processing /home/airflow/.local/lib/python3.12/site-packages/airflow/example_dags/example_short_circuit_decorator.py took 0.067 seconds
[2024-09-16T16:31:17.891+0000] {processor.py:186} INFO - Started process (PID=219) to work on /home/airflow/.local/lib/python3.12/site-packages/airflow/example_dags/example_short_circuit_decorator.py
[2024-09-16T16:31:17.892+0000] {processor.py:914} INFO - Processing file /home/airflow/.local/lib/python3.12/site-packages/airflow/example_dags/example_short_circuit_decorator.py for tasks to queue
[2024-09-16T16:31:17.894+0000] {logging_mixin.py:190} INFO - [2024-09-16T16:31:17.894+0000] {dagbag.py:587} INFO - Filling up the DagBag from /home/airflow/.local/lib/python3.12/site-packages/airflow/example_dags/example_short_circuit_decorator.py
[2024-09-16T16:31:17.902+0000] {processor.py:925} INFO - DAG(s) 'example_short_circuit_decorator' retrieved from /home/airflow/.local/lib/python3.12/site-packages/airflow/example_dags/example_short_circuit_decorator.py
[2024-09-16T16:31:17.922+0000] {logging_mixin.py:190} INFO - [2024-09-16T16:31:17.922+0000] {dag.py:3229} INFO - Sync 1 DAGs
[2024-09-16T16:31:17.934+0000] {logging_mixin.py:190} INFO - [2024-09-16T16:31:17.934+0000] {dag.py:4156} INFO - Setting next_dagrun for example_short_circuit_decorator to None, run_after=None
[2024-09-16T16:31:17.953+0000] {processor.py:208} INFO - Processing /home/airflow/.local/lib/python3.12/site-packages/airflow/example_dags/example_short_circuit_decorator.py took 0.066 seconds
[2024-09-16T16:31:48.224+0000] {processor.py:186} INFO - Started process (PID=281) to work on /home/airflow/.local/lib/python3.12/site-packages/airflow/example_dags/example_short_circuit_decorator.py
[2024-09-16T16:31:48.225+0000] {processor.py:914} INFO - Processing file /home/airflow/.local/lib/python3.12/site-packages/airflow/example_dags/example_short_circuit_decorator.py for tasks to queue
[2024-09-16T16:31:48.227+0000] {logging_mixin.py:190} INFO - [2024-09-16T16:31:48.227+0000] {dagbag.py:587} INFO - Filling up the DagBag from /home/airflow/.local/lib/python3.12/site-packages/airflow/example_dags/example_short_circuit_decorator.py
[2024-09-16T16:31:48.235+0000] {processor.py:925} INFO - DAG(s) 'example_short_circuit_decorator' retrieved from /home/airflow/.local/lib/python3.12/site-packages/airflow/example_dags/example_short_circuit_decorator.py
[2024-09-16T16:31:48.255+0000] {logging_mixin.py:190} INFO - [2024-09-16T16:31:48.255+0000] {dag.py:3229} INFO - Sync 1 DAGs
[2024-09-16T16:31:48.266+0000] {logging_mixin.py:190} INFO - [2024-09-16T16:31:48.266+0000] {dag.py:4156} INFO - Setting next_dagrun for example_short_circuit_decorator to None, run_after=None
[2024-09-16T16:31:48.285+0000] {processor.py:208} INFO - Processing /home/airflow/.local/lib/python3.12/site-packages/airflow/example_dags/example_short_circuit_decorator.py took 0.066 seconds
[2024-09-16T16:32:18.444+0000] {processor.py:186} INFO - Started process (PID=343) to work on /home/airflow/.local/lib/python3.12/site-packages/airflow/example_dags/example_short_circuit_decorator.py
[2024-09-16T16:32:18.445+0000] {processor.py:914} INFO - Processing file /home/airflow/.local/lib/python3.12/site-packages/airflow/example_dags/example_short_circuit_decorator.py for tasks to queue
[2024-09-16T16:32:18.447+0000] {logging_mixin.py:190} INFO - [2024-09-16T16:32:18.447+0000] {dagbag.py:587} INFO - Filling up the DagBag from /home/airflow/.local/lib/python3.12/site-packages/airflow/example_dags/example_short_circuit_decorator.py
[2024-09-16T16:32:18.456+0000] {processor.py:925} INFO - DAG(s) 'example_short_circuit_decorator' retrieved from /home/airflow/.local/lib/python3.12/site-packages/airflow/example_dags/example_short_circuit_decorator.py
[2024-09-16T16:32:18.478+0000] {logging_mixin.py:190} INFO - [2024-09-16T16:32:18.478+0000] {dag.py:3229} INFO - Sync 1 DAGs
[2024-09-16T16:32:18.492+0000] {logging_mixin.py:190} INFO - [2024-09-16T16:32:18.491+0000] {dag.py:4156} INFO - Setting next_dagrun for example_short_circuit_decorator to None, run_after=None
[2024-09-16T16:32:18.514+0000] {processor.py:208} INFO - Processing /home/airflow/.local/lib/python3.12/site-packages/airflow/example_dags/example_short_circuit_decorator.py took 0.076 seconds
[2024-09-16T16:32:49.274+0000] {processor.py:186} INFO - Started process (PID=405) to work on /home/airflow/.local/lib/python3.12/site-packages/airflow/example_dags/example_short_circuit_decorator.py
[2024-09-16T16:32:49.275+0000] {processor.py:914} INFO - Processing file /home/airflow/.local/lib/python3.12/site-packages/airflow/example_dags/example_short_circuit_decorator.py for tasks to queue
[2024-09-16T16:32:49.278+0000] {logging_mixin.py:190} INFO - [2024-09-16T16:32:49.277+0000] {dagbag.py:587} INFO - Filling up the DagBag from /home/airflow/.local/lib/python3.12/site-packages/airflow/example_dags/example_short_circuit_decorator.py
[2024-09-16T16:32:49.285+0000] {processor.py:925} INFO - DAG(s) 'example_short_circuit_decorator' retrieved from /home/airflow/.local/lib/python3.12/site-packages/airflow/example_dags/example_short_circuit_decorator.py
[2024-09-16T16:32:49.306+0000] {logging_mixin.py:190} INFO - [2024-09-16T16:32:49.306+0000] {dag.py:3229} INFO - Sync 1 DAGs
[2024-09-16T16:32:49.316+0000] {logging_mixin.py:190} INFO - [2024-09-16T16:32:49.316+0000] {dag.py:4156} INFO - Setting next_dagrun for example_short_circuit_decorator to None, run_after=None
[2024-09-16T16:32:49.339+0000] {processor.py:208} INFO - Processing /home/airflow/.local/lib/python3.12/site-packages/airflow/example_dags/example_short_circuit_decorator.py took 0.069 seconds
[2024-09-16T16:33:19.518+0000] {processor.py:186} INFO - Started process (PID=467) to work on /home/airflow/.local/lib/python3.12/site-packages/airflow/example_dags/example_short_circuit_decorator.py
[2024-09-16T16:33:19.519+0000] {processor.py:914} INFO - Processing file /home/airflow/.local/lib/python3.12/site-packages/airflow/example_dags/example_short_circuit_decorator.py for tasks to queue
[2024-09-16T16:33:19.521+0000] {logging_mixin.py:190} INFO - [2024-09-16T16:33:19.521+0000] {dagbag.py:587} INFO - Filling up the DagBag from /home/airflow/.local/lib/python3.12/site-packages/airflow/example_dags/example_short_circuit_decorator.py
[2024-09-16T16:33:19.531+0000] {processor.py:925} INFO - DAG(s) 'example_short_circuit_decorator' retrieved from /home/airflow/.local/lib/python3.12/site-packages/airflow/example_dags/example_short_circuit_decorator.py
[2024-09-16T16:33:19.555+0000] {logging_mixin.py:190} INFO - [2024-09-16T16:33:19.555+0000] {dag.py:3229} INFO - Sync 1 DAGs
[2024-09-16T16:33:19.568+0000] {logging_mixin.py:190} INFO - [2024-09-16T16:33:19.568+0000] {dag.py:4156} INFO - Setting next_dagrun for example_short_circuit_decorator to None, run_after=None
[2024-09-16T16:33:19.584+0000] {processor.py:208} INFO - Processing /home/airflow/.local/lib/python3.12/site-packages/airflow/example_dags/example_short_circuit_decorator.py took 0.072 seconds
[2024-09-16T16:33:50.037+0000] {processor.py:186} INFO - Started process (PID=529) to work on /home/airflow/.local/lib/python3.12/site-packages/airflow/example_dags/example_short_circuit_decorator.py
[2024-09-16T16:33:50.038+0000] {processor.py:914} INFO - Processing file /home/airflow/.local/lib/python3.12/site-packages/airflow/example_dags/example_short_circuit_decorator.py for tasks to queue
[2024-09-16T16:33:50.040+0000] {logging_mixin.py:190} INFO - [2024-09-16T16:33:50.040+0000] {dagbag.py:587} INFO - Filling up the DagBag from /home/airflow/.local/lib/python3.12/site-packages/airflow/example_dags/example_short_circuit_decorator.py
[2024-09-16T16:33:50.048+0000] {processor.py:925} INFO - DAG(s) 'example_short_circuit_decorator' retrieved from /home/airflow/.local/lib/python3.12/site-packages/airflow/example_dags/example_short_circuit_decorator.py
[2024-09-16T16:33:50.068+0000] {logging_mixin.py:190} INFO - [2024-09-16T16:33:50.068+0000] {dag.py:3229} INFO - Sync 1 DAGs
[2024-09-16T16:33:50.080+0000] {logging_mixin.py:190} INFO - [2024-09-16T16:33:50.080+0000] {dag.py:4156} INFO - Setting next_dagrun for example_short_circuit_decorator to None, run_after=None
[2024-09-16T16:33:50.102+0000] {processor.py:208} INFO - Processing /home/airflow/.local/lib/python3.12/site-packages/airflow/example_dags/example_short_circuit_decorator.py took 0.070 seconds
[2024-09-16T16:34:20.458+0000] {processor.py:186} INFO - Started process (PID=591) to work on /home/airflow/.local/lib/python3.12/site-packages/airflow/example_dags/example_short_circuit_decorator.py
[2024-09-16T16:34:20.458+0000] {processor.py:914} INFO - Processing file /home/airflow/.local/lib/python3.12/site-packages/airflow/example_dags/example_short_circuit_decorator.py for tasks to queue
[2024-09-16T16:34:20.460+0000] {logging_mixin.py:190} INFO - [2024-09-16T16:34:20.460+0000] {dagbag.py:587} INFO - Filling up the DagBag from /home/airflow/.local/lib/python3.12/site-packages/airflow/example_dags/example_short_circuit_decorator.py
[2024-09-16T16:34:20.468+0000] {processor.py:925} INFO - DAG(s) 'example_short_circuit_decorator' retrieved from /home/airflow/.local/lib/python3.12/site-packages/airflow/example_dags/example_short_circuit_decorator.py
[2024-09-16T16:34:20.486+0000] {logging_mixin.py:190} INFO - [2024-09-16T16:34:20.486+0000] {dag.py:3229} INFO - Sync 1 DAGs
[2024-09-16T16:34:20.496+0000] {logging_mixin.py:190} INFO - [2024-09-16T16:34:20.496+0000] {dag.py:4156} INFO - Setting next_dagrun for example_short_circuit_decorator to None, run_after=None
[2024-09-16T16:34:20.513+0000] {processor.py:208} INFO - Processing /home/airflow/.local/lib/python3.12/site-packages/airflow/example_dags/example_short_circuit_decorator.py took 0.059 seconds
[2024-09-16T16:34:51.203+0000] {processor.py:186} INFO - Started process (PID=653) to work on /home/airflow/.local/lib/python3.12/site-packages/airflow/example_dags/example_short_circuit_decorator.py
[2024-09-16T16:34:51.204+0000] {processor.py:914} INFO - Processing file /home/airflow/.local/lib/python3.12/site-packages/airflow/example_dags/example_short_circuit_decorator.py for tasks to queue
[2024-09-16T16:34:51.207+0000] {logging_mixin.py:190} INFO - [2024-09-16T16:34:51.207+0000] {dagbag.py:587} INFO - Filling up the DagBag from /home/airflow/.local/lib/python3.12/site-packages/airflow/example_dags/example_short_circuit_decorator.py
[2024-09-16T16:34:51.213+0000] {processor.py:925} INFO - DAG(s) 'example_short_circuit_decorator' retrieved from /home/airflow/.local/lib/python3.12/site-packages/airflow/example_dags/example_short_circuit_decorator.py
[2024-09-16T16:34:51.233+0000] {logging_mixin.py:190} INFO - [2024-09-16T16:34:51.233+0000] {dag.py:3229} INFO - Sync 1 DAGs
[2024-09-16T16:34:51.243+0000] {logging_mixin.py:190} INFO - [2024-09-16T16:34:51.243+0000] {dag.py:4156} INFO - Setting next_dagrun for example_short_circuit_decorator to None, run_after=None
[2024-09-16T16:34:51.263+0000] {processor.py:208} INFO - Processing /home/airflow/.local/lib/python3.12/site-packages/airflow/example_dags/example_short_circuit_decorator.py took 0.065 seconds
[2024-09-16T16:35:21.717+0000] {processor.py:186} INFO - Started process (PID=716) to work on /home/airflow/.local/lib/python3.12/site-packages/airflow/example_dags/example_short_circuit_decorator.py
[2024-09-16T16:35:21.718+0000] {processor.py:914} INFO - Processing file /home/airflow/.local/lib/python3.12/site-packages/airflow/example_dags/example_short_circuit_decorator.py for tasks to queue
[2024-09-16T16:35:21.720+0000] {logging_mixin.py:190} INFO - [2024-09-16T16:35:21.720+0000] {dagbag.py:587} INFO - Filling up the DagBag from /home/airflow/.local/lib/python3.12/site-packages/airflow/example_dags/example_short_circuit_decorator.py
[2024-09-16T16:35:21.728+0000] {processor.py:925} INFO - DAG(s) 'example_short_circuit_decorator' retrieved from /home/airflow/.local/lib/python3.12/site-packages/airflow/example_dags/example_short_circuit_decorator.py
[2024-09-16T16:35:21.749+0000] {logging_mixin.py:190} INFO - [2024-09-16T16:35:21.749+0000] {dag.py:3229} INFO - Sync 1 DAGs
[2024-09-16T16:35:21.759+0000] {logging_mixin.py:190} INFO - [2024-09-16T16:35:21.759+0000] {dag.py:4156} INFO - Setting next_dagrun for example_short_circuit_decorator to None, run_after=None
[2024-09-16T16:35:21.777+0000] {processor.py:208} INFO - Processing /home/airflow/.local/lib/python3.12/site-packages/airflow/example_dags/example_short_circuit_decorator.py took 0.065 seconds
[2024-09-16T16:35:52.414+0000] {processor.py:186} INFO - Started process (PID=778) to work on /home/airflow/.local/lib/python3.12/site-packages/airflow/example_dags/example_short_circuit_decorator.py
[2024-09-16T16:35:52.417+0000] {processor.py:914} INFO - Processing file /home/airflow/.local/lib/python3.12/site-packages/airflow/example_dags/example_short_circuit_decorator.py for tasks to queue
[2024-09-16T16:35:52.425+0000] {logging_mixin.py:190} INFO - [2024-09-16T16:35:52.423+0000] {dagbag.py:587} INFO - Filling up the DagBag from /home/airflow/.local/lib/python3.12/site-packages/airflow/example_dags/example_short_circuit_decorator.py
[2024-09-16T16:35:52.445+0000] {processor.py:925} INFO - DAG(s) 'example_short_circuit_decorator' retrieved from /home/airflow/.local/lib/python3.12/site-packages/airflow/example_dags/example_short_circuit_decorator.py
[2024-09-16T16:35:52.504+0000] {logging_mixin.py:190} INFO - [2024-09-16T16:35:52.504+0000] {dag.py:3229} INFO - Sync 1 DAGs
[2024-09-16T16:35:52.553+0000] {logging_mixin.py:190} INFO - [2024-09-16T16:35:52.553+0000] {dag.py:4156} INFO - Setting next_dagrun for example_short_circuit_decorator to None, run_after=None
[2024-09-16T16:35:52.582+0000] {processor.py:208} INFO - Processing /home/airflow/.local/lib/python3.12/site-packages/airflow/example_dags/example_short_circuit_decorator.py took 0.177 seconds
[2024-09-16T16:36:22.916+0000] {processor.py:186} INFO - Started process (PID=840) to work on /home/airflow/.local/lib/python3.12/site-packages/airflow/example_dags/example_short_circuit_decorator.py
[2024-09-16T16:36:22.917+0000] {processor.py:914} INFO - Processing file /home/airflow/.local/lib/python3.12/site-packages/airflow/example_dags/example_short_circuit_decorator.py for tasks to queue
[2024-09-16T16:36:22.921+0000] {logging_mixin.py:190} INFO - [2024-09-16T16:36:22.920+0000] {dagbag.py:587} INFO - Filling up the DagBag from /home/airflow/.local/lib/python3.12/site-packages/airflow/example_dags/example_short_circuit_decorator.py
[2024-09-16T16:36:22.935+0000] {processor.py:925} INFO - DAG(s) 'example_short_circuit_decorator' retrieved from /home/airflow/.local/lib/python3.12/site-packages/airflow/example_dags/example_short_circuit_decorator.py
[2024-09-16T16:36:22.965+0000] {logging_mixin.py:190} INFO - [2024-09-16T16:36:22.965+0000] {dag.py:3229} INFO - Sync 1 DAGs
[2024-09-16T16:36:22.982+0000] {logging_mixin.py:190} INFO - [2024-09-16T16:36:22.982+0000] {dag.py:4156} INFO - Setting next_dagrun for example_short_circuit_decorator to None, run_after=None
[2024-09-16T16:36:23.015+0000] {processor.py:208} INFO - Processing /home/airflow/.local/lib/python3.12/site-packages/airflow/example_dags/example_short_circuit_decorator.py took 0.108 seconds
[2024-09-16T16:36:53.760+0000] {processor.py:186} INFO - Started process (PID=902) to work on /home/airflow/.local/lib/python3.12/site-packages/airflow/example_dags/example_short_circuit_decorator.py
[2024-09-16T16:36:53.761+0000] {processor.py:914} INFO - Processing file /home/airflow/.local/lib/python3.12/site-packages/airflow/example_dags/example_short_circuit_decorator.py for tasks to queue
[2024-09-16T16:36:53.763+0000] {logging_mixin.py:190} INFO - [2024-09-16T16:36:53.763+0000] {dagbag.py:587} INFO - Filling up the DagBag from /home/airflow/.local/lib/python3.12/site-packages/airflow/example_dags/example_short_circuit_decorator.py
[2024-09-16T16:36:53.771+0000] {processor.py:925} INFO - DAG(s) 'example_short_circuit_decorator' retrieved from /home/airflow/.local/lib/python3.12/site-packages/airflow/example_dags/example_short_circuit_decorator.py
[2024-09-16T16:36:53.791+0000] {logging_mixin.py:190} INFO - [2024-09-16T16:36:53.790+0000] {dag.py:3229} INFO - Sync 1 DAGs
[2024-09-16T16:36:53.804+0000] {logging_mixin.py:190} INFO - [2024-09-16T16:36:53.804+0000] {dag.py:4156} INFO - Setting next_dagrun for example_short_circuit_decorator to None, run_after=None
[2024-09-16T16:36:53.820+0000] {processor.py:208} INFO - Processing /home/airflow/.local/lib/python3.12/site-packages/airflow/example_dags/example_short_circuit_decorator.py took 0.066 seconds
[2024-09-16T16:37:24.140+0000] {processor.py:186} INFO - Started process (PID=964) to work on /home/airflow/.local/lib/python3.12/site-packages/airflow/example_dags/example_short_circuit_decorator.py
[2024-09-16T16:37:24.141+0000] {processor.py:914} INFO - Processing file /home/airflow/.local/lib/python3.12/site-packages/airflow/example_dags/example_short_circuit_decorator.py for tasks to queue
[2024-09-16T16:37:24.143+0000] {logging_mixin.py:190} INFO - [2024-09-16T16:37:24.143+0000] {dagbag.py:587} INFO - Filling up the DagBag from /home/airflow/.local/lib/python3.12/site-packages/airflow/example_dags/example_short_circuit_decorator.py
[2024-09-16T16:37:24.150+0000] {processor.py:925} INFO - DAG(s) 'example_short_circuit_decorator' retrieved from /home/airflow/.local/lib/python3.12/site-packages/airflow/example_dags/example_short_circuit_decorator.py
[2024-09-16T16:37:24.171+0000] {logging_mixin.py:190} INFO - [2024-09-16T16:37:24.171+0000] {dag.py:3229} INFO - Sync 1 DAGs
[2024-09-16T16:37:24.182+0000] {logging_mixin.py:190} INFO - [2024-09-16T16:37:24.182+0000] {dag.py:4156} INFO - Setting next_dagrun for example_short_circuit_decorator to None, run_after=None
[2024-09-16T16:37:24.197+0000] {processor.py:208} INFO - Processing /home/airflow/.local/lib/python3.12/site-packages/airflow/example_dags/example_short_circuit_decorator.py took 0.063 seconds
