[2024-09-16T16:25:45.354+0000] {processor.py:186} INFO - Started process (PID=103) to work on /home/airflow/.local/lib/python3.12/site-packages/airflow/example_dags/example_sla_dag.py
[2024-09-16T16:25:45.356+0000] {processor.py:914} INFO - Processing file /home/airflow/.local/lib/python3.12/site-packages/airflow/example_dags/example_sla_dag.py for tasks to queue
[2024-09-16T16:25:45.359+0000] {logging_mixin.py:190} INFO - [2024-09-16T16:25:45.358+0000] {dagbag.py:587} INFO - Filling up the DagBag from /home/airflow/.local/lib/python3.12/site-packages/airflow/example_dags/example_sla_dag.py
[2024-09-16T16:25:45.372+0000] {processor.py:925} INFO - DAG(s) 'example_sla_dag' retrieved from /home/airflow/.local/lib/python3.12/site-packages/airflow/example_dags/example_sla_dag.py
[2024-09-16T16:25:45.514+0000] {logging_mixin.py:190} INFO - [2024-09-16T16:25:45.513+0000] {override.py:1900} INFO - Created Permission View: can edit on DAG:example_sla_dag
[2024-09-16T16:25:45.529+0000] {logging_mixin.py:190} INFO - [2024-09-16T16:25:45.529+0000] {override.py:1900} INFO - Created Permission View: can delete on DAG:example_sla_dag
[2024-09-16T16:25:45.540+0000] {logging_mixin.py:190} INFO - [2024-09-16T16:25:45.539+0000] {override.py:1900} INFO - Created Permission View: can read on DAG:example_sla_dag
[2024-09-16T16:25:45.550+0000] {logging_mixin.py:190} INFO - [2024-09-16T16:25:45.550+0000] {override.py:1900} INFO - Created Permission View: can delete on DAG Run:example_sla_dag
[2024-09-16T16:25:45.558+0000] {logging_mixin.py:190} INFO - [2024-09-16T16:25:45.558+0000] {override.py:1900} INFO - Created Permission View: can create on DAG Run:example_sla_dag
[2024-09-16T16:25:45.567+0000] {logging_mixin.py:190} INFO - [2024-09-16T16:25:45.566+0000] {override.py:1900} INFO - Created Permission View: menu access on DAG Run:example_sla_dag
[2024-09-16T16:25:45.575+0000] {logging_mixin.py:190} INFO - [2024-09-16T16:25:45.574+0000] {override.py:1900} INFO - Created Permission View: can read on DAG Run:example_sla_dag
[2024-09-16T16:25:45.576+0000] {logging_mixin.py:190} INFO - [2024-09-16T16:25:45.575+0000] {dag.py:3229} INFO - Sync 1 DAGs
[2024-09-16T16:25:45.593+0000] {logging_mixin.py:190} INFO - [2024-09-16T16:25:45.593+0000] {dag.py:3252} INFO - Creating ORM DAG for example_sla_dag
[2024-09-16T16:25:45.609+0000] {logging_mixin.py:190} INFO - [2024-09-16T16:25:45.609+0000] {dag.py:4156} INFO - Setting next_dagrun for example_sla_dag to 2024-09-16 16:22:00+00:00, run_after=2024-09-16 16:24:00+00:00
[2024-09-16T16:25:45.628+0000] {processor.py:208} INFO - Processing /home/airflow/.local/lib/python3.12/site-packages/airflow/example_dags/example_sla_dag.py took 0.282 seconds
[2024-09-16T16:26:15.764+0000] {processor.py:186} INFO - Started process (PID=165) to work on /home/airflow/.local/lib/python3.12/site-packages/airflow/example_dags/example_sla_dag.py
[2024-09-16T16:26:15.765+0000] {processor.py:914} INFO - Processing file /home/airflow/.local/lib/python3.12/site-packages/airflow/example_dags/example_sla_dag.py for tasks to queue
[2024-09-16T16:26:15.768+0000] {logging_mixin.py:190} INFO - [2024-09-16T16:26:15.767+0000] {dagbag.py:587} INFO - Filling up the DagBag from /home/airflow/.local/lib/python3.12/site-packages/airflow/example_dags/example_sla_dag.py
[2024-09-16T16:26:15.778+0000] {processor.py:925} INFO - DAG(s) 'example_sla_dag' retrieved from /home/airflow/.local/lib/python3.12/site-packages/airflow/example_dags/example_sla_dag.py
[2024-09-16T16:26:15.799+0000] {logging_mixin.py:190} INFO - [2024-09-16T16:26:15.799+0000] {dag.py:3229} INFO - Sync 1 DAGs
[2024-09-16T16:26:15.832+0000] {logging_mixin.py:190} INFO - [2024-09-16T16:26:15.831+0000] {dag.py:4156} INFO - Setting next_dagrun for example_sla_dag to 2024-09-16 16:24:00+00:00, run_after=2024-09-16 16:26:00+00:00
[2024-09-16T16:26:15.855+0000] {processor.py:208} INFO - Processing /home/airflow/.local/lib/python3.12/site-packages/airflow/example_dags/example_sla_dag.py took 0.098 seconds
[2024-09-16T16:26:47.700+0000] {processor.py:186} INFO - Started process (PID=227) to work on /home/airflow/.local/lib/python3.12/site-packages/airflow/example_dags/example_sla_dag.py
[2024-09-16T16:26:47.708+0000] {processor.py:914} INFO - Processing file /home/airflow/.local/lib/python3.12/site-packages/airflow/example_dags/example_sla_dag.py for tasks to queue
[2024-09-16T16:26:47.714+0000] {logging_mixin.py:190} INFO - [2024-09-16T16:26:47.713+0000] {dagbag.py:587} INFO - Filling up the DagBag from /home/airflow/.local/lib/python3.12/site-packages/airflow/example_dags/example_sla_dag.py
[2024-09-16T16:26:47.737+0000] {processor.py:925} INFO - DAG(s) 'example_sla_dag' retrieved from /home/airflow/.local/lib/python3.12/site-packages/airflow/example_dags/example_sla_dag.py
[2024-09-16T16:26:47.770+0000] {logging_mixin.py:190} INFO - [2024-09-16T16:26:47.770+0000] {dag.py:3229} INFO - Sync 1 DAGs
[2024-09-16T16:26:47.811+0000] {logging_mixin.py:190} INFO - [2024-09-16T16:26:47.810+0000] {dag.py:4156} INFO - Setting next_dagrun for example_sla_dag to 2024-09-16 16:24:00+00:00, run_after=2024-09-16 16:26:00+00:00
[2024-09-16T16:26:47.851+0000] {processor.py:208} INFO - Processing /home/airflow/.local/lib/python3.12/site-packages/airflow/example_dags/example_sla_dag.py took 0.171 seconds
[2024-09-16T16:27:18.203+0000] {processor.py:186} INFO - Started process (PID=289) to work on /home/airflow/.local/lib/python3.12/site-packages/airflow/example_dags/example_sla_dag.py
[2024-09-16T16:27:18.205+0000] {processor.py:914} INFO - Processing file /home/airflow/.local/lib/python3.12/site-packages/airflow/example_dags/example_sla_dag.py for tasks to queue
[2024-09-16T16:27:18.208+0000] {logging_mixin.py:190} INFO - [2024-09-16T16:27:18.207+0000] {dagbag.py:587} INFO - Filling up the DagBag from /home/airflow/.local/lib/python3.12/site-packages/airflow/example_dags/example_sla_dag.py
[2024-09-16T16:27:18.221+0000] {processor.py:925} INFO - DAG(s) 'example_sla_dag' retrieved from /home/airflow/.local/lib/python3.12/site-packages/airflow/example_dags/example_sla_dag.py
[2024-09-16T16:27:18.245+0000] {logging_mixin.py:190} INFO - [2024-09-16T16:27:18.245+0000] {dag.py:3229} INFO - Sync 1 DAGs
[2024-09-16T16:27:18.277+0000] {logging_mixin.py:190} INFO - [2024-09-16T16:27:18.277+0000] {dag.py:4156} INFO - Setting next_dagrun for example_sla_dag to 2024-09-16 16:24:00+00:00, run_after=2024-09-16 16:26:00+00:00
[2024-09-16T16:27:18.298+0000] {processor.py:208} INFO - Processing /home/airflow/.local/lib/python3.12/site-packages/airflow/example_dags/example_sla_dag.py took 0.103 seconds
[2024-09-16T16:27:53.247+0000] {processor.py:186} INFO - Started process (PID=351) to work on /home/airflow/.local/lib/python3.12/site-packages/airflow/example_dags/example_sla_dag.py
[2024-09-16T16:27:53.262+0000] {processor.py:914} INFO - Processing file /home/airflow/.local/lib/python3.12/site-packages/airflow/example_dags/example_sla_dag.py for tasks to queue
[2024-09-16T16:27:53.279+0000] {logging_mixin.py:190} INFO - [2024-09-16T16:27:53.279+0000] {dagbag.py:587} INFO - Filling up the DagBag from /home/airflow/.local/lib/python3.12/site-packages/airflow/example_dags/example_sla_dag.py
[2024-09-16T16:27:53.366+0000] {processor.py:925} INFO - DAG(s) 'example_sla_dag' retrieved from /home/airflow/.local/lib/python3.12/site-packages/airflow/example_dags/example_sla_dag.py
[2024-09-16T16:27:53.465+0000] {logging_mixin.py:190} INFO - [2024-09-16T16:27:53.465+0000] {dag.py:3229} INFO - Sync 1 DAGs
[2024-09-16T16:27:53.573+0000] {logging_mixin.py:190} INFO - [2024-09-16T16:27:53.572+0000] {dag.py:4156} INFO - Setting next_dagrun for example_sla_dag to 2024-09-16 16:24:00+00:00, run_after=2024-09-16 16:26:00+00:00
[2024-09-16T16:27:53.616+0000] {processor.py:208} INFO - Processing /home/airflow/.local/lib/python3.12/site-packages/airflow/example_dags/example_sla_dag.py took 0.405 seconds
[2024-09-16T16:28:24.298+0000] {processor.py:186} INFO - Started process (PID=420) to work on /home/airflow/.local/lib/python3.12/site-packages/airflow/example_dags/example_sla_dag.py
[2024-09-16T16:28:24.300+0000] {processor.py:914} INFO - Processing file /home/airflow/.local/lib/python3.12/site-packages/airflow/example_dags/example_sla_dag.py for tasks to queue
[2024-09-16T16:28:24.305+0000] {logging_mixin.py:190} INFO - [2024-09-16T16:28:24.304+0000] {dagbag.py:587} INFO - Filling up the DagBag from /home/airflow/.local/lib/python3.12/site-packages/airflow/example_dags/example_sla_dag.py
[2024-09-16T16:28:24.335+0000] {processor.py:925} INFO - DAG(s) 'example_sla_dag' retrieved from /home/airflow/.local/lib/python3.12/site-packages/airflow/example_dags/example_sla_dag.py
[2024-09-16T16:28:24.382+0000] {logging_mixin.py:190} INFO - [2024-09-16T16:28:24.382+0000] {dag.py:3229} INFO - Sync 1 DAGs
[2024-09-16T16:28:24.447+0000] {logging_mixin.py:190} INFO - [2024-09-16T16:28:24.446+0000] {dag.py:4156} INFO - Setting next_dagrun for example_sla_dag to 2024-09-16 16:26:00+00:00, run_after=2024-09-16 16:28:00+00:00
[2024-09-16T16:28:24.503+0000] {processor.py:208} INFO - Processing /home/airflow/.local/lib/python3.12/site-packages/airflow/example_dags/example_sla_dag.py took 0.222 seconds
[2024-09-16T16:30:17.170+0000] {processor.py:186} INFO - Started process (PID=100) to work on /home/airflow/.local/lib/python3.12/site-packages/airflow/example_dags/example_sla_dag.py
[2024-09-16T16:30:17.171+0000] {processor.py:914} INFO - Processing file /home/airflow/.local/lib/python3.12/site-packages/airflow/example_dags/example_sla_dag.py for tasks to queue
[2024-09-16T16:30:17.174+0000] {logging_mixin.py:190} INFO - [2024-09-16T16:30:17.174+0000] {dagbag.py:587} INFO - Filling up the DagBag from /home/airflow/.local/lib/python3.12/site-packages/airflow/example_dags/example_sla_dag.py
[2024-09-16T16:30:17.189+0000] {processor.py:925} INFO - DAG(s) 'example_sla_dag' retrieved from /home/airflow/.local/lib/python3.12/site-packages/airflow/example_dags/example_sla_dag.py
[2024-09-16T16:30:17.234+0000] {logging_mixin.py:190} INFO - [2024-09-16T16:30:17.234+0000] {dag.py:3229} INFO - Sync 1 DAGs
[2024-09-16T16:30:17.296+0000] {logging_mixin.py:190} INFO - [2024-09-16T16:30:17.296+0000] {dag.py:4156} INFO - Setting next_dagrun for example_sla_dag to 2024-09-16 16:28:00+00:00, run_after=2024-09-16 16:30:00+00:00
[2024-09-16T16:30:17.332+0000] {processor.py:208} INFO - Processing /home/airflow/.local/lib/python3.12/site-packages/airflow/example_dags/example_sla_dag.py took 0.168 seconds
[2024-09-16T16:30:47.528+0000] {processor.py:186} INFO - Started process (PID=162) to work on /home/airflow/.local/lib/python3.12/site-packages/airflow/example_dags/example_sla_dag.py
[2024-09-16T16:30:47.529+0000] {processor.py:914} INFO - Processing file /home/airflow/.local/lib/python3.12/site-packages/airflow/example_dags/example_sla_dag.py for tasks to queue
[2024-09-16T16:30:47.531+0000] {logging_mixin.py:190} INFO - [2024-09-16T16:30:47.531+0000] {dagbag.py:587} INFO - Filling up the DagBag from /home/airflow/.local/lib/python3.12/site-packages/airflow/example_dags/example_sla_dag.py
[2024-09-16T16:30:47.538+0000] {processor.py:925} INFO - DAG(s) 'example_sla_dag' retrieved from /home/airflow/.local/lib/python3.12/site-packages/airflow/example_dags/example_sla_dag.py
[2024-09-16T16:30:47.557+0000] {logging_mixin.py:190} INFO - [2024-09-16T16:30:47.557+0000] {dag.py:3229} INFO - Sync 1 DAGs
[2024-09-16T16:30:47.577+0000] {logging_mixin.py:190} INFO - [2024-09-16T16:30:47.577+0000] {dag.py:4156} INFO - Setting next_dagrun for example_sla_dag to 2024-09-16 16:28:00+00:00, run_after=2024-09-16 16:30:00+00:00
[2024-09-16T16:30:47.592+0000] {processor.py:208} INFO - Processing /home/airflow/.local/lib/python3.12/site-packages/airflow/example_dags/example_sla_dag.py took 0.069 seconds
[2024-09-16T16:31:18.193+0000] {processor.py:186} INFO - Started process (PID=224) to work on /home/airflow/.local/lib/python3.12/site-packages/airflow/example_dags/example_sla_dag.py
[2024-09-16T16:31:18.194+0000] {processor.py:914} INFO - Processing file /home/airflow/.local/lib/python3.12/site-packages/airflow/example_dags/example_sla_dag.py for tasks to queue
[2024-09-16T16:31:18.196+0000] {logging_mixin.py:190} INFO - [2024-09-16T16:31:18.195+0000] {dagbag.py:587} INFO - Filling up the DagBag from /home/airflow/.local/lib/python3.12/site-packages/airflow/example_dags/example_sla_dag.py
[2024-09-16T16:31:18.204+0000] {processor.py:925} INFO - DAG(s) 'example_sla_dag' retrieved from /home/airflow/.local/lib/python3.12/site-packages/airflow/example_dags/example_sla_dag.py
[2024-09-16T16:31:18.220+0000] {logging_mixin.py:190} INFO - [2024-09-16T16:31:18.220+0000] {dag.py:3229} INFO - Sync 1 DAGs
[2024-09-16T16:31:18.237+0000] {logging_mixin.py:190} INFO - [2024-09-16T16:31:18.237+0000] {dag.py:4156} INFO - Setting next_dagrun for example_sla_dag to 2024-09-16 16:28:00+00:00, run_after=2024-09-16 16:30:00+00:00
[2024-09-16T16:31:18.251+0000] {processor.py:208} INFO - Processing /home/airflow/.local/lib/python3.12/site-packages/airflow/example_dags/example_sla_dag.py took 0.062 seconds
[2024-09-16T16:31:48.535+0000] {processor.py:186} INFO - Started process (PID=286) to work on /home/airflow/.local/lib/python3.12/site-packages/airflow/example_dags/example_sla_dag.py
[2024-09-16T16:31:48.536+0000] {processor.py:914} INFO - Processing file /home/airflow/.local/lib/python3.12/site-packages/airflow/example_dags/example_sla_dag.py for tasks to queue
[2024-09-16T16:31:48.538+0000] {logging_mixin.py:190} INFO - [2024-09-16T16:31:48.538+0000] {dagbag.py:587} INFO - Filling up the DagBag from /home/airflow/.local/lib/python3.12/site-packages/airflow/example_dags/example_sla_dag.py
[2024-09-16T16:31:48.546+0000] {processor.py:925} INFO - DAG(s) 'example_sla_dag' retrieved from /home/airflow/.local/lib/python3.12/site-packages/airflow/example_dags/example_sla_dag.py
[2024-09-16T16:31:48.563+0000] {logging_mixin.py:190} INFO - [2024-09-16T16:31:48.563+0000] {dag.py:3229} INFO - Sync 1 DAGs
[2024-09-16T16:31:48.580+0000] {logging_mixin.py:190} INFO - [2024-09-16T16:31:48.580+0000] {dag.py:4156} INFO - Setting next_dagrun for example_sla_dag to 2024-09-16 16:28:00+00:00, run_after=2024-09-16 16:30:00+00:00
[2024-09-16T16:31:48.593+0000] {processor.py:208} INFO - Processing /home/airflow/.local/lib/python3.12/site-packages/airflow/example_dags/example_sla_dag.py took 0.063 seconds
[2024-09-16T16:32:18.710+0000] {processor.py:186} INFO - Started process (PID=348) to work on /home/airflow/.local/lib/python3.12/site-packages/airflow/example_dags/example_sla_dag.py
[2024-09-16T16:32:18.711+0000] {processor.py:914} INFO - Processing file /home/airflow/.local/lib/python3.12/site-packages/airflow/example_dags/example_sla_dag.py for tasks to queue
[2024-09-16T16:32:18.713+0000] {logging_mixin.py:190} INFO - [2024-09-16T16:32:18.712+0000] {dagbag.py:587} INFO - Filling up the DagBag from /home/airflow/.local/lib/python3.12/site-packages/airflow/example_dags/example_sla_dag.py
[2024-09-16T16:32:18.720+0000] {processor.py:925} INFO - DAG(s) 'example_sla_dag' retrieved from /home/airflow/.local/lib/python3.12/site-packages/airflow/example_dags/example_sla_dag.py
[2024-09-16T16:32:18.733+0000] {logging_mixin.py:190} INFO - [2024-09-16T16:32:18.733+0000] {dag.py:3229} INFO - Sync 1 DAGs
[2024-09-16T16:32:18.750+0000] {logging_mixin.py:190} INFO - [2024-09-16T16:32:18.749+0000] {dag.py:4156} INFO - Setting next_dagrun for example_sla_dag to 2024-09-16 16:30:00+00:00, run_after=2024-09-16 16:32:00+00:00
[2024-09-16T16:32:18.765+0000] {processor.py:208} INFO - Processing /home/airflow/.local/lib/python3.12/site-packages/airflow/example_dags/example_sla_dag.py took 0.060 seconds
[2024-09-16T16:32:49.497+0000] {processor.py:186} INFO - Started process (PID=410) to work on /home/airflow/.local/lib/python3.12/site-packages/airflow/example_dags/example_sla_dag.py
[2024-09-16T16:32:49.498+0000] {processor.py:914} INFO - Processing file /home/airflow/.local/lib/python3.12/site-packages/airflow/example_dags/example_sla_dag.py for tasks to queue
[2024-09-16T16:32:49.500+0000] {logging_mixin.py:190} INFO - [2024-09-16T16:32:49.500+0000] {dagbag.py:587} INFO - Filling up the DagBag from /home/airflow/.local/lib/python3.12/site-packages/airflow/example_dags/example_sla_dag.py
[2024-09-16T16:32:49.508+0000] {processor.py:925} INFO - DAG(s) 'example_sla_dag' retrieved from /home/airflow/.local/lib/python3.12/site-packages/airflow/example_dags/example_sla_dag.py
[2024-09-16T16:32:49.526+0000] {logging_mixin.py:190} INFO - [2024-09-16T16:32:49.526+0000] {dag.py:3229} INFO - Sync 1 DAGs
[2024-09-16T16:32:49.546+0000] {logging_mixin.py:190} INFO - [2024-09-16T16:32:49.546+0000] {dag.py:4156} INFO - Setting next_dagrun for example_sla_dag to 2024-09-16 16:30:00+00:00, run_after=2024-09-16 16:32:00+00:00
[2024-09-16T16:32:49.564+0000] {processor.py:208} INFO - Processing /home/airflow/.local/lib/python3.12/site-packages/airflow/example_dags/example_sla_dag.py took 0.071 seconds
[2024-09-16T16:33:19.754+0000] {processor.py:186} INFO - Started process (PID=472) to work on /home/airflow/.local/lib/python3.12/site-packages/airflow/example_dags/example_sla_dag.py
[2024-09-16T16:33:19.755+0000] {processor.py:914} INFO - Processing file /home/airflow/.local/lib/python3.12/site-packages/airflow/example_dags/example_sla_dag.py for tasks to queue
[2024-09-16T16:33:19.757+0000] {logging_mixin.py:190} INFO - [2024-09-16T16:33:19.757+0000] {dagbag.py:587} INFO - Filling up the DagBag from /home/airflow/.local/lib/python3.12/site-packages/airflow/example_dags/example_sla_dag.py
[2024-09-16T16:33:19.765+0000] {processor.py:925} INFO - DAG(s) 'example_sla_dag' retrieved from /home/airflow/.local/lib/python3.12/site-packages/airflow/example_dags/example_sla_dag.py
[2024-09-16T16:33:19.782+0000] {logging_mixin.py:190} INFO - [2024-09-16T16:33:19.781+0000] {dag.py:3229} INFO - Sync 1 DAGs
[2024-09-16T16:33:19.803+0000] {logging_mixin.py:190} INFO - [2024-09-16T16:33:19.802+0000] {dag.py:4156} INFO - Setting next_dagrun for example_sla_dag to 2024-09-16 16:30:00+00:00, run_after=2024-09-16 16:32:00+00:00
[2024-09-16T16:33:19.819+0000] {processor.py:208} INFO - Processing /home/airflow/.local/lib/python3.12/site-packages/airflow/example_dags/example_sla_dag.py took 0.070 seconds
[2024-09-16T16:33:50.341+0000] {processor.py:186} INFO - Started process (PID=534) to work on /home/airflow/.local/lib/python3.12/site-packages/airflow/example_dags/example_sla_dag.py
[2024-09-16T16:33:50.342+0000] {processor.py:914} INFO - Processing file /home/airflow/.local/lib/python3.12/site-packages/airflow/example_dags/example_sla_dag.py for tasks to queue
[2024-09-16T16:33:50.346+0000] {logging_mixin.py:190} INFO - [2024-09-16T16:33:50.345+0000] {dagbag.py:587} INFO - Filling up the DagBag from /home/airflow/.local/lib/python3.12/site-packages/airflow/example_dags/example_sla_dag.py
[2024-09-16T16:33:50.357+0000] {processor.py:925} INFO - DAG(s) 'example_sla_dag' retrieved from /home/airflow/.local/lib/python3.12/site-packages/airflow/example_dags/example_sla_dag.py
[2024-09-16T16:33:50.377+0000] {logging_mixin.py:190} INFO - [2024-09-16T16:33:50.376+0000] {dag.py:3229} INFO - Sync 1 DAGs
[2024-09-16T16:33:50.401+0000] {logging_mixin.py:190} INFO - [2024-09-16T16:33:50.401+0000] {dag.py:4156} INFO - Setting next_dagrun for example_sla_dag to 2024-09-16 16:30:00+00:00, run_after=2024-09-16 16:32:00+00:00
[2024-09-16T16:33:50.418+0000] {processor.py:208} INFO - Processing /home/airflow/.local/lib/python3.12/site-packages/airflow/example_dags/example_sla_dag.py took 0.083 seconds
[2024-09-16T16:34:20.872+0000] {processor.py:186} INFO - Started process (PID=596) to work on /home/airflow/.local/lib/python3.12/site-packages/airflow/example_dags/example_sla_dag.py
[2024-09-16T16:34:20.874+0000] {processor.py:914} INFO - Processing file /home/airflow/.local/lib/python3.12/site-packages/airflow/example_dags/example_sla_dag.py for tasks to queue
[2024-09-16T16:34:20.876+0000] {logging_mixin.py:190} INFO - [2024-09-16T16:34:20.876+0000] {dagbag.py:587} INFO - Filling up the DagBag from /home/airflow/.local/lib/python3.12/site-packages/airflow/example_dags/example_sla_dag.py
[2024-09-16T16:34:20.884+0000] {processor.py:925} INFO - DAG(s) 'example_sla_dag' retrieved from /home/airflow/.local/lib/python3.12/site-packages/airflow/example_dags/example_sla_dag.py
[2024-09-16T16:34:20.902+0000] {logging_mixin.py:190} INFO - [2024-09-16T16:34:20.902+0000] {dag.py:3229} INFO - Sync 1 DAGs
[2024-09-16T16:34:20.921+0000] {logging_mixin.py:190} INFO - [2024-09-16T16:34:20.921+0000] {dag.py:4156} INFO - Setting next_dagrun for example_sla_dag to 2024-09-16 16:32:00+00:00, run_after=2024-09-16 16:34:00+00:00
[2024-09-16T16:34:20.940+0000] {processor.py:208} INFO - Processing /home/airflow/.local/lib/python3.12/site-packages/airflow/example_dags/example_sla_dag.py took 0.074 seconds
[2024-09-16T16:34:51.506+0000] {processor.py:186} INFO - Started process (PID=658) to work on /home/airflow/.local/lib/python3.12/site-packages/airflow/example_dags/example_sla_dag.py
[2024-09-16T16:34:51.508+0000] {processor.py:914} INFO - Processing file /home/airflow/.local/lib/python3.12/site-packages/airflow/example_dags/example_sla_dag.py for tasks to queue
[2024-09-16T16:34:51.510+0000] {logging_mixin.py:190} INFO - [2024-09-16T16:34:51.510+0000] {dagbag.py:587} INFO - Filling up the DagBag from /home/airflow/.local/lib/python3.12/site-packages/airflow/example_dags/example_sla_dag.py
[2024-09-16T16:34:51.517+0000] {processor.py:925} INFO - DAG(s) 'example_sla_dag' retrieved from /home/airflow/.local/lib/python3.12/site-packages/airflow/example_dags/example_sla_dag.py
[2024-09-16T16:34:51.536+0000] {logging_mixin.py:190} INFO - [2024-09-16T16:34:51.536+0000] {dag.py:3229} INFO - Sync 1 DAGs
[2024-09-16T16:34:51.557+0000] {logging_mixin.py:190} INFO - [2024-09-16T16:34:51.557+0000] {dag.py:4156} INFO - Setting next_dagrun for example_sla_dag to 2024-09-16 16:32:00+00:00, run_after=2024-09-16 16:34:00+00:00
[2024-09-16T16:34:51.574+0000] {processor.py:208} INFO - Processing /home/airflow/.local/lib/python3.12/site-packages/airflow/example_dags/example_sla_dag.py took 0.073 seconds
[2024-09-16T16:35:22.018+0000] {processor.py:186} INFO - Started process (PID=721) to work on /home/airflow/.local/lib/python3.12/site-packages/airflow/example_dags/example_sla_dag.py
[2024-09-16T16:35:22.018+0000] {processor.py:914} INFO - Processing file /home/airflow/.local/lib/python3.12/site-packages/airflow/example_dags/example_sla_dag.py for tasks to queue
[2024-09-16T16:35:22.020+0000] {logging_mixin.py:190} INFO - [2024-09-16T16:35:22.020+0000] {dagbag.py:587} INFO - Filling up the DagBag from /home/airflow/.local/lib/python3.12/site-packages/airflow/example_dags/example_sla_dag.py
[2024-09-16T16:35:22.028+0000] {processor.py:925} INFO - DAG(s) 'example_sla_dag' retrieved from /home/airflow/.local/lib/python3.12/site-packages/airflow/example_dags/example_sla_dag.py
[2024-09-16T16:35:22.045+0000] {logging_mixin.py:190} INFO - [2024-09-16T16:35:22.044+0000] {dag.py:3229} INFO - Sync 1 DAGs
[2024-09-16T16:35:22.064+0000] {logging_mixin.py:190} INFO - [2024-09-16T16:35:22.064+0000] {dag.py:4156} INFO - Setting next_dagrun for example_sla_dag to 2024-09-16 16:32:00+00:00, run_after=2024-09-16 16:34:00+00:00
[2024-09-16T16:35:22.080+0000] {processor.py:208} INFO - Processing /home/airflow/.local/lib/python3.12/site-packages/airflow/example_dags/example_sla_dag.py took 0.067 seconds
[2024-09-16T16:35:52.954+0000] {processor.py:186} INFO - Started process (PID=783) to work on /home/airflow/.local/lib/python3.12/site-packages/airflow/example_dags/example_sla_dag.py
[2024-09-16T16:35:52.956+0000] {processor.py:914} INFO - Processing file /home/airflow/.local/lib/python3.12/site-packages/airflow/example_dags/example_sla_dag.py for tasks to queue
[2024-09-16T16:35:52.958+0000] {logging_mixin.py:190} INFO - [2024-09-16T16:35:52.958+0000] {dagbag.py:587} INFO - Filling up the DagBag from /home/airflow/.local/lib/python3.12/site-packages/airflow/example_dags/example_sla_dag.py
[2024-09-16T16:35:52.971+0000] {processor.py:925} INFO - DAG(s) 'example_sla_dag' retrieved from /home/airflow/.local/lib/python3.12/site-packages/airflow/example_dags/example_sla_dag.py
[2024-09-16T16:35:52.995+0000] {logging_mixin.py:190} INFO - [2024-09-16T16:35:52.994+0000] {dag.py:3229} INFO - Sync 1 DAGs
[2024-09-16T16:35:53.028+0000] {logging_mixin.py:190} INFO - [2024-09-16T16:35:53.028+0000] {dag.py:4156} INFO - Setting next_dagrun for example_sla_dag to 2024-09-16 16:32:00+00:00, run_after=2024-09-16 16:34:00+00:00
[2024-09-16T16:35:53.061+0000] {processor.py:208} INFO - Processing /home/airflow/.local/lib/python3.12/site-packages/airflow/example_dags/example_sla_dag.py took 0.115 seconds
[2024-09-16T16:36:23.223+0000] {processor.py:186} INFO - Started process (PID=845) to work on /home/airflow/.local/lib/python3.12/site-packages/airflow/example_dags/example_sla_dag.py
[2024-09-16T16:36:23.224+0000] {processor.py:914} INFO - Processing file /home/airflow/.local/lib/python3.12/site-packages/airflow/example_dags/example_sla_dag.py for tasks to queue
[2024-09-16T16:36:23.227+0000] {logging_mixin.py:190} INFO - [2024-09-16T16:36:23.227+0000] {dagbag.py:587} INFO - Filling up the DagBag from /home/airflow/.local/lib/python3.12/site-packages/airflow/example_dags/example_sla_dag.py
[2024-09-16T16:36:23.242+0000] {processor.py:925} INFO - DAG(s) 'example_sla_dag' retrieved from /home/airflow/.local/lib/python3.12/site-packages/airflow/example_dags/example_sla_dag.py
[2024-09-16T16:36:23.264+0000] {logging_mixin.py:190} INFO - [2024-09-16T16:36:23.264+0000] {dag.py:3229} INFO - Sync 1 DAGs
[2024-09-16T16:36:23.296+0000] {logging_mixin.py:190} INFO - [2024-09-16T16:36:23.296+0000] {dag.py:4156} INFO - Setting next_dagrun for example_sla_dag to 2024-09-16 16:34:00+00:00, run_after=2024-09-16 16:36:00+00:00
[2024-09-16T16:36:23.318+0000] {processor.py:208} INFO - Processing /home/airflow/.local/lib/python3.12/site-packages/airflow/example_dags/example_sla_dag.py took 0.102 seconds
[2024-09-16T16:36:54.062+0000] {processor.py:186} INFO - Started process (PID=907) to work on /home/airflow/.local/lib/python3.12/site-packages/airflow/example_dags/example_sla_dag.py
[2024-09-16T16:36:54.064+0000] {processor.py:914} INFO - Processing file /home/airflow/.local/lib/python3.12/site-packages/airflow/example_dags/example_sla_dag.py for tasks to queue
[2024-09-16T16:36:54.066+0000] {logging_mixin.py:190} INFO - [2024-09-16T16:36:54.065+0000] {dagbag.py:587} INFO - Filling up the DagBag from /home/airflow/.local/lib/python3.12/site-packages/airflow/example_dags/example_sla_dag.py
[2024-09-16T16:36:54.074+0000] {processor.py:925} INFO - DAG(s) 'example_sla_dag' retrieved from /home/airflow/.local/lib/python3.12/site-packages/airflow/example_dags/example_sla_dag.py
[2024-09-16T16:36:54.091+0000] {logging_mixin.py:190} INFO - [2024-09-16T16:36:54.091+0000] {dag.py:3229} INFO - Sync 1 DAGs
[2024-09-16T16:36:54.112+0000] {logging_mixin.py:190} INFO - [2024-09-16T16:36:54.112+0000] {dag.py:4156} INFO - Setting next_dagrun for example_sla_dag to 2024-09-16 16:34:00+00:00, run_after=2024-09-16 16:36:00+00:00
[2024-09-16T16:36:54.131+0000] {processor.py:208} INFO - Processing /home/airflow/.local/lib/python3.12/site-packages/airflow/example_dags/example_sla_dag.py took 0.074 seconds
[2024-09-16T16:37:24.372+0000] {processor.py:186} INFO - Started process (PID=969) to work on /home/airflow/.local/lib/python3.12/site-packages/airflow/example_dags/example_sla_dag.py
[2024-09-16T16:37:24.373+0000] {processor.py:914} INFO - Processing file /home/airflow/.local/lib/python3.12/site-packages/airflow/example_dags/example_sla_dag.py for tasks to queue
[2024-09-16T16:37:24.375+0000] {logging_mixin.py:190} INFO - [2024-09-16T16:37:24.375+0000] {dagbag.py:587} INFO - Filling up the DagBag from /home/airflow/.local/lib/python3.12/site-packages/airflow/example_dags/example_sla_dag.py
[2024-09-16T16:37:24.384+0000] {processor.py:925} INFO - DAG(s) 'example_sla_dag' retrieved from /home/airflow/.local/lib/python3.12/site-packages/airflow/example_dags/example_sla_dag.py
[2024-09-16T16:37:24.405+0000] {logging_mixin.py:190} INFO - [2024-09-16T16:37:24.405+0000] {dag.py:3229} INFO - Sync 1 DAGs
[2024-09-16T16:37:24.428+0000] {logging_mixin.py:190} INFO - [2024-09-16T16:37:24.428+0000] {dag.py:4156} INFO - Setting next_dagrun for example_sla_dag to 2024-09-16 16:34:00+00:00, run_after=2024-09-16 16:36:00+00:00
[2024-09-16T16:37:24.444+0000] {processor.py:208} INFO - Processing /home/airflow/.local/lib/python3.12/site-packages/airflow/example_dags/example_sla_dag.py took 0.076 seconds
