[2024-09-16T16:25:43.546+0000] {processor.py:186} INFO - Started process (PID=93) to work on /home/airflow/.local/lib/python3.12/site-packages/airflow/example_dags/example_setup_teardown_taskflow.py
[2024-09-16T16:25:43.548+0000] {processor.py:914} INFO - Processing file /home/airflow/.local/lib/python3.12/site-packages/airflow/example_dags/example_setup_teardown_taskflow.py for tasks to queue
[2024-09-16T16:25:43.552+0000] {logging_mixin.py:190} INFO - [2024-09-16T16:25:43.551+0000] {dagbag.py:587} INFO - Filling up the DagBag from /home/airflow/.local/lib/python3.12/site-packages/airflow/example_dags/example_setup_teardown_taskflow.py
[2024-09-16T16:25:43.570+0000] {processor.py:925} INFO - DAG(s) 'example_setup_teardown_taskflow' retrieved from /home/airflow/.local/lib/python3.12/site-packages/airflow/example_dags/example_setup_teardown_taskflow.py
[2024-09-16T16:25:43.714+0000] {logging_mixin.py:190} INFO - [2024-09-16T16:25:43.713+0000] {override.py:1900} INFO - Created Permission View: can edit on DAG:example_setup_teardown_taskflow
[2024-09-16T16:25:43.727+0000] {logging_mixin.py:190} INFO - [2024-09-16T16:25:43.727+0000] {override.py:1900} INFO - Created Permission View: can delete on DAG:example_setup_teardown_taskflow
[2024-09-16T16:25:43.735+0000] {logging_mixin.py:190} INFO - [2024-09-16T16:25:43.735+0000] {override.py:1900} INFO - Created Permission View: can read on DAG:example_setup_teardown_taskflow
[2024-09-16T16:25:43.748+0000] {logging_mixin.py:190} INFO - [2024-09-16T16:25:43.748+0000] {override.py:1900} INFO - Created Permission View: can delete on DAG Run:example_setup_teardown_taskflow
[2024-09-16T16:25:43.759+0000] {logging_mixin.py:190} INFO - [2024-09-16T16:25:43.758+0000] {override.py:1900} INFO - Created Permission View: can create on DAG Run:example_setup_teardown_taskflow
[2024-09-16T16:25:43.771+0000] {logging_mixin.py:190} INFO - [2024-09-16T16:25:43.770+0000] {override.py:1900} INFO - Created Permission View: menu access on DAG Run:example_setup_teardown_taskflow
[2024-09-16T16:25:43.782+0000] {logging_mixin.py:190} INFO - [2024-09-16T16:25:43.782+0000] {override.py:1900} INFO - Created Permission View: can read on DAG Run:example_setup_teardown_taskflow
[2024-09-16T16:25:43.783+0000] {logging_mixin.py:190} INFO - [2024-09-16T16:25:43.783+0000] {dag.py:3229} INFO - Sync 1 DAGs
[2024-09-16T16:25:43.805+0000] {logging_mixin.py:190} INFO - [2024-09-16T16:25:43.804+0000] {dag.py:3252} INFO - Creating ORM DAG for example_setup_teardown_taskflow
[2024-09-16T16:25:43.806+0000] {logging_mixin.py:190} INFO - [2024-09-16T16:25:43.806+0000] {dag.py:4156} INFO - Setting next_dagrun for example_setup_teardown_taskflow to None, run_after=None
[2024-09-16T16:25:43.830+0000] {processor.py:208} INFO - Processing /home/airflow/.local/lib/python3.12/site-packages/airflow/example_dags/example_setup_teardown_taskflow.py took 0.292 seconds
[2024-09-16T16:26:14.879+0000] {processor.py:186} INFO - Started process (PID=155) to work on /home/airflow/.local/lib/python3.12/site-packages/airflow/example_dags/example_setup_teardown_taskflow.py
[2024-09-16T16:26:14.880+0000] {processor.py:914} INFO - Processing file /home/airflow/.local/lib/python3.12/site-packages/airflow/example_dags/example_setup_teardown_taskflow.py for tasks to queue
[2024-09-16T16:26:14.883+0000] {logging_mixin.py:190} INFO - [2024-09-16T16:26:14.882+0000] {dagbag.py:587} INFO - Filling up the DagBag from /home/airflow/.local/lib/python3.12/site-packages/airflow/example_dags/example_setup_teardown_taskflow.py
[2024-09-16T16:26:14.894+0000] {processor.py:925} INFO - DAG(s) 'example_setup_teardown_taskflow' retrieved from /home/airflow/.local/lib/python3.12/site-packages/airflow/example_dags/example_setup_teardown_taskflow.py
[2024-09-16T16:26:14.924+0000] {logging_mixin.py:190} INFO - [2024-09-16T16:26:14.924+0000] {dag.py:3229} INFO - Sync 1 DAGs
[2024-09-16T16:26:14.950+0000] {logging_mixin.py:190} INFO - [2024-09-16T16:26:14.950+0000] {dag.py:4156} INFO - Setting next_dagrun for example_setup_teardown_taskflow to None, run_after=None
[2024-09-16T16:26:14.986+0000] {processor.py:208} INFO - Processing /home/airflow/.local/lib/python3.12/site-packages/airflow/example_dags/example_setup_teardown_taskflow.py took 0.189 seconds
[2024-09-16T16:26:46.304+0000] {processor.py:186} INFO - Started process (PID=217) to work on /home/airflow/.local/lib/python3.12/site-packages/airflow/example_dags/example_setup_teardown_taskflow.py
[2024-09-16T16:26:46.306+0000] {processor.py:914} INFO - Processing file /home/airflow/.local/lib/python3.12/site-packages/airflow/example_dags/example_setup_teardown_taskflow.py for tasks to queue
[2024-09-16T16:26:46.310+0000] {logging_mixin.py:190} INFO - [2024-09-16T16:26:46.310+0000] {dagbag.py:587} INFO - Filling up the DagBag from /home/airflow/.local/lib/python3.12/site-packages/airflow/example_dags/example_setup_teardown_taskflow.py
[2024-09-16T16:26:46.342+0000] {processor.py:925} INFO - DAG(s) 'example_setup_teardown_taskflow' retrieved from /home/airflow/.local/lib/python3.12/site-packages/airflow/example_dags/example_setup_teardown_taskflow.py
[2024-09-16T16:26:46.401+0000] {logging_mixin.py:190} INFO - [2024-09-16T16:26:46.400+0000] {dag.py:3229} INFO - Sync 1 DAGs
[2024-09-16T16:26:46.440+0000] {logging_mixin.py:190} INFO - [2024-09-16T16:26:46.439+0000] {dag.py:4156} INFO - Setting next_dagrun for example_setup_teardown_taskflow to None, run_after=None
[2024-09-16T16:26:46.488+0000] {processor.py:208} INFO - Processing /home/airflow/.local/lib/python3.12/site-packages/airflow/example_dags/example_setup_teardown_taskflow.py took 0.200 seconds
[2024-09-16T16:27:17.334+0000] {processor.py:186} INFO - Started process (PID=279) to work on /home/airflow/.local/lib/python3.12/site-packages/airflow/example_dags/example_setup_teardown_taskflow.py
[2024-09-16T16:27:17.336+0000] {processor.py:914} INFO - Processing file /home/airflow/.local/lib/python3.12/site-packages/airflow/example_dags/example_setup_teardown_taskflow.py for tasks to queue
[2024-09-16T16:27:17.340+0000] {logging_mixin.py:190} INFO - [2024-09-16T16:27:17.339+0000] {dagbag.py:587} INFO - Filling up the DagBag from /home/airflow/.local/lib/python3.12/site-packages/airflow/example_dags/example_setup_teardown_taskflow.py
[2024-09-16T16:27:17.355+0000] {processor.py:925} INFO - DAG(s) 'example_setup_teardown_taskflow' retrieved from /home/airflow/.local/lib/python3.12/site-packages/airflow/example_dags/example_setup_teardown_taskflow.py
[2024-09-16T16:27:17.388+0000] {logging_mixin.py:190} INFO - [2024-09-16T16:27:17.387+0000] {dag.py:3229} INFO - Sync 1 DAGs
[2024-09-16T16:27:17.410+0000] {logging_mixin.py:190} INFO - [2024-09-16T16:27:17.409+0000] {dag.py:4156} INFO - Setting next_dagrun for example_setup_teardown_taskflow to None, run_after=None
[2024-09-16T16:27:17.435+0000] {processor.py:208} INFO - Processing /home/airflow/.local/lib/python3.12/site-packages/airflow/example_dags/example_setup_teardown_taskflow.py took 0.111 seconds
[2024-09-16T16:27:51.841+0000] {processor.py:186} INFO - Started process (PID=341) to work on /home/airflow/.local/lib/python3.12/site-packages/airflow/example_dags/example_setup_teardown_taskflow.py
[2024-09-16T16:27:51.843+0000] {processor.py:914} INFO - Processing file /home/airflow/.local/lib/python3.12/site-packages/airflow/example_dags/example_setup_teardown_taskflow.py for tasks to queue
[2024-09-16T16:27:51.848+0000] {logging_mixin.py:190} INFO - [2024-09-16T16:27:51.847+0000] {dagbag.py:587} INFO - Filling up the DagBag from /home/airflow/.local/lib/python3.12/site-packages/airflow/example_dags/example_setup_teardown_taskflow.py
[2024-09-16T16:27:51.873+0000] {processor.py:925} INFO - DAG(s) 'example_setup_teardown_taskflow' retrieved from /home/airflow/.local/lib/python3.12/site-packages/airflow/example_dags/example_setup_teardown_taskflow.py
[2024-09-16T16:27:51.925+0000] {logging_mixin.py:190} INFO - [2024-09-16T16:27:51.924+0000] {dag.py:3229} INFO - Sync 1 DAGs
[2024-09-16T16:27:51.970+0000] {logging_mixin.py:190} INFO - [2024-09-16T16:27:51.969+0000] {dag.py:4156} INFO - Setting next_dagrun for example_setup_teardown_taskflow to None, run_after=None
[2024-09-16T16:27:52.010+0000] {processor.py:208} INFO - Processing /home/airflow/.local/lib/python3.12/site-packages/airflow/example_dags/example_setup_teardown_taskflow.py took 0.184 seconds
[2024-09-16T16:28:22.776+0000] {processor.py:186} INFO - Started process (PID=403) to work on /home/airflow/.local/lib/python3.12/site-packages/airflow/example_dags/example_setup_teardown_taskflow.py
[2024-09-16T16:28:22.778+0000] {processor.py:914} INFO - Processing file /home/airflow/.local/lib/python3.12/site-packages/airflow/example_dags/example_setup_teardown_taskflow.py for tasks to queue
[2024-09-16T16:28:22.782+0000] {logging_mixin.py:190} INFO - [2024-09-16T16:28:22.781+0000] {dagbag.py:587} INFO - Filling up the DagBag from /home/airflow/.local/lib/python3.12/site-packages/airflow/example_dags/example_setup_teardown_taskflow.py
[2024-09-16T16:28:22.799+0000] {processor.py:925} INFO - DAG(s) 'example_setup_teardown_taskflow' retrieved from /home/airflow/.local/lib/python3.12/site-packages/airflow/example_dags/example_setup_teardown_taskflow.py
[2024-09-16T16:28:22.838+0000] {logging_mixin.py:190} INFO - [2024-09-16T16:28:22.838+0000] {dag.py:3229} INFO - Sync 1 DAGs
[2024-09-16T16:28:22.859+0000] {logging_mixin.py:190} INFO - [2024-09-16T16:28:22.859+0000] {dag.py:4156} INFO - Setting next_dagrun for example_setup_teardown_taskflow to None, run_after=None
[2024-09-16T16:28:22.890+0000] {processor.py:208} INFO - Processing /home/airflow/.local/lib/python3.12/site-packages/airflow/example_dags/example_setup_teardown_taskflow.py took 0.125 seconds
[2024-09-16T16:30:16.467+0000] {processor.py:186} INFO - Started process (PID=90) to work on /home/airflow/.local/lib/python3.12/site-packages/airflow/example_dags/example_setup_teardown_taskflow.py
[2024-09-16T16:30:16.469+0000] {processor.py:914} INFO - Processing file /home/airflow/.local/lib/python3.12/site-packages/airflow/example_dags/example_setup_teardown_taskflow.py for tasks to queue
[2024-09-16T16:30:16.472+0000] {logging_mixin.py:190} INFO - [2024-09-16T16:30:16.472+0000] {dagbag.py:587} INFO - Filling up the DagBag from /home/airflow/.local/lib/python3.12/site-packages/airflow/example_dags/example_setup_teardown_taskflow.py
[2024-09-16T16:30:16.486+0000] {processor.py:925} INFO - DAG(s) 'example_setup_teardown_taskflow' retrieved from /home/airflow/.local/lib/python3.12/site-packages/airflow/example_dags/example_setup_teardown_taskflow.py
[2024-09-16T16:30:16.522+0000] {logging_mixin.py:190} INFO - [2024-09-16T16:30:16.521+0000] {dag.py:3229} INFO - Sync 1 DAGs
[2024-09-16T16:30:16.542+0000] {logging_mixin.py:190} INFO - [2024-09-16T16:30:16.542+0000] {dag.py:4156} INFO - Setting next_dagrun for example_setup_teardown_taskflow to None, run_after=None
[2024-09-16T16:30:16.569+0000] {processor.py:208} INFO - Processing /home/airflow/.local/lib/python3.12/site-packages/airflow/example_dags/example_setup_teardown_taskflow.py took 0.111 seconds
[2024-09-16T16:30:46.801+0000] {processor.py:186} INFO - Started process (PID=152) to work on /home/airflow/.local/lib/python3.12/site-packages/airflow/example_dags/example_setup_teardown_taskflow.py
[2024-09-16T16:30:46.802+0000] {processor.py:914} INFO - Processing file /home/airflow/.local/lib/python3.12/site-packages/airflow/example_dags/example_setup_teardown_taskflow.py for tasks to queue
[2024-09-16T16:30:46.804+0000] {logging_mixin.py:190} INFO - [2024-09-16T16:30:46.804+0000] {dagbag.py:587} INFO - Filling up the DagBag from /home/airflow/.local/lib/python3.12/site-packages/airflow/example_dags/example_setup_teardown_taskflow.py
[2024-09-16T16:30:46.811+0000] {processor.py:925} INFO - DAG(s) 'example_setup_teardown_taskflow' retrieved from /home/airflow/.local/lib/python3.12/site-packages/airflow/example_dags/example_setup_teardown_taskflow.py
[2024-09-16T16:30:46.831+0000] {logging_mixin.py:190} INFO - [2024-09-16T16:30:46.831+0000] {dag.py:3229} INFO - Sync 1 DAGs
[2024-09-16T16:30:46.842+0000] {logging_mixin.py:190} INFO - [2024-09-16T16:30:46.842+0000] {dag.py:4156} INFO - Setting next_dagrun for example_setup_teardown_taskflow to None, run_after=None
[2024-09-16T16:30:46.859+0000] {processor.py:208} INFO - Processing /home/airflow/.local/lib/python3.12/site-packages/airflow/example_dags/example_setup_teardown_taskflow.py took 0.062 seconds
[2024-09-16T16:31:17.502+0000] {processor.py:186} INFO - Started process (PID=214) to work on /home/airflow/.local/lib/python3.12/site-packages/airflow/example_dags/example_setup_teardown_taskflow.py
[2024-09-16T16:31:17.503+0000] {processor.py:914} INFO - Processing file /home/airflow/.local/lib/python3.12/site-packages/airflow/example_dags/example_setup_teardown_taskflow.py for tasks to queue
[2024-09-16T16:31:17.505+0000] {logging_mixin.py:190} INFO - [2024-09-16T16:31:17.505+0000] {dagbag.py:587} INFO - Filling up the DagBag from /home/airflow/.local/lib/python3.12/site-packages/airflow/example_dags/example_setup_teardown_taskflow.py
[2024-09-16T16:31:17.512+0000] {processor.py:925} INFO - DAG(s) 'example_setup_teardown_taskflow' retrieved from /home/airflow/.local/lib/python3.12/site-packages/airflow/example_dags/example_setup_teardown_taskflow.py
[2024-09-16T16:31:17.531+0000] {logging_mixin.py:190} INFO - [2024-09-16T16:31:17.530+0000] {dag.py:3229} INFO - Sync 1 DAGs
[2024-09-16T16:31:17.542+0000] {logging_mixin.py:190} INFO - [2024-09-16T16:31:17.542+0000] {dag.py:4156} INFO - Setting next_dagrun for example_setup_teardown_taskflow to None, run_after=None
[2024-09-16T16:31:17.558+0000] {processor.py:208} INFO - Processing /home/airflow/.local/lib/python3.12/site-packages/airflow/example_dags/example_setup_teardown_taskflow.py took 0.060 seconds
[2024-09-16T16:31:47.842+0000] {processor.py:186} INFO - Started process (PID=276) to work on /home/airflow/.local/lib/python3.12/site-packages/airflow/example_dags/example_setup_teardown_taskflow.py
[2024-09-16T16:31:47.843+0000] {processor.py:914} INFO - Processing file /home/airflow/.local/lib/python3.12/site-packages/airflow/example_dags/example_setup_teardown_taskflow.py for tasks to queue
[2024-09-16T16:31:47.844+0000] {logging_mixin.py:190} INFO - [2024-09-16T16:31:47.844+0000] {dagbag.py:587} INFO - Filling up the DagBag from /home/airflow/.local/lib/python3.12/site-packages/airflow/example_dags/example_setup_teardown_taskflow.py
[2024-09-16T16:31:47.852+0000] {processor.py:925} INFO - DAG(s) 'example_setup_teardown_taskflow' retrieved from /home/airflow/.local/lib/python3.12/site-packages/airflow/example_dags/example_setup_teardown_taskflow.py
[2024-09-16T16:31:47.870+0000] {logging_mixin.py:190} INFO - [2024-09-16T16:31:47.870+0000] {dag.py:3229} INFO - Sync 1 DAGs
[2024-09-16T16:31:47.881+0000] {logging_mixin.py:190} INFO - [2024-09-16T16:31:47.881+0000] {dag.py:4156} INFO - Setting next_dagrun for example_setup_teardown_taskflow to None, run_after=None
[2024-09-16T16:31:47.897+0000] {processor.py:208} INFO - Processing /home/airflow/.local/lib/python3.12/site-packages/airflow/example_dags/example_setup_teardown_taskflow.py took 0.059 seconds
[2024-09-16T16:32:18.223+0000] {processor.py:186} INFO - Started process (PID=338) to work on /home/airflow/.local/lib/python3.12/site-packages/airflow/example_dags/example_setup_teardown_taskflow.py
[2024-09-16T16:32:18.224+0000] {processor.py:914} INFO - Processing file /home/airflow/.local/lib/python3.12/site-packages/airflow/example_dags/example_setup_teardown_taskflow.py for tasks to queue
[2024-09-16T16:32:18.226+0000] {logging_mixin.py:190} INFO - [2024-09-16T16:32:18.226+0000] {dagbag.py:587} INFO - Filling up the DagBag from /home/airflow/.local/lib/python3.12/site-packages/airflow/example_dags/example_setup_teardown_taskflow.py
[2024-09-16T16:32:18.235+0000] {processor.py:925} INFO - DAG(s) 'example_setup_teardown_taskflow' retrieved from /home/airflow/.local/lib/python3.12/site-packages/airflow/example_dags/example_setup_teardown_taskflow.py
[2024-09-16T16:32:18.256+0000] {logging_mixin.py:190} INFO - [2024-09-16T16:32:18.256+0000] {dag.py:3229} INFO - Sync 1 DAGs
[2024-09-16T16:32:18.267+0000] {logging_mixin.py:190} INFO - [2024-09-16T16:32:18.267+0000] {dag.py:4156} INFO - Setting next_dagrun for example_setup_teardown_taskflow to None, run_after=None
[2024-09-16T16:32:18.284+0000] {processor.py:208} INFO - Processing /home/airflow/.local/lib/python3.12/site-packages/airflow/example_dags/example_setup_teardown_taskflow.py took 0.066 seconds
[2024-09-16T16:32:48.871+0000] {processor.py:186} INFO - Started process (PID=400) to work on /home/airflow/.local/lib/python3.12/site-packages/airflow/example_dags/example_setup_teardown_taskflow.py
[2024-09-16T16:32:48.872+0000] {processor.py:914} INFO - Processing file /home/airflow/.local/lib/python3.12/site-packages/airflow/example_dags/example_setup_teardown_taskflow.py for tasks to queue
[2024-09-16T16:32:48.875+0000] {logging_mixin.py:190} INFO - [2024-09-16T16:32:48.874+0000] {dagbag.py:587} INFO - Filling up the DagBag from /home/airflow/.local/lib/python3.12/site-packages/airflow/example_dags/example_setup_teardown_taskflow.py
[2024-09-16T16:32:48.883+0000] {processor.py:925} INFO - DAG(s) 'example_setup_teardown_taskflow' retrieved from /home/airflow/.local/lib/python3.12/site-packages/airflow/example_dags/example_setup_teardown_taskflow.py
[2024-09-16T16:32:48.902+0000] {logging_mixin.py:190} INFO - [2024-09-16T16:32:48.902+0000] {dag.py:3229} INFO - Sync 1 DAGs
[2024-09-16T16:32:48.913+0000] {logging_mixin.py:190} INFO - [2024-09-16T16:32:48.913+0000] {dag.py:4156} INFO - Setting next_dagrun for example_setup_teardown_taskflow to None, run_after=None
[2024-09-16T16:32:48.931+0000] {processor.py:208} INFO - Processing /home/airflow/.local/lib/python3.12/site-packages/airflow/example_dags/example_setup_teardown_taskflow.py took 0.065 seconds
[2024-09-16T16:33:19.268+0000] {processor.py:186} INFO - Started process (PID=462) to work on /home/airflow/.local/lib/python3.12/site-packages/airflow/example_dags/example_setup_teardown_taskflow.py
[2024-09-16T16:33:19.269+0000] {processor.py:914} INFO - Processing file /home/airflow/.local/lib/python3.12/site-packages/airflow/example_dags/example_setup_teardown_taskflow.py for tasks to queue
[2024-09-16T16:33:19.272+0000] {logging_mixin.py:190} INFO - [2024-09-16T16:33:19.272+0000] {dagbag.py:587} INFO - Filling up the DagBag from /home/airflow/.local/lib/python3.12/site-packages/airflow/example_dags/example_setup_teardown_taskflow.py
[2024-09-16T16:33:19.280+0000] {processor.py:925} INFO - DAG(s) 'example_setup_teardown_taskflow' retrieved from /home/airflow/.local/lib/python3.12/site-packages/airflow/example_dags/example_setup_teardown_taskflow.py
[2024-09-16T16:33:19.301+0000] {logging_mixin.py:190} INFO - [2024-09-16T16:33:19.301+0000] {dag.py:3229} INFO - Sync 1 DAGs
[2024-09-16T16:33:19.313+0000] {logging_mixin.py:190} INFO - [2024-09-16T16:33:19.313+0000] {dag.py:4156} INFO - Setting next_dagrun for example_setup_teardown_taskflow to None, run_after=None
[2024-09-16T16:33:19.334+0000] {processor.py:208} INFO - Processing /home/airflow/.local/lib/python3.12/site-packages/airflow/example_dags/example_setup_teardown_taskflow.py took 0.071 seconds
[2024-09-16T16:33:49.745+0000] {processor.py:186} INFO - Started process (PID=524) to work on /home/airflow/.local/lib/python3.12/site-packages/airflow/example_dags/example_setup_teardown_taskflow.py
[2024-09-16T16:33:49.746+0000] {processor.py:914} INFO - Processing file /home/airflow/.local/lib/python3.12/site-packages/airflow/example_dags/example_setup_teardown_taskflow.py for tasks to queue
[2024-09-16T16:33:49.749+0000] {logging_mixin.py:190} INFO - [2024-09-16T16:33:49.748+0000] {dagbag.py:587} INFO - Filling up the DagBag from /home/airflow/.local/lib/python3.12/site-packages/airflow/example_dags/example_setup_teardown_taskflow.py
[2024-09-16T16:33:49.760+0000] {processor.py:925} INFO - DAG(s) 'example_setup_teardown_taskflow' retrieved from /home/airflow/.local/lib/python3.12/site-packages/airflow/example_dags/example_setup_teardown_taskflow.py
[2024-09-16T16:33:49.784+0000] {logging_mixin.py:190} INFO - [2024-09-16T16:33:49.784+0000] {dag.py:3229} INFO - Sync 1 DAGs
[2024-09-16T16:33:49.799+0000] {logging_mixin.py:190} INFO - [2024-09-16T16:33:49.799+0000] {dag.py:4156} INFO - Setting next_dagrun for example_setup_teardown_taskflow to None, run_after=None
[2024-09-16T16:33:49.820+0000] {processor.py:208} INFO - Processing /home/airflow/.local/lib/python3.12/site-packages/airflow/example_dags/example_setup_teardown_taskflow.py took 0.082 seconds
[2024-09-16T16:34:20.189+0000] {processor.py:186} INFO - Started process (PID=586) to work on /home/airflow/.local/lib/python3.12/site-packages/airflow/example_dags/example_setup_teardown_taskflow.py
[2024-09-16T16:34:20.190+0000] {processor.py:914} INFO - Processing file /home/airflow/.local/lib/python3.12/site-packages/airflow/example_dags/example_setup_teardown_taskflow.py for tasks to queue
[2024-09-16T16:34:20.192+0000] {logging_mixin.py:190} INFO - [2024-09-16T16:34:20.192+0000] {dagbag.py:587} INFO - Filling up the DagBag from /home/airflow/.local/lib/python3.12/site-packages/airflow/example_dags/example_setup_teardown_taskflow.py
[2024-09-16T16:34:20.200+0000] {processor.py:925} INFO - DAG(s) 'example_setup_teardown_taskflow' retrieved from /home/airflow/.local/lib/python3.12/site-packages/airflow/example_dags/example_setup_teardown_taskflow.py
[2024-09-16T16:34:20.219+0000] {logging_mixin.py:190} INFO - [2024-09-16T16:34:20.219+0000] {dag.py:3229} INFO - Sync 1 DAGs
[2024-09-16T16:34:20.231+0000] {logging_mixin.py:190} INFO - [2024-09-16T16:34:20.231+0000] {dag.py:4156} INFO - Setting next_dagrun for example_setup_teardown_taskflow to None, run_after=None
[2024-09-16T16:34:20.248+0000] {processor.py:208} INFO - Processing /home/airflow/.local/lib/python3.12/site-packages/airflow/example_dags/example_setup_teardown_taskflow.py took 0.063 seconds
[2024-09-16T16:34:50.889+0000] {processor.py:186} INFO - Started process (PID=648) to work on /home/airflow/.local/lib/python3.12/site-packages/airflow/example_dags/example_setup_teardown_taskflow.py
[2024-09-16T16:34:50.889+0000] {processor.py:914} INFO - Processing file /home/airflow/.local/lib/python3.12/site-packages/airflow/example_dags/example_setup_teardown_taskflow.py for tasks to queue
[2024-09-16T16:34:50.891+0000] {logging_mixin.py:190} INFO - [2024-09-16T16:34:50.891+0000] {dagbag.py:587} INFO - Filling up the DagBag from /home/airflow/.local/lib/python3.12/site-packages/airflow/example_dags/example_setup_teardown_taskflow.py
[2024-09-16T16:34:50.899+0000] {processor.py:925} INFO - DAG(s) 'example_setup_teardown_taskflow' retrieved from /home/airflow/.local/lib/python3.12/site-packages/airflow/example_dags/example_setup_teardown_taskflow.py
[2024-09-16T16:34:50.920+0000] {logging_mixin.py:190} INFO - [2024-09-16T16:34:50.919+0000] {dag.py:3229} INFO - Sync 1 DAGs
[2024-09-16T16:34:50.934+0000] {logging_mixin.py:190} INFO - [2024-09-16T16:34:50.933+0000] {dag.py:4156} INFO - Setting next_dagrun for example_setup_teardown_taskflow to None, run_after=None
[2024-09-16T16:34:50.955+0000] {processor.py:208} INFO - Processing /home/airflow/.local/lib/python3.12/site-packages/airflow/example_dags/example_setup_teardown_taskflow.py took 0.070 seconds
[2024-09-16T16:35:21.420+0000] {processor.py:186} INFO - Started process (PID=711) to work on /home/airflow/.local/lib/python3.12/site-packages/airflow/example_dags/example_setup_teardown_taskflow.py
[2024-09-16T16:35:21.421+0000] {processor.py:914} INFO - Processing file /home/airflow/.local/lib/python3.12/site-packages/airflow/example_dags/example_setup_teardown_taskflow.py for tasks to queue
[2024-09-16T16:35:21.423+0000] {logging_mixin.py:190} INFO - [2024-09-16T16:35:21.423+0000] {dagbag.py:587} INFO - Filling up the DagBag from /home/airflow/.local/lib/python3.12/site-packages/airflow/example_dags/example_setup_teardown_taskflow.py
[2024-09-16T16:35:21.430+0000] {processor.py:925} INFO - DAG(s) 'example_setup_teardown_taskflow' retrieved from /home/airflow/.local/lib/python3.12/site-packages/airflow/example_dags/example_setup_teardown_taskflow.py
[2024-09-16T16:35:21.448+0000] {logging_mixin.py:190} INFO - [2024-09-16T16:35:21.448+0000] {dag.py:3229} INFO - Sync 1 DAGs
[2024-09-16T16:35:21.458+0000] {logging_mixin.py:190} INFO - [2024-09-16T16:35:21.458+0000] {dag.py:4156} INFO - Setting next_dagrun for example_setup_teardown_taskflow to None, run_after=None
[2024-09-16T16:35:21.477+0000] {processor.py:208} INFO - Processing /home/airflow/.local/lib/python3.12/site-packages/airflow/example_dags/example_setup_teardown_taskflow.py took 0.061 seconds
[2024-09-16T16:35:51.932+0000] {processor.py:186} INFO - Started process (PID=773) to work on /home/airflow/.local/lib/python3.12/site-packages/airflow/example_dags/example_setup_teardown_taskflow.py
[2024-09-16T16:35:51.933+0000] {processor.py:914} INFO - Processing file /home/airflow/.local/lib/python3.12/site-packages/airflow/example_dags/example_setup_teardown_taskflow.py for tasks to queue
[2024-09-16T16:35:51.936+0000] {logging_mixin.py:190} INFO - [2024-09-16T16:35:51.935+0000] {dagbag.py:587} INFO - Filling up the DagBag from /home/airflow/.local/lib/python3.12/site-packages/airflow/example_dags/example_setup_teardown_taskflow.py
[2024-09-16T16:35:51.946+0000] {processor.py:925} INFO - DAG(s) 'example_setup_teardown_taskflow' retrieved from /home/airflow/.local/lib/python3.12/site-packages/airflow/example_dags/example_setup_teardown_taskflow.py
[2024-09-16T16:35:51.970+0000] {logging_mixin.py:190} INFO - [2024-09-16T16:35:51.970+0000] {dag.py:3229} INFO - Sync 1 DAGs
[2024-09-16T16:35:51.988+0000] {logging_mixin.py:190} INFO - [2024-09-16T16:35:51.987+0000] {dag.py:4156} INFO - Setting next_dagrun for example_setup_teardown_taskflow to None, run_after=None
[2024-09-16T16:35:52.015+0000] {processor.py:208} INFO - Processing /home/airflow/.local/lib/python3.12/site-packages/airflow/example_dags/example_setup_teardown_taskflow.py took 0.090 seconds
[2024-09-16T16:36:22.536+0000] {processor.py:186} INFO - Started process (PID=835) to work on /home/airflow/.local/lib/python3.12/site-packages/airflow/example_dags/example_setup_teardown_taskflow.py
[2024-09-16T16:36:22.538+0000] {processor.py:914} INFO - Processing file /home/airflow/.local/lib/python3.12/site-packages/airflow/example_dags/example_setup_teardown_taskflow.py for tasks to queue
[2024-09-16T16:36:22.541+0000] {logging_mixin.py:190} INFO - [2024-09-16T16:36:22.541+0000] {dagbag.py:587} INFO - Filling up the DagBag from /home/airflow/.local/lib/python3.12/site-packages/airflow/example_dags/example_setup_teardown_taskflow.py
[2024-09-16T16:36:22.554+0000] {processor.py:925} INFO - DAG(s) 'example_setup_teardown_taskflow' retrieved from /home/airflow/.local/lib/python3.12/site-packages/airflow/example_dags/example_setup_teardown_taskflow.py
[2024-09-16T16:36:22.586+0000] {logging_mixin.py:190} INFO - [2024-09-16T16:36:22.586+0000] {dag.py:3229} INFO - Sync 1 DAGs
[2024-09-16T16:36:22.610+0000] {logging_mixin.py:190} INFO - [2024-09-16T16:36:22.610+0000] {dag.py:4156} INFO - Setting next_dagrun for example_setup_teardown_taskflow to None, run_after=None
[2024-09-16T16:36:22.635+0000] {processor.py:208} INFO - Processing /home/airflow/.local/lib/python3.12/site-packages/airflow/example_dags/example_setup_teardown_taskflow.py took 0.106 seconds
[2024-09-16T16:36:53.406+0000] {processor.py:186} INFO - Started process (PID=897) to work on /home/airflow/.local/lib/python3.12/site-packages/airflow/example_dags/example_setup_teardown_taskflow.py
[2024-09-16T16:36:53.408+0000] {processor.py:914} INFO - Processing file /home/airflow/.local/lib/python3.12/site-packages/airflow/example_dags/example_setup_teardown_taskflow.py for tasks to queue
[2024-09-16T16:36:53.410+0000] {logging_mixin.py:190} INFO - [2024-09-16T16:36:53.409+0000] {dagbag.py:587} INFO - Filling up the DagBag from /home/airflow/.local/lib/python3.12/site-packages/airflow/example_dags/example_setup_teardown_taskflow.py
[2024-09-16T16:36:53.418+0000] {processor.py:925} INFO - DAG(s) 'example_setup_teardown_taskflow' retrieved from /home/airflow/.local/lib/python3.12/site-packages/airflow/example_dags/example_setup_teardown_taskflow.py
[2024-09-16T16:36:53.437+0000] {logging_mixin.py:190} INFO - [2024-09-16T16:36:53.437+0000] {dag.py:3229} INFO - Sync 1 DAGs
[2024-09-16T16:36:53.448+0000] {logging_mixin.py:190} INFO - [2024-09-16T16:36:53.448+0000] {dag.py:4156} INFO - Setting next_dagrun for example_setup_teardown_taskflow to None, run_after=None
[2024-09-16T16:36:53.466+0000] {processor.py:208} INFO - Processing /home/airflow/.local/lib/python3.12/site-packages/airflow/example_dags/example_setup_teardown_taskflow.py took 0.064 seconds
[2024-09-16T16:37:23.891+0000] {processor.py:186} INFO - Started process (PID=959) to work on /home/airflow/.local/lib/python3.12/site-packages/airflow/example_dags/example_setup_teardown_taskflow.py
[2024-09-16T16:37:23.893+0000] {processor.py:914} INFO - Processing file /home/airflow/.local/lib/python3.12/site-packages/airflow/example_dags/example_setup_teardown_taskflow.py for tasks to queue
[2024-09-16T16:37:23.895+0000] {logging_mixin.py:190} INFO - [2024-09-16T16:37:23.895+0000] {dagbag.py:587} INFO - Filling up the DagBag from /home/airflow/.local/lib/python3.12/site-packages/airflow/example_dags/example_setup_teardown_taskflow.py
[2024-09-16T16:37:23.904+0000] {processor.py:925} INFO - DAG(s) 'example_setup_teardown_taskflow' retrieved from /home/airflow/.local/lib/python3.12/site-packages/airflow/example_dags/example_setup_teardown_taskflow.py
[2024-09-16T16:37:23.924+0000] {logging_mixin.py:190} INFO - [2024-09-16T16:37:23.924+0000] {dag.py:3229} INFO - Sync 1 DAGs
[2024-09-16T16:37:23.938+0000] {logging_mixin.py:190} INFO - [2024-09-16T16:37:23.938+0000] {dag.py:4156} INFO - Setting next_dagrun for example_setup_teardown_taskflow to None, run_after=None
[2024-09-16T16:37:23.957+0000] {processor.py:208} INFO - Processing /home/airflow/.local/lib/python3.12/site-packages/airflow/example_dags/example_setup_teardown_taskflow.py took 0.071 seconds
