[2024-09-16T16:25:40.610+0000] {processor.py:186} INFO - Started process (PID=82) to work on /home/airflow/.local/lib/python3.12/site-packages/airflow/example_dags/example_dag_decorator.py
[2024-09-16T16:25:40.611+0000] {processor.py:914} INFO - Processing file /home/airflow/.local/lib/python3.12/site-packages/airflow/example_dags/example_dag_decorator.py for tasks to queue
[2024-09-16T16:25:40.614+0000] {logging_mixin.py:190} INFO - [2024-09-16T16:25:40.613+0000] {dagbag.py:587} INFO - Filling up the DagBag from /home/airflow/.local/lib/python3.12/site-packages/airflow/example_dags/example_dag_decorator.py
[2024-09-16T16:25:40.631+0000] {processor.py:925} INFO - DAG(s) 'example_dag_decorator' retrieved from /home/airflow/.local/lib/python3.12/site-packages/airflow/example_dags/example_dag_decorator.py
[2024-09-16T16:25:40.776+0000] {logging_mixin.py:190} INFO - [2024-09-16T16:25:40.775+0000] {override.py:1900} INFO - Created Permission View: can edit on DAG:example_dag_decorator
[2024-09-16T16:25:40.797+0000] {logging_mixin.py:190} INFO - [2024-09-16T16:25:40.797+0000] {override.py:1900} INFO - Created Permission View: can delete on DAG:example_dag_decorator
[2024-09-16T16:25:40.808+0000] {logging_mixin.py:190} INFO - [2024-09-16T16:25:40.808+0000] {override.py:1900} INFO - Created Permission View: can read on DAG:example_dag_decorator
[2024-09-16T16:25:40.818+0000] {logging_mixin.py:190} INFO - [2024-09-16T16:25:40.818+0000] {override.py:1900} INFO - Created Permission View: can delete on DAG Run:example_dag_decorator
[2024-09-16T16:25:40.826+0000] {logging_mixin.py:190} INFO - [2024-09-16T16:25:40.825+0000] {override.py:1900} INFO - Created Permission View: can create on DAG Run:example_dag_decorator
[2024-09-16T16:25:40.833+0000] {logging_mixin.py:190} INFO - [2024-09-16T16:25:40.833+0000] {override.py:1900} INFO - Created Permission View: menu access on DAG Run:example_dag_decorator
[2024-09-16T16:25:40.841+0000] {logging_mixin.py:190} INFO - [2024-09-16T16:25:40.841+0000] {override.py:1900} INFO - Created Permission View: can read on DAG Run:example_dag_decorator
[2024-09-16T16:25:40.842+0000] {logging_mixin.py:190} INFO - [2024-09-16T16:25:40.842+0000] {dag.py:3229} INFO - Sync 1 DAGs
[2024-09-16T16:25:40.858+0000] {logging_mixin.py:190} INFO - [2024-09-16T16:25:40.857+0000] {dag.py:3252} INFO - Creating ORM DAG for example_dag_decorator
[2024-09-16T16:25:40.860+0000] {logging_mixin.py:190} INFO - [2024-09-16T16:25:40.859+0000] {dag.py:4156} INFO - Setting next_dagrun for example_dag_decorator to None, run_after=None
[2024-09-16T16:25:40.882+0000] {processor.py:208} INFO - Processing /home/airflow/.local/lib/python3.12/site-packages/airflow/example_dags/example_dag_decorator.py took 0.278 seconds
[2024-09-16T16:26:11.406+0000] {processor.py:186} INFO - Started process (PID=144) to work on /home/airflow/.local/lib/python3.12/site-packages/airflow/example_dags/example_dag_decorator.py
[2024-09-16T16:26:11.407+0000] {processor.py:914} INFO - Processing file /home/airflow/.local/lib/python3.12/site-packages/airflow/example_dags/example_dag_decorator.py for tasks to queue
[2024-09-16T16:26:11.410+0000] {logging_mixin.py:190} INFO - [2024-09-16T16:26:11.410+0000] {dagbag.py:587} INFO - Filling up the DagBag from /home/airflow/.local/lib/python3.12/site-packages/airflow/example_dags/example_dag_decorator.py
[2024-09-16T16:26:11.424+0000] {processor.py:925} INFO - DAG(s) 'example_dag_decorator' retrieved from /home/airflow/.local/lib/python3.12/site-packages/airflow/example_dags/example_dag_decorator.py
[2024-09-16T16:26:11.578+0000] {logging_mixin.py:190} INFO - [2024-09-16T16:26:11.577+0000] {dag.py:3229} INFO - Sync 1 DAGs
[2024-09-16T16:26:11.604+0000] {logging_mixin.py:190} INFO - [2024-09-16T16:26:11.604+0000] {dag.py:4156} INFO - Setting next_dagrun for example_dag_decorator to None, run_after=None
[2024-09-16T16:26:11.645+0000] {processor.py:208} INFO - Processing /home/airflow/.local/lib/python3.12/site-packages/airflow/example_dags/example_dag_decorator.py took 0.247 seconds
[2024-09-16T16:26:43.859+0000] {processor.py:186} INFO - Started process (PID=206) to work on /home/airflow/.local/lib/python3.12/site-packages/airflow/example_dags/example_dag_decorator.py
[2024-09-16T16:26:43.864+0000] {processor.py:914} INFO - Processing file /home/airflow/.local/lib/python3.12/site-packages/airflow/example_dags/example_dag_decorator.py for tasks to queue
[2024-09-16T16:26:43.869+0000] {logging_mixin.py:190} INFO - [2024-09-16T16:26:43.868+0000] {dagbag.py:587} INFO - Filling up the DagBag from /home/airflow/.local/lib/python3.12/site-packages/airflow/example_dags/example_dag_decorator.py
[2024-09-16T16:26:43.919+0000] {processor.py:925} INFO - DAG(s) 'example_dag_decorator' retrieved from /home/airflow/.local/lib/python3.12/site-packages/airflow/example_dags/example_dag_decorator.py
[2024-09-16T16:26:44.294+0000] {logging_mixin.py:190} INFO - [2024-09-16T16:26:44.294+0000] {dag.py:3229} INFO - Sync 1 DAGs
[2024-09-16T16:26:44.331+0000] {logging_mixin.py:190} INFO - [2024-09-16T16:26:44.330+0000] {dag.py:4156} INFO - Setting next_dagrun for example_dag_decorator to None, run_after=None
[2024-09-16T16:26:44.407+0000] {processor.py:208} INFO - Processing /home/airflow/.local/lib/python3.12/site-packages/airflow/example_dags/example_dag_decorator.py took 0.567 seconds
[2024-09-16T16:27:15.790+0000] {processor.py:186} INFO - Started process (PID=268) to work on /home/airflow/.local/lib/python3.12/site-packages/airflow/example_dags/example_dag_decorator.py
[2024-09-16T16:27:15.793+0000] {processor.py:914} INFO - Processing file /home/airflow/.local/lib/python3.12/site-packages/airflow/example_dags/example_dag_decorator.py for tasks to queue
[2024-09-16T16:27:15.798+0000] {logging_mixin.py:190} INFO - [2024-09-16T16:27:15.797+0000] {dagbag.py:587} INFO - Filling up the DagBag from /home/airflow/.local/lib/python3.12/site-packages/airflow/example_dags/example_dag_decorator.py
[2024-09-16T16:27:15.820+0000] {processor.py:925} INFO - DAG(s) 'example_dag_decorator' retrieved from /home/airflow/.local/lib/python3.12/site-packages/airflow/example_dags/example_dag_decorator.py
[2024-09-16T16:27:16.050+0000] {logging_mixin.py:190} INFO - [2024-09-16T16:27:16.050+0000] {dag.py:3229} INFO - Sync 1 DAGs
[2024-09-16T16:27:16.079+0000] {logging_mixin.py:190} INFO - [2024-09-16T16:27:16.079+0000] {dag.py:4156} INFO - Setting next_dagrun for example_dag_decorator to None, run_after=None
[2024-09-16T16:27:16.109+0000] {processor.py:208} INFO - Processing /home/airflow/.local/lib/python3.12/site-packages/airflow/example_dags/example_dag_decorator.py took 0.329 seconds
[2024-09-16T16:27:48.731+0000] {processor.py:186} INFO - Started process (PID=330) to work on /home/airflow/.local/lib/python3.12/site-packages/airflow/example_dags/example_dag_decorator.py
[2024-09-16T16:27:48.735+0000] {processor.py:914} INFO - Processing file /home/airflow/.local/lib/python3.12/site-packages/airflow/example_dags/example_dag_decorator.py for tasks to queue
[2024-09-16T16:27:48.740+0000] {logging_mixin.py:190} INFO - [2024-09-16T16:27:48.739+0000] {dagbag.py:587} INFO - Filling up the DagBag from /home/airflow/.local/lib/python3.12/site-packages/airflow/example_dags/example_dag_decorator.py
[2024-09-16T16:27:48.818+0000] {processor.py:925} INFO - DAG(s) 'example_dag_decorator' retrieved from /home/airflow/.local/lib/python3.12/site-packages/airflow/example_dags/example_dag_decorator.py
[2024-09-16T16:27:49.404+0000] {logging_mixin.py:190} INFO - [2024-09-16T16:27:49.403+0000] {dag.py:3229} INFO - Sync 1 DAGs
[2024-09-16T16:27:49.471+0000] {logging_mixin.py:190} INFO - [2024-09-16T16:27:49.471+0000] {dag.py:4156} INFO - Setting next_dagrun for example_dag_decorator to None, run_after=None
[2024-09-16T16:27:49.564+0000] {processor.py:208} INFO - Processing /home/airflow/.local/lib/python3.12/site-packages/airflow/example_dags/example_dag_decorator.py took 0.854 seconds
[2024-09-16T16:28:20.435+0000] {processor.py:186} INFO - Started process (PID=393) to work on /home/airflow/.local/lib/python3.12/site-packages/airflow/example_dags/example_dag_decorator.py
[2024-09-16T16:28:20.437+0000] {processor.py:914} INFO - Processing file /home/airflow/.local/lib/python3.12/site-packages/airflow/example_dags/example_dag_decorator.py for tasks to queue
[2024-09-16T16:28:20.442+0000] {logging_mixin.py:190} INFO - [2024-09-16T16:28:20.441+0000] {dagbag.py:587} INFO - Filling up the DagBag from /home/airflow/.local/lib/python3.12/site-packages/airflow/example_dags/example_dag_decorator.py
[2024-09-16T16:28:20.465+0000] {processor.py:925} INFO - DAG(s) 'example_dag_decorator' retrieved from /home/airflow/.local/lib/python3.12/site-packages/airflow/example_dags/example_dag_decorator.py
[2024-09-16T16:28:20.726+0000] {logging_mixin.py:190} INFO - [2024-09-16T16:28:20.725+0000] {dag.py:3229} INFO - Sync 1 DAGs
[2024-09-16T16:28:20.758+0000] {logging_mixin.py:190} INFO - [2024-09-16T16:28:20.757+0000] {dag.py:4156} INFO - Setting next_dagrun for example_dag_decorator to None, run_after=None
[2024-09-16T16:28:20.808+0000] {processor.py:208} INFO - Processing /home/airflow/.local/lib/python3.12/site-packages/airflow/example_dags/example_dag_decorator.py took 0.385 seconds
[2024-09-16T16:30:14.735+0000] {processor.py:186} INFO - Started process (PID=79) to work on /home/airflow/.local/lib/python3.12/site-packages/airflow/example_dags/example_dag_decorator.py
[2024-09-16T16:30:14.740+0000] {processor.py:914} INFO - Processing file /home/airflow/.local/lib/python3.12/site-packages/airflow/example_dags/example_dag_decorator.py for tasks to queue
[2024-09-16T16:30:14.750+0000] {logging_mixin.py:190} INFO - [2024-09-16T16:30:14.749+0000] {dagbag.py:587} INFO - Filling up the DagBag from /home/airflow/.local/lib/python3.12/site-packages/airflow/example_dags/example_dag_decorator.py
[2024-09-16T16:30:14.812+0000] {processor.py:925} INFO - DAG(s) 'example_dag_decorator' retrieved from /home/airflow/.local/lib/python3.12/site-packages/airflow/example_dags/example_dag_decorator.py
[2024-09-16T16:30:15.133+0000] {logging_mixin.py:190} INFO - [2024-09-16T16:30:15.133+0000] {dag.py:3229} INFO - Sync 1 DAGs
[2024-09-16T16:30:15.161+0000] {logging_mixin.py:190} INFO - [2024-09-16T16:30:15.161+0000] {dag.py:4156} INFO - Setting next_dagrun for example_dag_decorator to None, run_after=None
[2024-09-16T16:30:15.194+0000] {processor.py:208} INFO - Processing /home/airflow/.local/lib/python3.12/site-packages/airflow/example_dags/example_dag_decorator.py took 0.488 seconds
[2024-09-16T16:30:45.782+0000] {processor.py:186} INFO - Started process (PID=141) to work on /home/airflow/.local/lib/python3.12/site-packages/airflow/example_dags/example_dag_decorator.py
[2024-09-16T16:30:45.783+0000] {processor.py:914} INFO - Processing file /home/airflow/.local/lib/python3.12/site-packages/airflow/example_dags/example_dag_decorator.py for tasks to queue
[2024-09-16T16:30:45.785+0000] {logging_mixin.py:190} INFO - [2024-09-16T16:30:45.784+0000] {dagbag.py:587} INFO - Filling up the DagBag from /home/airflow/.local/lib/python3.12/site-packages/airflow/example_dags/example_dag_decorator.py
[2024-09-16T16:30:45.793+0000] {processor.py:925} INFO - DAG(s) 'example_dag_decorator' retrieved from /home/airflow/.local/lib/python3.12/site-packages/airflow/example_dags/example_dag_decorator.py
[2024-09-16T16:30:45.889+0000] {logging_mixin.py:190} INFO - [2024-09-16T16:30:45.888+0000] {dag.py:3229} INFO - Sync 1 DAGs
[2024-09-16T16:30:45.898+0000] {logging_mixin.py:190} INFO - [2024-09-16T16:30:45.898+0000] {dag.py:4156} INFO - Setting next_dagrun for example_dag_decorator to None, run_after=None
[2024-09-16T16:30:45.915+0000] {processor.py:208} INFO - Processing /home/airflow/.local/lib/python3.12/site-packages/airflow/example_dags/example_dag_decorator.py took 0.138 seconds
[2024-09-16T16:31:16.512+0000] {processor.py:186} INFO - Started process (PID=203) to work on /home/airflow/.local/lib/python3.12/site-packages/airflow/example_dags/example_dag_decorator.py
[2024-09-16T16:31:16.513+0000] {processor.py:914} INFO - Processing file /home/airflow/.local/lib/python3.12/site-packages/airflow/example_dags/example_dag_decorator.py for tasks to queue
[2024-09-16T16:31:16.515+0000] {logging_mixin.py:190} INFO - [2024-09-16T16:31:16.515+0000] {dagbag.py:587} INFO - Filling up the DagBag from /home/airflow/.local/lib/python3.12/site-packages/airflow/example_dags/example_dag_decorator.py
[2024-09-16T16:31:16.525+0000] {processor.py:925} INFO - DAG(s) 'example_dag_decorator' retrieved from /home/airflow/.local/lib/python3.12/site-packages/airflow/example_dags/example_dag_decorator.py
[2024-09-16T16:31:16.544+0000] {logging_mixin.py:190} INFO - [2024-09-16T16:31:16.544+0000] {dag.py:3229} INFO - Sync 1 DAGs
[2024-09-16T16:31:16.555+0000] {logging_mixin.py:190} INFO - [2024-09-16T16:31:16.555+0000] {dag.py:4156} INFO - Setting next_dagrun for example_dag_decorator to None, run_after=None
[2024-09-16T16:31:16.572+0000] {processor.py:208} INFO - Processing /home/airflow/.local/lib/python3.12/site-packages/airflow/example_dags/example_dag_decorator.py took 0.065 seconds
[2024-09-16T16:31:46.987+0000] {processor.py:186} INFO - Started process (PID=265) to work on /home/airflow/.local/lib/python3.12/site-packages/airflow/example_dags/example_dag_decorator.py
[2024-09-16T16:31:46.988+0000] {processor.py:914} INFO - Processing file /home/airflow/.local/lib/python3.12/site-packages/airflow/example_dags/example_dag_decorator.py for tasks to queue
[2024-09-16T16:31:46.990+0000] {logging_mixin.py:190} INFO - [2024-09-16T16:31:46.990+0000] {dagbag.py:587} INFO - Filling up the DagBag from /home/airflow/.local/lib/python3.12/site-packages/airflow/example_dags/example_dag_decorator.py
[2024-09-16T16:31:46.999+0000] {processor.py:925} INFO - DAG(s) 'example_dag_decorator' retrieved from /home/airflow/.local/lib/python3.12/site-packages/airflow/example_dags/example_dag_decorator.py
[2024-09-16T16:31:47.088+0000] {logging_mixin.py:190} INFO - [2024-09-16T16:31:47.088+0000] {dag.py:3229} INFO - Sync 1 DAGs
[2024-09-16T16:31:47.097+0000] {logging_mixin.py:190} INFO - [2024-09-16T16:31:47.097+0000] {dag.py:4156} INFO - Setting next_dagrun for example_dag_decorator to None, run_after=None
[2024-09-16T16:31:47.115+0000] {processor.py:208} INFO - Processing /home/airflow/.local/lib/python3.12/site-packages/airflow/example_dags/example_dag_decorator.py took 0.133 seconds
[2024-09-16T16:32:17.396+0000] {processor.py:186} INFO - Started process (PID=327) to work on /home/airflow/.local/lib/python3.12/site-packages/airflow/example_dags/example_dag_decorator.py
[2024-09-16T16:32:17.397+0000] {processor.py:914} INFO - Processing file /home/airflow/.local/lib/python3.12/site-packages/airflow/example_dags/example_dag_decorator.py for tasks to queue
[2024-09-16T16:32:17.399+0000] {logging_mixin.py:190} INFO - [2024-09-16T16:32:17.399+0000] {dagbag.py:587} INFO - Filling up the DagBag from /home/airflow/.local/lib/python3.12/site-packages/airflow/example_dags/example_dag_decorator.py
[2024-09-16T16:32:17.408+0000] {processor.py:925} INFO - DAG(s) 'example_dag_decorator' retrieved from /home/airflow/.local/lib/python3.12/site-packages/airflow/example_dags/example_dag_decorator.py
[2024-09-16T16:32:17.502+0000] {logging_mixin.py:190} INFO - [2024-09-16T16:32:17.502+0000] {dag.py:3229} INFO - Sync 1 DAGs
[2024-09-16T16:32:17.512+0000] {logging_mixin.py:190} INFO - [2024-09-16T16:32:17.512+0000] {dag.py:4156} INFO - Setting next_dagrun for example_dag_decorator to None, run_after=None
[2024-09-16T16:32:17.532+0000] {processor.py:208} INFO - Processing /home/airflow/.local/lib/python3.12/site-packages/airflow/example_dags/example_dag_decorator.py took 0.141 seconds
[2024-09-16T16:32:47.919+0000] {processor.py:186} INFO - Started process (PID=389) to work on /home/airflow/.local/lib/python3.12/site-packages/airflow/example_dags/example_dag_decorator.py
[2024-09-16T16:32:47.920+0000] {processor.py:914} INFO - Processing file /home/airflow/.local/lib/python3.12/site-packages/airflow/example_dags/example_dag_decorator.py for tasks to queue
[2024-09-16T16:32:47.922+0000] {logging_mixin.py:190} INFO - [2024-09-16T16:32:47.922+0000] {dagbag.py:587} INFO - Filling up the DagBag from /home/airflow/.local/lib/python3.12/site-packages/airflow/example_dags/example_dag_decorator.py
[2024-09-16T16:32:47.930+0000] {processor.py:925} INFO - DAG(s) 'example_dag_decorator' retrieved from /home/airflow/.local/lib/python3.12/site-packages/airflow/example_dags/example_dag_decorator.py
[2024-09-16T16:32:48.019+0000] {logging_mixin.py:190} INFO - [2024-09-16T16:32:48.019+0000] {dag.py:3229} INFO - Sync 1 DAGs
[2024-09-16T16:32:48.029+0000] {logging_mixin.py:190} INFO - [2024-09-16T16:32:48.029+0000] {dag.py:4156} INFO - Setting next_dagrun for example_dag_decorator to None, run_after=None
[2024-09-16T16:32:48.045+0000] {processor.py:208} INFO - Processing /home/airflow/.local/lib/python3.12/site-packages/airflow/example_dags/example_dag_decorator.py took 0.130 seconds
[2024-09-16T16:33:18.472+0000] {processor.py:186} INFO - Started process (PID=451) to work on /home/airflow/.local/lib/python3.12/site-packages/airflow/example_dags/example_dag_decorator.py
[2024-09-16T16:33:18.473+0000] {processor.py:914} INFO - Processing file /home/airflow/.local/lib/python3.12/site-packages/airflow/example_dags/example_dag_decorator.py for tasks to queue
[2024-09-16T16:33:18.475+0000] {logging_mixin.py:190} INFO - [2024-09-16T16:33:18.475+0000] {dagbag.py:587} INFO - Filling up the DagBag from /home/airflow/.local/lib/python3.12/site-packages/airflow/example_dags/example_dag_decorator.py
[2024-09-16T16:33:18.485+0000] {processor.py:925} INFO - DAG(s) 'example_dag_decorator' retrieved from /home/airflow/.local/lib/python3.12/site-packages/airflow/example_dags/example_dag_decorator.py
[2024-09-16T16:33:18.571+0000] {logging_mixin.py:190} INFO - [2024-09-16T16:33:18.571+0000] {dag.py:3229} INFO - Sync 1 DAGs
[2024-09-16T16:33:18.582+0000] {logging_mixin.py:190} INFO - [2024-09-16T16:33:18.582+0000] {dag.py:4156} INFO - Setting next_dagrun for example_dag_decorator to None, run_after=None
[2024-09-16T16:33:18.598+0000] {processor.py:208} INFO - Processing /home/airflow/.local/lib/python3.12/site-packages/airflow/example_dags/example_dag_decorator.py took 0.130 seconds
[2024-09-16T16:33:48.780+0000] {processor.py:186} INFO - Started process (PID=513) to work on /home/airflow/.local/lib/python3.12/site-packages/airflow/example_dags/example_dag_decorator.py
[2024-09-16T16:33:48.781+0000] {processor.py:914} INFO - Processing file /home/airflow/.local/lib/python3.12/site-packages/airflow/example_dags/example_dag_decorator.py for tasks to queue
[2024-09-16T16:33:48.784+0000] {logging_mixin.py:190} INFO - [2024-09-16T16:33:48.784+0000] {dagbag.py:587} INFO - Filling up the DagBag from /home/airflow/.local/lib/python3.12/site-packages/airflow/example_dags/example_dag_decorator.py
[2024-09-16T16:33:48.798+0000] {processor.py:925} INFO - DAG(s) 'example_dag_decorator' retrieved from /home/airflow/.local/lib/python3.12/site-packages/airflow/example_dags/example_dag_decorator.py
[2024-09-16T16:33:48.827+0000] {logging_mixin.py:190} INFO - [2024-09-16T16:33:48.826+0000] {dag.py:3229} INFO - Sync 1 DAGs
[2024-09-16T16:33:48.841+0000] {logging_mixin.py:190} INFO - [2024-09-16T16:33:48.841+0000] {dag.py:4156} INFO - Setting next_dagrun for example_dag_decorator to None, run_after=None
[2024-09-16T16:33:48.860+0000] {processor.py:208} INFO - Processing /home/airflow/.local/lib/python3.12/site-packages/airflow/example_dags/example_dag_decorator.py took 0.086 seconds
[2024-09-16T16:34:19.340+0000] {processor.py:186} INFO - Started process (PID=575) to work on /home/airflow/.local/lib/python3.12/site-packages/airflow/example_dags/example_dag_decorator.py
[2024-09-16T16:34:19.342+0000] {processor.py:914} INFO - Processing file /home/airflow/.local/lib/python3.12/site-packages/airflow/example_dags/example_dag_decorator.py for tasks to queue
[2024-09-16T16:34:19.344+0000] {logging_mixin.py:190} INFO - [2024-09-16T16:34:19.344+0000] {dagbag.py:587} INFO - Filling up the DagBag from /home/airflow/.local/lib/python3.12/site-packages/airflow/example_dags/example_dag_decorator.py
[2024-09-16T16:34:19.352+0000] {processor.py:925} INFO - DAG(s) 'example_dag_decorator' retrieved from /home/airflow/.local/lib/python3.12/site-packages/airflow/example_dags/example_dag_decorator.py
[2024-09-16T16:34:19.373+0000] {logging_mixin.py:190} INFO - [2024-09-16T16:34:19.373+0000] {dag.py:3229} INFO - Sync 1 DAGs
[2024-09-16T16:34:19.383+0000] {logging_mixin.py:190} INFO - [2024-09-16T16:34:19.383+0000] {dag.py:4156} INFO - Setting next_dagrun for example_dag_decorator to None, run_after=None
[2024-09-16T16:34:19.404+0000] {processor.py:208} INFO - Processing /home/airflow/.local/lib/python3.12/site-packages/airflow/example_dags/example_dag_decorator.py took 0.068 seconds
[2024-09-16T16:34:49.920+0000] {processor.py:186} INFO - Started process (PID=637) to work on /home/airflow/.local/lib/python3.12/site-packages/airflow/example_dags/example_dag_decorator.py
[2024-09-16T16:34:49.921+0000] {processor.py:914} INFO - Processing file /home/airflow/.local/lib/python3.12/site-packages/airflow/example_dags/example_dag_decorator.py for tasks to queue
[2024-09-16T16:34:49.923+0000] {logging_mixin.py:190} INFO - [2024-09-16T16:34:49.922+0000] {dagbag.py:587} INFO - Filling up the DagBag from /home/airflow/.local/lib/python3.12/site-packages/airflow/example_dags/example_dag_decorator.py
[2024-09-16T16:34:49.932+0000] {processor.py:925} INFO - DAG(s) 'example_dag_decorator' retrieved from /home/airflow/.local/lib/python3.12/site-packages/airflow/example_dags/example_dag_decorator.py
[2024-09-16T16:34:49.953+0000] {logging_mixin.py:190} INFO - [2024-09-16T16:34:49.953+0000] {dag.py:3229} INFO - Sync 1 DAGs
[2024-09-16T16:34:49.964+0000] {logging_mixin.py:190} INFO - [2024-09-16T16:34:49.963+0000] {dag.py:4156} INFO - Setting next_dagrun for example_dag_decorator to None, run_after=None
[2024-09-16T16:34:49.981+0000] {processor.py:208} INFO - Processing /home/airflow/.local/lib/python3.12/site-packages/airflow/example_dags/example_dag_decorator.py took 0.068 seconds
[2024-09-16T16:35:20.508+0000] {processor.py:186} INFO - Started process (PID=700) to work on /home/airflow/.local/lib/python3.12/site-packages/airflow/example_dags/example_dag_decorator.py
[2024-09-16T16:35:20.509+0000] {processor.py:914} INFO - Processing file /home/airflow/.local/lib/python3.12/site-packages/airflow/example_dags/example_dag_decorator.py for tasks to queue
[2024-09-16T16:35:20.511+0000] {logging_mixin.py:190} INFO - [2024-09-16T16:35:20.511+0000] {dagbag.py:587} INFO - Filling up the DagBag from /home/airflow/.local/lib/python3.12/site-packages/airflow/example_dags/example_dag_decorator.py
[2024-09-16T16:35:20.519+0000] {processor.py:925} INFO - DAG(s) 'example_dag_decorator' retrieved from /home/airflow/.local/lib/python3.12/site-packages/airflow/example_dags/example_dag_decorator.py
[2024-09-16T16:35:20.613+0000] {logging_mixin.py:190} INFO - [2024-09-16T16:35:20.612+0000] {dag.py:3229} INFO - Sync 1 DAGs
[2024-09-16T16:35:20.624+0000] {logging_mixin.py:190} INFO - [2024-09-16T16:35:20.624+0000] {dag.py:4156} INFO - Setting next_dagrun for example_dag_decorator to None, run_after=None
[2024-09-16T16:35:20.643+0000] {processor.py:208} INFO - Processing /home/airflow/.local/lib/python3.12/site-packages/airflow/example_dags/example_dag_decorator.py took 0.139 seconds
[2024-09-16T16:35:51.013+0000] {processor.py:186} INFO - Started process (PID=762) to work on /home/airflow/.local/lib/python3.12/site-packages/airflow/example_dags/example_dag_decorator.py
[2024-09-16T16:35:51.014+0000] {processor.py:914} INFO - Processing file /home/airflow/.local/lib/python3.12/site-packages/airflow/example_dags/example_dag_decorator.py for tasks to queue
[2024-09-16T16:35:51.017+0000] {logging_mixin.py:190} INFO - [2024-09-16T16:35:51.016+0000] {dagbag.py:587} INFO - Filling up the DagBag from /home/airflow/.local/lib/python3.12/site-packages/airflow/example_dags/example_dag_decorator.py
[2024-09-16T16:35:51.029+0000] {processor.py:925} INFO - DAG(s) 'example_dag_decorator' retrieved from /home/airflow/.local/lib/python3.12/site-packages/airflow/example_dags/example_dag_decorator.py
[2024-09-16T16:35:51.056+0000] {logging_mixin.py:190} INFO - [2024-09-16T16:35:51.056+0000] {dag.py:3229} INFO - Sync 1 DAGs
[2024-09-16T16:35:51.071+0000] {logging_mixin.py:190} INFO - [2024-09-16T16:35:51.070+0000] {dag.py:4156} INFO - Setting next_dagrun for example_dag_decorator to None, run_after=None
[2024-09-16T16:35:51.091+0000] {processor.py:208} INFO - Processing /home/airflow/.local/lib/python3.12/site-packages/airflow/example_dags/example_dag_decorator.py took 0.083 seconds
[2024-09-16T16:36:21.278+0000] {processor.py:186} INFO - Started process (PID=824) to work on /home/airflow/.local/lib/python3.12/site-packages/airflow/example_dags/example_dag_decorator.py
[2024-09-16T16:36:21.280+0000] {processor.py:914} INFO - Processing file /home/airflow/.local/lib/python3.12/site-packages/airflow/example_dags/example_dag_decorator.py for tasks to queue
[2024-09-16T16:36:21.283+0000] {logging_mixin.py:190} INFO - [2024-09-16T16:36:21.283+0000] {dagbag.py:587} INFO - Filling up the DagBag from /home/airflow/.local/lib/python3.12/site-packages/airflow/example_dags/example_dag_decorator.py
[2024-09-16T16:36:21.299+0000] {processor.py:925} INFO - DAG(s) 'example_dag_decorator' retrieved from /home/airflow/.local/lib/python3.12/site-packages/airflow/example_dags/example_dag_decorator.py
[2024-09-16T16:36:21.336+0000] {logging_mixin.py:190} INFO - [2024-09-16T16:36:21.336+0000] {dag.py:3229} INFO - Sync 1 DAGs
[2024-09-16T16:36:21.360+0000] {logging_mixin.py:190} INFO - [2024-09-16T16:36:21.359+0000] {dag.py:4156} INFO - Setting next_dagrun for example_dag_decorator to None, run_after=None
[2024-09-16T16:36:21.390+0000] {processor.py:208} INFO - Processing /home/airflow/.local/lib/python3.12/site-packages/airflow/example_dags/example_dag_decorator.py took 0.121 seconds
[2024-09-16T16:36:51.662+0000] {processor.py:186} INFO - Started process (PID=886) to work on /home/airflow/.local/lib/python3.12/site-packages/airflow/example_dags/example_dag_decorator.py
[2024-09-16T16:36:51.663+0000] {processor.py:914} INFO - Processing file /home/airflow/.local/lib/python3.12/site-packages/airflow/example_dags/example_dag_decorator.py for tasks to queue
[2024-09-16T16:36:51.665+0000] {logging_mixin.py:190} INFO - [2024-09-16T16:36:51.665+0000] {dagbag.py:587} INFO - Filling up the DagBag from /home/airflow/.local/lib/python3.12/site-packages/airflow/example_dags/example_dag_decorator.py
[2024-09-16T16:36:51.675+0000] {processor.py:925} INFO - DAG(s) 'example_dag_decorator' retrieved from /home/airflow/.local/lib/python3.12/site-packages/airflow/example_dags/example_dag_decorator.py
[2024-09-16T16:36:51.764+0000] {logging_mixin.py:190} INFO - [2024-09-16T16:36:51.764+0000] {dag.py:3229} INFO - Sync 1 DAGs
[2024-09-16T16:36:51.777+0000] {logging_mixin.py:190} INFO - [2024-09-16T16:36:51.777+0000] {dag.py:4156} INFO - Setting next_dagrun for example_dag_decorator to None, run_after=None
[2024-09-16T16:36:51.794+0000] {processor.py:208} INFO - Processing /home/airflow/.local/lib/python3.12/site-packages/airflow/example_dags/example_dag_decorator.py took 0.137 seconds
[2024-09-16T16:37:22.123+0000] {processor.py:186} INFO - Started process (PID=949) to work on /home/airflow/.local/lib/python3.12/site-packages/airflow/example_dags/example_dag_decorator.py
[2024-09-16T16:37:22.124+0000] {processor.py:914} INFO - Processing file /home/airflow/.local/lib/python3.12/site-packages/airflow/example_dags/example_dag_decorator.py for tasks to queue
[2024-09-16T16:37:22.126+0000] {logging_mixin.py:190} INFO - [2024-09-16T16:37:22.125+0000] {dagbag.py:587} INFO - Filling up the DagBag from /home/airflow/.local/lib/python3.12/site-packages/airflow/example_dags/example_dag_decorator.py
[2024-09-16T16:37:22.136+0000] {processor.py:925} INFO - DAG(s) 'example_dag_decorator' retrieved from /home/airflow/.local/lib/python3.12/site-packages/airflow/example_dags/example_dag_decorator.py
[2024-09-16T16:37:22.221+0000] {logging_mixin.py:190} INFO - [2024-09-16T16:37:22.221+0000] {dag.py:3229} INFO - Sync 1 DAGs
[2024-09-16T16:37:22.232+0000] {logging_mixin.py:190} INFO - [2024-09-16T16:37:22.232+0000] {dag.py:4156} INFO - Setting next_dagrun for example_dag_decorator to None, run_after=None
[2024-09-16T16:37:22.253+0000] {processor.py:208} INFO - Processing /home/airflow/.local/lib/python3.12/site-packages/airflow/example_dags/example_dag_decorator.py took 0.136 seconds
