[2024-09-16T16:25:41.277+0000] {processor.py:186} INFO - Started process (PID=85) to work on /home/airflow/.local/lib/python3.12/site-packages/airflow/example_dags/example_task_group.py
[2024-09-16T16:25:41.279+0000] {processor.py:914} INFO - Processing file /home/airflow/.local/lib/python3.12/site-packages/airflow/example_dags/example_task_group.py for tasks to queue
[2024-09-16T16:25:41.283+0000] {logging_mixin.py:190} INFO - [2024-09-16T16:25:41.282+0000] {dagbag.py:587} INFO - Filling up the DagBag from /home/airflow/.local/lib/python3.12/site-packages/airflow/example_dags/example_task_group.py
[2024-09-16T16:25:41.298+0000] {processor.py:925} INFO - DAG(s) 'example_task_group' retrieved from /home/airflow/.local/lib/python3.12/site-packages/airflow/example_dags/example_task_group.py
[2024-09-16T16:25:41.420+0000] {logging_mixin.py:190} INFO - [2024-09-16T16:25:41.419+0000] {override.py:1900} INFO - Created Permission View: can edit on DAG:example_task_group
[2024-09-16T16:25:41.434+0000] {logging_mixin.py:190} INFO - [2024-09-16T16:25:41.434+0000] {override.py:1900} INFO - Created Permission View: can delete on DAG:example_task_group
[2024-09-16T16:25:41.443+0000] {logging_mixin.py:190} INFO - [2024-09-16T16:25:41.443+0000] {override.py:1900} INFO - Created Permission View: can read on DAG:example_task_group
[2024-09-16T16:25:41.452+0000] {logging_mixin.py:190} INFO - [2024-09-16T16:25:41.451+0000] {override.py:1900} INFO - Created Permission View: can delete on DAG Run:example_task_group
[2024-09-16T16:25:41.461+0000] {logging_mixin.py:190} INFO - [2024-09-16T16:25:41.461+0000] {override.py:1900} INFO - Created Permission View: can create on DAG Run:example_task_group
[2024-09-16T16:25:41.469+0000] {logging_mixin.py:190} INFO - [2024-09-16T16:25:41.469+0000] {override.py:1900} INFO - Created Permission View: menu access on DAG Run:example_task_group
[2024-09-16T16:25:41.477+0000] {logging_mixin.py:190} INFO - [2024-09-16T16:25:41.476+0000] {override.py:1900} INFO - Created Permission View: can read on DAG Run:example_task_group
[2024-09-16T16:25:41.478+0000] {logging_mixin.py:190} INFO - [2024-09-16T16:25:41.477+0000] {dag.py:3229} INFO - Sync 1 DAGs
[2024-09-16T16:25:41.493+0000] {logging_mixin.py:190} INFO - [2024-09-16T16:25:41.493+0000] {dag.py:3252} INFO - Creating ORM DAG for example_task_group
[2024-09-16T16:25:41.494+0000] {logging_mixin.py:190} INFO - [2024-09-16T16:25:41.494+0000] {dag.py:4156} INFO - Setting next_dagrun for example_task_group to None, run_after=None
[2024-09-16T16:25:41.512+0000] {processor.py:208} INFO - Processing /home/airflow/.local/lib/python3.12/site-packages/airflow/example_dags/example_task_group.py took 0.245 seconds
[2024-09-16T16:26:11.684+0000] {processor.py:186} INFO - Started process (PID=147) to work on /home/airflow/.local/lib/python3.12/site-packages/airflow/example_dags/example_task_group.py
[2024-09-16T16:26:11.685+0000] {processor.py:914} INFO - Processing file /home/airflow/.local/lib/python3.12/site-packages/airflow/example_dags/example_task_group.py for tasks to queue
[2024-09-16T16:26:11.692+0000] {logging_mixin.py:190} INFO - [2024-09-16T16:26:11.692+0000] {dagbag.py:587} INFO - Filling up the DagBag from /home/airflow/.local/lib/python3.12/site-packages/airflow/example_dags/example_task_group.py
[2024-09-16T16:26:11.715+0000] {processor.py:925} INFO - DAG(s) 'example_task_group' retrieved from /home/airflow/.local/lib/python3.12/site-packages/airflow/example_dags/example_task_group.py
[2024-09-16T16:26:11.763+0000] {logging_mixin.py:190} INFO - [2024-09-16T16:26:11.763+0000] {dag.py:3229} INFO - Sync 1 DAGs
[2024-09-16T16:26:11.778+0000] {logging_mixin.py:190} INFO - [2024-09-16T16:26:11.778+0000] {dag.py:4156} INFO - Setting next_dagrun for example_task_group to None, run_after=None
[2024-09-16T16:26:11.798+0000] {processor.py:208} INFO - Processing /home/airflow/.local/lib/python3.12/site-packages/airflow/example_dags/example_task_group.py took 0.121 seconds
[2024-09-16T16:26:44.546+0000] {processor.py:186} INFO - Started process (PID=209) to work on /home/airflow/.local/lib/python3.12/site-packages/airflow/example_dags/example_task_group.py
[2024-09-16T16:26:44.548+0000] {processor.py:914} INFO - Processing file /home/airflow/.local/lib/python3.12/site-packages/airflow/example_dags/example_task_group.py for tasks to queue
[2024-09-16T16:26:44.564+0000] {logging_mixin.py:190} INFO - [2024-09-16T16:26:44.553+0000] {dagbag.py:587} INFO - Filling up the DagBag from /home/airflow/.local/lib/python3.12/site-packages/airflow/example_dags/example_task_group.py
[2024-09-16T16:26:44.607+0000] {processor.py:925} INFO - DAG(s) 'example_task_group' retrieved from /home/airflow/.local/lib/python3.12/site-packages/airflow/example_dags/example_task_group.py
[2024-09-16T16:26:44.689+0000] {logging_mixin.py:190} INFO - [2024-09-16T16:26:44.688+0000] {dag.py:3229} INFO - Sync 1 DAGs
[2024-09-16T16:26:44.732+0000] {logging_mixin.py:190} INFO - [2024-09-16T16:26:44.731+0000] {dag.py:4156} INFO - Setting next_dagrun for example_task_group to None, run_after=None
[2024-09-16T16:26:44.799+0000] {processor.py:208} INFO - Processing /home/airflow/.local/lib/python3.12/site-packages/airflow/example_dags/example_task_group.py took 0.275 seconds
[2024-09-16T16:27:16.164+0000] {processor.py:186} INFO - Started process (PID=271) to work on /home/airflow/.local/lib/python3.12/site-packages/airflow/example_dags/example_task_group.py
[2024-09-16T16:27:16.166+0000] {processor.py:914} INFO - Processing file /home/airflow/.local/lib/python3.12/site-packages/airflow/example_dags/example_task_group.py for tasks to queue
[2024-09-16T16:27:16.170+0000] {logging_mixin.py:190} INFO - [2024-09-16T16:27:16.169+0000] {dagbag.py:587} INFO - Filling up the DagBag from /home/airflow/.local/lib/python3.12/site-packages/airflow/example_dags/example_task_group.py
[2024-09-16T16:27:16.184+0000] {processor.py:925} INFO - DAG(s) 'example_task_group' retrieved from /home/airflow/.local/lib/python3.12/site-packages/airflow/example_dags/example_task_group.py
[2024-09-16T16:27:16.215+0000] {logging_mixin.py:190} INFO - [2024-09-16T16:27:16.215+0000] {dag.py:3229} INFO - Sync 1 DAGs
[2024-09-16T16:27:16.237+0000] {logging_mixin.py:190} INFO - [2024-09-16T16:27:16.237+0000] {dag.py:4156} INFO - Setting next_dagrun for example_task_group to None, run_after=None
[2024-09-16T16:27:16.262+0000] {processor.py:208} INFO - Processing /home/airflow/.local/lib/python3.12/site-packages/airflow/example_dags/example_task_group.py took 0.107 seconds
[2024-09-16T16:27:49.719+0000] {processor.py:186} INFO - Started process (PID=333) to work on /home/airflow/.local/lib/python3.12/site-packages/airflow/example_dags/example_task_group.py
[2024-09-16T16:27:49.721+0000] {processor.py:914} INFO - Processing file /home/airflow/.local/lib/python3.12/site-packages/airflow/example_dags/example_task_group.py for tasks to queue
[2024-09-16T16:27:49.727+0000] {logging_mixin.py:190} INFO - [2024-09-16T16:27:49.726+0000] {dagbag.py:587} INFO - Filling up the DagBag from /home/airflow/.local/lib/python3.12/site-packages/airflow/example_dags/example_task_group.py
[2024-09-16T16:27:49.760+0000] {processor.py:925} INFO - DAG(s) 'example_task_group' retrieved from /home/airflow/.local/lib/python3.12/site-packages/airflow/example_dags/example_task_group.py
[2024-09-16T16:27:49.829+0000] {logging_mixin.py:190} INFO - [2024-09-16T16:27:49.829+0000] {dag.py:3229} INFO - Sync 1 DAGs
[2024-09-16T16:27:49.878+0000] {logging_mixin.py:190} INFO - [2024-09-16T16:27:49.878+0000] {dag.py:4156} INFO - Setting next_dagrun for example_task_group to None, run_after=None
[2024-09-16T16:27:49.937+0000] {processor.py:208} INFO - Processing /home/airflow/.local/lib/python3.12/site-packages/airflow/example_dags/example_task_group.py took 0.241 seconds
[2024-09-16T16:28:20.648+0000] {processor.py:186} INFO - Started process (PID=395) to work on /home/airflow/.local/lib/python3.12/site-packages/airflow/example_dags/example_task_group.py
[2024-09-16T16:28:20.651+0000] {processor.py:914} INFO - Processing file /home/airflow/.local/lib/python3.12/site-packages/airflow/example_dags/example_task_group.py for tasks to queue
[2024-09-16T16:28:20.659+0000] {logging_mixin.py:190} INFO - [2024-09-16T16:28:20.657+0000] {dagbag.py:587} INFO - Filling up the DagBag from /home/airflow/.local/lib/python3.12/site-packages/airflow/example_dags/example_task_group.py
[2024-09-16T16:28:20.677+0000] {processor.py:925} INFO - DAG(s) 'example_task_group' retrieved from /home/airflow/.local/lib/python3.12/site-packages/airflow/example_dags/example_task_group.py
[2024-09-16T16:28:20.722+0000] {logging_mixin.py:190} INFO - [2024-09-16T16:28:20.721+0000] {dag.py:3229} INFO - Sync 1 DAGs
[2024-09-16T16:28:20.757+0000] {logging_mixin.py:190} INFO - [2024-09-16T16:28:20.756+0000] {dag.py:4156} INFO - Setting next_dagrun for example_task_group to None, run_after=None
[2024-09-16T16:28:20.800+0000] {processor.py:208} INFO - Processing /home/airflow/.local/lib/python3.12/site-packages/airflow/example_dags/example_task_group.py took 0.164 seconds
[2024-09-16T16:30:15.266+0000] {processor.py:186} INFO - Started process (PID=82) to work on /home/airflow/.local/lib/python3.12/site-packages/airflow/example_dags/example_task_group.py
[2024-09-16T16:30:15.267+0000] {processor.py:914} INFO - Processing file /home/airflow/.local/lib/python3.12/site-packages/airflow/example_dags/example_task_group.py for tasks to queue
[2024-09-16T16:30:15.270+0000] {logging_mixin.py:190} INFO - [2024-09-16T16:30:15.270+0000] {dagbag.py:587} INFO - Filling up the DagBag from /home/airflow/.local/lib/python3.12/site-packages/airflow/example_dags/example_task_group.py
[2024-09-16T16:30:15.284+0000] {processor.py:925} INFO - DAG(s) 'example_task_group' retrieved from /home/airflow/.local/lib/python3.12/site-packages/airflow/example_dags/example_task_group.py
[2024-09-16T16:30:15.330+0000] {logging_mixin.py:190} INFO - [2024-09-16T16:30:15.329+0000] {dag.py:3229} INFO - Sync 1 DAGs
[2024-09-16T16:30:15.398+0000] {logging_mixin.py:190} INFO - [2024-09-16T16:30:15.398+0000] {dag.py:4156} INFO - Setting next_dagrun for example_task_group to None, run_after=None
[2024-09-16T16:30:15.438+0000] {processor.py:208} INFO - Processing /home/airflow/.local/lib/python3.12/site-packages/airflow/example_dags/example_task_group.py took 0.179 seconds
[2024-09-16T16:30:45.962+0000] {processor.py:186} INFO - Started process (PID=144) to work on /home/airflow/.local/lib/python3.12/site-packages/airflow/example_dags/example_task_group.py
[2024-09-16T16:30:45.962+0000] {processor.py:914} INFO - Processing file /home/airflow/.local/lib/python3.12/site-packages/airflow/example_dags/example_task_group.py for tasks to queue
[2024-09-16T16:30:45.964+0000] {logging_mixin.py:190} INFO - [2024-09-16T16:30:45.964+0000] {dagbag.py:587} INFO - Filling up the DagBag from /home/airflow/.local/lib/python3.12/site-packages/airflow/example_dags/example_task_group.py
[2024-09-16T16:30:45.971+0000] {processor.py:925} INFO - DAG(s) 'example_task_group' retrieved from /home/airflow/.local/lib/python3.12/site-packages/airflow/example_dags/example_task_group.py
[2024-09-16T16:30:45.987+0000] {logging_mixin.py:190} INFO - [2024-09-16T16:30:45.987+0000] {dag.py:3229} INFO - Sync 1 DAGs
[2024-09-16T16:30:45.997+0000] {logging_mixin.py:190} INFO - [2024-09-16T16:30:45.997+0000] {dag.py:4156} INFO - Setting next_dagrun for example_task_group to None, run_after=None
[2024-09-16T16:30:46.014+0000] {processor.py:208} INFO - Processing /home/airflow/.local/lib/python3.12/site-packages/airflow/example_dags/example_task_group.py took 0.057 seconds
[2024-09-16T16:31:16.702+0000] {processor.py:186} INFO - Started process (PID=206) to work on /home/airflow/.local/lib/python3.12/site-packages/airflow/example_dags/example_task_group.py
[2024-09-16T16:31:16.703+0000] {processor.py:914} INFO - Processing file /home/airflow/.local/lib/python3.12/site-packages/airflow/example_dags/example_task_group.py for tasks to queue
[2024-09-16T16:31:16.705+0000] {logging_mixin.py:190} INFO - [2024-09-16T16:31:16.705+0000] {dagbag.py:587} INFO - Filling up the DagBag from /home/airflow/.local/lib/python3.12/site-packages/airflow/example_dags/example_task_group.py
[2024-09-16T16:31:16.711+0000] {processor.py:925} INFO - DAG(s) 'example_task_group' retrieved from /home/airflow/.local/lib/python3.12/site-packages/airflow/example_dags/example_task_group.py
[2024-09-16T16:31:16.732+0000] {logging_mixin.py:190} INFO - [2024-09-16T16:31:16.732+0000] {dag.py:3229} INFO - Sync 1 DAGs
[2024-09-16T16:31:16.744+0000] {logging_mixin.py:190} INFO - [2024-09-16T16:31:16.744+0000] {dag.py:4156} INFO - Setting next_dagrun for example_task_group to None, run_after=None
[2024-09-16T16:31:16.762+0000] {processor.py:208} INFO - Processing /home/airflow/.local/lib/python3.12/site-packages/airflow/example_dags/example_task_group.py took 0.064 seconds
[2024-09-16T16:31:47.171+0000] {processor.py:186} INFO - Started process (PID=268) to work on /home/airflow/.local/lib/python3.12/site-packages/airflow/example_dags/example_task_group.py
[2024-09-16T16:31:47.172+0000] {processor.py:914} INFO - Processing file /home/airflow/.local/lib/python3.12/site-packages/airflow/example_dags/example_task_group.py for tasks to queue
[2024-09-16T16:31:47.175+0000] {logging_mixin.py:190} INFO - [2024-09-16T16:31:47.174+0000] {dagbag.py:587} INFO - Filling up the DagBag from /home/airflow/.local/lib/python3.12/site-packages/airflow/example_dags/example_task_group.py
[2024-09-16T16:31:47.182+0000] {processor.py:925} INFO - DAG(s) 'example_task_group' retrieved from /home/airflow/.local/lib/python3.12/site-packages/airflow/example_dags/example_task_group.py
[2024-09-16T16:31:47.204+0000] {logging_mixin.py:190} INFO - [2024-09-16T16:31:47.204+0000] {dag.py:3229} INFO - Sync 1 DAGs
[2024-09-16T16:31:47.215+0000] {logging_mixin.py:190} INFO - [2024-09-16T16:31:47.215+0000] {dag.py:4156} INFO - Setting next_dagrun for example_task_group to None, run_after=None
[2024-09-16T16:31:47.233+0000] {processor.py:208} INFO - Processing /home/airflow/.local/lib/python3.12/site-packages/airflow/example_dags/example_task_group.py took 0.068 seconds
[2024-09-16T16:32:17.592+0000] {processor.py:186} INFO - Started process (PID=330) to work on /home/airflow/.local/lib/python3.12/site-packages/airflow/example_dags/example_task_group.py
[2024-09-16T16:32:17.594+0000] {processor.py:914} INFO - Processing file /home/airflow/.local/lib/python3.12/site-packages/airflow/example_dags/example_task_group.py for tasks to queue
[2024-09-16T16:32:17.596+0000] {logging_mixin.py:190} INFO - [2024-09-16T16:32:17.596+0000] {dagbag.py:587} INFO - Filling up the DagBag from /home/airflow/.local/lib/python3.12/site-packages/airflow/example_dags/example_task_group.py
[2024-09-16T16:32:17.603+0000] {processor.py:925} INFO - DAG(s) 'example_task_group' retrieved from /home/airflow/.local/lib/python3.12/site-packages/airflow/example_dags/example_task_group.py
[2024-09-16T16:32:17.623+0000] {logging_mixin.py:190} INFO - [2024-09-16T16:32:17.622+0000] {dag.py:3229} INFO - Sync 1 DAGs
[2024-09-16T16:32:17.635+0000] {logging_mixin.py:190} INFO - [2024-09-16T16:32:17.635+0000] {dag.py:4156} INFO - Setting next_dagrun for example_task_group to None, run_after=None
[2024-09-16T16:32:17.652+0000] {processor.py:208} INFO - Processing /home/airflow/.local/lib/python3.12/site-packages/airflow/example_dags/example_task_group.py took 0.065 seconds
[2024-09-16T16:32:48.192+0000] {processor.py:186} INFO - Started process (PID=392) to work on /home/airflow/.local/lib/python3.12/site-packages/airflow/example_dags/example_task_group.py
[2024-09-16T16:32:48.193+0000] {processor.py:914} INFO - Processing file /home/airflow/.local/lib/python3.12/site-packages/airflow/example_dags/example_task_group.py for tasks to queue
[2024-09-16T16:32:48.195+0000] {logging_mixin.py:190} INFO - [2024-09-16T16:32:48.195+0000] {dagbag.py:587} INFO - Filling up the DagBag from /home/airflow/.local/lib/python3.12/site-packages/airflow/example_dags/example_task_group.py
[2024-09-16T16:32:48.203+0000] {processor.py:925} INFO - DAG(s) 'example_task_group' retrieved from /home/airflow/.local/lib/python3.12/site-packages/airflow/example_dags/example_task_group.py
[2024-09-16T16:32:48.225+0000] {logging_mixin.py:190} INFO - [2024-09-16T16:32:48.225+0000] {dag.py:3229} INFO - Sync 1 DAGs
[2024-09-16T16:32:48.241+0000] {logging_mixin.py:190} INFO - [2024-09-16T16:32:48.240+0000] {dag.py:4156} INFO - Setting next_dagrun for example_task_group to None, run_after=None
[2024-09-16T16:32:48.261+0000] {processor.py:208} INFO - Processing /home/airflow/.local/lib/python3.12/site-packages/airflow/example_dags/example_task_group.py took 0.076 seconds
[2024-09-16T16:33:18.655+0000] {processor.py:186} INFO - Started process (PID=454) to work on /home/airflow/.local/lib/python3.12/site-packages/airflow/example_dags/example_task_group.py
[2024-09-16T16:33:18.656+0000] {processor.py:914} INFO - Processing file /home/airflow/.local/lib/python3.12/site-packages/airflow/example_dags/example_task_group.py for tasks to queue
[2024-09-16T16:33:18.658+0000] {logging_mixin.py:190} INFO - [2024-09-16T16:33:18.658+0000] {dagbag.py:587} INFO - Filling up the DagBag from /home/airflow/.local/lib/python3.12/site-packages/airflow/example_dags/example_task_group.py
[2024-09-16T16:33:18.665+0000] {processor.py:925} INFO - DAG(s) 'example_task_group' retrieved from /home/airflow/.local/lib/python3.12/site-packages/airflow/example_dags/example_task_group.py
[2024-09-16T16:33:18.682+0000] {logging_mixin.py:190} INFO - [2024-09-16T16:33:18.682+0000] {dag.py:3229} INFO - Sync 1 DAGs
[2024-09-16T16:33:18.693+0000] {logging_mixin.py:190} INFO - [2024-09-16T16:33:18.693+0000] {dag.py:4156} INFO - Setting next_dagrun for example_task_group to None, run_after=None
[2024-09-16T16:33:18.709+0000] {processor.py:208} INFO - Processing /home/airflow/.local/lib/python3.12/site-packages/airflow/example_dags/example_task_group.py took 0.059 seconds
[2024-09-16T16:33:48.964+0000] {processor.py:186} INFO - Started process (PID=516) to work on /home/airflow/.local/lib/python3.12/site-packages/airflow/example_dags/example_task_group.py
[2024-09-16T16:33:48.965+0000] {processor.py:914} INFO - Processing file /home/airflow/.local/lib/python3.12/site-packages/airflow/example_dags/example_task_group.py for tasks to queue
[2024-09-16T16:33:48.967+0000] {logging_mixin.py:190} INFO - [2024-09-16T16:33:48.967+0000] {dagbag.py:587} INFO - Filling up the DagBag from /home/airflow/.local/lib/python3.12/site-packages/airflow/example_dags/example_task_group.py
[2024-09-16T16:33:48.975+0000] {processor.py:925} INFO - DAG(s) 'example_task_group' retrieved from /home/airflow/.local/lib/python3.12/site-packages/airflow/example_dags/example_task_group.py
[2024-09-16T16:33:48.995+0000] {logging_mixin.py:190} INFO - [2024-09-16T16:33:48.995+0000] {dag.py:3229} INFO - Sync 1 DAGs
[2024-09-16T16:33:49.008+0000] {logging_mixin.py:190} INFO - [2024-09-16T16:33:49.007+0000] {dag.py:4156} INFO - Setting next_dagrun for example_task_group to None, run_after=None
[2024-09-16T16:33:49.029+0000] {processor.py:208} INFO - Processing /home/airflow/.local/lib/python3.12/site-packages/airflow/example_dags/example_task_group.py took 0.070 seconds
[2024-09-16T16:34:19.554+0000] {processor.py:186} INFO - Started process (PID=578) to work on /home/airflow/.local/lib/python3.12/site-packages/airflow/example_dags/example_task_group.py
[2024-09-16T16:34:19.555+0000] {processor.py:914} INFO - Processing file /home/airflow/.local/lib/python3.12/site-packages/airflow/example_dags/example_task_group.py for tasks to queue
[2024-09-16T16:34:19.557+0000] {logging_mixin.py:190} INFO - [2024-09-16T16:34:19.557+0000] {dagbag.py:587} INFO - Filling up the DagBag from /home/airflow/.local/lib/python3.12/site-packages/airflow/example_dags/example_task_group.py
[2024-09-16T16:34:19.565+0000] {processor.py:925} INFO - DAG(s) 'example_task_group' retrieved from /home/airflow/.local/lib/python3.12/site-packages/airflow/example_dags/example_task_group.py
[2024-09-16T16:34:19.583+0000] {logging_mixin.py:190} INFO - [2024-09-16T16:34:19.582+0000] {dag.py:3229} INFO - Sync 1 DAGs
[2024-09-16T16:34:19.593+0000] {logging_mixin.py:190} INFO - [2024-09-16T16:34:19.593+0000] {dag.py:4156} INFO - Setting next_dagrun for example_task_group to None, run_after=None
[2024-09-16T16:34:19.609+0000] {processor.py:208} INFO - Processing /home/airflow/.local/lib/python3.12/site-packages/airflow/example_dags/example_task_group.py took 0.059 seconds
[2024-09-16T16:34:50.119+0000] {processor.py:186} INFO - Started process (PID=640) to work on /home/airflow/.local/lib/python3.12/site-packages/airflow/example_dags/example_task_group.py
[2024-09-16T16:34:50.120+0000] {processor.py:914} INFO - Processing file /home/airflow/.local/lib/python3.12/site-packages/airflow/example_dags/example_task_group.py for tasks to queue
[2024-09-16T16:34:50.122+0000] {logging_mixin.py:190} INFO - [2024-09-16T16:34:50.121+0000] {dagbag.py:587} INFO - Filling up the DagBag from /home/airflow/.local/lib/python3.12/site-packages/airflow/example_dags/example_task_group.py
[2024-09-16T16:34:50.128+0000] {processor.py:925} INFO - DAG(s) 'example_task_group' retrieved from /home/airflow/.local/lib/python3.12/site-packages/airflow/example_dags/example_task_group.py
[2024-09-16T16:34:50.149+0000] {logging_mixin.py:190} INFO - [2024-09-16T16:34:50.148+0000] {dag.py:3229} INFO - Sync 1 DAGs
[2024-09-16T16:34:50.160+0000] {logging_mixin.py:190} INFO - [2024-09-16T16:34:50.160+0000] {dag.py:4156} INFO - Setting next_dagrun for example_task_group to None, run_after=None
[2024-09-16T16:34:50.182+0000] {processor.py:208} INFO - Processing /home/airflow/.local/lib/python3.12/site-packages/airflow/example_dags/example_task_group.py took 0.068 seconds
[2024-09-16T16:35:20.696+0000] {processor.py:186} INFO - Started process (PID=703) to work on /home/airflow/.local/lib/python3.12/site-packages/airflow/example_dags/example_task_group.py
[2024-09-16T16:35:20.697+0000] {processor.py:914} INFO - Processing file /home/airflow/.local/lib/python3.12/site-packages/airflow/example_dags/example_task_group.py for tasks to queue
[2024-09-16T16:35:20.699+0000] {logging_mixin.py:190} INFO - [2024-09-16T16:35:20.699+0000] {dagbag.py:587} INFO - Filling up the DagBag from /home/airflow/.local/lib/python3.12/site-packages/airflow/example_dags/example_task_group.py
[2024-09-16T16:35:20.706+0000] {processor.py:925} INFO - DAG(s) 'example_task_group' retrieved from /home/airflow/.local/lib/python3.12/site-packages/airflow/example_dags/example_task_group.py
[2024-09-16T16:35:20.729+0000] {logging_mixin.py:190} INFO - [2024-09-16T16:35:20.729+0000] {dag.py:3229} INFO - Sync 1 DAGs
[2024-09-16T16:35:20.742+0000] {logging_mixin.py:190} INFO - [2024-09-16T16:35:20.742+0000] {dag.py:4156} INFO - Setting next_dagrun for example_task_group to None, run_after=None
[2024-09-16T16:35:20.760+0000] {processor.py:208} INFO - Processing /home/airflow/.local/lib/python3.12/site-packages/airflow/example_dags/example_task_group.py took 0.069 seconds
[2024-09-16T16:35:51.238+0000] {processor.py:186} INFO - Started process (PID=765) to work on /home/airflow/.local/lib/python3.12/site-packages/airflow/example_dags/example_task_group.py
[2024-09-16T16:35:51.239+0000] {processor.py:914} INFO - Processing file /home/airflow/.local/lib/python3.12/site-packages/airflow/example_dags/example_task_group.py for tasks to queue
[2024-09-16T16:35:51.242+0000] {logging_mixin.py:190} INFO - [2024-09-16T16:35:51.242+0000] {dagbag.py:587} INFO - Filling up the DagBag from /home/airflow/.local/lib/python3.12/site-packages/airflow/example_dags/example_task_group.py
[2024-09-16T16:35:51.251+0000] {processor.py:925} INFO - DAG(s) 'example_task_group' retrieved from /home/airflow/.local/lib/python3.12/site-packages/airflow/example_dags/example_task_group.py
[2024-09-16T16:35:51.274+0000] {logging_mixin.py:190} INFO - [2024-09-16T16:35:51.274+0000] {dag.py:3229} INFO - Sync 1 DAGs
[2024-09-16T16:35:51.290+0000] {logging_mixin.py:190} INFO - [2024-09-16T16:35:51.290+0000] {dag.py:4156} INFO - Setting next_dagrun for example_task_group to None, run_after=None
[2024-09-16T16:35:51.310+0000] {processor.py:208} INFO - Processing /home/airflow/.local/lib/python3.12/site-packages/airflow/example_dags/example_task_group.py took 0.078 seconds
[2024-09-16T16:36:21.584+0000] {processor.py:186} INFO - Started process (PID=827) to work on /home/airflow/.local/lib/python3.12/site-packages/airflow/example_dags/example_task_group.py
[2024-09-16T16:36:21.585+0000] {processor.py:914} INFO - Processing file /home/airflow/.local/lib/python3.12/site-packages/airflow/example_dags/example_task_group.py for tasks to queue
[2024-09-16T16:36:21.588+0000] {logging_mixin.py:190} INFO - [2024-09-16T16:36:21.588+0000] {dagbag.py:587} INFO - Filling up the DagBag from /home/airflow/.local/lib/python3.12/site-packages/airflow/example_dags/example_task_group.py
[2024-09-16T16:36:21.600+0000] {processor.py:925} INFO - DAG(s) 'example_task_group' retrieved from /home/airflow/.local/lib/python3.12/site-packages/airflow/example_dags/example_task_group.py
[2024-09-16T16:36:21.634+0000] {logging_mixin.py:190} INFO - [2024-09-16T16:36:21.633+0000] {dag.py:3229} INFO - Sync 1 DAGs
[2024-09-16T16:36:21.655+0000] {logging_mixin.py:190} INFO - [2024-09-16T16:36:21.655+0000] {dag.py:4156} INFO - Setting next_dagrun for example_task_group to None, run_after=None
[2024-09-16T16:36:21.681+0000] {processor.py:208} INFO - Processing /home/airflow/.local/lib/python3.12/site-packages/airflow/example_dags/example_task_group.py took 0.105 seconds
[2024-09-16T16:36:51.828+0000] {processor.py:186} INFO - Started process (PID=889) to work on /home/airflow/.local/lib/python3.12/site-packages/airflow/example_dags/example_task_group.py
[2024-09-16T16:36:51.828+0000] {processor.py:914} INFO - Processing file /home/airflow/.local/lib/python3.12/site-packages/airflow/example_dags/example_task_group.py for tasks to queue
[2024-09-16T16:36:51.831+0000] {logging_mixin.py:190} INFO - [2024-09-16T16:36:51.830+0000] {dagbag.py:587} INFO - Filling up the DagBag from /home/airflow/.local/lib/python3.12/site-packages/airflow/example_dags/example_task_group.py
[2024-09-16T16:36:51.838+0000] {processor.py:925} INFO - DAG(s) 'example_task_group' retrieved from /home/airflow/.local/lib/python3.12/site-packages/airflow/example_dags/example_task_group.py
[2024-09-16T16:36:51.857+0000] {logging_mixin.py:190} INFO - [2024-09-16T16:36:51.857+0000] {dag.py:3229} INFO - Sync 1 DAGs
[2024-09-16T16:36:51.869+0000] {logging_mixin.py:190} INFO - [2024-09-16T16:36:51.869+0000] {dag.py:4156} INFO - Setting next_dagrun for example_task_group to None, run_after=None
[2024-09-16T16:36:51.889+0000] {processor.py:208} INFO - Processing /home/airflow/.local/lib/python3.12/site-packages/airflow/example_dags/example_task_group.py took 0.065 seconds
[2024-09-16T16:37:22.255+0000] {processor.py:186} INFO - Started process (PID=951) to work on /home/airflow/.local/lib/python3.12/site-packages/airflow/example_dags/example_task_group.py
[2024-09-16T16:37:22.256+0000] {processor.py:914} INFO - Processing file /home/airflow/.local/lib/python3.12/site-packages/airflow/example_dags/example_task_group.py for tasks to queue
[2024-09-16T16:37:22.258+0000] {logging_mixin.py:190} INFO - [2024-09-16T16:37:22.258+0000] {dagbag.py:587} INFO - Filling up the DagBag from /home/airflow/.local/lib/python3.12/site-packages/airflow/example_dags/example_task_group.py
[2024-09-16T16:37:22.265+0000] {processor.py:925} INFO - DAG(s) 'example_task_group' retrieved from /home/airflow/.local/lib/python3.12/site-packages/airflow/example_dags/example_task_group.py
[2024-09-16T16:37:22.286+0000] {logging_mixin.py:190} INFO - [2024-09-16T16:37:22.286+0000] {dag.py:3229} INFO - Sync 1 DAGs
[2024-09-16T16:37:22.298+0000] {logging_mixin.py:190} INFO - [2024-09-16T16:37:22.298+0000] {dag.py:4156} INFO - Setting next_dagrun for example_task_group to None, run_after=None
[2024-09-16T16:37:22.315+0000] {processor.py:208} INFO - Processing /home/airflow/.local/lib/python3.12/site-packages/airflow/example_dags/example_task_group.py took 0.065 seconds
