[2024-09-16T16:25:39.029+0000] {processor.py:186} INFO - Started process (PID=75) to work on /home/airflow/.local/lib/python3.12/site-packages/airflow/example_dags/example_inlet_event_extra.py
[2024-09-16T16:25:39.030+0000] {processor.py:914} INFO - Processing file /home/airflow/.local/lib/python3.12/site-packages/airflow/example_dags/example_inlet_event_extra.py for tasks to queue
[2024-09-16T16:25:39.033+0000] {logging_mixin.py:190} INFO - [2024-09-16T16:25:39.032+0000] {dagbag.py:587} INFO - Filling up the DagBag from /home/airflow/.local/lib/python3.12/site-packages/airflow/example_dags/example_inlet_event_extra.py
[2024-09-16T16:25:39.224+0000] {processor.py:925} INFO - DAG(s) 'read_dataset_event', 'read_dataset_event_from_classic' retrieved from /home/airflow/.local/lib/python3.12/site-packages/airflow/example_dags/example_inlet_event_extra.py
[2024-09-16T16:25:39.356+0000] {logging_mixin.py:190} INFO - [2024-09-16T16:25:39.355+0000] {override.py:1900} INFO - Created Permission View: can edit on DAG:read_dataset_event
[2024-09-16T16:25:39.367+0000] {logging_mixin.py:190} INFO - [2024-09-16T16:25:39.366+0000] {override.py:1900} INFO - Created Permission View: can delete on DAG:read_dataset_event
[2024-09-16T16:25:39.373+0000] {logging_mixin.py:190} INFO - [2024-09-16T16:25:39.373+0000] {override.py:1900} INFO - Created Permission View: can read on DAG:read_dataset_event
[2024-09-16T16:25:39.382+0000] {logging_mixin.py:190} INFO - [2024-09-16T16:25:39.381+0000] {override.py:1900} INFO - Created Permission View: can delete on DAG Run:read_dataset_event
[2024-09-16T16:25:39.388+0000] {logging_mixin.py:190} INFO - [2024-09-16T16:25:39.388+0000] {override.py:1900} INFO - Created Permission View: can create on DAG Run:read_dataset_event
[2024-09-16T16:25:39.396+0000] {logging_mixin.py:190} INFO - [2024-09-16T16:25:39.396+0000] {override.py:1900} INFO - Created Permission View: menu access on DAG Run:read_dataset_event
[2024-09-16T16:25:39.405+0000] {logging_mixin.py:190} INFO - [2024-09-16T16:25:39.405+0000] {override.py:1900} INFO - Created Permission View: can read on DAG Run:read_dataset_event
[2024-09-16T16:25:39.418+0000] {logging_mixin.py:190} INFO - [2024-09-16T16:25:39.418+0000] {override.py:1900} INFO - Created Permission View: can edit on DAG:read_dataset_event_from_classic
[2024-09-16T16:25:39.425+0000] {logging_mixin.py:190} INFO - [2024-09-16T16:25:39.425+0000] {override.py:1900} INFO - Created Permission View: can delete on DAG:read_dataset_event_from_classic
[2024-09-16T16:25:39.431+0000] {logging_mixin.py:190} INFO - [2024-09-16T16:25:39.431+0000] {override.py:1900} INFO - Created Permission View: can read on DAG:read_dataset_event_from_classic
[2024-09-16T16:25:39.440+0000] {logging_mixin.py:190} INFO - [2024-09-16T16:25:39.439+0000] {override.py:1900} INFO - Created Permission View: can delete on DAG Run:read_dataset_event_from_classic
[2024-09-16T16:25:39.448+0000] {logging_mixin.py:190} INFO - [2024-09-16T16:25:39.448+0000] {override.py:1900} INFO - Created Permission View: can create on DAG Run:read_dataset_event_from_classic
[2024-09-16T16:25:39.456+0000] {logging_mixin.py:190} INFO - [2024-09-16T16:25:39.456+0000] {override.py:1900} INFO - Created Permission View: menu access on DAG Run:read_dataset_event_from_classic
[2024-09-16T16:25:39.465+0000] {logging_mixin.py:190} INFO - [2024-09-16T16:25:39.465+0000] {override.py:1900} INFO - Created Permission View: can read on DAG Run:read_dataset_event_from_classic
[2024-09-16T16:25:39.466+0000] {logging_mixin.py:190} INFO - [2024-09-16T16:25:39.466+0000] {dag.py:3229} INFO - Sync 2 DAGs
[2024-09-16T16:25:39.485+0000] {logging_mixin.py:190} INFO - [2024-09-16T16:25:39.485+0000] {dag.py:3252} INFO - Creating ORM DAG for read_dataset_event
[2024-09-16T16:25:39.487+0000] {logging_mixin.py:190} INFO - [2024-09-16T16:25:39.486+0000] {dag.py:3252} INFO - Creating ORM DAG for read_dataset_event_from_classic
[2024-09-16T16:25:39.504+0000] {logging_mixin.py:190} INFO - [2024-09-16T16:25:39.504+0000] {dag.py:4156} INFO - Setting next_dagrun for read_dataset_event to 2024-09-15 00:00:00+00:00, run_after=2024-09-16 00:00:00+00:00
[2024-09-16T16:25:39.507+0000] {logging_mixin.py:190} INFO - [2024-09-16T16:25:39.507+0000] {dag.py:4156} INFO - Setting next_dagrun for read_dataset_event_from_classic to 2024-09-15 00:00:00+00:00, run_after=2024-09-16 00:00:00+00:00
[2024-09-16T16:25:39.536+0000] {processor.py:208} INFO - Processing /home/airflow/.local/lib/python3.12/site-packages/airflow/example_dags/example_inlet_event_extra.py took 0.515 seconds
[2024-09-16T16:26:10.303+0000] {processor.py:186} INFO - Started process (PID=137) to work on /home/airflow/.local/lib/python3.12/site-packages/airflow/example_dags/example_inlet_event_extra.py
[2024-09-16T16:26:10.305+0000] {processor.py:914} INFO - Processing file /home/airflow/.local/lib/python3.12/site-packages/airflow/example_dags/example_inlet_event_extra.py for tasks to queue
[2024-09-16T16:26:10.310+0000] {logging_mixin.py:190} INFO - [2024-09-16T16:26:10.309+0000] {dagbag.py:587} INFO - Filling up the DagBag from /home/airflow/.local/lib/python3.12/site-packages/airflow/example_dags/example_inlet_event_extra.py
[2024-09-16T16:26:10.690+0000] {processor.py:925} INFO - DAG(s) 'read_dataset_event_from_classic', 'read_dataset_event' retrieved from /home/airflow/.local/lib/python3.12/site-packages/airflow/example_dags/example_inlet_event_extra.py
[2024-09-16T16:26:10.790+0000] {logging_mixin.py:190} INFO - [2024-09-16T16:26:10.789+0000] {dag.py:3229} INFO - Sync 2 DAGs
[2024-09-16T16:26:10.874+0000] {logging_mixin.py:190} INFO - [2024-09-16T16:26:10.873+0000] {dag.py:4156} INFO - Setting next_dagrun for read_dataset_event to 2024-09-15 00:00:00+00:00, run_after=2024-09-16 00:00:00+00:00
[2024-09-16T16:26:10.882+0000] {logging_mixin.py:190} INFO - [2024-09-16T16:26:10.882+0000] {dag.py:4156} INFO - Setting next_dagrun for read_dataset_event_from_classic to 2024-09-15 00:00:00+00:00, run_after=2024-09-16 00:00:00+00:00
[2024-09-16T16:26:10.906+0000] {processor.py:208} INFO - Processing /home/airflow/.local/lib/python3.12/site-packages/airflow/example_dags/example_inlet_event_extra.py took 0.624 seconds
[2024-09-16T16:26:41.808+0000] {processor.py:186} INFO - Started process (PID=199) to work on /home/airflow/.local/lib/python3.12/site-packages/airflow/example_dags/example_inlet_event_extra.py
[2024-09-16T16:26:41.811+0000] {processor.py:914} INFO - Processing file /home/airflow/.local/lib/python3.12/site-packages/airflow/example_dags/example_inlet_event_extra.py for tasks to queue
[2024-09-16T16:26:41.821+0000] {logging_mixin.py:190} INFO - [2024-09-16T16:26:41.821+0000] {dagbag.py:587} INFO - Filling up the DagBag from /home/airflow/.local/lib/python3.12/site-packages/airflow/example_dags/example_inlet_event_extra.py
[2024-09-16T16:26:42.300+0000] {processor.py:925} INFO - DAG(s) 'read_dataset_event', 'read_dataset_event_from_classic' retrieved from /home/airflow/.local/lib/python3.12/site-packages/airflow/example_dags/example_inlet_event_extra.py
[2024-09-16T16:26:42.376+0000] {logging_mixin.py:190} INFO - [2024-09-16T16:26:42.376+0000] {dag.py:3229} INFO - Sync 2 DAGs
[2024-09-16T16:26:42.472+0000] {logging_mixin.py:190} INFO - [2024-09-16T16:26:42.471+0000] {dag.py:4156} INFO - Setting next_dagrun for read_dataset_event to 2024-09-15 00:00:00+00:00, run_after=2024-09-16 00:00:00+00:00
[2024-09-16T16:26:42.496+0000] {logging_mixin.py:190} INFO - [2024-09-16T16:26:42.496+0000] {dag.py:4156} INFO - Setting next_dagrun for read_dataset_event_from_classic to 2024-09-15 00:00:00+00:00, run_after=2024-09-16 00:00:00+00:00
[2024-09-16T16:26:42.552+0000] {processor.py:208} INFO - Processing /home/airflow/.local/lib/python3.12/site-packages/airflow/example_dags/example_inlet_event_extra.py took 0.754 seconds
[2024-09-16T16:27:12.943+0000] {processor.py:186} INFO - Started process (PID=260) to work on /home/airflow/.local/lib/python3.12/site-packages/airflow/example_dags/example_inlet_event_extra.py
[2024-09-16T16:27:12.967+0000] {processor.py:914} INFO - Processing file /home/airflow/.local/lib/python3.12/site-packages/airflow/example_dags/example_inlet_event_extra.py for tasks to queue
[2024-09-16T16:27:12.978+0000] {logging_mixin.py:190} INFO - [2024-09-16T16:27:12.972+0000] {dagbag.py:587} INFO - Filling up the DagBag from /home/airflow/.local/lib/python3.12/site-packages/airflow/example_dags/example_inlet_event_extra.py
[2024-09-16T16:27:14.704+0000] {processor.py:925} INFO - DAG(s) 'read_dataset_event', 'read_dataset_event_from_classic' retrieved from /home/airflow/.local/lib/python3.12/site-packages/airflow/example_dags/example_inlet_event_extra.py
[2024-09-16T16:27:14.800+0000] {logging_mixin.py:190} INFO - [2024-09-16T16:27:14.799+0000] {dag.py:3229} INFO - Sync 2 DAGs
[2024-09-16T16:27:14.903+0000] {logging_mixin.py:190} INFO - [2024-09-16T16:27:14.902+0000] {dag.py:4156} INFO - Setting next_dagrun for read_dataset_event to 2024-09-15 00:00:00+00:00, run_after=2024-09-16 00:00:00+00:00
[2024-09-16T16:27:14.920+0000] {logging_mixin.py:190} INFO - [2024-09-16T16:27:14.920+0000] {dag.py:4156} INFO - Setting next_dagrun for read_dataset_event_from_classic to 2024-09-15 00:00:00+00:00, run_after=2024-09-16 00:00:00+00:00
[2024-09-16T16:27:14.965+0000] {processor.py:208} INFO - Processing /home/airflow/.local/lib/python3.12/site-packages/airflow/example_dags/example_inlet_event_extra.py took 2.058 seconds
[2024-09-16T16:27:45.979+0000] {processor.py:186} INFO - Started process (PID=323) to work on /home/airflow/.local/lib/python3.12/site-packages/airflow/example_dags/example_inlet_event_extra.py
[2024-09-16T16:27:45.991+0000] {processor.py:914} INFO - Processing file /home/airflow/.local/lib/python3.12/site-packages/airflow/example_dags/example_inlet_event_extra.py for tasks to queue
[2024-09-16T16:27:46.016+0000] {logging_mixin.py:190} INFO - [2024-09-16T16:27:45.997+0000] {dagbag.py:587} INFO - Filling up the DagBag from /home/airflow/.local/lib/python3.12/site-packages/airflow/example_dags/example_inlet_event_extra.py
[2024-09-16T16:27:46.605+0000] {processor.py:925} INFO - DAG(s) 'read_dataset_event_from_classic', 'read_dataset_event' retrieved from /home/airflow/.local/lib/python3.12/site-packages/airflow/example_dags/example_inlet_event_extra.py
[2024-09-16T16:27:46.709+0000] {logging_mixin.py:190} INFO - [2024-09-16T16:27:46.708+0000] {dag.py:3229} INFO - Sync 2 DAGs
[2024-09-16T16:27:46.834+0000] {logging_mixin.py:190} INFO - [2024-09-16T16:27:46.833+0000] {dag.py:4156} INFO - Setting next_dagrun for read_dataset_event to 2024-09-15 00:00:00+00:00, run_after=2024-09-16 00:00:00+00:00
[2024-09-16T16:27:46.865+0000] {logging_mixin.py:190} INFO - [2024-09-16T16:27:46.864+0000] {dag.py:4156} INFO - Setting next_dagrun for read_dataset_event_from_classic to 2024-09-15 00:00:00+00:00, run_after=2024-09-16 00:00:00+00:00
[2024-09-16T16:27:46.981+0000] {processor.py:208} INFO - Processing /home/airflow/.local/lib/python3.12/site-packages/airflow/example_dags/example_inlet_event_extra.py took 1.023 seconds
[2024-09-16T16:28:17.225+0000] {processor.py:186} INFO - Started process (PID=385) to work on /home/airflow/.local/lib/python3.12/site-packages/airflow/example_dags/example_inlet_event_extra.py
[2024-09-16T16:28:17.227+0000] {processor.py:914} INFO - Processing file /home/airflow/.local/lib/python3.12/site-packages/airflow/example_dags/example_inlet_event_extra.py for tasks to queue
[2024-09-16T16:28:17.231+0000] {logging_mixin.py:190} INFO - [2024-09-16T16:28:17.231+0000] {dagbag.py:587} INFO - Filling up the DagBag from /home/airflow/.local/lib/python3.12/site-packages/airflow/example_dags/example_inlet_event_extra.py
[2024-09-16T16:28:17.528+0000] {processor.py:925} INFO - DAG(s) 'read_dataset_event_from_classic', 'read_dataset_event' retrieved from /home/airflow/.local/lib/python3.12/site-packages/airflow/example_dags/example_inlet_event_extra.py
[2024-09-16T16:28:17.577+0000] {logging_mixin.py:190} INFO - [2024-09-16T16:28:17.577+0000] {dag.py:3229} INFO - Sync 2 DAGs
[2024-09-16T16:28:17.638+0000] {logging_mixin.py:190} INFO - [2024-09-16T16:28:17.638+0000] {dag.py:4156} INFO - Setting next_dagrun for read_dataset_event to 2024-09-15 00:00:00+00:00, run_after=2024-09-16 00:00:00+00:00
[2024-09-16T16:28:17.652+0000] {logging_mixin.py:190} INFO - [2024-09-16T16:28:17.652+0000] {dag.py:4156} INFO - Setting next_dagrun for read_dataset_event_from_classic to 2024-09-15 00:00:00+00:00, run_after=2024-09-16 00:00:00+00:00
[2024-09-16T16:28:17.682+0000] {processor.py:208} INFO - Processing /home/airflow/.local/lib/python3.12/site-packages/airflow/example_dags/example_inlet_event_extra.py took 0.474 seconds
[2024-09-16T16:30:12.118+0000] {processor.py:186} INFO - Started process (PID=72) to work on /home/airflow/.local/lib/python3.12/site-packages/airflow/example_dags/example_inlet_event_extra.py
[2024-09-16T16:30:12.125+0000] {processor.py:914} INFO - Processing file /home/airflow/.local/lib/python3.12/site-packages/airflow/example_dags/example_inlet_event_extra.py for tasks to queue
[2024-09-16T16:30:12.139+0000] {logging_mixin.py:190} INFO - [2024-09-16T16:30:12.137+0000] {dagbag.py:587} INFO - Filling up the DagBag from /home/airflow/.local/lib/python3.12/site-packages/airflow/example_dags/example_inlet_event_extra.py
[2024-09-16T16:30:12.668+0000] {processor.py:925} INFO - DAG(s) 'read_dataset_event_from_classic', 'read_dataset_event' retrieved from /home/airflow/.local/lib/python3.12/site-packages/airflow/example_dags/example_inlet_event_extra.py
[2024-09-16T16:30:12.755+0000] {logging_mixin.py:190} INFO - [2024-09-16T16:30:12.754+0000] {dag.py:3229} INFO - Sync 2 DAGs
[2024-09-16T16:30:12.844+0000] {logging_mixin.py:190} INFO - [2024-09-16T16:30:12.844+0000] {dag.py:4156} INFO - Setting next_dagrun for read_dataset_event to 2024-09-15 00:00:00+00:00, run_after=2024-09-16 00:00:00+00:00
[2024-09-16T16:30:12.857+0000] {logging_mixin.py:190} INFO - [2024-09-16T16:30:12.856+0000] {dag.py:4156} INFO - Setting next_dagrun for read_dataset_event_from_classic to 2024-09-15 00:00:00+00:00, run_after=2024-09-16 00:00:00+00:00
[2024-09-16T16:30:12.900+0000] {processor.py:208} INFO - Processing /home/airflow/.local/lib/python3.12/site-packages/airflow/example_dags/example_inlet_event_extra.py took 0.819 seconds
[2024-09-16T16:30:43.303+0000] {processor.py:186} INFO - Started process (PID=134) to work on /home/airflow/.local/lib/python3.12/site-packages/airflow/example_dags/example_inlet_event_extra.py
[2024-09-16T16:30:43.304+0000] {processor.py:914} INFO - Processing file /home/airflow/.local/lib/python3.12/site-packages/airflow/example_dags/example_inlet_event_extra.py for tasks to queue
[2024-09-16T16:30:43.306+0000] {logging_mixin.py:190} INFO - [2024-09-16T16:30:43.306+0000] {dagbag.py:587} INFO - Filling up the DagBag from /home/airflow/.local/lib/python3.12/site-packages/airflow/example_dags/example_inlet_event_extra.py
[2024-09-16T16:30:43.412+0000] {processor.py:925} INFO - DAG(s) 'read_dataset_event', 'read_dataset_event_from_classic' retrieved from /home/airflow/.local/lib/python3.12/site-packages/airflow/example_dags/example_inlet_event_extra.py
[2024-09-16T16:30:43.434+0000] {logging_mixin.py:190} INFO - [2024-09-16T16:30:43.434+0000] {dag.py:3229} INFO - Sync 2 DAGs
[2024-09-16T16:30:43.455+0000] {logging_mixin.py:190} INFO - [2024-09-16T16:30:43.455+0000] {dag.py:4156} INFO - Setting next_dagrun for read_dataset_event to 2024-09-15 00:00:00+00:00, run_after=2024-09-16 00:00:00+00:00
[2024-09-16T16:30:43.459+0000] {logging_mixin.py:190} INFO - [2024-09-16T16:30:43.459+0000] {dag.py:4156} INFO - Setting next_dagrun for read_dataset_event_from_classic to 2024-09-15 00:00:00+00:00, run_after=2024-09-16 00:00:00+00:00
[2024-09-16T16:30:43.480+0000] {processor.py:208} INFO - Processing /home/airflow/.local/lib/python3.12/site-packages/airflow/example_dags/example_inlet_event_extra.py took 0.183 seconds
[2024-09-16T16:31:14.063+0000] {processor.py:186} INFO - Started process (PID=196) to work on /home/airflow/.local/lib/python3.12/site-packages/airflow/example_dags/example_inlet_event_extra.py
[2024-09-16T16:31:14.064+0000] {processor.py:914} INFO - Processing file /home/airflow/.local/lib/python3.12/site-packages/airflow/example_dags/example_inlet_event_extra.py for tasks to queue
[2024-09-16T16:31:14.067+0000] {logging_mixin.py:190} INFO - [2024-09-16T16:31:14.066+0000] {dagbag.py:587} INFO - Filling up the DagBag from /home/airflow/.local/lib/python3.12/site-packages/airflow/example_dags/example_inlet_event_extra.py
[2024-09-16T16:31:14.163+0000] {processor.py:925} INFO - DAG(s) 'read_dataset_event_from_classic', 'read_dataset_event' retrieved from /home/airflow/.local/lib/python3.12/site-packages/airflow/example_dags/example_inlet_event_extra.py
[2024-09-16T16:31:14.184+0000] {logging_mixin.py:190} INFO - [2024-09-16T16:31:14.184+0000] {dag.py:3229} INFO - Sync 2 DAGs
[2024-09-16T16:31:14.207+0000] {logging_mixin.py:190} INFO - [2024-09-16T16:31:14.207+0000] {dag.py:4156} INFO - Setting next_dagrun for read_dataset_event to 2024-09-15 00:00:00+00:00, run_after=2024-09-16 00:00:00+00:00
[2024-09-16T16:31:14.212+0000] {logging_mixin.py:190} INFO - [2024-09-16T16:31:14.211+0000] {dag.py:4156} INFO - Setting next_dagrun for read_dataset_event_from_classic to 2024-09-15 00:00:00+00:00, run_after=2024-09-16 00:00:00+00:00
[2024-09-16T16:31:14.228+0000] {processor.py:208} INFO - Processing /home/airflow/.local/lib/python3.12/site-packages/airflow/example_dags/example_inlet_event_extra.py took 0.170 seconds
[2024-09-16T16:31:44.553+0000] {processor.py:186} INFO - Started process (PID=258) to work on /home/airflow/.local/lib/python3.12/site-packages/airflow/example_dags/example_inlet_event_extra.py
[2024-09-16T16:31:44.554+0000] {processor.py:914} INFO - Processing file /home/airflow/.local/lib/python3.12/site-packages/airflow/example_dags/example_inlet_event_extra.py for tasks to queue
[2024-09-16T16:31:44.556+0000] {logging_mixin.py:190} INFO - [2024-09-16T16:31:44.556+0000] {dagbag.py:587} INFO - Filling up the DagBag from /home/airflow/.local/lib/python3.12/site-packages/airflow/example_dags/example_inlet_event_extra.py
[2024-09-16T16:31:44.653+0000] {processor.py:925} INFO - DAG(s) 'read_dataset_event_from_classic', 'read_dataset_event' retrieved from /home/airflow/.local/lib/python3.12/site-packages/airflow/example_dags/example_inlet_event_extra.py
[2024-09-16T16:31:44.673+0000] {logging_mixin.py:190} INFO - [2024-09-16T16:31:44.673+0000] {dag.py:3229} INFO - Sync 2 DAGs
[2024-09-16T16:31:44.693+0000] {logging_mixin.py:190} INFO - [2024-09-16T16:31:44.693+0000] {dag.py:4156} INFO - Setting next_dagrun for read_dataset_event to 2024-09-15 00:00:00+00:00, run_after=2024-09-16 00:00:00+00:00
[2024-09-16T16:31:44.698+0000] {logging_mixin.py:190} INFO - [2024-09-16T16:31:44.698+0000] {dag.py:4156} INFO - Setting next_dagrun for read_dataset_event_from_classic to 2024-09-15 00:00:00+00:00, run_after=2024-09-16 00:00:00+00:00
[2024-09-16T16:31:44.713+0000] {processor.py:208} INFO - Processing /home/airflow/.local/lib/python3.12/site-packages/airflow/example_dags/example_inlet_event_extra.py took 0.163 seconds
[2024-09-16T16:32:14.965+0000] {processor.py:186} INFO - Started process (PID=320) to work on /home/airflow/.local/lib/python3.12/site-packages/airflow/example_dags/example_inlet_event_extra.py
[2024-09-16T16:32:14.966+0000] {processor.py:914} INFO - Processing file /home/airflow/.local/lib/python3.12/site-packages/airflow/example_dags/example_inlet_event_extra.py for tasks to queue
[2024-09-16T16:32:14.968+0000] {logging_mixin.py:190} INFO - [2024-09-16T16:32:14.967+0000] {dagbag.py:587} INFO - Filling up the DagBag from /home/airflow/.local/lib/python3.12/site-packages/airflow/example_dags/example_inlet_event_extra.py
[2024-09-16T16:32:15.066+0000] {processor.py:925} INFO - DAG(s) 'read_dataset_event_from_classic', 'read_dataset_event' retrieved from /home/airflow/.local/lib/python3.12/site-packages/airflow/example_dags/example_inlet_event_extra.py
[2024-09-16T16:32:15.087+0000] {logging_mixin.py:190} INFO - [2024-09-16T16:32:15.086+0000] {dag.py:3229} INFO - Sync 2 DAGs
[2024-09-16T16:32:15.110+0000] {logging_mixin.py:190} INFO - [2024-09-16T16:32:15.110+0000] {dag.py:4156} INFO - Setting next_dagrun for read_dataset_event to 2024-09-15 00:00:00+00:00, run_after=2024-09-16 00:00:00+00:00
[2024-09-16T16:32:15.116+0000] {logging_mixin.py:190} INFO - [2024-09-16T16:32:15.116+0000] {dag.py:4156} INFO - Setting next_dagrun for read_dataset_event_from_classic to 2024-09-15 00:00:00+00:00, run_after=2024-09-16 00:00:00+00:00
[2024-09-16T16:32:15.136+0000] {processor.py:208} INFO - Processing /home/airflow/.local/lib/python3.12/site-packages/airflow/example_dags/example_inlet_event_extra.py took 0.178 seconds
[2024-09-16T16:32:45.454+0000] {processor.py:186} INFO - Started process (PID=382) to work on /home/airflow/.local/lib/python3.12/site-packages/airflow/example_dags/example_inlet_event_extra.py
[2024-09-16T16:32:45.455+0000] {processor.py:914} INFO - Processing file /home/airflow/.local/lib/python3.12/site-packages/airflow/example_dags/example_inlet_event_extra.py for tasks to queue
[2024-09-16T16:32:45.457+0000] {logging_mixin.py:190} INFO - [2024-09-16T16:32:45.456+0000] {dagbag.py:587} INFO - Filling up the DagBag from /home/airflow/.local/lib/python3.12/site-packages/airflow/example_dags/example_inlet_event_extra.py
[2024-09-16T16:32:45.564+0000] {processor.py:925} INFO - DAG(s) 'read_dataset_event', 'read_dataset_event_from_classic' retrieved from /home/airflow/.local/lib/python3.12/site-packages/airflow/example_dags/example_inlet_event_extra.py
[2024-09-16T16:32:45.586+0000] {logging_mixin.py:190} INFO - [2024-09-16T16:32:45.585+0000] {dag.py:3229} INFO - Sync 2 DAGs
[2024-09-16T16:32:45.609+0000] {logging_mixin.py:190} INFO - [2024-09-16T16:32:45.608+0000] {dag.py:4156} INFO - Setting next_dagrun for read_dataset_event to 2024-09-15 00:00:00+00:00, run_after=2024-09-16 00:00:00+00:00
[2024-09-16T16:32:45.615+0000] {logging_mixin.py:190} INFO - [2024-09-16T16:32:45.615+0000] {dag.py:4156} INFO - Setting next_dagrun for read_dataset_event_from_classic to 2024-09-15 00:00:00+00:00, run_after=2024-09-16 00:00:00+00:00
[2024-09-16T16:32:45.634+0000] {processor.py:208} INFO - Processing /home/airflow/.local/lib/python3.12/site-packages/airflow/example_dags/example_inlet_event_extra.py took 0.185 seconds
[2024-09-16T16:33:15.998+0000] {processor.py:186} INFO - Started process (PID=444) to work on /home/airflow/.local/lib/python3.12/site-packages/airflow/example_dags/example_inlet_event_extra.py
[2024-09-16T16:33:15.999+0000] {processor.py:914} INFO - Processing file /home/airflow/.local/lib/python3.12/site-packages/airflow/example_dags/example_inlet_event_extra.py for tasks to queue
[2024-09-16T16:33:16.002+0000] {logging_mixin.py:190} INFO - [2024-09-16T16:33:16.001+0000] {dagbag.py:587} INFO - Filling up the DagBag from /home/airflow/.local/lib/python3.12/site-packages/airflow/example_dags/example_inlet_event_extra.py
[2024-09-16T16:33:16.117+0000] {processor.py:925} INFO - DAG(s) 'read_dataset_event', 'read_dataset_event_from_classic' retrieved from /home/airflow/.local/lib/python3.12/site-packages/airflow/example_dags/example_inlet_event_extra.py
[2024-09-16T16:33:16.136+0000] {logging_mixin.py:190} INFO - [2024-09-16T16:33:16.136+0000] {dag.py:3229} INFO - Sync 2 DAGs
[2024-09-16T16:33:16.156+0000] {logging_mixin.py:190} INFO - [2024-09-16T16:33:16.156+0000] {dag.py:4156} INFO - Setting next_dagrun for read_dataset_event to 2024-09-15 00:00:00+00:00, run_after=2024-09-16 00:00:00+00:00
[2024-09-16T16:33:16.161+0000] {logging_mixin.py:190} INFO - [2024-09-16T16:33:16.161+0000] {dag.py:4156} INFO - Setting next_dagrun for read_dataset_event_from_classic to 2024-09-15 00:00:00+00:00, run_after=2024-09-16 00:00:00+00:00
[2024-09-16T16:33:16.181+0000] {processor.py:208} INFO - Processing /home/airflow/.local/lib/python3.12/site-packages/airflow/example_dags/example_inlet_event_extra.py took 0.189 seconds
[2024-09-16T16:33:46.299+0000] {processor.py:186} INFO - Started process (PID=506) to work on /home/airflow/.local/lib/python3.12/site-packages/airflow/example_dags/example_inlet_event_extra.py
[2024-09-16T16:33:46.300+0000] {processor.py:914} INFO - Processing file /home/airflow/.local/lib/python3.12/site-packages/airflow/example_dags/example_inlet_event_extra.py for tasks to queue
[2024-09-16T16:33:46.303+0000] {logging_mixin.py:190} INFO - [2024-09-16T16:33:46.302+0000] {dagbag.py:587} INFO - Filling up the DagBag from /home/airflow/.local/lib/python3.12/site-packages/airflow/example_dags/example_inlet_event_extra.py
[2024-09-16T16:33:46.408+0000] {processor.py:925} INFO - DAG(s) 'read_dataset_event', 'read_dataset_event_from_classic' retrieved from /home/airflow/.local/lib/python3.12/site-packages/airflow/example_dags/example_inlet_event_extra.py
[2024-09-16T16:33:46.426+0000] {logging_mixin.py:190} INFO - [2024-09-16T16:33:46.426+0000] {dag.py:3229} INFO - Sync 2 DAGs
[2024-09-16T16:33:46.447+0000] {logging_mixin.py:190} INFO - [2024-09-16T16:33:46.447+0000] {dag.py:4156} INFO - Setting next_dagrun for read_dataset_event to 2024-09-15 00:00:00+00:00, run_after=2024-09-16 00:00:00+00:00
[2024-09-16T16:33:46.454+0000] {logging_mixin.py:190} INFO - [2024-09-16T16:33:46.453+0000] {dag.py:4156} INFO - Setting next_dagrun for read_dataset_event_from_classic to 2024-09-15 00:00:00+00:00, run_after=2024-09-16 00:00:00+00:00
[2024-09-16T16:33:46.474+0000] {processor.py:208} INFO - Processing /home/airflow/.local/lib/python3.12/site-packages/airflow/example_dags/example_inlet_event_extra.py took 0.179 seconds
[2024-09-16T16:34:16.835+0000] {processor.py:186} INFO - Started process (PID=568) to work on /home/airflow/.local/lib/python3.12/site-packages/airflow/example_dags/example_inlet_event_extra.py
[2024-09-16T16:34:16.836+0000] {processor.py:914} INFO - Processing file /home/airflow/.local/lib/python3.12/site-packages/airflow/example_dags/example_inlet_event_extra.py for tasks to queue
[2024-09-16T16:34:16.839+0000] {logging_mixin.py:190} INFO - [2024-09-16T16:34:16.839+0000] {dagbag.py:587} INFO - Filling up the DagBag from /home/airflow/.local/lib/python3.12/site-packages/airflow/example_dags/example_inlet_event_extra.py
[2024-09-16T16:34:16.959+0000] {processor.py:925} INFO - DAG(s) 'read_dataset_event_from_classic', 'read_dataset_event' retrieved from /home/airflow/.local/lib/python3.12/site-packages/airflow/example_dags/example_inlet_event_extra.py
[2024-09-16T16:34:16.986+0000] {logging_mixin.py:190} INFO - [2024-09-16T16:34:16.986+0000] {dag.py:3229} INFO - Sync 2 DAGs
[2024-09-16T16:34:17.009+0000] {logging_mixin.py:190} INFO - [2024-09-16T16:34:17.008+0000] {dag.py:4156} INFO - Setting next_dagrun for read_dataset_event to 2024-09-15 00:00:00+00:00, run_after=2024-09-16 00:00:00+00:00
[2024-09-16T16:34:17.014+0000] {logging_mixin.py:190} INFO - [2024-09-16T16:34:17.013+0000] {dag.py:4156} INFO - Setting next_dagrun for read_dataset_event_from_classic to 2024-09-15 00:00:00+00:00, run_after=2024-09-16 00:00:00+00:00
[2024-09-16T16:34:17.031+0000] {processor.py:208} INFO - Processing /home/airflow/.local/lib/python3.12/site-packages/airflow/example_dags/example_inlet_event_extra.py took 0.201 seconds
[2024-09-16T16:34:47.424+0000] {processor.py:186} INFO - Started process (PID=630) to work on /home/airflow/.local/lib/python3.12/site-packages/airflow/example_dags/example_inlet_event_extra.py
[2024-09-16T16:34:47.425+0000] {processor.py:914} INFO - Processing file /home/airflow/.local/lib/python3.12/site-packages/airflow/example_dags/example_inlet_event_extra.py for tasks to queue
[2024-09-16T16:34:47.428+0000] {logging_mixin.py:190} INFO - [2024-09-16T16:34:47.428+0000] {dagbag.py:587} INFO - Filling up the DagBag from /home/airflow/.local/lib/python3.12/site-packages/airflow/example_dags/example_inlet_event_extra.py
[2024-09-16T16:34:47.548+0000] {processor.py:925} INFO - DAG(s) 'read_dataset_event', 'read_dataset_event_from_classic' retrieved from /home/airflow/.local/lib/python3.12/site-packages/airflow/example_dags/example_inlet_event_extra.py
[2024-09-16T16:34:47.571+0000] {logging_mixin.py:190} INFO - [2024-09-16T16:34:47.570+0000] {dag.py:3229} INFO - Sync 2 DAGs
[2024-09-16T16:34:47.595+0000] {logging_mixin.py:190} INFO - [2024-09-16T16:34:47.595+0000] {dag.py:4156} INFO - Setting next_dagrun for read_dataset_event to 2024-09-15 00:00:00+00:00, run_after=2024-09-16 00:00:00+00:00
[2024-09-16T16:34:47.600+0000] {logging_mixin.py:190} INFO - [2024-09-16T16:34:47.599+0000] {dag.py:4156} INFO - Setting next_dagrun for read_dataset_event_from_classic to 2024-09-15 00:00:00+00:00, run_after=2024-09-16 00:00:00+00:00
[2024-09-16T16:34:47.614+0000] {processor.py:208} INFO - Processing /home/airflow/.local/lib/python3.12/site-packages/airflow/example_dags/example_inlet_event_extra.py took 0.197 seconds
[2024-09-16T16:35:18.049+0000] {processor.py:186} INFO - Started process (PID=693) to work on /home/airflow/.local/lib/python3.12/site-packages/airflow/example_dags/example_inlet_event_extra.py
[2024-09-16T16:35:18.050+0000] {processor.py:914} INFO - Processing file /home/airflow/.local/lib/python3.12/site-packages/airflow/example_dags/example_inlet_event_extra.py for tasks to queue
[2024-09-16T16:35:18.053+0000] {logging_mixin.py:190} INFO - [2024-09-16T16:35:18.053+0000] {dagbag.py:587} INFO - Filling up the DagBag from /home/airflow/.local/lib/python3.12/site-packages/airflow/example_dags/example_inlet_event_extra.py
[2024-09-16T16:35:18.182+0000] {processor.py:925} INFO - DAG(s) 'read_dataset_event_from_classic', 'read_dataset_event' retrieved from /home/airflow/.local/lib/python3.12/site-packages/airflow/example_dags/example_inlet_event_extra.py
[2024-09-16T16:35:18.203+0000] {logging_mixin.py:190} INFO - [2024-09-16T16:35:18.202+0000] {dag.py:3229} INFO - Sync 2 DAGs
[2024-09-16T16:35:18.224+0000] {logging_mixin.py:190} INFO - [2024-09-16T16:35:18.224+0000] {dag.py:4156} INFO - Setting next_dagrun for read_dataset_event to 2024-09-15 00:00:00+00:00, run_after=2024-09-16 00:00:00+00:00
[2024-09-16T16:35:18.228+0000] {logging_mixin.py:190} INFO - [2024-09-16T16:35:18.228+0000] {dag.py:4156} INFO - Setting next_dagrun for read_dataset_event_from_classic to 2024-09-15 00:00:00+00:00, run_after=2024-09-16 00:00:00+00:00
[2024-09-16T16:35:18.245+0000] {processor.py:208} INFO - Processing /home/airflow/.local/lib/python3.12/site-packages/airflow/example_dags/example_inlet_event_extra.py took 0.201 seconds
[2024-09-16T16:35:48.495+0000] {processor.py:186} INFO - Started process (PID=755) to work on /home/airflow/.local/lib/python3.12/site-packages/airflow/example_dags/example_inlet_event_extra.py
[2024-09-16T16:35:48.496+0000] {processor.py:914} INFO - Processing file /home/airflow/.local/lib/python3.12/site-packages/airflow/example_dags/example_inlet_event_extra.py for tasks to queue
[2024-09-16T16:35:48.498+0000] {logging_mixin.py:190} INFO - [2024-09-16T16:35:48.498+0000] {dagbag.py:587} INFO - Filling up the DagBag from /home/airflow/.local/lib/python3.12/site-packages/airflow/example_dags/example_inlet_event_extra.py
[2024-09-16T16:35:48.611+0000] {processor.py:925} INFO - DAG(s) 'read_dataset_event_from_classic', 'read_dataset_event' retrieved from /home/airflow/.local/lib/python3.12/site-packages/airflow/example_dags/example_inlet_event_extra.py
[2024-09-16T16:35:48.632+0000] {logging_mixin.py:190} INFO - [2024-09-16T16:35:48.631+0000] {dag.py:3229} INFO - Sync 2 DAGs
[2024-09-16T16:35:48.653+0000] {logging_mixin.py:190} INFO - [2024-09-16T16:35:48.653+0000] {dag.py:4156} INFO - Setting next_dagrun for read_dataset_event to 2024-09-15 00:00:00+00:00, run_after=2024-09-16 00:00:00+00:00
[2024-09-16T16:35:48.660+0000] {logging_mixin.py:190} INFO - [2024-09-16T16:35:48.660+0000] {dag.py:4156} INFO - Setting next_dagrun for read_dataset_event_from_classic to 2024-09-15 00:00:00+00:00, run_after=2024-09-16 00:00:00+00:00
[2024-09-16T16:35:48.676+0000] {processor.py:208} INFO - Processing /home/airflow/.local/lib/python3.12/site-packages/airflow/example_dags/example_inlet_event_extra.py took 0.185 seconds
[2024-09-16T16:36:19.448+0000] {processor.py:186} INFO - Started process (PID=817) to work on /home/airflow/.local/lib/python3.12/site-packages/airflow/example_dags/example_inlet_event_extra.py
[2024-09-16T16:36:19.449+0000] {processor.py:914} INFO - Processing file /home/airflow/.local/lib/python3.12/site-packages/airflow/example_dags/example_inlet_event_extra.py for tasks to queue
[2024-09-16T16:36:19.451+0000] {logging_mixin.py:190} INFO - [2024-09-16T16:36:19.451+0000] {dagbag.py:587} INFO - Filling up the DagBag from /home/airflow/.local/lib/python3.12/site-packages/airflow/example_dags/example_inlet_event_extra.py
[2024-09-16T16:36:19.583+0000] {processor.py:925} INFO - DAG(s) 'read_dataset_event', 'read_dataset_event_from_classic' retrieved from /home/airflow/.local/lib/python3.12/site-packages/airflow/example_dags/example_inlet_event_extra.py
[2024-09-16T16:36:19.612+0000] {logging_mixin.py:190} INFO - [2024-09-16T16:36:19.611+0000] {dag.py:3229} INFO - Sync 2 DAGs
[2024-09-16T16:36:19.641+0000] {logging_mixin.py:190} INFO - [2024-09-16T16:36:19.641+0000] {dag.py:4156} INFO - Setting next_dagrun for read_dataset_event to 2024-09-15 00:00:00+00:00, run_after=2024-09-16 00:00:00+00:00
[2024-09-16T16:36:19.646+0000] {logging_mixin.py:190} INFO - [2024-09-16T16:36:19.646+0000] {dag.py:4156} INFO - Setting next_dagrun for read_dataset_event_from_classic to 2024-09-15 00:00:00+00:00, run_after=2024-09-16 00:00:00+00:00
[2024-09-16T16:36:19.667+0000] {processor.py:208} INFO - Processing /home/airflow/.local/lib/python3.12/site-packages/airflow/example_dags/example_inlet_event_extra.py took 0.224 seconds
[2024-09-16T16:36:50.153+0000] {processor.py:186} INFO - Started process (PID=879) to work on /home/airflow/.local/lib/python3.12/site-packages/airflow/example_dags/example_inlet_event_extra.py
[2024-09-16T16:36:50.155+0000] {processor.py:914} INFO - Processing file /home/airflow/.local/lib/python3.12/site-packages/airflow/example_dags/example_inlet_event_extra.py for tasks to queue
[2024-09-16T16:36:50.157+0000] {logging_mixin.py:190} INFO - [2024-09-16T16:36:50.157+0000] {dagbag.py:587} INFO - Filling up the DagBag from /home/airflow/.local/lib/python3.12/site-packages/airflow/example_dags/example_inlet_event_extra.py
[2024-09-16T16:36:50.262+0000] {processor.py:925} INFO - DAG(s) 'read_dataset_event', 'read_dataset_event_from_classic' retrieved from /home/airflow/.local/lib/python3.12/site-packages/airflow/example_dags/example_inlet_event_extra.py
[2024-09-16T16:36:50.283+0000] {logging_mixin.py:190} INFO - [2024-09-16T16:36:50.283+0000] {dag.py:3229} INFO - Sync 2 DAGs
[2024-09-16T16:36:50.303+0000] {logging_mixin.py:190} INFO - [2024-09-16T16:36:50.303+0000] {dag.py:4156} INFO - Setting next_dagrun for read_dataset_event to 2024-09-15 00:00:00+00:00, run_after=2024-09-16 00:00:00+00:00
[2024-09-16T16:36:50.307+0000] {logging_mixin.py:190} INFO - [2024-09-16T16:36:50.307+0000] {dag.py:4156} INFO - Setting next_dagrun for read_dataset_event_from_classic to 2024-09-15 00:00:00+00:00, run_after=2024-09-16 00:00:00+00:00
[2024-09-16T16:36:50.324+0000] {processor.py:208} INFO - Processing /home/airflow/.local/lib/python3.12/site-packages/airflow/example_dags/example_inlet_event_extra.py took 0.176 seconds
[2024-09-16T16:37:20.559+0000] {processor.py:186} INFO - Started process (PID=941) to work on /home/airflow/.local/lib/python3.12/site-packages/airflow/example_dags/example_inlet_event_extra.py
[2024-09-16T16:37:20.560+0000] {processor.py:914} INFO - Processing file /home/airflow/.local/lib/python3.12/site-packages/airflow/example_dags/example_inlet_event_extra.py for tasks to queue
[2024-09-16T16:37:20.564+0000] {logging_mixin.py:190} INFO - [2024-09-16T16:37:20.563+0000] {dagbag.py:587} INFO - Filling up the DagBag from /home/airflow/.local/lib/python3.12/site-packages/airflow/example_dags/example_inlet_event_extra.py
[2024-09-16T16:37:20.678+0000] {processor.py:925} INFO - DAG(s) 'read_dataset_event', 'read_dataset_event_from_classic' retrieved from /home/airflow/.local/lib/python3.12/site-packages/airflow/example_dags/example_inlet_event_extra.py
[2024-09-16T16:37:20.701+0000] {logging_mixin.py:190} INFO - [2024-09-16T16:37:20.700+0000] {dag.py:3229} INFO - Sync 2 DAGs
[2024-09-16T16:37:20.722+0000] {logging_mixin.py:190} INFO - [2024-09-16T16:37:20.722+0000] {dag.py:4156} INFO - Setting next_dagrun for read_dataset_event to 2024-09-15 00:00:00+00:00, run_after=2024-09-16 00:00:00+00:00
[2024-09-16T16:37:20.729+0000] {logging_mixin.py:190} INFO - [2024-09-16T16:37:20.728+0000] {dag.py:4156} INFO - Setting next_dagrun for read_dataset_event_from_classic to 2024-09-15 00:00:00+00:00, run_after=2024-09-16 00:00:00+00:00
[2024-09-16T16:37:20.745+0000] {processor.py:208} INFO - Processing /home/airflow/.local/lib/python3.12/site-packages/airflow/example_dags/example_inlet_event_extra.py took 0.191 seconds
