[2024-09-16T16:25:43.877+0000] {processor.py:186} INFO - Started process (PID=95) to work on /home/airflow/.local/lib/python3.12/site-packages/airflow/example_dags/tutorial.py
[2024-09-16T16:25:43.879+0000] {processor.py:914} INFO - Processing file /home/airflow/.local/lib/python3.12/site-packages/airflow/example_dags/tutorial.py for tasks to queue
[2024-09-16T16:25:43.882+0000] {logging_mixin.py:190} INFO - [2024-09-16T16:25:43.882+0000] {dagbag.py:587} INFO - Filling up the DagBag from /home/airflow/.local/lib/python3.12/site-packages/airflow/example_dags/tutorial.py
[2024-09-16T16:25:43.895+0000] {processor.py:925} INFO - DAG(s) 'tutorial' retrieved from /home/airflow/.local/lib/python3.12/site-packages/airflow/example_dags/tutorial.py
[2024-09-16T16:25:44.028+0000] {logging_mixin.py:190} INFO - [2024-09-16T16:25:44.027+0000] {override.py:1900} INFO - Created Permission View: can edit on DAG:tutorial
[2024-09-16T16:25:44.042+0000] {logging_mixin.py:190} INFO - [2024-09-16T16:25:44.042+0000] {override.py:1900} INFO - Created Permission View: can delete on DAG:tutorial
[2024-09-16T16:25:44.050+0000] {logging_mixin.py:190} INFO - [2024-09-16T16:25:44.050+0000] {override.py:1900} INFO - Created Permission View: can read on DAG:tutorial
[2024-09-16T16:25:44.059+0000] {logging_mixin.py:190} INFO - [2024-09-16T16:25:44.059+0000] {override.py:1900} INFO - Created Permission View: can delete on DAG Run:tutorial
[2024-09-16T16:25:44.068+0000] {logging_mixin.py:190} INFO - [2024-09-16T16:25:44.067+0000] {override.py:1900} INFO - Created Permission View: can create on DAG Run:tutorial
[2024-09-16T16:25:44.077+0000] {logging_mixin.py:190} INFO - [2024-09-16T16:25:44.076+0000] {override.py:1900} INFO - Created Permission View: menu access on DAG Run:tutorial
[2024-09-16T16:25:44.085+0000] {logging_mixin.py:190} INFO - [2024-09-16T16:25:44.084+0000] {override.py:1900} INFO - Created Permission View: can read on DAG Run:tutorial
[2024-09-16T16:25:44.085+0000] {logging_mixin.py:190} INFO - [2024-09-16T16:25:44.085+0000] {dag.py:3229} INFO - Sync 1 DAGs
[2024-09-16T16:25:44.104+0000] {logging_mixin.py:190} INFO - [2024-09-16T16:25:44.103+0000] {dag.py:3252} INFO - Creating ORM DAG for tutorial
[2024-09-16T16:25:44.116+0000] {logging_mixin.py:190} INFO - [2024-09-16T16:25:44.116+0000] {dag.py:4156} INFO - Setting next_dagrun for tutorial to 2024-09-15 00:00:00+00:00, run_after=2024-09-16 00:00:00+00:00
[2024-09-16T16:25:44.140+0000] {processor.py:208} INFO - Processing /home/airflow/.local/lib/python3.12/site-packages/airflow/example_dags/tutorial.py took 0.271 seconds
[2024-09-16T16:26:15.052+0000] {processor.py:186} INFO - Started process (PID=157) to work on /home/airflow/.local/lib/python3.12/site-packages/airflow/example_dags/tutorial.py
[2024-09-16T16:26:15.053+0000] {processor.py:914} INFO - Processing file /home/airflow/.local/lib/python3.12/site-packages/airflow/example_dags/tutorial.py for tasks to queue
[2024-09-16T16:26:15.060+0000] {logging_mixin.py:190} INFO - [2024-09-16T16:26:15.060+0000] {dagbag.py:587} INFO - Filling up the DagBag from /home/airflow/.local/lib/python3.12/site-packages/airflow/example_dags/tutorial.py
[2024-09-16T16:26:15.070+0000] {processor.py:925} INFO - DAG(s) 'tutorial' retrieved from /home/airflow/.local/lib/python3.12/site-packages/airflow/example_dags/tutorial.py
[2024-09-16T16:26:15.140+0000] {logging_mixin.py:190} INFO - [2024-09-16T16:26:15.139+0000] {dag.py:3229} INFO - Sync 1 DAGs
[2024-09-16T16:26:15.180+0000] {logging_mixin.py:190} INFO - [2024-09-16T16:26:15.180+0000] {dag.py:4156} INFO - Setting next_dagrun for tutorial to 2024-09-15 00:00:00+00:00, run_after=2024-09-16 00:00:00+00:00
[2024-09-16T16:26:15.207+0000] {processor.py:208} INFO - Processing /home/airflow/.local/lib/python3.12/site-packages/airflow/example_dags/tutorial.py took 0.164 seconds
[2024-09-16T16:26:46.569+0000] {processor.py:186} INFO - Started process (PID=219) to work on /home/airflow/.local/lib/python3.12/site-packages/airflow/example_dags/tutorial.py
[2024-09-16T16:26:46.572+0000] {processor.py:914} INFO - Processing file /home/airflow/.local/lib/python3.12/site-packages/airflow/example_dags/tutorial.py for tasks to queue
[2024-09-16T16:26:46.579+0000] {logging_mixin.py:190} INFO - [2024-09-16T16:26:46.578+0000] {dagbag.py:587} INFO - Filling up the DagBag from /home/airflow/.local/lib/python3.12/site-packages/airflow/example_dags/tutorial.py
[2024-09-16T16:26:46.599+0000] {processor.py:925} INFO - DAG(s) 'tutorial' retrieved from /home/airflow/.local/lib/python3.12/site-packages/airflow/example_dags/tutorial.py
[2024-09-16T16:26:46.646+0000] {logging_mixin.py:190} INFO - [2024-09-16T16:26:46.645+0000] {dag.py:3229} INFO - Sync 1 DAGs
[2024-09-16T16:26:46.699+0000] {logging_mixin.py:190} INFO - [2024-09-16T16:26:46.698+0000] {dag.py:4156} INFO - Setting next_dagrun for tutorial to 2024-09-15 00:00:00+00:00, run_after=2024-09-16 00:00:00+00:00
[2024-09-16T16:26:46.751+0000] {processor.py:208} INFO - Processing /home/airflow/.local/lib/python3.12/site-packages/airflow/example_dags/tutorial.py took 0.193 seconds
[2024-09-16T16:27:17.614+0000] {processor.py:186} INFO - Started process (PID=281) to work on /home/airflow/.local/lib/python3.12/site-packages/airflow/example_dags/tutorial.py
[2024-09-16T16:27:17.617+0000] {processor.py:914} INFO - Processing file /home/airflow/.local/lib/python3.12/site-packages/airflow/example_dags/tutorial.py for tasks to queue
[2024-09-16T16:27:17.620+0000] {logging_mixin.py:190} INFO - [2024-09-16T16:27:17.619+0000] {dagbag.py:587} INFO - Filling up the DagBag from /home/airflow/.local/lib/python3.12/site-packages/airflow/example_dags/tutorial.py
[2024-09-16T16:27:17.630+0000] {processor.py:925} INFO - DAG(s) 'tutorial' retrieved from /home/airflow/.local/lib/python3.12/site-packages/airflow/example_dags/tutorial.py
[2024-09-16T16:27:17.660+0000] {logging_mixin.py:190} INFO - [2024-09-16T16:27:17.660+0000] {dag.py:3229} INFO - Sync 1 DAGs
[2024-09-16T16:27:17.697+0000] {logging_mixin.py:190} INFO - [2024-09-16T16:27:17.696+0000] {dag.py:4156} INFO - Setting next_dagrun for tutorial to 2024-09-15 00:00:00+00:00, run_after=2024-09-16 00:00:00+00:00
[2024-09-16T16:27:17.722+0000] {processor.py:208} INFO - Processing /home/airflow/.local/lib/python3.12/site-packages/airflow/example_dags/tutorial.py took 0.115 seconds
[2024-09-16T16:27:52.082+0000] {processor.py:186} INFO - Started process (PID=343) to work on /home/airflow/.local/lib/python3.12/site-packages/airflow/example_dags/tutorial.py
[2024-09-16T16:27:52.084+0000] {processor.py:914} INFO - Processing file /home/airflow/.local/lib/python3.12/site-packages/airflow/example_dags/tutorial.py for tasks to queue
[2024-09-16T16:27:52.091+0000] {logging_mixin.py:190} INFO - [2024-09-16T16:27:52.090+0000] {dagbag.py:587} INFO - Filling up the DagBag from /home/airflow/.local/lib/python3.12/site-packages/airflow/example_dags/tutorial.py
[2024-09-16T16:27:52.112+0000] {processor.py:925} INFO - DAG(s) 'tutorial' retrieved from /home/airflow/.local/lib/python3.12/site-packages/airflow/example_dags/tutorial.py
[2024-09-16T16:27:52.167+0000] {logging_mixin.py:190} INFO - [2024-09-16T16:27:52.167+0000] {dag.py:3229} INFO - Sync 1 DAGs
[2024-09-16T16:27:52.218+0000] {logging_mixin.py:190} INFO - [2024-09-16T16:27:52.218+0000] {dag.py:4156} INFO - Setting next_dagrun for tutorial to 2024-09-15 00:00:00+00:00, run_after=2024-09-16 00:00:00+00:00
[2024-09-16T16:27:52.259+0000] {processor.py:208} INFO - Processing /home/airflow/.local/lib/python3.12/site-packages/airflow/example_dags/tutorial.py took 0.191 seconds
[2024-09-16T16:28:23.130+0000] {processor.py:186} INFO - Started process (PID=405) to work on /home/airflow/.local/lib/python3.12/site-packages/airflow/example_dags/tutorial.py
[2024-09-16T16:28:23.131+0000] {processor.py:914} INFO - Processing file /home/airflow/.local/lib/python3.12/site-packages/airflow/example_dags/tutorial.py for tasks to queue
[2024-09-16T16:28:23.136+0000] {logging_mixin.py:190} INFO - [2024-09-16T16:28:23.136+0000] {dagbag.py:587} INFO - Filling up the DagBag from /home/airflow/.local/lib/python3.12/site-packages/airflow/example_dags/tutorial.py
[2024-09-16T16:28:23.149+0000] {processor.py:925} INFO - DAG(s) 'tutorial' retrieved from /home/airflow/.local/lib/python3.12/site-packages/airflow/example_dags/tutorial.py
[2024-09-16T16:28:23.182+0000] {logging_mixin.py:190} INFO - [2024-09-16T16:28:23.182+0000] {dag.py:3229} INFO - Sync 1 DAGs
[2024-09-16T16:28:23.220+0000] {logging_mixin.py:190} INFO - [2024-09-16T16:28:23.220+0000] {dag.py:4156} INFO - Setting next_dagrun for tutorial to 2024-09-15 00:00:00+00:00, run_after=2024-09-16 00:00:00+00:00
[2024-09-16T16:28:23.253+0000] {processor.py:208} INFO - Processing /home/airflow/.local/lib/python3.12/site-packages/airflow/example_dags/tutorial.py took 0.133 seconds
[2024-09-16T16:30:16.611+0000] {processor.py:186} INFO - Started process (PID=92) to work on /home/airflow/.local/lib/python3.12/site-packages/airflow/example_dags/tutorial.py
[2024-09-16T16:30:16.612+0000] {processor.py:914} INFO - Processing file /home/airflow/.local/lib/python3.12/site-packages/airflow/example_dags/tutorial.py for tasks to queue
[2024-09-16T16:30:16.615+0000] {logging_mixin.py:190} INFO - [2024-09-16T16:30:16.615+0000] {dagbag.py:587} INFO - Filling up the DagBag from /home/airflow/.local/lib/python3.12/site-packages/airflow/example_dags/tutorial.py
[2024-09-16T16:30:16.625+0000] {processor.py:925} INFO - DAG(s) 'tutorial' retrieved from /home/airflow/.local/lib/python3.12/site-packages/airflow/example_dags/tutorial.py
[2024-09-16T16:30:16.657+0000] {logging_mixin.py:190} INFO - [2024-09-16T16:30:16.656+0000] {dag.py:3229} INFO - Sync 1 DAGs
[2024-09-16T16:30:16.688+0000] {logging_mixin.py:190} INFO - [2024-09-16T16:30:16.688+0000] {dag.py:4156} INFO - Setting next_dagrun for tutorial to 2024-09-15 00:00:00+00:00, run_after=2024-09-16 00:00:00+00:00
[2024-09-16T16:30:16.711+0000] {processor.py:208} INFO - Processing /home/airflow/.local/lib/python3.12/site-packages/airflow/example_dags/tutorial.py took 0.107 seconds
[2024-09-16T16:30:46.906+0000] {processor.py:186} INFO - Started process (PID=154) to work on /home/airflow/.local/lib/python3.12/site-packages/airflow/example_dags/tutorial.py
[2024-09-16T16:30:46.907+0000] {processor.py:914} INFO - Processing file /home/airflow/.local/lib/python3.12/site-packages/airflow/example_dags/tutorial.py for tasks to queue
[2024-09-16T16:30:46.910+0000] {logging_mixin.py:190} INFO - [2024-09-16T16:30:46.909+0000] {dagbag.py:587} INFO - Filling up the DagBag from /home/airflow/.local/lib/python3.12/site-packages/airflow/example_dags/tutorial.py
[2024-09-16T16:30:46.916+0000] {processor.py:925} INFO - DAG(s) 'tutorial' retrieved from /home/airflow/.local/lib/python3.12/site-packages/airflow/example_dags/tutorial.py
[2024-09-16T16:30:46.936+0000] {logging_mixin.py:190} INFO - [2024-09-16T16:30:46.936+0000] {dag.py:3229} INFO - Sync 1 DAGs
[2024-09-16T16:30:46.955+0000] {logging_mixin.py:190} INFO - [2024-09-16T16:30:46.955+0000] {dag.py:4156} INFO - Setting next_dagrun for tutorial to 2024-09-15 00:00:00+00:00, run_after=2024-09-16 00:00:00+00:00
[2024-09-16T16:30:46.973+0000] {processor.py:208} INFO - Processing /home/airflow/.local/lib/python3.12/site-packages/airflow/example_dags/tutorial.py took 0.072 seconds
[2024-09-16T16:31:17.604+0000] {processor.py:186} INFO - Started process (PID=216) to work on /home/airflow/.local/lib/python3.12/site-packages/airflow/example_dags/tutorial.py
[2024-09-16T16:31:17.605+0000] {processor.py:914} INFO - Processing file /home/airflow/.local/lib/python3.12/site-packages/airflow/example_dags/tutorial.py for tasks to queue
[2024-09-16T16:31:17.608+0000] {logging_mixin.py:190} INFO - [2024-09-16T16:31:17.607+0000] {dagbag.py:587} INFO - Filling up the DagBag from /home/airflow/.local/lib/python3.12/site-packages/airflow/example_dags/tutorial.py
[2024-09-16T16:31:17.615+0000] {processor.py:925} INFO - DAG(s) 'tutorial' retrieved from /home/airflow/.local/lib/python3.12/site-packages/airflow/example_dags/tutorial.py
[2024-09-16T16:31:17.634+0000] {logging_mixin.py:190} INFO - [2024-09-16T16:31:17.634+0000] {dag.py:3229} INFO - Sync 1 DAGs
[2024-09-16T16:31:17.653+0000] {logging_mixin.py:190} INFO - [2024-09-16T16:31:17.653+0000] {dag.py:4156} INFO - Setting next_dagrun for tutorial to 2024-09-15 00:00:00+00:00, run_after=2024-09-16 00:00:00+00:00
[2024-09-16T16:31:17.673+0000] {processor.py:208} INFO - Processing /home/airflow/.local/lib/python3.12/site-packages/airflow/example_dags/tutorial.py took 0.074 seconds
[2024-09-16T16:31:47.943+0000] {processor.py:186} INFO - Started process (PID=278) to work on /home/airflow/.local/lib/python3.12/site-packages/airflow/example_dags/tutorial.py
[2024-09-16T16:31:47.944+0000] {processor.py:914} INFO - Processing file /home/airflow/.local/lib/python3.12/site-packages/airflow/example_dags/tutorial.py for tasks to queue
[2024-09-16T16:31:47.946+0000] {logging_mixin.py:190} INFO - [2024-09-16T16:31:47.946+0000] {dagbag.py:587} INFO - Filling up the DagBag from /home/airflow/.local/lib/python3.12/site-packages/airflow/example_dags/tutorial.py
[2024-09-16T16:31:47.952+0000] {processor.py:925} INFO - DAG(s) 'tutorial' retrieved from /home/airflow/.local/lib/python3.12/site-packages/airflow/example_dags/tutorial.py
[2024-09-16T16:31:47.970+0000] {logging_mixin.py:190} INFO - [2024-09-16T16:31:47.970+0000] {dag.py:3229} INFO - Sync 1 DAGs
[2024-09-16T16:31:47.987+0000] {logging_mixin.py:190} INFO - [2024-09-16T16:31:47.987+0000] {dag.py:4156} INFO - Setting next_dagrun for tutorial to 2024-09-15 00:00:00+00:00, run_after=2024-09-16 00:00:00+00:00
[2024-09-16T16:31:48.005+0000] {processor.py:208} INFO - Processing /home/airflow/.local/lib/python3.12/site-packages/airflow/example_dags/tutorial.py took 0.067 seconds
[2024-09-16T16:32:18.318+0000] {processor.py:186} INFO - Started process (PID=340) to work on /home/airflow/.local/lib/python3.12/site-packages/airflow/example_dags/tutorial.py
[2024-09-16T16:32:18.319+0000] {processor.py:914} INFO - Processing file /home/airflow/.local/lib/python3.12/site-packages/airflow/example_dags/tutorial.py for tasks to queue
[2024-09-16T16:32:18.322+0000] {logging_mixin.py:190} INFO - [2024-09-16T16:32:18.321+0000] {dagbag.py:587} INFO - Filling up the DagBag from /home/airflow/.local/lib/python3.12/site-packages/airflow/example_dags/tutorial.py
[2024-09-16T16:32:18.329+0000] {processor.py:925} INFO - DAG(s) 'tutorial' retrieved from /home/airflow/.local/lib/python3.12/site-packages/airflow/example_dags/tutorial.py
[2024-09-16T16:32:18.348+0000] {logging_mixin.py:190} INFO - [2024-09-16T16:32:18.348+0000] {dag.py:3229} INFO - Sync 1 DAGs
[2024-09-16T16:32:18.366+0000] {logging_mixin.py:190} INFO - [2024-09-16T16:32:18.366+0000] {dag.py:4156} INFO - Setting next_dagrun for tutorial to 2024-09-15 00:00:00+00:00, run_after=2024-09-16 00:00:00+00:00
[2024-09-16T16:32:18.382+0000] {processor.py:208} INFO - Processing /home/airflow/.local/lib/python3.12/site-packages/airflow/example_dags/tutorial.py took 0.069 seconds
[2024-09-16T16:32:49.070+0000] {processor.py:186} INFO - Started process (PID=402) to work on /home/airflow/.local/lib/python3.12/site-packages/airflow/example_dags/tutorial.py
[2024-09-16T16:32:49.071+0000] {processor.py:914} INFO - Processing file /home/airflow/.local/lib/python3.12/site-packages/airflow/example_dags/tutorial.py for tasks to queue
[2024-09-16T16:32:49.073+0000] {logging_mixin.py:190} INFO - [2024-09-16T16:32:49.073+0000] {dagbag.py:587} INFO - Filling up the DagBag from /home/airflow/.local/lib/python3.12/site-packages/airflow/example_dags/tutorial.py
[2024-09-16T16:32:49.079+0000] {processor.py:925} INFO - DAG(s) 'tutorial' retrieved from /home/airflow/.local/lib/python3.12/site-packages/airflow/example_dags/tutorial.py
[2024-09-16T16:32:49.097+0000] {logging_mixin.py:190} INFO - [2024-09-16T16:32:49.097+0000] {dag.py:3229} INFO - Sync 1 DAGs
[2024-09-16T16:32:49.115+0000] {logging_mixin.py:190} INFO - [2024-09-16T16:32:49.115+0000] {dag.py:4156} INFO - Setting next_dagrun for tutorial to 2024-09-15 00:00:00+00:00, run_after=2024-09-16 00:00:00+00:00
[2024-09-16T16:32:49.133+0000] {processor.py:208} INFO - Processing /home/airflow/.local/lib/python3.12/site-packages/airflow/example_dags/tutorial.py took 0.066 seconds
[2024-09-16T16:33:19.369+0000] {processor.py:186} INFO - Started process (PID=464) to work on /home/airflow/.local/lib/python3.12/site-packages/airflow/example_dags/tutorial.py
[2024-09-16T16:33:19.370+0000] {processor.py:914} INFO - Processing file /home/airflow/.local/lib/python3.12/site-packages/airflow/example_dags/tutorial.py for tasks to queue
[2024-09-16T16:33:19.372+0000] {logging_mixin.py:190} INFO - [2024-09-16T16:33:19.372+0000] {dagbag.py:587} INFO - Filling up the DagBag from /home/airflow/.local/lib/python3.12/site-packages/airflow/example_dags/tutorial.py
[2024-09-16T16:33:19.378+0000] {processor.py:925} INFO - DAG(s) 'tutorial' retrieved from /home/airflow/.local/lib/python3.12/site-packages/airflow/example_dags/tutorial.py
[2024-09-16T16:33:19.397+0000] {logging_mixin.py:190} INFO - [2024-09-16T16:33:19.397+0000] {dag.py:3229} INFO - Sync 1 DAGs
[2024-09-16T16:33:19.416+0000] {logging_mixin.py:190} INFO - [2024-09-16T16:33:19.416+0000] {dag.py:4156} INFO - Setting next_dagrun for tutorial to 2024-09-15 00:00:00+00:00, run_after=2024-09-16 00:00:00+00:00
[2024-09-16T16:33:19.431+0000] {processor.py:208} INFO - Processing /home/airflow/.local/lib/python3.12/site-packages/airflow/example_dags/tutorial.py took 0.066 seconds
[2024-09-16T16:33:49.850+0000] {processor.py:186} INFO - Started process (PID=526) to work on /home/airflow/.local/lib/python3.12/site-packages/airflow/example_dags/tutorial.py
[2024-09-16T16:33:49.851+0000] {processor.py:914} INFO - Processing file /home/airflow/.local/lib/python3.12/site-packages/airflow/example_dags/tutorial.py for tasks to queue
[2024-09-16T16:33:49.854+0000] {logging_mixin.py:190} INFO - [2024-09-16T16:33:49.854+0000] {dagbag.py:587} INFO - Filling up the DagBag from /home/airflow/.local/lib/python3.12/site-packages/airflow/example_dags/tutorial.py
[2024-09-16T16:33:49.861+0000] {processor.py:925} INFO - DAG(s) 'tutorial' retrieved from /home/airflow/.local/lib/python3.12/site-packages/airflow/example_dags/tutorial.py
[2024-09-16T16:33:49.880+0000] {logging_mixin.py:190} INFO - [2024-09-16T16:33:49.879+0000] {dag.py:3229} INFO - Sync 1 DAGs
[2024-09-16T16:33:49.904+0000] {logging_mixin.py:190} INFO - [2024-09-16T16:33:49.904+0000] {dag.py:4156} INFO - Setting next_dagrun for tutorial to 2024-09-15 00:00:00+00:00, run_after=2024-09-16 00:00:00+00:00
[2024-09-16T16:33:49.921+0000] {processor.py:208} INFO - Processing /home/airflow/.local/lib/python3.12/site-packages/airflow/example_dags/tutorial.py took 0.076 seconds
[2024-09-16T16:34:20.284+0000] {processor.py:186} INFO - Started process (PID=588) to work on /home/airflow/.local/lib/python3.12/site-packages/airflow/example_dags/tutorial.py
[2024-09-16T16:34:20.285+0000] {processor.py:914} INFO - Processing file /home/airflow/.local/lib/python3.12/site-packages/airflow/example_dags/tutorial.py for tasks to queue
[2024-09-16T16:34:20.287+0000] {logging_mixin.py:190} INFO - [2024-09-16T16:34:20.287+0000] {dagbag.py:587} INFO - Filling up the DagBag from /home/airflow/.local/lib/python3.12/site-packages/airflow/example_dags/tutorial.py
[2024-09-16T16:34:20.293+0000] {processor.py:925} INFO - DAG(s) 'tutorial' retrieved from /home/airflow/.local/lib/python3.12/site-packages/airflow/example_dags/tutorial.py
[2024-09-16T16:34:20.309+0000] {logging_mixin.py:190} INFO - [2024-09-16T16:34:20.308+0000] {dag.py:3229} INFO - Sync 1 DAGs
[2024-09-16T16:34:20.329+0000] {logging_mixin.py:190} INFO - [2024-09-16T16:34:20.329+0000] {dag.py:4156} INFO - Setting next_dagrun for tutorial to 2024-09-15 00:00:00+00:00, run_after=2024-09-16 00:00:00+00:00
[2024-09-16T16:34:20.346+0000] {processor.py:208} INFO - Processing /home/airflow/.local/lib/python3.12/site-packages/airflow/example_dags/tutorial.py took 0.066 seconds
[2024-09-16T16:34:51.000+0000] {processor.py:186} INFO - Started process (PID=650) to work on /home/airflow/.local/lib/python3.12/site-packages/airflow/example_dags/tutorial.py
[2024-09-16T16:34:51.002+0000] {processor.py:914} INFO - Processing file /home/airflow/.local/lib/python3.12/site-packages/airflow/example_dags/tutorial.py for tasks to queue
[2024-09-16T16:34:51.004+0000] {logging_mixin.py:190} INFO - [2024-09-16T16:34:51.003+0000] {dagbag.py:587} INFO - Filling up the DagBag from /home/airflow/.local/lib/python3.12/site-packages/airflow/example_dags/tutorial.py
[2024-09-16T16:34:51.010+0000] {processor.py:925} INFO - DAG(s) 'tutorial' retrieved from /home/airflow/.local/lib/python3.12/site-packages/airflow/example_dags/tutorial.py
[2024-09-16T16:34:51.031+0000] {logging_mixin.py:190} INFO - [2024-09-16T16:34:51.030+0000] {dag.py:3229} INFO - Sync 1 DAGs
[2024-09-16T16:34:51.049+0000] {logging_mixin.py:190} INFO - [2024-09-16T16:34:51.049+0000] {dag.py:4156} INFO - Setting next_dagrun for tutorial to 2024-09-15 00:00:00+00:00, run_after=2024-09-16 00:00:00+00:00
[2024-09-16T16:34:51.066+0000] {processor.py:208} INFO - Processing /home/airflow/.local/lib/python3.12/site-packages/airflow/example_dags/tutorial.py took 0.070 seconds
[2024-09-16T16:35:21.510+0000] {processor.py:186} INFO - Started process (PID=713) to work on /home/airflow/.local/lib/python3.12/site-packages/airflow/example_dags/tutorial.py
[2024-09-16T16:35:21.511+0000] {processor.py:914} INFO - Processing file /home/airflow/.local/lib/python3.12/site-packages/airflow/example_dags/tutorial.py for tasks to queue
[2024-09-16T16:35:21.513+0000] {logging_mixin.py:190} INFO - [2024-09-16T16:35:21.513+0000] {dagbag.py:587} INFO - Filling up the DagBag from /home/airflow/.local/lib/python3.12/site-packages/airflow/example_dags/tutorial.py
[2024-09-16T16:35:21.519+0000] {processor.py:925} INFO - DAG(s) 'tutorial' retrieved from /home/airflow/.local/lib/python3.12/site-packages/airflow/example_dags/tutorial.py
[2024-09-16T16:35:21.536+0000] {logging_mixin.py:190} INFO - [2024-09-16T16:35:21.536+0000] {dag.py:3229} INFO - Sync 1 DAGs
[2024-09-16T16:35:21.554+0000] {logging_mixin.py:190} INFO - [2024-09-16T16:35:21.554+0000] {dag.py:4156} INFO - Setting next_dagrun for tutorial to 2024-09-15 00:00:00+00:00, run_after=2024-09-16 00:00:00+00:00
[2024-09-16T16:35:21.571+0000] {processor.py:208} INFO - Processing /home/airflow/.local/lib/python3.12/site-packages/airflow/example_dags/tutorial.py took 0.065 seconds
[2024-09-16T16:35:52.188+0000] {processor.py:186} INFO - Started process (PID=775) to work on /home/airflow/.local/lib/python3.12/site-packages/airflow/example_dags/tutorial.py
[2024-09-16T16:35:52.189+0000] {processor.py:914} INFO - Processing file /home/airflow/.local/lib/python3.12/site-packages/airflow/example_dags/tutorial.py for tasks to queue
[2024-09-16T16:35:52.194+0000] {logging_mixin.py:190} INFO - [2024-09-16T16:35:52.193+0000] {dagbag.py:587} INFO - Filling up the DagBag from /home/airflow/.local/lib/python3.12/site-packages/airflow/example_dags/tutorial.py
[2024-09-16T16:35:52.207+0000] {processor.py:925} INFO - DAG(s) 'tutorial' retrieved from /home/airflow/.local/lib/python3.12/site-packages/airflow/example_dags/tutorial.py
[2024-09-16T16:35:52.250+0000] {logging_mixin.py:190} INFO - [2024-09-16T16:35:52.250+0000] {dag.py:3229} INFO - Sync 1 DAGs
[2024-09-16T16:35:52.304+0000] {logging_mixin.py:190} INFO - [2024-09-16T16:35:52.303+0000] {dag.py:4156} INFO - Setting next_dagrun for tutorial to 2024-09-15 00:00:00+00:00, run_after=2024-09-16 00:00:00+00:00
[2024-09-16T16:35:52.336+0000] {processor.py:208} INFO - Processing /home/airflow/.local/lib/python3.12/site-packages/airflow/example_dags/tutorial.py took 0.155 seconds
[2024-09-16T16:36:22.679+0000] {processor.py:186} INFO - Started process (PID=837) to work on /home/airflow/.local/lib/python3.12/site-packages/airflow/example_dags/tutorial.py
[2024-09-16T16:36:22.680+0000] {processor.py:914} INFO - Processing file /home/airflow/.local/lib/python3.12/site-packages/airflow/example_dags/tutorial.py for tasks to queue
[2024-09-16T16:36:22.684+0000] {logging_mixin.py:190} INFO - [2024-09-16T16:36:22.683+0000] {dagbag.py:587} INFO - Filling up the DagBag from /home/airflow/.local/lib/python3.12/site-packages/airflow/example_dags/tutorial.py
[2024-09-16T16:36:22.695+0000] {processor.py:925} INFO - DAG(s) 'tutorial' retrieved from /home/airflow/.local/lib/python3.12/site-packages/airflow/example_dags/tutorial.py
[2024-09-16T16:36:22.719+0000] {logging_mixin.py:190} INFO - [2024-09-16T16:36:22.718+0000] {dag.py:3229} INFO - Sync 1 DAGs
[2024-09-16T16:36:22.747+0000] {logging_mixin.py:190} INFO - [2024-09-16T16:36:22.747+0000] {dag.py:4156} INFO - Setting next_dagrun for tutorial to 2024-09-15 00:00:00+00:00, run_after=2024-09-16 00:00:00+00:00
[2024-09-16T16:36:22.771+0000] {processor.py:208} INFO - Processing /home/airflow/.local/lib/python3.12/site-packages/airflow/example_dags/tutorial.py took 0.100 seconds
[2024-09-16T16:36:53.584+0000] {processor.py:186} INFO - Started process (PID=899) to work on /home/airflow/.local/lib/python3.12/site-packages/airflow/example_dags/tutorial.py
[2024-09-16T16:36:53.585+0000] {processor.py:914} INFO - Processing file /home/airflow/.local/lib/python3.12/site-packages/airflow/example_dags/tutorial.py for tasks to queue
[2024-09-16T16:36:53.587+0000] {logging_mixin.py:190} INFO - [2024-09-16T16:36:53.587+0000] {dagbag.py:587} INFO - Filling up the DagBag from /home/airflow/.local/lib/python3.12/site-packages/airflow/example_dags/tutorial.py
[2024-09-16T16:36:53.593+0000] {processor.py:925} INFO - DAG(s) 'tutorial' retrieved from /home/airflow/.local/lib/python3.12/site-packages/airflow/example_dags/tutorial.py
[2024-09-16T16:36:53.612+0000] {logging_mixin.py:190} INFO - [2024-09-16T16:36:53.611+0000] {dag.py:3229} INFO - Sync 1 DAGs
[2024-09-16T16:36:53.632+0000] {logging_mixin.py:190} INFO - [2024-09-16T16:36:53.632+0000] {dag.py:4156} INFO - Setting next_dagrun for tutorial to 2024-09-15 00:00:00+00:00, run_after=2024-09-16 00:00:00+00:00
[2024-09-16T16:36:53.650+0000] {processor.py:208} INFO - Processing /home/airflow/.local/lib/python3.12/site-packages/airflow/example_dags/tutorial.py took 0.070 seconds
[2024-09-16T16:37:23.988+0000] {processor.py:186} INFO - Started process (PID=961) to work on /home/airflow/.local/lib/python3.12/site-packages/airflow/example_dags/tutorial.py
[2024-09-16T16:37:23.989+0000] {processor.py:914} INFO - Processing file /home/airflow/.local/lib/python3.12/site-packages/airflow/example_dags/tutorial.py for tasks to queue
[2024-09-16T16:37:23.993+0000] {logging_mixin.py:190} INFO - [2024-09-16T16:37:23.992+0000] {dagbag.py:587} INFO - Filling up the DagBag from /home/airflow/.local/lib/python3.12/site-packages/airflow/example_dags/tutorial.py
[2024-09-16T16:37:24.000+0000] {processor.py:925} INFO - DAG(s) 'tutorial' retrieved from /home/airflow/.local/lib/python3.12/site-packages/airflow/example_dags/tutorial.py
[2024-09-16T16:37:24.020+0000] {logging_mixin.py:190} INFO - [2024-09-16T16:37:24.019+0000] {dag.py:3229} INFO - Sync 1 DAGs
[2024-09-16T16:37:24.041+0000] {logging_mixin.py:190} INFO - [2024-09-16T16:37:24.040+0000] {dag.py:4156} INFO - Setting next_dagrun for tutorial to 2024-09-15 00:00:00+00:00, run_after=2024-09-16 00:00:00+00:00
[2024-09-16T16:37:24.060+0000] {processor.py:208} INFO - Processing /home/airflow/.local/lib/python3.12/site-packages/airflow/example_dags/tutorial.py took 0.077 seconds
