[2024-09-16T16:25:44.143+0000] {processor.py:186} INFO - Started process (PID=96) to work on /home/airflow/.local/lib/python3.12/site-packages/airflow/example_dags/tutorial_dag.py
[2024-09-16T16:25:44.145+0000] {processor.py:914} INFO - Processing file /home/airflow/.local/lib/python3.12/site-packages/airflow/example_dags/tutorial_dag.py for tasks to queue
[2024-09-16T16:25:44.148+0000] {logging_mixin.py:190} INFO - [2024-09-16T16:25:44.148+0000] {dagbag.py:587} INFO - Filling up the DagBag from /home/airflow/.local/lib/python3.12/site-packages/airflow/example_dags/tutorial_dag.py
[2024-09-16T16:25:44.160+0000] {processor.py:925} INFO - DAG(s) 'tutorial_dag' retrieved from /home/airflow/.local/lib/python3.12/site-packages/airflow/example_dags/tutorial_dag.py
[2024-09-16T16:25:44.346+0000] {logging_mixin.py:190} INFO - [2024-09-16T16:25:44.345+0000] {override.py:1900} INFO - Created Permission View: can edit on DAG:tutorial_dag
[2024-09-16T16:25:44.363+0000] {logging_mixin.py:190} INFO - [2024-09-16T16:25:44.362+0000] {override.py:1900} INFO - Created Permission View: can delete on DAG:tutorial_dag
[2024-09-16T16:25:44.380+0000] {logging_mixin.py:190} INFO - [2024-09-16T16:25:44.379+0000] {override.py:1900} INFO - Created Permission View: can read on DAG:tutorial_dag
[2024-09-16T16:25:44.394+0000] {logging_mixin.py:190} INFO - [2024-09-16T16:25:44.394+0000] {override.py:1900} INFO - Created Permission View: can delete on DAG Run:tutorial_dag
[2024-09-16T16:25:44.403+0000] {logging_mixin.py:190} INFO - [2024-09-16T16:25:44.403+0000] {override.py:1900} INFO - Created Permission View: can create on DAG Run:tutorial_dag
[2024-09-16T16:25:44.414+0000] {logging_mixin.py:190} INFO - [2024-09-16T16:25:44.413+0000] {override.py:1900} INFO - Created Permission View: menu access on DAG Run:tutorial_dag
[2024-09-16T16:25:44.425+0000] {logging_mixin.py:190} INFO - [2024-09-16T16:25:44.424+0000] {override.py:1900} INFO - Created Permission View: can read on DAG Run:tutorial_dag
[2024-09-16T16:25:44.426+0000] {logging_mixin.py:190} INFO - [2024-09-16T16:25:44.426+0000] {dag.py:3229} INFO - Sync 1 DAGs
[2024-09-16T16:25:44.458+0000] {logging_mixin.py:190} INFO - [2024-09-16T16:25:44.458+0000] {dag.py:3252} INFO - Creating ORM DAG for tutorial_dag
[2024-09-16T16:25:44.460+0000] {logging_mixin.py:190} INFO - [2024-09-16T16:25:44.460+0000] {dag.py:4156} INFO - Setting next_dagrun for tutorial_dag to None, run_after=None
[2024-09-16T16:25:44.487+0000] {processor.py:208} INFO - Processing /home/airflow/.local/lib/python3.12/site-packages/airflow/example_dags/tutorial_dag.py took 0.353 seconds
[2024-09-16T16:26:15.185+0000] {processor.py:186} INFO - Started process (PID=158) to work on /home/airflow/.local/lib/python3.12/site-packages/airflow/example_dags/tutorial_dag.py
[2024-09-16T16:26:15.187+0000] {processor.py:914} INFO - Processing file /home/airflow/.local/lib/python3.12/site-packages/airflow/example_dags/tutorial_dag.py for tasks to queue
[2024-09-16T16:26:15.190+0000] {logging_mixin.py:190} INFO - [2024-09-16T16:26:15.189+0000] {dagbag.py:587} INFO - Filling up the DagBag from /home/airflow/.local/lib/python3.12/site-packages/airflow/example_dags/tutorial_dag.py
[2024-09-16T16:26:15.198+0000] {processor.py:925} INFO - DAG(s) 'tutorial_dag' retrieved from /home/airflow/.local/lib/python3.12/site-packages/airflow/example_dags/tutorial_dag.py
[2024-09-16T16:26:15.235+0000] {logging_mixin.py:190} INFO - [2024-09-16T16:26:15.234+0000] {dag.py:3229} INFO - Sync 1 DAGs
[2024-09-16T16:26:15.251+0000] {logging_mixin.py:190} INFO - [2024-09-16T16:26:15.250+0000] {dag.py:4156} INFO - Setting next_dagrun for tutorial_dag to None, run_after=None
[2024-09-16T16:26:15.270+0000] {processor.py:208} INFO - Processing /home/airflow/.local/lib/python3.12/site-packages/airflow/example_dags/tutorial_dag.py took 0.093 seconds
[2024-09-16T16:26:46.705+0000] {processor.py:186} INFO - Started process (PID=220) to work on /home/airflow/.local/lib/python3.12/site-packages/airflow/example_dags/tutorial_dag.py
[2024-09-16T16:26:46.707+0000] {processor.py:914} INFO - Processing file /home/airflow/.local/lib/python3.12/site-packages/airflow/example_dags/tutorial_dag.py for tasks to queue
[2024-09-16T16:26:46.713+0000] {logging_mixin.py:190} INFO - [2024-09-16T16:26:46.712+0000] {dagbag.py:587} INFO - Filling up the DagBag from /home/airflow/.local/lib/python3.12/site-packages/airflow/example_dags/tutorial_dag.py
[2024-09-16T16:26:46.734+0000] {processor.py:925} INFO - DAG(s) 'tutorial_dag' retrieved from /home/airflow/.local/lib/python3.12/site-packages/airflow/example_dags/tutorial_dag.py
[2024-09-16T16:26:46.779+0000] {logging_mixin.py:190} INFO - [2024-09-16T16:26:46.779+0000] {dag.py:3229} INFO - Sync 1 DAGs
[2024-09-16T16:26:46.810+0000] {logging_mixin.py:190} INFO - [2024-09-16T16:26:46.810+0000] {dag.py:4156} INFO - Setting next_dagrun for tutorial_dag to None, run_after=None
[2024-09-16T16:26:46.861+0000] {processor.py:208} INFO - Processing /home/airflow/.local/lib/python3.12/site-packages/airflow/example_dags/tutorial_dag.py took 0.172 seconds
[2024-09-16T16:27:17.615+0000] {processor.py:186} INFO - Started process (PID=282) to work on /home/airflow/.local/lib/python3.12/site-packages/airflow/example_dags/tutorial_dag.py
[2024-09-16T16:27:17.617+0000] {processor.py:914} INFO - Processing file /home/airflow/.local/lib/python3.12/site-packages/airflow/example_dags/tutorial_dag.py for tasks to queue
[2024-09-16T16:27:17.620+0000] {logging_mixin.py:190} INFO - [2024-09-16T16:27:17.620+0000] {dagbag.py:587} INFO - Filling up the DagBag from /home/airflow/.local/lib/python3.12/site-packages/airflow/example_dags/tutorial_dag.py
[2024-09-16T16:27:17.630+0000] {processor.py:925} INFO - DAG(s) 'tutorial_dag' retrieved from /home/airflow/.local/lib/python3.12/site-packages/airflow/example_dags/tutorial_dag.py
[2024-09-16T16:27:17.660+0000] {logging_mixin.py:190} INFO - [2024-09-16T16:27:17.659+0000] {dag.py:3229} INFO - Sync 1 DAGs
[2024-09-16T16:27:17.682+0000] {logging_mixin.py:190} INFO - [2024-09-16T16:27:17.682+0000] {dag.py:4156} INFO - Setting next_dagrun for tutorial_dag to None, run_after=None
[2024-09-16T16:27:17.707+0000] {processor.py:208} INFO - Processing /home/airflow/.local/lib/python3.12/site-packages/airflow/example_dags/tutorial_dag.py took 0.099 seconds
[2024-09-16T16:27:52.222+0000] {processor.py:186} INFO - Started process (PID=344) to work on /home/airflow/.local/lib/python3.12/site-packages/airflow/example_dags/tutorial_dag.py
[2024-09-16T16:27:52.224+0000] {processor.py:914} INFO - Processing file /home/airflow/.local/lib/python3.12/site-packages/airflow/example_dags/tutorial_dag.py for tasks to queue
[2024-09-16T16:27:52.229+0000] {logging_mixin.py:190} INFO - [2024-09-16T16:27:52.229+0000] {dagbag.py:587} INFO - Filling up the DagBag from /home/airflow/.local/lib/python3.12/site-packages/airflow/example_dags/tutorial_dag.py
[2024-09-16T16:27:52.244+0000] {processor.py:925} INFO - DAG(s) 'tutorial_dag' retrieved from /home/airflow/.local/lib/python3.12/site-packages/airflow/example_dags/tutorial_dag.py
[2024-09-16T16:27:52.283+0000] {logging_mixin.py:190} INFO - [2024-09-16T16:27:52.282+0000] {dag.py:3229} INFO - Sync 1 DAGs
[2024-09-16T16:27:52.315+0000] {logging_mixin.py:190} INFO - [2024-09-16T16:27:52.315+0000] {dag.py:4156} INFO - Setting next_dagrun for tutorial_dag to None, run_after=None
[2024-09-16T16:27:52.362+0000] {processor.py:208} INFO - Processing /home/airflow/.local/lib/python3.12/site-packages/airflow/example_dags/tutorial_dag.py took 0.152 seconds
[2024-09-16T16:28:23.133+0000] {processor.py:186} INFO - Started process (PID=406) to work on /home/airflow/.local/lib/python3.12/site-packages/airflow/example_dags/tutorial_dag.py
[2024-09-16T16:28:23.135+0000] {processor.py:914} INFO - Processing file /home/airflow/.local/lib/python3.12/site-packages/airflow/example_dags/tutorial_dag.py for tasks to queue
[2024-09-16T16:28:23.139+0000] {logging_mixin.py:190} INFO - [2024-09-16T16:28:23.138+0000] {dagbag.py:587} INFO - Filling up the DagBag from /home/airflow/.local/lib/python3.12/site-packages/airflow/example_dags/tutorial_dag.py
[2024-09-16T16:28:23.152+0000] {processor.py:925} INFO - DAG(s) 'tutorial_dag' retrieved from /home/airflow/.local/lib/python3.12/site-packages/airflow/example_dags/tutorial_dag.py
[2024-09-16T16:28:23.182+0000] {logging_mixin.py:190} INFO - [2024-09-16T16:28:23.182+0000] {dag.py:3229} INFO - Sync 1 DAGs
[2024-09-16T16:28:23.210+0000] {logging_mixin.py:190} INFO - [2024-09-16T16:28:23.210+0000] {dag.py:4156} INFO - Setting next_dagrun for tutorial_dag to None, run_after=None
[2024-09-16T16:28:23.242+0000] {processor.py:208} INFO - Processing /home/airflow/.local/lib/python3.12/site-packages/airflow/example_dags/tutorial_dag.py took 0.118 seconds
[2024-09-16T16:30:16.691+0000] {processor.py:186} INFO - Started process (PID=93) to work on /home/airflow/.local/lib/python3.12/site-packages/airflow/example_dags/tutorial_dag.py
[2024-09-16T16:30:16.692+0000] {processor.py:914} INFO - Processing file /home/airflow/.local/lib/python3.12/site-packages/airflow/example_dags/tutorial_dag.py for tasks to queue
[2024-09-16T16:30:16.695+0000] {logging_mixin.py:190} INFO - [2024-09-16T16:30:16.695+0000] {dagbag.py:587} INFO - Filling up the DagBag from /home/airflow/.local/lib/python3.12/site-packages/airflow/example_dags/tutorial_dag.py
[2024-09-16T16:30:16.708+0000] {processor.py:925} INFO - DAG(s) 'tutorial_dag' retrieved from /home/airflow/.local/lib/python3.12/site-packages/airflow/example_dags/tutorial_dag.py
[2024-09-16T16:30:16.739+0000] {logging_mixin.py:190} INFO - [2024-09-16T16:30:16.739+0000] {dag.py:3229} INFO - Sync 1 DAGs
[2024-09-16T16:30:16.757+0000] {logging_mixin.py:190} INFO - [2024-09-16T16:30:16.756+0000] {dag.py:4156} INFO - Setting next_dagrun for tutorial_dag to None, run_after=None
[2024-09-16T16:30:16.778+0000] {processor.py:208} INFO - Processing /home/airflow/.local/lib/python3.12/site-packages/airflow/example_dags/tutorial_dag.py took 0.094 seconds
[2024-09-16T16:30:47.014+0000] {processor.py:186} INFO - Started process (PID=155) to work on /home/airflow/.local/lib/python3.12/site-packages/airflow/example_dags/tutorial_dag.py
[2024-09-16T16:30:47.015+0000] {processor.py:914} INFO - Processing file /home/airflow/.local/lib/python3.12/site-packages/airflow/example_dags/tutorial_dag.py for tasks to queue
[2024-09-16T16:30:47.017+0000] {logging_mixin.py:190} INFO - [2024-09-16T16:30:47.017+0000] {dagbag.py:587} INFO - Filling up the DagBag from /home/airflow/.local/lib/python3.12/site-packages/airflow/example_dags/tutorial_dag.py
[2024-09-16T16:30:47.023+0000] {processor.py:925} INFO - DAG(s) 'tutorial_dag' retrieved from /home/airflow/.local/lib/python3.12/site-packages/airflow/example_dags/tutorial_dag.py
[2024-09-16T16:30:47.041+0000] {logging_mixin.py:190} INFO - [2024-09-16T16:30:47.041+0000] {dag.py:3229} INFO - Sync 1 DAGs
[2024-09-16T16:30:47.053+0000] {logging_mixin.py:190} INFO - [2024-09-16T16:30:47.052+0000] {dag.py:4156} INFO - Setting next_dagrun for tutorial_dag to None, run_after=None
[2024-09-16T16:30:47.071+0000] {processor.py:208} INFO - Processing /home/airflow/.local/lib/python3.12/site-packages/airflow/example_dags/tutorial_dag.py took 0.061 seconds
[2024-09-16T16:31:17.701+0000] {processor.py:186} INFO - Started process (PID=217) to work on /home/airflow/.local/lib/python3.12/site-packages/airflow/example_dags/tutorial_dag.py
[2024-09-16T16:31:17.702+0000] {processor.py:914} INFO - Processing file /home/airflow/.local/lib/python3.12/site-packages/airflow/example_dags/tutorial_dag.py for tasks to queue
[2024-09-16T16:31:17.704+0000] {logging_mixin.py:190} INFO - [2024-09-16T16:31:17.703+0000] {dagbag.py:587} INFO - Filling up the DagBag from /home/airflow/.local/lib/python3.12/site-packages/airflow/example_dags/tutorial_dag.py
[2024-09-16T16:31:17.710+0000] {processor.py:925} INFO - DAG(s) 'tutorial_dag' retrieved from /home/airflow/.local/lib/python3.12/site-packages/airflow/example_dags/tutorial_dag.py
[2024-09-16T16:31:17.728+0000] {logging_mixin.py:190} INFO - [2024-09-16T16:31:17.728+0000] {dag.py:3229} INFO - Sync 1 DAGs
[2024-09-16T16:31:17.739+0000] {logging_mixin.py:190} INFO - [2024-09-16T16:31:17.739+0000] {dag.py:4156} INFO - Setting next_dagrun for tutorial_dag to None, run_after=None
[2024-09-16T16:31:17.756+0000] {processor.py:208} INFO - Processing /home/airflow/.local/lib/python3.12/site-packages/airflow/example_dags/tutorial_dag.py took 0.060 seconds
[2024-09-16T16:31:48.037+0000] {processor.py:186} INFO - Started process (PID=279) to work on /home/airflow/.local/lib/python3.12/site-packages/airflow/example_dags/tutorial_dag.py
[2024-09-16T16:31:48.038+0000] {processor.py:914} INFO - Processing file /home/airflow/.local/lib/python3.12/site-packages/airflow/example_dags/tutorial_dag.py for tasks to queue
[2024-09-16T16:31:48.040+0000] {logging_mixin.py:190} INFO - [2024-09-16T16:31:48.039+0000] {dagbag.py:587} INFO - Filling up the DagBag from /home/airflow/.local/lib/python3.12/site-packages/airflow/example_dags/tutorial_dag.py
[2024-09-16T16:31:48.045+0000] {processor.py:925} INFO - DAG(s) 'tutorial_dag' retrieved from /home/airflow/.local/lib/python3.12/site-packages/airflow/example_dags/tutorial_dag.py
[2024-09-16T16:31:48.062+0000] {logging_mixin.py:190} INFO - [2024-09-16T16:31:48.062+0000] {dag.py:3229} INFO - Sync 1 DAGs
[2024-09-16T16:31:48.073+0000] {logging_mixin.py:190} INFO - [2024-09-16T16:31:48.073+0000] {dag.py:4156} INFO - Setting next_dagrun for tutorial_dag to None, run_after=None
[2024-09-16T16:31:48.088+0000] {processor.py:208} INFO - Processing /home/airflow/.local/lib/python3.12/site-packages/airflow/example_dags/tutorial_dag.py took 0.056 seconds
[2024-09-16T16:32:18.348+0000] {processor.py:186} INFO - Started process (PID=341) to work on /home/airflow/.local/lib/python3.12/site-packages/airflow/example_dags/tutorial_dag.py
[2024-09-16T16:32:18.349+0000] {processor.py:914} INFO - Processing file /home/airflow/.local/lib/python3.12/site-packages/airflow/example_dags/tutorial_dag.py for tasks to queue
[2024-09-16T16:32:18.351+0000] {logging_mixin.py:190} INFO - [2024-09-16T16:32:18.350+0000] {dagbag.py:587} INFO - Filling up the DagBag from /home/airflow/.local/lib/python3.12/site-packages/airflow/example_dags/tutorial_dag.py
[2024-09-16T16:32:18.357+0000] {processor.py:925} INFO - DAG(s) 'tutorial_dag' retrieved from /home/airflow/.local/lib/python3.12/site-packages/airflow/example_dags/tutorial_dag.py
[2024-09-16T16:32:18.374+0000] {logging_mixin.py:190} INFO - [2024-09-16T16:32:18.373+0000] {dag.py:3229} INFO - Sync 1 DAGs
[2024-09-16T16:32:18.386+0000] {logging_mixin.py:190} INFO - [2024-09-16T16:32:18.385+0000] {dag.py:4156} INFO - Setting next_dagrun for tutorial_dag to None, run_after=None
[2024-09-16T16:32:18.404+0000] {processor.py:208} INFO - Processing /home/airflow/.local/lib/python3.12/site-packages/airflow/example_dags/tutorial_dag.py took 0.061 seconds
[2024-09-16T16:32:49.069+0000] {processor.py:186} INFO - Started process (PID=403) to work on /home/airflow/.local/lib/python3.12/site-packages/airflow/example_dags/tutorial_dag.py
[2024-09-16T16:32:49.070+0000] {processor.py:914} INFO - Processing file /home/airflow/.local/lib/python3.12/site-packages/airflow/example_dags/tutorial_dag.py for tasks to queue
[2024-09-16T16:32:49.072+0000] {logging_mixin.py:190} INFO - [2024-09-16T16:32:49.072+0000] {dagbag.py:587} INFO - Filling up the DagBag from /home/airflow/.local/lib/python3.12/site-packages/airflow/example_dags/tutorial_dag.py
[2024-09-16T16:32:49.078+0000] {processor.py:925} INFO - DAG(s) 'tutorial_dag' retrieved from /home/airflow/.local/lib/python3.12/site-packages/airflow/example_dags/tutorial_dag.py
[2024-09-16T16:32:49.097+0000] {logging_mixin.py:190} INFO - [2024-09-16T16:32:49.097+0000] {dag.py:3229} INFO - Sync 1 DAGs
[2024-09-16T16:32:49.107+0000] {logging_mixin.py:190} INFO - [2024-09-16T16:32:49.107+0000] {dag.py:4156} INFO - Setting next_dagrun for tutorial_dag to None, run_after=None
[2024-09-16T16:32:49.131+0000] {processor.py:208} INFO - Processing /home/airflow/.local/lib/python3.12/site-packages/airflow/example_dags/tutorial_dag.py took 0.066 seconds
[2024-09-16T16:33:19.421+0000] {processor.py:186} INFO - Started process (PID=465) to work on /home/airflow/.local/lib/python3.12/site-packages/airflow/example_dags/tutorial_dag.py
[2024-09-16T16:33:19.422+0000] {processor.py:914} INFO - Processing file /home/airflow/.local/lib/python3.12/site-packages/airflow/example_dags/tutorial_dag.py for tasks to queue
[2024-09-16T16:33:19.424+0000] {logging_mixin.py:190} INFO - [2024-09-16T16:33:19.424+0000] {dagbag.py:587} INFO - Filling up the DagBag from /home/airflow/.local/lib/python3.12/site-packages/airflow/example_dags/tutorial_dag.py
[2024-09-16T16:33:19.430+0000] {processor.py:925} INFO - DAG(s) 'tutorial_dag' retrieved from /home/airflow/.local/lib/python3.12/site-packages/airflow/example_dags/tutorial_dag.py
[2024-09-16T16:33:19.448+0000] {logging_mixin.py:190} INFO - [2024-09-16T16:33:19.447+0000] {dag.py:3229} INFO - Sync 1 DAGs
[2024-09-16T16:33:19.460+0000] {logging_mixin.py:190} INFO - [2024-09-16T16:33:19.459+0000] {dag.py:4156} INFO - Setting next_dagrun for tutorial_dag to None, run_after=None
[2024-09-16T16:33:19.477+0000] {processor.py:208} INFO - Processing /home/airflow/.local/lib/python3.12/site-packages/airflow/example_dags/tutorial_dag.py took 0.061 seconds
[2024-09-16T16:33:49.863+0000] {processor.py:186} INFO - Started process (PID=527) to work on /home/airflow/.local/lib/python3.12/site-packages/airflow/example_dags/tutorial_dag.py
[2024-09-16T16:33:49.864+0000] {processor.py:914} INFO - Processing file /home/airflow/.local/lib/python3.12/site-packages/airflow/example_dags/tutorial_dag.py for tasks to queue
[2024-09-16T16:33:49.867+0000] {logging_mixin.py:190} INFO - [2024-09-16T16:33:49.867+0000] {dagbag.py:587} INFO - Filling up the DagBag from /home/airflow/.local/lib/python3.12/site-packages/airflow/example_dags/tutorial_dag.py
[2024-09-16T16:33:49.874+0000] {processor.py:925} INFO - DAG(s) 'tutorial_dag' retrieved from /home/airflow/.local/lib/python3.12/site-packages/airflow/example_dags/tutorial_dag.py
[2024-09-16T16:33:49.893+0000] {logging_mixin.py:190} INFO - [2024-09-16T16:33:49.893+0000] {dag.py:3229} INFO - Sync 1 DAGs
[2024-09-16T16:33:49.908+0000] {logging_mixin.py:190} INFO - [2024-09-16T16:33:49.908+0000] {dag.py:4156} INFO - Setting next_dagrun for tutorial_dag to None, run_after=None
[2024-09-16T16:33:49.924+0000] {processor.py:208} INFO - Processing /home/airflow/.local/lib/python3.12/site-packages/airflow/example_dags/tutorial_dag.py took 0.066 seconds
[2024-09-16T16:34:20.374+0000] {processor.py:186} INFO - Started process (PID=589) to work on /home/airflow/.local/lib/python3.12/site-packages/airflow/example_dags/tutorial_dag.py
[2024-09-16T16:34:20.375+0000] {processor.py:914} INFO - Processing file /home/airflow/.local/lib/python3.12/site-packages/airflow/example_dags/tutorial_dag.py for tasks to queue
[2024-09-16T16:34:20.377+0000] {logging_mixin.py:190} INFO - [2024-09-16T16:34:20.376+0000] {dagbag.py:587} INFO - Filling up the DagBag from /home/airflow/.local/lib/python3.12/site-packages/airflow/example_dags/tutorial_dag.py
[2024-09-16T16:34:20.382+0000] {processor.py:925} INFO - DAG(s) 'tutorial_dag' retrieved from /home/airflow/.local/lib/python3.12/site-packages/airflow/example_dags/tutorial_dag.py
[2024-09-16T16:34:20.398+0000] {logging_mixin.py:190} INFO - [2024-09-16T16:34:20.398+0000] {dag.py:3229} INFO - Sync 1 DAGs
[2024-09-16T16:34:20.409+0000] {logging_mixin.py:190} INFO - [2024-09-16T16:34:20.409+0000] {dag.py:4156} INFO - Setting next_dagrun for tutorial_dag to None, run_after=None
[2024-09-16T16:34:20.424+0000] {processor.py:208} INFO - Processing /home/airflow/.local/lib/python3.12/site-packages/airflow/example_dags/tutorial_dag.py took 0.054 seconds
[2024-09-16T16:34:51.105+0000] {processor.py:186} INFO - Started process (PID=651) to work on /home/airflow/.local/lib/python3.12/site-packages/airflow/example_dags/tutorial_dag.py
[2024-09-16T16:34:51.106+0000] {processor.py:914} INFO - Processing file /home/airflow/.local/lib/python3.12/site-packages/airflow/example_dags/tutorial_dag.py for tasks to queue
[2024-09-16T16:34:51.108+0000] {logging_mixin.py:190} INFO - [2024-09-16T16:34:51.108+0000] {dagbag.py:587} INFO - Filling up the DagBag from /home/airflow/.local/lib/python3.12/site-packages/airflow/example_dags/tutorial_dag.py
[2024-09-16T16:34:51.114+0000] {processor.py:925} INFO - DAG(s) 'tutorial_dag' retrieved from /home/airflow/.local/lib/python3.12/site-packages/airflow/example_dags/tutorial_dag.py
[2024-09-16T16:34:51.133+0000] {logging_mixin.py:190} INFO - [2024-09-16T16:34:51.132+0000] {dag.py:3229} INFO - Sync 1 DAGs
[2024-09-16T16:34:51.143+0000] {logging_mixin.py:190} INFO - [2024-09-16T16:34:51.143+0000] {dag.py:4156} INFO - Setting next_dagrun for tutorial_dag to None, run_after=None
[2024-09-16T16:34:51.159+0000] {processor.py:208} INFO - Processing /home/airflow/.local/lib/python3.12/site-packages/airflow/example_dags/tutorial_dag.py took 0.059 seconds
[2024-09-16T16:35:21.613+0000] {processor.py:186} INFO - Started process (PID=714) to work on /home/airflow/.local/lib/python3.12/site-packages/airflow/example_dags/tutorial_dag.py
[2024-09-16T16:35:21.614+0000] {processor.py:914} INFO - Processing file /home/airflow/.local/lib/python3.12/site-packages/airflow/example_dags/tutorial_dag.py for tasks to queue
[2024-09-16T16:35:21.617+0000] {logging_mixin.py:190} INFO - [2024-09-16T16:35:21.616+0000] {dagbag.py:587} INFO - Filling up the DagBag from /home/airflow/.local/lib/python3.12/site-packages/airflow/example_dags/tutorial_dag.py
[2024-09-16T16:35:21.623+0000] {processor.py:925} INFO - DAG(s) 'tutorial_dag' retrieved from /home/airflow/.local/lib/python3.12/site-packages/airflow/example_dags/tutorial_dag.py
[2024-09-16T16:35:21.641+0000] {logging_mixin.py:190} INFO - [2024-09-16T16:35:21.641+0000] {dag.py:3229} INFO - Sync 1 DAGs
[2024-09-16T16:35:21.652+0000] {logging_mixin.py:190} INFO - [2024-09-16T16:35:21.652+0000] {dag.py:4156} INFO - Setting next_dagrun for tutorial_dag to None, run_after=None
[2024-09-16T16:35:21.669+0000] {processor.py:208} INFO - Processing /home/airflow/.local/lib/python3.12/site-packages/airflow/example_dags/tutorial_dag.py took 0.060 seconds
[2024-09-16T16:35:52.187+0000] {processor.py:186} INFO - Started process (PID=776) to work on /home/airflow/.local/lib/python3.12/site-packages/airflow/example_dags/tutorial_dag.py
[2024-09-16T16:35:52.188+0000] {processor.py:914} INFO - Processing file /home/airflow/.local/lib/python3.12/site-packages/airflow/example_dags/tutorial_dag.py for tasks to queue
[2024-09-16T16:35:52.192+0000] {logging_mixin.py:190} INFO - [2024-09-16T16:35:52.191+0000] {dagbag.py:587} INFO - Filling up the DagBag from /home/airflow/.local/lib/python3.12/site-packages/airflow/example_dags/tutorial_dag.py
[2024-09-16T16:35:52.206+0000] {processor.py:925} INFO - DAG(s) 'tutorial_dag' retrieved from /home/airflow/.local/lib/python3.12/site-packages/airflow/example_dags/tutorial_dag.py
[2024-09-16T16:35:52.245+0000] {logging_mixin.py:190} INFO - [2024-09-16T16:35:52.244+0000] {dag.py:3229} INFO - Sync 1 DAGs
[2024-09-16T16:35:52.273+0000] {logging_mixin.py:190} INFO - [2024-09-16T16:35:52.273+0000] {dag.py:4156} INFO - Setting next_dagrun for tutorial_dag to None, run_after=None
[2024-09-16T16:35:52.316+0000] {processor.py:208} INFO - Processing /home/airflow/.local/lib/python3.12/site-packages/airflow/example_dags/tutorial_dag.py took 0.135 seconds
[2024-09-16T16:36:22.789+0000] {processor.py:186} INFO - Started process (PID=838) to work on /home/airflow/.local/lib/python3.12/site-packages/airflow/example_dags/tutorial_dag.py
[2024-09-16T16:36:22.791+0000] {processor.py:914} INFO - Processing file /home/airflow/.local/lib/python3.12/site-packages/airflow/example_dags/tutorial_dag.py for tasks to queue
[2024-09-16T16:36:22.794+0000] {logging_mixin.py:190} INFO - [2024-09-16T16:36:22.793+0000] {dagbag.py:587} INFO - Filling up the DagBag from /home/airflow/.local/lib/python3.12/site-packages/airflow/example_dags/tutorial_dag.py
[2024-09-16T16:36:22.804+0000] {processor.py:925} INFO - DAG(s) 'tutorial_dag' retrieved from /home/airflow/.local/lib/python3.12/site-packages/airflow/example_dags/tutorial_dag.py
[2024-09-16T16:36:22.830+0000] {logging_mixin.py:190} INFO - [2024-09-16T16:36:22.830+0000] {dag.py:3229} INFO - Sync 1 DAGs
[2024-09-16T16:36:22.847+0000] {logging_mixin.py:190} INFO - [2024-09-16T16:36:22.847+0000] {dag.py:4156} INFO - Setting next_dagrun for tutorial_dag to None, run_after=None
[2024-09-16T16:36:22.874+0000] {processor.py:208} INFO - Processing /home/airflow/.local/lib/python3.12/site-packages/airflow/example_dags/tutorial_dag.py took 0.092 seconds
[2024-09-16T16:36:53.584+0000] {processor.py:186} INFO - Started process (PID=900) to work on /home/airflow/.local/lib/python3.12/site-packages/airflow/example_dags/tutorial_dag.py
[2024-09-16T16:36:53.585+0000] {processor.py:914} INFO - Processing file /home/airflow/.local/lib/python3.12/site-packages/airflow/example_dags/tutorial_dag.py for tasks to queue
[2024-09-16T16:36:53.587+0000] {logging_mixin.py:190} INFO - [2024-09-16T16:36:53.587+0000] {dagbag.py:587} INFO - Filling up the DagBag from /home/airflow/.local/lib/python3.12/site-packages/airflow/example_dags/tutorial_dag.py
[2024-09-16T16:36:53.592+0000] {processor.py:925} INFO - DAG(s) 'tutorial_dag' retrieved from /home/airflow/.local/lib/python3.12/site-packages/airflow/example_dags/tutorial_dag.py
[2024-09-16T16:36:53.610+0000] {logging_mixin.py:190} INFO - [2024-09-16T16:36:53.610+0000] {dag.py:3229} INFO - Sync 1 DAGs
[2024-09-16T16:36:53.625+0000] {logging_mixin.py:190} INFO - [2024-09-16T16:36:53.624+0000] {dag.py:4156} INFO - Setting next_dagrun for tutorial_dag to None, run_after=None
[2024-09-16T16:36:53.640+0000] {processor.py:208} INFO - Processing /home/airflow/.local/lib/python3.12/site-packages/airflow/example_dags/tutorial_dag.py took 0.061 seconds
[2024-09-16T16:37:24.044+0000] {processor.py:186} INFO - Started process (PID=962) to work on /home/airflow/.local/lib/python3.12/site-packages/airflow/example_dags/tutorial_dag.py
[2024-09-16T16:37:24.045+0000] {processor.py:914} INFO - Processing file /home/airflow/.local/lib/python3.12/site-packages/airflow/example_dags/tutorial_dag.py for tasks to queue
[2024-09-16T16:37:24.048+0000] {logging_mixin.py:190} INFO - [2024-09-16T16:37:24.047+0000] {dagbag.py:587} INFO - Filling up the DagBag from /home/airflow/.local/lib/python3.12/site-packages/airflow/example_dags/tutorial_dag.py
[2024-09-16T16:37:24.053+0000] {processor.py:925} INFO - DAG(s) 'tutorial_dag' retrieved from /home/airflow/.local/lib/python3.12/site-packages/airflow/example_dags/tutorial_dag.py
[2024-09-16T16:37:24.073+0000] {logging_mixin.py:190} INFO - [2024-09-16T16:37:24.073+0000] {dag.py:3229} INFO - Sync 1 DAGs
[2024-09-16T16:37:24.087+0000] {logging_mixin.py:190} INFO - [2024-09-16T16:37:24.087+0000] {dag.py:4156} INFO - Setting next_dagrun for tutorial_dag to None, run_after=None
[2024-09-16T16:37:24.109+0000] {processor.py:208} INFO - Processing /home/airflow/.local/lib/python3.12/site-packages/airflow/example_dags/tutorial_dag.py took 0.072 seconds
